09-MAY-2026,01296,21086766.54,0,21086766.54,1781532,0,0,0,0,0,0,2,0,0
09-MAY-2026,18H1,0,0,0,0,0,0,0,0,0,0,1,0,0
09-MAY-2026,DBS1023,0,0,0,0,0,0,0,0,0,0,1,0,0
09-MAY-2026,DBS7481,0,0,0,0,0,0,0,0,0,0,1,0,0
09-MAY-2026,DBS7545,766179.98,0,766179.98,62729,0,0,0,0,0,0,1,0,0
09-MAY-2026,DBS7754,0,0,0,0,0,0,0,0,0,0,1,0,0
09-MAY-2026,DBS8625,71622,0,71622,5968.5,0,0,0,0,0,0,1,0,0
09-MAY-2026,DCS1058,0,0,0,0,0,0,0,0,0,0,1,0,0
09-MAY-2026,DVJ3886,740038.11,0,740038.11,60725,0,0,0,0,0,0,1,0,0
09-MAY-2026,DVJ449,34350,0,34350,2862.5,0,0,0,0,0,0,1,0,0
09-MAY-2026,DVJ5298,0,0,0,0,0,0,0,0,0,0,1,0,0
09-MAY-2026,DVJ5830,1798122.91,0,1798122.91,146034,0,0,0,0,0,0,1,0,0
09-MAY-2026,DVJ6236,1125,0,1125,0,0,0,0,0,0,0,1,0,0
09-MAY-2026,DVJ6331,0,0,0,0,0,0,0,0,0,0,1,0,0
09-MAY-2026,DVJ7159,0,0,0,0,0,0,0,0,0,0,1,0,0
09-MAY-2026,DVJ7163,0,0,0,0,0,0,0,0,0,0,1,0,0
09-MAY-2026,DVJ7640,302292,0,302292,25191,0,0,0,0,0,0,1,0,0
09-MAY-2026,DVJ8361,0,0,0,0,0,0,0,0,0,0,1,0,0
09-MAY-2026,GSH15,0,0,0,0,0,0,0,0,0,0,1,0,0
09-MAY-2026,GSH16,0,0,0,0,0,0,0,0,0,0,1,0,0
09-MAY-2026,GSH28,0,0,0,0,0,0,0,0,0,0,1,0,0
09-MAY-2026,I11525,290088,0,290088,24174,0,0,0,0,0,0,1,0,0
09-MAY-2026,I11677,0,0,0,0,0,0,0,0,0,0,1,0,0
09-MAY-2026,I12142,41544,0,41544,3462,0,0,0,0,0,0,1,0,0
09-MAY-2026,I12270,99895.72,0,99895.72,8113,0,0,0,0,0,0,1,0,0
09-MAY-2026,I12994,0,0,0,0,0,0,0,0,0,0,1,0,0
09-MAY-2026,I13267,375780,0,375780,31315,0,0,0,0,0,0,1,0,0
09-MAY-2026,I13319,0,0,0,0,0,0,0,0,0,0,1,0,0
09-MAY-2026,I13547,0,0,0,0,0,0,0,0,0,0,1,0,0
09-MAY-2026,I6001,0,0,0,0,0,0,0,0,0,0,1,0,0
09-MAY-2026,RAG08,7390030.16,0,7390030.16,614045,0,0,0,0,0,0,1,0,0
09-MAY-2026,VIJ115,0,0,0,0,0,0,0,0,0,0,1,0,0
