09-MAY-2026,A12790,33588.00,0.00,33588.00,2799.00,C
09-MAY-2026,ESS0028,348684.00,0.00,348684.00,29057.00,C
09-MAY-2026,ESS0031,421206.00,0.00,421206.00,35100.50,C
09-MAY-2026,FBO0065,102288.00,0.00,102288.00,8524.00,C
09-MAY-2026,FBO1926,83951.91,0.00,83951.91,11323.00,C
09-MAY-2026,FBO2392,67176.00,0.00,67176.00,5598.00,C
09-MAY-2026,HEY115,199791.43,0.00,199791.43,16226.00,C
09-MAY-2026,J03680,0.00,0.00,0.00,3200.00,C
09-MAY-2026,J11011,33588.00,0.00,33588.00,2799.00,C
09-MAY-2026,J120440,3276690.00,0.00,3276690.00,273057.50,C
09-MAY-2026,J140549,8350.00,0.00,8350.00,0.00,C
09-MAY-2026,JDY0475,33082.04,0.00,33082.04,8722.00,C
09-MAY-2026,JDY0481,34350.00,0.00,34350.00,2862.50,C
09-MAY-2026,JDY0489,339810.00,0.00,339810.00,28317.50,C
09-MAY-2026,JDY0491,202410.00,0.00,202410.00,16867.50,C
09-MAY-2026,JLQ089,400932.00,0.00,400932.00,33411.00,C
09-MAY-2026,M04223,8798336.04,0.00,8798336.04,718823.00,C
09-MAY-2026,M11104,3028579.94,0.00,3028579.94,249116.00,C
09-MAY-2026,M41883,41544.00,0.00,41544.00,3462.00,C
09-MAY-2026,MND048,1364472.00,0.00,1364472.00,114006.00,C
09-MAY-2026,MWK109,202410.00,0.00,202410.00,16867.50,C
09-MAY-2026,NDU0012,82008.00,0.00,82008.00,6834.00,C
09-MAY-2026,NDU0407,76724.00,0.00,76724.00,6980.00,C
09-MAY-2026,NRH0563,0.00,0.00,0.00,8200.00,C
09-MAY-2026,OF001057,66498.00,0.00,66498.00,5541.50,C
09-MAY-2026,OF010260,249264.00,0.00,249264.00,20772.00,C
09-MAY-2026,RIS121,404820.00,0.00,404820.00,33735.00,C
09-MAY-2026,SPF0042,77434.00,0.00,77434.00,6173.00,C
09-MAY-2026,X05129,66498.00,0.00,66498.00,5541.50,C
09-MAY-2026,X173065,199494.00,0.00,199494.00,17044.50,C
09-MAY-2026,X189931,67176.00,0.00,67176.00,5598.00,C
09-MAY-2026,X476820,41004.00,0.00,41004.00,3417.00,C
09-MAY-2026,X500523,122025.00,0.00,122025.00,15283.00,C
09-MAY-2026,XBD0009,144144.00,0.00,144144.00,12012.00,C
