09-MAY-2026,101A009,4255872.00,0.00,4255872.00,354656.00,C
09-MAY-2026,101A048,10639680.00,0.00,10639680.00,886640.00,C
09-MAY-2026,101A260,1861944.00,0.00,1861944.00,155162.00,C
09-MAY-2026,101B351,214866.00,0.00,214866.00,17905.50,C
09-MAY-2026,101B659,3125406.00,0.00,3125406.00,260450.50,C
09-MAY-2026,101B731,133968.00,0.00,133968.00,11164.00,C
09-MAY-2026,101B909,199791.43,0.00,199791.43,16226.00,C
09-MAY-2026,101D350,1196964.00,0.00,1196964.00,99747.00,C
09-MAY-2026,101D450,672345.98,0.00,672345.98,54909.50,C
09-MAY-2026,101F035,1451520.00,0.00,1451520.00,181440.00,C
09-MAY-2026,101F083,119876354.21,-404450.00,119471904.21,15380930.45,C
09-MAY-2026,101F095,1604640.04,0.00,1604640.04,130757.00,C
09-MAY-2026,101J206,656620.50,0.00,656620.50,209475.50,C
09-MAY-2026,101R182,0.00,0.00,0.00,30000.00,C
09-MAY-2026,101S786,20888629.50,0.00,20888629.50,6186849.50,C
09-MAY-2026,101V017,72522.00,0.00,72522.00,6043.50,C
09-MAY-2026,101X408,199791.43,0.00,199791.43,16226.00,C
09-MAY-2026,101X494,664980.00,0.00,664980.00,55415.00,C
09-MAY-2026,102B030,1474506.00,0.00,1474506.00,122875.50,C
09-MAY-2026,102F004,555444.00,0.00,555444.00,46287.00,C
09-MAY-2026,102F012,2395885.43,0.00,2395885.43,198954.00,C
09-MAY-2026,102F013,2837754.00,0.00,2837754.00,236479.50,C
09-MAY-2026,102F037,1571208.00,0.00,1571208.00,214974.00,C
09-MAY-2026,102F061,12477210.00,0.00,12477210.00,1039767.50,C
09-MAY-2026,102F090,269880.00,0.00,269880.00,22490.00,C
09-MAY-2026,102P004,944580.00,0.00,944580.00,78715.00,C
09-MAY-2026,102P005,1270781.96,0.00,1270781.96,103380.00,C
09-MAY-2026,102R003,10703318.70,0.00,10703318.70,939526.50,C
09-MAY-2026,102R999,3345240.00,0.00,3345240.00,278770.00,C
09-MAY-2026,102S001,1329960.00,0.00,1329960.00,113230.00,C
09-MAY-2026,102S005,934860.00,0.00,934860.00,77905.00,C
09-MAY-2026,103M182,408510.00,0.00,408510.00,34042.50,C
09-MAY-2026,103R002,67470.00,0.00,67470.00,5622.50,C
09-MAY-2026,103S070,2058594.00,0.00,2058594.00,656734.00,C
09-MAY-2026,103T026,882162.00,0.00,882162.00,73513.50,C
09-MAY-2026,121B005,3979452.00,0.00,3979452.00,331621.00,C
09-MAY-2026,121B129,1913776.59,0.00,1913776.59,263342.50,C
09-MAY-2026,126S152,144144.00,0.00,144144.00,12012.00,C
09-MAY-2026,134V005,33588.00,0.00,33588.00,2799.00,C
09-MAY-2026,147A005,551646.00,0.00,551646.00,45970.50,C
09-MAY-2026,147A027,205518.00,0.00,205518.00,17126.50,C
09-MAY-2026,151H004,133674.00,0.00,133674.00,11139.50,C
09-MAY-2026,175D036,132996.00,0.00,132996.00,11083.00,C
09-MAY-2026,199F082,3006720.00,0.00,3006720.00,375840.00,C
09-MAY-2026,201F001,16319430.00,0.00,16319430.00,1417732.50,C
09-MAY-2026,202C027,961800.00,0.00,961800.00,80150.00,C
09-MAY-2026,202C054,137400.00,0.00,137400.00,19823.08,C
09-MAY-2026,202D008,1013286.00,0.00,1013286.00,84440.50,C
09-MAY-2026,202J027,467430.00,0.00,467430.00,38952.50,C
09-MAY-2026,202M008,2922879.77,0.00,2922879.77,278737.00,C
09-MAY-2026,202S015,1015260.00,0.00,1015260.00,84605.00,C
09-MAY-2026,207L111,137400.00,0.00,137400.00,11450.00,C
09-MAY-2026,207P003,1112160.00,0.00,1112160.00,92680.00,C
09-MAY-2026,207R004,343500.00,0.00,343500.00,28625.00,C
09-MAY-2026,209B007,6137604.00,0.00,6137604.00,569882.50,C
09-MAY-2026,209D005,6270463.83,0.00,6270463.83,1039578.50,C
09-MAY-2026,209G421,3225655.88,0.00,3225655.88,261865.50,C
09-MAY-2026,251L031,1198908.00,0.00,1198908.00,99909.00,C
09-MAY-2026,251L032,2902650.00,0.00,2902650.00,241887.50,C
09-MAY-2026,251L036,932916.00,0.00,932916.00,77743.00,C
09-MAY-2026,251L037,797976.00,0.00,797976.00,66498.00,C
09-MAY-2026,251L038,797976.00,0.00,797976.00,66498.00,C
09-MAY-2026,252M077,170520.00,0.00,170520.00,26860.00,C
09-MAY-2026,279G003,4837092.00,0.00,4837092.00,403091.00,C
09-MAY-2026,279G004,1581360.00,0.00,1581360.00,131780.00,C
09-MAY-2026,279J002,525760.00,0.00,525760.00,65720.00,C
09-MAY-2026,279J003,1190740.00,0.00,1190740.00,121135.00,C
09-MAY-2026,702P186,996587.97,0.00,996587.97,89470.00,C
