09-MAY-2026,PRO_00021,36456681.97,-4839625.00,31617056.97,3271368.58,P
09-MAY-2026,AP34,3440970.00,0.00,3440970.00,286747.50,C
09-MAY-2026,CAD3764,25127939.84,0.00,25127939.84,2084760.50,C
09-MAY-2026,CAD3785,2197705.78,0.00,2197705.78,178486.00,C
09-MAY-2026,CAD3920,998957.17,0.00,998957.17,431980.00,C
09-MAY-2026,CI30202,99895.72,0.00,99895.72,8113.00,C
09-MAY-2026,CT60142,134940.00,0.00,134940.00,11245.00,C
09-MAY-2026,CT60242,77434.00,0.00,77434.00,6173.00,C
09-MAY-2026,CT60256,1250678.59,0.00,1250678.59,103165.00,C
09-MAY-2026,DER502,0.00,0.00,0.00,5900.00,C
09-MAY-2026,DT13797,173055.00,0.00,173055.00,18591.50,C
09-MAY-2026,DWL0017,123552.00,0.00,123552.00,10296.00,C
09-MAY-2026,EIE0049,67470.00,0.00,67470.00,9522.50,C
09-MAY-2026,EIE0177,134940.00,0.00,134940.00,11245.00,C
09-MAY-2026,EIE0292,2516430.00,0.00,2516430.00,257252.50,C
09-MAY-2026,EIE0296,5270184.00,0.00,5270184.00,456090.00,C
09-MAY-2026,EIE0378,3566575.99,0.00,3566575.99,444637.00,C
09-MAY-2026,EWA0449,100764.00,0.00,100764.00,8397.00,C
09-MAY-2026,EWI0163,16706052.00,0.00,16706052.00,1392171.00,C
09-MAY-2026,EZ90135,33588.00,0.00,33588.00,2799.00,C
09-MAY-2026,EZ90352,857212.88,0.00,857212.88,80566.00,C
09-MAY-2026,FFM0272,552048.00,0.00,552048.00,82206.00,C
09-MAY-2026,FFM0821,420608.00,0.00,420608.00,52576.00,C
09-MAY-2026,FFM0822,578336.00,0.00,578336.00,72292.00,C
09-MAY-2026,FFM0851,149184.00,0.00,149184.00,12432.00,C
09-MAY-2026,GB56069,77434.00,0.00,77434.00,6173.00,C
09-MAY-2026,GB57874,118438.00,0.00,118438.00,35470.00,C
09-MAY-2026,GN30003,41544.00,0.00,41544.00,3462.00,C
09-MAY-2026,GN30048,163748.00,0.00,163748.00,12604.00,C
09-MAY-2026,GN30055,122744.00,0.00,122744.00,9187.00,C
09-MAY-2026,GO50002,286488.00,0.00,286488.00,23874.00,C
09-MAY-2026,GO50003,429732.00,0.00,429732.00,35811.00,C
09-MAY-2026,GO50059,71622.00,0.00,71622.00,5968.50,C
09-MAY-2026,GO50130,164016.00,0.00,164016.00,13668.00,C
09-MAY-2026,GO50153,210642.00,0.00,210642.00,17553.50,C
09-MAY-2026,GO50202,102288.00,0.00,102288.00,9574.00,C
09-MAY-2026,HAP0040,97696.13,0.00,97696.13,8036.00,C
09-MAY-2026,HD10042,72522.00,0.00,72522.00,6043.50,C
09-MAY-2026,HKV0021,359508.00,0.00,359508.00,29959.00,C
09-MAY-2026,HN40007,713538.00,0.00,713538.00,69319.50,C
09-MAY-2026,HN40008,303576.00,0.00,303576.00,25298.00,C
09-MAY-2026,HN40009,303576.00,0.00,303576.00,25298.00,C
09-MAY-2026,HN40010,162046.00,0.00,162046.00,15694.50,C
09-MAY-2026,HN40011,26288.00,0.00,26288.00,3286.00,C
09-MAY-2026,HN40014,0.00,0.00,0.00,18300.00,C
09-MAY-2026,HN40015,34350.00,0.00,34350.00,2862.50,C
09-MAY-2026,HN40017,103050.00,0.00,103050.00,16537.50,C
09-MAY-2026,HPO2676,37404.00,0.00,37404.00,3417.00,C
09-MAY-2026,HQA0780,111125.00,0.00,111125.00,14185.50,C
09-MAY-2026,HQA2586,2930883.81,0.00,2930883.81,241080.00,C
09-MAY-2026,HQA3114,976961.27,0.00,976961.27,80360.00,C
09-MAY-2026,HQM0116,799165.74,0.00,799165.74,64904.00,C
09-MAY-2026,HT10611,539723.97,0.00,539723.97,43298.00,C
09-MAY-2026,HT10910,211108.00,0.00,211108.00,27379.17,C
09-MAY-2026,HYD2616,42156.00,0.00,42156.00,3513.00,C
09-MAY-2026,IUD0004,1054900.00,0.00,1054900.00,80150.00,C
09-MAY-2026,IUD0011,1268175.00,0.00,1268175.00,97325.00,C
09-MAY-2026,J504,52019808.25,-625.00,52019183.25,4334493.50,C
09-MAY-2026,JHX1543,71622.00,0.00,71622.00,5968.50,C
09-MAY-2026,JHX2981,664980.00,0.00,664980.00,55415.00,C
09-MAY-2026,JRI0025,42156.00,0.00,42156.00,3513.00,C
09-MAY-2026,JU93839,72522.00,0.00,72522.00,6043.50,C
09-MAY-2026,JY34,3705990.00,0.00,3705990.00,308832.50,C
09-MAY-2026,KAH0988,855312.00,0.00,855312.00,71276.00,C
09-MAY-2026,KAH1252,709024.00,0.00,709024.00,58805.50,C
09-MAY-2026,KQJ0111,1165528.00,0.00,1165528.00,109018.00,C
09-MAY-2026,LHH1917,138120.00,0.00,138120.00,11510.00,C
09-MAY-2026,LID0666,49034476.40,0.00,49034476.40,4591250.50,C
09-MAY-2026,LWE0122,67176.00,0.00,67176.00,5598.00,C
09-MAY-2026,MHV47,134352.00,0.00,134352.00,11196.00,C
09-MAY-2026,MZD0007,406452.00,0.00,406452.00,44763.00,C
09-MAY-2026,NNN3511,7958400.55,0.00,7958400.55,664980.00,C
09-MAY-2026,NNN3711,8448647.07,0.00,8448647.07,795968.10,C
09-MAY-2026,NNN3855,132996.00,0.00,132996.00,11083.00,C
09-MAY-2026,NNN4286,1144280.00,0.00,1144280.00,143995.00,C
09-MAY-2026,NPK0183,217566.00,0.00,217566.00,18130.50,C
09-MAY-2026,NTS01,3582690.00,0.00,3582690.00,306898.00,C
09-MAY-2026,OFG6271,429732.00,0.00,429732.00,44811.00,C
09-MAY-2026,OFG6831,204618.00,0.00,204618.00,17051.50,C
09-MAY-2026,ONA0059,1790500.00,0.00,1790500.00,128812.50,C
09-MAY-2026,OPA0245,523471.99,0.00,523471.99,43063.00,C
09-MAY-2026,OWO0013,5677584.00,0.00,5677584.00,473132.00,C
09-MAY-2026,P075,6606788.00,0.00,6606788.00,561519.00,C
09-MAY-2026,QGU0395,41544.00,0.00,41544.00,3462.00,C
09-MAY-2026,RNN0621,166788.00,0.00,166788.00,13899.00,C
09-MAY-2026,RQQ1050,75120.00,0.00,75120.00,17960.00,C
09-MAY-2026,SAT0056,206100.00,0.00,206100.00,17175.00,C
09-MAY-2026,SAT0295,100764.00,0.00,100764.00,8397.00,C
09-MAY-2026,SBM0343,150240.00,0.00,150240.00,14453.33,C
09-MAY-2026,SXF0075,77434.00,0.00,77434.00,6173.00,C
09-MAY-2026,SXF0081,145044.00,0.00,145044.00,12087.00,C
09-MAY-2026,SXF0099,75120.00,0.00,75120.00,6260.00,C
09-MAY-2026,SXX0066,235704.00,0.00,235704.00,25942.00,C
09-MAY-2026,THA0225,299687.15,0.00,299687.15,34839.00,C
09-MAY-2026,THD0007,132996.00,0.00,132996.00,11083.00,C
09-MAY-2026,UIM0488,71622.00,0.00,71622.00,5968.50,C
09-MAY-2026,UKK0023,499478.59,0.00,499478.59,53315.00,C
09-MAY-2026,VBB0033,67470.00,0.00,67470.00,5622.50,C
09-MAY-2026,VLC0035,4705950.00,0.00,4705950.00,392162.50,C
09-MAY-2026,VOS0324,202410.00,0.00,202410.00,23567.50,C
09-MAY-2026,WJK0384,877110.00,0.00,877110.00,74492.50,C
09-MAY-2026,WMA0015,8844234.00,0.00,8844234.00,737019.50,C
09-MAY-2026,WNP1110,1547766.00,0.00,1547766.00,128980.50,C
09-MAY-2026,WNP1146,585942.00,500.00,586442.00,48828.50,C
09-MAY-2026,XAA1130,1122804.00,0.00,1122804.00,93567.00,C
09-MAY-2026,YPZ0546,195392.25,0.00,195392.25,16072.00,C
09-MAY-2026,ZCV0068,295287.97,0.00,295287.97,24185.00,C
09-MAY-2026,ZCV0288,167556.00,0.00,167556.00,13963.00,C
09-MAY-2026,ZJB0003,694954.13,0.00,694954.13,58265.83,C
09-MAY-2026,ZJB0006,1004736.38,0.00,1004736.38,83412.00,C
