09-MAY-2026,00376,6720250,0,6720250,816938.5,0,0,0,0,0,0,2,0,0
09-MAY-2026,A03606,2566080,0,2566080,213840,0,0,22860,0,0,0,1,0,0
09-MAY-2026,BUL001,0,0,0,0,0,0,0,0,0,0,1,0,0
09-MAY-2026,DFS10816,145044,0,145044,12087,0,0,0,0,0,0,1,0,0
09-MAY-2026,DLY001,0,0,0,0,0,0,0,0,0,0,1,0,0
09-MAY-2026,E201,5262660,0,5262660,438555,0,0,0,0,0,0,1,0,0
09-MAY-2026,H1918,4198657.76,0,4198657.76,346713.5,0,0,0,0,0,0,1,0,0
09-MAY-2026,I170,77434,0,77434,6173,0,0,0,0,0,0,1,0,0
09-MAY-2026,JPL003,154710,0,154710,12892.5,0,0,0,0,0,0,1,0,0
09-MAY-2026,M1588,6739379.79,0,6739379.79,613228.5,0,0,22860,0,0,0,1,0,0
09-MAY-2026,MHM090,0,0,0,0,0,0,0,0,0,0,1,0,0
09-MAY-2026,N0323,73692,0,73692,6141,0,0,0,0,0,0,1,0,0
09-MAY-2026,NK002,1730460,0,1730460,144205,0,0,0,0,0,0,1,0,0
09-MAY-2026,P344,432594,0,432594,44341.5,0,0,0,0,0,0,1,0,0
09-MAY-2026,PVT001,34350,0,34350,2862.5,0,0,0,0,0,0,1,0,0
09-MAY-2026,PVT008,0,0,0,0,0,0,0,0,0,0,1,0,0
09-MAY-2026,R04735,72522,0,72522,6043.5,0,0,0,0,0,0,1,0,0
09-MAY-2026,R09386,608535.97,0,608535.97,48752.5,0,0,0,0,0,0,1,0,0
09-MAY-2026,RD9090,0,0,0,0,0,0,0,0,0,0,1,0,0
09-MAY-2026,S2200,127814,0,127814,11746.5,0,0,0,0,0,0,1,0,0
09-MAY-2026,S25826,1161509.93,0,1161509.93,92595,0,0,0,0,0,0,1,0,0
09-MAY-2026,SWN018,34350,0,34350,2862.5,0,0,0,0,0,0,1,0,0
09-MAY-2026,UNJA080,10057468.17,0,10057468.17,886872.5,0,0,0,0,0,0,1,0,0
09-MAY-2026,VBG082,0,0,0,0,0,0,0,0,0,0,1,0,0
