09-MAY-2026,2013,150240.00,0.00,150240.00,12520.00,C
09-MAY-2026,3028,293088.38,0.00,293088.38,24108.00,C
09-MAY-2026,3068,4479174.00,0.00,4479174.00,446024.50,C
09-MAY-2026,31001,5506204.60,0.00,5506204.60,794211.41,C
09-MAY-2026,3161,70986.00,0.00,70986.00,22646.00,C
09-MAY-2026,32360,72522.00,0.00,72522.00,16093.50,C
09-MAY-2026,3241,34350.00,0.00,34350.00,2862.50,C
09-MAY-2026,3312,150240.00,0.00,150240.00,12520.00,C
09-MAY-2026,3482,3678524.50,0.00,3678524.50,472829.50,C
09-MAY-2026,3505,14362616.10,0.00,14362616.10,1176721.00,C
09-MAY-2026,4232,3645843.43,0.00,3645843.43,453975.11,C
09-MAY-2026,4238,12083849.22,0.00,12083849.22,1390238.50,C
09-MAY-2026,4302,813884.00,0.00,813884.00,92204.33,C
09-MAY-2026,4591,731096.00,0.00,731096.00,75131.00,C
09-MAY-2026,4739,1870416.00,0.00,1870416.00,155868.00,C
09-MAY-2026,4741,2454228.00,0.00,2454228.00,264999.00,C
09-MAY-2026,4760,463716.00,0.00,463716.00,38643.00,C
09-MAY-2026,4766,34350.00,0.00,34350.00,2862.50,C
09-MAY-2026,4770,293088.38,0.00,293088.38,24108.00,C
09-MAY-2026,5201,3779295.43,0.00,3779295.43,321090.00,C
09-MAY-2026,7161,395424.00,0.00,395424.00,68822.00,C
09-MAY-2026,7260,32749702.55,0.00,32749702.55,3685742.07,C
09-MAY-2026,7627,8517536.00,0.00,8517536.00,993070.00,C
09-MAY-2026,7693,1230120.00,0.00,1230120.00,102510.00,C
09-MAY-2026,7694,1645560.00,0.00,1645560.00,137130.00,C
