09-MAY-2026,AASH1433,144144.00,0.00,144144.00,12012.00,C
09-MAY-2026,AASH1799,26288.00,0.00,26288.00,3286.00,C
09-MAY-2026,AASH1904,71622.00,0.00,71622.00,5968.50,C
09-MAY-2026,ABQR127,901440.00,0.00,901440.00,167920.00,C
09-MAY-2026,AGG1271,71622.00,0.00,71622.00,5968.50,C
09-MAY-2026,AJMY953,133968.00,0.00,133968.00,11164.00,C
09-MAY-2026,AMDNJ1205,287388.00,0.00,287388.00,23949.00,C
09-MAY-2026,AMTL1201,319729.00,0.00,319729.00,26317.00,C
09-MAY-2026,ANIL1978,165096.00,0.00,165096.00,13758.00,C
09-MAY-2026,ANRC0787,34350.00,0.00,34350.00,2862.50,C
09-MAY-2026,APSJ1271,504648.00,0.00,504648.00,42054.00,C
09-MAY-2026,ARMA1802,41544.00,0.00,41544.00,3462.00,C
09-MAY-2026,ASEEM9,2940354.00,0.00,2940354.00,255829.50,C
09-MAY-2026,AUAA1481,67176.00,0.00,67176.00,5598.00,C
09-MAY-2026,AUSF150041,123552.00,0.00,123552.00,10296.00,C
09-MAY-2026,AUSF186567,68700.00,0.00,68700.00,5725.00,C
09-MAY-2026,AUSF84788,100764.00,0.00,100764.00,8397.00,C
09-MAY-2026,AYFC1240,369468.00,0.00,369468.00,30789.00,C
09-MAY-2026,AZMG1201,1821391.96,0.00,1821391.96,152944.00,C
09-MAY-2026,BBSL1305,306690.00,0.00,306690.00,25557.50,C
09-MAY-2026,BBSL2036,134940.00,0.00,134940.00,11245.00,C
09-MAY-2026,BBSL2416,2370150.00,0.00,2370150.00,197512.50,C
09-MAY-2026,BBSL5599,441216.00,0.00,441216.00,36768.00,C
09-MAY-2026,BHIN1440,68700.00,0.00,68700.00,5725.00,C
09-MAY-2026,BRSC538,34668.00,0.00,34668.00,8667.00,C
09-MAY-2026,BW5769,83700.00,0.00,83700.00,6975.00,C
09-MAY-2026,BWDJ1388,601186.00,0.00,601186.00,49819.00,C
09-MAY-2026,BWDJ1506,171708.00,0.00,171708.00,14309.00,C
09-MAY-2026,BWKS120160,217566.00,0.00,217566.00,31630.50,C
09-MAY-2026,CAPG012,71622.00,0.00,71622.00,5968.50,C
09-MAY-2026,CATR039,337350.00,0.00,337350.00,28112.50,C
09-MAY-2026,CATR040,337350.00,0.00,337350.00,28112.50,C
09-MAY-2026,CAVP520,71622.00,0.00,71622.00,5968.50,C
09-MAY-2026,CNH100,399582.87,0.00,399582.87,32452.00,C
09-MAY-2026,CP1001,214866.00,0.00,214866.00,17905.50,C
09-MAY-2026,CP1012,71622.00,0.00,71622.00,5968.50,C
09-MAY-2026,CP7002,143244.00,0.00,143244.00,11937.00,C
09-MAY-2026,CPTR2113,337056.00,0.00,337056.00,28088.00,C
09-MAY-2026,CPTRGS12,67176.00,0.00,67176.00,5598.00,C
09-MAY-2026,CPTRMA71,2428920.00,0.00,2428920.00,202410.00,C
09-MAY-2026,CPTRMCH3,134940.00,0.00,134940.00,11245.00,C
09-MAY-2026,CPTRMG24,2496390.00,0.00,2496390.00,208032.50,C
09-MAY-2026,CPTRMK10,603342.00,0.00,603342.00,80178.50,C
09-MAY-2026,CPTRPR14,1416870.00,0.00,1416870.00,118072.50,C
09-MAY-2026,CPTRSGH10,134940.00,0.00,134940.00,11245.00,C
09-MAY-2026,CPTRSK194,6814470.00,0.00,6814470.00,567872.50,C
09-MAY-2026,CPTRSN6,1956630.00,0.00,1956630.00,163052.50,C
09-MAY-2026,DELD947,67470.00,0.00,67470.00,5622.50,C
09-MAY-2026,DIRJ0550,472518.00,0.00,472518.00,39376.50,C
09-MAY-2026,DLBN1209,0.00,0.00,0.00,5200.00,C
09-MAY-2026,DLQA1212,33588.00,0.00,33588.00,2799.00,C
09-MAY-2026,DLSO1269,575676.00,0.00,575676.00,47973.00,C
09-MAY-2026,DPHS0115,411555.98,0.00,411555.98,33177.00,C
09-MAY-2026,DPHS0121,232301.99,0.00,232301.99,18519.00,C
09-MAY-2026,DPHS0126,309735.98,0.00,309735.98,24692.00,C
09-MAY-2026,DPHS0127,77434.00,0.00,77434.00,6173.00,C
09-MAY-2026,DPHS0130,256687.99,0.00,256687.99,20831.00,C
09-MAY-2026,DPHS0131,454639.98,0.00,454639.98,36487.50,C
09-MAY-2026,DPHS0159,934895.96,0.00,934895.96,75389.50,C
09-MAY-2026,DPHS1201,2731449.88,0.00,2731449.88,220625.00,C
09-MAY-2026,DPHS1206,1465309.93,0.00,1465309.93,118191.50,C
09-MAY-2026,DPHS1208,1100281.96,0.00,1100281.96,89451.50,C
09-MAY-2026,DPHS1209,301001.99,0.00,301001.99,24244.00,C
09-MAY-2026,DPHS1210,375600.00,0.00,375600.00,31300.00,C
09-MAY-2026,DPHS1211,445905.98,0.00,445905.98,36039.50,C
09-MAY-2026,DPHS1213,152554.00,0.00,152554.00,12433.00,C
09-MAY-2026,DPHS1220,1157233.95,0.00,1157233.95,93358.00,C
09-MAY-2026,DPHS1221,266651.99,0.00,266651.99,21381.50,C
09-MAY-2026,DPHS1222,635123.97,0.00,635123.97,51248.00,C
09-MAY-2026,DPHS1223,260839.99,0.00,260839.99,21177.00,C
09-MAY-2026,DPHS1225,788761.96,0.00,788761.96,63491.50,C
09-MAY-2026,DPHS1227,575625.97,0.00,575625.97,46010.00,C
09-MAY-2026,DPHS1228,77434.00,0.00,77434.00,6173.00,C
09-MAY-2026,DPHS1232,851649.97,0.00,851649.97,69012.00,C
09-MAY-2026,DPHS1237,75120.00,0.00,75120.00,6260.00,C
09-MAY-2026,DPHS1238,154867.99,0.00,154867.99,12346.00,C
09-MAY-2026,DPHS1241,266651.99,0.00,266651.99,21381.50,C
09-MAY-2026,DPHS1247,75120.00,0.00,75120.00,6260.00,C
09-MAY-2026,DPHS1250,77434.00,0.00,77434.00,6173.00,C
09-MAY-2026,DPHS1254,77434.00,0.00,77434.00,6173.00,C
09-MAY-2026,DPHS1257,154867.99,0.00,154867.99,12346.00,C
09-MAY-2026,DPJJ1296,274614.00,0.00,274614.00,22884.50,C
09-MAY-2026,DSN0380,82008.00,0.00,82008.00,6834.00,C
09-MAY-2026,DSN0474,306324.00,0.00,306324.00,25527.00,C
09-MAY-2026,DSNT1501,75120.00,0.00,75120.00,6260.00,C
09-MAY-2026,DVYT0600,139560.00,0.00,139560.00,11630.00,C
09-MAY-2026,E191357,1050785.96,0.00,1050785.96,92247.00,C
09-MAY-2026,E195097,103050.00,0.00,103050.00,8587.50,C
09-MAY-2026,EAOP0577,287028.00,0.00,287028.00,23919.00,C
09-MAY-2026,EAOP4242,51840.00,0.00,51840.00,6480.00,C
09-MAY-2026,EAOP554362,881280.00,0.00,881280.00,110160.00,C
09-MAY-2026,EAOPE67380,134940.00,0.00,134940.00,13695.00,C
09-MAY-2026,EAOPE70764,83088.00,0.00,83088.00,6924.00,C
09-MAY-2026,EAOPE7430,309735.98,0.00,309735.98,24692.00,C
09-MAY-2026,EBOM074384,77434.00,0.00,77434.00,6173.00,C
09-MAY-2026,EBOM116932,1084075.93,0.00,1084075.93,86422.00,C
09-MAY-2026,EBOM226401,214866.00,0.00,214866.00,17905.50,C
09-MAY-2026,EBOM232550,34350.00,0.00,34350.00,2862.50,C
09-MAY-2026,EBOM290203,33588.00,0.00,33588.00,2799.00,C
09-MAY-2026,EBOM307101,539760.00,0.00,539760.00,44980.00,C
09-MAY-2026,EBOM321696,133968.00,0.00,133968.00,11164.00,C
09-MAY-2026,EBOM328310,97696.13,0.00,97696.13,8036.00,C
09-MAY-2026,EBOM379154,1028782.13,0.00,1028782.13,85626.50,C
09-MAY-2026,EBOM473597,450.00,0.00,450.00,0.00,C
09-MAY-2026,EBOM515664,528478.00,0.00,528478.00,43760.00,C
09-MAY-2026,EBOM596547,101526.00,0.00,101526.00,8460.50,C
09-MAY-2026,EBOM618050,472290.00,0.00,472290.00,39357.50,C
09-MAY-2026,EBOM683728,71622.00,0.00,71622.00,5968.50,C
09-MAY-2026,EBOM696247,225360.00,0.00,225360.00,22980.00,C
09-MAY-2026,EBOM729501,83088.00,0.00,83088.00,6924.00,C
09-MAY-2026,EBOM763350,67470.00,0.00,67470.00,5622.50,C
09-MAY-2026,EBOM791874,687000.00,0.00,687000.00,111900.00,C
09-MAY-2026,EBOM834634,1126800.00,0.00,1126800.00,93900.00,C
09-MAY-2026,EBOM849862,68700.00,0.00,68700.00,5725.00,C
09-MAY-2026,EHYD705635,67470.00,0.00,67470.00,9772.50,C
09-MAY-2026,EHYDE90387,97696.13,0.00,97696.13,8036.00,C
09-MAY-2026,ELTE1532,217566.00,0.00,217566.00,18130.50,C
09-MAY-2026,EMUM147019,0.00,0.00,0.00,8350.00,C
09-MAY-2026,EMUM389107,71622.00,0.00,71622.00,5968.50,C
09-MAY-2026,EMUM645935,72522.00,0.00,72522.00,6043.50,C
09-MAY-2026,EMUM728207,357130.46,0.00,357130.46,74511.00,C
09-MAY-2026,EMUM795107,71622.00,0.00,71622.00,5968.50,C
09-MAY-2026,EMUM893621,459975.98,0.00,459975.98,37212.00,C
09-MAY-2026,EMUM951717,201528.00,0.00,201528.00,16794.00,C
09-MAY-2026,ENU149,189976.00,0.00,189976.00,18022.00,C
09-MAY-2026,ETHN085751,1579284.00,0.00,1579284.00,131607.00,C
09-MAY-2026,ETHN181239,268704.00,0.00,268704.00,22392.00,C
09-MAY-2026,ETHN435522,41004.00,0.00,41004.00,3417.00,C
09-MAY-2026,ETHN653245,71622.00,0.00,71622.00,5968.50,C
09-MAY-2026,ETHN712845,602709.96,0.00,602709.96,48964.00,C
09-MAY-2026,ETHN730081,198791.48,0.00,198791.48,43472.00,C
09-MAY-2026,ETHN743632,42156.00,0.00,42156.00,3513.00,C
09-MAY-2026,ETHN816141,1277040.00,0.00,1277040.00,125370.00,C
09-MAY-2026,ETHN838902,236396.25,0.00,236396.25,19489.00,C
09-MAY-2026,EWFH875461,68700.00,0.00,68700.00,5725.00,C
09-MAY-2026,FBD400,72522.00,0.00,72522.00,6043.50,C
09-MAY-2026,GF1738,0.00,0.00,0.00,46300.00,C
09-MAY-2026,GFCA768,41544.00,0.00,41544.00,3462.00,C
09-MAY-2026,GFSJ010,296874.00,0.00,296874.00,24739.50,C
09-MAY-2026,GMTP1401,751200.00,0.00,751200.00,506200.00,C
09-MAY-2026,GOBT4477,293088.38,0.00,293088.38,24108.00,C
09-MAY-2026,H1519,293088.38,0.00,293088.38,24108.00,C
09-MAY-2026,H30002,30971478.00,0.00,30971478.00,2580956.50,C
09-MAY-2026,H30081,18226050.00,0.00,18226050.00,1518837.50,C
09-MAY-2026,H30102,8231340.00,0.00,8231340.00,685945.00,C
09-MAY-2026,H30109,6159840.00,0.00,6159840.00,513320.00,C
09-MAY-2026,H30120,21418500.00,0.00,21418500.00,1784875.00,C
09-MAY-2026,H30273,30168120.00,0.00,30168120.00,2514010.00,C
09-MAY-2026,H30410,9257293.43,0.00,9257293.43,754207.00,C
09-MAY-2026,H30424,13225848.00,0.00,13225848.00,1102154.00,C
09-MAY-2026,H30435,22366680.00,0.00,22366680.00,1863890.00,C
09-MAY-2026,H42755,1025955.98,0.00,1025955.98,84377.00,C
09-MAY-2026,HJTH176,293252.00,0.00,293252.00,25533.00,C
09-MAY-2026,HJTH279,225782.00,0.00,225782.00,19910.50,C
09-MAY-2026,HMPK1251,66498.00,0.00,66498.00,5541.50,C
09-MAY-2026,HPKS1022,0.00,0.00,0.00,22100.00,C
09-MAY-2026,INDA1561,138672.00,0.00,138672.00,34668.00,C
09-MAY-2026,INDA1570,446148.00,0.00,446148.00,111537.00,C
09-MAY-2026,INDA1983,277344.00,0.00,277344.00,69336.00,C
09-MAY-2026,INDA2083,208008.00,0.00,208008.00,52002.00,C
09-MAY-2026,JAKJ1331,72522.00,0.00,72522.00,6043.50,C
09-MAY-2026,JAKJ1375,143244.00,0.00,143244.00,11937.00,C
09-MAY-2026,JBL2301,785968.20,0.00,785968.20,64442.00,C
09-MAY-2026,JCF1295,33588.00,0.00,33588.00,2799.00,C
09-MAY-2026,JDC090,0.00,0.00,0.00,4050.00,C
09-MAY-2026,JDD607,809640.00,0.00,809640.00,67470.00,C
09-MAY-2026,JDJ1008,7979760.00,0.00,7979760.00,664980.00,C
09-MAY-2026,JDJ569,33588.00,0.00,33588.00,2799.00,C
09-MAY-2026,JDM172,1016834.25,0.00,1016834.25,84525.50,C
09-MAY-2026,JDS383,664980.00,0.00,664980.00,55415.00,C
09-MAY-2026,JDT165,132996.00,0.00,132996.00,11083.00,C
09-MAY-2026,JDYH176,99895.72,0.00,99895.72,8113.00,C
09-MAY-2026,JDYHJ01,3190968.00,0.00,3190968.00,265914.00,C
09-MAY-2026,JDYHL07,372721.97,0.00,372721.97,30358.00,C
09-MAY-2026,JDZHA03,11035356.00,0.00,11035356.00,919613.00,C
09-MAY-2026,JDZLG22,138798.00,0.00,138798.00,11566.50,C
09-MAY-2026,JDZMB114,2299032.00,0.00,2299032.00,199086.00,C
09-MAY-2026,JDZMB170,3191298.00,0.00,3191298.00,295941.50,C
09-MAY-2026,JDZMB52,752274.00,0.00,752274.00,77689.50,C
09-MAY-2026,JDZMB61,2209560.00,0.00,2209560.00,268130.00,C
09-MAY-2026,JDZMJ144,150240.00,0.00,150240.00,50920.00,C
09-MAY-2026,JDZMK57,711510.00,0.00,711510.00,75992.50,C
09-MAY-2026,JDZMU22,134940.00,0.00,134940.00,19245.00,C
09-MAY-2026,JDZSB99,143244.00,0.00,143244.00,11937.00,C
09-MAY-2026,JDZTP32,66498.00,0.00,66498.00,5541.50,C
09-MAY-2026,JMNT187,525840.00,0.00,525840.00,43820.00,C
09-MAY-2026,JVSF1277,1674161.65,0.00,1674161.65,138144.00,C
09-MAY-2026,JVSF1290,1095488.25,0.00,1095488.25,91080.00,C
09-MAY-2026,JVSF1291,671760.00,0.00,671760.00,55980.00,C
09-MAY-2026,JYST005,700953.97,0.00,700953.97,68146.50,C
09-MAY-2026,KETN0100,199791.43,0.00,199791.43,16226.00,C
09-MAY-2026,KINJAS004,0.00,0.00,0.00,6000.00,C
09-MAY-2026,KMPM0038,299687.15,0.00,299687.15,24339.00,C
09-MAY-2026,KNTP1279,465486.00,0.00,465486.00,38790.50,C
09-MAY-2026,KNTP2213,1063968.00,0.00,1063968.00,94764.00,C
09-MAY-2026,KPAG12136,134563.72,0.00,134563.72,16780.00,C
09-MAY-2026,KTKL1215,71622.00,0.00,71622.00,5968.50,C
09-MAY-2026,MACT0271,904050.87,0.00,904050.87,86047.00,C
09-MAY-2026,MAGP1301,75120.00,0.00,75120.00,6260.00,C
09-MAY-2026,MAHAVIR1,72522.00,0.00,72522.00,6043.50,C
09-MAY-2026,MCY91262,71622.00,0.00,71622.00,5968.50,C
09-MAY-2026,MCYU41116,290088.00,0.00,290088.00,24174.00,C
09-MAY-2026,MDJAP1211,67470.00,0.00,67470.00,5622.50,C
09-MAY-2026,MLW3606,658764.00,0.00,658764.00,54897.00,C
09-MAY-2026,MMGB1279,99895.72,0.00,99895.72,8113.00,C
09-MAY-2026,MMPLA33,214866.00,0.00,214866.00,17905.50,C
09-MAY-2026,MOHI1957,195392.25,0.00,195392.25,16072.00,C
09-MAY-2026,MONY1241,99895.72,0.00,99895.72,8113.00,C
09-MAY-2026,MRDG1201,144144.00,0.00,144144.00,12012.00,C
09-MAY-2026,MTJN1426,249264.00,0.00,249264.00,20772.00,C
09-MAY-2026,MVGN1203,71622.00,0.00,71622.00,5968.50,C
09-MAY-2026,NAGATA708,328032.00,0.00,328032.00,27336.00,C
09-MAY-2026,NESE43,71622.00,0.00,71622.00,5968.50,C
09-MAY-2026,NESH93,29661.20,0.00,29661.20,17175.00,C
09-MAY-2026,NESP1299,224176.00,0.00,224176.00,18401.50,C
09-MAY-2026,NESS0076,235704.00,0.00,235704.00,19642.00,C
09-MAY-2026,NHKM68956,122202.00,0.00,122202.00,20592.00,C
09-MAY-2026,NIPM1257,67470.00,0.00,67470.00,45922.50,C
09-MAY-2026,NISP1059,225360.00,0.00,225360.00,18780.00,C
09-MAY-2026,NJWL1467,66498.00,0.00,66498.00,5541.50,C
09-MAY-2026,NSIB25,166248.00,0.00,166248.00,13854.00,C
09-MAY-2026,OMAG1203,71622.00,0.00,71622.00,5968.50,C
09-MAY-2026,OMAH0832,166176.00,0.00,166176.00,13848.00,C
09-MAY-2026,OMAH0851,429732.00,0.00,429732.00,35811.00,C
09-MAY-2026,OMAH0901,369468.00,0.00,369468.00,30789.00,C
09-MAY-2026,OMAH0939,68700.00,0.00,68700.00,9525.00,C
09-MAY-2026,OMAH2105,134940.00,0.00,134940.00,11245.00,C
09-MAY-2026,OMAH9005,150240.00,0.00,150240.00,15970.00,C
09-MAY-2026,OMAHC0945,33588.00,0.00,33588.00,2799.00,C
09-MAY-2026,OMAHC1206,653160.00,0.00,653160.00,54430.00,C
09-MAY-2026,OMAHC1226,105152.00,0.00,105152.00,13144.00,C
09-MAY-2026,OMAHC1231,4788735.87,0.00,4788735.87,391878.00,C
09-MAY-2026,OMBA1374,66498.00,0.00,66498.00,5541.50,C
09-MAY-2026,OMBB2751,72522.00,0.00,72522.00,6043.50,C
09-MAY-2026,OMBB2824,71622.00,0.00,71622.00,5968.50,C
09-MAY-2026,OMGL0987,217566.00,0.00,217566.00,18130.50,C
09-MAY-2026,OMGL2104,504954.00,0.00,504954.00,42079.50,C
09-MAY-2026,OMGL2263,290088.00,0.00,290088.00,24174.00,C
09-MAY-2026,OMGL2312,99895.72,0.00,99895.72,8113.00,C
09-MAY-2026,OMGL2661,33588.00,0.00,33588.00,2799.00,C
09-MAY-2026,OMGL3029,144144.00,0.00,144144.00,12012.00,C
09-MAY-2026,OMGL3194,434232.00,0.00,434232.00,36186.00,C
09-MAY-2026,OMGL3202,72522.00,0.00,72522.00,6043.50,C
09-MAY-2026,OMID0038,227674.00,0.00,227674.00,18693.00,C
09-MAY-2026,OMID0788,411555.98,0.00,411555.98,33177.00,C
09-MAY-2026,OMID2089,145044.00,0.00,145044.00,12087.00,C
09-MAY-2026,OMID2834,576576.00,0.00,576576.00,77598.00,C
09-MAY-2026,OMID4123,225360.00,0.00,225360.00,18780.00,C
09-MAY-2026,OMID4248,547725.98,0.00,547725.98,44524.50,C
09-MAY-2026,OMID4434,605587.99,0.00,605587.99,49906.00,C
09-MAY-2026,OMID4442,3716831.77,0.00,3716831.77,296304.00,C
09-MAY-2026,OMID4543,610215.98,0.00,610215.98,49732.00,C
09-MAY-2026,OMID4625,75120.00,0.00,75120.00,6260.00,C
09-MAY-2026,OMIR1040,141618.00,0.00,141618.00,11801.50,C
09-MAY-2026,OMIR2789,60638.00,0.00,60638.00,7448.50,C
09-MAY-2026,OMKO0065,1048798.00,0.00,1048798.00,87120.00,C
09-MAY-2026,OMKO0107,279084.00,0.00,279084.00,23257.00,C
09-MAY-2026,OMKO0545,15328389.05,0.00,15328389.05,1283639.00,C
09-MAY-2026,OMKO0684,6967578.00,0.00,6967578.00,881411.50,C
09-MAY-2026,OMKO0885,559968.00,0.00,559968.00,46664.00,C
09-MAY-2026,OMKO1056,826320.00,0.00,826320.00,68860.00,C
09-MAY-2026,OMKO7777,793290.00,0.00,793290.00,84805.00,C
09-MAY-2026,OMPRB1228,41004.00,0.00,41004.00,3417.00,C
09-MAY-2026,OMRI0374,899061.46,0.00,899061.46,73017.00,C
09-MAY-2026,OMRJ0653,77434.00,0.00,77434.00,6173.00,C
09-MAY-2026,OMUR2827,67470.00,0.00,67470.00,5622.50,C
09-MAY-2026,OMVA1234,71622.00,0.00,71622.00,5968.50,C
09-MAY-2026,PBFV1218,332490.00,0.00,332490.00,27707.50,C
09-MAY-2026,PCG3407,143244.00,0.00,143244.00,13137.00,C
09-MAY-2026,PCG3830,307421.99,0.00,307421.99,24779.00,C
09-MAY-2026,PCG4150,704117.99,0.00,704117.99,57837.00,C
09-MAY-2026,PCG4523,2655088.00,0.00,2655088.00,331886.00,C
09-MAY-2026,PCG4810,143600.00,0.00,143600.00,11450.00,C
09-MAY-2026,PCG5350,1255614.00,0.00,1255614.00,104634.50,C
09-MAY-2026,PCG5390,0.00,0.00,0.00,4100.00,C
09-MAY-2026,PM13388,392984.10,0.00,392984.10,32221.00,C
09-MAY-2026,PRME1256,52576.00,0.00,52576.00,6572.00,C
09-MAY-2026,PRMM8264,532781.99,0.00,532781.99,43559.00,C
09-MAY-2026,PTMT1379,229320.00,0.00,229320.00,19110.00,C
09-MAY-2026,PXBGCDJ18,666336.00,0.00,666336.00,55528.00,C
09-MAY-2026,PXBGCDP81,97696.13,0.00,97696.13,11836.00,C
09-MAY-2026,PYDL1208,309150.00,0.00,309150.00,36562.50,C
09-MAY-2026,PYDL1213,134940.00,0.00,134940.00,11245.00,C
09-MAY-2026,PYDL1225,884489.97,0.00,884489.97,72028.50,C
09-MAY-2026,PYDL1228,427488.00,0.00,427488.00,35624.00,C
09-MAY-2026,PYDL1238,82008.00,0.00,82008.00,6834.00,C
09-MAY-2026,PZ995,690471.66,0.00,690471.66,56483.00,C
09-MAY-2026,QMM1136,71622.00,0.00,71622.00,5968.50,C
09-MAY-2026,QR0017,676920.00,0.00,676920.00,79270.00,C
09-MAY-2026,RAJDD3228,217566.00,0.00,217566.00,18130.50,C
09-MAY-2026,RAJDD3257,300480.00,0.00,300480.00,25040.00,C
09-MAY-2026,RAJDD3388,217566.00,0.00,217566.00,18130.50,C
09-MAY-2026,RAJDD3389,217566.00,0.00,217566.00,18130.50,C
09-MAY-2026,RAJJ886,71622.00,0.00,71622.00,5968.50,C
09-MAY-2026,RAJNN1268,41004.00,0.00,41004.00,3417.00,C
09-MAY-2026,RAJNN781,72522.00,0.00,72522.00,6043.50,C
09-MAY-2026,RAJUU688,75120.00,0.00,75120.00,6260.00,C
09-MAY-2026,RAJVV1905,41544.00,0.00,41544.00,3462.00,C
09-MAY-2026,RAJVV871,77434.00,0.00,77434.00,6173.00,C
09-MAY-2026,RAJXX547,67176.00,0.00,67176.00,5598.00,C
09-MAY-2026,RBAR2889,332490.00,0.00,332490.00,27707.50,C
09-MAY-2026,RCHAN1745,607230.00,0.00,607230.00,56502.50,C
09-MAY-2026,RCHAN2346,337350.00,0.00,337350.00,38012.50,C
09-MAY-2026,RCHAN2999,202410.00,0.00,202410.00,26167.50,C
09-MAY-2026,RETAI2843,215766.00,0.00,215766.00,17980.50,C
09-MAY-2026,REX1348,240450.00,0.00,240450.00,20037.50,C
09-MAY-2026,RG1771,246752.12,0.00,246752.12,20177.50,C
09-MAY-2026,RJEE12108,1696824.00,0.00,1696824.00,141402.00,C
09-MAY-2026,RJEE12393,494748.00,0.00,494748.00,41229.00,C
09-MAY-2026,RJEE1309,456984.00,0.00,456984.00,38082.00,C
09-MAY-2026,RKBI111,77434.00,0.00,77434.00,8873.00,C
09-MAY-2026,RKKR1201,33588.00,0.00,33588.00,2799.00,C
09-MAY-2026,RMALL6891,492048.00,0.00,492048.00,41004.00,C
09-MAY-2026,RMALL6895,492048.00,0.00,492048.00,41004.00,C
09-MAY-2026,RNNJ1019,577429.72,0.00,577429.72,50907.50,C
09-MAY-2026,RSH5419,77434.00,0.00,77434.00,6173.00,C
09-MAY-2026,RSH6060,0.00,0.00,0.00,26400.00,C
09-MAY-2026,RSHM8216,0.00,0.00,0.00,10500.00,C
09-MAY-2026,RTGG1255,195392.25,0.00,195392.25,16072.00,C
09-MAY-2026,S5498,214866.00,0.00,214866.00,17905.50,C
09-MAY-2026,SANS1261,147642.00,0.00,147642.00,12303.50,C
09-MAY-2026,SAP2024,1747293.92,0.00,1747293.92,141130.50,C
09-MAY-2026,SDFC1239,150240.00,0.00,150240.00,12520.00,C
09-MAY-2026,SEJA580,533408.25,0.00,533408.25,44240.00,C
09-MAY-2026,SGV1426,586176.76,0.00,586176.76,48216.00,C
09-MAY-2026,SHAR0527,1121250.00,0.00,1121250.00,93437.50,C
09-MAY-2026,SHAR1453,34350.00,0.00,34350.00,2862.50,C
09-MAY-2026,SJEN1201,0.00,0.00,0.00,2800.00,C
09-MAY-2026,SJEN1211,71622.00,0.00,71622.00,5968.50,C
09-MAY-2026,SJTPL16,143244.00,0.00,143244.00,11937.00,C
09-MAY-2026,SMNL1223,687000.00,0.00,687000.00,57250.00,C
09-MAY-2026,SMTJ006,565976.59,0.00,565976.59,46106.50,C
09-MAY-2026,SNATH1916,100764.00,0.00,100764.00,8397.00,C
09-MAY-2026,SOT0175,266964.00,0.00,266964.00,22247.00,C
09-MAY-2026,SOT0197,133968.00,0.00,133968.00,11164.00,C
09-MAY-2026,SPNJ1481,2163381.43,0.00,2163381.43,179858.50,C
09-MAY-2026,SRBS1235,77434.00,0.00,77434.00,6173.00,C
09-MAY-2026,SRJB1204,77434.00,0.00,77434.00,6173.00,C
09-MAY-2026,SSMFN029,83088.00,0.00,83088.00,6924.00,C
09-MAY-2026,VDC6599,143932.00,0.00,143932.00,11714.50,C
09-MAY-2026,VDC7177,332490.00,0.00,332490.00,27707.50,C
09-MAY-2026,VEDP0028,72522.00,0.00,72522.00,6043.50,C
09-MAY-2026,VLUD1231,0.00,0.00,0.00,4050.00,C
09-MAY-2026,VNKG1219,996383.94,0.00,996383.94,79674.00,C
09-MAY-2026,VNKG1343,929083.96,0.00,929083.96,75185.00,C
09-MAY-2026,VNYS2333,34350.00,0.00,34350.00,2862.50,C
09-MAY-2026,VRPR250,618300.00,0.00,618300.00,61275.00,C
09-MAY-2026,VRPR280,309150.00,0.00,309150.00,47012.50,C
09-MAY-2026,XMF52,216666.00,0.00,216666.00,18055.50,C
09-MAY-2026,XPA1038,72522.00,0.00,72522.00,6043.50,C
