09-MAY-2026,01283,0,0,0,0,0,0,0,0,0,0,2,0,0
09-MAY-2026,704023,2966502.51,0,2966502.51,241832,0,0,0,0,0,0,1,0,0
09-MAY-2026,704043,0,0,0,0,0,0,0,0,0,0,1,0,0
09-MAY-2026,7045009,199791.43,0,199791.43,16226,0,0,0,0,0,0,1,0,0
09-MAY-2026,999V0017,41544,0,41544,3462,0,0,0,0,0,0,1,0,0
09-MAY-2026,999V0019,404232,0,404232,33686,0,0,0,0,0,0,1,0,0
09-MAY-2026,999V0033,539760,0,539760,44980,0,0,0,0,0,0,1,0,0
09-MAY-2026,999V0034,737502,0,737502,61458.5,0,0,0,0,0,0,1,0,0
09-MAY-2026,999V0059,1011462,0,1011462,84288.5,0,0,0,0,0,0,1,0,0
09-MAY-2026,999V0061,337350,0,337350,28112.5,0,0,0,0,0,0,1,0,0
09-MAY-2026,999V0065,370938,0,370938,30911.5,0,0,0,0,0,0,1,0,0
09-MAY-2026,999V0071,202410,0,202410,16867.5,0,0,0,0,0,0,1,0,0
09-MAY-2026,999V0078,235704,0,235704,19642,0,0,0,0,0,0,1,0,0
09-MAY-2026,999V0083,337350,0,337350,28112.5,0,0,0,0,0,0,1,0,0
09-MAY-2026,999V3736,99895.72,0,99895.72,8113,0,0,0,0,0,0,1,0,0
09-MAY-2026,999V5004,134940,0,134940,11245,0,0,0,0,0,0,1,0,0
09-MAY-2026,999V5007,84312,0,84312,7026,0,0,0,0,0,0,1,0,0
09-MAY-2026,A073,1982517.21,0,1982517.21,161721,0,0,0,0,0,0,1,0,0
09-MAY-2026,B9990113,124632,0,124632,10386,0,0,0,0,0,0,1,0,0
09-MAY-2026,B9990249,16210375.17,0,16210375.17,1301614,0,0,0,0,0,0,1,0,0
09-MAY-2026,B9990343,194758.83,0,194758.83,16072,0,0,0,0,0,0,1,0,0
09-MAY-2026,B9990450,152554,0,152554,12433,0,0,0,0,0,0,1,0,0
09-MAY-2026,B9990455,17737752.41,0,17737752.41,1472128,0,0,0,0,0,0,1,0,0
09-MAY-2026,B9990504,388428,0,388428,99769.5,0,0,5778,0,0,0,1,0,0
09-MAY-2026,B9990593,3336780,0,3336780,278065,0,0,0,0,0,0,1,0,0
09-MAY-2026,B9990594,600960,0,600960,50080,0,0,0,0,0,0,1,0,0
09-MAY-2026,B999A5013,269880,0,269880,22490,0,0,0,0,0,0,1,0,0
09-MAY-2026,B999A5020,134940,0,134940,11245,0,0,0,0,0,0,1,0,0
09-MAY-2026,B999A5088,221744.58,0,221744.58,30865,0,0,0,0,0,0,1,0,0
09-MAY-2026,B999A5097,0,0,0,0,0,0,0,0,0,0,1,0,0
09-MAY-2026,B999A5141,146229,0,146229,38159,0,0,0,0,0,0,1,0,0
09-MAY-2026,B999A5155,205020,0,205020,17085,0,0,0,0,0,0,1,0,0
09-MAY-2026,B999A5167,203640,0,203640,16970,0,0,0,0,0,0,1,0,0
09-MAY-2026,D005,67470,0,67470,5622.5,0,0,0,0,0,0,1,0,0
09-MAY-2026,JKW0217,21244290,0,21244290,1770357.5,0,0,0,0,0,0,1,0,0
09-MAY-2026,K001,6776938,0,6776938,734521.5,0,0,0,0,0,0,1,0,0
09-MAY-2026,K003,60638,0,60638,6148.5,0,0,0,0,0,0,1,0,0
09-MAY-2026,MK015,24274659.3,0,24274659.3,1971459,0,0,0,0,0,0,1,0,0
09-MAY-2026,MU1042,3943287.99,0,3943287.99,347733,0,0,0,0,0,0,1,0,0
09-MAY-2026,MU1050,2465748,0,2465748,205479,0,0,0,0,0,0,1,0,0
09-MAY-2026,MU1204,141439.72,0,141439.72,11575,0,0,0,0,0,0,1,0,0
09-MAY-2026,MU208,23875076.43,0,23875076.43,1939007,0,0,0,0,0,0,1,0,0
09-MAY-2026,MU426,586176.76,0,586176.76,48216,0,0,0,0,0,0,1,0,0
09-MAY-2026,MU470,6992700.21,0,6992700.21,567910,0,0,0,0,0,0,1,0,0
09-MAY-2026,MU817,5821272.56,0,5821272.56,662317,0,0,0,0,0,0,1,0,0
09-MAY-2026,P051,132996,0,132996,11083,0,0,0,0,0,0,1,0,0
09-MAY-2026,SVN004,1980317.62,0,1980317.62,161644,0,0,0,0,0,0,1,0,0
