09-MAY-2026,01280,507512.25,0,507512.25,42082,0,0,0,0,0,0,2,0,0
09-MAY-2026,A110035,358110,0,358110,29842.5,0,0,0,0,0,0,1,0,0
09-MAY-2026,A111486,145044,0,145044,12087,0,0,0,0,0,0,1,0,0
09-MAY-2026,A111494,1925965.74,0,1925965.74,158804,0,0,0,0,0,0,1,0,0
09-MAY-2026,A111505,300480,0,300480,25040,0,0,0,0,0,0,1,0,0
09-MAY-2026,AF11387,2765414,0,2765414,309858.5,0,0,0,0,0,0,1,0,0
09-MAY-2026,AF12923,3490416,0,3490416,289993,0,0,0,0,0,0,1,0,0
09-MAY-2026,AF19062,72522,0,72522,6043.5,0,0,0,0,0,0,1,0,0
09-MAY-2026,AF19205,18449995.69,0,18449995.69,1605320,0,0,0,0,0,0,1,0,0
09-MAY-2026,AF19369,10040190,0,10040190,836682.5,0,0,0,0,0,0,1,0,0
09-MAY-2026,AF19487,664980,0,664980,55415,0,0,0,0,0,0,1,0,0
09-MAY-2026,AH5021,77434,0,77434,6173,0,0,0,0,0,0,1,0,0
09-MAY-2026,AH5738,0,0,0,0,0,0,0,0,0,0,1,0,0
09-MAY-2026,AMR10453,1060171.73,0,1060171.73,89798,0,0,0,0,0,0,1,0,0
09-MAY-2026,AMR1523,41544,0,41544,3462,0,0,0,0,0,0,1,0,0
09-MAY-2026,AMR1622,101820,0,101820,8485,0,0,0,0,0,0,1,0,0
09-MAY-2026,AW1859,72522,0,72522,6043.5,0,0,0,0,0,0,1,0,0
09-MAY-2026,BH1619,0,0,0,0,0,0,0,0,0,0,1,0,0
09-MAY-2026,BRD1674,450720,0,450720,37560,0,0,0,0,0,0,1,0,0
09-MAY-2026,BRD1677,0,0,0,0,0,0,0,0,0,0,1,0,0
09-MAY-2026,BT1098,220678,0,220678,18110,0,0,0,0,0,0,1,0,0
09-MAY-2026,BT1265,41004,0,41004,3417,0,0,0,0,0,0,1,0,0
09-MAY-2026,BT1372,51840,0,51840,6480,0,0,0,0,0,0,1,0,0
09-MAY-2026,BT1885,0,0,0,0,0,0,0,0,0,0,1,0,0
09-MAY-2026,DA7459,51840,0,51840,6480,0,0,0,0,0,0,1,0,0
09-MAY-2026,DEA7380,35180,0,35180,3518,0,0,0,0,0,0,1,0,0
09-MAY-2026,DG11732,177520,0,177520,14513.5,0,0,0,0,0,0,1,0,0
09-MAY-2026,DH1041,0,0,0,0,0,0,0,0,0,0,1,0,0
09-MAY-2026,DSA1303,472290,0,472290,39357.5,0,0,0,0,0,0,1,0,0
09-MAY-2026,F10899,0,0,0,0,0,0,0,0,0,0,1,0,0
09-MAY-2026,F11256,0,0,0,0,0,0,0,0,0,0,1,0,0
09-MAY-2026,F11540,995779.72,0,995779.72,82770,0,0,0,0,0,0,1,0,0
09-MAY-2026,F11661,553301,0,553301,58726,0,0,0,0,0,0,1,0,0
09-MAY-2026,F13050,0,0,0,0,0,0,0,0,0,0,1,0,0
09-MAY-2026,F13387,149056,0,149056,12141.5,0,0,0,0,0,0,1,0,0
09-MAY-2026,F1347,71622,0,71622,5968.5,0,0,0,0,0,0,1,0,0
09-MAY-2026,F13937,154200,0,154200,12850,0,0,0,0,0,0,1,0,0
09-MAY-2026,F1760,1085820,0,1085820,90485,0,0,0,0,0,0,1,0,0
09-MAY-2026,FA5056,71622,0,71622,5968.5,0,0,0,0,0,0,1,0,0
09-MAY-2026,FA5063,0,0,0,0,0,0,0,0,0,0,1,0,0
09-MAY-2026,FA5066,33588,0,33588,2799,0,0,0,0,0,0,1,0,0
09-MAY-2026,FA5071,275300.12,0,275300.12,22773,0,0,0,0,0,0,1,0,0
09-MAY-2026,FA5078,0,0,0,0,0,0,0,0,0,0,1,0,0
09-MAY-2026,FA5079,77434,0,77434,6173,0,0,0,0,0,0,1,0,0
09-MAY-2026,FA5088,0,0,0,0,0,0,0,0,0,0,1,0,0
09-MAY-2026,FA5094,328872,0,328872,27406,0,0,0,0,0,0,1,0,0
09-MAY-2026,FA5096,0,0,0,0,0,0,0,0,0,0,1,0,0
09-MAY-2026,FA5097,143244,0,143244,11937,0,0,0,0,0,0,1,0,0
09-MAY-2026,FF1016,502814.24,0,502814.24,40851,0,0,0,0,0,0,1,0,0
09-MAY-2026,FF1802,864864,0,864864,72072,0,0,0,0,0,0,1,0,0
09-MAY-2026,FF4434,307421.99,0,307421.99,24779,0,0,0,0,0,0,1,0,0
09-MAY-2026,FM1363,232301.99,0,232301.99,18519,0,0,0,0,0,0,1,0,0
09-MAY-2026,G30576,158820,0,158820,13235,0,0,0,0,0,0,1,0,0
09-MAY-2026,G3072,72522,0,72522,6043.5,0,0,0,0,0,0,1,0,0
09-MAY-2026,G30782,150240,0,150240,12520,0,0,0,0,0,0,1,0,0
09-MAY-2026,G31502,75120,0,75120,6260,0,0,0,0,0,0,1,0,0
09-MAY-2026,G31827,184248,0,184248,15354,0,0,0,0,0,0,1,0,0
09-MAY-2026,HA6288,33588,0,33588,2799,0,0,0,0,0,0,1,0,0
09-MAY-2026,HAD2026,671784,0,671784,55982,0,0,0,0,0,0,1,0,0
09-MAY-2026,HAD6098,206100,0,206100,17175,0,0,0,0,0,0,1,0,0
09-MAY-2026,HAD6112,201528,0,201528,16794,0,0,0,0,0,0,1,0,0
09-MAY-2026,HAD6228,33588,0,33588,2799,0,0,0,0,0,0,1,0,0
09-MAY-2026,HAD6249,67176,0,67176,5598,0,0,0,0,0,0,1,0,0
09-MAY-2026,HAD6317,202410,0,202410,16867.5,0,0,0,0,0,0,1,0,0
09-MAY-2026,JC6346,72522,0,72522,6043.5,0,0,0,0,0,0,1,0,0
09-MAY-2026,JC6645,1078830,0,1078830,89902.5,0,0,0,0,0,0,1,0,0
09-MAY-2026,JK1781,0,0,0,0,0,0,0,0,0,0,1,0,0
09-MAY-2026,JT10223,67470,0,67470,5622.5,0,0,0,0,0,0,1,0,0
09-MAY-2026,JT10825,0,0,0,0,0,0,0,0,0,0,1,0,0
09-MAY-2026,JT10973,72522,0,72522,6043.5,0,0,0,0,0,0,1,0,0
09-MAY-2026,JT10998,1059012,0,1059012,88251,0,0,0,0,0,0,1,0,0
09-MAY-2026,JT11040,0,0,0,0,0,0,0,0,0,0,1,0,0
09-MAY-2026,JT1107,67470,0,67470,5622.5,0,0,0,0,0,0,1,0,0
09-MAY-2026,JT11093,438642,0,438642,36553.5,0,0,0,0,0,0,1,0,0
09-MAY-2026,K1Z103,388800,0,388800,48600,0,0,0,0,0,0,1,0,0
09-MAY-2026,K1Z332,0,0,0,0,0,0,0,0,0,0,1,0,0
09-MAY-2026,K1Z553,145044,0,145044,12087,0,0,0,0,0,0,1,0,0
09-MAY-2026,K1Z554,72522,0,72522,6043.5,0,0,0,0,0,0,1,0,0
09-MAY-2026,K1Z567,72522,0,72522,6043.5,0,0,0,0,0,0,1,0,0
09-MAY-2026,L2222,497599.72,0,497599.72,52101,0,0,0,0,0,0,1,0,0
09-MAY-2026,M11403,83088,0,83088,6924,0,0,0,0,0,0,1,0,0
09-MAY-2026,MH10155,72522,0,72522,6043.5,0,0,0,0,0,0,1,0,0
09-MAY-2026,MN1329,124632,0,124632,10386,0,0,0,0,0,0,1,0,0
09-MAY-2026,O10713,143244,0,143244,11937,0,0,0,0,0,0,1,0,0
09-MAY-2026,PL10175,0,0,0,0,0,0,0,0,0,0,1,0,0
09-MAY-2026,PL10378,0,0,0,0,0,0,0,0,0,0,1,0,0
09-MAY-2026,PL10447,0,0,0,0,0,0,0,0,0,0,1,0,0
09-MAY-2026,PL10757,73692,0,73692,6141,0,0,0,0,0,0,1,0,0
09-MAY-2026,PL10758,0,0,0,0,0,0,0,0,0,0,1,0,0
09-MAY-2026,PLB2036,446550,0,446550,37212.5,0,0,0,0,0,0,1,0,0
09-MAY-2026,PN1163,0,0,0,0,0,0,0,0,0,0,1,0,0
09-MAY-2026,QG1Z023,217566,0,217566,18130.5,0,0,0,0,0,0,1,0,0
09-MAY-2026,QG1Z445,147642,0,147642,12303.5,0,0,0,0,0,0,1,0,0
09-MAY-2026,RL20493,0,0,0,0,0,0,0,0,0,0,1,0,0
09-MAY-2026,RL4007,0,0,0,0,0,0,0,0,0,0,1,0,0
09-MAY-2026,RL4209,34350,0,34350,2862.5,0,0,0,0,0,0,1,0,0
09-MAY-2026,RL4372,0,0,0,0,0,0,0,0,0,0,1,0,0
09-MAY-2026,RL4552,0,0,0,0,0,0,0,0,0,0,1,0,0
09-MAY-2026,RL7955,72522,0,72522,6043.5,0,0,0,0,0,0,1,0,0
09-MAY-2026,RLA3006,145044,0,145044,12087,0,0,0,0,0,0,1,0,0
09-MAY-2026,RLA3318,0,0,0,0,0,0,0,0,0,0,1,0,0
09-MAY-2026,RLA3487,149056,0,149056,12141.5,0,0,0,0,0,0,1,0,0
09-MAY-2026,RLA3534,762485.97,0,762485.97,61861.5,0,0,0,0,0,0,1,0,0
09-MAY-2026,SID1376,630912,0,630912,78864,0,0,0,0,0,0,1,0,0
09-MAY-2026,SID1455,67176,0,67176,5598,0,0,0,0,0,0,1,0,0
09-MAY-2026,UJ5327,1594524.33,0,1594524.33,130739.5,0,0,0,0,0,0,1,0,0
09-MAY-2026,UJ9084,1298196,0,1298196,108183,0,0,0,0,0,0,1,0,0
09-MAY-2026,UJ9107,2089932,0,2089932,174161,0,0,0,0,0,0,1,0,0
09-MAY-2026,UJ9137,852528,0,852528,71044,0,0,0,0,0,0,1,0,0
09-MAY-2026,UJ9140,28320768,0,28320768,2360064,0,0,0,0,0,2439993.6,1,0,0
09-MAY-2026,UJ9160,10375486,0,10375486,866814.5,0,0,0,0,0,0,1,0,0
09-MAY-2026,UJ9172,0,0,0,0,0,0,0,0,0,0,1,0,0
09-MAY-2026,UJ9194,337350,0,337350,28112.5,0,0,0,0,0,0,1,0,0
09-MAY-2026,UJ9205,6477120,0,6477120,539760,0,0,0,0,0,0,1,0,0
09-MAY-2026,UJ9206,143244,0,143244,11937,0,0,0,0,0,0,1,0,0
09-MAY-2026,UJ9259,0,0,0,0,0,0,0,0,0,0,1,0,0
09-MAY-2026,UJ9278,22580960,0,22580960,1991992,0,0,0,0,0,944697.6,1,0,0
09-MAY-2026,UJ9442,1997914.35,0,1997914.35,162260,0,0,0,0,0,0,1,0,0
09-MAY-2026,UJ9565,0,0,0,0,0,0,0,0,0,0,1,0,0
09-MAY-2026,UJ9590,1933794,0,1933794,161149.5,0,0,0,0,0,0,1,0,0
09-MAY-2026,UJ9613,929207.94,0,929207.94,74076,0,0,0,0,0,0,1,0,0
09-MAY-2026,UJ9634,143244,0,143244,11937,0,0,0,0,0,0,1,0,0
09-MAY-2026,UJ9636,0,0,0,0,0,0,0,0,0,0,1,0,0
09-MAY-2026,UJ9671,0,0,0,0,0,0,0,0,0,0,1,0,0
09-MAY-2026,UJ9703,131440,0,131440,16430,0,0,0,0,0,0,1,0,0
09-MAY-2026,UJ9712,0,0,0,0,0,0,0,0,0,0,1,0,0
09-MAY-2026,UJ9717,157728,0,157728,19716,0,0,0,0,0,0,1,0,0
09-MAY-2026,UJ9757,432432,0,432432,36036,0,0,0,0,0,0,1,0,0
09-MAY-2026,UJ9767,0,0,0,0,0,0,0,0,0,0,1,0,0
09-MAY-2026,UJ9768,0,0,0,0,0,0,0,0,0,0,1,0,0
09-MAY-2026,UJ9769,1348662,0,1348662,112388.5,0,0,0,0,0,0,1,0,0
09-MAY-2026,UJ9770,143244,0,143244,11937,0,0,0,0,0,0,1,0,0
09-MAY-2026,UJ9773,2442403.17,0,2442403.17,200900,0,0,0,0,0,0,1,0,0
09-MAY-2026,UJ9788,1360818,0,1360818,113401.5,0,0,0,0,0,0,1,0,0
09-MAY-2026,UJ9793,3258990,0,3258990,271582.5,0,0,0,0,0,0,1,0,0
09-MAY-2026,UJ9806,0,0,0,0,0,0,0,0,0,0,1,0,0
09-MAY-2026,UJ9807,0,0,0,0,0,0,0,0,0,0,1,0,0
09-MAY-2026,UJ9818,931086,0,931086,77590.5,0,0,0,0,0,0,1,0,0
09-MAY-2026,UJ9821,16518438,0,16518438,1376536.5,0,0,0,0,0,349113.6,1,0,0
09-MAY-2026,UJB2002,2231238,0,2231238,185936.5,0,0,0,0,0,0,1,0,0
09-MAY-2026,UJB2007,2333082,0,2333082,195503.5,0,0,0,0,0,0,1,0,0
09-MAY-2026,UJB2017,757098,0,757098,63091.5,0,0,0,0,0,0,1,0,0
09-MAY-2026,UJB5126,0,0,0,0,0,0,0,0,0,0,1,0,0
09-MAY-2026,UJB5129,3795048,0,3795048,464214,0,0,0,0,0,0,1,0,0
09-MAY-2026,UJB5169,199791.43,0,199791.43,16226,0,0,0,0,0,0,1,0,0
09-MAY-2026,UJB5183,143244,0,143244,11937,0,0,0,0,0,0,1,0,0
09-MAY-2026,UJB5198,72522,0,72522,6043.5,0,0,0,0,0,0,1,0,0
09-MAY-2026,UJB5204,0,0,0,0,0,0,0,0,0,0,1,0,0
09-MAY-2026,UJB5207,2028240,0,2028240,169020,0,0,0,0,0,0,1,0,0
09-MAY-2026,UJB5211,309735.98,0,309735.98,24692,0,0,0,0,0,0,1,0,0
09-MAY-2026,UJB5217,154867.99,0,154867.99,12346,0,0,0,0,0,0,1,0,0
09-MAY-2026,UJB5220,232301.99,0,232301.99,18519,0,0,0,0,0,0,1,0,0
09-MAY-2026,UJB5231,145044,0,145044,12087,0,0,0,0,0,0,1,0,0
09-MAY-2026,UP10191,72522,0,72522,6043.5,0,0,0,0,0,0,1,0,0
09-MAY-2026,VJ1204,249264,0,249264,20772,0,0,0,0,0,0,1,0,0
09-MAY-2026,VJ1356,33588,0,33588,2799,0,0,0,0,0,0,1,0,0
09-MAY-2026,VS1398,157728,0,157728,19716,0,0,0,0,0,0,1,0,0
09-MAY-2026,VVA1207,0,0,0,0,0,0,0,0,0,0,1,0,0
09-MAY-2026,VVA1872,287388,0,287388,23949,0,0,0,0,0,0,1,0,0
09-MAY-2026,VVA1878,0,0,0,0,0,0,0,0,0,0,1,0,0
09-MAY-2026,X95307,1352160,0,1352160,112680,0,0,0,0,0,0,1,0,0
09-MAY-2026,X95325,152554,0,152554,12433,0,0,0,0,0,0,1,0,0
