09-MAY-2026,PRO_01280,507512.25,0.00,507512.25,42082.00,P
09-MAY-2026,A110035,358110.00,0.00,358110.00,29842.50,C
09-MAY-2026,A111486,145044.00,0.00,145044.00,12087.00,C
09-MAY-2026,A111494,1925965.74,0.00,1925965.74,158804.00,C
09-MAY-2026,A111505,300480.00,0.00,300480.00,27760.00,C
09-MAY-2026,AF11387,2765414.00,0.00,2765414.00,309858.50,C
09-MAY-2026,AF12923,3490416.00,0.00,3490416.00,289993.00,C
09-MAY-2026,AF19062,72522.00,0.00,72522.00,6043.50,C
09-MAY-2026,AF19205,18449995.69,0.00,18449995.69,1605320.00,C
09-MAY-2026,AF19369,10040190.00,0.00,10040190.00,836682.50,C
09-MAY-2026,AF19487,664980.00,0.00,664980.00,55415.00,C
09-MAY-2026,AH5021,77434.00,0.00,77434.00,6173.00,C
09-MAY-2026,AH5738,0.00,0.00,0.00,2200.00,C
09-MAY-2026,AMR10453,1060171.73,0.00,1060171.73,89798.00,C
09-MAY-2026,AMR1523,41544.00,0.00,41544.00,3462.00,C
09-MAY-2026,AMR1622,101820.00,0.00,101820.00,8485.00,C
09-MAY-2026,AW1859,72522.00,0.00,72522.00,6043.50,C
09-MAY-2026,BRD1674,450720.00,0.00,450720.00,37560.00,C
09-MAY-2026,BT1098,220678.00,0.00,220678.00,18110.00,C
09-MAY-2026,BT1265,41004.00,0.00,41004.00,3417.00,C
09-MAY-2026,BT1372,51840.00,0.00,51840.00,6480.00,C
09-MAY-2026,DA7459,51840.00,0.00,51840.00,6480.00,C
09-MAY-2026,DEA7380,35180.00,0.00,35180.00,3518.00,C
09-MAY-2026,DG11732,177520.00,0.00,177520.00,14513.50,C
09-MAY-2026,DSA1303,472290.00,0.00,472290.00,39357.50,C
09-MAY-2026,F11540,995779.72,0.00,995779.72,82770.00,C
09-MAY-2026,F11661,553301.00,0.00,553301.00,58726.00,C
09-MAY-2026,F13387,149056.00,0.00,149056.00,18041.50,C
09-MAY-2026,F1347,71622.00,0.00,71622.00,5968.50,C
09-MAY-2026,F13937,154200.00,0.00,154200.00,12850.00,C
09-MAY-2026,F1760,1085820.00,0.00,1085820.00,90485.00,C
09-MAY-2026,FA5056,71622.00,0.00,71622.00,5968.50,C
09-MAY-2026,FA5066,33588.00,0.00,33588.00,2799.00,C
09-MAY-2026,FA5071,275300.12,0.00,275300.12,22773.00,C
09-MAY-2026,FA5079,77434.00,0.00,77434.00,6173.00,C
09-MAY-2026,FA5094,328872.00,0.00,328872.00,27406.00,C
09-MAY-2026,FA5097,143244.00,0.00,143244.00,11937.00,C
09-MAY-2026,FF1016,502814.24,0.00,502814.24,40851.00,C
09-MAY-2026,FF1802,864864.00,0.00,864864.00,72072.00,C
09-MAY-2026,FF4434,307421.99,0.00,307421.99,24779.00,C
09-MAY-2026,FM1363,232301.99,0.00,232301.99,18519.00,C
09-MAY-2026,G30576,158820.00,0.00,158820.00,13235.00,C
09-MAY-2026,G3072,72522.00,0.00,72522.00,6043.50,C
09-MAY-2026,G30782,150240.00,0.00,150240.00,12520.00,C
09-MAY-2026,G31502,75120.00,0.00,75120.00,6260.00,C
09-MAY-2026,G31827,184248.00,0.00,184248.00,15354.00,C
09-MAY-2026,HA6288,33588.00,0.00,33588.00,2799.00,C
09-MAY-2026,HAD2026,671784.00,0.00,671784.00,55982.00,C
09-MAY-2026,HAD6098,206100.00,0.00,206100.00,17175.00,C
09-MAY-2026,HAD6112,201528.00,0.00,201528.00,16794.00,C
09-MAY-2026,HAD6228,33588.00,0.00,33588.00,2799.00,C
09-MAY-2026,HAD6249,67176.00,0.00,67176.00,5598.00,C
09-MAY-2026,HAD6317,202410.00,0.00,202410.00,16867.50,C
09-MAY-2026,JC6346,72522.00,0.00,72522.00,21743.50,C
09-MAY-2026,JC6645,1078830.00,0.00,1078830.00,89902.50,C
09-MAY-2026,JT10223,67470.00,0.00,67470.00,5622.50,C
09-MAY-2026,JT10973,72522.00,0.00,72522.00,6043.50,C
09-MAY-2026,JT10998,1059012.00,0.00,1059012.00,88251.00,C
09-MAY-2026,JT1107,67470.00,0.00,67470.00,5622.50,C
09-MAY-2026,JT11093,438642.00,0.00,438642.00,36553.50,C
09-MAY-2026,K1Z103,388800.00,0.00,388800.00,48600.00,C
09-MAY-2026,K1Z553,145044.00,0.00,145044.00,12087.00,C
09-MAY-2026,K1Z554,72522.00,0.00,72522.00,6043.50,C
09-MAY-2026,K1Z567,72522.00,0.00,72522.00,6043.50,C
09-MAY-2026,L2222,497599.72,0.00,497599.72,52101.00,C
09-MAY-2026,M11403,83088.00,0.00,83088.00,6924.00,C
09-MAY-2026,MH10155,72522.00,0.00,72522.00,6043.50,C
09-MAY-2026,MN1329,124632.00,0.00,124632.00,10386.00,C
09-MAY-2026,O10713,143244.00,0.00,143244.00,11937.00,C
09-MAY-2026,PL10757,73692.00,0.00,73692.00,17691.00,C
09-MAY-2026,PLB2036,446550.00,0.00,446550.00,37212.50,C
09-MAY-2026,QG1Z023,217566.00,0.00,217566.00,18130.50,C
09-MAY-2026,QG1Z445,147642.00,0.00,147642.00,12303.50,C
09-MAY-2026,RL4209,34350.00,0.00,34350.00,2862.50,C
09-MAY-2026,RL7955,72522.00,0.00,72522.00,6043.50,C
09-MAY-2026,RLA3006,145044.00,0.00,145044.00,12087.00,C
09-MAY-2026,RLA3487,149056.00,0.00,149056.00,12141.50,C
09-MAY-2026,RLA3534,762485.97,0.00,762485.97,61861.50,C
09-MAY-2026,SID1376,630912.00,0.00,630912.00,78864.00,C
09-MAY-2026,SID1455,67176.00,0.00,67176.00,5598.00,C
09-MAY-2026,UJ5327,1594524.33,0.00,1594524.33,134739.50,C
09-MAY-2026,UJ9084,1298196.00,0.00,1298196.00,108183.00,C
09-MAY-2026,UJ9107,2089932.00,0.00,2089932.00,174161.00,C
09-MAY-2026,UJ9137,852528.00,0.00,852528.00,71044.00,C
09-MAY-2026,UJ9140,28320768.00,0.00,28320768.00,4800057.60,C
09-MAY-2026,UJ9160,10375486.00,0.00,10375486.00,866814.50,C
09-MAY-2026,UJ9172,0.00,0.00,0.00,19200.00,C
09-MAY-2026,UJ9194,337350.00,0.00,337350.00,28112.50,C
09-MAY-2026,UJ9205,6477120.00,0.00,6477120.00,539760.00,C
09-MAY-2026,UJ9206,143244.00,0.00,143244.00,11937.00,C
09-MAY-2026,UJ9278,22580960.00,0.00,22580960.00,2936689.60,C
09-MAY-2026,UJ9442,1997914.35,0.00,1997914.35,162260.00,C
09-MAY-2026,UJ9590,1933794.00,0.00,1933794.00,161149.50,C
09-MAY-2026,UJ9613,929207.94,0.00,929207.94,74076.00,C
09-MAY-2026,UJ9634,143244.00,0.00,143244.00,11937.00,C
09-MAY-2026,UJ9703,131440.00,0.00,131440.00,16430.00,C
09-MAY-2026,UJ9717,157728.00,0.00,157728.00,22116.00,C
09-MAY-2026,UJ9757,432432.00,0.00,432432.00,36036.00,C
09-MAY-2026,UJ9769,1348662.00,0.00,1348662.00,144488.50,C
09-MAY-2026,UJ9770,143244.00,0.00,143244.00,39987.00,C
09-MAY-2026,UJ9773,2442403.17,0.00,2442403.17,200900.00,C
09-MAY-2026,UJ9788,1360818.00,0.00,1360818.00,113401.50,C
09-MAY-2026,UJ9793,3258990.00,0.00,3258990.00,271582.50,C
09-MAY-2026,UJ9807,0.00,0.00,0.00,300.00,C
09-MAY-2026,UJ9818,931086.00,0.00,931086.00,77590.50,C
09-MAY-2026,UJ9821,16518438.00,0.00,16518438.00,1725650.10,C
09-MAY-2026,UJB2002,2231238.00,0.00,2231238.00,185936.50,C
09-MAY-2026,UJB2007,2333082.00,0.00,2333082.00,195503.50,C
09-MAY-2026,UJB2017,757098.00,0.00,757098.00,63091.50,C
09-MAY-2026,UJB5129,3795048.00,0.00,3795048.00,464214.00,C
09-MAY-2026,UJB5169,199791.43,0.00,199791.43,16226.00,C
09-MAY-2026,UJB5183,143244.00,0.00,143244.00,11937.00,C
09-MAY-2026,UJB5198,72522.00,0.00,72522.00,6043.50,C
09-MAY-2026,UJB5207,2028240.00,0.00,2028240.00,350020.00,C
09-MAY-2026,UJB5211,309735.98,0.00,309735.98,24692.00,C
09-MAY-2026,UJB5217,154867.99,0.00,154867.99,12346.00,C
09-MAY-2026,UJB5220,232301.99,0.00,232301.99,18519.00,C
09-MAY-2026,UJB5231,145044.00,0.00,145044.00,12087.00,C
09-MAY-2026,UP10191,72522.00,0.00,72522.00,27493.50,C
09-MAY-2026,VJ1204,249264.00,0.00,249264.00,20772.00,C
09-MAY-2026,VJ1356,33588.00,0.00,33588.00,2799.00,C
09-MAY-2026,VS1398,157728.00,0.00,157728.00,21466.00,C
09-MAY-2026,VVA1872,287388.00,0.00,287388.00,23949.00,C
09-MAY-2026,X95307,1352160.00,0.00,1352160.00,112680.00,C
09-MAY-2026,X95325,152554.00,0.00,152554.00,12433.00,C
