09-MAY-2026,01267,0,0,0,0,0,0,0,0,0,0,2,0,0
09-MAY-2026,101A009,4255872,0,4255872,354656,0,0,0,0,0,0,1,0,0
09-MAY-2026,101A048,10639680,0,10639680,886640,0,0,0,0,0,0,1,0,0
09-MAY-2026,101A260,1861944,0,1861944,155162,0,0,0,0,0,0,1,0,0
09-MAY-2026,101B036,0,0,0,0,0,0,0,0,0,0,1,0,0
09-MAY-2026,101B351,214866,0,214866,17905.5,0,0,0,0,0,0,1,0,0
09-MAY-2026,101B659,3125406,0,3125406,260450.5,0,0,0,0,0,0,1,0,0
09-MAY-2026,101B731,133968,0,133968,11164,0,0,0,0,0,0,1,0,0
09-MAY-2026,101B828,0,0,0,0,0,0,0,0,0,0,1,0,0
09-MAY-2026,101B909,199791.43,0,199791.43,16226,0,0,0,0,0,0,1,0,0
09-MAY-2026,101D350,1196964,0,1196964,99747,0,0,0,0,0,0,1,0,0
09-MAY-2026,101D450,672345.98,0,672345.98,54909.5,0,0,0,0,0,0,1,0,0
09-MAY-2026,101F035,1451520,0,1451520,181440,0,0,0,0,0,0,1,0,0
09-MAY-2026,101F036,0,0,0,0,0,0,0,0,0,0,1,0,0
09-MAY-2026,101F083,119876354.21,-404450,119471904.21,11610554.5,0,0,0,0,0,3465140.6,1,0,0
09-MAY-2026,101F095,1604640.04,0,1604640.04,130757,0,0,0,0,0,0,1,0,0
09-MAY-2026,101F119,0,0,0,0,0,0,0,0,0,0,1,0,0
09-MAY-2026,101F666,0,0,0,0,0,0,0,0,0,0,1,0,0
09-MAY-2026,101G191,0,0,0,0,0,0,0,0,0,0,1,0,0
09-MAY-2026,101J206,656620.5,0,656620.5,209475.5,0,0,0,0,0,0,1,0,0
09-MAY-2026,101R182,0,0,0,0,0,0,0,0,0,0,1,0,0
09-MAY-2026,101S559,0,0,0,0,0,0,0,0,0,0,1,0,0
09-MAY-2026,101S786,20888629.5,0,20888629.5,6186849.5,0,0,0,0,0,0,1,0,0
09-MAY-2026,101V017,72522,0,72522,6043.5,0,0,0,0,0,0,1,0,0
09-MAY-2026,101V165,0,0,0,0,0,0,0,0,0,0,1,0,0
09-MAY-2026,101X408,199791.43,0,199791.43,16226,0,0,0,0,0,0,1,0,0
09-MAY-2026,101X494,664980,0,664980,55415,0,0,0,0,0,0,1,0,0
09-MAY-2026,102B030,1474506,0,1474506,122875.5,0,0,0,0,0,0,1,0,0
09-MAY-2026,102F004,555444,0,555444,46287,0,0,0,0,0,0,1,0,0
09-MAY-2026,102F012,2395885.43,0,2395885.43,198954,0,0,0,0,0,0,1,0,0
09-MAY-2026,102F013,2837754,0,2837754,236479.5,0,0,0,0,0,0,1,0,0
09-MAY-2026,102F037,1571208,0,1571208,214974,0,0,0,0,0,0,1,0,0
09-MAY-2026,102F061,12477210,0,12477210,1039767.5,0,0,0,0,0,0,1,0,0
09-MAY-2026,102F090,269880,0,269880,22490,0,0,0,0,0,0,1,0,0
09-MAY-2026,102L006,0,0,0,0,0,0,0,0,0,0,1,0,0
09-MAY-2026,102P004,944580,0,944580,78715,0,0,0,0,0,0,1,0,0
09-MAY-2026,102P005,1270781.96,0,1270781.96,103380,0,0,0,0,0,0,1,0,0
09-MAY-2026,102R003,10703318.7,0,10703318.7,939526.5,0,0,0,0,0,0,1,0,0
09-MAY-2026,102R004,0,0,0,0,0,0,0,0,0,0,1,0,0
09-MAY-2026,102R010,0,0,0,0,0,0,0,0,0,0,1,0,0
09-MAY-2026,102R999,3345240,0,3345240,278770,0,0,0,0,0,0,1,0,0
09-MAY-2026,102S001,1329960,0,1329960,110830,0,0,0,0,0,0,1,0,0
09-MAY-2026,102S005,934860,0,934860,77905,0,0,0,0,0,0,1,0,0
09-MAY-2026,102T002,0,0,0,0,0,0,0,0,0,0,1,0,0
09-MAY-2026,103M182,408510,0,408510,34042.5,0,0,0,0,0,0,1,0,0
09-MAY-2026,103R002,67470,0,67470,5622.5,0,0,0,0,0,0,1,0,0
09-MAY-2026,103S070,2058594,0,2058594,656734,0,0,0,0,0,0,1,0,0
09-MAY-2026,103T026,882162,0,882162,73513.5,0,0,0,0,0,0,1,0,0
09-MAY-2026,121B005,3979452,0,3979452,331621,0,0,0,0,0,0,1,0,0
09-MAY-2026,121B129,1913776.59,0,1913776.59,263342.5,0,0,0,0,0,0,1,0,0
09-MAY-2026,126S152,144144,0,144144,12012,0,0,0,0,0,0,1,0,0
09-MAY-2026,134V005,33588,0,33588,2799,0,0,0,0,0,0,1,0,0
09-MAY-2026,147A005,551646,0,551646,45970.5,0,0,0,0,0,0,1,0,0
09-MAY-2026,147A027,205518,0,205518,17126.5,0,0,0,0,0,0,1,0,0
09-MAY-2026,151H004,133674,0,133674,11139.5,0,0,0,0,0,0,1,0,0
09-MAY-2026,175D036,132996,0,132996,11083,0,0,0,0,0,0,1,0,0
09-MAY-2026,199F082,3006720,0,3006720,375840,0,0,0,0,0,0,1,0,0
09-MAY-2026,201F001,16319430,0,16319430,1359952.5,0,0,57780,0,0,0,1,0,0
09-MAY-2026,202C027,961800,0,961800,80150,0,0,0,0,0,0,1,0,0
09-MAY-2026,202C054,137400,0,137400,11450,0,0,0,0,0,0,1,0,0
09-MAY-2026,202D008,1013286,0,1013286,84440.5,0,0,0,0,0,0,1,0,0
09-MAY-2026,202G001,0,0,0,0,0,0,0,0,0,0,1,0,0
09-MAY-2026,202J027,467430,0,467430,38952.5,0,0,0,0,0,0,1,0,0
09-MAY-2026,202M008,2922879.77,0,2922879.77,278737,0,0,0,0,0,0,1,0,0
09-MAY-2026,202R102,0,0,0,0,0,0,0,0,0,0,1,0,0
09-MAY-2026,202S004,0,0,0,0,0,0,0,0,0,0,1,0,0
09-MAY-2026,202S015,1015260,0,1015260,84605,0,0,0,0,0,0,1,0,0
09-MAY-2026,207L111,137400,0,137400,11450,0,0,0,0,0,0,1,0,0
09-MAY-2026,207P003,1112160,0,1112160,92680,0,0,0,0,0,0,1,0,0
09-MAY-2026,207R004,343500,0,343500,28625,0,0,0,0,0,0,1,0,0
09-MAY-2026,209A046,0,0,0,0,0,0,0,0,0,0,1,0,0
09-MAY-2026,209B007,6137604,0,6137604,563182.5,0,0,0,0,0,0,1,0,0
09-MAY-2026,209D005,6270463.83,0,6270463.83,1039578.5,0,0,0,0,0,0,1,0,0
09-MAY-2026,209G421,3225655.88,0,3225655.88,261865.5,0,0,0,0,0,0,1,0,0
09-MAY-2026,213B001,0,0,0,0,0,0,0,0,0,0,1,0,0
09-MAY-2026,251L031,1198908,0,1198908,99909,0,0,0,0,0,0,1,0,0
09-MAY-2026,251L032,2902650,0,2902650,241887.5,0,0,0,0,0,0,1,0,0
09-MAY-2026,251L036,932916,0,932916,77743,0,0,0,0,0,0,1,0,0
09-MAY-2026,251L037,797976,0,797976,66498,0,0,0,0,0,0,1,0,0
09-MAY-2026,251L038,797976,0,797976,66498,0,0,0,0,0,0,1,0,0
09-MAY-2026,252M077,170520,0,170520,14210,0,0,0,0,0,0,1,0,0
09-MAY-2026,279G003,4837092,0,4837092,403091,0,0,0,0,0,0,1,0,0
09-MAY-2026,279G004,1581360,0,1581360,131780,0,0,0,0,0,0,1,0,0
09-MAY-2026,279J002,525760,0,525760,65720,0,0,0,0,0,0,1,0,0
09-MAY-2026,279J003,1190740,0,1190740,121135,0,0,0,0,0,0,1,0,0
09-MAY-2026,432M006,0,0,0,0,0,0,0,0,0,0,1,0,0
09-MAY-2026,702P186,996587.97,0,996587.97,81370,0,0,0,0,0,0,1,0,0
09-MAY-2026,909L001,0,0,0,0,0,0,0,0,0,0,1,0,0
