09-MAY-2026,12866591,35180.00,0.00,35180.00,3518.00,C
09-MAY-2026,13067525,830880.00,0.00,830880.00,69240.00,C
09-MAY-2026,14635039,100764.00,0.00,100764.00,8397.00,C
09-MAY-2026,15120888,1449373.92,0.00,1449373.92,116024.00,C
09-MAY-2026,198POOJA,398988.00,0.00,398988.00,33249.00,C
09-MAY-2026,25843853,105972.00,0.00,105972.00,32331.00,C
09-MAY-2026,26818984,149056.00,0.00,149056.00,12141.50,C
09-MAY-2026,27350921,592166.00,0.00,592166.00,97954.50,C
09-MAY-2026,28115266,84312.00,0.00,84312.00,7026.00,C
09-MAY-2026,28204375,290808.00,0.00,290808.00,24234.00,C
09-MAY-2026,29123372,0.00,0.00,0.00,150.00,C
09-MAY-2026,32072938,143244.00,0.00,143244.00,11937.00,C
09-MAY-2026,32225277,77434.00,0.00,77434.00,6173.00,C
09-MAY-2026,39426844,137718.00,0.00,137718.00,17254.50,C
09-MAY-2026,39514561,901440.00,0.00,901440.00,111220.00,C
09-MAY-2026,41EVINIT,67470.00,0.00,67470.00,27972.50,C
09-MAY-2026,41GANESH,214866.00,0.00,214866.00,17905.50,C
09-MAY-2026,41MODIAK,214866.00,0.00,214866.00,17905.50,C
09-MAY-2026,41PREETI,71622.00,0.00,71622.00,5968.50,C
09-MAY-2026,48968934,1098852.89,0.00,1098852.89,89243.00,C
09-MAY-2026,49133163,145044.00,0.00,145044.00,12087.00,C
09-MAY-2026,53364600,71622.00,0.00,71622.00,5968.50,C
09-MAY-2026,53568004,0.00,0.00,0.00,11750.00,C
09-MAY-2026,57405464,145044.00,0.00,145044.00,12087.00,C
09-MAY-2026,60510669,33588.00,0.00,33588.00,2799.00,C
09-MAY-2026,62005900,0.00,0.00,0.00,13500.00,C
09-MAY-2026,62166587,68700.00,0.00,68700.00,5725.00,C
09-MAY-2026,62177735,99895.72,0.00,99895.72,8113.00,C
09-MAY-2026,62391407,390784.51,0.00,390784.51,32144.00,C
09-MAY-2026,65294663,600960.00,0.00,600960.00,50080.00,C
09-MAY-2026,6697SGNR,67176.00,0.00,67176.00,5598.00,C
09-MAY-2026,67335480,105152.00,0.00,105152.00,13144.00,C
09-MAY-2026,67486011,1146402.00,0.00,1146402.00,95533.50,C
09-MAY-2026,67568318,1508484.59,0.00,1508484.59,122048.00,C
09-MAY-2026,72356752,231234.00,0.00,231234.00,44631.50,C
09-MAY-2026,73549790,371664.00,0.00,371664.00,30972.00,C
09-MAY-2026,73981953,83088.00,0.00,83088.00,6924.00,C
09-MAY-2026,74754623,41544.00,0.00,41544.00,3462.00,C
09-MAY-2026,76886228,0.00,0.00,0.00,7050.00,C
09-MAY-2026,76920076,0.00,0.00,0.00,1000.00,C
09-MAY-2026,79660494,910695.98,0.00,910695.98,74772.00,C
09-MAY-2026,83602011,333462.00,0.00,333462.00,27788.50,C
09-MAY-2026,88718702,2226510.00,0.00,2226510.00,185542.50,C
09-MAY-2026,94259284,6802806.00,0.00,6802806.00,574150.50,C
09-MAY-2026,95333053,71622.00,0.00,71622.00,5968.50,C
09-MAY-2026,95672334,1202250.00,0.00,1202250.00,103337.50,C
09-MAY-2026,99827967,123552.00,0.00,123552.00,10296.00,C
09-MAY-2026,99BHAVIK,1339680.00,0.00,1339680.00,111640.00,C
09-MAY-2026,A40MANOJ,2339640.00,0.00,2339640.00,245670.00,C
09-MAY-2026,ABANDCO1,725220.00,0.00,725220.00,60435.00,C
09-MAY-2026,ABC00020,143932.00,0.00,143932.00,11714.50,C
09-MAY-2026,ADGOYAL7,5248560.00,0.00,5248560.00,437380.00,C
09-MAY-2026,ADHUF999,1329960.00,0.00,1329960.00,110830.00,C
09-MAY-2026,AKHANI71,2532433.94,0.00,2532433.94,234639.50,C
09-MAY-2026,AKNPPJMP,337350.00,0.00,337350.00,38562.50,C
09-MAY-2026,AKS23888,1416870.00,0.00,1416870.00,180722.50,C
09-MAY-2026,AMARISHB,262880.00,0.00,262880.00,32860.00,C
09-MAY-2026,AMBASONS,7143575.77,0.00,7143575.77,587789.50,C
09-MAY-2026,AMITBT55,724596.00,0.00,724596.00,62543.00,C
09-MAY-2026,ANUPKMRR,97696.13,0.00,97696.13,8036.00,C
09-MAY-2026,ARCKEJRI,656620.50,0.00,656620.50,209475.50,C
09-MAY-2026,ARPITKRG,461409.00,0.00,461409.00,147199.00,C
09-MAY-2026,ARUPESH4,4669794.00,0.00,4669794.00,389149.50,C
09-MAY-2026,ARVTEL62,72522.00,0.00,72522.00,6043.50,C
09-MAY-2026,ASHOKH79,1289196.00,0.00,1289196.00,107433.00,C
09-MAY-2026,BAAKHANI,1827035.94,0.00,1827035.94,214520.00,C
09-MAY-2026,BAGDIRA3,41544.00,0.00,41544.00,6362.00,C
09-MAY-2026,BANPAL88,166176.00,0.00,166176.00,13848.00,C
09-MAY-2026,BBCOMM13,15298969.56,0.00,15298969.56,1358901.00,C
09-MAY-2026,BHAGAGRO,24955767.00,0.00,24955767.00,2835182.50,C
09-MAY-2026,BRIGHTFM,214866.00,0.00,214866.00,17905.50,C
09-MAY-2026,BSUNITA7,358110.00,0.00,358110.00,29842.50,C
09-MAY-2026,CHILIKAP,1696550.59,0.00,1696550.59,140321.00,C
09-MAY-2026,DEVG2911,359010.00,0.00,359010.00,29917.50,C
09-MAY-2026,DINHUF06,1483580.66,0.00,1483580.66,143371.00,C
09-MAY-2026,DINSAN07,205338.00,0.00,205338.00,17111.50,C
09-MAY-2026,DIPAKPPT,1043237.15,0.00,1043237.15,86301.50,C
09-MAY-2026,DWARKAJC,72522.00,0.00,72522.00,6043.50,C
09-MAY-2026,GANKIT99,195392.25,0.00,195392.25,16072.00,C
09-MAY-2026,GAURANG2,362610.00,0.00,362610.00,30217.50,C
09-MAY-2026,GHELANIG,293088.38,0.00,293088.38,24108.00,C
09-MAY-2026,GNBM0041,167736.00,0.00,167736.00,13978.00,C
09-MAY-2026,GNBM0046,577836.00,0.00,577836.00,48153.00,C
09-MAY-2026,GNBM0417,413820.00,0.00,413820.00,34485.00,C
09-MAY-2026,GNBM0428,82008.00,0.00,82008.00,6834.00,C
09-MAY-2026,GNBM0429,82008.00,0.00,82008.00,6834.00,C
09-MAY-2026,GNBM0501,1608336.00,0.00,1608336.00,134028.00,C
09-MAY-2026,GNBM0545,623160.00,0.00,623160.00,59630.00,C
09-MAY-2026,GNBM0590,205020.00,0.00,205020.00,17085.00,C
09-MAY-2026,GNBM0593,124632.00,0.00,124632.00,10386.00,C
09-MAY-2026,GNBM0597,41004.00,0.00,41004.00,3417.00,C
09-MAY-2026,GNBM0599,278514.13,0.00,278514.13,24199.50,C
09-MAY-2026,GRAJES99,143244.00,0.00,143244.00,11937.00,C
09-MAY-2026,HIRARAM5,435132.00,0.00,435132.00,36261.00,C
09-MAY-2026,HUFS2015,1762152.00,0.00,1762152.00,179246.00,C
09-MAY-2026,IIL50073,1740786.57,0.00,1740786.57,140567.00,C
09-MAY-2026,JAINK987,248034.00,0.00,248034.00,20669.50,C
09-MAY-2026,JAMN1047,33588.00,0.00,33588.00,2799.00,C
09-MAY-2026,JANSAGAR,71622.00,0.00,71622.00,5968.50,C
09-MAY-2026,JBBIHANI,3243768.50,0.00,3243768.50,447981.00,C
09-MAY-2026,JITPRA79,359910.00,0.00,359910.00,29992.50,C
09-MAY-2026,JMRC1975,749016.00,0.00,749016.00,62418.00,C
09-MAY-2026,JMRC1976,873036.00,0.00,873036.00,72753.00,C
09-MAY-2026,JSKSA001,3695122.93,0.00,3695122.93,366458.50,C
09-MAY-2026,JUGHAS65,20724362.57,0.00,20724362.57,1756684.50,C
09-MAY-2026,JVPATE84,362880.00,0.00,362880.00,45360.00,C
09-MAY-2026,KAILARLA,42156.00,0.00,42156.00,3513.00,C
09-MAY-2026,KAMLIAGR,649098.00,0.00,649098.00,54091.50,C
09-MAY-2026,KPRATHI3,4534380.00,0.00,4534380.00,377865.00,C
09-MAY-2026,KSNSACHI,317646.00,0.00,317646.00,26470.50,C
09-MAY-2026,LALSARAF,7757508.00,0.00,7757508.00,675209.00,C
09-MAY-2026,MANGOY36,33588.00,0.00,33588.00,2799.00,C
09-MAY-2026,MASHARDA,9970989.99,0.00,9970989.99,976399.50,C
09-MAY-2026,MEDICAL9,72522.00,0.00,72522.00,6043.50,C
09-MAY-2026,MSRL1207,664980.00,0.00,664980.00,55415.00,C
09-MAY-2026,MUSKANWP,3263250.00,0.00,3263250.00,271937.50,C
09-MAY-2026,NANCYANP,293088.38,0.00,293088.38,24108.00,C
09-MAY-2026,NILAKOLA,332352.00,0.00,332352.00,27696.00,C
09-MAY-2026,NK032752,143244.00,0.00,143244.00,11937.00,C
09-MAY-2026,NNF41938,0.00,0.00,0.00,3950.00,C
09-MAY-2026,NNPKHODA,145044.00,0.00,145044.00,28137.00,C
09-MAY-2026,NORTHEND,10832563.52,0.00,10832563.52,901449.50,C
09-MAY-2026,PARESH48,347410.00,0.00,347410.00,53867.50,C
09-MAY-2026,PATE7922,134352.00,0.00,134352.00,11196.00,C
09-MAY-2026,PATEL493,25920.00,0.00,25920.00,3240.00,C
09-MAY-2026,PATELC99,404820.00,0.00,404820.00,33735.00,C
09-MAY-2026,PILIBANG,337350.00,0.00,337350.00,48512.50,C
09-MAY-2026,PREMIA97,586176.76,0.00,586176.76,48216.00,C
09-MAY-2026,PRMAAKR1,801864.00,0.00,801864.00,66822.00,C
09-MAY-2026,PRMANPPL,3778320.00,0.00,3778320.00,314860.00,C
09-MAY-2026,RABIN365,218736.00,0.00,218736.00,18228.00,C
09-MAY-2026,RAHUL487,2246616.00,0.00,2246616.00,232831.31,C
09-MAY-2026,RAMDEV75,3440970.00,0.00,3440970.00,286747.50,C
09-MAY-2026,RANADR88,290936.00,0.00,290936.00,24831.00,C
09-MAY-2026,RAVI8111,464603.97,0.00,464603.97,37038.00,C
09-MAY-2026,REALWE44,286488.00,0.00,286488.00,23874.00,C
09-MAY-2026,ROHIT113,134940.00,0.00,134940.00,11245.00,C
09-MAY-2026,ROKSHANA,71622.00,0.00,71622.00,5968.50,C
09-MAY-2026,RTLM2188,145044.00,0.00,145044.00,12087.00,C
09-MAY-2026,RTLM3556,143244.00,0.00,143244.00,11937.00,C
09-MAY-2026,RTLM8175,84312.00,0.00,84312.00,7026.00,C
09-MAY-2026,SARTHAKR,1082253.72,0.00,1082253.72,123471.50,C
09-MAY-2026,SATI5555,67176.00,0.00,67176.00,5598.00,C
09-MAY-2026,SAVA1875,7430940.00,0.00,7430940.00,668726.97,C
09-MAY-2026,SPDHAN,11589078.00,0.00,11589078.00,965756.50,C
09-MAY-2026,SRTASONI,368460.00,0.00,368460.00,30705.00,C
09-MAY-2026,SS777HUF,420202.13,0.00,420202.13,34911.50,C
09-MAY-2026,SURESH6A,144144.00,0.00,144144.00,12012.00,C
09-MAY-2026,SWAP1875,143244.00,0.00,143244.00,20337.00,C
09-MAY-2026,TARA1955,60270.00,0.00,60270.00,6102.50,C
09-MAY-2026,TRISHWPR,531984.00,0.00,531984.00,44332.00,C
09-MAY-2026,TRUE1111,332352.00,0.00,332352.00,27696.00,C
09-MAY-2026,VAANNSII,75120.00,0.00,75120.00,6260.00,C
09-MAY-2026,VIPULS55,535095.98,0.00,535095.98,43472.00,C
09-MAY-2026,YASIN143,83088.00,0.00,83088.00,6924.00,C
