09-MAY-2026,A3835,71622.00,0.00,71622.00,5968.50,C
09-MAY-2026,A3838,143244.00,0.00,143244.00,11937.00,C
09-MAY-2026,A3841,143244.00,0.00,143244.00,11937.00,C
09-MAY-2026,A4222,3789353.77,0.00,3789353.77,302347.50,C
09-MAY-2026,A4367,652698.00,0.00,652698.00,54391.50,C
09-MAY-2026,A4580,1703547.90,0.00,1703547.90,135806.00,C
09-MAY-2026,A4642,150240.00,0.00,150240.00,12520.00,C
09-MAY-2026,A4653,12073729.99,0.00,12073729.99,1005584.50,C
09-MAY-2026,A4678,684833.99,0.00,684833.99,114030.00,C
09-MAY-2026,A5221,154867.99,0.00,154867.99,12346.00,C
09-MAY-2026,A7242,7710549.90,0.00,7710549.90,646589.50,C
09-MAY-2026,A7243,1502400.00,0.00,1502400.00,125200.00,C
09-MAY-2026,A7256,2189765.97,0.00,2189765.97,235041.50,C
09-MAY-2026,A7283,10953588.70,0.00,10953588.70,976816.00,C
09-MAY-2026,AH1057,369468.00,0.00,369468.00,30789.00,C
09-MAY-2026,AH106,474678.00,0.00,474678.00,39556.50,C
09-MAY-2026,AH1099,10189363.16,0.00,10189363.16,1256326.00,C
09-MAY-2026,AH1159,894662.27,0.00,894662.27,72863.00,C
09-MAY-2026,AH1180,164016.00,0.00,164016.00,13668.00,C
09-MAY-2026,AH1185,998676.00,0.00,998676.00,83223.00,C
09-MAY-2026,AH1188,525760.00,0.00,525760.00,65720.00,C
09-MAY-2026,AH1199,275795.72,0.00,275795.72,25703.00,C
09-MAY-2026,AH1212,41004.00,0.00,41004.00,3417.00,C
09-MAY-2026,AH1407,164016.00,0.00,164016.00,13668.00,C
09-MAY-2026,AH1415,597174.71,0.00,597174.71,48601.00,C
09-MAY-2026,AH584,315456.00,0.00,315456.00,39432.00,C
09-MAY-2026,AH630,205020.00,0.00,205020.00,17085.00,C
