09-MAY-2026,01267,0,0,0,0,0,0,0,0,0,0,2,0,0,0,0,20260509-0,10000000,10000000,10000000,0,0,20260509-0
09-MAY-2026,101A009,4255872,0,4255872,354656,0,0,0,0,0,0,1,0,0,4255872,354656,20260509-0,8291813.39,8291813.39,8291813.39,4610528,0,20260509-0
09-MAY-2026,101A048,10639680,0,10639680,886640,0,0,0,0,0,0,1,0,0,10639680,886640,20260509-0,16930722.24,16930722.24,16930722.24,11526320,0,20260509-0
09-MAY-2026,101A260,1861944,0,1861944,155162,0,0,0,0,0,0,1,0,0,1861944,155162,20260509-0,4893018.81,4893018.81,4893018.81,2017106,0,20260509-0
09-MAY-2026,101B036,0,0,0,0,0,0,0,0,0,0,1,0,0,0,0,20260509-0,143441,143441,143441,0,0,20260509-0
09-MAY-2026,101B351,214866,0,214866,17905.5,0,0,0,0,0,0,1,0,0,214866,17905.5,20260509-0,269289,269289,269289,232771.5,0,20260509-0
09-MAY-2026,101B659,3125406,0,3125406,260450.5,0,0,0,0,0,0,1,0,0,3125406,260450.5,20260509-0,4031780.99,4031780.99,4031780.99,3385856.5,0,20260509-0
09-MAY-2026,101B731,133968,0,133968,11164,0,0,0,0,0,0,1,0,0,133968,11164,20260509-0,178220,178220,178220,145132,0,20260509-0
09-MAY-2026,101B828,0,0,0,0,0,0,0,0,0,0,1,0,0,0,0,20260509-0,1000496,1000496,1000496,0,0,20260509-0
09-MAY-2026,101B909,206069.13,0,206069.13,16226,0,0,0,0,0,0,1,0,0,206069.13,16226,20260509-0,310515,310515,310515,222295.13,0,20260509-0
09-MAY-2026,101D350,1196964,0,1196964,99747,0,0,0,0,0,0,1,0,0,1196964,99747,20260509-0,1706719.3,1706719.3,1706719.3,1296711,0,20260509-0
09-MAY-2026,101D450,682078.27,0,682078.27,54909.5,0,0,0,0,0,0,1,0,0,682078.27,54909.5,20260509-0,910743,910743,910743,736987.77,0,20260509-0
09-MAY-2026,101F035,1451520,0,1451520,181440,0,0,0,0,0,0,1,0,0,1451520,181440,20260509-0,2359329.07,2359329.07,2359329.07,1632960,0,20260509-0
09-MAY-2026,101F036,0,0,0,0,0,0,0,0,0,0,1,0,0,0,0,20260509-0,539642,539642,539642,0,0,20260509-0
09-MAY-2026,101F083,119765902.53,-404450,119361452.53,11610554.5,0,0,0,0,0,3465140.6,1,0,0,106178308.99,10654479.5,20260509-0,179342499.1,179342499.1,179342499.1,116832788.49,0,20260509-0
09-MAY-2026,101F095,1648583.91,0,1648583.91,130757,0,0,0,0,0,0,1,0,0,1648583.91,130757,20260509-0,2567246,2567246,2567246,1779340.91,0,20260509-0
09-MAY-2026,101F119,0,0,0,0,0,0,0,0,0,0,1,0,0,0,0,20260509-0,19485600,19485600,19485600,0,0,20260509-0
09-MAY-2026,101F666,0,0,0,0,0,0,0,0,0,0,1,0,0,0,0,20260509-0,129346,129346,129346,0,0,20260509-0
09-MAY-2026,101J206,656620.5,0,656620.5,209475.5,0,0,0,0,0,0,1,0,0,656620.5,209475.5,20260509-0,2038549,2038549,2038549,866096,0,20260509-0
09-MAY-2026,101R182,0,0,0,0,0,0,0,0,0,0,1,0,0,0,0,20260509-0,35000,35000,35000,0,0,20260509-0
09-MAY-2026,101S786,20888629.5,0,20888629.5,6186849.5,0,0,0,0,0,0,1,0,0,20888629.5,6186849.5,20260509-0,46962109,46962109,46962109,27075479,0,20260509-0
09-MAY-2026,101V017,72522,0,72522,6043.5,0,0,0,0,0,0,1,0,0,72522,6043.5,20260509-0,248863,248863,248863,78565.5,0,20260509-0
09-MAY-2026,101V165,0,0,0,0,0,0,0,0,0,0,1,0,0,0,0,20260509-0,159145.37,159145.37,159145.37,0,0,20260509-0
09-MAY-2026,101X408,206069.13,0,206069.13,16226,0,0,0,0,0,0,1,0,0,206069.13,16226,20260509-0,601178,601178,601178,222295.13,0,20260509-0
09-MAY-2026,101X494,664980,0,664980,55415,0,0,0,0,0,0,1,0,0,664980,55415,20260509-0,796572.83,796572.83,796572.83,720395,0,20260509-0
09-MAY-2026,102B030,1474506,0,1474506,122875.5,0,0,0,0,0,0,1,0,0,1474506,122875.5,20260509-0,1770691,1770691,1770691,1597381.5,0,20260509-0
09-MAY-2026,102F004,555444,0,555444,46287,0,0,0,0,0,0,1,0,0,555444,46287,20260509-0,643624,643624,643624,601731,0,20260509-0
09-MAY-2026,102F012,2404596.2,0,2404596.2,198954,0,0,0,0,0,0,1,0,0,2404596.2,198954,20260509-0,2801067,2801067,2801067,2603550.2,0,20260509-0
09-MAY-2026,102F013,2837754,0,2837754,236479.5,0,0,0,0,0,0,1,0,0,2837754,236479.5,20260509-0,17478148,17478148,17478148,3074233.5,0,20260509-0
09-MAY-2026,102F037,1571208,0,1571208,214974,0,0,0,0,0,0,1,0,0,1571208,214974,20260509-0,2973087.7,2973087.7,2973087.7,1786182,0,20260509-0
09-MAY-2026,102F061,12477210,0,12477210,1039767.5,0,0,0,0,0,0,1,0,0,12477210,1039767.5,20260509-0,15915969,15915969,15915969,13516977.5,0,20260509-0
09-MAY-2026,102F090,269880,0,269880,22490,0,0,0,0,0,0,1,0,0,269880,22490,20260509-0,1038857,1038857,1038857,292370,0,20260509-0
09-MAY-2026,102L006,0,0,0,0,0,0,0,0,0,0,1,0,0,0,0,20260509-0,58249,58249,58249,0,0,20260509-0
09-MAY-2026,102P004,944580,0,944580,78715,0,0,0,0,0,0,1,0,0,944580,78715,20260509-0,1791389.07,1791389.07,1791389.07,1023295,0,20260509-0
09-MAY-2026,102P005,1292679.61,0,1292679.61,103380,0,0,0,0,0,0,1,0,0,1292679.61,103380,20260509-0,2032856,2032856,2032856,1396059.61,0,20260509-0
09-MAY-2026,102R003,10740293.74,0,10740293.74,939526.5,0,0,0,0,0,0,1,0,0,10740293.74,939526.5,20260509-0,25246685.85,25246685.85,25246685.85,11679820.24,0,20260509-0
09-MAY-2026,102R004,0,0,0,0,0,0,0,0,0,0,1,0,0,0,0,20260509-0,7787574,7809377.4,7809377.4,0,0,20260509-0
09-MAY-2026,102R010,0,0,0,0,0,0,0,0,0,0,1,0,0,0,0,20260509-0,3517622,3542812.92,3542812.92,0,0,20260509-0
09-MAY-2026,102R999,3345240,0,3345240,278770,0,0,0,0,0,0,1,0,0,3345240,278770,20260509-0,4324356,4324356,4324356,3624010,0,20260509-0
09-MAY-2026,102S001,1329960,0,1329960,110830,0,0,0,0,0,0,1,0,0,1329960,110830,20260509-0,1942341,1942341,1942341,1440790,0,20260509-0
09-MAY-2026,102S005,934860,0,934860,77905,0,0,0,0,0,0,1,0,0,934860,77905,20260509-0,1281049,1281049,1281049,1012765,0,20260509-0
09-MAY-2026,102T002,0,0,0,0,0,0,0,0,0,0,1,0,0,0,0,20260509-0,490687.93,490687.93,490687.93,0,0,20260509-0
09-MAY-2026,103M182,408510,0,408510,34042.5,0,0,0,0,0,0,1,0,0,408510,34042.5,20260509-0,535545,535545,535545,442552.5,0,20260509-0
09-MAY-2026,103R002,67470,0,67470,5622.5,0,0,0,0,0,0,1,0,0,67470,5622.5,20260509-0,166242,166242,166242,73092.5,0,20260509-0
09-MAY-2026,103S070,2058594,0,2058594,656734,0,0,0,0,0,0,1,0,0,2058594,656734,20260509-0,3242101,3242101,3242101,2715328,0,20260509-0
09-MAY-2026,103T026,882162,0,882162,73513.5,0,0,0,0,0,0,1,0,0,882162,73513.5,20260509-0,1158943,1158943,1158943,955675.5,0,20260509-0
09-MAY-2026,121B005,3979452,0,3979452,331621,0,0,0,0,0,0,1,0,0,3979452,331621,20260509-0,5577103,5577103,5577103,4311073,0,20260509-0
09-MAY-2026,121B129,1884402.38,0,1884402.38,263342.5,0,0,0,0,0,0,1,0,0,1884402.38,263342.5,20260509-0,6130601,6130601,6130601,2147744.88,0,20260509-0
09-MAY-2026,126S152,144144,0,144144,12012,0,0,0,0,0,0,1,0,0,144144,12012,20260509-0,215505,215505,215505,156156,0,20260509-0
09-MAY-2026,134V005,33588,0,33588,2799,0,0,0,0,0,0,1,0,0,33588,2799,20260509-0,38866,38866,38866,36387,0,20260509-0
09-MAY-2026,147A005,551646,0,551646,45970.5,0,0,0,0,0,0,1,0,0,551646,45970.5,20260509-0,1293334,1293334,1293334,597616.5,0,20260509-0
09-MAY-2026,147A027,205518,0,205518,17126.5,0,0,0,0,0,0,1,0,0,205518,17126.5,20260509-0,269710,269710,269710,222644.5,0,20260509-0
09-MAY-2026,151H004,133674,0,133674,11139.5,0,0,0,0,0,0,1,0,0,133674,11139.5,20260509-0,198202,198202,198202,144813.5,0,20260509-0
09-MAY-2026,175D036,132996,0,132996,11083,0,0,0,0,0,0,1,0,0,132996,11083,20260509-0,344176,344176,344176,144079,0,20260509-0
09-MAY-2026,199F082,3006720,0,3006720,375840,0,0,0,0,0,0,1,0,0,3006720,375840,20260509-0,4696009,4696009,4696009,3382560,0,20260509-0
09-MAY-2026,201F001,16319430,0,16319430,1359952.5,0,0,57780,0,0,0,1,0,0,16319430,1359952.5,20260509-0,22250442,22250442,22250442,17679382.5,0,20260509-0
09-MAY-2026,202C027,961800,0,961800,80150,0,0,0,0,0,0,1,0,0,961800,80150,20260509-0,3488478.26,3488478.26,3488478.26,1041950,0,20260509-0
09-MAY-2026,202C054,137400,0,137400,11450,0,0,0,0,0,0,1,0,0,137400,11450,20260509-0,1920865,1920865,1920865,148850,0,20260509-0
09-MAY-2026,202D008,1013286,0,1013286,84440.5,0,0,0,0,0,0,1,0,0,1013286,84440.5,20260509-0,8768365.45,8768365.45,8768365.45,1097726.5,0,20260509-0
09-MAY-2026,202G001,0,0,0,0,0,0,0,0,0,0,1,0,0,0,0,20260509-0,331141,331141,331141,0,0,20260509-0
09-MAY-2026,202J027,467430,0,467430,38952.5,0,0,0,0,0,0,1,0,0,467430,38952.5,20260509-0,744025,744025,744025,506382.5,0,20260509-0
09-MAY-2026,202M008,2953577.11,0,2953577.11,278737,0,0,0,0,0,0,1,0,0,2953577.11,278737,20260509-0,9546050.68,9546050.68,9546050.68,3232314.11,0,20260509-0
09-MAY-2026,202R102,0,0,0,0,0,0,0,0,0,0,1,0,0,0,0,20260509-0,1500000,1500000,1500000,0,0,20260509-0
09-MAY-2026,202S004,0,0,0,0,0,0,0,0,0,0,1,0,0,0,0,20260509-0,19254404,19254404,19254404,0,0,20260509-0
09-MAY-2026,202S015,1015260,0,1015260,84605,0,0,0,0,0,0,1,0,0,1015260,84605,20260509-0,1430593,1430593,1430593,1099865,0,20260509-0
09-MAY-2026,207L111,137400,0,137400,11450,0,0,0,0,0,0,1,0,0,137400,11450,20260509-0,202018,202018,202018,148850,0,20260509-0
09-MAY-2026,207P003,1112160,0,1112160,92680,0,0,0,0,0,0,1,0,0,1112160,92680,20260509-0,1379640,1379640,1379640,1204840,0,20260509-0
09-MAY-2026,207R004,343500,0,343500,28625,0,0,0,0,0,0,1,0,0,343500,28625,20260509-0,300000,300000,300000,372125,72125,20260509-0
09-MAY-2026,209A046,0,0,0,0,0,0,0,0,0,0,1,0,0,0,0,20260509-0,100841,100841,100841,0,0,20260509-0
09-MAY-2026,209B007,6137604,0,6137604,563182.5,0,0,0,0,0,0,1,0,0,6137604,563182.5,20260509-0,8802214.95,8802214.95,8802214.95,6700786.5,0,20260509-0
09-MAY-2026,209D005,6257756.25,0,6257756.25,1039578.5,0,0,0,0,0,0,1,0,0,6257756.25,1039578.5,20260509-0,8739535.68,8739535.68,8739535.68,7297334.75,0,20260509-0
09-MAY-2026,209G421,3288915.77,0,3288915.77,261865.5,0,0,0,0,0,0,1,0,0,3288915.77,261865.5,20260509-0,4552536,4552536,4552536,3550781.27,0,20260509-0
09-MAY-2026,251L031,1198908,0,1198908,99909,0,0,0,0,0,0,1,0,0,1198908,99909,20260509-0,1682936,1682936,1682936,1298817,0,20260509-0
09-MAY-2026,251L032,2902650,0,2902650,241887.5,0,0,0,0,0,0,1,0,0,2902650,241887.5,20260509-0,3385406,3385406,3385406,3144537.5,0,20260509-0
09-MAY-2026,251L036,932916,0,932916,77743,0,0,0,0,0,0,1,0,0,932916,77743,20260509-0,1262650,1262650,1262650,1010659,0,20260509-0
09-MAY-2026,251L037,797976,0,797976,66498,0,0,0,0,0,0,1,0,0,797976,66498,20260509-0,908994,908994,908994,864474,0,20260509-0
09-MAY-2026,251L038,797976,0,797976,66498,0,0,0,0,0,0,1,0,0,797976,66498,20260509-0,969651,969651,969651,864474,0,20260509-0
09-MAY-2026,252M077,170520,0,170520,14210,0,0,0,0,0,0,1,0,0,170520,14210,20260509-0,217224,217224,217224,184730,0,20260509-0
09-MAY-2026,279G003,4837092,0,4837092,403091,0,0,0,0,0,0,1,0,0,4837092,403091,20260509-0,9852523,9852523,9852523,5240183,0,20260509-0
09-MAY-2026,279G004,1581360,0,1581360,131780,0,0,0,0,0,0,1,0,0,1581360,131780,20260509-0,1893851,1893851,1893851,1713140,0,20260509-0
09-MAY-2026,279J002,525760,0,525760,65720,0,0,0,0,0,0,1,0,0,525760,65720,20260509-0,3033762,3033762,3033762,591480,0,20260509-0
09-MAY-2026,279J003,1190740,0,1190740,121135,0,0,0,0,0,0,1,0,0,1190740,121135,20260509-0,3019554,3019554,3019554,1311875,0,20260509-0
09-MAY-2026,432M006,0,0,0,0,0,0,0,0,0,0,1,0,0,0,0,20260509-0,15658,15658,15658,0,0,20260509-0
09-MAY-2026,702P186,1011186.41,0,1011186.41,81370,0,0,0,0,0,0,1,0,0,1011186.41,81370,20260509-0,1551381,1551381,1551381,1092556.41,0,20260509-0
