09-MAY-2026,01297,1081476,0,1081476,90123,0,0,0,0,0,0,2,0,0
09-MAY-2026,BCG50,71450,0,71450,5725,0,0,0,0,0,0,1,0,0
09-MAY-2026,BDP349,2130084,0,2130084,177507,0,0,75114,0,0,0,1,0,0
09-MAY-2026,DSS23,809615.15,0,809615.15,66833,0,0,0,0,0,0,1,0,0
09-MAY-2026,G659,71622,0,71622,5968.5,0,0,0,0,0,0,1,0,0
09-MAY-2026,GAF874,34350,0,34350,2862.5,0,0,0,0,0,0,1,0,0
09-MAY-2026,MLW322,71622,0,71622,5968.5,0,0,0,0,0,0,1,0,0
09-MAY-2026,RAV370,72522,0,72522,6043.5,0,0,0,0,0,0,1,0,0
09-MAY-2026,RAV400,2296404,0,2296404,191367,0,0,0,0,0,0,1,0,0
09-MAY-2026,RBR145,149956,0,149956,12216.5,0,0,0,0,0,0,1,0,0
09-MAY-2026,RBR161,309735.98,0,309735.98,24692,0,0,0,0,0,0,1,0,0
09-MAY-2026,RBR213,289188,0,289188,24099,0,0,0,0,0,0,1,0,0
09-MAY-2026,RBR264,72522,0,72522,6043.5,0,0,0,0,0,0,1,0,0
09-MAY-2026,RBR404,72522,0,72522,6043.5,0,0,0,0,0,0,1,0,0
09-MAY-2026,RBR81,430632,0,430632,35886,0,0,0,0,0,0,1,0,0
09-MAY-2026,RBR85,34350,0,34350,2862.5,0,0,0,0,0,0,1,0,0
09-MAY-2026,RBR90,573876,0,573876,47823,0,0,0,0,0,0,1,0,0
09-MAY-2026,RDP894,718900,0,718900,71957,0,0,0,0,0,0,1,0,0
09-MAY-2026,RMS552,1105020,0,1105020,108285,0,0,0,0,0,0,1,0,0
09-MAY-2026,SNM502,343500,0,343500,28625,0,0,0,0,0,0,1,0,0
09-MAY-2026,SULG07,412200,0,412200,34350,0,0,0,0,0,0,1,0,0
09-MAY-2026,SULG10,1850667.9,0,1850667.9,151139,0,0,0,0,0,0,1,0,0
09-MAY-2026,SULG99,0,0,0,0,0,0,0,0,0,0,1,0,0
09-MAY-2026,VR518,0,0,0,0,0,0,0,0,0,0,1,0,0
09-MAY-2026,YNR153,268704,0,268704,22392,0,0,0,0,0,0,1,0,0
09-MAY-2026,YNR87,7746457.66,0,7746457.66,625670,0,0,0,0,0,0,1,0,0
09-MAY-2026,Z3KT91,68580,0,68580,5715,0,0,11430,0,0,0,1,0,0
