09-MAY-2026,01240,0,0,0,0,0,0,0,0,0,0,2,0,0
09-MAY-2026,AASH1433,144144,0,144144,12012,0,0,0,0,0,0,1,0,0
09-MAY-2026,AASH1799,26288,0,26288,3286,0,0,0,0,0,0,1,0,0
09-MAY-2026,AASH1904,71622,0,71622,5968.5,0,0,0,0,0,0,1,0,0
09-MAY-2026,ABCS940750,0,0,0,0,0,0,0,0,0,0,1,0,0
09-MAY-2026,ABQR127,901440,0,901440,75120,0,0,0,0,0,0,1,0,0
09-MAY-2026,ACSQ909,0,0,0,0,0,0,0,0,0,0,1,0,0
09-MAY-2026,AGG1271,71622,0,71622,5968.5,0,0,0,0,0,0,1,0,0
09-MAY-2026,AJAJ005,0,0,0,0,0,0,0,0,0,0,1,0,0
09-MAY-2026,AJM4800,0,0,0,0,0,0,0,0,0,0,1,0,0
09-MAY-2026,AJM6515,0,0,0,0,0,0,0,0,0,0,1,0,0
09-MAY-2026,AJMY953,133968,0,133968,11164,0,0,0,0,0,0,1,0,0
09-MAY-2026,AKCB1333,0,0,0,0,0,0,0,0,0,0,1,0,0
09-MAY-2026,AKKT1346,0,0,0,0,0,0,0,0,0,0,1,0,0
09-MAY-2026,AMBR94,0,0,0,0,0,0,0,0,0,0,1,0,0
09-MAY-2026,AMDNJ1205,287388,0,287388,23949,0,0,0,0,0,0,1,0,0
09-MAY-2026,AMTL1201,319729,0,319729,26317,0,0,0,0,0,0,1,0,0
09-MAY-2026,ANIL1978,165096,0,165096,13758,0,0,0,0,0,0,1,0,0
09-MAY-2026,ANKM1372,0,0,0,0,0,0,0,0,0,0,1,0,0
09-MAY-2026,ANRC0787,34350,0,34350,2862.5,0,0,0,0,0,0,1,0,0
09-MAY-2026,ANS1219,0,0,0,0,0,0,0,0,0,0,1,0,0
09-MAY-2026,APSJ1271,504648,0,504648,42054,0,0,0,0,0,0,1,0,0
09-MAY-2026,ARMA1802,41544,0,41544,3462,0,0,0,0,0,0,1,0,0
09-MAY-2026,ARP4100,0,0,0,0,0,0,0,0,0,0,1,0,0
09-MAY-2026,ASEEM9,2940354,0,2940354,255829.5,0,0,0,0,0,0,1,0,0
09-MAY-2026,ASKP1355,0,0,0,0,0,0,0,0,0,0,1,0,0
09-MAY-2026,ATJP12326,0,0,0,0,0,0,0,0,0,0,1,0,0
09-MAY-2026,AUAA1481,67176,0,67176,5598,0,0,0,0,0,0,1,0,0
09-MAY-2026,AUSF148705,0,0,0,0,0,0,0,0,0,0,1,0,0
09-MAY-2026,AUSF150041,123552,0,123552,10296,0,0,0,0,0,0,1,0,0
09-MAY-2026,AUSF186567,68700,0,68700,5725,0,0,0,0,0,0,1,0,0
09-MAY-2026,AUSF84788,100764,0,100764,8397,0,0,0,0,0,0,1,0,0
09-MAY-2026,AUSF86204,0,0,0,0,0,0,0,0,0,0,1,0,0
09-MAY-2026,AYFC1240,369468,0,369468,30789,0,0,0,0,0,0,1,0,0
09-MAY-2026,AYJB1207,0,0,0,0,0,0,0,0,0,0,1,0,0
09-MAY-2026,AZMG1201,1821391.96,0,1821391.96,149544,0,0,0,0,0,0,1,0,0
09-MAY-2026,BBSL1305,306690,0,306690,25557.5,0,0,0,0,0,0,1,0,0
09-MAY-2026,BBSL2036,134940,0,134940,11245,0,0,0,0,0,0,1,0,0
09-MAY-2026,BBSL2416,2370150,0,2370150,197512.5,0,0,0,0,0,0,1,0,0
09-MAY-2026,BBSL2476,0,0,0,0,0,0,0,0,0,0,1,0,0
09-MAY-2026,BBSL5599,441216,0,441216,36768,0,0,0,0,0,0,1,0,0
09-MAY-2026,BD1215,0,0,0,0,0,0,0,0,0,0,1,0,0
09-MAY-2026,BDAP17,0,0,0,0,0,0,0,0,0,0,1,0,0
09-MAY-2026,BHIN1440,68700,0,68700,5725,0,0,0,0,0,0,1,0,0
09-MAY-2026,BHRB1239,0,0,0,0,0,0,0,0,0,0,1,0,0
09-MAY-2026,BRSC538,34668,0,34668,2889,0,0,5778,0,0,0,1,0,0
09-MAY-2026,BS002,0,0,0,0,0,0,0,0,0,0,1,0,0
09-MAY-2026,BTVP3327,0,0,0,0,0,0,0,0,0,0,1,0,0
09-MAY-2026,BW5769,83700,0,83700,6975,0,0,0,0,0,0,1,0,0
09-MAY-2026,BWDJ1388,601186,0,601186,49819,0,0,0,0,0,0,1,0,0
09-MAY-2026,BWDJ1506,171708,0,171708,14309,0,0,0,0,0,0,1,0,0
09-MAY-2026,BWKS120160,217566,0,217566,18130.5,0,0,0,0,0,0,1,0,0
09-MAY-2026,BWLM0124,0,0,0,0,0,0,0,0,0,0,1,0,0
09-MAY-2026,CAPG012,71622,0,71622,5968.5,0,0,0,0,0,0,1,0,0
09-MAY-2026,CATR039,337350,0,337350,28112.5,0,0,0,0,0,0,1,0,0
09-MAY-2026,CATR040,337350,0,337350,28112.5,0,0,0,0,0,0,1,0,0
09-MAY-2026,CAVP520,71622,0,71622,5968.5,0,0,0,0,0,0,1,0,0
09-MAY-2026,CL4381,0,0,0,0,0,0,0,0,0,0,1,0,0
09-MAY-2026,CL4770,0,0,0,0,0,0,0,0,0,0,1,0,0
09-MAY-2026,CNH100,399582.87,0,399582.87,32452,0,0,0,0,0,0,1,0,0
09-MAY-2026,CP0383,0,0,0,0,0,0,0,0,0,0,1,0,0
09-MAY-2026,CP0465,0,0,0,0,0,0,0,0,0,0,1,0,0
09-MAY-2026,CP1001,214866,0,214866,17905.5,0,0,0,0,0,0,1,0,0
09-MAY-2026,CP1012,71622,0,71622,5968.5,0,0,0,0,0,0,1,0,0
09-MAY-2026,CP7002,143244,0,143244,11937,0,0,0,0,0,0,1,0,0
09-MAY-2026,CPAL1202,0,0,0,0,0,0,0,0,0,0,1,0,0
09-MAY-2026,CPTR2113,337056,0,337056,28088,0,0,0,0,0,0,1,0,0
09-MAY-2026,CPTRGS12,67176,0,67176,5598,0,0,0,0,0,0,1,0,0
09-MAY-2026,CPTRMA71,2428920,0,2428920,202410,0,0,0,0,0,0,1,0,0
09-MAY-2026,CPTRMCH3,134940,0,134940,11245,0,0,0,0,0,0,1,0,0
09-MAY-2026,CPTRMG24,2496390,0,2496390,208032.5,0,0,0,0,0,0,1,0,0
09-MAY-2026,CPTRMK10,603342,0,603342,50278.5,0,0,0,0,0,0,1,0,0
09-MAY-2026,CPTRPR14,1416870,0,1416870,118072.5,0,0,0,0,0,0,1,0,0
09-MAY-2026,CPTRSGH10,134940,0,134940,11245,0,0,0,0,0,0,1,0,0
09-MAY-2026,CPTRSK194,6814470,0,6814470,567872.5,0,0,0,0,0,0,1,0,0
09-MAY-2026,CPTRSN6,1956630,0,1956630,163052.5,0,0,0,0,0,0,1,0,0
09-MAY-2026,DELA1315,0,0,0,0,0,0,0,0,0,0,1,0,0
09-MAY-2026,DELD947,67470,0,67470,5622.5,0,0,0,0,0,0,1,0,0
09-MAY-2026,DIRJ0550,472518,0,472518,39376.5,0,0,0,0,0,0,1,0,0
09-MAY-2026,DLBN1209,0,0,0,0,0,0,0,0,0,0,1,0,0
09-MAY-2026,DLDAT1209,0,0,0,0,0,0,0,0,0,0,1,0,0
09-MAY-2026,DLQA1212,33588,0,33588,2799,0,0,0,0,0,0,1,0,0
09-MAY-2026,DLSH1598,0,0,0,0,0,0,0,0,0,0,1,0,0
09-MAY-2026,DLSO1269,575676,0,575676,47973,0,0,0,0,0,0,1,0,0
09-MAY-2026,DLYRA1204,0,0,0,0,0,0,0,0,0,0,1,0,0
09-MAY-2026,DNLS1218,0,0,0,0,0,0,0,0,0,0,1,0,0
09-MAY-2026,DPHS0115,411555.98,0,411555.98,33177,0,0,0,0,0,0,1,0,0
09-MAY-2026,DPHS0120,0,0,0,0,0,0,0,0,0,0,1,0,0
09-MAY-2026,DPHS0121,232301.99,0,232301.99,18519,0,0,0,0,0,0,1,0,0
09-MAY-2026,DPHS0126,309735.98,0,309735.98,24692,0,0,0,0,0,0,1,0,0
09-MAY-2026,DPHS0127,77434,0,77434,6173,0,0,0,0,0,0,1,0,0
09-MAY-2026,DPHS0130,256687.99,0,256687.99,20831,0,0,0,0,0,0,1,0,0
09-MAY-2026,DPHS0131,454639.98,0,454639.98,36487.5,0,0,0,0,0,0,1,0,0
09-MAY-2026,DPHS0159,934895.96,0,934895.96,75389.5,0,0,0,0,0,0,1,0,0
09-MAY-2026,DPHS1201,2731449.88,0,2731449.88,220625,0,0,0,0,0,0,1,0,0
09-MAY-2026,DPHS1206,1465309.93,0,1465309.93,118191.5,0,0,0,0,0,0,1,0,0
09-MAY-2026,DPHS1208,1100281.96,0,1100281.96,89451.5,0,0,0,0,0,0,1,0,0
09-MAY-2026,DPHS1209,301001.99,0,301001.99,24244,0,0,0,0,0,0,1,0,0
09-MAY-2026,DPHS1210,375600,0,375600,31300,0,0,0,0,0,0,1,0,0
09-MAY-2026,DPHS1211,445905.98,0,445905.98,36039.5,0,0,0,0,0,0,1,0,0
09-MAY-2026,DPHS1213,152554,0,152554,12433,0,0,0,0,0,0,1,0,0
09-MAY-2026,DPHS1220,1157233.95,0,1157233.95,93358,0,0,0,0,0,0,1,0,0
09-MAY-2026,DPHS1221,266651.99,0,266651.99,21381.5,0,0,0,0,0,0,1,0,0
09-MAY-2026,DPHS1222,635123.97,0,635123.97,51248,0,0,0,0,0,0,1,0,0
09-MAY-2026,DPHS1223,260839.99,0,260839.99,21177,0,0,0,0,0,0,1,0,0
09-MAY-2026,DPHS1225,788761.96,0,788761.96,63491.5,0,0,0,0,0,0,1,0,0
09-MAY-2026,DPHS1227,575625.97,0,575625.97,46010,0,0,0,0,0,0,1,0,0
09-MAY-2026,DPHS1228,77434,0,77434,6173,0,0,0,0,0,0,1,0,0
09-MAY-2026,DPHS1232,851649.97,0,851649.97,69012,0,0,0,0,0,0,1,0,0
09-MAY-2026,DPHS1237,75120,0,75120,6260,0,0,0,0,0,0,1,0,0
09-MAY-2026,DPHS1238,154867.99,0,154867.99,12346,0,0,0,0,0,0,1,0,0
09-MAY-2026,DPHS1239,0,0,0,0,0,0,0,0,0,0,1,0,0
09-MAY-2026,DPHS1241,266651.99,0,266651.99,21381.5,0,0,0,0,0,0,1,0,0
09-MAY-2026,DPHS1247,75120,0,75120,6260,0,0,0,0,0,0,1,0,0
09-MAY-2026,DPHS1250,77434,0,77434,6173,0,0,0,0,0,0,1,0,0
09-MAY-2026,DPHS1254,77434,0,77434,6173,0,0,0,0,0,0,1,0,0
09-MAY-2026,DPHS1257,154867.99,0,154867.99,12346,0,0,0,0,0,0,1,0,0
09-MAY-2026,DPHS1258,0,0,0,0,0,0,0,0,0,0,1,0,0
09-MAY-2026,DPJJ1264,0,0,0,0,0,0,0,0,0,0,1,0,0
09-MAY-2026,DPJJ1296,274614,0,274614,22884.5,0,0,0,0,0,0,1,0,0
09-MAY-2026,DPJJ1327,0,0,0,0,0,0,0,0,0,0,1,0,0
09-MAY-2026,DPJJ1479,0,0,0,0,0,0,0,0,0,0,1,0,0
09-MAY-2026,DPLP1379,0,0,0,0,0,0,0,0,0,0,1,0,0
09-MAY-2026,DSN0380,82008,0,82008,6834,0,0,0,0,0,0,1,0,0
09-MAY-2026,DSN0474,306324,0,306324,25527,0,0,0,0,0,0,1,0,0
09-MAY-2026,DSNT1501,75120,0,75120,6260,0,0,0,0,0,0,1,0,0
09-MAY-2026,DSS375,0,0,0,0,0,0,0,0,0,0,1,0,0
09-MAY-2026,DTBJAM224,0,0,0,0,0,0,0,0,0,0,1,0,0
09-MAY-2026,DTBJAM354,0,0,0,0,0,0,0,0,0,0,1,0,0
09-MAY-2026,DVYT0600,139560,0,139560,11630,0,0,0,0,0,0,1,0,0
09-MAY-2026,E170099,0,0,0,0,0,0,0,0,0,0,1,0,0
09-MAY-2026,E191357,1050785.96,0,1050785.96,85047,0,0,0,0,0,0,1,0,0
09-MAY-2026,E191460,0,0,0,0,0,0,0,0,0,0,1,0,0
09-MAY-2026,E192111,0,0,0,0,0,0,0,0,0,0,1,0,0
09-MAY-2026,E195097,103050,0,103050,8587.5,0,0,0,0,0,0,1,0,0
09-MAY-2026,EAOP0577,287028,0,287028,23919,0,0,0,0,0,0,1,0,0
09-MAY-2026,EAOP4242,51840,0,51840,6480,0,0,0,0,0,0,1,0,0
09-MAY-2026,EAOP554362,881280,0,881280,110160,0,0,0,0,0,0,1,0,0
09-MAY-2026,EAOPE20871,0,0,0,0,0,0,0,0,0,0,1,0,0
09-MAY-2026,EAOPE67380,134940,0,134940,11245,0,0,0,0,0,0,1,0,0
09-MAY-2026,EAOPE70764,83088,0,83088,6924,0,0,0,0,0,0,1,0,0
09-MAY-2026,EAOPE7430,309735.98,0,309735.98,24692,0,0,0,0,0,0,1,0,0
09-MAY-2026,EBOM001890,0,0,0,0,0,0,0,0,0,0,1,0,0
09-MAY-2026,EBOM026906,0,0,0,0,0,0,0,0,0,0,1,0,0
09-MAY-2026,EBOM032039,0,0,0,0,0,0,0,0,0,0,1,0,0
09-MAY-2026,EBOM039001,0,0,0,0,0,0,0,0,0,0,1,0,0
09-MAY-2026,EBOM071448,0,0,0,0,0,0,0,0,0,0,1,0,0
09-MAY-2026,EBOM072520,0,0,0,0,0,0,0,0,0,0,1,0,0
09-MAY-2026,EBOM074384,77434,0,77434,6173,0,0,0,0,0,0,1,0,0
09-MAY-2026,EBOM106687,0,0,0,0,0,0,0,0,0,0,1,0,0
09-MAY-2026,EBOM110486,0,0,0,0,0,0,0,0,0,0,1,0,0
09-MAY-2026,EBOM116932,1084075.93,0,1084075.93,86422,0,0,0,0,0,0,1,0,0
09-MAY-2026,EBOM125336,0,0,0,0,0,0,0,0,0,0,1,0,0
09-MAY-2026,EBOM126030,0,0,0,0,0,0,0,0,0,0,1,0,0
09-MAY-2026,EBOM155353,0,0,0,0,0,0,0,0,0,0,1,0,0
09-MAY-2026,EBOM168961,0,0,0,0,0,0,0,0,0,0,1,0,0
09-MAY-2026,EBOM180612,0,0,0,0,0,0,0,0,0,0,1,0,0
09-MAY-2026,EBOM196572,0,0,0,0,0,0,0,0,0,0,1,0,0
09-MAY-2026,EBOM226401,214866,0,214866,17905.5,0,0,0,0,0,0,1,0,0
09-MAY-2026,EBOM228109,0,0,0,0,0,0,0,0,0,0,1,0,0
09-MAY-2026,EBOM231493,0,0,0,0,0,0,0,0,0,0,1,0,0
09-MAY-2026,EBOM232550,34350,0,34350,2862.5,0,0,0,0,0,0,1,0,0
09-MAY-2026,EBOM233452,0,0,0,0,0,0,0,0,0,0,1,0,0
09-MAY-2026,EBOM246932,0,0,0,0,0,0,0,0,0,0,1,0,0
09-MAY-2026,EBOM253716,0,0,0,0,0,0,0,0,0,0,1,0,0
09-MAY-2026,EBOM268305,0,0,0,0,0,0,0,0,0,0,1,0,0
09-MAY-2026,EBOM275563,0,0,0,0,0,0,0,0,0,0,1,0,0
09-MAY-2026,EBOM290203,33588,0,33588,2799,0,0,0,0,0,0,1,0,0
09-MAY-2026,EBOM307101,539760,0,539760,44980,0,0,0,0,0,0,1,0,0
09-MAY-2026,EBOM310720,0,0,0,0,0,0,0,0,0,0,1,0,0
09-MAY-2026,EBOM321696,133968,0,133968,11164,0,0,0,0,0,0,1,0,0
09-MAY-2026,EBOM328310,97696.13,0,97696.13,8036,0,0,0,0,0,0,1,0,0
09-MAY-2026,EBOM352621,0,0,0,0,0,0,0,0,0,0,1,0,0
09-MAY-2026,EBOM379154,1028782.13,0,1028782.13,85626.5,0,0,0,0,0,0,1,0,0
09-MAY-2026,EBOM385154,0,0,0,0,0,0,0,0,0,0,1,0,0
09-MAY-2026,EBOM412873,0,0,0,0,0,0,0,0,0,0,1,0,0
09-MAY-2026,EBOM441661,0,0,0,0,0,0,0,0,0,0,1,0,0
09-MAY-2026,EBOM462719,0,0,0,0,0,0,0,0,0,0,1,0,0
09-MAY-2026,EBOM463927,0,0,0,0,0,0,0,0,0,0,1,0,0
09-MAY-2026,EBOM473597,450,0,450,0,0,0,0,0,0,0,1,0,0
09-MAY-2026,EBOM483347,0,0,0,0,0,0,0,0,0,0,1,0,0
09-MAY-2026,EBOM488835,0,0,0,0,0,0,0,0,0,0,1,0,0
09-MAY-2026,EBOM501687,0,0,0,0,0,0,0,0,0,0,1,0,0
09-MAY-2026,EBOM515664,528478,0,528478,43760,0,0,0,0,0,0,1,0,0
09-MAY-2026,EBOM565527,0,0,0,0,0,0,0,0,0,0,1,0,0
09-MAY-2026,EBOM573400,0,0,0,0,0,0,0,0,0,0,1,0,0
09-MAY-2026,EBOM579285,0,0,0,0,0,0,0,0,0,0,1,0,0
09-MAY-2026,EBOM596547,101526,0,101526,8460.5,0,0,0,0,0,0,1,0,0
09-MAY-2026,EBOM618050,472290,0,472290,39357.5,0,0,0,0,0,0,1,0,0
09-MAY-2026,EBOM619347,0,0,0,0,0,0,0,0,0,0,1,0,0
09-MAY-2026,EBOM664042,0,0,0,0,0,0,0,0,0,0,1,0,0
09-MAY-2026,EBOM671202,0,0,0,0,0,0,0,0,0,0,1,0,0
09-MAY-2026,EBOM672971,0,0,0,0,0,0,0,0,0,0,1,0,0
09-MAY-2026,EBOM674180,0,0,0,0,0,0,0,0,0,0,1,0,0
09-MAY-2026,EBOM683728,71622,0,71622,5968.5,0,0,0,0,0,0,1,0,0
09-MAY-2026,EBOM693343,0,0,0,0,0,0,0,0,0,0,1,0,0
09-MAY-2026,EBOM696247,225360,0,225360,18780,0,0,0,0,0,0,1,0,0
09-MAY-2026,EBOM714274,0,0,0,0,0,0,0,0,0,0,1,0,0
09-MAY-2026,EBOM729501,83088,0,83088,6924,0,0,0,0,0,0,1,0,0
09-MAY-2026,EBOM734201,0,0,0,0,0,0,0,0,0,0,1,0,0
09-MAY-2026,EBOM737771,0,0,0,0,0,0,0,0,0,0,1,0,0
09-MAY-2026,EBOM738385,0,0,0,0,0,0,0,0,0,0,1,0,0
09-MAY-2026,EBOM739228,0,0,0,0,0,0,0,0,0,0,1,0,0
09-MAY-2026,EBOM746889,0,0,0,0,0,0,0,0,0,0,1,0,0
09-MAY-2026,EBOM763350,67470,0,67470,5622.5,0,0,0,0,0,0,1,0,0
09-MAY-2026,EBOM772584,0,0,0,0,0,0,0,0,0,0,1,0,0
09-MAY-2026,EBOM791874,687000,0,687000,57250,0,0,0,0,0,0,1,0,0
09-MAY-2026,EBOM805189,0,0,0,0,0,0,0,0,0,0,1,0,0
09-MAY-2026,EBOM820321,0,0,0,0,0,0,0,0,0,0,1,0,0
09-MAY-2026,EBOM822293,0,0,0,0,0,0,0,0,0,0,1,0,0
09-MAY-2026,EBOM834634,1126800,0,1126800,93900,0,0,0,0,0,0,1,0,0
09-MAY-2026,EBOM845446,0,0,0,0,0,0,0,0,0,0,1,0,0
09-MAY-2026,EBOM849862,68700,0,68700,5725,0,0,0,0,0,0,1,0,0
09-MAY-2026,EBOM849867,0,0,0,0,0,0,0,0,0,0,1,0,0
09-MAY-2026,EBOM854374,0,0,0,0,0,0,0,0,0,0,1,0,0
09-MAY-2026,EBOM869520,0,0,0,0,0,0,0,0,0,0,1,0,0
09-MAY-2026,EBOM882869,0,0,0,0,0,0,0,0,0,0,1,0,0
09-MAY-2026,EBOM894558,0,0,0,0,0,0,0,0,0,0,1,0,0
09-MAY-2026,EBOM905668,0,0,0,0,0,0,0,0,0,0,1,0,0
09-MAY-2026,EBOM913800,0,0,0,0,0,0,0,0,0,0,1,0,0
09-MAY-2026,EBOM920268,0,0,0,0,0,0,0,0,0,0,1,0,0
09-MAY-2026,EBOM921651,0,0,0,0,0,0,0,0,0,0,1,0,0
09-MAY-2026,EBOM921734,0,0,0,0,0,0,0,0,0,0,1,0,0
09-MAY-2026,EBOM935407,0,0,0,0,0,0,0,0,0,0,1,0,0
09-MAY-2026,EBOM938521,0,0,0,0,0,0,0,0,0,0,1,0,0
09-MAY-2026,EBOM991878,0,0,0,0,0,0,0,0,0,0,1,0,0
09-MAY-2026,EHYD040809,0,0,0,0,0,0,0,0,0,0,1,0,0
09-MAY-2026,EHYD181723,0,0,0,0,0,0,0,0,0,0,1,0,0
09-MAY-2026,EHYD313474,0,0,0,0,0,0,0,0,0,0,1,0,0
09-MAY-2026,EHYD354822,0,0,0,0,0,0,0,0,0,0,1,0,0
09-MAY-2026,EHYD671137,0,0,0,0,0,0,0,0,0,0,1,0,0
09-MAY-2026,EHYD676161,0,0,0,0,0,0,0,0,0,0,1,0,0
09-MAY-2026,EHYD705635,67470,0,67470,5622.5,0,0,0,0,0,0,1,0,0
09-MAY-2026,EHYD706665,0,0,0,0,0,0,0,0,0,0,1,0,0
09-MAY-2026,EHYD732283,0,0,0,0,0,0,0,0,0,0,1,0,0
09-MAY-2026,EHYD835217,0,0,0,0,0,0,0,0,0,0,1,0,0
09-MAY-2026,EHYDE90387,97696.13,0,97696.13,8036,0,0,0,0,0,0,1,0,0
09-MAY-2026,ELTE1532,217566,0,217566,18130.5,0,0,0,0,0,0,1,0,0
09-MAY-2026,EMUM147019,0,0,0,0,0,0,0,0,0,0,1,0,0
09-MAY-2026,EMUM389107,71622,0,71622,5968.5,0,0,0,0,0,0,1,0,0
09-MAY-2026,EMUM474443,0,0,0,0,0,0,0,0,0,0,1,0,0
09-MAY-2026,EMUM645935,72522,0,72522,6043.5,0,0,0,0,0,0,1,0,0
09-MAY-2026,EMUM682153,0,0,0,0,0,0,0,0,0,0,1,0,0
09-MAY-2026,EMUM728207,357130.46,0,357130.46,74511,0,0,0,0,0,0,1,0,0
09-MAY-2026,EMUM795107,71622,0,71622,5968.5,0,0,0,0,0,0,1,0,0
09-MAY-2026,EMUM845022,0,0,0,0,0,0,0,0,0,0,1,0,0
09-MAY-2026,EMUM893621,459975.98,0,459975.98,37212,0,0,0,0,0,0,1,0,0
09-MAY-2026,EMUM951717,201528,0,201528,16794,0,0,0,0,0,0,1,0,0
09-MAY-2026,ENU149,189976,0,189976,18022,0,0,0,0,0,0,1,0,0
09-MAY-2026,ETHN085751,1579284,0,1579284,131607,0,0,0,0,0,0,1,0,0
09-MAY-2026,ETHN127150,0,0,0,0,0,0,0,0,0,0,1,0,0
09-MAY-2026,ETHN181239,268704,0,268704,22392,0,0,0,0,0,0,1,0,0
09-MAY-2026,ETHN225705,0,0,0,0,0,0,0,0,0,0,1,0,0
09-MAY-2026,ETHN237407,0,0,0,0,0,0,0,0,0,0,1,0,0
09-MAY-2026,ETHN253321,0,0,0,0,0,0,0,0,0,0,1,0,0
09-MAY-2026,ETHN256028,0,0,0,0,0,0,0,0,0,0,1,0,0
09-MAY-2026,ETHN381135,0,0,0,0,0,0,0,0,0,0,1,0,0
09-MAY-2026,ETHN388134,0,0,0,0,0,0,0,0,0,0,1,0,0
09-MAY-2026,ETHN406240,0,0,0,0,0,0,0,0,0,0,1,0,0
09-MAY-2026,ETHN425740,0,0,0,0,0,0,0,0,0,0,1,0,0
09-MAY-2026,ETHN429764,0,0,0,0,0,0,0,0,0,0,1,0,0
09-MAY-2026,ETHN432638,0,0,0,0,0,0,0,0,0,0,1,0,0
09-MAY-2026,ETHN435522,41004,0,41004,3417,0,0,0,0,0,0,1,0,0
09-MAY-2026,ETHN523764,0,0,0,0,0,0,0,0,0,0,1,0,0
09-MAY-2026,ETHN564130,0,0,0,0,0,0,0,0,0,0,1,0,0
09-MAY-2026,ETHN586529,0,0,0,0,0,0,0,0,0,0,1,0,0
09-MAY-2026,ETHN653245,71622,0,71622,5968.5,0,0,0,0,0,0,1,0,0
09-MAY-2026,ETHN712845,602709.96,0,602709.96,48964,0,0,0,0,0,0,1,0,0
09-MAY-2026,ETHN725087,0,0,0,0,0,0,0,0,0,0,1,0,0
09-MAY-2026,ETHN730081,198791.48,0,198791.48,43472,0,0,0,0,0,0,1,0,0
09-MAY-2026,ETHN743632,42156,0,42156,3513,0,0,0,0,0,0,1,0,0
09-MAY-2026,ETHN758343,0,0,0,0,0,0,0,0,0,0,1,0,0
09-MAY-2026,ETHN816141,1277040,0,1277040,106420,0,0,0,0,0,0,1,0,0
09-MAY-2026,ETHN838902,236396.25,0,236396.25,19489,0,0,0,0,0,0,1,0,0
09-MAY-2026,ETHN848871,0,0,0,0,0,0,0,0,0,0,1,0,0
09-MAY-2026,ETHN870828,0,0,0,0,0,0,0,0,0,0,1,0,0
09-MAY-2026,ETHN985758,0,0,0,0,0,0,0,0,0,0,1,0,0
09-MAY-2026,EWFH875461,68700,0,68700,5725,0,0,0,0,0,0,1,0,0
09-MAY-2026,FBD400,72522,0,72522,6043.5,0,0,0,0,0,0,1,0,0
09-MAY-2026,FNSF1302,0,0,0,0,0,0,0,0,0,0,1,0,0
09-MAY-2026,GAIM9203,0,0,0,0,0,0,0,0,0,0,1,0,0
09-MAY-2026,GF1738,0,0,0,0,0,0,0,0,0,0,1,0,0
09-MAY-2026,GFCA768,41544,0,41544,3462,0,0,0,0,0,0,1,0,0
09-MAY-2026,GFSJ010,296874,0,296874,24739.5,0,0,0,0,0,0,1,0,0
09-MAY-2026,GHYAN001,0,0,0,0,0,0,0,0,0,0,1,0,0
09-MAY-2026,GHYAN008,0,0,0,0,0,0,0,0,0,0,1,0,0
09-MAY-2026,GHYAN151,0,0,0,0,0,0,0,0,0,0,1,0,0
09-MAY-2026,GHYAT1220,0,0,0,0,0,0,0,0,0,0,1,0,0
09-MAY-2026,GLOD040,0,0,0,0,0,0,0,0,0,0,1,0,0
09-MAY-2026,GMTP1401,751200,0,751200,62600,0,0,0,0,0,0,1,0,0
09-MAY-2026,GOBT4477,293088.38,0,293088.38,24108,0,0,0,0,0,0,1,0,0
09-MAY-2026,H1519,293088.38,0,293088.38,24108,0,0,0,0,0,0,1,0,0
09-MAY-2026,H30002,30971478,0,30971478,2580956.5,0,0,0,0,0,0,1,0,0
09-MAY-2026,H30081,18226050,0,18226050,1518837.5,0,0,0,0,0,0,1,0,0
09-MAY-2026,H30102,8231340,0,8231340,685945,0,0,0,0,0,0,1,0,0
09-MAY-2026,H30109,6159840,0,6159840,513320,0,0,0,0,0,0,1,0,0
09-MAY-2026,H30120,21418500,0,21418500,1784875,0,0,0,0,0,0,1,0,0
09-MAY-2026,H30273,30168120,0,30168120,2514010,0,0,0,0,0,0,1,0,0
09-MAY-2026,H30410,9257293.43,0,9257293.43,754207,0,0,0,0,0,0,1,0,0
09-MAY-2026,H30424,13225848,0,13225848,1102154,0,0,0,0,0,0,1,0,0
09-MAY-2026,H30435,22366680,0,22366680,1863890,0,0,0,0,0,0,1,0,0
09-MAY-2026,H30505,0,0,0,0,0,0,0,0,0,0,1,0,0
09-MAY-2026,H42755,1025955.98,0,1025955.98,84377,0,0,0,0,0,0,1,0,0
09-MAY-2026,HJTH176,293252,0,293252,25533,0,0,0,0,0,0,1,0,0
09-MAY-2026,HJTH279,225782,0,225782,19910.5,0,0,0,0,0,0,1,0,0
09-MAY-2026,HMPK1251,66498,0,66498,5541.5,0,0,0,0,0,0,1,0,0
09-MAY-2026,HPKS1022,0,0,0,0,0,0,0,0,0,0,1,0,0
09-MAY-2026,INDA1561,138672,0,138672,11556,0,0,23112,0,0,0,1,0,0
09-MAY-2026,INDA1570,446148,0,446148,37179,0,0,74358,0,0,0,1,0,0
09-MAY-2026,INDA1983,277344,0,277344,23112,0,0,46224,0,0,0,1,0,0
09-MAY-2026,INDA2083,208008,0,208008,17334,0,0,34668,0,0,0,1,0,0
09-MAY-2026,INDOR3088,0,0,0,0,0,0,0,0,0,0,1,0,0
09-MAY-2026,INDOR4350,0,0,0,0,0,0,0,0,0,0,1,0,0
09-MAY-2026,INDOR4374,0,0,0,0,0,0,0,0,0,0,1,0,0
09-MAY-2026,JAKJ1331,72522,0,72522,6043.5,0,0,0,0,0,0,1,0,0
09-MAY-2026,JAKJ1375,143244,0,143244,11937,0,0,0,0,0,0,1,0,0
09-MAY-2026,JBL2301,785968.2,0,785968.2,64442,0,0,0,0,0,0,1,0,0
09-MAY-2026,JCF1295,33588,0,33588,2799,0,0,0,0,0,0,1,0,0
09-MAY-2026,JDC090,0,0,0,0,0,0,0,0,0,0,1,0,0
09-MAY-2026,JDD095,0,0,0,0,0,0,0,0,0,0,1,0,0
09-MAY-2026,JDD607,809640,0,809640,67470,0,0,0,0,0,0,1,0,0
09-MAY-2026,JDG476,0,0,0,0,0,0,0,0,0,0,1,0,0
09-MAY-2026,JDJ1008,7979760,0,7979760,664980,0,0,0,0,0,0,1,0,0
09-MAY-2026,JDJ569,33588,0,33588,2799,0,0,0,0,0,0,1,0,0
09-MAY-2026,JDM172,1016834.25,0,1016834.25,84525.5,0,0,0,0,0,0,1,0,0
09-MAY-2026,JDS1074,0,0,0,0,0,0,0,0,0,0,1,0,0
09-MAY-2026,JDS383,664980,0,664980,55415,0,0,0,0,0,0,1,0,0
09-MAY-2026,JDT165,132996,0,132996,11083,0,0,0,0,0,0,1,0,0
09-MAY-2026,JDYH176,99895.72,0,99895.72,8113,0,0,0,0,0,0,1,0,0
09-MAY-2026,JDYHJ01,3190968,0,3190968,265914,0,0,0,0,0,0,1,0,0
09-MAY-2026,JDYHL07,372721.97,0,372721.97,30358,0,0,0,0,0,0,1,0,0
09-MAY-2026,JDZEH350,0,0,0,0,0,0,0,0,0,0,1,0,0
09-MAY-2026,JDZHA03,11035356,0,11035356,919613,0,0,0,0,0,0,1,0,0
09-MAY-2026,JDZLG22,138798,0,138798,11566.5,0,0,0,0,0,0,1,0,0
09-MAY-2026,JDZMB114,2299032,0,2299032,191586,0,0,0,0,0,0,1,0,0
09-MAY-2026,JDZMB170,3191298,0,3191298,265941.5,0,0,0,0,0,0,1,0,0
09-MAY-2026,JDZMB52,752274,0,752274,62689.5,0,0,0,0,0,0,1,0,0
09-MAY-2026,JDZMB61,2209560,0,2209560,184130,0,0,0,0,0,0,1,0,0
09-MAY-2026,JDZMJ144,150240,0,150240,12520,0,0,0,0,0,0,1,0,0
09-MAY-2026,JDZMK57,711510,0,711510,59292.5,0,0,0,0,0,0,1,0,0
09-MAY-2026,JDZMR45,0,0,0,0,0,0,0,0,0,0,1,0,0
09-MAY-2026,JDZMU22,134940,0,134940,11245,0,0,0,0,0,0,1,0,0
09-MAY-2026,JDZSB99,143244,0,143244,11937,0,0,0,0,0,0,1,0,0
09-MAY-2026,JDZSJ19,0,0,0,0,0,0,0,0,0,0,1,0,0
09-MAY-2026,JDZTP32,66498,0,66498,5541.5,0,0,0,0,0,0,1,0,0
09-MAY-2026,JMN1049,0,0,0,0,0,0,0,0,0,0,1,0,0
09-MAY-2026,JMNT187,525840,0,525840,43820,0,0,0,0,0,0,1,0,0
09-MAY-2026,JUN226,0,0,0,0,0,0,0,0,0,0,1,0,0
09-MAY-2026,JVSF1277,1674161.65,0,1674161.65,138144,0,0,0,0,0,0,1,0,0
09-MAY-2026,JVSF1290,1095488.25,0,1095488.25,91080,0,0,0,0,0,0,1,0,0
09-MAY-2026,JVSF1291,671760,0,671760,55980,0,0,0,0,0,0,1,0,0
09-MAY-2026,JYST005,700953.97,0,700953.97,57534,0,0,0,0,0,0,1,0,0
09-MAY-2026,KC2151,0,0,0,0,0,0,0,0,0,0,1,0,0
09-MAY-2026,KCA205,0,0,0,0,0,0,0,0,0,0,1,0,0
09-MAY-2026,KETN0100,199791.43,0,199791.43,16226,0,0,0,0,0,0,1,0,0
09-MAY-2026,KFST0411,0,0,0,0,0,0,0,0,0,0,1,0,0
09-MAY-2026,KGPIL277,0,0,0,0,0,0,0,0,0,0,1,0,0
09-MAY-2026,KGPIS555,0,0,0,0,0,0,0,0,0,0,1,0,0
09-MAY-2026,KINJAS004,0,0,0,0,0,0,0,0,0,0,1,0,0
09-MAY-2026,KJAI2410,0,0,0,0,0,0,0,0,0,0,1,0,0
09-MAY-2026,KJBS1211,0,0,0,0,0,0,0,0,0,0,1,0,0
09-MAY-2026,KJBS1223,0,0,0,0,0,0,0,0,0,0,1,0,0
09-MAY-2026,KJBS1255,0,0,0,0,0,0,0,0,0,0,1,0,0
09-MAY-2026,KJBSBD009,0,0,0,0,0,0,0,0,0,0,1,0,0
09-MAY-2026,KMPM0038,299687.15,0,299687.15,24339,0,0,0,0,0,0,1,0,0
09-MAY-2026,KNTP1279,465486,0,465486,38790.5,0,0,0,0,0,0,1,0,0
09-MAY-2026,KNTP1801,0,0,0,0,0,0,0,0,0,0,1,0,0
09-MAY-2026,KNTP2213,1063968,0,1063968,88664,0,0,0,0,0,0,1,0,0
09-MAY-2026,KNTP3232,0,0,0,0,0,0,0,0,0,0,1,0,0
09-MAY-2026,KPAG12136,134563.72,0,134563.72,11002,0,0,5778,0,0,0,1,0,0
09-MAY-2026,KTKL1215,71622,0,71622,5968.5,0,0,0,0,0,0,1,0,0
09-MAY-2026,LBK226,0,0,0,0,0,0,0,0,0,0,1,0,0
09-MAY-2026,LKO0315,0,0,0,0,0,0,0,0,0,0,1,0,0
09-MAY-2026,LKO0317,0,0,0,0,0,0,0,0,0,0,1,0,0
09-MAY-2026,LTSK1298,0,0,0,0,0,0,0,0,0,0,1,0,0
09-MAY-2026,MAAA504,0,0,0,0,0,0,0,0,0,0,1,0,0
09-MAY-2026,MACT0271,904050.87,0,904050.87,74491,0,0,11556,0,0,0,1,0,0
09-MAY-2026,MAGP1301,75120,0,75120,6260,0,0,0,0,0,0,1,0,0
09-MAY-2026,MAHAVIR1,72522,0,72522,6043.5,0,0,0,0,0,0,1,0,0
09-MAY-2026,MANH2013,0,0,0,0,0,0,0,0,0,0,1,0,0
09-MAY-2026,MATR78692,0,0,0,0,0,0,0,0,0,0,1,0,0
09-MAY-2026,MBJM5554,0,0,0,0,0,0,0,0,0,0,1,0,0
09-MAY-2026,MCND1222,0,0,0,0,0,0,0,0,0,0,1,0,0
09-MAY-2026,MCY66008,0,0,0,0,0,0,0,0,0,0,1,0,0
09-MAY-2026,MCY88812,0,0,0,0,0,0,0,0,0,0,1,0,0
09-MAY-2026,MCY91262,71622,0,71622,5968.5,0,0,0,0,0,0,1,0,0
09-MAY-2026,MCYS10009,0,0,0,0,0,0,0,0,0,0,1,0,0
09-MAY-2026,MCYU41116,290088,0,290088,24174,0,0,0,0,0,0,1,0,0
09-MAY-2026,MDJAP1211,67470,0,67470,5622.5,0,0,0,0,0,0,1,0,0
09-MAY-2026,MGPT1231,0,0,0,0,0,0,0,0,0,0,1,0,0
09-MAY-2026,MINUP234,0,0,0,0,0,0,0,0,0,0,1,0,0
09-MAY-2026,MISHI0131,0,0,0,0,0,0,0,0,0,0,1,0,0
09-MAY-2026,MKJH1253,0,0,0,0,0,0,0,0,0,0,1,0,0
09-MAY-2026,MLSK1334,0,0,0,0,0,0,0,0,0,0,1,0,0
09-MAY-2026,MLW3606,658764,0,658764,54897,0,0,0,0,0,0,1,0,0
09-MAY-2026,MMGB1279,99895.72,0,99895.72,8113,0,0,0,0,0,0,1,0,0
09-MAY-2026,MMPLA33,214866,0,214866,17905.5,0,0,0,0,0,0,1,0,0
09-MAY-2026,MOHI1957,195392.25,0,195392.25,16072,0,0,0,0,0,0,1,0,0
09-MAY-2026,MONY1241,99895.72,0,99895.72,8113,0,0,0,0,0,0,1,0,0
09-MAY-2026,MOQ14846,0,0,0,0,0,0,0,0,0,0,1,0,0
09-MAY-2026,MRDG1201,144144,0,144144,12012,0,0,0,0,0,0,1,0,0
09-MAY-2026,MTJN1426,249264,0,249264,20772,0,0,0,0,0,0,1,0,0
09-MAY-2026,MVGN1203,71622,0,71622,5968.5,0,0,0,0,0,0,1,0,0
09-MAY-2026,MWTH0415,0,0,0,0,0,0,0,0,0,0,1,0,0
09-MAY-2026,MWTH0416,0,0,0,0,0,0,0,0,0,0,1,0,0
09-MAY-2026,NAGATA708,328032,0,328032,27336,0,0,0,0,0,0,1,0,0
09-MAY-2026,NERI3542,0,0,0,0,0,0,0,0,0,0,1,0,0
09-MAY-2026,NESE43,71622,0,71622,5968.5,0,0,0,0,0,0,1,0,0
09-MAY-2026,NESH93,29661.2,0,29661.2,17175,0,0,0,0,0,0,1,0,0
09-MAY-2026,NESP1299,224176,0,224176,18401.5,0,0,0,0,0,0,1,0,0
09-MAY-2026,NESS0076,235704,0,235704,19642,0,0,0,0,0,0,1,0,0
09-MAY-2026,NHKM68956,122202,0,122202,20592,0,0,0,0,0,0,1,0,0
09-MAY-2026,NIPM1257,67470,0,67470,5622.5,0,0,0,0,0,0,1,0,0
09-MAY-2026,NISP1059,225360,0,225360,18780,0,0,0,0,0,0,1,0,0
09-MAY-2026,NJWL1467,66498,0,66498,5541.5,0,0,0,0,0,0,1,0,0
09-MAY-2026,NSIB25,166248,0,166248,13854,0,0,0,0,0,0,1,0,0
09-MAY-2026,NSIP1,0,0,0,0,0,0,0,0,0,0,1,0,0
09-MAY-2026,NSTP1211,0,0,0,0,0,0,0,0,0,0,1,0,0
09-MAY-2026,NVBR1284,0,0,0,0,0,0,0,0,0,0,1,0,0
09-MAY-2026,NVNL0025,0,0,0,0,0,0,0,0,0,0,1,0,0
09-MAY-2026,OM1N682,0,0,0,0,0,0,0,0,0,0,1,0,0
09-MAY-2026,OM61P1389,0,0,0,0,0,0,0,0,0,0,1,0,0
09-MAY-2026,OMAG1203,71622,0,71622,5968.5,0,0,0,0,0,0,1,0,0
09-MAY-2026,OMAH0807,0,0,0,0,0,0,0,0,0,0,1,0,0
09-MAY-2026,OMAH0832,166176,0,166176,13848,0,0,0,0,0,0,1,0,0
09-MAY-2026,OMAH0851,429732,0,429732,35811,0,0,0,0,0,0,1,0,0
09-MAY-2026,OMAH0901,369468,0,369468,30789,0,0,0,0,0,0,1,0,0
09-MAY-2026,OMAH0939,68700,0,68700,5725,0,0,0,0,0,0,1,0,0
09-MAY-2026,OMAH10311,0,0,0,0,0,0,0,0,0,0,1,0,0
09-MAY-2026,OMAH2105,134940,0,134940,11245,0,0,0,0,0,0,1,0,0
09-MAY-2026,OMAH2137,0,0,0,0,0,0,0,0,0,0,1,0,0
09-MAY-2026,OMAH8947,0,0,0,0,0,0,0,0,0,0,1,0,0
09-MAY-2026,OMAH9005,150240,0,150240,12520,0,0,0,0,0,0,1,0,0
09-MAY-2026,OMAHC0886,0,0,0,0,0,0,0,0,0,0,1,0,0
09-MAY-2026,OMAHC0945,33588,0,33588,2799,0,0,0,0,0,0,1,0,0
09-MAY-2026,OMAHC1206,653160,0,653160,54430,0,0,0,0,0,0,1,0,0
09-MAY-2026,OMAHC1223,0,0,0,0,0,0,0,0,0,0,1,0,0
09-MAY-2026,OMAHC1226,105152,0,105152,13144,0,0,0,0,0,0,1,0,0
09-MAY-2026,OMAHC1231,4788735.87,0,4788735.87,391878,0,0,0,0,0,0,1,0,0
09-MAY-2026,OMBA1374,66498,0,66498,5541.5,0,0,0,0,0,0,1,0,0
09-MAY-2026,OMBB2751,72522,0,72522,6043.5,0,0,0,0,0,0,1,0,0
09-MAY-2026,OMBB2824,71622,0,71622,5968.5,0,0,0,0,0,0,1,0,0
09-MAY-2026,OMDL0643,0,0,0,0,0,0,0,0,0,0,1,0,0
09-MAY-2026,OMGL0987,217566,0,217566,18130.5,0,0,0,0,0,0,1,0,0
09-MAY-2026,OMGL2104,504954,0,504954,42079.5,0,0,0,0,0,0,1,0,0
09-MAY-2026,OMGL2263,290088,0,290088,24174,0,0,0,0,0,0,1,0,0
09-MAY-2026,OMGL2312,99895.72,0,99895.72,8113,0,0,0,0,0,0,1,0,0
09-MAY-2026,OMGL2661,33588,0,33588,2799,0,0,0,0,0,0,1,0,0
09-MAY-2026,OMGL2893,0,0,0,0,0,0,0,0,0,0,1,0,0
09-MAY-2026,OMGL3029,144144,0,144144,12012,0,0,0,0,0,0,1,0,0
09-MAY-2026,OMGL3167,0,0,0,0,0,0,0,0,0,0,1,0,0
09-MAY-2026,OMGL3194,434232,0,434232,36186,0,0,0,0,0,0,1,0,0
09-MAY-2026,OMGL3202,72522,0,72522,6043.5,0,0,0,0,0,0,1,0,0
09-MAY-2026,OMHU0388,0,0,0,0,0,0,0,0,0,0,1,0,0
09-MAY-2026,OMID0038,227674,0,227674,18693,0,0,0,0,0,0,1,0,0
09-MAY-2026,OMID0788,411555.98,0,411555.98,33177,0,0,0,0,0,0,1,0,0
09-MAY-2026,OMID2089,145044,0,145044,12087,0,0,0,0,0,0,1,0,0
09-MAY-2026,OMID2834,576576,0,576576,48048,0,0,0,0,0,0,1,0,0
09-MAY-2026,OMID4123,225360,0,225360,18780,0,0,0,0,0,0,1,0,0
09-MAY-2026,OMID4248,547725.98,0,547725.98,44524.5,0,0,0,0,0,0,1,0,0
09-MAY-2026,OMID4434,605587.99,0,605587.99,49906,0,0,0,0,0,0,1,0,0
09-MAY-2026,OMID4442,3716831.77,0,3716831.77,296304,0,0,0,0,0,0,1,0,0
09-MAY-2026,OMID4543,610215.98,0,610215.98,49732,0,0,0,0,0,0,1,0,0
09-MAY-2026,OMID4625,75120,0,75120,6260,0,0,0,0,0,0,1,0,0
09-MAY-2026,OMIR1040,141618,0,141618,11801.5,0,0,0,0,0,0,1,0,0
09-MAY-2026,OMIR2789,60638,0,60638,6148.5,0,0,0,0,0,0,1,0,0
09-MAY-2026,OMJN0600,0,0,0,0,0,0,0,0,0,0,1,0,0
09-MAY-2026,OMJN2020,0,0,0,0,0,0,0,0,0,0,1,0,0
09-MAY-2026,OMJN2359,0,0,0,0,0,0,0,0,0,0,1,0,0
09-MAY-2026,OMKO0065,1048798,0,1048798,87120,0,0,0,0,0,0,1,0,0
09-MAY-2026,OMKO0107,279084,0,279084,23257,0,0,0,0,0,0,1,0,0
09-MAY-2026,OMKO0545,15328389.05,0,15328389.05,1283639,0,0,0,0,0,0,1,0,0
09-MAY-2026,OMKO0684,6967578,0,6967578,580631.5,0,0,297180,0,0,0,1,0,0
09-MAY-2026,OMKO0885,559968,0,559968,46664,0,0,0,0,0,0,1,0,0
09-MAY-2026,OMKO1005,0,0,0,0,0,0,0,0,0,0,1,0,0
09-MAY-2026,OMKO1056,826320,0,826320,68860,0,0,0,0,0,0,1,0,0
09-MAY-2026,OMKO7777,793290,0,793290,84805,0,0,0,0,0,0,1,0,0
09-MAY-2026,OMMU2765,0,0,0,0,0,0,0,0,0,0,1,0,0
09-MAY-2026,OMPRB1228,41004,0,41004,3417,0,0,0,0,0,0,1,0,0
09-MAY-2026,OMRI0374,899061.46,0,899061.46,73017,0,0,0,0,0,0,1,0,0
09-MAY-2026,OMRJ0653,77434,0,77434,6173,0,0,0,0,0,0,1,0,0
09-MAY-2026,OMUR2827,67470,0,67470,5622.5,0,0,0,0,0,0,1,0,0
09-MAY-2026,OMVA1234,71622,0,71622,5968.5,0,0,0,0,0,0,1,0,0
09-MAY-2026,PASHA786,0,0,0,0,0,0,0,0,0,0,1,0,0
09-MAY-2026,PBFV1218,332490,0,332490,27707.5,0,0,0,0,0,0,1,0,0
09-MAY-2026,PCG3407,143244,0,143244,11937,0,0,0,0,0,0,1,0,0
09-MAY-2026,PCG3830,307421.99,0,307421.99,24779,0,0,0,0,0,0,1,0,0
09-MAY-2026,PCG4073,0,0,0,0,0,0,0,0,0,0,1,0,0
09-MAY-2026,PCG4150,704117.99,0,704117.99,57837,0,0,0,0,0,0,1,0,0
09-MAY-2026,PCG4315,0,0,0,0,0,0,0,0,0,0,1,0,0
09-MAY-2026,PCG4523,2655088,0,2655088,331886,0,0,0,0,0,0,1,0,0
09-MAY-2026,PCG4810,143600,0,143600,11450,0,0,0,0,0,0,1,0,0
09-MAY-2026,PCG5350,1255614,0,1255614,104634.5,0,0,0,0,0,0,1,0,0
09-MAY-2026,PCG5390,0,0,0,0,0,0,0,0,0,0,1,0,0
09-MAY-2026,PCGDE2431,0,0,0,0,0,0,0,0,0,0,1,0,0
09-MAY-2026,PM13388,392984.1,0,392984.1,32221,0,0,0,0,0,0,1,0,0
09-MAY-2026,PMBT1209,0,0,0,0,0,0,0,0,0,0,1,0,0
09-MAY-2026,PNFS2310,0,0,0,0,0,0,0,0,0,0,1,0,0
09-MAY-2026,PRME1256,52576,0,52576,6572,0,0,0,0,0,0,1,0,0
09-MAY-2026,PRMM8264,532781.99,0,532781.99,43559,0,0,0,0,0,0,1,0,0
09-MAY-2026,PTMS1238,0,0,0,0,0,0,0,0,0,0,1,0,0
09-MAY-2026,PTMT1379,229320,0,229320,19110,0,0,0,0,0,0,1,0,0
09-MAY-2026,PXBGCDJ18,666336,0,666336,55528,0,0,0,0,0,0,1,0,0
09-MAY-2026,PXBGCDP81,97696.13,0,97696.13,8036,0,0,0,0,0,0,1,0,0
09-MAY-2026,PXBGCDR57,0,0,0,0,0,0,0,0,0,0,1,0,0
09-MAY-2026,PYDL1204,0,0,0,0,0,0,0,0,0,0,1,0,0
09-MAY-2026,PYDL1208,309150,0,309150,25762.5,0,0,0,0,0,0,1,0,0
09-MAY-2026,PYDL1213,134940,0,134940,11245,0,0,0,0,0,0,1,0,0
09-MAY-2026,PYDL1225,884489.97,0,884489.97,72028.5,0,0,0,0,0,0,1,0,0
09-MAY-2026,PYDL1228,427488,0,427488,35624,0,0,0,0,0,0,1,0,0
09-MAY-2026,PYDL1238,82008,0,82008,6834,0,0,0,0,0,0,1,0,0
09-MAY-2026,PZ6223,0,0,0,0,0,0,0,0,0,0,1,0,0
09-MAY-2026,PZ7038,0,0,0,0,0,0,0,0,0,0,1,0,0
09-MAY-2026,PZ995,690471.66,0,690471.66,56483,0,0,0,0,0,0,1,0,0
09-MAY-2026,Q80353,0,0,0,0,0,0,0,0,0,0,1,0,0
09-MAY-2026,QMM1136,71622,0,71622,5968.5,0,0,0,0,0,0,1,0,0
09-MAY-2026,QR0017,676920,0,676920,56410,0,0,22860,0,0,0,1,0,0
09-MAY-2026,R4399,0,0,0,0,0,0,0,0,0,0,1,0,0
09-MAY-2026,RAJDD3228,217566,0,217566,18130.5,0,0,0,0,0,0,1,0,0
09-MAY-2026,RAJDD3257,300480,0,300480,25040,0,0,0,0,0,0,1,0,0
09-MAY-2026,RAJDD3342,0,0,0,0,0,0,0,0,0,0,1,0,0
09-MAY-2026,RAJDD3388,217566,0,217566,18130.5,0,0,0,0,0,0,1,0,0
09-MAY-2026,RAJDD3389,217566,0,217566,18130.5,0,0,0,0,0,0,1,0,0
09-MAY-2026,RAJE394,0,0,0,0,0,0,0,0,0,0,1,0,0
09-MAY-2026,RAJGG002,0,0,0,0,0,0,0,0,0,0,1,0,0
09-MAY-2026,RAJGG113,0,0,0,0,0,0,0,0,0,0,1,0,0
09-MAY-2026,RAJGG172,0,0,0,0,0,0,0,0,0,0,1,0,0
09-MAY-2026,RAJGG283,0,0,0,0,0,0,0,0,0,0,1,0,0
09-MAY-2026,RAJH007,0,0,0,0,0,0,0,0,0,0,1,0,0
09-MAY-2026,RAJH444,0,0,0,0,0,0,0,0,0,0,1,0,0
09-MAY-2026,RAJH553,0,0,0,0,0,0,0,0,0,0,1,0,0
09-MAY-2026,RAJH555,0,0,0,0,0,0,0,0,0,0,1,0,0
09-MAY-2026,RAJH556,0,0,0,0,0,0,0,0,0,0,1,0,0
09-MAY-2026,RAJJ518,0,0,0,0,0,0,0,0,0,0,1,0,0
09-MAY-2026,RAJJ815,0,0,0,0,0,0,0,0,0,0,1,0,0
09-MAY-2026,RAJJ859,0,0,0,0,0,0,0,0,0,0,1,0,0
09-MAY-2026,RAJJ886,71622,0,71622,5968.5,0,0,0,0,0,0,1,0,0
09-MAY-2026,RAJJJ1245,0,0,0,0,0,0,0,0,0,0,1,0,0
09-MAY-2026,RAJJK1889,0,0,0,0,0,0,0,0,0,0,1,0,0
09-MAY-2026,RAJJK283,0,0,0,0,0,0,0,0,0,0,1,0,0
09-MAY-2026,RAJK028,0,0,0,0,0,0,0,0,0,0,1,0,0
09-MAY-2026,RAJK432,0,0,0,0,0,0,0,0,0,0,1,0,0
09-MAY-2026,RAJK494,0,0,0,0,0,0,0,0,0,0,1,0,0
09-MAY-2026,RAJK741,0,0,0,0,0,0,0,0,0,0,1,0,0
09-MAY-2026,RAJK783,0,0,0,0,0,0,0,0,0,0,1,0,0
09-MAY-2026,RAJNN1268,41004,0,41004,3417,0,0,0,0,0,0,1,0,0
09-MAY-2026,RAJNN781,72522,0,72522,6043.5,0,0,0,0,0,0,1,0,0
09-MAY-2026,RAJOO1018,0,0,0,0,0,0,0,0,0,0,1,0,0
09-MAY-2026,RAJP045,0,0,0,0,0,0,0,0,0,0,1,0,0
09-MAY-2026,RAJS045,0,0,0,0,0,0,0,0,0,0,1,0,0
09-MAY-2026,RAJUU688,75120,0,75120,6260,0,0,0,0,0,0,1,0,0
09-MAY-2026,RAJVC002,0,0,0,0,0,0,0,0,0,0,1,0,0
09-MAY-2026,RAJVC004,0,0,0,0,0,0,0,0,0,0,1,0,0
09-MAY-2026,RAJVC005,0,0,0,0,0,0,0,0,0,0,1,0,0
09-MAY-2026,RAJVC006,0,0,0,0,0,0,0,0,0,0,1,0,0
09-MAY-2026,RAJVC007,0,0,0,0,0,0,0,0,0,0,1,0,0
09-MAY-2026,RAJVC008,0,0,0,0,0,0,0,0,0,0,1,0,0
09-MAY-2026,RAJVC010,0,0,0,0,0,0,0,0,0,0,1,0,0
09-MAY-2026,RAJVC011,0,0,0,0,0,0,0,0,0,0,1,0,0
09-MAY-2026,RAJVT007,0,0,0,0,0,0,0,0,0,0,1,0,0
09-MAY-2026,RAJVV1905,41544,0,41544,3462,0,0,0,0,0,0,1,0,0
09-MAY-2026,RAJVV871,77434,0,77434,6173,0,0,0,0,0,0,1,0,0
09-MAY-2026,RAJXX547,67176,0,67176,5598,0,0,0,0,0,0,1,0,0
09-MAY-2026,RAMM1548,0,0,0,0,0,0,0,0,0,0,1,0,0
09-MAY-2026,RAMM1549,0,0,0,0,0,0,0,0,0,0,1,0,0
09-MAY-2026,RAMM1550,0,0,0,0,0,0,0,0,0,0,1,0,0
09-MAY-2026,RAMM1551,0,0,0,0,0,0,0,0,0,0,1,0,0
09-MAY-2026,RAMM1639,0,0,0,0,0,0,0,0,0,0,1,0,0
09-MAY-2026,RAUSF3292,0,0,0,0,0,0,0,0,0,0,1,0,0
09-MAY-2026,RBAR2642,0,0,0,0,0,0,0,0,0,0,1,0,0
09-MAY-2026,RBAR2889,332490,0,332490,27707.5,0,0,0,0,0,0,1,0,0
09-MAY-2026,RBBL1210,0,0,0,0,0,0,0,0,0,0,1,0,0
09-MAY-2026,RCHAN1745,607230,0,607230,50602.5,0,0,0,0,0,0,1,0,0
09-MAY-2026,RCHAN2346,337350,0,337350,28112.5,0,0,0,0,0,0,1,0,0
09-MAY-2026,RCHAN2567,0,0,0,0,0,0,0,0,0,0,1,0,0
09-MAY-2026,RCHAN2917,0,0,0,0,0,0,0,0,0,0,1,0,0
09-MAY-2026,RCHAN2999,202410,0,202410,16867.5,0,0,0,0,0,0,1,0,0
09-MAY-2026,RCOCH2089,0,0,0,0,0,0,0,0,0,0,1,0,0
09-MAY-2026,RCOCH2186,0,0,0,0,0,0,0,0,0,0,1,0,0
09-MAY-2026,RCOCH2608,0,0,0,0,0,0,0,0,0,0,1,0,0
09-MAY-2026,RCOCH2686,0,0,0,0,0,0,0,0,0,0,1,0,0
09-MAY-2026,REMHYD0006,0,0,0,0,0,0,0,0,0,0,1,0,0
09-MAY-2026,RETAI0974,0,0,0,0,0,0,0,0,0,0,1,0,0
09-MAY-2026,RETAI2843,215766,0,215766,17980.5,0,0,0,0,0,0,1,0,0
09-MAY-2026,REX1348,240450,0,240450,20037.5,0,0,0,0,0,0,1,0,0
09-MAY-2026,RG1771,246752.12,0,246752.12,20177.5,0,0,0,0,0,0,1,0,0
09-MAY-2026,RH0900,0,0,0,0,0,0,0,0,0,0,1,0,0
09-MAY-2026,RHSG1239,0,0,0,0,0,0,0,0,0,0,1,0,0
09-MAY-2026,RJEE12108,1696824,0,1696824,141402,0,0,0,0,0,0,1,0,0
09-MAY-2026,RJEE12376,0,0,0,0,0,0,0,0,0,0,1,0,0
09-MAY-2026,RJEE12392,0,0,0,0,0,0,0,0,0,0,1,0,0
09-MAY-2026,RJEE12393,494748,0,494748,41229,0,0,0,0,0,0,1,0,0
09-MAY-2026,RJEE12468,0,0,0,0,0,0,0,0,0,0,1,0,0
09-MAY-2026,RJEE1309,456984,0,456984,38082,0,0,0,0,0,0,1,0,0
09-MAY-2026,RJHAN0514,0,0,0,0,0,0,0,0,0,0,1,0,0
09-MAY-2026,RJHAN0544,0,0,0,0,0,0,0,0,0,0,1,0,0
09-MAY-2026,RJHAN3451,0,0,0,0,0,0,0,0,0,0,1,0,0
09-MAY-2026,RJHAN6924,0,0,0,0,0,0,0,0,0,0,1,0,0
09-MAY-2026,RJHAN8724,0,0,0,0,0,0,0,0,0,0,1,0,0
09-MAY-2026,RJYN0099,0,0,0,0,0,0,0,0,0,0,1,0,0
09-MAY-2026,RKBI111,77434,0,77434,6173,0,0,0,0,0,0,1,0,0
09-MAY-2026,RKKR1201,33588,0,33588,2799,0,0,0,0,0,0,1,0,0
09-MAY-2026,RMALL6862,0,0,0,0,0,0,0,0,0,0,1,0,0
09-MAY-2026,RMALL6891,492048,0,492048,41004,0,0,0,0,0,0,1,0,0
09-MAY-2026,RMALL6895,492048,0,492048,41004,0,0,0,0,0,0,1,0,0
09-MAY-2026,RMAR85,0,0,0,0,0,0,0,0,0,0,1,0,0
09-MAY-2026,RMTN2375,0,0,0,0,0,0,0,0,0,0,1,0,0
09-MAY-2026,RNNJ1019,577429.72,0,577429.72,47907.5,0,0,0,0,0,0,1,0,0
09-MAY-2026,RPL2000,0,0,0,0,0,0,0,0,0,0,1,0,0
09-MAY-2026,RPUNA0402,0,0,0,0,0,0,0,0,0,0,1,0,0
09-MAY-2026,RSH5419,77434,0,77434,6173,0,0,0,0,0,0,1,0,0
09-MAY-2026,RSH6060,0,0,0,0,0,0,0,0,0,0,1,0,0
09-MAY-2026,RSHM8216,0,0,0,0,0,0,0,0,0,0,1,0,0
09-MAY-2026,RTGG1255,195392.25,0,195392.25,16072,0,0,0,0,0,0,1,0,0
09-MAY-2026,RVJI1238,0,0,0,0,0,0,0,0,0,0,1,0,0
09-MAY-2026,S3269,0,0,0,0,0,0,0,0,0,0,1,0,0
09-MAY-2026,S5498,214866,0,214866,17905.5,0,0,0,0,0,0,1,0,0
09-MAY-2026,SAJJ1202,0,0,0,0,0,0,0,0,0,0,1,0,0
09-MAY-2026,SAJJ1927,0,0,0,0,0,0,0,0,0,0,1,0,0
09-MAY-2026,SANS1261,147642,0,147642,12303.5,0,0,0,0,0,0,1,0,0
09-MAY-2026,SAP2024,1747293.92,0,1747293.92,141130.5,0,0,0,0,0,0,1,0,0
09-MAY-2026,SARDA1710,0,0,0,0,0,0,0,0,0,0,1,0,0
09-MAY-2026,SDFC1239,150240,0,150240,12520,0,0,0,0,0,0,1,0,0
09-MAY-2026,SEJA580,533408.25,0,533408.25,44240,0,0,0,0,0,0,1,0,0
09-MAY-2026,SGV1202,0,0,0,0,0,0,0,0,0,0,1,0,0
09-MAY-2026,SGV1426,586176.76,0,586176.76,48216,0,0,0,0,0,0,1,0,0
09-MAY-2026,SGYL1202,0,0,0,0,0,0,0,0,0,0,1,0,0
09-MAY-2026,SHAR0527,1121250,0,1121250,93437.5,0,0,0,0,0,0,1,0,0
09-MAY-2026,SHAR1453,34350,0,34350,2862.5,0,0,0,0,0,0,1,0,0
09-MAY-2026,SHYM1202,0,0,0,0,0,0,0,0,0,0,1,0,0
09-MAY-2026,SJEN1201,0,0,0,0,0,0,0,0,0,0,1,0,0
09-MAY-2026,SJEN1211,71622,0,71622,5968.5,0,0,0,0,0,0,1,0,0
09-MAY-2026,SJTPL16,143244,0,143244,11937,0,0,0,0,0,0,1,0,0
09-MAY-2026,SKSV027,0,0,0,0,0,0,0,0,0,0,1,0,0
09-MAY-2026,SLM00277,0,0,0,0,0,0,0,0,0,0,1,0,0
09-MAY-2026,SMNL1223,687000,0,687000,57250,0,0,0,0,0,0,1,0,0
09-MAY-2026,SMTJ006,565976.59,0,565976.59,46106.5,0,0,0,0,0,0,1,0,0
09-MAY-2026,SNATH1916,100764,0,100764,8397,0,0,0,0,0,0,1,0,0
09-MAY-2026,SOT0175,266964,0,266964,22247,0,0,0,0,0,0,1,0,0
09-MAY-2026,SOT0197,133968,0,133968,11164,0,0,0,0,0,0,1,0,0
09-MAY-2026,SOTH2509,0,0,0,0,0,0,0,0,0,0,1,0,0
09-MAY-2026,SPNJ1481,2163381.43,0,2163381.43,179858.5,0,0,0,0,0,0,1,0,0
09-MAY-2026,SRBS1235,77434,0,77434,6173,0,0,0,0,0,0,1,0,0
09-MAY-2026,SRJB1204,77434,0,77434,6173,0,0,0,0,0,0,1,0,0
09-MAY-2026,SSMFN029,83088,0,83088,6924,0,0,0,0,0,0,1,0,0
09-MAY-2026,SUBHS1976,0,0,0,0,0,0,0,0,0,0,1,0,0
09-MAY-2026,SVRR3688,0,0,0,0,0,0,0,0,0,0,1,0,0
09-MAY-2026,T024647,0,0,0,0,0,0,0,0,0,0,1,0,0
09-MAY-2026,TIR1464,0,0,0,0,0,0,0,0,0,0,1,0,0
09-MAY-2026,VALUE032,0,0,0,0,0,0,0,0,0,0,1,0,0
09-MAY-2026,VDC6599,143932,0,143932,11714.5,0,0,0,0,0,0,1,0,0
09-MAY-2026,VDC7177,332490,0,332490,27707.5,0,0,0,0,0,0,1,0,0
09-MAY-2026,VDK067,0,0,0,0,0,0,0,0,0,0,1,0,0
09-MAY-2026,VEDP0028,72522,0,72522,6043.5,0,0,0,0,0,0,1,0,0
09-MAY-2026,VETA9390,0,0,0,0,0,0,0,0,0,0,1,0,0
09-MAY-2026,VINY3608,0,0,0,0,0,0,0,0,0,0,1,0,0
09-MAY-2026,VLGL1310,0,0,0,0,0,0,0,0,0,0,1,0,0
09-MAY-2026,VLUD1231,0,0,0,0,0,0,0,0,0,0,1,0,0
09-MAY-2026,VNKG1219,996383.94,0,996383.94,79674,0,0,0,0,0,0,1,0,0
09-MAY-2026,VNKG1343,929083.96,0,929083.96,75185,0,0,0,0,0,0,1,0,0
09-MAY-2026,VNYS2333,34350,0,34350,2862.5,0,0,0,0,0,0,1,0,0
09-MAY-2026,VRPR250,618300,0,618300,51525,0,0,0,0,0,0,1,0,0
09-MAY-2026,VRPR280,309150,0,309150,25762.5,0,0,0,0,0,0,1,0,0
09-MAY-2026,VSNH699,0,0,0,0,0,0,0,0,0,0,1,0,0
09-MAY-2026,WRJYR012,0,0,0,0,0,0,0,0,0,0,1,0,0
09-MAY-2026,XKA342,0,0,0,0,0,0,0,0,0,0,1,0,0
09-MAY-2026,XMF52,216666,0,216666,18055.5,0,0,0,0,0,0,1,0,0
09-MAY-2026,XPA1038,72522,0,72522,6043.5,0,0,0,0,0,0,1,0,0
