09-MAY-2026,01006,0,0,0,0,0,0,0,0,0,0,2,0,0
09-MAY-2026,A00200,0,0,0,0,0,0,0,0,0,0,1,0,0
09-MAY-2026,A12790,33588,0,33588,2799,0,0,0,0,0,0,1,0,0
09-MAY-2026,AH00124,0,0,0,0,0,0,0,0,0,0,1,0,0
09-MAY-2026,AHQ0035,0,0,0,0,0,0,0,0,0,0,1,0,0
09-MAY-2026,ESS0028,348684,0,348684,29057,0,0,0,0,0,0,1,0,0
09-MAY-2026,ESS0031,421206,0,421206,35100.5,0,0,0,0,0,0,1,0,0
09-MAY-2026,FBO0065,102288,0,102288,8524,0,0,0,0,0,0,1,0,0
09-MAY-2026,FBO1429,0,0,0,0,0,0,0,0,0,0,1,0,0
09-MAY-2026,FBO1798,0,0,0,0,0,0,0,0,0,0,1,0,0
09-MAY-2026,FBO1926,83951.91,0,83951.91,11323,0,0,0,0,0,0,1,0,0
09-MAY-2026,FBO2392,67176,0,67176,5598,0,0,0,0,0,0,1,0,0
09-MAY-2026,HEY115,199791.43,0,199791.43,16226,0,0,0,0,0,0,1,0,0
09-MAY-2026,HQ00040,0,0,0,0,0,0,0,0,0,0,1,0,0
09-MAY-2026,I015754,0,0,0,0,0,0,0,0,0,0,1,0,0
09-MAY-2026,I04184,0,0,0,0,0,0,0,0,0,0,1,0,0
09-MAY-2026,IXW152,0,0,0,0,0,0,0,0,0,0,1,0,0
09-MAY-2026,J000262,0,0,0,0,0,0,0,0,0,0,1,0,0
09-MAY-2026,J03680,0,0,0,0,0,0,0,0,0,0,1,0,0
09-MAY-2026,J11011,33588,0,33588,2799,0,0,0,0,0,0,1,0,0
09-MAY-2026,J120440,3276690,0,3276690,273057.5,0,0,0,0,0,0,1,0,0
09-MAY-2026,J130325,0,0,0,0,0,0,0,0,0,0,1,0,0
09-MAY-2026,J140388,0,0,0,0,0,0,0,0,0,0,1,0,0
09-MAY-2026,J140549,8350,0,8350,0,0,0,0,0,0,0,1,0,0
09-MAY-2026,J140561,0,0,0,0,0,0,0,0,0,0,1,0,0
09-MAY-2026,J141013,0,0,0,0,0,0,0,0,0,0,1,0,0
09-MAY-2026,J141045,0,0,0,0,0,0,0,0,0,0,1,0,0
09-MAY-2026,JDY0475,33082.04,0,33082.04,8397,0,0,0,0,0,0,1,0,0
09-MAY-2026,JDY0481,34350,0,34350,2862.5,0,0,0,0,0,0,1,0,0
09-MAY-2026,JDY0489,339810,0,339810,28317.5,0,0,0,0,0,0,1,0,0
09-MAY-2026,JDY0491,202410,0,202410,16867.5,0,0,0,0,0,0,1,0,0
09-MAY-2026,JLQ089,400932,0,400932,33411,0,0,0,0,0,0,1,0,0
09-MAY-2026,JLQ113,0,0,0,0,0,0,0,0,0,0,1,0,0
09-MAY-2026,KAN337,0,0,0,0,0,0,0,0,0,0,1,0,0
09-MAY-2026,M04223,8798336.04,0,8798336.04,718823,0,0,0,0,0,0,1,0,0
09-MAY-2026,M07353,0,0,0,0,0,0,0,0,0,0,1,0,0
09-MAY-2026,M08486,0,0,0,0,0,0,0,0,0,0,1,0,0
09-MAY-2026,M09900,0,0,0,0,0,0,0,0,0,0,1,0,0
09-MAY-2026,M10099,0,0,0,0,0,0,0,0,0,0,1,0,0
09-MAY-2026,M11104,3028579.94,0,3028579.94,249116,0,0,0,0,0,0,1,0,0
09-MAY-2026,M129,0,0,0,0,0,0,0,0,0,0,1,0,0
09-MAY-2026,M13384,0,0,0,0,0,0,0,0,0,0,1,0,0
09-MAY-2026,M41883,41544,0,41544,3462,0,0,0,0,0,0,1,0,0
09-MAY-2026,M51728,0,0,0,0,0,0,0,0,0,0,1,0,0
09-MAY-2026,MND048,1364472,0,1364472,113706,0,0,0,0,0,0,1,0,0
09-MAY-2026,MNF002,0,0,0,0,0,0,0,0,0,0,1,0,0
09-MAY-2026,MWK109,202410,0,202410,16867.5,0,0,0,0,0,0,1,0,0
09-MAY-2026,NAO0642,0,0,0,0,0,0,0,0,0,0,1,0,0
09-MAY-2026,NCA1620,0,0,0,0,0,0,0,0,0,0,1,0,0
09-MAY-2026,NDU0012,82008,0,82008,6834,0,0,0,0,0,0,1,0,0
09-MAY-2026,NDU0407,76724,0,76724,6980,0,0,0,0,0,0,1,0,0
09-MAY-2026,NRH0563,0,0,0,0,0,0,0,0,0,0,1,0,0
09-MAY-2026,OF001057,66498,0,66498,5541.5,0,0,0,0,0,0,1,0,0
09-MAY-2026,OF001200,0,0,0,0,0,0,0,0,0,0,1,0,0
09-MAY-2026,OF003601,0,0,0,0,0,0,0,0,0,0,1,0,0
09-MAY-2026,OF010260,249264,0,249264,20772,0,0,0,0,0,0,1,0,0
09-MAY-2026,OF011329,0,0,0,0,0,0,0,0,0,0,1,0,0
09-MAY-2026,OF011348,0,0,0,0,0,0,0,0,0,0,1,0,0
09-MAY-2026,OF011442,0,0,0,0,0,0,0,0,0,0,1,0,0
09-MAY-2026,PIV0013,0,0,0,0,0,0,0,0,0,0,1,0,0
09-MAY-2026,R01095,0,0,0,0,0,0,0,0,0,0,1,0,0
09-MAY-2026,RIS121,404820,0,404820,33735,0,0,0,0,0,0,1,0,0
09-MAY-2026,SPF0042,77434,0,77434,6173,0,0,0,0,0,0,1,0,0
09-MAY-2026,T91185,0,0,0,0,0,0,0,0,0,0,1,0,0
09-MAY-2026,X05129,66498,0,66498,5541.5,0,0,0,0,0,0,1,0,0
09-MAY-2026,X143064,0,0,0,0,0,0,0,0,0,0,1,0,0
09-MAY-2026,X170808,0,0,0,0,0,0,0,0,0,0,1,0,0
09-MAY-2026,X172916,0,0,0,0,0,0,0,0,0,0,1,0,0
09-MAY-2026,X173065,199494,0,199494,16624.5,0,0,0,0,0,0,1,0,0
09-MAY-2026,X184868,0,0,0,0,0,0,0,0,0,0,1,0,0
09-MAY-2026,X189931,67176,0,67176,5598,0,0,0,0,0,0,1,0,0
09-MAY-2026,X374845,0,0,0,0,0,0,0,0,0,0,1,0,0
09-MAY-2026,X476820,41004,0,41004,3417,0,0,0,0,0,0,1,0,0
09-MAY-2026,X478046,0,0,0,0,0,0,0,0,0,0,1,0,0
09-MAY-2026,X489526,0,0,0,0,0,0,0,0,0,0,1,0,0
09-MAY-2026,X490119,0,0,0,0,0,0,0,0,0,0,1,0,0
09-MAY-2026,X500523,122025,0,122025,15283,0,0,0,0,0,0,1,0,0
09-MAY-2026,X502462,0,0,0,0,0,0,0,0,0,0,1,0,0
09-MAY-2026,X503623,0,0,0,0,0,0,0,0,0,0,1,0,0
09-MAY-2026,X505342,0,0,0,0,0,0,0,0,0,0,1,0,0
09-MAY-2026,X512606,0,0,0,0,0,0,0,0,0,0,1,0,0
09-MAY-2026,X513480,0,0,0,0,0,0,0,0,0,0,1,0,0
09-MAY-2026,X515471,0,0,0,0,0,0,0,0,0,0,1,0,0
09-MAY-2026,XBD0009,144144,0,144144,12012,0,0,0,0,0,0,1,0,0
09-MAY-2026,XCM0158,0,0,0,0,0,0,0,0,0,0,1,0,0
