09-MAY-2026,01287,0,0,0,0,0,0,0,0,0,0,2,0,0
09-MAY-2026,6L001,0,0,0,0,0,0,0,0,0,0,1,0,0
09-MAY-2026,A022,71622,0,71622,5968.5,0,0,0,0,0,0,1,0,0
09-MAY-2026,ABPS1374,0,0,0,0,0,0,0,0,0,0,1,0,0
09-MAY-2026,ABPS1413,0,0,0,0,0,0,0,0,0,0,1,0,0
09-MAY-2026,ABPS155,0,0,0,0,0,0,0,0,0,0,1,0,0
09-MAY-2026,ALP12683,334524,0,334524,27877,0,0,0,0,0,0,1,0,0
09-MAY-2026,BPA1446,66498,0,66498,5541.5,0,0,0,0,0,0,1,0,0
09-MAY-2026,CHD677,236592,0,236592,29574,0,0,0,0,0,0,1,0,0
09-MAY-2026,CHD678,446896,0,446896,55862,0,0,0,0,0,0,1,0,0
09-MAY-2026,EA1H137,0,0,0,0,0,0,0,0,0,0,1,0,0
09-MAY-2026,EA5E213,0,0,0,0,0,0,0,0,0,0,1,0,0
09-MAY-2026,EA5E291,1242540,0,1242540,103545,0,0,0,0,0,0,1,0,0
09-MAY-2026,EA5R116,0,0,0,0,0,0,0,0,0,0,1,0,0
09-MAY-2026,EAPS7000,4318080,0,4318080,359840,0,0,0,0,0,0,1,0,0
09-MAY-2026,EKPW106,132996,0,132996,11083,0,0,0,0,0,0,1,0,0
09-MAY-2026,EL2819,0,0,0,0,0,0,0,0,0,0,1,0,0
09-MAY-2026,EMA279,403056,0,403056,33588,0,0,0,0,0,0,1,0,0
09-MAY-2026,ESJ11989,0,0,0,0,0,0,0,0,0,0,1,0,0
09-MAY-2026,EZ12203,459975.98,0,459975.98,37212,0,0,0,0,0,0,1,0,0
09-MAY-2026,EZ12269,767397.97,0,767397.97,61991,0,0,0,0,0,0,1,0,0
09-MAY-2026,EZ12400,309735.98,0,309735.98,24692,0,0,0,0,0,0,1,0,0
09-MAY-2026,EZ12927,0,0,0,0,0,0,0,0,0,0,1,0,0
09-MAY-2026,EZ12997,229987.99,0,229987.99,18606,0,0,0,0,0,0,1,0,0
09-MAY-2026,GCAT1055,2081297.97,0,2081297.97,191779,0,0,0,0,0,0,1,0,0
09-MAY-2026,GCAT1185,528178,0,528178,48055,0,0,0,0,0,0,1,0,0
09-MAY-2026,GCAT1419,9473101.91,0,9473101.91,848699,0,0,0,0,0,0,1,0,0
09-MAY-2026,GCAT2213,297760.5,0,297760.5,47164,0,0,0,0,0,0,1,0,0
09-MAY-2026,GCAT2431,21375851.15,0,21375851.15,1844016,0,0,91440,0,0,0,1,0,0
09-MAY-2026,GCAT2443,3103620,0,3103620,258635,0,0,0,0,0,0,1,0,0
09-MAY-2026,GCAT2516,2203816.5,0,2203816.5,428017.5,0,0,132894,0,0,0,1,0,0
09-MAY-2026,GCAT2542,16086298.68,0,16086298.68,1405524,0,0,0,0,0,0,1,0,0
09-MAY-2026,GCAT3142,272826.25,0,272826.25,22245,0,0,0,0,0,0,1,0,0
09-MAY-2026,HOGC401,179664,0,179664,14972,0,0,0,0,0,0,1,0,0
09-MAY-2026,HOGC509,113166,0,113166,9430.5,0,0,0,0,0,0,1,0,0
09-MAY-2026,JLD176,67176,0,67176,5598,0,0,0,0,0,0,1,0,0
09-MAY-2026,M32,1196964,0,1196964,99747,0,0,0,0,0,0,1,0,0
09-MAY-2026,NCL999,6429619.15,0,6429619.15,785267,0,0,0,0,0,0,1,0,0
09-MAY-2026,SRNC101,0,0,0,0,0,0,0,0,0,0,1,0,0
09-MAY-2026,SRNC106,2453401.13,0,2453401.13,201285,0,0,0,0,0,0,1,0,0
09-MAY-2026,VSCG100,472290,0,472290,39357.5,0,0,0,0,0,0,1,0,0
09-MAY-2026,VSV3150,67470,0,67470,5622.5,0,0,0,0,0,0,1,0,0
09-MAY-2026,WM292,866376,0,866376,72198,0,0,0,0,0,0,1,0,0
09-MAY-2026,Z0D145,41004,0,41004,3417,0,0,0,0,0,0,1,0,0
09-MAY-2026,Z21P100,466458,0,466458,38871.5,0,0,0,0,0,0,1,0,0
09-MAY-2026,Z22782,442731.98,0,442731.98,35775,0,0,0,0,0,0,1,0,0
09-MAY-2026,Z23H126,2172612.07,0,2172612.07,180101,0,0,0,0,0,0,1,0,0
09-MAY-2026,Z23H151,704926.13,0,704926.13,58638.5,0,0,0,0,0,0,1,0,0
09-MAY-2026,Z23Z117,649092,0,649092,54091,0,0,0,0,0,0,1,0,0
09-MAY-2026,Z23Z118,251434,0,251434,20673,0,0,0,0,0,0,1,0,0
09-MAY-2026,Z24166,0,0,0,0,0,0,0,0,0,0,1,0,0
09-MAY-2026,Z24215,145044,0,145044,12087,0,0,0,0,0,0,1,0,0
09-MAY-2026,Z25538,132996,0,132996,11083,0,0,0,0,0,0,1,0,0
09-MAY-2026,Z26638,0,0,0,0,0,0,0,0,0,0,1,0,0
09-MAY-2026,Z9JW529,0,0,0,0,0,0,0,0,0,0,1,0,0
09-MAY-2026,ZA1439,83088,0,83088,6924,0,0,0,0,0,0,1,0,0
09-MAY-2026,ZR1996,0,0,0,0,0,0,0,0,0,0,1,0,0
09-MAY-2026,ZR2093,0,0,0,0,0,0,0,0,0,0,1,0,0
09-MAY-2026,ZR2317,0,0,0,0,0,0,0,0,0,0,1,0,0
09-MAY-2026,ZR2363,0,0,0,0,0,0,0,0,0,0,1,0,0
