09-MAY-2026,01287,0,0,0,0,0,0,0,0,0,0,2,0,0,0,0,20260509-0,225000000,230000000,230000000,0,0,20260509-0
09-MAY-2026,A022,71622,0,71622,5968.5,0,0,0,0,0,0,1,0,0,0,0,0,0,0,0,0,0,0
09-MAY-2026,ALP12683,334524,0,334524,27877,0,0,0,0,0,0,1,0,0,132996,11083,20260509-0,0,0,0,144079,144079,20260509-0
09-MAY-2026,BPA1446,66498,0,66498,5541.5,0,0,0,0,0,0,1,0,0,66498,5541.5,20260509-0,83435.95,83435.95,83435.95,72039.5,0,20260509-0
09-MAY-2026,CHD677,236592,0,236592,29574,0,0,0,0,0,0,1,0,0,236592,29574,20260509-0,295105.63,295105.63,295105.63,266166,0,20260509-0
09-MAY-2026,CHD678,446896,0,446896,55862,0,0,0,0,0,0,1,0,0,446896,55862,20260509-0,583255.83,583255.83,583255.83,502758,0,20260509-0
09-MAY-2026,EA5E291,1242540,0,1242540,103545,0,0,0,0,0,0,1,0,0,1242540,103545,20260509-0,1558836.5,1558836.5,1558836.5,1346085,0,20260509-0
09-MAY-2026,EAPS7000,4318080,0,4318080,359840,0,0,0,0,0,0,1,0,0,4318080,359840,20260509-0,11.8,11.8,11.8,4677920,4677908.2,20260509-0
09-MAY-2026,EKPW106,132996,0,132996,11083,0,0,0,0,0,0,1,0,0,132996,11083,20260509-0,166871.9,166871.9,166871.9,144079,0,20260509-0
09-MAY-2026,EL2819,0,0,0,0,0,0,0,0,0,0,1,0,0,0,0,20260509-0,31149.75,31149.75,31149.75,0,0,20260509-0
09-MAY-2026,EMA279,403056,0,403056,33588,0,0,0,0,0,0,1,0,0,403056,33588,20260509-0,506984.4,506984.4,506984.4,436644,0,20260509-0
09-MAY-2026,EZ12203,469708.27,0,469708.27,37212,0,0,0,0,0,0,1,0,0,469708.27,37212,20260509-0,384200.26,384200.26,384200.26,506920.27,122720.01,20260509-0
09-MAY-2026,EZ12269,784429.48,0,784429.48,61991,0,0,0,0,0,0,1,0,0,784429.48,61991,20260509-0,672350.46,672350.46,672350.46,846420.48,174070.02,20260509-0
09-MAY-2026,EZ12400,319468.27,0,319468.27,24692,0,0,0,0,0,0,1,0,0,319468.27,24692,20260509-0,384200.26,384200.26,384200.26,344160.27,0,20260509-0
09-MAY-2026,EZ12997,234854.14,0,234854.14,18606,0,0,0,0,0,0,1,0,0,234854.14,18606,20260509-0,192100.13,192100.13,192100.13,253460.14,61360.01,20260509-0
09-MAY-2026,GCAT1055,2095896.41,0,2095896.41,191779,0,0,0,0,0,0,1,0,0,2095896.41,191779,20260509-0,1129807.06,1129807.06,1129807.06,2287675.41,1157868.35,20260509-0
09-MAY-2026,GCAT1185,530611.07,0,530611.07,48055,0,0,0,0,0,0,1,0,0,530611.07,48055,20260509-0,825166.4,825166.4,825166.4,578666.07,0,20260509-0
09-MAY-2026,GCAT1419,9649191.72,0,9649191.72,848699,0,0,0,0,0,0,1,0,0,9649191.72,848699,20260509-0,11818239.03,11818239.03,11818239.03,10497890.72,0,20260509-0
09-MAY-2026,GCAT2213,297760.5,0,297760.5,47164,0,0,0,0,0,0,1,0,0,172386,14365.5,20260509-0,0,0,0,186751.5,186751.5,20260509-0
09-MAY-2026,GCAT2431,21385267.7,0,21385267.7,1844016,0,0,91440,0,0,0,1,0,0,21385267.7,1844016,20260509-0,27563406.66,27563406.66,27563406.66,23229283.7,0,20260509-0
09-MAY-2026,GCAT2443,3103620,0,3103620,258635,0,0,0,0,0,0,1,0,0,3103620,258635,20260509-0,3894445.1,3894445.1,3894445.1,3362255,0,20260509-0
09-MAY-2026,GCAT2516,2203816.5,0,2203816.5,428017.5,0,0,132894,0,0,0,1,0,0,2203816.5,428017.5,20260509-0,3225560.83,3225560.83,3225560.83,2631834,0,20260509-0
09-MAY-2026,GCAT2542,16190946.09,0,16190946.09,1405524,0,0,0,0,0,0,1,0,0,16190946.09,1405524,20260509-0,20145474.73,20145474.73,20145474.73,17596470.09,0,20260509-0
09-MAY-2026,GCAT3142,281398.79,0,281398.79,22245,0,0,0,0,0,0,1,0,0,281398.79,22245,20260509-0,546676.65,546676.65,546676.65,303643.79,0,20260509-0
09-MAY-2026,HOGC401,179664,0,179664,14972,0,0,0,0,0,0,1,0,0,0,0,0,0,0,0,0,0,0
09-MAY-2026,HOGC509,113166,0,113166,9430.5,0,0,0,0,0,0,1,0,0,0,0,0,0,0,0,0,0,0
09-MAY-2026,JLD176,67176,0,67176,5598,0,0,0,0,0,0,1,0,0,67176,5598,20260509-0,84497.4,84497.4,84497.4,72774,0,20260509-0
09-MAY-2026,M32,1196964,0,1196964,99747,0,0,0,0,0,0,1,0,0,1196964,99747,20260509-0,1501847.1,1501847.1,1501847.1,1296711,0,20260509-0
09-MAY-2026,NCL999,6629903.03,0,6629903.03,785267,0,0,0,0,0,0,1,0,0,6629903.03,785267,20260509-0,7595665.37,7595665.37,7595665.37,7415170.03,0,20260509-0
09-MAY-2026,SRNC106,2530490.05,0,2530490.05,201285,0,0,0,0,0,0,1,0,0,2530490.05,201285,20260509-0,3126971.64,3126971.64,3126971.64,2731775.05,0,20260509-0
09-MAY-2026,VSCG100,472290,0,472290,39357.5,0,0,0,0,0,0,1,0,0,472290,39357.5,20260509-0,429290.3,429290.3,429290.3,511647.5,82357.2,20260509-0
09-MAY-2026,VSV3150,67470,0,67470,5622.5,0,0,0,0,0,0,1,0,0,67470,5622.5,20260509-0,84661.85,84661.85,84661.85,73092.5,0,20260509-0
09-MAY-2026,WM292,866376,0,866376,72198,0,0,0,0,0,0,1,0,0,866376,72198,20260509-0,996629.75,996629.75,996629.75,938574,0,20260509-0
09-MAY-2026,Z0D145,41004,0,41004,3417,0,0,0,0,0,0,1,0,0,41004,3417,20260509-0,0,0,0,44421,44421,20260509-0
09-MAY-2026,Z21P100,466458,0,466458,38871.5,0,0,0,0,0,0,1,0,0,466458,38871.5,20260509-0,584051.65,584051.65,584051.65,505329.5,0,20260509-0
09-MAY-2026,Z22782,452464.27,0,452464.27,35775,0,0,0,0,0,0,1,0,0,452464.27,35775,20260509-0,551072.16,551072.16,551072.16,488239.27,0,20260509-0
09-MAY-2026,Z23H126,2194238.44,0,2194238.44,180101,0,0,0,0,0,0,1,0,0,2194238.44,180101,20260509-0,2721016.51,2721016.51,2721016.51,2374339.44,0,20260509-0
09-MAY-2026,Z23H151,707995.86,0,707995.86,58638.5,0,0,0,0,0,0,1,0,0,707995.86,58638.5,20260509-0,874754.4,874754.4,874754.4,766634.36,0,20260509-0
09-MAY-2026,Z23Z117,649092,0,649092,54091,0,0,0,0,0,0,1,0,0,649092,54091,20260509-0,803734.43,803734.43,803734.43,703183,0,20260509-0
09-MAY-2026,Z23Z118,253867.07,0,253867.07,20673,0,0,0,0,0,0,1,0,0,253867.07,20673,20260509-0,314424.72,314424.72,314424.72,274540.07,0,20260509-0
09-MAY-2026,Z24166,0,0,0,0,0,0,0,0,0,0,1,0,0,0,0,20260509-0,84661.85,84661.85,84661.85,0,0,20260509-0
09-MAY-2026,Z24215,145044,0,145044,12087,0,0,0,0,0,0,1,0,0,145044,12087,20260509-0,183750.45,183750.45,183750.45,157131,0,20260509-0
09-MAY-2026,Z25538,132996,0,132996,11083,0,0,0,0,0,0,1,0,0,132996,11083,20260509-0,166871.9,166871.9,166871.9,144079,0,20260509-0
09-MAY-2026,Z9JW529,0,0,0,0,0,0,0,0,0,0,1,0,0,0,0,20260509-0,130070.92,130070.92,130070.92,0,0,20260509-0
09-MAY-2026,ZA1439,83088,0,83088,6924,0,0,0,0,0,0,1,0,0,83088,6924,20260509-0,0,0,0,90012,90012,20260509-0
