09-MAY-2026,01307,0,0,0,0,0,0,0,0,0,0,2,0,0
09-MAY-2026,220K3X,929080.44,0,929080.44,77824,0,0,0,0,0,0,1,0,0
09-MAY-2026,220R2X,132996,0,132996,11083,0,0,0,0,0,0,1,0,0
09-MAY-2026,930R3X,9901920,0,9901920,825160,0,0,0,0,0,0,1,0,0
09-MAY-2026,93VL04,3111930,0,3111930,259327.5,0,0,0,0,0,0,1,0,0
09-MAY-2026,G34260,0,0,0,0,0,0,0,0,0,0,1,0,0
09-MAY-2026,G34270,539760,0,539760,44980,0,0,0,0,0,0,1,0,0
09-MAY-2026,J34N3,2454612,0,2454612,204551,0,0,0,0,0,0,1,0,0
09-MAY-2026,J84A06,34350,0,34350,2862.5,0,0,0,0,0,0,1,0,0
09-MAY-2026,J84R101,287388,0,287388,23949,0,0,0,0,0,0,1,0,0
09-MAY-2026,J8AA05,0,0,0,0,0,0,0,0,0,0,1,0,0
09-MAY-2026,J95S91,0,0,0,0,0,0,0,0,0,0,1,0,0
09-MAY-2026,J9WG3X,0,0,0,0,0,0,0,0,0,0,1,0,0
09-MAY-2026,JB0J1X,0,0,0,0,0,0,0,0,0,0,1,0,0
09-MAY-2026,JFPI01,68700,0,68700,5725,0,0,0,0,0,0,1,0,0
09-MAY-2026,JJ0U2X,4149240,0,4149240,345770,0,0,0,0,0,0,1,0,0
09-MAY-2026,JOIM25,549600,0,549600,45800,0,0,0,0,0,0,1,0,0
09-MAY-2026,JOSG15,598482,0,598482,49873.5,0,0,0,0,0,0,1,0,0
09-MAY-2026,KSA101,1935849.88,0,1935849.88,154325,0,0,0,0,0,0,1,0,0
09-MAY-2026,LNBS1X,220678,0,220678,18110,0,0,0,0,0,0,1,0,0
09-MAY-2026,M34A2,175130.12,0,175130.12,14209,0,0,0,0,0,0,1,0,0
09-MAY-2026,N2R1054,71622,0,71622,5968.5,0,0,0,0,0,0,1,0,0
09-MAY-2026,OJ557,0,0,0,0,0,0,0,0,0,0,1,0,0
09-MAY-2026,TRP22,0,0,0,0,0,0,0,0,0,0,1,0,0
09-MAY-2026,V61A124,0,0,0,0,0,0,0,0,0,0,1,0,0
09-MAY-2026,V61A217,1396458,0,1396458,116371.5,0,0,0,0,0,0,1,0,0
09-MAY-2026,V61A317,1298644.32,0,1298644.32,105469,0,0,0,0,0,0,1,0,0
09-MAY-2026,V7NJ01,0,0,0,0,0,0,0,0,0,0,1,0,0
09-MAY-2026,V96K4X,218178,0,218178,18181.5,0,0,0,0,0,0,1,0,0
09-MAY-2026,VDV83,68700,0,68700,5725,0,0,0,0,0,0,1,0,0
09-MAY-2026,VDV84,101526,0,101526,8460.5,0,0,0,0,0,0,1,0,0
09-MAY-2026,VDV97,68700,0,68700,5725,0,0,0,0,0,0,1,0,0
09-MAY-2026,VDV98,0,0,0,0,0,0,0,0,0,0,1,0,0
09-MAY-2026,VDVV1X,465486,0,465486,38790.5,0,0,0,0,0,0,1,0,0
09-MAY-2026,VLGS14,33588,0,33588,2799,0,0,0,0,0,0,1,0,0
09-MAY-2026,Y09017633,77434,0,77434,6173,0,0,0,0,0,0,1,0,0
09-MAY-2026,Y09018401,154867.99,0,154867.99,12346,0,0,0,0,0,0,1,0,0
09-MAY-2026,Y09033976,41544,0,41544,3462,0,0,0,0,0,0,1,0,0
09-MAY-2026,Y09042341,0,0,0,0,0,0,0,0,0,0,1,0,0
09-MAY-2026,Y090N001,77434,0,77434,6173,0,0,0,0,0,0,1,0,0
09-MAY-2026,YBD149,570816,0,570816,47568,0,0,0,0,0,0,1,0,0
