09-MAY-2026,00481,23402156.94,0,23402156.94,2371754.5,0,0,346680,0,0,0,0,0,23402156.94,2371754.5,20260509-0,39568790,39568790,39568790,25252936.44,0
09-MAY-2026,00187,0,0,0,0,0,0,0,0,0,0,0,0,0,0,20260509-0,1011376.97,1011376.97,1011376.97,0,0
09-MAY-2026,00335,273090.23,0,273090.23,46594,0,0,0,0,0,0,0,0,273090.23,46594,20260509-0,25000000,25000000,25000000,319684.23,0
09-MAY-2026,00547,0,0,0,0,0,0,0,0,0,0,0,0,0,0,20260509-0,100000,100000,100000,0,0
09-MAY-2026,01271,1819818,0,1819818,151651.5,0,0,0,0,0,0,0,0,1819818,151651.5,20260509-0,2100000,2100000,2100000,1971469.5,0
09-MAY-2026,01283,0,0,0,0,0,0,0,0,0,0,0,0,0,0,20260509-0,20000000,20000000,20000000,0,0
09-MAY-2026,00094,0,0,0,0,0,0,0,0,0,0,0,0,0,0,20260509-0,1350000,1350000,1350000,0,0
09-MAY-2026,00142,0,0,0,0,0,0,0,0,0,0,0,0,0,0,20260509-0,3000000,3000000,3000000,0,0
09-MAY-2026,01287,0,0,0,0,0,0,0,0,0,0,0,0,0,0,20260509-0,225000000,230000000,230000000,0,0
09-MAY-2026,00130,0,0,0,0,0,0,0,0,0,0,0,0,0,0,20260509-0,1790131.77,1790131.77,1790131.77,0,0
09-MAY-2026,00357,147744,0,147744,48048,0,0,0,0,0,0,0,0,147744,48048,20260509-0,1000000,1000000,1000000,195792,0
09-MAY-2026,00359,0,0,0,0,0,0,0,0,0,0,0,0,0,0,20260509-0,1000000,1000000,1000000,0,0
09-MAY-2026,00622,0,0,0,0,0,0,0,0,0,0,0,0,0,0,20260509-0,1512484.19,1512484.19,1512484.19,0,0
09-MAY-2026,01007,0,0,0,0,0,0,0,0,0,0,0,0,0,0,20260509-0,7000000,7000000,7000000,0,0
09-MAY-2026,00495,0,0,0,0,0,0,0,0,0,0,0,0,0,0,20260509-0,1013774,1013774,1013774,0,0
09-MAY-2026,01241,0,0,0,0,0,0,0,0,0,0,0,0,0,0,20260509-0,11000000,11000000,11000000,0,0
09-MAY-2026,01267,0,0,0,0,0,0,0,0,0,0,0,0,0,0,20260509-0,10000000,10000000,10000000,0,0
09-MAY-2026,00051,0,0,0,0,0,0,0,0,0,0,0,0,0,0,20260509-0,1004811.18,1004811.18,1004811.18,0,0
09-MAY-2026,01304,0,0,0,0,0,0,0,0,0,0,0,0,0,0,20260509-0,1000000,1000000,1000000,0,0
09-MAY-2026,00536,3171090,0,3171090,264257.5,0,0,0,0,0,0,0,0,3171090,264257.5,20260509-0,12000000,12000000,12000000,3435347.5,0
09-MAY-2026,00991,0,0,0,0,0,0,0,0,0,0,0,0,0,0,20260509-0,1155660,1155660,1155660,0,0
09-MAY-2026,01236,135719135.81,0,135719135.81,15533777,0,0,179118,0,0,0,0,0,135737039.81,15539318.5,20260509-0,205361744.5,205361744.5,205496392.15,151276358.31,0
09-MAY-2026,01272,0,0,0,0,0,0,0,0,0,0,0,0,0,0,20260509-0,7040000,7040000,7101566.39,0,0
09-MAY-2026,01313,0,0,0,0,0,0,0,0,0,0,0,0,0,0,20260509-0,1037202.94,1037202.94,1037202.94,0,0
09-MAY-2026,NCDXTIM01,12548394.44,0,12548394.44,1237740,0,0,0,0,0,0,0,0,119067738.85,10462151.5,20260509-0,20408548.68,20408548.68,182227540.18,129529890.35,0
09-MAY-2026,00732,927311.09,0,927311.09,73017,0,0,0,0,0,0,0,0,927311.09,73017,20260509-0,1357178.1,1357178.1,1357178.1,1000328.09,0
09-MAY-2026,01075,0,0,0,0,0,0,0,0,0,0,0,0,0,0,20260509-0,800000,800000,800000,0,0
09-MAY-2026,01257,52576,0,52576,6572,0,0,0,0,0,0,0,0,52576,6572,20260509-0,1000000,1000000,1000000,59148,0
09-MAY-2026,00067,0,0,0,0,0,0,0,0,0,0,0,0,0,0,20260509-0,10000000,10000000,10000000,0,0
09-MAY-2026,00171,0,0,0,0,0,0,0,0,0,0,0,0,0,0,20260509-0,16000000,16000000,16000000,0,0
09-MAY-2026,00331,0,0,0,0,0,0,0,0,0,0,0,0,0,0,20260509-0,1100000,1100000,1100000,0,0
09-MAY-2026,00890,0,0,0,0,0,0,0,0,0,0,0,0,0,0,20260509-0,996342,996342,996342,0,0
