09-MAY-2026,01279,0,0,0,0,0,0,0,0,0,0,2,0,0,0,0,20260509-0,96891854.92,101891854.92,100051989.52,0,0,20260509-0
09-MAY-2026,10105914,0,0,0,0,0,0,0,0,0,0,1,0,0,0,0,20260509-0,22451.19,22451.19,22451.19,0,0,20260509-0
09-MAY-2026,12107440,128232,0,128232,16029,0,0,0,0,0,0,1,0,0,0,0,20260509-0,77795.68,77795.68,77795.68,0,0,20260509-0
09-MAY-2026,13109955,0,0,0,0,0,0,0,0,0,0,1,0,0,0,0,20260509-0,91086.12,91086.12,91086.12,0,0,20260509-0
09-MAY-2026,17701616,0,0,0,0,0,0,0,0,0,0,1,0,0,0,0,20260509-0,143591.4,143591.4,143591.4,0,0,20260509-0
09-MAY-2026,17701628,0,0,0,0,0,0,0,0,0,0,1,0,0,0,0,20260509-0,54034.16,54034.16,54034.16,0,0,20260509-0
09-MAY-2026,45007559,0,0,0,0,0,0,0,0,0,0,1,0,0,0,0,20260509-0,140275.52,140275.52,140275.52,0,0,20260509-0
09-MAY-2026,45027311,0,0,0,0,0,0,0,0,0,0,1,0,0,0,0,20260509-0,144592.52,144592.52,144592.52,0,0,20260509-0
09-MAY-2026,45047318,0,0,0,0,0,0,0,0,0,0,1,0,0,0,0,20260509-0,171237.08,171237.08,171237.08,0,0,20260509-0
09-MAY-2026,45053193,0,0,0,0,0,0,0,0,0,0,1,0,0,0,0,20260509-0,12232.29,12232.29,12232.29,0,0,20260509-0
09-MAY-2026,45090336,0,0,0,0,0,0,0,0,0,0,1,0,0,0,0,20260509-0,151848.36,151848.36,151848.36,0,0,20260509-0
09-MAY-2026,45093688,0,0,0,0,0,0,0,0,0,0,1,0,0,0,0,20260509-0,47756.18,47756.18,47756.18,0,0,20260509-0
09-MAY-2026,45149234,0,0,0,0,0,0,0,0,0,0,1,0,0,0,0,20260509-0,6965.56,6965.56,6965.56,0,0,20260509-0
09-MAY-2026,45150099,0,0,0,0,0,0,0,0,0,0,1,0,0,0,0,20260509-0,2322.22,2322.22,2322.22,0,0,20260509-0
09-MAY-2026,45213470,0,0,0,0,0,0,0,0,0,0,1,0,0,0,0,20260509-0,69208.47,69208.47,69208.47,0,0,20260509-0
09-MAY-2026,45225149,128232,0,128232,16029,0,0,0,0,0,0,1,0,0,0,0,0,0,0,0,0,0,0
09-MAY-2026,45235210,41544,0,41544,3462,0,0,0,0,0,0,1,0,0,41544,3462,20260509-0,47983.23,47983.23,47983.23,45006,0,20260509-0
09-MAY-2026,45475298,0,0,0,0,0,0,0,0,0,0,1,0,0,0,0,20260509-0,167275.3,167275.3,167275.3,0,0,20260509-0
09-MAY-2026,45523848,0,0,0,0,0,0,0,0,0,0,1,0,0,0,0,20260509-0,51036.35,51036.35,51036.35,0,0,20260509-0
09-MAY-2026,45587955,0,0,0,0,0,0,0,0,0,0,1,0,0,0,0,20260509-0,67015.8,67015.8,67015.8,0,0,20260509-0
09-MAY-2026,45744776,0,0,0,0,0,0,0,0,0,0,1,0,0,0,0,20260509-0,172019.16,172019.16,172019.16,0,0,20260509-0
09-MAY-2026,45773560,0,0,0,0,0,0,0,0,0,0,1,0,0,0,0,20260509-0,60112.35,60112.35,60112.35,0,0,20260509-0
09-MAY-2026,45780681,375294,0,375294,37846.5,0,0,0,0,0,0,1,0,0,375294,37846.5,20260509-0,552040.47,552040.47,552040.47,413140.5,0,20260509-0
09-MAY-2026,45783123,0,0,0,0,0,0,0,0,0,0,1,0,0,0,0,20260509-0,39223.47,39223.47,39223.47,0,0,20260509-0
09-MAY-2026,45785552,664980,0,664980,55415,0,0,0,0,0,0,1,0,0,664980,55415,20260509-0,795784,795784,795784,720395,0,20260509-0
09-MAY-2026,45855021,147642,0,147642,12303.5,0,0,0,0,0,0,1,0,0,147642,12303.5,20260509-0,197008.17,197008.17,197008.17,159945.5,0,20260509-0
09-MAY-2026,45908488,2014380,0,2014380,167865,0,0,0,0,0,0,1,0,0,2014380,167865,20260509-0,1735168.01,1735168.01,1735168.01,2182245,447076.99,20260509-0
09-MAY-2026,50004509,0,0,0,0,0,0,0,0,0,0,1,0,0,0,0,20260509-0,168484.78,168484.78,168484.78,0,0,20260509-0
09-MAY-2026,50060055,537228,0,537228,44769,0,0,0,0,0,0,1,0,0,537228,44769,20260509-0,626460.46,626460.46,626460.46,581997,0,20260509-0
09-MAY-2026,50062131,0,0,0,0,0,0,0,0,0,0,1,0,0,0,0,20260509-0,176512.05,176512.05,176512.05,0,0,20260509-0
09-MAY-2026,50065215,0,0,0,0,0,0,0,0,0,0,1,0,0,0,0,20260509-0,173285.51,173285.51,173285.51,0,0,20260509-0
09-MAY-2026,50070180,0,0,0,0,0,0,0,0,0,0,1,0,0,0,0,20260509-0,169806.5,169806.5,169806.5,0,0,20260509-0
09-MAY-2026,50074875,22528488,0,22528488,1877374,0,0,0,0,0,0,1,0,0,22528488,1877374,20260509-0,7708067.4,7708067.4,7708067.4,24405862,16697794.6,20260509-0
09-MAY-2026,50078080,12965220,0,12965220,1160149,0,0,63558,0,0,0,1,0,0,12965220,1160149,20260509-0,15659861.8,15659861.8,15659861.8,14125369,0,20260509-0
09-MAY-2026,50079422,0,0,0,0,0,0,0,0,0,0,1,0,0,0,0,20260509-0,14697.88,14697.88,14697.88,0,0,20260509-0
09-MAY-2026,50079829,23773041,0,23773041,2446278.5,0,0,0,0,0,0,1,0,0,23773041,2446278.5,20260509-0,354204.66,354204.66,354204.66,26219319.5,25865114.84,20260509-0
09-MAY-2026,50082424,0,0,0,0,0,0,0,0,0,0,1,0,0,0,0,20260509-0,143043.46,143043.46,143043.46,0,0,20260509-0
09-MAY-2026,50184613,3004800,0,3004800,250400,0,0,0,0,0,0,1,0,0,3004800,250400,20260509-0,4029080,4029080,4029080,3255200,0,20260509-0
09-MAY-2026,50186869,0,0,0,0,0,0,0,0,0,0,1,0,0,0,0,20260509-0,35668.31,35668.31,35668.31,0,0,20260509-0
09-MAY-2026,50192805,901705.25,0,901705.25,69843,0,0,0,0,0,0,1,0,0,901705.25,69843,20260509-0,1030244.57,1030244.57,1030244.57,971548.25,0,20260509-0
09-MAY-2026,60004729,66498,0,66498,5541.5,0,0,0,0,0,0,1,0,0,66498,5541.5,20260509-0,83043.4,83043.4,83043.4,72039.5,0,20260509-0
09-MAY-2026,60042836,0,0,0,0,0,0,0,0,0,0,1,0,0,0,0,20260509-0,23969.8,23969.8,23969.8,0,0,20260509-0
09-MAY-2026,60065693,1103418,0,1103418,91951.5,0,0,0,0,0,0,1,0,0,1103418,91951.5,20260509-0,1310317.65,1310317.65,1310317.65,1195369.5,0,20260509-0
09-MAY-2026,60082232,0,0,0,0,0,0,0,0,0,0,1,0,0,0,0,20260509-0,141644.23,141644.23,141644.23,0,0,20260509-0
09-MAY-2026,60088650,0,0,0,0,0,0,0,0,0,0,1,0,0,0,0,20260509-0,107198.52,107198.52,107198.52,0,0,20260509-0
09-MAY-2026,60151890,0,0,0,0,0,0,0,0,0,0,1,0,0,0,0,20260509-0,126793.42,126793.42,126793.42,0,0,20260509-0
09-MAY-2026,60153556,0,0,0,0,0,0,0,0,0,0,1,0,0,0,0,20260509-0,171550.23,171550.23,171550.23,0,0,20260509-0
09-MAY-2026,60166296,0,0,0,0,0,0,0,0,0,0,1,0,0,0,0,20260509-0,99059.41,99059.41,99059.41,0,0,20260509-0
09-MAY-2026,60193563,1661974,0,1661974,149374.5,0,0,5778,0,0,0,1,0,0,1661974,149374.5,20260509-0,1106591.98,1106591.98,1106591.98,1811348.5,704756.52,20260509-0
09-MAY-2026,60200880,0,0,0,0,0,0,0,0,0,0,1,0,0,0,0,20260509-0,14134.77,14134.77,14134.77,0,0,20260509-0
09-MAY-2026,60208722,75120,0,75120,6260,0,0,0,0,0,0,1,0,0,75120,6260,20260509-0,192070.75,192070.75,192070.75,81380,0,20260509-0
09-MAY-2026,60210689,0,0,0,0,0,0,0,0,0,0,1,0,0,0,0,20260509-0,3850,3850,3850,0,0,20260509-0
09-MAY-2026,60211716,606863.87,0,606863.87,48293,0,0,0,0,0,0,1,0,0,606863.87,48293,20260509-0,733461.57,733461.57,733461.57,655156.87,0,20260509-0
09-MAY-2026,60226364,0,0,0,0,0,0,0,0,0,0,1,0,0,0,0,20260509-0,132326.4,132326.4,132326.4,0,0,20260509-0
09-MAY-2026,70272697,226232.14,0,226232.14,17887.5,0,0,0,0,0,0,1,0,0,226232.14,17887.5,20260509-0,289970.3,289970.3,289970.3,244119.64,0,20260509-0
09-MAY-2026,80002136,0,0,0,0,0,0,0,0,0,0,1,0,0,0,0,20260509-0,57415.89,57415.89,57415.89,0,0,20260509-0
09-MAY-2026,80007344,0,0,0,0,0,0,0,0,0,0,1,0,0,0,0,20260509-0,93080.72,93080.72,93080.72,0,0,20260509-0
09-MAY-2026,80025568,3149244,0,3149244,262437,0,0,0,0,0,0,1,0,0,3149244,262437,20260509-0,4328300.28,4328300.28,4328300.28,3411681,0,20260509-0
09-MAY-2026,80025569,2712204,0,2712204,226017,0,0,0,0,0,0,1,0,0,2712204,226017,20260509-0,3719024.74,3719024.74,3719024.74,2938221,0,20260509-0
09-MAY-2026,80026343,0,0,0,0,0,0,0,0,0,0,1,0,0,0,0,20260509-0,51440.31,51440.31,51440.31,0,0,20260509-0
09-MAY-2026,80031520,412138.26,0,412138.26,32452,0,0,0,0,0,0,1,0,0,412138.26,32452,20260509-0,617015.68,617015.68,617015.68,444590.26,0,20260509-0
09-MAY-2026,80033657,0,0,0,0,0,0,0,0,0,0,1,0,0,0,0,20260509-0,163250.72,163250.72,163250.72,0,0,20260509-0
09-MAY-2026,80072421,0,0,0,0,0,0,0,0,0,0,1,0,0,0,0,20260509-0,144580.8,144580.8,144580.8,0,0,20260509-0
09-MAY-2026,80079508,0,0,0,0,0,0,0,0,0,0,1,0,0,0,0,20260509-0,118420.21,118420.21,118420.21,0,0,20260509-0
09-MAY-2026,80087260,82548,0,82548,6879,0,0,0,0,0,0,1,0,0,82548,6879,20260509-0,129100.74,129100.74,129100.74,89427,0,20260509-0
09-MAY-2026,80087689,0,0,0,0,0,0,0,0,0,0,1,0,0,0,0,20260509-0,150778.14,150778.14,150778.14,0,0,20260509-0
09-MAY-2026,80089323,0,0,0,0,0,0,0,0,0,0,1,0,0,0,0,20260509-0,147910.47,147910.47,147910.47,0,0,20260509-0
09-MAY-2026,80097994,72522,0,72522,6043.5,0,0,0,0,0,0,1,0,0,72522,6043.5,20260509-0,149081.17,149081.17,149081.17,78565.5,0,20260509-0
09-MAY-2026,80098617,83088,0,83088,6924,0,0,0,0,0,0,1,0,0,83088,6924,20260509-0,37382.11,37382.11,37382.11,90012,52629.89,20260509-0
09-MAY-2026,80105660,0,0,0,0,0,0,0,0,0,0,1,0,0,0,0,20260509-0,139254.92,139254.92,139254.92,0,0,20260509-0
09-MAY-2026,80107621,0,0,0,0,0,0,0,0,0,0,1,0,0,0,0,20260509-0,92102.83,92102.83,92102.83,0,0,20260509-0
09-MAY-2026,80121974,72522,0,72522,6043.5,0,0,0,0,0,0,1,0,0,72522,6043.5,20260509-0,86653.05,86653.05,86653.05,78565.5,0,20260509-0
09-MAY-2026,80149376,0,0,0,0,0,0,0,0,0,0,1,0,0,0,0,20260509-0,93442.7,93442.7,93442.7,0,0,20260509-0
09-MAY-2026,80157754,72522,0,72522,6043.5,0,0,0,0,0,0,1,0,0,72522,6043.5,20260509-0,96281.17,96281.17,96281.17,78565.5,0,20260509-0
09-MAY-2026,80165135,0,0,0,0,0,0,0,0,0,0,1,0,0,0,0,20260509-0,118109.34,118109.34,118109.34,0,0,20260509-0
09-MAY-2026,80180133,0,0,0,0,0,0,0,0,0,0,1,0,0,0,0,20260509-0,117834.19,117834.19,117834.19,0,0,20260509-0
09-MAY-2026,80185751,0,0,0,0,0,0,0,0,0,0,1,0,0,0,0,20260509-0,133522.73,133522.73,133522.73,0,0,20260509-0
09-MAY-2026,80205235,0,0,0,0,0,0,0,0,0,0,1,0,0,0,0,20260509-0,23563.85,23563.85,23563.85,0,0,20260509-0
09-MAY-2026,EA893232,71622,0,71622,5968.5,0,0,0,0,0,0,1,0,0,71622,5968.5,20260509-0,85536,85536,85536,77590.5,0,20260509-0
09-MAY-2026,EB007740,79867.07,0,79867.07,6173,0,0,0,0,0,0,1,0,0,79867.07,6173,20260509-0,90697.44,90697.44,90697.44,86040.07,0,20260509-0
09-MAY-2026,EB013562,0,0,0,0,0,0,0,0,0,0,1,0,0,0,0,20260509-0,18556.11,18556.11,18556.11,0,0,20260509-0
09-MAY-2026,EX716208,0,0,0,0,0,0,0,0,0,0,1,0,0,0,0,20260509-0,158063.67,158063.67,158063.67,0,0,20260509-0
