09-MAY-2026,PRO_00471,134022280.83,0.00,134022280.83,14403395.16,P
09-MAY-2026,10050031,4192980.00,0.00,4192980.00,349415.00,C
09-MAY-2026,10050322,8328774.00,0.00,8328774.00,798964.50,C
09-MAY-2026,10050435,12224202.54,0.00,12224202.54,1014827.00,C
09-MAY-2026,10050565,15520.00,2550.00,18070.00,11220.50,C
09-MAY-2026,10050566,405782.17,0.00,405782.17,33837.50,C
09-MAY-2026,10050621,404820.00,0.00,404820.00,33735.00,C
09-MAY-2026,10050685,269880.00,0.00,269880.00,22490.00,C
09-MAY-2026,1005A032,103050.00,0.00,103050.00,8587.50,C
09-MAY-2026,1005A037,674700.00,0.00,674700.00,56225.00,C
09-MAY-2026,11031418,3141829.85,0.00,3141829.85,279642.00,C
09-MAY-2026,11032404,1133550.00,0.00,1133550.00,94462.50,C
09-MAY-2026,11032492,100086.00,0.00,100086.00,8340.50,C
09-MAY-2026,11032523,269880.00,0.00,269880.00,198390.00,C
09-MAY-2026,11035846,480900.00,0.00,480900.00,40075.00,C
09-MAY-2026,11036163,309585.31,0.00,309585.31,96894.00,C
09-MAY-2026,11036443,100086.00,0.00,100086.00,8340.50,C
09-MAY-2026,11036731,99895.72,0.00,99895.72,8113.00,C
09-MAY-2026,11036868,0.00,0.00,0.00,61700.00,C
09-MAY-2026,11037050,976961.27,0.00,976961.27,80360.00,C
09-MAY-2026,11037052,1285620.00,0.00,1285620.00,108335.00,C
09-MAY-2026,11037179,1891620.00,0.00,1891620.00,157635.00,C
09-MAY-2026,11037353,742320.00,0.00,742320.00,61860.00,C
09-MAY-2026,11037693,1146990.00,0.00,1146990.00,95582.50,C
09-MAY-2026,11038113,266670.00,0.00,266670.00,22222.50,C
09-MAY-2026,1103A081,1933541.17,0.00,1933541.17,171012.00,C
09-MAY-2026,11041282,2263249.26,0.00,2263249.26,280872.00,C
09-MAY-2026,11041284,14053933.29,0.00,14053933.29,1154114.50,C
09-MAY-2026,11041285,145044.00,0.00,145044.00,12087.00,C
09-MAY-2026,11041286,1183461.43,0.00,1183461.43,98198.50,C
09-MAY-2026,11041289,145044.00,0.00,145044.00,12087.00,C
09-MAY-2026,11041304,6472503.59,0.00,6472503.59,532076.00,C
09-MAY-2026,11041306,1349400.00,0.00,1349400.00,112450.00,C
09-MAY-2026,11041307,6949410.00,0.00,6949410.00,579117.50,C
09-MAY-2026,11041318,143244.00,0.00,143244.00,11937.00,C
09-MAY-2026,11041326,9426264.00,0.00,9426264.00,1044722.00,C
09-MAY-2026,11041339,6207240.00,0.00,6207240.00,517270.00,C
09-MAY-2026,11041341,539760.00,0.00,539760.00,44980.00,C
09-MAY-2026,11041350,97696.13,0.00,97696.13,8036.00,C
09-MAY-2026,11041386,5031948.00,0.00,5031948.00,419329.00,C
09-MAY-2026,11041388,390784.51,0.00,390784.51,32144.00,C
09-MAY-2026,11041390,1826268.00,0.00,1826268.00,251731.86,C
09-MAY-2026,11041396,3276762.36,0.00,3276762.36,267036.00,C
09-MAY-2026,11041401,8982597.24,0.00,8982597.24,1208874.00,C
09-MAY-2026,11041412,7691580.00,0.00,7691580.00,640965.00,C
09-MAY-2026,11041413,5262660.00,0.00,5262660.00,455355.00,C
09-MAY-2026,11041414,4925310.00,0.00,4925310.00,410442.50,C
09-MAY-2026,11041415,5802420.00,0.00,5802420.00,483535.00,C
09-MAY-2026,11041426,390784.51,0.00,390784.51,32144.00,C
09-MAY-2026,11041450,1648260.00,0.00,1648260.00,137355.00,C
09-MAY-2026,11041459,134352.00,0.00,134352.00,11196.00,C
09-MAY-2026,11041470,67470.00,0.00,67470.00,5622.50,C
09-MAY-2026,11041471,67470.00,0.00,67470.00,5622.50,C
09-MAY-2026,11041472,133968.00,0.00,133968.00,11164.00,C
09-MAY-2026,11041473,66498.00,0.00,66498.00,5541.50,C
09-MAY-2026,11041520,134940.00,0.00,134940.00,11245.00,C
09-MAY-2026,11041523,358110.00,0.00,358110.00,29842.50,C
09-MAY-2026,11041525,13994310.00,0.00,13994310.00,1281752.50,C
09-MAY-2026,11041526,11923908.00,0.00,11923908.00,1109219.00,C
09-MAY-2026,11041550,4787856.00,0.00,4787856.00,398988.00,C
09-MAY-2026,11041555,2474034.00,0.00,2474034.00,206169.50,C
09-MAY-2026,11041563,3538500.00,0.00,3538500.00,294875.00,C
09-MAY-2026,11041577,33588.00,0.00,33588.00,2799.00,C
09-MAY-2026,11041578,293088.38,0.00,293088.38,24108.00,C
09-MAY-2026,11041593,2770685.00,0.00,2770685.00,226490.00,C
09-MAY-2026,11041596,195392.25,0.00,195392.25,16072.00,C
09-MAY-2026,11041599,1505100.00,0.00,1505100.00,142100.00,C
09-MAY-2026,11041609,2416039.99,0.00,2416039.99,200777.00,C
09-MAY-2026,11041610,676080.00,0.00,676080.00,80640.00,C
09-MAY-2026,11041614,707994.00,0.00,707994.00,58999.50,C
09-MAY-2026,11041624,1989252.00,0.00,1989252.00,165771.00,C
09-MAY-2026,11041625,1773548.00,0.00,1773548.00,148382.00,C
09-MAY-2026,11041626,289648.00,0.00,289648.00,37314.00,C
09-MAY-2026,11041627,616140.00,0.00,616140.00,51345.00,C
09-MAY-2026,11041628,1107108.00,0.00,1107108.00,92259.00,C
09-MAY-2026,11041629,902088.00,0.00,902088.00,75174.00,C
09-MAY-2026,11041637,2368079.47,0.00,2368079.47,193394.00,C
09-MAY-2026,11041641,488480.63,0.00,488480.63,40180.00,C
09-MAY-2026,11041645,525980.10,0.00,525980.10,43304.00,C
09-MAY-2026,11041647,195392.25,0.00,195392.25,16072.00,C
09-MAY-2026,11041649,1569736.80,0.00,1569736.80,143207.00,C
09-MAY-2026,11041651,199791.43,0.00,199791.43,16226.00,C
09-MAY-2026,11041657,217566.00,0.00,217566.00,18130.50,C
09-MAY-2026,11041667,72522.00,0.00,72522.00,6043.50,C
09-MAY-2026,11041668,1997914.35,0.00,1997914.35,162260.00,C
09-MAY-2026,11041671,1709970.00,0.00,1709970.00,142497.50,C
09-MAY-2026,11041674,1416576.00,0.00,1416576.00,118048.00,C
09-MAY-2026,11041694,195392.25,0.00,195392.25,16072.00,C
09-MAY-2026,11041697,12553488.00,0.00,12553488.00,1046124.00,C
09-MAY-2026,11041710,3508440.00,0.00,3508440.00,306870.00,C
09-MAY-2026,11041711,3508440.00,0.00,3508440.00,306370.00,C
09-MAY-2026,11041713,2397497.22,0.00,2397497.22,305912.00,C
09-MAY-2026,11041717,195392.25,0.00,195392.25,16072.00,C
09-MAY-2026,11041758,97696.13,0.00,97696.13,8036.00,C
09-MAY-2026,11041759,195392.25,0.00,195392.25,16072.00,C
09-MAY-2026,11041767,195392.25,0.00,195392.25,16072.00,C
09-MAY-2026,11041774,337350.00,0.00,337350.00,28112.50,C
09-MAY-2026,1104A006,97696.13,0.00,97696.13,8036.00,C
09-MAY-2026,1104A013,195392.25,0.00,195392.25,16072.00,C
09-MAY-2026,1104A022,144144.00,0.00,144144.00,12012.00,C
09-MAY-2026,1104A024,71622.00,0.00,71622.00,5968.50,C
09-MAY-2026,11060019,636222.00,0.00,636222.00,53018.50,C
09-MAY-2026,11060020,1886364.00,0.00,1886364.00,178797.00,C
09-MAY-2026,11060059,41544.00,0.00,41544.00,3462.00,C
09-MAY-2026,11060064,3989880.00,0.00,3989880.00,332490.00,C
09-MAY-2026,11060360,369468.00,0.00,369468.00,32989.00,C
09-MAY-2026,11060722,33588.00,0.00,33588.00,2874.00,C
09-MAY-2026,11076018,65334.05,0.00,65334.05,9472.50,C
09-MAY-2026,11076033,101820.00,0.00,101820.00,9910.00,C
09-MAY-2026,11076034,1293660.87,0.00,1293660.87,149228.50,C
09-MAY-2026,11076109,34033.29,0.00,34033.29,2862.50,C
09-MAY-2026,11076119,1970641.63,0.00,1970641.63,172461.50,C
09-MAY-2026,11076138,269880.00,0.00,269880.00,22490.00,C
09-MAY-2026,1107A002,239887.72,0.00,239887.72,19779.00,C
09-MAY-2026,11088307,3705785.50,0.00,3705785.50,310764.50,C
09-MAY-2026,11088485,1214460.00,0.00,1214460.00,101205.00,C
09-MAY-2026,11098280,3838260.00,0.00,3838260.00,319855.00,C
09-MAY-2026,11098309,175130.12,0.00,175130.12,14209.00,C
09-MAY-2026,11098328,168528.00,0.00,168528.00,14044.00,C
09-MAY-2026,11098329,5077084.86,0.00,5077084.86,578747.00,C
09-MAY-2026,11098343,339648.00,0.00,339648.00,28304.00,C
09-MAY-2026,11098344,2446019.27,0.00,2446019.27,202781.50,C
09-MAY-2026,11098385,305107.99,0.00,305107.99,24866.00,C
09-MAY-2026,11098422,2930883.81,0.00,2930883.81,241080.00,C
09-MAY-2026,11098440,525840.00,0.00,525840.00,43820.00,C
09-MAY-2026,11098441,10008257.80,0.00,10008257.80,822268.50,C
09-MAY-2026,11098531,499478.59,0.00,499478.59,56565.00,C
09-MAY-2026,11098532,1176881.99,0.00,1176881.99,97234.00,C
09-MAY-2026,11098534,345000.00,0.00,345000.00,28750.00,C
09-MAY-2026,11098650,797976.00,0.00,797976.00,66498.00,C
09-MAY-2026,11098673,2726853.71,0.00,2726853.71,228166.50,C
09-MAY-2026,1109A035,77434.00,0.00,77434.00,6173.00,C
09-MAY-2026,11100202,1648800.00,0.00,1648800.00,137400.00,C
09-MAY-2026,11636415,478679.99,0.00,478679.99,68780.00,C
09-MAY-2026,1192P786,99895.72,0.00,99895.72,8113.00,C
09-MAY-2026,12042440,300480.00,0.00,300480.00,25040.00,C
09-MAY-2026,AK511,35180.00,0.00,35180.00,3618.00,C
09-MAY-2026,AM747,3381228.00,0.00,3381228.00,281769.00,C
09-MAY-2026,AS211,3479067.64,0.00,3479067.64,286649.00,C
09-MAY-2026,BK25,75120.00,0.00,75120.00,13610.00,C
09-MAY-2026,D0011982,1045198.30,0.00,1045198.30,85830.00,C
09-MAY-2026,D0012092,67176.00,0.00,67176.00,5598.00,C
09-MAY-2026,D0012144,600960.00,0.00,600960.00,50080.00,C
09-MAY-2026,D0012177,229987.99,0.00,229987.99,18606.00,C
09-MAY-2026,D0012516,72522.00,0.00,72522.00,6043.50,C
09-MAY-2026,D0012555,217566.00,0.00,217566.00,18130.50,C
09-MAY-2026,DJ881,525760.00,0.00,525760.00,1023720.00,C
09-MAY-2026,GA833,3373500.00,0.00,3373500.00,281125.00,C
09-MAY-2026,GS99,4048200.00,0.00,4048200.00,337350.00,C
09-MAY-2026,J149,77434.00,0.00,77434.00,6173.00,C
09-MAY-2026,KAHA0020,69336.00,0.00,69336.00,17334.00,C
09-MAY-2026,KAHA0024,643803.98,0.00,643803.98,52531.00,C
09-MAY-2026,MG553,9610302.00,0.00,9610302.00,835658.50,C
09-MAY-2026,PK777,1606860.00,0.00,1606860.00,133905.00,C
09-MAY-2026,RK711,432012.00,0.00,432012.00,36001.00,C
09-MAY-2026,SB649,7556640.00,0.00,7556640.00,629870.00,C
09-MAY-2026,SMS71,460160.10,0.00,460160.10,37819.00,C
09-MAY-2026,SS644,33588.00,0.00,33588.00,2799.00,C
09-MAY-2026,VK790,4961420.72,0.00,4961420.72,1291304.00,C
