09-MAY-2026,00647,0,0,0,0,0,0,0,0,0,0,2,0,0
09-MAY-2026,A00030652,0,0,0,0,0,0,0,0,0,0,1,0,0
09-MAY-2026,A00111754,0,0,0,0,0,0,0,0,0,0,1,0,0
09-MAY-2026,A00113121,0,0,0,0,0,0,0,0,0,0,1,0,0
09-MAY-2026,A00117573,0,0,0,0,0,0,0,0,0,0,1,0,0
09-MAY-2026,A00117793,0,0,0,0,0,0,0,0,0,0,1,0,0
09-MAY-2026,A00119479,0,0,0,0,0,0,0,0,0,0,1,0,0
09-MAY-2026,A00120828,0,0,0,0,0,0,0,0,0,0,1,0,0
09-MAY-2026,A00122607,0,0,0,0,0,0,0,0,0,0,1,0,0
09-MAY-2026,A00123098,0,0,0,0,0,0,0,0,0,0,1,0,0
09-MAY-2026,A036327,0,0,0,0,0,0,0,0,0,0,1,0,0
09-MAY-2026,A069847,0,0,0,0,0,0,0,0,0,0,1,0,0
09-MAY-2026,A099718,0,0,0,0,0,0,0,0,0,0,1,0,0
09-MAY-2026,A105360,0,0,0,0,0,0,0,0,0,0,1,0,0
09-MAY-2026,A170176,0,0,0,0,0,0,0,0,0,0,1,0,0
09-MAY-2026,A221851,0,0,0,0,0,0,0,0,0,0,1,0,0
09-MAY-2026,A281344,0,0,0,0,0,0,0,0,0,0,1,0,0
09-MAY-2026,A498473,0,0,0,0,0,0,0,0,0,0,1,0,0
09-MAY-2026,A533595,0,0,0,0,0,0,0,0,0,0,1,0,0
09-MAY-2026,A548276,0,0,0,0,0,0,0,0,0,0,1,0,0
09-MAY-2026,A566815,0,0,0,0,0,0,0,0,0,0,1,0,0
09-MAY-2026,B00031333,0,0,0,0,0,0,0,0,0,0,1,0,0
09-MAY-2026,B00038211,0,0,0,0,0,0,0,0,0,0,1,0,0
09-MAY-2026,B00065094,0,0,0,0,0,0,0,0,0,0,1,0,0
09-MAY-2026,B166630,0,0,0,0,0,0,0,0,0,0,1,0,0
09-MAY-2026,C00039161,0,0,0,0,0,0,0,0,0,0,1,0,0
09-MAY-2026,C00045766,0,0,0,0,0,0,0,0,0,0,1,0,0
09-MAY-2026,CAM1389,0,0,0,0,0,0,0,0,0,0,1,0,0
09-MAY-2026,CCH1439,0,0,0,0,0,0,0,0,0,0,1,0,0
09-MAY-2026,CDS1679,0,0,0,0,0,0,0,0,0,0,1,0,0
09-MAY-2026,CFK1247,0,0,0,0,0,0,0,0,0,0,1,0,0
09-MAY-2026,CPG2190,0,0,0,0,0,0,0,0,0,0,1,0,0
09-MAY-2026,CSL1878,0,0,0,0,0,0,0,0,0,0,1,0,0
09-MAY-2026,CVS1464,0,0,0,0,0,0,0,0,0,0,1,0,0
09-MAY-2026,D00067215,0,0,0,0,0,0,0,0,0,0,1,0,0
09-MAY-2026,D442501,0,0,0,0,0,0,0,0,0,0,1,0,0
09-MAY-2026,D536290,0,0,0,0,0,0,0,0,0,0,1,0,0
09-MAY-2026,D568155,0,0,0,0,0,0,0,0,0,0,1,0,0
09-MAY-2026,E030220,0,0,0,0,0,0,0,0,0,0,1,0,0
09-MAY-2026,G00055997,0,0,0,0,0,0,0,0,0,0,1,0,0
09-MAY-2026,G026913,0,0,0,0,0,0,0,0,0,0,1,0,0
09-MAY-2026,G092295,0,0,0,0,0,0,0,0,0,0,1,0,0
09-MAY-2026,G281881,0,0,0,0,0,0,0,0,0,0,1,0,0
09-MAY-2026,H00035465,0,0,0,0,0,0,0,0,0,0,1,0,0
09-MAY-2026,H00047333,0,0,0,0,0,0,0,0,0,0,1,0,0
09-MAY-2026,H00052900,0,0,0,0,0,0,0,0,0,0,1,0,0
09-MAY-2026,H00053735,0,0,0,0,0,0,0,0,0,0,1,0,0
09-MAY-2026,H055580,0,0,0,0,0,0,0,0,0,0,1,0,0
09-MAY-2026,H163811,0,0,0,0,0,0,0,0,0,0,1,0,0
09-MAY-2026,H284182,338566,0,338566,27934,0,0,0,0,0,0,1,0,0
09-MAY-2026,H357777,0,0,0,0,0,0,0,0,0,0,1,0,0
09-MAY-2026,H450021,0,0,0,0,0,0,0,0,0,0,1,0,0
09-MAY-2026,I00037664,0,0,0,0,0,0,0,0,0,0,1,0,0
09-MAY-2026,I467630,0,0,0,0,0,0,0,0,0,0,1,0,0
09-MAY-2026,J00061121,0,0,0,0,0,0,0,0,0,0,1,0,0
09-MAY-2026,J064888,0,0,0,0,0,0,0,0,0,0,1,0,0
09-MAY-2026,J451848,0,0,0,0,0,0,0,0,0,0,1,0,0
09-MAY-2026,J569905,0,0,0,0,0,0,0,0,0,0,1,0,0
09-MAY-2026,K00034475,0,0,0,0,0,0,0,0,0,0,1,0,0
09-MAY-2026,K00071721,0,0,0,0,0,0,0,0,0,0,1,0,0
09-MAY-2026,K00074265,0,0,0,0,0,0,0,0,0,0,1,0,0
09-MAY-2026,K00075094,0,0,0,0,0,0,0,0,0,0,1,0,0
09-MAY-2026,K001446,0,0,0,0,0,0,0,0,0,0,1,0,0
09-MAY-2026,K074503,0,0,0,0,0,0,0,0,0,0,1,0,0
09-MAY-2026,K180302,0,0,0,0,0,0,0,0,0,0,1,0,0
09-MAY-2026,K455682,0,0,0,0,0,0,0,0,0,0,1,0,0
09-MAY-2026,L00042610,0,0,0,0,0,0,0,0,0,0,1,0,0
09-MAY-2026,M00058924,0,0,0,0,0,0,0,0,0,0,1,0,0
09-MAY-2026,M00081608,0,0,0,0,0,0,0,0,0,0,1,0,0
09-MAY-2026,M00090019,0,0,0,0,0,0,0,0,0,0,1,0,0
09-MAY-2026,M00095619,0,0,0,0,0,0,0,0,0,0,1,0,0
09-MAY-2026,M00102100,0,0,0,0,0,0,0,0,0,0,1,0,0
09-MAY-2026,M00102888,0,0,0,0,0,0,0,0,0,0,1,0,0
09-MAY-2026,M00102901,0,0,0,0,0,0,0,0,0,0,1,0,0
09-MAY-2026,M00103156,0,0,0,0,0,0,0,0,0,0,1,0,0
09-MAY-2026,M133414,0,0,0,0,0,0,0,0,0,0,1,0,0
09-MAY-2026,M145611,0,0,0,0,0,0,0,0,0,0,1,0,0
09-MAY-2026,M176621,0,0,0,0,0,0,0,0,0,0,1,0,0
09-MAY-2026,M228929,0,0,0,0,0,0,0,0,0,0,1,0,0
09-MAY-2026,N00064892,0,0,0,0,0,0,0,0,0,0,1,0,0
09-MAY-2026,N00069592,0,0,0,0,0,0,0,0,0,0,1,0,0
09-MAY-2026,N566119,0,0,0,0,0,0,0,0,0,0,1,0,0
09-MAY-2026,N572288,0,0,0,0,0,0,0,0,0,0,1,0,0
09-MAY-2026,NC0008,0,0,0,0,0,0,0,0,0,0,1,0,0
09-MAY-2026,O00035238,0,0,0,0,0,0,0,0,0,0,1,0,0
09-MAY-2026,P00072628,0,0,0,0,0,0,0,0,0,0,1,0,0
09-MAY-2026,P00080557,0,0,0,0,0,0,0,0,0,0,1,0,0
09-MAY-2026,P00081838,0,0,0,0,0,0,0,0,0,0,1,0,0
09-MAY-2026,P00085537,0,0,0,0,0,0,0,0,0,0,1,0,0
09-MAY-2026,P00085819,0,0,0,0,0,0,0,0,0,0,1,0,0
09-MAY-2026,P00086380,0,0,0,0,0,0,0,0,0,0,1,0,0
09-MAY-2026,P006045,0,0,0,0,0,0,0,0,0,0,1,0,0
09-MAY-2026,P061247,0,0,0,0,0,0,0,0,0,0,1,0,0
09-MAY-2026,R00031418,0,0,0,0,0,0,0,0,0,0,1,0,0
09-MAY-2026,R00071503,0,0,0,0,0,0,0,0,0,0,1,0,0
09-MAY-2026,R00105691,0,0,0,0,0,0,0,0,0,0,1,0,0
09-MAY-2026,R00111659,0,0,0,0,0,0,0,0,0,0,1,0,0
09-MAY-2026,R008598,0,0,0,0,0,0,0,0,0,0,1,0,0
09-MAY-2026,R049404,0,0,0,0,0,0,0,0,0,0,1,0,0
09-MAY-2026,R292435,0,0,0,0,0,0,0,0,0,0,1,0,0
09-MAY-2026,RS14137,0,0,0,0,0,0,0,0,0,0,1,0,0
09-MAY-2026,RS17748,0,0,0,0,0,0,0,0,0,0,1,0,0
09-MAY-2026,RS19990,0,0,0,0,0,0,0,0,0,0,1,0,0
09-MAY-2026,RS20245,0,0,0,0,0,0,0,0,0,0,1,0,0
09-MAY-2026,RS31795,0,0,0,0,0,0,0,0,0,0,1,0,0
09-MAY-2026,RS31873,0,0,0,0,0,0,0,0,0,0,1,0,0
09-MAY-2026,RS31892,0,0,0,0,0,0,0,0,0,0,1,0,0
09-MAY-2026,RS4060,0,0,0,0,0,0,0,0,0,0,1,0,0
09-MAY-2026,RS4769,0,0,0,0,0,0,0,0,0,0,1,0,0
09-MAY-2026,RS8049,0,0,0,0,0,0,0,0,0,0,1,0,0
09-MAY-2026,S00038522,0,0,0,0,0,0,0,0,0,0,1,0,0
09-MAY-2026,S0012478,0,0,0,0,0,0,0,0,0,0,1,0,0
09-MAY-2026,S00140653,0,0,0,0,0,0,0,0,0,0,1,0,0
09-MAY-2026,S00165001,1049491.43,0,1049491.43,89225,0,0,0,0,0,0,1,0,0
09-MAY-2026,S00168978,0,0,0,0,0,0,0,0,0,0,1,0,0
09-MAY-2026,S00169238,0,0,0,0,0,0,0,0,0,0,1,0,0
09-MAY-2026,S00169827,0,0,0,0,0,0,0,0,0,0,1,0,0
09-MAY-2026,S00170729,0,0,0,0,0,0,0,0,0,0,1,0,0
09-MAY-2026,S00171676,0,0,0,0,0,0,0,0,0,0,1,0,0
09-MAY-2026,S00171972,0,0,0,0,0,0,0,0,0,0,1,0,0
09-MAY-2026,S00172059,0,0,0,0,0,0,0,0,0,0,1,0,0
09-MAY-2026,S00174311,0,0,0,0,0,0,0,0,0,0,1,0,0
09-MAY-2026,S00182912,0,0,0,0,0,0,0,0,0,0,1,0,0
09-MAY-2026,S00183686,0,0,0,0,0,0,0,0,0,0,1,0,0
09-MAY-2026,S00184534,0,0,0,0,0,0,0,0,0,0,1,0,0
09-MAY-2026,S00184576,0,0,0,0,0,0,0,0,0,0,1,0,0
09-MAY-2026,S00184710,0,0,0,0,0,0,0,0,0,0,1,0,0
09-MAY-2026,S00185717,0,0,0,0,0,0,0,0,0,0,1,0,0
09-MAY-2026,S011822,0,0,0,0,0,0,0,0,0,0,1,0,0
09-MAY-2026,S022010,0,0,0,0,0,0,0,0,0,0,1,0,0
09-MAY-2026,S053510,0,0,0,0,0,0,0,0,0,0,1,0,0
09-MAY-2026,S074431,0,0,0,0,0,0,0,0,0,0,1,0,0
09-MAY-2026,S087694,0,0,0,0,0,0,0,0,0,0,1,0,0
09-MAY-2026,S149775,0,0,0,0,0,0,0,0,0,0,1,0,0
09-MAY-2026,S294238,0,0,0,0,0,0,0,0,0,0,1,0,0
09-MAY-2026,S365545,0,0,0,0,0,0,0,0,0,0,1,0,0
09-MAY-2026,S474510,0,0,0,0,0,0,0,0,0,0,1,0,0
09-MAY-2026,S545485,0,0,0,0,0,0,0,0,0,0,1,0,0
09-MAY-2026,S567545,0,0,0,0,0,0,0,0,0,0,1,0,0
09-MAY-2026,S572436,0,0,0,0,0,0,0,0,0,0,1,0,0
09-MAY-2026,T00043153,1082931.02,0,1082931.02,90481.5,0,0,0,0,0,0,1,0,0
09-MAY-2026,T00043480,0,0,0,0,0,0,0,0,0,0,1,0,0
09-MAY-2026,T00043821,0,0,0,0,0,0,0,0,0,0,1,0,0
09-MAY-2026,U00041133,0,0,0,0,0,0,0,0,0,0,1,0,0
09-MAY-2026,U442505,0,0,0,0,0,0,0,0,0,0,1,0,0
09-MAY-2026,V00043203,0,0,0,0,0,0,0,0,0,0,1,0,0
09-MAY-2026,V000783,0,0,0,0,0,0,0,0,0,0,1,0,0
09-MAY-2026,V00078571,0,0,0,0,0,0,0,0,0,0,1,0,0
09-MAY-2026,V00079512,0,0,0,0,0,0,0,0,0,0,1,0,0
09-MAY-2026,V293879,0,0,0,0,0,0,0,0,0,0,1,0,0
09-MAY-2026,V366193,0,0,0,0,0,0,0,0,0,0,1,0,0
09-MAY-2026,V404368,0,0,0,0,0,0,0,0,0,0,1,0,0
09-MAY-2026,V550405,0,0,0,0,0,0,0,0,0,0,1,0,0
