09-MAY-2026,01284,0,0,0,0,0,0,0,0,0,0,2,0,0,0,0,20260509-0,18000000,18000000,18000000,0,0,20260509-0
09-MAY-2026,A3835,71622,0,71622,5968.5,0,0,0,0,0,0,1,0,0,71622,5968.5,20260509-0,7650,7650,7650,77590.5,69940.5,20260509-0
09-MAY-2026,A3838,143244,0,143244,11937,0,0,0,0,0,0,1,0,0,143244,11937,20260509-0,216708,216708,216708,155181,0,20260509-0
09-MAY-2026,A3841,143244,0,143244,11937,0,0,0,0,0,0,1,0,0,143244,11937,20260509-0,216708.44,216708.44,216708.44,155181,0,20260509-0
09-MAY-2026,A4222,3906141.26,0,3906141.26,302347.5,0,0,0,0,0,0,1,0,0,3833619.26,296304,20260509-0,7052801.02,7052801.02,7052801.02,4129923.26,0,20260509-0
09-MAY-2026,A4367,652698,0,652698,54391.5,0,0,0,0,0,0,1,0,0,652698,54391.5,20260509-0,3032418.67,3032418.67,3032418.67,707089.5,0,20260509-0
09-MAY-2026,A4580,1757075.49,0,1757075.49,135806,0,0,0,0,0,0,1,0,0,1757075.49,135806,20260509-0,2523134.55,2523134.55,2523134.55,1892881.49,0,20260509-0
09-MAY-2026,A4642,150240,0,150240,12520,0,0,0,0,0,0,1,0,0,150240,12520,20260509-0,250000,250000,250000,162760,0,20260509-0
09-MAY-2026,A4653,12078596.14,0,12078596.14,1005584.5,0,0,0,0,0,0,1,0,0,12006074.14,999541,20260509-0,17332670.02,17332670.02,17332670.02,13005615.14,0,20260509-0
09-MAY-2026,A4678,692133.2,0,692133.2,56230,0,0,0,0,0,0,1,0,0,692133.2,56230,20260509-0,3033147.77,3033147.77,3033147.77,748363.2,0,20260509-0
09-MAY-2026,A5221,159734.14,0,159734.14,12346,0,0,0,0,0,0,1,0,0,159734.14,12346,20260509-0,31721.87,31721.87,31721.87,172080.14,140358.27,20260509-0
09-MAY-2026,A5643,0,0,0,0,0,0,0,0,0,0,1,0,0,0,0,20260509-0,500000,500000,500000,0,0,20260509-0
09-MAY-2026,A7242,7764077.49,0,7764077.49,636389.5,0,0,0,0,0,0,1,0,0,7691555.49,630346,20260509-0,13911875.57,13911875.57,13911875.57,8321901.49,0,20260509-0
09-MAY-2026,A7243,1502400,0,1502400,125200,0,0,0,0,0,0,1,0,0,1502400,125200,20260509-0,2645091.39,2645091.39,2645091.39,1627600,0,20260509-0
09-MAY-2026,A7256,2204364.41,0,2204364.41,180801.5,0,0,0,0,0,0,1,0,0,2131842.41,174758,20260509-0,4233168.65,4233168.65,4233168.65,2306600.41,0,20260509-0
09-MAY-2026,A7283,10972007.7,0,10972007.7,976816,0,0,0,0,0,0,1,0,0,10972007.7,976816,20260509-0,21362639.89,21362639.89,21362639.89,11948823.7,0,20260509-0
09-MAY-2026,AH1057,369468,0,369468,30789,0,0,0,0,0,0,1,0,0,369468,30789,20260509-0,290938.75,290938.75,290938.75,400257,109318.25,20260509-0
09-MAY-2026,AH106,474678,0,474678,39556.5,0,0,0,0,0,0,1,0,0,474678,39556.5,20260509-0,591640.95,591640.95,591640.95,514234.5,0,20260509-0
09-MAY-2026,AH1083,0,0,0,0,0,0,0,0,0,0,1,0,0,0,0,20260509-0,714452.11,714452.11,714452.11,0,0,20260509-0
09-MAY-2026,AH1099,10509525.65,0,10509525.65,827526,0,0,0,0,0,0,1,0,0,10509525.65,827526,20260509-0,18080270.18,18080270.18,18080270.18,11337051.65,0,20260509-0
09-MAY-2026,AH1159,922773.68,0,922773.68,72863,0,0,0,0,0,0,1,0,0,922773.68,72863,20260509-0,1580229.35,1580229.35,1580229.35,995636.68,0,20260509-0
09-MAY-2026,AH1180,164016,0,164016,13668,0,0,0,0,0,0,1,0,0,164016,13668,20260509-0,421383.62,421383.62,421383.62,177684,0,20260509-0
09-MAY-2026,AH1185,998676,0,998676,83223,0,0,0,0,0,0,1,0,0,998676,83223,20260509-0,1410164.75,1410164.75,1410164.75,1081899,0,20260509-0
09-MAY-2026,AH1188,525760,0,525760,65720,0,0,0,0,0,0,1,0,0,525760,65720,20260509-0,5923562.71,5923562.71,5923562.71,591480,0,20260509-0
09-MAY-2026,AH1199,278934.57,0,278934.57,25703,0,0,0,0,0,0,1,0,0,278934.57,25703,20260509-0,1417516.26,1417516.26,1417516.26,304637.57,0,20260509-0
09-MAY-2026,AH1212,41004,0,41004,3417,0,0,0,0,0,0,1,0,0,41004,3417,20260509-0,63893.68,63893.68,63893.68,44421,0,20260509-0
09-MAY-2026,AH1285,0,0,0,0,0,0,0,0,0,0,1,0,0,0,0,20260509-0,327586.82,327586.82,327586.82,0,0,20260509-0
09-MAY-2026,AH1407,164016,0,164016,13668,0,0,0,0,0,0,1,0,0,164016,13668,20260509-0,2094233.26,2094233.26,2094233.26,177684,0,20260509-0
09-MAY-2026,AH1415,615938.69,0,615938.69,48601,0,0,0,0,0,0,1,0,0,615938.69,48601,20260509-0,3718983.12,3718983.12,3718983.12,664539.69,0,20260509-0
09-MAY-2026,AH584,315456,0,315456,39432,0,0,0,0,0,0,1,0,0,315456,39432,20260509-0,739899.28,739899.28,739899.28,354888,0,20260509-0
09-MAY-2026,AH588,0,0,0,0,0,0,0,0,0,0,1,0,0,0,0,20260509-0,40006.25,40006.25,40006.25,0,0,20260509-0
09-MAY-2026,AH619,0,0,0,0,0,0,0,0,0,0,1,0,0,0,0,20260509-0,26498.21,26498.21,26498.21,0,0,20260509-0
09-MAY-2026,AH630,205020,0,205020,17085,0,0,0,0,0,0,1,0,0,205020,17085,20260509-0,469704.73,469704.73,469704.73,222105,0,20260509-0
09-MAY-2026,AH662,0,0,0,0,0,0,0,0,0,0,1,0,0,0,0,20260509-0,500182.87,500182.87,500182.87,0,0,20260509-0
