09-MAY-2026,AAD691,2910900,0,2910900,229000,0,0,0,0,0,0,1,0,0,2907500,229000,20260509-0,3462921.05,3462921.05,3462921.05,3136500,0,20260509-0
09-MAY-2026,BB4005,403017,800,403817,65285,0,0,0,0,0,0,1,0,0,504582.86,76120,20260509-0,3282452.02,3282452.02,3282452.02,468302,0,20260509-0
09-MAY-2026,01303,4543630.58,0,4543630.58,361761,0,0,0,0,0,0,2,0,0,4543630.58,361761,20260509-0,12500000,12500000,12500000,4905391.58,0,20260509-0
09-MAY-2026,AA6300,549600,0,549600,45800,0,0,0,0,0,0,1,0,0,549600,45800,20260509-0,658025.71,658025.71,658025.71,595400,0,20260509-0
09-MAY-2026,AAN328,67176,0,67176,5598,0,0,0,0,0,0,1,0,0,67176,5598,20260509-0,85997.57,85997.57,85997.57,72774,0,20260509-0
09-MAY-2026,AAS174,207720,0,207720,17310,0,0,0,0,0,0,1,0,0,207720,17310,20260509-0,352066.97,352066.97,352066.97,225030,0,20260509-0
09-MAY-2026,AAV401,1016733.43,0,1016733.43,80668,0,0,0,0,0,0,1,0,0,1016733.43,80668,20260509-0,1115172.53,1115172.53,1115172.53,1097401.43,0,20260509-0
09-MAY-2026,MA4152,2163006,0,2163006,261858,0,0,0,0,0,0,1,0,0,2163006,261858,20260509-0,2463602,2463602,2463602,2424864,0,20260509-0
09-MAY-2026,MA4181,456984,0,456984,38082,0,0,0,0,0,0,1,0,0,456984,38082,20260509-0,598843.88,598843.88,598843.88,495066,0,20260509-0
09-MAY-2026,MA4120,41544,0,41544,3462,0,0,0,0,0,0,1,0,0,41544,3462,20260509-0,82765.61,82765.61,82765.61,45006,0,20260509-0
09-MAY-2026,AA6286,201531.72,0,201531.72,16072,0,0,0,0,0,0,1,0,0,201531.72,16072,20260509-0,412251.63,412251.63,412251.63,217603.72,0,20260509-0
09-MAY-2026,MA4165,7417812,0,7417812,618151,0,0,0,0,0,0,1,0,0,7417812,618151,20260509-0,9457608.09,9457608.09,9457608.09,8035963,0,20260509-0
09-MAY-2026,MA4195,2673528,0,2673528,222794,0,0,0,0,0,0,1,0,0,2673528,222794,20260509-0,3318487.36,3318487.36,3318487.36,2896322,0,20260509-0
09-MAY-2026,AAP919,0,0,0,0,0,0,0,0,0,0,1,0,0,0,0,20260509-0,160909.96,160909.96,160909.96,0,0,20260509-0
09-MAY-2026,AAR211,199494,0,199494,16624.5,0,0,0,0,0,0,1,0,0,199494,16624.5,20260509-0,285266.02,285266.02,285266.02,216118.5,0,20260509-0
09-MAY-2026,BS0002,480900,0,480900,40075,0,0,0,0,0,0,1,0,0,480900,40075,20260509-0,823799.13,823799.13,823799.13,520975,0,20260509-0
09-MAY-2026,MA4187,410040,0,410040,34170,0,0,0,0,0,0,1,0,0,410040,34170,20260509-0,614899.8,614899.8,614899.8,444210,0,20260509-0
09-MAY-2026,AAR072,100764,0,100764,8397,0,0,0,0,0,0,1,0,0,100764,8397,20260509-0,189082.58,189082.58,189082.58,109161,0,20260509-0
09-MAY-2026,BS0077,274800,0,274800,22900,0,0,0,0,0,0,1,0,0,274800,22900,20260509-0,403063.74,403063.74,403063.74,297700,0,20260509-0
09-MAY-2026,MA4069,7514274,0,7514274,626189.5,0,0,0,0,0,0,1,0,0,7514274,626189.5,20260509-0,15877416.38,15877416.38,15877416.38,8140463.5,0,20260509-0
09-MAY-2026,MA4204,166176,0,166176,13848,0,0,0,0,0,0,1,0,0,166176,13848,20260509-0,215661.86,215661.86,215661.86,180024,0,20260509-0
09-MAY-2026,AA2834,67176,0,67176,5598,0,0,0,0,0,0,1,0,0,67176,5598,20260509-0,115614.9,115614.9,115614.9,72774,0,20260509-0
09-MAY-2026,AAS101,2407018.49,0,2407018.49,190759,0,0,0,0,0,0,1,0,0,2407018.49,190759,20260509-0,3702105.37,3702105.37,3702194.92,2597777.49,0,20260509-0
09-MAY-2026,AB3517,755700,0,755700,62975,0,0,0,0,0,0,1,0,0,755700,62975,20260509-0,1059417.25,1059417.25,1059417.25,818675,0,20260509-0
09-MAY-2026,BS0075,2059476,0,2059476,171623,0,0,0,0,0,0,1,0,0,2059476,171623,20260509-0,3698300.16,3698300.16,3698300.16,2231099,0,20260509-0
09-MAY-2026,AA2827,67176,0,67176,5598,0,0,0,0,0,0,1,0,0,67176,5598,20260509-0,149007.46,149007.46,149007.46,72774,0,20260509-0
09-MAY-2026,BM2713,0,0,0,0,0,0,0,0,0,0,1,0,0,0,0,20260509-0,57938.42,57938.42,57938.42,0,0,20260509-0
09-MAY-2026,BM5002,1281930,0,1281930,106827.5,0,0,0,0,0,0,1,0,0,1281930,106827.5,20260509-0,2346695.9,3708927.91,3708927.91,1388757.5,0,20260509-0
09-MAY-2026,MA4143,3996726,0,3996726,333060.5,0,0,0,0,0,0,1,0,0,3996726,333060.5,20260509-0,4588272.02,4588272.02,4588272.02,4329786.5,0,20260509-0
09-MAY-2026,MA4162,2807748,0,2807748,540834,0,0,0,0,0,0,1,0,0,2807748,540834,20260509-0,10762946.37,10762946.37,10762946.37,1670895,0,20260509-0
