09-MAY-2026,0,0,0,0,0,0,0,0,0,0,0,1,0,0
09-MAY-2026,01303,4650737.35,0,4650737.35,353850,0,0,0,0,0,0,2,0,0
09-MAY-2026,AA1800,0,0,0,0,0,0,0,0,0,0,1,0,0
09-MAY-2026,AA1812,0,0,0,0,0,0,0,0,0,0,1,0,0
09-MAY-2026,AA1818,0,0,0,0,0,0,0,0,0,0,1,0,0
09-MAY-2026,AA1865,0,0,0,0,0,0,0,0,0,0,1,0,0
09-MAY-2026,AA1881,0,0,0,0,0,0,0,0,0,0,1,0,0
09-MAY-2026,AA2827,69132,0,69132,5761,0,0,0,0,0,0,1,0,0
09-MAY-2026,AA2834,69132,0,69132,5761,0,0,0,0,0,0,1,0,0
09-MAY-2026,AA3582,0,0,0,0,0,0,0,0,0,0,1,0,0
09-MAY-2026,AA6039,0,0,0,0,0,0,0,0,0,0,1,0,0
09-MAY-2026,AA6277,0,0,0,0,0,0,0,0,0,0,1,0,0
09-MAY-2026,AA6278,0,0,0,0,0,0,0,0,0,0,1,0,0
09-MAY-2026,AA6286,196350.3,0,196350.3,16130,0,0,0,0,0,0,1,0,0
09-MAY-2026,AA6296,0,0,0,0,0,0,0,0,0,0,1,0,0
09-MAY-2026,AA6300,547776,0,547776,45648,0,0,0,0,0,0,1,0,0
09-MAY-2026,AA6599,0,0,0,0,0,0,0,0,0,0,1,0,0
09-MAY-2026,AAA328,0,0,0,0,0,0,0,0,0,0,1,0,0
09-MAY-2026,AAA901,0,0,0,0,0,0,0,0,0,0,1,0,0
09-MAY-2026,AAD132,0,0,0,0,0,0,0,0,0,0,1,0,0
09-MAY-2026,AAD691,3027811,0,3027811,228240,0,0,0,0,0,0,1,0,0
09-MAY-2026,AAG229,0,0,0,0,0,0,0,0,0,0,1,0,0
09-MAY-2026,AAN328,69132,0,69132,5761,0,0,0,0,0,0,1,0,0
09-MAY-2026,AAP418,0,0,0,0,0,0,0,0,0,0,1,0,0
09-MAY-2026,AAP919,0,0,0,0,0,0,0,0,0,0,1,0,0
09-MAY-2026,AAR051,0,0,0,0,0,0,0,0,0,0,1,0,0
09-MAY-2026,AAR072,103698,0,103698,8641.5,0,0,0,0,0,0,1,0,0
09-MAY-2026,AAR211,202922.23,0,202922.23,15975,0,0,0,0,0,0,1,0,0
09-MAY-2026,AAR229,0,0,0,0,0,0,0,0,0,0,1,0,0
09-MAY-2026,AAR691,0,0,0,0,0,0,0,0,0,0,1,0,0
09-MAY-2026,AAS028,0,0,0,0,0,0,0,0,0,0,1,0,0
09-MAY-2026,AAS101,2460789.28,0,2460789.28,187093,0,0,0,0,0,0,1,0,0
09-MAY-2026,AAS174,211380,0,211380,17615,0,0,0,0,0,0,1,0,0
09-MAY-2026,AAS315,0,0,0,0,0,0,0,0,0,0,1,0,0
09-MAY-2026,AAS335,0,0,0,0,0,0,0,0,0,0,1,0,0
09-MAY-2026,AAS589,0,0,0,0,0,0,0,0,0,0,1,0,0
09-MAY-2026,AAV401,990002.1,0,990002.1,80930,0,0,0,0,0,0,1,0,0
09-MAY-2026,AB3517,753192,0,753192,62766,0,0,0,0,0,0,1,0,0
09-MAY-2026,BB3542,0,0,0,0,0,0,0,0,0,0,1,0,0
09-MAY-2026,BB4005,401307,800,402107,65418,0,0,0,0,0,0,1,0,0
09-MAY-2026,BB4006,0,0,0,0,0,0,0,0,0,0,1,0,0
09-MAY-2026,BM2713,0,0,0,0,0,0,0,0,0,0,1,0,0
09-MAY-2026,BM5002,1281930,0,1281930,106827.5,0,0,0,0,0,0,1,0,0
09-MAY-2026,BS0002,479304,0,479304,39942,0,0,0,0,0,0,1,0,0
09-MAY-2026,BS0075,2054820,0,2054820,171235,0,0,0,0,0,0,1,0,0
09-MAY-2026,BS0077,273888,0,273888,22824,0,0,0,0,0,0,1,0,0
09-MAY-2026,CC0041,0,0,0,0,0,0,0,0,0,0,1,0,0
09-MAY-2026,HE1002,0,0,0,0,0,0,0,0,0,0,1,0,0
09-MAY-2026,HE1003,0,0,0,0,0,0,0,0,0,0,1,0,0
09-MAY-2026,HE1004,0,0,0,0,0,0,0,0,0,0,1,0,0
09-MAY-2026,HE1008,0,0,0,0,0,0,0,0,0,0,1,0,0
09-MAY-2026,MA4019,0,0,0,0,0,0,0,0,0,0,1,0,0
09-MAY-2026,MA4028,0,0,0,0,0,0,0,0,0,0,1,0,0
09-MAY-2026,MA4029,0,0,0,0,0,0,0,0,0,0,1,0,0
09-MAY-2026,MA4037,0,0,0,0,0,0,0,0,0,0,1,0,0
09-MAY-2026,MA4069,7643403.96,0,7643403.96,601725,0,0,0,0,0,0,1,0,0
09-MAY-2026,MA4120,42276,0,42276,3523,0,0,0,0,0,0,1,0,0
09-MAY-2026,MA4143,4069368,0,4069368,339114,0,0,0,0,0,0,1,0,0
09-MAY-2026,MA4152,2187528,0,2187528,264194,0,0,0,0,0,0,1,0,0
09-MAY-2026,MA4162,2901612,0,2901612,545431,0,0,0,0,0,0,1,0,0
09-MAY-2026,MA4165,7422382.97,0,7422382.97,617285,0,0,0,0,0,0,1,0,0
09-MAY-2026,MA4173,0,0,0,0,0,0,0,0,0,0,1,0,0
09-MAY-2026,MA4181,465036,0,465036,38753,0,0,0,0,0,0,1,0,0
09-MAY-2026,MA4187,407400,0,407400,33950,0,0,0,0,0,0,1,0,0
09-MAY-2026,MA4190,0,0,0,0,0,0,0,0,0,0,1,0,0
09-MAY-2026,MA4193,0,0,0,0,0,0,0,0,0,0,1,0,0
09-MAY-2026,MA4195,2703239.32,0,2703239.32,217165,0,0,0,0,0,0,1,0,0
09-MAY-2026,MA4198,0,0,0,0,0,0,0,0,0,0,1,0,0
09-MAY-2026,MA4199,0,0,0,0,0,0,0,0,0,0,1,0,0
09-MAY-2026,MA4200,0,0,0,0,0,0,0,0,0,0,1,0,0
09-MAY-2026,MA4202,0,0,0,0,0,0,0,0,0,0,1,0,0
09-MAY-2026,MA4204,169104,0,169104,14092,0,0,0,0,0,0,1,0,0
09-MAY-2026,MA4205,0,0,0,0,0,0,0,0,0,0,1,0,0
