09-MAY-2026,00021,37150883.73,-4839625,32311258.73,3117825,0,0,0,0,0,0,2,0,0
09-MAY-2026,AP34,3440970,0,3440970,286747.5,0,0,0,0,0,0,1,0,0
09-MAY-2026,AT005,0,0,0,0,0,0,0,0,0,0,1,0,0
09-MAY-2026,CAD3764,25486497.18,0,25486497.18,2075236,0,0,0,0,0,0,1,0,0
09-MAY-2026,CAD3785,2205231.63,0,2205231.63,178970,0,0,0,0,0,0,1,0,0
09-MAY-2026,CAD3920,1002378.01,0,1002378.01,81350,0,0,0,0,0,0,1,0,0
09-MAY-2026,CAD3995,0,0,0,0,0,0,0,0,0,0,1,0,0
09-MAY-2026,CAD4033,0,0,0,0,0,0,0,0,0,0,1,0,0
09-MAY-2026,CAD4383,0,0,0,0,0,0,0,0,0,0,1,0,0
09-MAY-2026,CAD5297,0,0,0,0,0,0,0,0,0,0,1,0,0
09-MAY-2026,CAD5483,0,0,0,0,0,0,0,0,0,0,1,0,0
09-MAY-2026,CAD5495,0,0,0,0,0,0,0,0,0,0,1,0,0
09-MAY-2026,CAR0035,0,0,0,0,0,0,0,0,0,0,1,0,0
09-MAY-2026,CD30004,0,0,0,0,0,0,0,0,0,0,1,0,0
09-MAY-2026,CI30164,0,0,0,0,0,0,0,0,0,0,1,0,0
09-MAY-2026,CI30170,0,0,0,0,0,0,0,0,0,0,1,0,0
09-MAY-2026,CI30202,100237.8,0,100237.8,8135,0,0,0,0,0,0,1,0,0
09-MAY-2026,CI30257,0,0,0,0,0,0,0,0,0,0,1,0,0
09-MAY-2026,CT60142,134940,0,134940,11245,0,0,0,0,0,0,1,0,0
09-MAY-2026,CT60242,87013.2,0,87013.2,5900,0,0,0,0,0,0,1,0,0
09-MAY-2026,CT60256,1242069.01,0,1242069.01,102415,0,0,0,0,0,0,1,0,0
09-MAY-2026,CT60560,0,0,0,0,0,0,0,0,0,0,1,0,0
09-MAY-2026,CVA1730,0,0,0,0,0,0,0,0,0,0,1,0,0
09-MAY-2026,CVA3284,0,0,0,0,0,0,0,0,0,0,1,0,0
09-MAY-2026,DD80020,0,0,0,0,0,0,0,0,0,0,1,0,0
09-MAY-2026,DD80060,0,0,0,0,0,0,0,0,0,0,1,0,0
09-MAY-2026,DD80142,0,0,0,0,0,0,0,0,0,0,1,0,0
09-MAY-2026,DD80143,0,0,0,0,0,0,0,0,0,0,1,0,0
09-MAY-2026,DE40041,0,0,0,0,0,0,0,0,0,0,1,0,0
09-MAY-2026,DER502,0,0,0,0,0,0,0,0,0,0,1,0,0
09-MAY-2026,DJO0440,0,0,0,0,0,0,0,0,0,0,1,0,0
09-MAY-2026,DJO0815,0,0,0,0,0,0,0,0,0,0,1,0,0
09-MAY-2026,DJO1152,0,0,0,0,0,0,0,0,0,0,1,0,0
09-MAY-2026,DJO1568,0,0,0,0,0,0,0,0,0,0,1,0,0
09-MAY-2026,DJO1744,0,0,0,0,0,0,0,0,0,0,1,0,0
09-MAY-2026,DJO1936,0,0,0,0,0,0,0,0,0,0,1,0,0
09-MAY-2026,DJO2136,0,0,0,0,0,0,0,0,0,0,1,0,0
09-MAY-2026,DJO2428,0,0,0,0,0,0,0,0,0,0,1,0,0
09-MAY-2026,DJO2598,0,0,0,0,0,0,0,0,0,0,1,0,0
09-MAY-2026,DJO2708,0,0,0,0,0,0,0,0,0,0,1,0,0
09-MAY-2026,DJO2856,0,0,0,0,0,0,0,0,0,0,1,0,0
09-MAY-2026,DJO2938,0,0,0,0,0,0,0,0,0,0,1,0,0
09-MAY-2026,DJO2944,0,0,0,0,0,0,0,0,0,0,1,0,0
09-MAY-2026,DJO2961,0,0,0,0,0,0,0,0,0,0,1,0,0
09-MAY-2026,DJO3050,0,0,0,0,0,0,0,0,0,0,1,0,0
09-MAY-2026,DJO3108,0,0,0,0,0,0,0,0,0,0,1,0,0
09-MAY-2026,DJO3121,0,0,0,0,0,0,0,0,0,0,1,0,0
09-MAY-2026,DKX0088,0,0,0,0,0,0,0,0,0,0,1,0,0
09-MAY-2026,DN70002,0,0,0,0,0,0,0,0,0,0,1,0,0
09-MAY-2026,DPN0007,0,0,0,0,0,0,0,0,0,0,1,0,0
09-MAY-2026,DQY0001,0,0,0,0,0,0,0,0,0,0,1,0,0
09-MAY-2026,DT12039,0,0,0,0,0,0,0,0,0,0,1,0,0
09-MAY-2026,DT13797,173323.37,0,173323.37,18390.5,0,0,0,0,0,0,1,0,0
09-MAY-2026,DT17382,0,0,0,0,0,0,0,0,0,0,1,0,0
09-MAY-2026,DUD0011,0,0,0,0,0,0,0,0,0,0,1,0,0
09-MAY-2026,DWL0017,123756,0,123756,10313,0,0,0,0,0,0,1,0,0
09-MAY-2026,ED60021,0,0,0,0,0,0,0,0,0,0,1,0,0
09-MAY-2026,ED60022,0,0,0,0,0,0,0,0,0,0,1,0,0
09-MAY-2026,ED60027,0,0,0,0,0,0,0,0,0,0,1,0,0
09-MAY-2026,ED60029,0,0,0,0,0,0,0,0,0,0,1,0,0
09-MAY-2026,ED60037,0,0,0,0,0,0,0,0,0,0,1,0,0
09-MAY-2026,EIE0049,67470,0,67470,5622.5,0,0,0,0,0,0,1,0,0
09-MAY-2026,EIE0177,134940,0,134940,11245,0,0,0,0,0,0,1,0,0
09-MAY-2026,EIE0292,2537730,0,2537730,211477.5,0,0,0,0,0,0,1,0,0
09-MAY-2026,EIE0296,5368077.44,0,5368077.44,444873,0,0,0,0,0,0,1,0,0
09-MAY-2026,EIE0344,0,0,0,0,0,0,0,0,0,0,1,0,0
09-MAY-2026,EIE0378,3559886.4,0,3559886.4,414593.5,0,0,0,0,0,0,1,0,0
09-MAY-2026,EIE0531,0,0,0,0,0,0,0,0,0,0,1,0,0
09-MAY-2026,EKB0009,0,0,0,0,0,0,0,0,0,0,1,0,0
09-MAY-2026,EOW0177,0,0,0,0,0,0,0,0,0,0,1,0,0
09-MAY-2026,EOW0411,0,0,0,0,0,0,0,0,0,0,1,0,0
09-MAY-2026,EOW0423,0,0,0,0,0,0,0,0,0,0,1,0,0
09-MAY-2026,EOW0822,0,0,0,0,0,0,0,0,0,0,1,0,0
09-MAY-2026,EOW0884,0,0,0,0,0,0,0,0,0,0,1,0,0
09-MAY-2026,ER80002,0,0,0,0,0,0,0,0,0,0,1,0,0
09-MAY-2026,ERR0448,0,0,0,0,0,0,0,0,0,0,1,0,0
09-MAY-2026,ERR0795,0,0,0,0,0,0,0,0,0,0,1,0,0
09-MAY-2026,ESC0155,0,0,0,0,0,0,0,0,0,0,1,0,0
09-MAY-2026,EST0629,0,0,0,0,0,0,0,0,0,0,1,0,0
09-MAY-2026,EST0731,0,0,0,0,0,0,0,0,0,0,1,0,0
09-MAY-2026,EST0781,0,0,0,0,0,0,0,0,0,0,1,0,0
09-MAY-2026,ETB0008,0,0,0,0,0,0,0,0,0,0,1,0,0
09-MAY-2026,ETB0026,0,0,0,0,0,0,0,0,0,0,1,0,0
09-MAY-2026,ETJ0453,0,0,0,0,0,0,0,0,0,0,1,0,0
09-MAY-2026,EWA0028,0,0,0,0,0,0,0,0,0,0,1,0,0
09-MAY-2026,EWA0449,103698,0,103698,8641.5,0,0,0,0,0,0,1,0,0
09-MAY-2026,EWA1336,0,0,0,0,0,0,0,0,0,0,1,0,0
09-MAY-2026,EWA2111,0,0,0,0,0,0,0,0,0,0,1,0,0
09-MAY-2026,EWA3288,0,0,0,0,0,0,0,0,0,0,1,0,0
09-MAY-2026,EWI0163,16960274.43,0,16960274.43,1365350,0,0,0,0,0,0,1,0,0
09-MAY-2026,EZ30008,0,0,0,0,0,0,0,0,0,0,1,0,0
09-MAY-2026,EZ90027,0,0,0,0,0,0,0,0,0,0,1,0,0
09-MAY-2026,EZ90035,0,0,0,0,0,0,0,0,0,0,1,0,0
09-MAY-2026,EZ90042,0,0,0,0,0,0,0,0,0,0,1,0,0
09-MAY-2026,EZ90059,0,0,0,0,0,0,0,0,0,0,1,0,0
09-MAY-2026,EZ90060,0,0,0,0,0,0,0,0,0,0,1,0,0
09-MAY-2026,EZ90101,0,0,0,0,0,0,0,0,0,0,1,0,0
09-MAY-2026,EZ90115,0,0,0,0,0,0,0,0,0,0,1,0,0
09-MAY-2026,EZ90135,34566,0,34566,2880.5,0,0,0,0,0,0,1,0,0
09-MAY-2026,EZ90175,0,0,0,0,0,0,0,0,0,0,1,0,0
09-MAY-2026,EZ90189,0,0,0,0,0,0,0,0,0,0,1,0,0
09-MAY-2026,EZ90199,0,0,0,0,0,0,0,0,0,0,1,0,0
09-MAY-2026,EZ90202,0,0,0,0,0,0,0,0,0,0,1,0,0
09-MAY-2026,EZ90205,0,0,0,0,0,0,0,0,0,0,1,0,0
09-MAY-2026,EZ90208,0,0,0,0,0,0,0,0,0,0,1,0,0
09-MAY-2026,EZ90218,0,0,0,0,0,0,0,0,0,0,1,0,0
09-MAY-2026,EZ90221,0,0,0,0,0,0,0,0,0,0,1,0,0
09-MAY-2026,EZ90222,0,0,0,0,0,0,0,0,0,0,1,0,0
09-MAY-2026,EZ90232,0,0,0,0,0,0,0,0,0,0,1,0,0
09-MAY-2026,EZ90255,0,0,0,0,0,0,0,0,0,0,1,0,0
09-MAY-2026,EZ90266,0,0,0,0,0,0,0,0,0,0,1,0,0
09-MAY-2026,EZ90268,0,0,0,0,0,0,0,0,0,0,1,0,0
09-MAY-2026,EZ90273,0,0,0,0,0,0,0,0,0,0,1,0,0
09-MAY-2026,EZ90294,0,0,0,0,0,0,0,0,0,0,1,0,0
09-MAY-2026,EZ90352,853667.04,0,853667.04,79961.5,0,0,0,0,0,0,1,0,0
09-MAY-2026,EZ90356,0,0,0,0,0,0,0,0,0,0,1,0,0
09-MAY-2026,EZC0125,0,0,0,0,0,0,0,0,0,0,1,0,0
09-MAY-2026,FD00176,0,0,0,0,0,0,0,0,0,0,1,0,0
09-MAY-2026,FD00402,0,0,0,0,0,0,0,0,0,0,1,0,0
09-MAY-2026,FD00804,0,0,0,0,0,0,0,0,0,0,1,0,0
09-MAY-2026,FFM0272,547764,0,547764,68470.5,0,0,0,0,0,0,1,0,0
09-MAY-2026,FFM0821,417344,0,417344,52168,0,0,0,0,0,0,1,0,0
09-MAY-2026,FFM0822,573848,0,573848,71731,0,0,0,0,0,0,1,0,0
09-MAY-2026,FFM0851,150612,0,150612,12551,0,0,0,0,0,0,1,0,0
09-MAY-2026,FFM1294,0,0,0,0,0,0,0,0,0,0,1,0,0
09-MAY-2026,FFQ0051,0,0,0,0,0,0,0,0,0,0,1,0,0
09-MAY-2026,FOA5045,0,0,0,0,0,0,0,0,0,0,1,0,0
09-MAY-2026,FQC0579,0,0,0,0,0,0,0,0,0,0,1,0,0
09-MAY-2026,FQC1009,0,0,0,0,0,0,0,0,0,0,1,0,0
09-MAY-2026,FQC1016,0,0,0,0,0,0,0,0,0,0,1,0,0
09-MAY-2026,FQC1201,0,0,0,0,0,0,0,0,0,0,1,0,0
09-MAY-2026,FQC1414,0,0,0,0,0,0,0,0,0,0,1,0,0
09-MAY-2026,FQC1835,0,0,0,0,0,0,0,0,0,0,1,0,0
09-MAY-2026,FX40007,0,0,0,0,0,0,0,0,0,0,1,0,0
09-MAY-2026,FZ20002,0,0,0,0,0,0,0,0,0,0,1,0,0
09-MAY-2026,FZ20003,0,0,0,0,0,0,0,0,0,0,1,0,0
09-MAY-2026,GA80033,0,0,0,0,0,0,0,0,0,0,1,0,0
09-MAY-2026,GB56069,87013.2,0,87013.2,5900,0,0,0,0,0,0,1,0,0
09-MAY-2026,GB57874,127753.2,0,127753.2,9295,0,0,0,0,0,0,1,0,0
09-MAY-2026,GB58065,0,0,0,0,0,0,0,0,0,0,1,0,0
09-MAY-2026,GB58167,0,0,0,0,0,0,0,0,0,0,1,0,0
09-MAY-2026,GB59870,0,0,0,0,0,0,0,0,0,0,1,0,0
09-MAY-2026,GB90002,0,0,0,0,0,0,0,0,0,0,1,0,0
09-MAY-2026,GC70005,0,0,0,0,0,0,0,0,0,0,1,0,0
09-MAY-2026,GL70002,0,0,0,0,0,0,0,0,0,0,1,0,0
09-MAY-2026,GL70004,0,0,0,0,0,0,0,0,0,0,1,0,0
09-MAY-2026,GN30003,42276,0,42276,3523,0,0,0,0,0,0,1,0,0
09-MAY-2026,GN30007,0,0,0,0,0,0,0,0,0,0,1,0,0
09-MAY-2026,GN30009,0,0,0,0,0,0,0,0,0,0,1,0,0
09-MAY-2026,GN30012,0,0,0,0,0,0,0,0,0,0,1,0,0
09-MAY-2026,GN30035,0,0,0,0,0,0,0,0,0,0,1,0,0
09-MAY-2026,GN30036,0,0,0,0,0,0,0,0,0,0,1,0,0
09-MAY-2026,GN30037,0,0,0,0,0,0,0,0,0,0,1,0,0
09-MAY-2026,GN30045,0,0,0,0,0,0,0,0,0,0,1,0,0
09-MAY-2026,GN30048,169638,0,169638,12624,0,0,0,0,0,0,1,0,0
09-MAY-2026,GN30055,128898,0,128898,9229,0,0,0,0,0,0,1,0,0
09-MAY-2026,GN30057,0,0,0,0,0,0,0,0,0,0,1,0,0
09-MAY-2026,GNB0191,0,0,0,0,0,0,0,0,0,0,1,0,0
09-MAY-2026,GNB0280,0,0,0,0,0,0,0,0,0,0,1,0,0
09-MAY-2026,GNT1944,0,0,0,0,0,0,0,0,0,0,1,0,0
09-MAY-2026,GO50002,293256,0,293256,24438,0,0,0,0,0,0,1,0,0
09-MAY-2026,GO50003,439884,0,439884,36657,0,0,0,0,0,0,1,0,0
09-MAY-2026,GO50059,73314,0,73314,6109.5,0,0,0,0,0,0,1,0,0
09-MAY-2026,GO50121,0,0,0,0,0,0,0,0,0,0,1,0,0
09-MAY-2026,GO50130,162960,0,162960,13580,0,0,0,0,0,0,1,0,0
09-MAY-2026,GO50138,0,0,0,0,0,0,0,0,0,0,1,0,0
09-MAY-2026,GO50153,212360.74,0,212360.74,17385,0,0,0,0,0,0,1,0,0
09-MAY-2026,GO50202,103038,0,103038,8586.5,0,0,0,0,0,0,1,0,0
09-MAY-2026,GSB0100,0,0,0,0,0,0,0,0,0,0,1,0,0
09-MAY-2026,GT40036,0,0,0,0,0,0,0,0,0,0,1,0,0
09-MAY-2026,GT40143,0,0,0,0,0,0,0,0,0,0,1,0,0
09-MAY-2026,GT40165,0,0,0,0,0,0,0,0,0,0,1,0,0
09-MAY-2026,GU90002,0,0,0,0,0,0,0,0,0,0,1,0,0
09-MAY-2026,GWS0007,0,0,0,0,0,0,0,0,0,0,1,0,0
09-MAY-2026,GX10002,0,0,0,0,0,0,0,0,0,0,1,0,0
09-MAY-2026,HAP0040,98175.15,0,98175.15,8065,0,0,0,0,0,0,1,0,0
09-MAY-2026,HC50108,0,0,0,0,0,0,0,0,0,0,1,0,0
09-MAY-2026,HC50356,0,0,0,0,0,0,0,0,0,0,1,0,0
09-MAY-2026,HD10002,0,0,0,0,0,0,0,0,0,0,1,0,0
09-MAY-2026,HD10007,0,0,0,0,0,0,0,0,0,0,1,0,0
09-MAY-2026,HD10042,71406,0,71406,5950.5,0,0,0,0,0,0,1,0,0
09-MAY-2026,HD10052,0,0,0,0,0,0,0,0,0,0,1,0,0
09-MAY-2026,HDU12,0,0,0,0,0,0,0,0,0,0,1,0,0
09-MAY-2026,HJZ0002,0,0,0,0,0,0,0,0,0,0,1,0,0
09-MAY-2026,HJZ0030,0,0,0,0,0,0,0,0,0,0,1,0,0
09-MAY-2026,HJZ0045,0,0,0,0,0,0,0,0,0,0,1,0,0
09-MAY-2026,HJZ0059,0,0,0,0,0,0,0,0,0,0,1,0,0
09-MAY-2026,HJZ0076,0,0,0,0,0,0,0,0,0,0,1,0,0
09-MAY-2026,HJZ0081,0,0,0,0,0,0,0,0,0,0,1,0,0
09-MAY-2026,HJZ0084,0,0,0,0,0,0,0,0,0,0,1,0,0
09-MAY-2026,HKV0021,364404,0,364404,30367,0,0,0,0,0,0,1,0,0
09-MAY-2026,HN40004,0,0,0,0,0,0,0,0,0,0,1,0,0
09-MAY-2026,HN40005,0,0,0,0,0,0,0,0,0,0,1,0,0
09-MAY-2026,HN40007,717948,0,717948,69610.5,0,0,0,0,0,0,1,0,0
09-MAY-2026,HN40008,306048,0,306048,25504,0,0,0,0,0,0,1,0,0
09-MAY-2026,HN40009,306048,0,306048,25504,0,0,0,0,0,0,1,0,0
09-MAY-2026,HN40010,160492,0,160492,15548,0,0,0,0,0,0,1,0,0
09-MAY-2026,HN40011,26084,0,26084,3260.5,0,0,0,0,0,0,1,0,0
09-MAY-2026,HN40014,0,0,0,0,0,0,0,0,0,0,1,0,0
09-MAY-2026,HN40015,34236,0,34236,2853,0,0,0,0,0,0,1,0,0
09-MAY-2026,HN40017,102708,0,102708,8559,0,0,0,0,0,0,1,0,0
09-MAY-2026,HNA0371,0,0,0,0,0,0,0,0,0,0,1,0,0
09-MAY-2026,HNI0007,0,0,0,0,0,0,0,0,0,0,1,0,0
09-MAY-2026,HPO1543,0,0,0,0,0,0,0,0,0,0,1,0,0
09-MAY-2026,HPO1649,0,0,0,0,0,0,0,0,0,0,1,0,0
09-MAY-2026,HPO1664,0,0,0,0,0,0,0,0,0,0,1,0,0
09-MAY-2026,HPO1665,0,0,0,0,0,0,0,0,0,0,1,0,0
09-MAY-2026,HPO2476,0,0,0,0,0,0,0,0,0,0,1,0,0
09-MAY-2026,HPO2606,0,0,0,0,0,0,0,0,0,0,1,0,0
09-MAY-2026,HPO2676,37140,0,37140,3395,0,0,0,0,0,0,1,0,0
09-MAY-2026,HPO2682,0,0,0,0,0,0,0,0,0,0,1,0,0
09-MAY-2026,HPO2788,0,0,0,0,0,0,0,0,0,0,1,0,0
09-MAY-2026,HPY1192,0,0,0,0,0,0,0,0,0,0,1,0,0
09-MAY-2026,HQA0780,109308,0,109308,14320,0,0,0,0,0,0,1,0,0
09-MAY-2026,HQA1175,0,0,0,0,0,0,0,0,0,0,1,0,0
09-MAY-2026,HQA2267,0,0,0,0,0,0,0,0,0,0,1,0,0
09-MAY-2026,HQA2275,0,0,0,0,0,0,0,0,0,0,1,0,0
09-MAY-2026,HQA2282,0,0,0,0,0,0,0,0,0,0,1,0,0
09-MAY-2026,HQA2548,0,0,0,0,0,0,0,0,0,0,1,0,0
09-MAY-2026,HQA2586,2945254.49,0,2945254.49,241950,0,0,0,0,0,0,1,0,0
09-MAY-2026,HQA3114,981751.5,0,981751.5,80650,0,0,0,0,0,0,1,0,0
09-MAY-2026,HQA3169,0,0,0,0,0,0,0,0,0,0,1,0,0
09-MAY-2026,HQC0050,0,0,0,0,0,0,0,0,0,0,1,0,0
09-MAY-2026,HQM0116,801902.41,0,801902.41,65080,0,0,0,0,0,0,1,0,0
09-MAY-2026,HT10611,596167.19,0,596167.19,41574,0,0,0,0,0,0,1,0,0
09-MAY-2026,HT10910,223785.94,0,223785.94,16986,0,0,0,0,0,0,1,0,0
09-MAY-2026,HT12021,0,0,0,0,0,0,0,0,0,0,1,0,0
09-MAY-2026,HT12241,0,0,0,0,0,0,0,0,0,0,1,0,0
09-MAY-2026,HT12474,0,0,0,0,0,0,0,0,0,0,1,0,0
09-MAY-2026,HT13696,0,0,0,0,0,0,0,0,0,0,1,0,0
09-MAY-2026,HT13783,0,0,0,0,0,0,0,0,0,0,1,0,0
09-MAY-2026,HT17141,0,0,0,0,0,0,0,0,0,0,1,0,0
09-MAY-2026,HT17682,0,0,0,0,0,0,0,0,0,0,1,0,0
09-MAY-2026,HT18737,0,0,0,0,0,0,0,0,0,0,1,0,0
09-MAY-2026,HT19801,0,0,0,0,0,0,0,0,0,0,1,0,0
09-MAY-2026,HYD2616,41976,0,41976,3498,0,0,0,0,0,0,1,0,0
09-MAY-2026,IG10004,0,0,0,0,0,0,0,0,0,0,1,0,0
09-MAY-2026,IG10010,0,0,0,0,0,0,0,0,0,0,1,0,0
09-MAY-2026,IG10030,0,0,0,0,0,0,0,0,0,0,1,0,0
09-MAY-2026,IJT0082,0,0,0,0,0,0,0,0,0,0,1,0,0
09-MAY-2026,IOM0581,0,0,0,0,0,0,0,0,0,0,1,0,0
09-MAY-2026,IOM1384,0,0,0,0,0,0,0,0,0,0,1,0,0
09-MAY-2026,IOM1442,0,0,0,0,0,0,0,0,0,0,1,0,0
09-MAY-2026,ITC0014,0,0,0,0,0,0,0,0,0,0,1,0,0
09-MAY-2026,ITC0066,0,0,0,0,0,0,0,0,0,0,1,0,0
09-MAY-2026,IU10012,0,0,0,0,0,0,0,0,0,0,1,0,0
09-MAY-2026,IUD0004,1050308,0,1050308,79884,0,0,0,0,0,0,1,0,0
09-MAY-2026,IUD0005,0,0,0,0,0,0,0,0,0,0,1,0,0
09-MAY-2026,IUD0011,1249774,0,1249774,97002,0,0,0,0,0,0,1,0,0
09-MAY-2026,IVI0017,0,0,0,0,0,0,0,0,0,0,1,0,0
09-MAY-2026,IYB0005,0,0,0,0,0,0,0,0,0,0,1,0,0
09-MAY-2026,J504,51940243.5,-625,51939618.5,4326770,0,0,0,0,0,0,1,0,0
09-MAY-2026,JH7061,0,0,0,0,0,0,0,0,0,0,1,0,0
09-MAY-2026,JHX1293,0,0,0,0,0,0,0,0,0,0,1,0,0
09-MAY-2026,JHX1543,73314,0,73314,6109.5,0,0,0,0,0,0,1,0,0
09-MAY-2026,JHX1602,0,0,0,0,0,0,0,0,0,0,1,0,0
09-MAY-2026,JHX2780,0,0,0,0,0,0,0,0,0,0,1,0,0
09-MAY-2026,JHX2981,676407.43,0,676407.43,53250,0,0,0,0,0,0,1,0,0
09-MAY-2026,JN30045,0,0,0,0,0,0,0,0,0,0,1,0,0
09-MAY-2026,JPN0225,0,0,0,0,0,0,0,0,0,0,1,0,0
09-MAY-2026,JPO0513,0,0,0,0,0,0,0,0,0,0,1,0,0
09-MAY-2026,JPO2070,0,0,0,0,0,0,0,0,0,0,1,0,0
09-MAY-2026,JPO2103,0,0,0,0,0,0,0,0,0,0,1,0,0
09-MAY-2026,JPO2371,0,0,0,0,0,0,0,0,0,0,1,0,0
09-MAY-2026,JPP0017,0,0,0,0,0,0,0,0,0,0,1,0,0
09-MAY-2026,JPP0035,0,0,0,0,0,0,0,0,0,0,1,0,0
09-MAY-2026,JRI0025,41976,0,41976,3498,0,0,0,0,0,0,1,0,0
09-MAY-2026,JU91168,0,0,0,0,0,0,0,0,0,0,1,0,0
09-MAY-2026,JU93154,0,0,0,0,0,0,0,0,0,0,1,0,0
09-MAY-2026,JU93839,71406,0,71406,5950.5,0,0,0,0,0,0,1,0,0
09-MAY-2026,JU94278,0,0,0,0,0,0,0,0,0,0,1,0,0
09-MAY-2026,JY34,3711703.72,0,3711703.72,307750,0,0,0,0,0,0,1,0,0
09-MAY-2026,JYA0003,0,0,0,0,0,0,0,0,0,0,1,0,0
09-MAY-2026,KAH0988,873924,0,873924,72827,0,0,0,0,0,0,1,0,0
09-MAY-2026,KAH1252,715831.2,0,715831.2,58301.5,0,0,0,0,0,0,1,0,0
09-MAY-2026,KAH4147,0,0,0,0,0,0,0,0,0,0,1,0,0
09-MAY-2026,KCA1402,0,0,0,0,0,0,0,0,0,0,1,0,0
09-MAY-2026,KCU0090,0,0,0,0,0,0,0,0,0,0,1,0,0
09-MAY-2026,KCX0141,0,0,0,0,0,0,0,0,0,0,1,0,0
09-MAY-2026,KES0029,0,0,0,0,0,0,0,0,0,0,1,0,0
09-MAY-2026,KFE1323,0,0,0,0,0,0,0,0,0,0,1,0,0
09-MAY-2026,KFE2378,0,0,0,0,0,0,0,0,0,0,1,0,0
09-MAY-2026,KFE2792,0,0,0,0,0,0,0,0,0,0,1,0,0
09-MAY-2026,KPA0986,0,0,0,0,0,0,0,0,0,0,1,0,0
09-MAY-2026,KPA1401,0,0,0,0,0,0,0,0,0,0,1,0,0
09-MAY-2026,KPA1935,0,0,0,0,0,0,0,0,0,0,1,0,0
09-MAY-2026,KPA2448,0,0,0,0,0,0,0,0,0,0,1,0,0
09-MAY-2026,KPA2651,0,0,0,0,0,0,0,0,0,0,1,0,0
09-MAY-2026,KQJ0095,0,0,0,0,0,0,0,0,0,0,1,0,0
09-MAY-2026,KQJ0111,1179650.97,0,1179650.97,99231,0,0,0,0,0,0,1,0,0
09-MAY-2026,KQL0401,0,0,0,0,0,0,0,0,0,0,1,0,0
09-MAY-2026,KQN0237,0,0,0,0,0,0,0,0,0,0,1,0,0
09-MAY-2026,KSF0047,0,0,0,0,0,0,0,0,0,0,1,0,0
09-MAY-2026,KVP0070,0,0,0,0,0,0,0,0,0,0,1,0,0
09-MAY-2026,KWG0325,0,0,0,0,0,0,0,0,0,0,1,0,0
09-MAY-2026,KWS0007,0,0,0,0,0,0,0,0,0,0,1,0,0
09-MAY-2026,KZO0018,0,0,0,0,0,0,0,0,0,0,1,0,0
09-MAY-2026,LAW0109,0,0,0,0,0,0,0,0,0,0,1,0,0
09-MAY-2026,LGK0035,0,0,0,0,0,0,0,0,0,0,1,0,0
09-MAY-2026,LGW0009,0,0,0,0,0,0,0,0,0,0,1,0,0
09-MAY-2026,LHH0458,0,0,0,0,0,0,0,0,0,0,1,0,0
09-MAY-2026,LHH1917,140954.74,0,140954.74,11434.5,0,0,0,0,0,0,1,0,0
09-MAY-2026,LHH9830,0,0,0,0,0,0,0,0,0,0,1,0,0
09-MAY-2026,LHH9874,0,0,0,0,0,0,0,0,0,0,1,0,0
09-MAY-2026,LHU0040,0,0,0,0,0,0,0,0,0,0,1,0,0
09-MAY-2026,LHU0050,0,0,0,0,0,0,0,0,0,0,1,0,0
09-MAY-2026,LHU0077,0,0,0,0,0,0,0,0,0,0,1,0,0
09-MAY-2026,LID0525,0,0,0,0,0,0,0,0,0,0,1,0,0
09-MAY-2026,LID0666,49368205.7,0,49368205.7,4012633,0,0,545472,0,0,0,1,0,0
09-MAY-2026,LID0710,0,0,0,0,0,0,0,0,0,0,1,0,0
09-MAY-2026,LID0773,0,0,0,0,0,0,0,0,0,0,1,0,0
09-MAY-2026,LID0912,0,0,0,0,0,0,0,0,0,0,1,0,0
09-MAY-2026,LID1481,0,0,0,0,0,0,0,0,0,0,1,0,0
09-MAY-2026,LID1949,0,0,0,0,0,0,0,0,0,0,1,0,0
09-MAY-2026,LID1953,0,0,0,0,0,0,0,0,0,0,1,0,0
09-MAY-2026,LID1968,0,0,0,0,0,0,0,0,0,0,1,0,0
09-MAY-2026,LID2051,0,0,0,0,0,0,0,0,0,0,1,0,0
09-MAY-2026,LJP0002,0,0,0,0,0,0,0,0,0,0,1,0,0
09-MAY-2026,LKA2505,0,0,0,0,0,0,0,0,0,0,1,0,0
09-MAY-2026,LKA6966,0,0,0,0,0,0,0,0,0,0,1,0,0
09-MAY-2026,LKA7028,0,0,0,0,0,0,0,0,0,0,1,0,0
09-MAY-2026,LKA7145,0,0,0,0,0,0,0,0,0,0,1,0,0
09-MAY-2026,LKA7403,0,0,0,0,0,0,0,0,0,0,1,0,0
09-MAY-2026,LKA7640,0,0,0,0,0,0,0,0,0,0,1,0,0
09-MAY-2026,LKO2207,0,0,0,0,0,0,0,0,0,0,1,0,0
09-MAY-2026,LKO2284,0,0,0,0,0,0,0,0,0,0,1,0,0
09-MAY-2026,LKO3561,0,0,0,0,0,0,0,0,0,0,1,0,0
09-MAY-2026,LKO3711,0,0,0,0,0,0,0,0,0,0,1,0,0
09-MAY-2026,LLZ0005,0,0,0,0,0,0,0,0,0,0,1,0,0
09-MAY-2026,LNP0075,0,0,0,0,0,0,0,0,0,0,1,0,0
09-MAY-2026,LTK1823,0,0,0,0,0,0,0,0,0,0,1,0,0
09-MAY-2026,LTP0338,0,0,0,0,0,0,0,0,0,0,1,0,0
09-MAY-2026,LTP0370,0,0,0,0,0,0,0,0,0,0,1,0,0
09-MAY-2026,LTP1622,0,0,0,0,0,0,0,0,0,0,1,0,0
09-MAY-2026,LWE0057,0,0,0,0,0,0,0,0,0,0,1,0,0
09-MAY-2026,LWE0113,0,0,0,0,0,0,0,0,0,0,1,0,0
09-MAY-2026,LWE0122,69132,0,69132,5761,0,0,0,0,0,0,1,0,0
09-MAY-2026,LWE0134,0,0,0,0,0,0,0,0,0,0,1,0,0
09-MAY-2026,MCB0970,0,0,0,0,0,0,0,0,0,0,1,0,0
09-MAY-2026,MHH27,0,0,0,0,0,0,0,0,0,0,1,0,0
09-MAY-2026,MHM0982,0,0,0,0,0,0,0,0,0,0,1,0,0
09-MAY-2026,MHM1582,0,0,0,0,0,0,0,0,0,0,1,0,0
09-MAY-2026,MHV47,138264,0,138264,11522,0,0,0,0,0,0,1,0,0
09-MAY-2026,MPU0072,0,0,0,0,0,0,0,0,0,0,1,0,0
09-MAY-2026,MRR0005,0,0,0,0,0,0,0,0,0,0,1,0,0
09-MAY-2026,MVM0049,0,0,0,0,0,0,0,0,0,0,1,0,0
09-MAY-2026,MXQ0021,0,0,0,0,0,0,0,0,0,0,1,0,0
09-MAY-2026,MYI0003,0,0,0,0,0,0,0,0,0,0,1,0,0
09-MAY-2026,MZD0007,404644,0,404644,44630,0,0,0,0,0,0,1,0,0
09-MAY-2026,MZD0022,0,0,0,0,0,0,0,0,0,0,1,0,0
09-MAY-2026,N006,0,0,0,0,0,0,0,0,0,0,1,0,0
09-MAY-2026,NCN0019,0,0,0,0,0,0,0,0,0,0,1,0,0
09-MAY-2026,NFM1268,0,0,0,0,0,0,0,0,0,0,1,0,0
09-MAY-2026,NFM2059,0,0,0,0,0,0,0,0,0,0,1,0,0
09-MAY-2026,NFM4271,0,0,0,0,0,0,0,0,0,0,1,0,0
09-MAY-2026,NIJ0330,0,0,0,0,0,0,0,0,0,0,1,0,0
09-MAY-2026,NJK0003,0,0,0,0,0,0,0,0,0,0,1,0,0
09-MAY-2026,NMS0533,0,0,0,0,0,0,0,0,0,0,1,0,0
09-MAY-2026,NN1083,0,0,0,0,0,0,0,0,0,0,1,0,0
09-MAY-2026,NN197,0,0,0,0,0,0,0,0,0,0,1,0,0
09-MAY-2026,NNC55,0,0,0,0,0,0,0,0,0,0,1,0,0
09-MAY-2026,NNN3293,0,0,0,0,0,0,0,0,0,0,1,0,0
09-MAY-2026,NNN3511,8096684.93,0,8096684.93,639000,0,0,0,0,0,0,1,0,0
09-MAY-2026,NNN3707,0,0,0,0,0,0,0,0,0,0,1,0,0
09-MAY-2026,NNN3711,8394712.75,0,8394712.75,707046.5,0,0,0,0,0,0,1,0,0
09-MAY-2026,NNN3855,135281.49,0,135281.49,10650,0,0,0,0,0,0,1,0,0
09-MAY-2026,NNN3866,0,0,0,0,0,0,0,0,0,0,1,0,0
09-MAY-2026,NNN4065,0,0,0,0,0,0,0,0,0,0,1,0,0
09-MAY-2026,NNN4286,1156944,0,1156944,144102,0,0,0,0,0,0,1,0,0
09-MAY-2026,NNN4567,0,0,0,0,0,0,0,0,0,0,1,0,0
09-MAY-2026,NNN5161,0,0,0,0,0,0,0,0,0,0,1,0,0
09-MAY-2026,NNO0821,0,0,0,0,0,0,0,0,0,0,1,0,0
09-MAY-2026,NOA2477,0,0,0,0,0,0,0,0,0,0,1,0,0
09-MAY-2026,NPK0183,214218,0,214218,17851.5,0,0,0,0,0,0,1,0,0
09-MAY-2026,NQN2786,0,0,0,0,0,0,0,0,0,0,1,0,0
09-MAY-2026,NTL01,0,0,0,0,0,0,0,0,0,0,1,0,0
09-MAY-2026,NTS01,3581558.74,0,3581558.74,306357,0,0,0,0,0,0,1,0,0
09-MAY-2026,NYB0007,0,0,0,0,0,0,0,0,0,0,1,0,0
09-MAY-2026,NYB0108,0,0,0,0,0,0,0,0,0,0,1,0,0
09-MAY-2026,NYH0246,0,0,0,0,0,0,0,0,0,0,1,0,0
09-MAY-2026,NYH0723,0,0,0,0,0,0,0,0,0,0,1,0,0
09-MAY-2026,NYH1470,0,0,0,0,0,0,0,0,0,0,1,0,0
09-MAY-2026,NYH1519,0,0,0,0,0,0,0,0,0,0,1,0,0
09-MAY-2026,NYH1994,0,0,0,0,0,0,0,0,0,0,1,0,0
09-MAY-2026,NYH1996,0,0,0,0,0,0,0,0,0,0,1,0,0
09-MAY-2026,NYH2034,0,0,0,0,0,0,0,0,0,0,1,0,0
09-MAY-2026,NYH2303,0,0,0,0,0,0,0,0,0,0,1,0,0
09-MAY-2026,NYH2307,0,0,0,0,0,0,0,0,0,0,1,0,0
09-MAY-2026,NYH2309,0,0,0,0,0,0,0,0,0,0,1,0,0
09-MAY-2026,OBR0046,0,0,0,0,0,0,0,0,0,0,1,0,0
09-MAY-2026,OFF0688,0,0,0,0,0,0,0,0,0,0,1,0,0
09-MAY-2026,OFG0061,0,0,0,0,0,0,0,0,0,0,1,0,0
09-MAY-2026,OFG3793,0,0,0,0,0,0,0,0,0,0,1,0,0
09-MAY-2026,OFG6271,439884,0,439884,36657,0,0,0,0,0,0,1,0,0
09-MAY-2026,OFG6352,0,0,0,0,0,0,0,0,0,0,1,0,0
09-MAY-2026,OFG6454,0,0,0,0,0,0,0,0,0,0,1,0,0
09-MAY-2026,OFG6831,208595.49,0,208595.49,16759.5,0,0,0,0,0,0,1,0,0
09-MAY-2026,OFG6910,0,0,0,0,0,0,0,0,0,0,1,0,0
09-MAY-2026,OFG7314,0,0,0,0,0,0,0,0,0,0,1,0,0
09-MAY-2026,OJN0298,0,0,0,0,0,0,0,0,0,0,1,0,0
09-MAY-2026,OJN0306,0,0,0,0,0,0,0,0,0,0,1,0,0
09-MAY-2026,ONA0059,1841420,0,1841420,128385,0,0,0,0,0,0,1,0,0
09-MAY-2026,ONA0080,0,0,0,0,0,0,0,0,0,0,1,0,0
09-MAY-2026,OOH0886,0,0,0,0,0,0,0,0,0,0,1,0,0
09-MAY-2026,OPA0226,0,0,0,0,0,0,0,0,0,0,1,0,0
09-MAY-2026,OPA0245,542918.4,0,542918.4,42541,0,0,0,0,0,0,1,0,0
09-MAY-2026,OPA0266,0,0,0,0,0,0,0,0,0,0,1,0,0
09-MAY-2026,OQE0171,0,0,0,0,0,0,0,0,0,0,1,0,0
09-MAY-2026,OQE0178,0,0,0,0,0,0,0,0,0,0,1,0,0
09-MAY-2026,OQE0245,0,0,0,0,0,0,0,0,0,0,1,0,0
09-MAY-2026,OQE0300,0,0,0,0,0,0,0,0,0,0,1,0,0
09-MAY-2026,OQE0535,0,0,0,0,0,0,0,0,0,0,1,0,0
09-MAY-2026,OQE0547,0,0,0,0,0,0,0,0,0,0,1,0,0
09-MAY-2026,OQE0621,0,0,0,0,0,0,0,0,0,0,1,0,0
09-MAY-2026,OQE0640,0,0,0,0,0,0,0,0,0,0,1,0,0
09-MAY-2026,OQE0685,0,0,0,0,0,0,0,0,0,0,1,0,0
09-MAY-2026,OQE0709,0,0,0,0,0,0,0,0,0,0,1,0,0
09-MAY-2026,OQE0754,0,0,0,0,0,0,0,0,0,0,1,0,0
09-MAY-2026,OQE0802,0,0,0,0,0,0,0,0,0,0,1,0,0
09-MAY-2026,OQE0833,0,0,0,0,0,0,0,0,0,0,1,0,0
09-MAY-2026,OQE0896,0,0,0,0,0,0,0,0,0,0,1,0,0
09-MAY-2026,OQE0918,0,0,0,0,0,0,0,0,0,0,1,0,0
09-MAY-2026,OQE0979,0,0,0,0,0,0,0,0,0,0,1,0,0
09-MAY-2026,OWA0549,0,0,0,0,0,0,0,0,0,0,1,0,0
09-MAY-2026,OWA0636,0,0,0,0,0,0,0,0,0,0,1,0,0
09-MAY-2026,OWA0721,0,0,0,0,0,0,0,0,0,0,1,0,0
09-MAY-2026,OWA0854,0,0,0,0,0,0,0,0,0,0,1,0,0
09-MAY-2026,OWA1082,0,0,0,0,0,0,0,0,0,0,1,0,0
09-MAY-2026,OWA1128,0,0,0,0,0,0,0,0,0,0,1,0,0
09-MAY-2026,OWA1157,0,0,0,0,0,0,0,0,0,0,1,0,0
09-MAY-2026,OWA1222,0,0,0,0,0,0,0,0,0,0,1,0,0
09-MAY-2026,OWA1463,0,0,0,0,0,0,0,0,0,0,1,0,0
09-MAY-2026,OWA1550,0,0,0,0,0,0,0,0,0,0,1,0,0
09-MAY-2026,OWA1721,0,0,0,0,0,0,0,0,0,0,1,0,0
09-MAY-2026,OWA1727,0,0,0,0,0,0,0,0,0,0,1,0,0
09-MAY-2026,OWA1728,0,0,0,0,0,0,0,0,0,0,1,0,0
09-MAY-2026,OWA1759,0,0,0,0,0,0,0,0,0,0,1,0,0
09-MAY-2026,OWF0012,0,0,0,0,0,0,0,0,0,0,1,0,0
09-MAY-2026,OWF0022,0,0,0,0,0,0,0,0,0,0,1,0,0
09-MAY-2026,OWO0013,5675352,0,5675352,472946,0,0,0,0,0,0,1,0,0
09-MAY-2026,P075,6611064.46,0,6611064.46,559920,0,0,0,0,0,0,1,0,0
09-MAY-2026,PJ700,0,0,0,0,0,0,0,0,0,0,1,0,0
09-MAY-2026,QBJ0043,0,0,0,0,0,0,0,0,0,0,1,0,0
09-MAY-2026,QDT0092,0,0,0,0,0,0,0,0,0,0,1,0,0
09-MAY-2026,QDT0206,0,0,0,0,0,0,0,0,0,0,1,0,0
09-MAY-2026,QDT0366,0,0,0,0,0,0,0,0,0,0,1,0,0
09-MAY-2026,QDT0470,0,0,0,0,0,0,0,0,0,0,1,0,0
09-MAY-2026,QDT0580,0,0,0,0,0,0,0,0,0,0,1,0,0
09-MAY-2026,QDT0720,0,0,0,0,0,0,0,0,0,0,1,0,0
09-MAY-2026,QGU0395,42276,0,42276,3523,0,0,0,0,0,0,1,0,0
09-MAY-2026,QHV0188,0,0,0,0,0,0,0,0,0,0,1,0,0
09-MAY-2026,QHV2092,0,0,0,0,0,0,0,0,0,0,1,0,0
09-MAY-2026,QHV2526,0,0,0,0,0,0,0,0,0,0,1,0,0
09-MAY-2026,QKY2559,0,0,0,0,0,0,0,0,0,0,1,0,0
09-MAY-2026,QMI0317,0,0,0,0,0,0,0,0,0,0,1,0,0
09-MAY-2026,QMI0445,0,0,0,0,0,0,0,0,0,0,1,0,0
09-MAY-2026,RDF0005,0,0,0,0,0,0,0,0,0,0,1,0,0
09-MAY-2026,REF0208,0,0,0,0,0,0,0,0,0,0,1,0,0
09-MAY-2026,RFD0005,0,0,0,0,0,0,0,0,0,0,1,0,0
09-MAY-2026,RFO0017,0,0,0,0,0,0,0,0,0,0,1,0,0
09-MAY-2026,RKK0002,0,0,0,0,0,0,0,0,0,0,1,0,0
09-MAY-2026,RNN0621,168804,0,168804,14067,0,0,0,0,0,0,1,0,0
09-MAY-2026,RNN0777,0,0,0,0,0,0,0,0,0,0,1,0,0
09-MAY-2026,RNN0914,0,0,0,0,0,0,0,0,0,0,1,0,0
09-MAY-2026,RQQ0083,0,0,0,0,0,0,0,0,0,0,1,0,0
09-MAY-2026,RQQ1044,0,0,0,0,0,0,0,0,0,0,1,0,0
09-MAY-2026,RQQ1050,74088,0,74088,6174,0,0,0,0,0,0,1,0,0
09-MAY-2026,RQQ2101,0,0,0,0,0,0,0,0,0,0,1,0,0
09-MAY-2026,SAT0056,205416,0,205416,17118,0,0,0,0,0,0,1,0,0
09-MAY-2026,SAT0295,103698,0,103698,8641.5,0,0,0,0,0,0,1,0,0
09-MAY-2026,SAT1052,0,0,0,0,0,0,0,0,0,0,1,0,0
09-MAY-2026,SAT1320,0,0,0,0,0,0,0,0,0,0,1,0,0
09-MAY-2026,SBM0250,0,0,0,0,0,0,0,0,0,0,1,0,0
09-MAY-2026,SBM0272,0,0,0,0,0,0,0,0,0,0,1,0,0
09-MAY-2026,SBM0321,0,0,0,0,0,0,0,0,0,0,1,0,0
09-MAY-2026,SBM0343,148176,0,148176,12348,0,0,0,0,0,0,1,0,0
09-MAY-2026,SFD5017,0,0,0,0,0,0,0,0,0,0,1,0,0
09-MAY-2026,SMP0013,0,0,0,0,0,0,0,0,0,0,1,0,0
09-MAY-2026,SRP0290,0,0,0,0,0,0,0,0,0,0,1,0,0
09-MAY-2026,SRP0305,0,0,0,0,0,0,0,0,0,0,1,0,0
09-MAY-2026,SSB2487,0,0,0,0,0,0,0,0,0,0,1,0,0
09-MAY-2026,SSP0885,0,0,0,0,0,0,0,0,0,0,1,0,0
09-MAY-2026,SUK21,0,0,0,0,0,0,0,0,0,0,1,0,0
09-MAY-2026,SUM0220,0,0,0,0,0,0,0,0,0,0,1,0,0
09-MAY-2026,SUM0567,0,0,0,0,0,0,0,0,0,0,1,0,0
09-MAY-2026,SVS0049,0,0,0,0,0,0,0,0,0,0,1,0,0
09-MAY-2026,SVX0005,0,0,0,0,0,0,0,0,0,0,1,0,0
09-MAY-2026,SXF0009,0,0,0,0,0,0,0,0,0,0,1,0,0
09-MAY-2026,SXF0075,87013.2,0,87013.2,5900,0,0,0,0,0,0,1,0,0
09-MAY-2026,SXF0081,142812,0,142812,11901,0,0,0,0,0,0,1,0,0
09-MAY-2026,SXF0099,74088,0,74088,6174,0,0,0,0,0,0,1,0,0
09-MAY-2026,SXF0125,0,0,0,0,0,0,0,0,0,0,1,0,0
09-MAY-2026,SXF0207,0,0,0,0,0,0,0,0,0,0,1,0,0
09-MAY-2026,SXF0513,0,0,0,0,0,0,0,0,0,0,1,0,0
09-MAY-2026,SXF0540,0,0,0,0,0,0,0,0,0,0,1,0,0
09-MAY-2026,SXX0066,238638,0,238638,19886.5,0,0,0,0,0,0,1,0,0
09-MAY-2026,TBJ2802,0,0,0,0,0,0,0,0,0,0,1,0,0
09-MAY-2026,THA0225,300713.4,0,300713.4,24405,0,0,0,0,0,0,1,0,0
09-MAY-2026,THD0007,135281.49,0,135281.49,10650,0,0,0,0,0,0,1,0,0
09-MAY-2026,TIP0060,0,0,0,0,0,0,0,0,0,0,1,0,0
09-MAY-2026,TIP0154,0,0,0,0,0,0,0,0,0,0,1,0,0
09-MAY-2026,TNY0049,0,0,0,0,0,0,0,0,0,0,1,0,0
09-MAY-2026,TY222,0,0,0,0,0,0,0,0,0,0,1,0,0
09-MAY-2026,UIM0488,73314,0,73314,6109.5,0,0,0,0,0,0,1,0,0
09-MAY-2026,UIM5914,0,0,0,0,0,0,0,0,0,0,1,0,0
09-MAY-2026,UKK0022,0,0,0,0,0,0,0,0,0,0,1,0,0
09-MAY-2026,UKK0023,501189.01,0,501189.01,40675,0,0,0,0,0,0,1,0,0
09-MAY-2026,URU0006,0,0,0,0,0,0,0,0,0,0,1,0,0
09-MAY-2026,VBB0033,67470,0,67470,5622.5,0,0,0,0,0,0,1,0,0
09-MAY-2026,VBB0395,0,0,0,0,0,0,0,0,0,0,1,0,0
09-MAY-2026,VBB0498,0,0,0,0,0,0,0,0,0,0,1,0,0
09-MAY-2026,VBB0701,0,0,0,0,0,0,0,0,0,0,1,0,0
09-MAY-2026,VLC0035,4690332,0,4690332,390861,0,0,0,0,0,0,1,0,0
09-MAY-2026,VOE0002,0,0,0,0,0,0,0,0,0,0,1,0,0
09-MAY-2026,VOS0324,202410,0,202410,16867.5,0,0,0,0,0,0,1,0,0
09-MAY-2026,VTD0010,0,0,0,0,0,0,0,0,0,0,1,0,0
09-MAY-2026,VWT0108,0,0,0,0,0,0,0,0,0,0,1,0,0
09-MAY-2026,WBQ0059,0,0,0,0,0,0,0,0,0,0,1,0,0
09-MAY-2026,WBQ0098,0,0,0,0,0,0,0,0,0,0,1,0,0
09-MAY-2026,WBQ0127,0,0,0,0,0,0,0,0,0,0,1,0,0
09-MAY-2026,WBQ0140,0,0,0,0,0,0,0,0,0,0,1,0,0
09-MAY-2026,WJK0384,877110,0,877110,73092.5,0,0,0,0,0,0,1,0,0
09-MAY-2026,WMA0015,8996218.82,0,8996218.82,708225,0,0,0,0,0,0,1,0,0
09-MAY-2026,WNP1110,1539954,0,1539954,128329.5,0,0,0,0,0,0,1,0,0
09-MAY-2026,WNP1146,588677.49,500,589177.49,48433,0,0,0,0,0,0,1,0,0
09-MAY-2026,WUF0310,0,0,0,0,0,0,0,0,0,0,1,0,0
09-MAY-2026,WUU0001,0,0,0,0,0,0,0,0,0,0,1,0,0
09-MAY-2026,WVD1586,0,0,0,0,0,0,0,0,0,0,1,0,0
09-MAY-2026,XAA0784,0,0,0,0,0,0,0,0,0,0,1,0,0
09-MAY-2026,XAA1130,1128300,0,1128300,94025,0,0,0,0,0,0,1,0,0
09-MAY-2026,XAA2145,0,0,0,0,0,0,0,0,0,0,1,0,0
09-MAY-2026,XAA2194,0,0,0,0,0,0,0,0,0,0,1,0,0
09-MAY-2026,XDV0002,0,0,0,0,0,0,0,0,0,0,1,0,0
09-MAY-2026,XDV0013,0,0,0,0,0,0,0,0,0,0,1,0,0
09-MAY-2026,XIG0403,0,0,0,0,0,0,0,0,0,0,1,0,0
09-MAY-2026,XJS0065,0,0,0,0,0,0,0,0,0,0,1,0,0
09-MAY-2026,XJS0068,0,0,0,0,0,0,0,0,0,0,1,0,0
09-MAY-2026,XJS0100,0,0,0,0,0,0,0,0,0,0,1,0,0
09-MAY-2026,XJS0101,0,0,0,0,0,0,0,0,0,0,1,0,0
09-MAY-2026,XKJ0959,0,0,0,0,0,0,0,0,0,0,1,0,0
09-MAY-2026,XKK1334,0,0,0,0,0,0,0,0,0,0,1,0,0
09-MAY-2026,XNH0002,0,0,0,0,0,0,0,0,0,0,1,0,0
09-MAY-2026,XNH0010,0,0,0,0,0,0,0,0,0,0,1,0,0
09-MAY-2026,XNL0575,0,0,0,0,0,0,0,0,0,0,1,0,0
09-MAY-2026,XNL1013,0,0,0,0,0,0,0,0,0,0,1,0,0
09-MAY-2026,XNQ0004,0,0,0,0,0,0,0,0,0,0,1,0,0
09-MAY-2026,XNT1549,0,0,0,0,0,0,0,0,0,0,1,0,0
09-MAY-2026,XNT1563,0,0,0,0,0,0,0,0,0,0,1,0,0
09-MAY-2026,XNZ0002,0,0,0,0,0,0,0,0,0,0,1,0,0
09-MAY-2026,XRJ0480,0,0,0,0,0,0,0,0,0,0,1,0,0
09-MAY-2026,XRJ0592,0,0,0,0,0,0,0,0,0,0,1,0,0
09-MAY-2026,XUQ0002,0,0,0,0,0,0,0,0,0,0,1,0,0
09-MAY-2026,XWI0007,0,0,0,0,0,0,0,0,0,0,1,0,0
09-MAY-2026,XYG0003,0,0,0,0,0,0,0,0,0,0,1,0,0
09-MAY-2026,YCT0040,0,0,0,0,0,0,0,0,0,0,1,0,0
09-MAY-2026,YCT0074,0,0,0,0,0,0,0,0,0,0,1,0,0
09-MAY-2026,YCT0096,0,0,0,0,0,0,0,0,0,0,1,0,0
09-MAY-2026,YCT0114,0,0,0,0,0,0,0,0,0,0,1,0,0
09-MAY-2026,YEL0007,0,0,0,0,0,0,0,0,0,0,1,0,0
09-MAY-2026,YKZ4416,0,0,0,0,0,0,0,0,0,0,1,0,0
09-MAY-2026,YKZ5553,0,0,0,0,0,0,0,0,0,0,1,0,0
09-MAY-2026,YKZ5558,0,0,0,0,0,0,0,0,0,0,1,0,0
09-MAY-2026,YKZ5571,0,0,0,0,0,0,0,0,0,0,1,0,0
09-MAY-2026,YKZ5786,0,0,0,0,0,0,0,0,0,0,1,0,0
09-MAY-2026,YKZ6366,0,0,0,0,0,0,0,0,0,0,1,0,0
09-MAY-2026,YLQ0419,0,0,0,0,0,0,0,0,0,0,1,0,0
09-MAY-2026,YNR0646,0,0,0,0,0,0,0,0,0,0,1,0,0
09-MAY-2026,YPZ0246,0,0,0,0,0,0,0,0,0,0,1,0,0
09-MAY-2026,YPZ0546,196350.3,0,196350.3,16130,0,0,0,0,0,0,1,0,0
09-MAY-2026,YYK0060,0,0,0,0,0,0,0,0,0,0,1,0,0
09-MAY-2026,YYK0101,0,0,0,0,0,0,0,0,0,0,1,0,0
09-MAY-2026,ZBA0182,0,0,0,0,0,0,0,0,0,0,1,0,0
09-MAY-2026,ZBR0219,0,0,0,0,0,0,0,0,0,0,1,0,0
09-MAY-2026,ZCV0068,296588.1,0,296588.1,24265,0,0,0,0,0,0,1,0,0
09-MAY-2026,ZCV0288,169676.74,0,169676.74,13828,0,0,0,0,0,0,1,0,0
09-MAY-2026,ZCV0447,0,0,0,0,0,0,0,0,0,0,1,0,0
09-MAY-2026,ZJB0003,705519.15,0,705519.15,58677,0,0,0,0,0,0,1,0,0
09-MAY-2026,ZJB0006,1021977.45,0,1021977.45,84816,0,0,0,0,0,0,1,0,0
09-MAY-2026,ZKB0017,0,0,0,0,0,0,0,0,0,0,1,0,0
09-MAY-2026,ZLE0069,0,0,0,0,0,0,0,0,0,0,1,0,0
09-MAY-2026,ZLE0070,0,0,0,0,0,0,0,0,0,0,1,0,0
09-MAY-2026,ZLE0283,0,0,0,0,0,0,0,0,0,0,1,0,0
09-MAY-2026,ZLE0384,0,0,0,0,0,0,0,0,0,0,1,0,0
09-MAY-2026,ZLF0118,0,0,0,0,0,0,0,0,0,0,1,0,0
09-MAY-2026,ZLF1916,0,0,0,0,0,0,0,0,0,0,1,0,0
09-MAY-2026,ZLK0126,0,0,0,0,0,0,0,0,0,0,1,0,0
09-MAY-2026,ZLK0830,0,0,0,0,0,0,0,0,0,0,1,0,0
09-MAY-2026,ZPJ0001,0,0,0,0,0,0,0,0,0,0,1,0,0
09-MAY-2026,ZPJ0104,0,0,0,0,0,0,0,0,0,0,1,0,0
09-MAY-2026,ZPJ0129,0,0,0,0,0,0,0,0,0,0,1,0,0
09-MAY-2026,ZPJ0237,0,0,0,0,0,0,0,0,0,0,1,0,0
09-MAY-2026,ZPJ0268,0,0,0,0,0,0,0,0,0,0,1,0,0
09-MAY-2026,ZPJ0276,0,0,0,0,0,0,0,0,0,0,1,0,0
09-MAY-2026,ZPJ0297,0,0,0,0,0,0,0,0,0,0,1,0,0
09-MAY-2026,ZPJ0300,0,0,0,0,0,0,0,0,0,0,1,0,0
09-MAY-2026,ZPJ0309,0,0,0,0,0,0,0,0,0,0,1,0,0
09-MAY-2026,ZPJ0334,0,0,0,0,0,0,0,0,0,0,1,0,0
09-MAY-2026,ZVO0049,0,0,0,0,0,0,0,0,0,0,1,0,0
09-MAY-2026,ZWM0065,0,0,0,0,0,0,0,0,0,0,1,0,0
