09-MAY-2026,A1100001,845520.00,0.00,845520.00,70460.00,C
09-MAY-2026,A1100009,73314.00,0.00,73314.00,6109.50,C
09-MAY-2026,A1100042,126828.00,0.00,126828.00,10569.00,C
09-MAY-2026,A3820266,83016.00,0.00,83016.00,6918.00,C
09-MAY-2026,A5820050,348052.79,0.00,348052.79,23600.00,C
09-MAY-2026,B0802223,277578.00,0.00,277578.00,23131.50,C
09-MAY-2026,B2700009,1620133.72,0.00,1620133.72,133452.50,C
09-MAY-2026,BHL3028,71406.00,0.00,71406.00,5950.50,C
09-MAY-2026,CHA2879,142446.00,0.00,142446.00,11870.50,C
09-MAY-2026,D0251775,65974.03,0.00,65974.03,6109.50,C
09-MAY-2026,D0253151,2505945.03,0.00,2505945.03,203375.00,C
09-MAY-2026,D0352464,293256.00,0.00,293256.00,24438.00,C
09-MAY-2026,EC003,58370388.00,0.00,58370388.00,4875563.00,C
09-MAY-2026,ERO1110,7191875.70,0.00,7191875.70,574486.00,C
09-MAY-2026,F3890020,10904229.15,0.00,10904229.15,908569.50,C
09-MAY-2026,F5180216,73314.00,0.00,73314.00,6109.50,C
09-MAY-2026,G325001,10003676.01,0.00,10003676.01,3205640.00,C
09-MAY-2026,G5930016,27332763.16,0.00,27332763.16,2116445.00,C
09-MAY-2026,G5930019,719920.97,0.00,719920.97,58746.50,C
09-MAY-2026,HRO912,40740.00,0.00,40740.00,3395.00,C
09-MAY-2026,HV04903,74088.00,0.00,74088.00,10924.00,C
09-MAY-2026,HV05059,906672.60,0.00,906672.60,75091.00,C
09-MAY-2026,HV06371,0.00,0.00,0.00,1200.00,C
09-MAY-2026,HV08492,40740.00,0.00,40740.00,3395.00,C
09-MAY-2026,IND1916,1053280.00,0.00,1053280.00,131660.00,C
09-MAY-2026,IND918,71406.00,0.00,71406.00,14800.50,C
09-MAY-2026,JJR1675,680208.51,0.00,680208.51,56803.50,C
09-MAY-2026,JJR1858,0.00,0.00,0.00,1300.00,C
09-MAY-2026,JJR563,608595.94,0.00,608595.94,52322.50,C
09-MAY-2026,JJR5838,200475.60,0.00,200475.60,17770.00,C
09-MAY-2026,JJR6224,81480.00,0.00,81480.00,6790.00,C
09-MAY-2026,KLK11836,32391499.06,0.00,32391499.06,2645433.00,C
09-MAY-2026,KLK15004,10292721.62,0.00,10292721.62,841560.00,C
09-MAY-2026,KTT1877,845208.00,0.00,845208.00,70434.00,C
09-MAY-2026,KTT2018,1832631.01,0.00,1832631.01,181228.50,C
09-MAY-2026,KTT2041,102206.74,0.00,102206.74,8205.50,C
09-MAY-2026,KTT2392,530289.60,0.00,530289.60,43754.50,C
09-MAY-2026,KTT2864,67470.00,0.00,67470.00,6222.50,C
09-MAY-2026,KTT2937,148176.00,0.00,148176.00,14298.00,C
09-MAY-2026,KTT3170,87013.20,0.00,87013.20,5900.00,C
09-MAY-2026,KTT3191,220068.84,0.00,220068.84,6735.00,C
09-MAY-2026,KTT3548,1411257.92,0.00,1411257.92,101600.00,C
09-MAY-2026,KTT3585,1892592.00,0.00,1892592.00,226508.31,C
09-MAY-2026,KTT3605,814968.00,0.00,814968.00,72064.00,C
09-MAY-2026,KTT3610,818431.19,0.00,818431.19,60096.00,C
09-MAY-2026,KTT3614,137934.00,0.00,137934.00,11494.50,C
09-MAY-2026,KTT3661,235189.20,0.00,235189.20,18248.00,C
09-MAY-2026,KTT3804,270562.97,0.00,270562.97,45700.00,C
09-MAY-2026,KTT3822,322202.40,0.00,322202.40,24148.00,C
09-MAY-2026,KTT3882,40740.00,0.00,40740.00,3395.00,C
09-MAY-2026,KTT3911,227226.89,0.00,227226.89,23874.00,C
09-MAY-2026,KTT3916,1211557.80,0.00,1211557.80,120045.00,C
09-MAY-2026,KTT3932,174026.40,0.00,174026.40,11800.00,C
09-MAY-2026,KTT4012,148176.00,0.00,148176.00,12348.00,C
09-MAY-2026,KTT646,87013.20,0.00,87013.20,5900.00,C
09-MAY-2026,KTT802,169176.00,0.00,169176.00,14098.00,C
09-MAY-2026,KTT807,200475.60,0.00,200475.60,16270.00,C
09-MAY-2026,L120614,1646358.00,0.00,1646358.00,201664.35,C
09-MAY-2026,L120883,1462628.74,0.00,1462628.74,121574.00,C
09-MAY-2026,L120968,868554.00,0.00,868554.00,86705.26,C
09-MAY-2026,L120970,1157215.37,0.00,1157215.37,100381.50,C
09-MAY-2026,L121295,3519685.20,0.00,3519685.20,292434.50,C
09-MAY-2026,L5170159,73314.00,0.00,73314.00,6109.50,C
09-MAY-2026,L5170510,293256.00,0.00,293256.00,24438.00,C
09-MAY-2026,L7880002,219942.00,0.00,219942.00,18328.50,C
09-MAY-2026,MDN127,564648.00,0.00,564648.00,47054.00,C
09-MAY-2026,MI18,261039.59,0.00,261039.59,17700.00,C
09-MAY-2026,MI322,1040695.19,0.00,1040695.19,78618.00,C
09-MAY-2026,MI789,348052.79,0.00,348052.79,23600.00,C
09-MAY-2026,MI882,522079.19,0.00,522079.19,35400.00,C
09-MAY-2026,MI978,87013.20,0.00,87013.20,5900.00,C
09-MAY-2026,N1580031,891259.72,0.00,891259.72,72713.00,C
09-MAY-2026,N1580033,440410.46,0.00,440410.46,34830.50,C
09-MAY-2026,N2280056,98175.15,0.00,98175.15,8065.00,C
09-MAY-2026,N3080014,100237.80,0.00,100237.80,8135.00,C
09-MAY-2026,N3410009,41976.00,0.00,41976.00,3498.00,C
09-MAY-2026,N3410041,84552.00,0.00,84552.00,7046.00,C
09-MAY-2026,N3410053,990002.10,0.00,990002.10,80930.00,C
09-MAY-2026,N3410114,129432.00,0.00,129432.00,10786.00,C
09-MAY-2026,N3410171,488232.00,0.00,488232.00,40686.00,C
09-MAY-2026,N3410172,81480.00,0.00,81480.00,6790.00,C
09-MAY-2026,N3730009,144720.00,0.00,144720.00,12060.00,C
09-MAY-2026,N5410033,7120596.00,0.00,7120596.00,593383.00,C
09-MAY-2026,N5410034,8136012.96,0.00,8136012.96,616455.00,C
09-MAY-2026,ND007,100237.80,0.00,100237.80,8135.00,C
09-MAY-2026,ND171,325920.00,0.00,325920.00,27160.00,C
09-MAY-2026,PND065,34566.00,0.00,34566.00,2880.50,C
09-MAY-2026,PND169,34566.00,0.00,34566.00,2880.50,C
09-MAY-2026,R3960047,74088.00,0.00,74088.00,6174.00,C
09-MAY-2026,R5150008,40482000.00,0.00,40482000.00,3373500.00,C
09-MAY-2026,R6820043,101706.00,0.00,101706.00,8475.50,C
09-MAY-2026,R6820163,101706.00,0.00,101706.00,8475.50,C
09-MAY-2026,R6820198,392500.00,0.00,392500.00,49062.50,C
09-MAY-2026,R7940003,4792988.24,0.00,4792988.24,516070.00,C
09-MAY-2026,R7940116,270562.97,0.00,270562.97,21300.00,C
09-MAY-2026,R8720002,174026.40,0.00,174026.40,11800.00,C
09-MAY-2026,R8720003,3323189.44,0.00,3323189.44,434425.00,C
09-MAY-2026,R872B102,431292.00,0.00,431292.00,35941.00,C
09-MAY-2026,SAL1046,601426.81,0.00,601426.81,48810.00,C
09-MAY-2026,SJP075,202922.23,0.00,202922.23,15975.00,C
09-MAY-2026,SJS1656,67470.00,0.00,67470.00,5622.50,C
09-MAY-2026,SJS1936,3040760.06,0.00,3040760.06,244980.00,C
09-MAY-2026,SJS2038,19932531.47,0.00,19932531.47,1674225.00,C
09-MAY-2026,SJS2238,2705629.72,0.00,2705629.72,213000.00,C
09-MAY-2026,SJS2308,67470.00,0.00,67470.00,5622.50,C
09-MAY-2026,SJS784,944580.00,0.00,944580.00,78715.00,C
09-MAY-2026,SJS807,67640.74,0.00,67640.74,5325.00,C
09-MAY-2026,TAXSF1,13532103.16,0.00,13532103.16,1342889.90,C
09-MAY-2026,TAXSI3,488880.00,0.00,488880.00,40740.00,C
09-MAY-2026,V0133653,294525.45,0.00,294525.45,24195.00,C
09-MAY-2026,V0133702,171643.80,0.00,171643.80,14085.50,C
09-MAY-2026,V0134265,146628.00,0.00,146628.00,12219.00,C
09-MAY-2026,V5990022,34566.00,0.00,34566.00,2880.50,C
09-MAY-2026,V6050750,196350.30,0.00,196350.30,16130.00,C
09-MAY-2026,V6051771,2945254.49,0.00,2945254.49,241950.00,C
09-MAY-2026,V6052122,19947322.43,0.00,19947322.43,1618865.00,C
09-MAY-2026,V6054555,196350.30,0.00,196350.30,16130.00,C
09-MAY-2026,V6055236,7777295.46,0.00,7777295.46,1804730.00,C
09-MAY-2026,V6055545,294525.45,0.00,294525.45,24195.00,C
09-MAY-2026,V8000132,400951.20,0.00,400951.20,32540.00,C
09-MAY-2026,V8000990,48254907.31,0.00,48254907.31,4260074.50,C
09-MAY-2026,V8001045,7211337.86,0.00,7211337.86,527670.00,C
09-MAY-2026,V8001420,985876.80,0.00,985876.80,80790.00,C
09-MAY-2026,V8001436,129289.20,0.00,129289.20,9423.00,C
09-MAY-2026,V8890037,0.00,0.00,0.00,3200.00,C
09-MAY-2026,VA1394,145494.00,0.00,145494.00,12124.50,C
09-MAY-2026,VA1670,357030.00,0.00,357030.00,43252.50,C
09-MAY-2026,VA2470,71406.00,0.00,71406.00,5950.50,C
09-MAY-2026,VA2970,428436.00,0.00,428436.00,35703.00,C
09-MAY-2026,VA3501,1767384.00,0.00,1767384.00,147282.00,C
09-MAY-2026,VA555,1915560.00,0.00,1915560.00,173230.00,C
09-MAY-2026,VVBB02,2174580.00,0.00,2174580.00,181215.00,C
09-MAY-2026,VVBS02,755568.00,0.00,755568.00,62964.00,C
09-MAY-2026,W9420010,393968.40,0.00,393968.40,30128.50,C
09-MAY-2026,WLL041,40740.00,0.00,40740.00,3395.00,C
09-MAY-2026,Y1510214,675895.20,0.00,675895.20,54142.50,C
09-MAY-2026,Y1510229,67470.00,0.00,67470.00,5622.50,C
09-MAY-2026,Y300900,67470.00,0.00,67470.00,5622.50,C
09-MAY-2026,Y4970073,73314.00,0.00,73314.00,6109.50,C
09-MAY-2026,Y4970075,293256.00,0.00,293256.00,24438.00,C
09-MAY-2026,Y4970102,146628.00,0.00,146628.00,12219.00,C
