09-MAY-2026,01007,0,0,0,0,0,0,0,0,0,0,2,0,0
09-MAY-2026,10563,11121024.69,0,11121024.69,896823.5,0,0,0,0,0,0,1,0,0
09-MAY-2026,11322,0,0,0,0,0,0,0,0,0,0,1,0,0
09-MAY-2026,1572,0,0,0,0,0,0,0,0,0,0,1,0,0
09-MAY-2026,2295,0,0,0,0,0,0,0,0,0,0,1,0,0
09-MAY-2026,3368,0,0,0,0,0,0,0,0,0,0,1,0,0
09-MAY-2026,3495,0,0,0,0,0,0,0,0,0,0,1,0,0
09-MAY-2026,3664,0,0,0,0,0,0,0,0,0,0,1,0,0
09-MAY-2026,3680,0,0,0,0,0,0,0,0,0,0,1,0,0
09-MAY-2026,3919,34566,0,34566,2880.5,0,0,0,0,0,0,1,0,0
09-MAY-2026,6748,0,0,0,0,0,0,0,0,0,0,1,0,0
09-MAY-2026,7885,168709.8,0,168709.8,13841,0,0,0,0,0,0,1,0,0
09-MAY-2026,9545084674,0,0,0,0,0,0,0,0,0,0,1,0,0
09-MAY-2026,A00542,0,0,0,0,0,0,0,0,0,0,1,0,0
09-MAY-2026,A02189,0,0,0,0,0,0,0,0,0,0,1,0,0
09-MAY-2026,A123477,0,0,0,0,0,0,0,0,0,0,1,0,0
09-MAY-2026,A123611,0,0,0,0,0,0,0,0,0,0,1,0,0
09-MAY-2026,A124059,73314,0,73314,6109.5,0,0,0,0,0,0,1,0,0
09-MAY-2026,A124309,0,0,0,0,0,0,0,0,0,0,1,0,0
09-MAY-2026,A14110,0,0,0,0,0,0,0,0,0,0,1,0,0
09-MAY-2026,A141163,0,0,0,0,0,0,0,0,0,0,1,0,0
09-MAY-2026,A141300,0,0,0,0,0,0,0,0,0,0,1,0,0
09-MAY-2026,A6154077,0,0,0,0,0,0,0,0,0,0,1,0,0
09-MAY-2026,A6155070,0,0,0,0,0,0,0,0,0,0,1,0,0
09-MAY-2026,A684673,142812,0,142812,11901,0,0,0,0,0,0,1,0,0
09-MAY-2026,A78733,0,0,0,0,0,0,0,0,0,0,1,0,0
09-MAY-2026,A78754,40740,0,40740,3395,0,0,0,0,0,0,1,0,0
09-MAY-2026,A810216,0,0,0,0,0,0,0,0,0,0,1,0,0
09-MAY-2026,A810232,338203.72,0,338203.72,26625,0,0,0,0,0,0,1,0,0
09-MAY-2026,A810330,0,0,0,0,0,0,0,0,0,0,1,0,0
09-MAY-2026,A81203,0,0,0,0,0,0,0,0,0,0,1,0,0
09-MAY-2026,A82725,0,0,0,0,0,0,0,0,0,0,1,0,0
09-MAY-2026,A82730,0,0,0,0,0,0,0,0,0,0,1,0,0
09-MAY-2026,A82733,0,0,0,0,0,0,0,0,0,0,1,0,0
09-MAY-2026,A82738,0,0,0,0,0,0,0,0,0,0,1,0,0
09-MAY-2026,A82744,4710789.67,0,4710789.67,368666,0,0,0,0,0,0,1,0,0
09-MAY-2026,A82747,4777188,0,4777188,398099,0,0,0,0,0,0,1,0,0
09-MAY-2026,A82748,3931668,0,3931668,327639,0,0,0,0,0,0,1,0,0
09-MAY-2026,A82749,42276,0,42276,3523,0,0,0,0,0,0,1,0,0
09-MAY-2026,A84505,1688868.15,0,1688868.15,132965,0,0,0,0,0,0,1,0,0
09-MAY-2026,A84510,646327.29,0,646327.29,53019,0,0,0,0,0,0,1,0,0
09-MAY-2026,A84511,0,0,0,0,0,0,0,0,0,0,1,0,0
09-MAY-2026,A84512,0,0,0,0,0,0,0,0,0,0,1,0,0
09-MAY-2026,A84513,1448032.79,0,1448032.79,115265,0,0,0,0,0,0,1,0,0
09-MAY-2026,A84514,0,0,0,0,0,0,0,0,0,0,1,0,0
09-MAY-2026,A84515,80511.15,0,80511.15,7046,0,0,0,0,0,0,1,0,0
09-MAY-2026,A84522,232092,0,232092,19341,0,0,0,0,0,0,1,0,0
09-MAY-2026,A84525,69132,0,69132,5761,0,0,0,0,0,0,1,0,0
09-MAY-2026,A84526,0,0,0,0,0,0,0,0,0,0,1,0,0
09-MAY-2026,A8457,0,0,0,0,0,0,0,0,0,0,1,0,0
09-MAY-2026,A8459,0,0,0,0,0,0,0,0,0,0,1,0,0
09-MAY-2026,A917114,0,0,0,0,0,0,0,0,0,0,1,0,0
09-MAY-2026,A917123,0,0,0,0,0,0,0,0,0,0,1,0,0
09-MAY-2026,A917131,0,0,0,0,0,0,0,0,0,0,1,0,0
09-MAY-2026,A91720,0,0,0,0,0,0,0,0,0,0,1,0,0
09-MAY-2026,A917235,151092,0,151092,12591,0,0,0,0,0,0,1,0,0
09-MAY-2026,A917236,2486595.59,0,2486595.59,203163,0,0,0,0,0,0,1,0,0
09-MAY-2026,A91767,0,0,0,0,0,0,0,0,0,0,1,0,0
09-MAY-2026,A91771,67167.43,0,67167.43,5325,0,0,0,0,0,0,1,0,0
09-MAY-2026,A91773,0,0,0,0,0,0,0,0,0,0,1,0,0
09-MAY-2026,A91777,1740236.2,0,1740236.2,212960,0,0,0,0,0,0,1,0,0
09-MAY-2026,A91780,1176038.04,0,1176038.04,85324,0,0,0,0,0,0,1,0,0
09-MAY-2026,A91781,0,0,0,0,0,0,0,0,0,0,1,0,0
09-MAY-2026,A91787,0,0,0,0,0,0,0,0,0,0,1,0,0
09-MAY-2026,A94908,0,0,0,0,0,0,0,0,0,0,1,0,0
09-MAY-2026,A984105,0,0,0,0,0,0,0,0,0,0,1,0,0
09-MAY-2026,A984121,0,0,0,0,0,0,0,0,0,0,1,0,0
09-MAY-2026,A984135,0,0,0,0,0,0,0,0,0,0,1,0,0
09-MAY-2026,A984164,0,0,0,0,0,0,0,0,0,0,1,0,0
09-MAY-2026,A984172,0,0,0,0,0,0,0,0,0,0,1,0,0
09-MAY-2026,A984174,0,0,0,0,0,0,0,0,0,0,1,0,0
09-MAY-2026,A98495,1309346.04,0,1309346.04,96433,0,0,0,0,0,0,1,0,0
09-MAY-2026,B101938,0,0,0,0,0,0,0,0,0,0,1,0,0
09-MAY-2026,B102025,0,0,0,0,0,0,0,0,0,0,1,0,0
09-MAY-2026,B1039103,237432,0,237432,19786,0,0,5682,0,0,0,1,0,0
09-MAY-2026,B103915,2528215.35,0,2528215.35,205824,0,0,47360,0,0,0,1,0,0
09-MAY-2026,B103916,0,0,0,0,0,0,0,0,0,0,1,0,0
09-MAY-2026,B103917,0,0,0,0,0,0,0,0,0,0,1,0,0
09-MAY-2026,B103926,0,0,0,0,0,0,0,0,0,0,1,0,0
09-MAY-2026,B1039293,0,0,0,0,0,0,0,0,0,0,1,0,0
09-MAY-2026,B1039298,0,0,0,0,0,0,0,0,0,0,1,0,0
09-MAY-2026,B1039306,0,0,0,0,0,0,0,0,0,0,1,0,0
09-MAY-2026,B1039308,0,0,0,0,0,0,0,0,0,0,1,0,0
09-MAY-2026,B1039317,0,0,0,0,0,0,0,0,0,0,1,0,0
09-MAY-2026,B1039360,0,0,0,0,0,0,0,0,0,0,1,0,0
09-MAY-2026,B10715,204807.99,0,204807.99,16847,0,0,0,0,0,0,1,0,0
09-MAY-2026,B11801,0,0,0,0,0,0,0,0,0,0,1,0,0
09-MAY-2026,B12031,0,0,0,0,0,0,0,0,0,0,1,0,0
09-MAY-2026,B13101,0,0,0,0,0,0,0,0,0,0,1,0,0
09-MAY-2026,B14806,0,0,0,0,0,0,0,0,0,0,1,0,0
09-MAY-2026,B15601,320654.4,0,320654.4,24019,0,0,0,0,0,0,1,0,0
09-MAY-2026,B172115,0,0,0,0,0,0,0,0,0,0,1,0,0
09-MAY-2026,B17243,0,0,0,0,0,0,0,0,0,0,1,0,0
09-MAY-2026,B17255,0,0,0,0,0,0,0,0,0,0,1,0,0
09-MAY-2026,B17256,0,0,0,0,0,0,0,0,0,0,1,0,0
09-MAY-2026,B17281,199318.84,0,199318.84,4660,0,0,0,0,0,0,1,0,0
09-MAY-2026,B17282,0,0,0,0,0,0,0,0,0,0,1,0,0
09-MAY-2026,B22713,0,0,0,0,0,0,0,0,0,0,1,0,0
09-MAY-2026,B231115,0,0,0,0,0,0,0,0,0,0,1,0,0
09-MAY-2026,B231118,0,0,0,0,0,0,0,0,0,0,1,0,0
09-MAY-2026,B231119,0,0,0,0,0,0,0,0,0,0,1,0,0
09-MAY-2026,B231131,0,0,0,0,0,0,0,0,0,0,1,0,0
09-MAY-2026,B231133,0,0,0,0,0,0,0,0,0,0,1,0,0
09-MAY-2026,B231139,0,0,0,0,0,0,0,0,0,0,1,0,0
09-MAY-2026,B231140,0,0,0,0,0,0,0,0,0,0,1,0,0
09-MAY-2026,B231142,0,0,0,0,0,0,0,0,0,0,1,0,0
09-MAY-2026,B231144,0,0,0,0,0,0,0,0,0,0,1,0,0
09-MAY-2026,B231146,0,0,0,0,0,0,0,0,0,0,1,0,0
09-MAY-2026,B231151,0,0,0,0,0,0,0,0,0,0,1,0,0
09-MAY-2026,B231153,0,0,0,0,0,0,0,0,0,0,1,0,0
09-MAY-2026,B231155,0,0,0,0,0,0,0,0,0,0,1,0,0
09-MAY-2026,B231158,0,0,0,0,0,0,0,0,0,0,1,0,0
09-MAY-2026,B231161,253656,0,253656,21138,0,0,0,0,0,0,1,0,0
09-MAY-2026,B231168,0,0,0,0,0,0,0,0,0,0,1,0,0
09-MAY-2026,B231176,0,0,0,0,0,0,0,0,0,0,1,0,0
09-MAY-2026,B23152,0,0,0,0,0,0,0,0,0,0,1,0,0
09-MAY-2026,B23169,0,0,0,0,0,0,0,0,0,0,1,0,0
09-MAY-2026,B2331151,0,0,0,0,0,0,0,0,0,0,1,0,0
09-MAY-2026,B26811,0,0,0,0,0,0,0,0,0,0,1,0,0
09-MAY-2026,B28919,67470,0,67470,5622.5,0,0,0,0,0,0,1,0,0
09-MAY-2026,B28957,0,0,0,0,0,0,0,0,0,0,1,0,0
09-MAY-2026,B28965,0,0,0,0,0,0,0,0,0,0,1,0,0
09-MAY-2026,B29803,0,0,0,0,0,0,0,0,0,0,1,0,0
09-MAY-2026,B32901,0,0,0,0,0,0,0,0,0,0,1,0,0
09-MAY-2026,B33111,341496,0,341496,28458,0,0,34092,0,0,0,1,0,0
09-MAY-2026,B33765,0,0,0,0,0,0,0,0,0,0,1,0,0
09-MAY-2026,B3383,0,0,0,0,0,0,0,0,0,0,1,0,0
09-MAY-2026,B34102,0,0,0,0,0,0,0,0,0,0,1,0,0
09-MAY-2026,B35348,0,0,0,0,0,0,0,0,0,0,1,0,0
09-MAY-2026,B3538,0,0,0,0,0,0,0,0,0,0,1,0,0
09-MAY-2026,B36234,0,0,0,0,0,0,0,0,0,0,1,0,0
09-MAY-2026,B36292,146628,0,146628,12219,0,0,0,0,0,0,1,0,0
09-MAY-2026,B36413,0,0,0,0,0,0,0,0,0,0,1,0,0
09-MAY-2026,B4014,0,0,0,0,0,0,0,0,0,0,1,0,0
09-MAY-2026,B44902,0,0,0,0,0,0,0,0,0,0,1,0,0
09-MAY-2026,B44906,0,0,0,0,0,0,0,0,0,0,1,0,0
09-MAY-2026,B44907,0,0,0,0,0,0,0,0,0,0,1,0,0
09-MAY-2026,B44909,0,0,0,0,0,0,0,0,0,0,1,0,0
09-MAY-2026,B449100,0,0,0,0,0,0,0,0,0,0,1,0,0
09-MAY-2026,B44915,0,0,0,0,0,0,0,0,0,0,1,0,0
09-MAY-2026,B44918,0,0,0,0,0,0,0,0,0,0,1,0,0
09-MAY-2026,B44931,0,0,0,0,0,0,0,0,0,0,1,0,0
09-MAY-2026,B44932,0,0,0,0,0,0,0,0,0,0,1,0,0
09-MAY-2026,B44933,0,0,0,0,0,0,0,0,0,0,1,0,0
09-MAY-2026,B44936,0,0,0,0,0,0,0,0,0,0,1,0,0
09-MAY-2026,B44938,0,0,0,0,0,0,0,0,0,0,1,0,0
09-MAY-2026,B44941,0,0,0,0,0,0,0,0,0,0,1,0,0
09-MAY-2026,B44943,0,0,0,0,0,0,0,0,0,0,1,0,0
09-MAY-2026,B44944,0,0,0,0,0,0,0,0,0,0,1,0,0
09-MAY-2026,B44973,0,0,0,0,0,0,0,0,0,0,1,0,0
09-MAY-2026,B45228,0,0,0,0,0,0,0,0,0,0,1,0,0
09-MAY-2026,B45307,205416,0,205416,17118,0,0,0,0,0,0,1,0,0
09-MAY-2026,B46402,0,0,0,0,0,0,0,0,0,0,1,0,0
09-MAY-2026,B46403,219942,0,219942,18328.5,0,0,0,0,0,0,1,0,0
09-MAY-2026,B46405,0,0,0,0,0,0,0,0,0,0,1,0,0
09-MAY-2026,B7303,0,0,0,0,0,0,0,0,0,0,1,0,0
09-MAY-2026,JA541,0,0,0,0,0,0,0,0,0,0,1,0,0
09-MAY-2026,JA58,0,0,0,0,0,0,0,0,0,0,1,0,0
09-MAY-2026,REF7806,0,0,0,0,0,0,0,0,0,0,1,0,0
09-MAY-2026,REF8601,0,0,0,0,0,0,0,0,0,0,1,0,0
09-MAY-2026,REF86010,0,0,0,0,0,0,0,0,0,0,1,0,0
09-MAY-2026,REF8603,0,0,0,0,0,0,0,0,0,0,1,0,0
09-MAY-2026,REF8604,0,0,0,0,0,0,0,0,0,0,1,0,0
09-MAY-2026,SUSPE1234N,0,0,0,0,0,0,0,0,0,0,1,0,0
