09-MAY-2026,00951,81137228.33,0,81137228.33,7460755,0,0,238644,0,0,0,2,0,0
09-MAY-2026,A115,2328048,0,2328048,194004,0,0,0,0,0,0,1,0,0
09-MAY-2026,A140,0,0,0,0,0,0,0,0,0,0,1,0,0
09-MAY-2026,A148,9468870.66,0,9468870.66,768201,0,0,0,0,0,0,1,0,0
09-MAY-2026,A164,1437912,0,1437912,119826,0,0,0,0,0,0,1,0,0
09-MAY-2026,A169,0,0,0,0,0,0,0,0,0,0,1,0,0
09-MAY-2026,A175,0,0,0,0,0,0,0,0,0,0,1,0,0
09-MAY-2026,A482,0,0,0,0,0,0,0,0,0,0,1,0,0
09-MAY-2026,A554,0,0,0,0,0,0,0,0,0,0,1,0,0
09-MAY-2026,A635,0,0,0,0,0,0,0,0,0,0,1,0,0
09-MAY-2026,A646,0,0,0,0,0,0,0,0,0,0,1,0,0
09-MAY-2026,A664,0,0,0,0,0,0,0,0,0,0,1,0,0
09-MAY-2026,A757,0,0,0,0,0,0,0,0,0,0,1,0,0
09-MAY-2026,A971,0,0,0,0,0,0,0,0,0,0,1,0,0
09-MAY-2026,A982,0,0,0,0,0,0,0,0,0,0,1,0,0
09-MAY-2026,B474,0,0,0,0,0,0,0,0,0,0,1,0,0
09-MAY-2026,B475,0,0,0,0,0,0,0,0,0,0,1,0,0
09-MAY-2026,B615,0,0,0,0,0,0,0,0,0,0,1,0,0
09-MAY-2026,D000236,0,0,0,0,0,0,0,0,0,0,1,0,0
09-MAY-2026,D000480,0,0,0,0,0,0,0,0,0,0,1,0,0
09-MAY-2026,D000628,0,0,0,0,0,0,0,0,0,0,1,0,0
09-MAY-2026,D000978,0,0,0,0,0,0,0,0,0,0,1,0,0
09-MAY-2026,D233,7873811.84,0,7873811.84,637759,0,0,0,0,0,0,1,0,0
09-MAY-2026,D777,0,0,0,0,0,0,0,0,0,0,1,0,0
09-MAY-2026,G920,0,0,0,0,0,0,0,0,0,0,1,0,0
09-MAY-2026,H554,0,0,0,0,0,0,0,0,0,0,1,0,0
09-MAY-2026,H646,0,0,0,0,0,0,0,0,0,0,1,0,0
09-MAY-2026,I380,0,0,0,0,0,0,0,0,0,0,1,0,0
09-MAY-2026,J170,172830,0,172830,14402.5,0,0,0,0,0,0,1,0,0
09-MAY-2026,J233,7554633.1,0,7554633.1,662077.5,0,0,0,0,0,0,1,0,0
09-MAY-2026,J248,4527187.83,0,4527187.83,393714,0,0,0,0,0,0,1,0,0
09-MAY-2026,K579,0,0,0,0,0,0,0,0,0,0,1,0,0
09-MAY-2026,M000,0,0,0,0,0,0,0,0,0,0,1,0,0
09-MAY-2026,M013,0,0,0,0,0,0,0,0,0,0,1,0,0
09-MAY-2026,M215,0,0,0,0,0,0,0,0,0,0,1,0,0
09-MAY-2026,M365,4690332,0,4690332,390861,0,0,0,0,0,0,1,0,0
09-MAY-2026,M440,0,0,0,0,0,0,0,0,0,0,1,0,0
09-MAY-2026,M482,0,0,0,0,0,0,0,0,0,0,1,0,0
09-MAY-2026,N345,0,0,0,0,0,0,0,0,0,0,1,0,0
09-MAY-2026,P218,3842393,0,3842393,455388,0,0,0,0,0,0,1,0,0
09-MAY-2026,P727,342360,0,342360,28530,0,0,0,0,0,0,1,0,0
09-MAY-2026,P982,0,0,0,0,0,0,0,0,0,0,1,0,0
09-MAY-2026,R0014,0,0,0,0,0,0,0,0,0,0,1,0,0
09-MAY-2026,R173,0,0,0,0,0,0,0,0,0,0,1,0,0
09-MAY-2026,R435,0,0,0,0,0,0,0,0,0,0,1,0,0
09-MAY-2026,R642,0,0,0,0,0,0,0,0,0,0,1,0,0
09-MAY-2026,R982,0,0,0,0,0,0,0,0,0,0,1,0,0
09-MAY-2026,RM0111,0,0,0,0,0,0,0,0,0,0,1,0,0
09-MAY-2026,RM0162,0,0,0,0,0,0,0,0,0,0,1,0,0
09-MAY-2026,RM0165,0,0,0,0,0,0,0,0,0,0,1,0,0
09-MAY-2026,RM042,0,0,0,0,0,0,0,0,0,0,1,0,0
09-MAY-2026,RM046,0,0,0,0,0,0,0,0,0,0,1,0,0
09-MAY-2026,RM059,0,0,0,0,0,0,0,0,0,0,1,0,0
09-MAY-2026,RM075,0,0,0,0,0,0,0,0,0,0,1,0,0
09-MAY-2026,RM083,0,0,0,0,0,0,0,0,0,0,1,0,0
09-MAY-2026,RM1419,0,0,0,0,0,0,0,0,0,0,1,0,0
09-MAY-2026,S000,0,0,0,0,0,0,0,0,0,0,1,0,0
09-MAY-2026,S00038,0,0,0,0,0,0,0,0,0,0,1,0,0
09-MAY-2026,S444,0,0,0,0,0,0,0,0,0,0,1,0,0
09-MAY-2026,S482,0,0,0,0,0,0,0,0,0,0,1,0,0
09-MAY-2026,S61120,0,0,0,0,0,0,0,0,0,0,1,0,0
09-MAY-2026,S818,0,0,0,0,0,0,0,0,0,0,1,0,0
09-MAY-2026,S856,0,0,0,0,0,0,0,0,0,0,1,0,0
09-MAY-2026,SS01251,0,0,0,0,0,0,0,0,0,0,1,0,0
09-MAY-2026,SS01270,0,0,0,0,0,0,0,0,0,0,1,0,0
09-MAY-2026,SS01281,0,0,0,0,0,0,0,0,0,0,1,0,0
09-MAY-2026,SS01351,0,0,0,0,0,0,0,0,0,0,1,0,0
09-MAY-2026,SS01523,0,0,0,0,0,0,0,0,0,0,1,0,0
09-MAY-2026,SS0321,0,0,0,0,0,0,0,0,0,0,1,0,0
09-MAY-2026,SS0381,0,0,0,0,0,0,0,0,0,0,1,0,0
09-MAY-2026,SS0387,0,0,0,0,0,0,0,0,0,0,1,0,0
09-MAY-2026,SS0392,0,0,0,0,0,0,0,0,0,0,1,0,0
09-MAY-2026,SS0396,0,0,0,0,0,0,0,0,0,0,1,0,0
09-MAY-2026,SS0439,0,0,0,0,0,0,0,0,0,0,1,0,0
09-MAY-2026,SS0525,0,0,0,0,0,0,0,0,0,0,1,0,0
09-MAY-2026,SS0626,0,0,0,0,0,0,0,0,0,0,1,0,0
09-MAY-2026,SS0662,0,0,0,0,0,0,0,0,0,0,1,0,0
09-MAY-2026,SS0825,0,0,0,0,0,0,0,0,0,0,1,0,0
09-MAY-2026,SS1020,929986.01,0,929986.01,291600,0,0,0,0,0,0,1,0,0
09-MAY-2026,SS1105,0,0,0,0,0,0,0,0,0,0,1,0,0
09-MAY-2026,SS1109,0,0,0,0,0,0,0,0,0,0,1,0,0
09-MAY-2026,SS1131,0,0,0,0,0,0,0,0,0,0,1,0,0
09-MAY-2026,V069,0,0,0,0,0,0,0,0,0,0,1,0,0
09-MAY-2026,V222,0,0,0,0,0,0,0,0,0,0,1,0,0
09-MAY-2026,V840,547776,0,547776,45648,0,0,0,0,0,0,1,0,0
09-MAY-2026,Y229,0,0,0,0,0,0,0,0,0,0,1,0,0
