09-MAY-2026,04960,74088.00,0.00,74088.00,6174.00,C
09-MAY-2026,0520,721532.00,0.00,721532.00,78779.50,C
09-MAY-2026,1150,52664.00,0.00,52664.00,6583.00,C
09-MAY-2026,140013,40740.00,0.00,40740.00,3395.00,C
09-MAY-2026,15481,879329.66,0.00,879329.66,69225.00,C
09-MAY-2026,15973,5964202.08,0.00,5964202.08,463598.00,C
09-MAY-2026,15974,203700.00,0.00,203700.00,16975.00,C
09-MAY-2026,21626,1176944.00,0.00,1176944.00,121271.36,C
09-MAY-2026,22714,1099710.00,0.00,1099710.00,91642.50,C
09-MAY-2026,23993,1151564.00,0.00,1151564.00,122176.50,C
09-MAY-2026,25666,0.00,0.00,0.00,7800.00,C
09-MAY-2026,27881,442908.00,0.00,442908.00,36909.00,C
09-MAY-2026,38214,573848.00,0.00,573848.00,71731.00,C
09-MAY-2026,38282,366570.00,0.00,366570.00,30547.50,C
09-MAY-2026,38737,321344.00,0.00,321344.00,38741.50,C
09-MAY-2026,39905,2932560.00,0.00,2932560.00,244380.00,C
09-MAY-2026,43700,1128849.59,0.00,1128849.59,95078.00,C
09-MAY-2026,44830,4003272.69,0.00,4003272.69,319890.00,C
09-MAY-2026,60809,64755179.44,0.00,64755179.44,8176390.60,C
09-MAY-2026,65303,206736.00,0.00,206736.00,17228.00,C
09-MAY-2026,74940,3534305.38,0.00,3534305.38,290340.00,C
09-MAY-2026,74943,845520.00,0.00,845520.00,70460.00,C
09-MAY-2026,76553,1618417.57,0.00,1618417.57,133475.50,C
09-MAY-2026,76557,1095528.00,0.00,1095528.00,136941.00,C
09-MAY-2026,85326,42276.00,0.00,42276.00,3523.00,C
09-MAY-2026,95128,67640.74,0.00,67640.74,5325.00,C
09-MAY-2026,98715,1348364.00,0.00,1348364.00,146055.50,C
09-MAY-2026,BB0046,528204.00,0.00,528204.00,60319.50,C
09-MAY-2026,BB10040,68472.00,0.00,68472.00,5706.00,C
09-MAY-2026,BB10080,146628.00,0.00,146628.00,12219.00,C
09-MAY-2026,BP0027,73314.00,0.00,73314.00,6109.50,C
09-MAY-2026,DC10065,412452.00,0.00,412452.00,45771.00,C
09-MAY-2026,DH10013,1428120.00,0.00,1428120.00,119010.00,C
09-MAY-2026,DHS009,366570.00,0.00,366570.00,30547.50,C
09-MAY-2026,EUA001,7591696.91,0.00,7591696.91,1292679.50,C
09-MAY-2026,HO10163,257576.41,0.00,257576.41,60644.00,C
09-MAY-2026,HO10404,280427.39,0.00,280427.39,35948.00,C
09-MAY-2026,HO10430,4053310.30,0.00,4053310.30,736368.00,C
09-MAY-2026,HTS10002,99646.00,0.00,99646.00,9401.00,C
09-MAY-2026,HTS10006,87013.20,0.00,87013.20,5900.00,C
09-MAY-2026,MI10013,40740.00,0.00,40740.00,3395.00,C
09-MAY-2026,MP10007,586512.00,0.00,586512.00,48876.00,C
09-MAY-2026,MP10026,920865.59,0.00,920865.59,72685.50,C
09-MAY-2026,MP10032,146628.00,0.00,146628.00,12219.00,C
09-MAY-2026,MU0861,25556918.89,0.00,25556918.89,2097279.00,C
09-MAY-2026,NKL10082,470867.83,0.00,470867.83,37867.50,C
09-MAY-2026,NSS10006,34236.00,0.00,34236.00,2853.00,C
09-MAY-2026,PR10094,215760.00,0.00,215760.00,17980.00,C
09-MAY-2026,RA0023,440856.00,0.00,440856.00,36738.00,C
09-MAY-2026,RA0028,1270890.00,0.00,1270890.00,105907.50,C
09-MAY-2026,RB0010,1893863.57,0.00,1893863.57,216819.00,C
09-MAY-2026,RB10006,68472.00,0.00,68472.00,5706.00,C
09-MAY-2026,RB10033,68472.00,0.00,68472.00,5706.00,C
09-MAY-2026,SI0044,293256.00,0.00,293256.00,24438.00,C
09-MAY-2026,SVE015,73314.00,0.00,73314.00,6109.50,C
09-MAY-2026,UA0012,1291621.37,0.00,1291621.37,102024.00,C
09-MAY-2026,UA10003,6789812.04,0.00,6789812.04,1374792.00,C
09-MAY-2026,US10003,269880.00,0.00,269880.00,22490.00,C
09-MAY-2026,YT10007,52664.00,0.00,52664.00,6583.00,C
