09-MAY-2026,220K3X,941944.01,0.00,941944.01,75442.50,C
09-MAY-2026,220R2X,135281.49,0.00,135281.49,10650.00,C
09-MAY-2026,930R3X,9814320.00,0.00,9814320.00,817860.00,C
09-MAY-2026,93VL04,3095190.00,0.00,3095190.00,257932.50,C
09-MAY-2026,G34270,539760.00,0.00,539760.00,44980.00,C
09-MAY-2026,J34N3,2434249.72,0.00,2434249.72,204595.50,C
09-MAY-2026,J84A06,34236.00,0.00,34236.00,2853.00,C
09-MAY-2026,J84R101,291348.00,0.00,291348.00,24279.00,C
09-MAY-2026,JFPI01,68472.00,0.00,68472.00,5706.00,C
09-MAY-2026,JJ0U2X,4126920.00,0.00,4126920.00,343910.00,C
09-MAY-2026,JOIM25,547776.00,0.00,547776.00,50098.00,C
09-MAY-2026,JOSG15,608766.69,0.00,608766.69,47925.00,C
09-MAY-2026,KSA101,2175329.94,0.00,2175329.94,147500.00,C
09-MAY-2026,LNBS1X,233641.20,0.00,233641.20,18119.00,C
09-MAY-2026,M34A2,185188.35,0.00,185188.35,13965.00,C
09-MAY-2026,N2R1054,73314.00,0.00,73314.00,6109.50,C
09-MAY-2026,V61A217,1420455.60,0.00,1420455.60,111825.00,C
09-MAY-2026,V61A317,1303091.42,0.00,1303091.42,105755.00,C
09-MAY-2026,V96K4X,216978.00,0.00,216978.00,37781.50,C
09-MAY-2026,VDV83,68472.00,0.00,68472.00,5706.00,C
09-MAY-2026,VDV84,103368.00,0.00,103368.00,8614.00,C
09-MAY-2026,VDV97,68472.00,0.00,68472.00,5706.00,C
09-MAY-2026,VDVV1X,473485.20,0.00,473485.20,38975.00,C
09-MAY-2026,VLGS14,34566.00,0.00,34566.00,2880.50,C
09-MAY-2026,Y09017633,87013.20,0.00,87013.20,16200.00,C
09-MAY-2026,Y09018401,174026.40,0.00,174026.40,36800.00,C
09-MAY-2026,Y09033976,42276.00,0.00,42276.00,3523.00,C
09-MAY-2026,Y09042341,0.00,0.00,0.00,11200.00,C
09-MAY-2026,Y090N001,87013.20,0.00,87013.20,16300.00,C
09-MAY-2026,YBD149,577991.49,0.00,577991.49,47542.50,C
