09-MAY-2026,01275,0,0,0,0,0,0,0,0,0,0,2,0,0
09-MAY-2026,11507,0,0,0,0,0,0,0,0,0,0,1,0,0
09-MAY-2026,11714,0,0,0,0,0,0,0,0,0,0,1,0,0
09-MAY-2026,12200,0,0,0,0,0,0,0,0,0,0,1,0,0
09-MAY-2026,17498,0,0,0,0,0,0,0,0,0,0,1,0,0
09-MAY-2026,17889,0,0,0,0,0,0,0,0,0,0,1,0,0
09-MAY-2026,17944,0,0,0,0,0,0,0,0,0,0,1,0,0
09-MAY-2026,19042,0,0,0,0,0,0,0,0,0,0,1,0,0
09-MAY-2026,2002,0,0,0,0,0,0,0,0,0,0,1,0,0
09-MAY-2026,2012,0,0,0,0,0,0,0,0,0,0,1,0,0
09-MAY-2026,2013,148176,0,148176,12348,0,0,0,0,0,0,1,0,0
09-MAY-2026,26834,0,0,0,0,0,0,0,0,0,0,1,0,0
09-MAY-2026,3003,0,0,0,0,0,0,0,0,0,0,1,0,0
09-MAY-2026,3028,294525.45,0,294525.45,24195,0,0,0,0,0,0,1,0,0
09-MAY-2026,3044,0,0,0,0,0,0,0,0,0,0,1,0,0
09-MAY-2026,3051,0,0,0,0,0,0,0,0,0,0,1,0,0
09-MAY-2026,3053,0,0,0,0,0,0,0,0,0,0,1,0,0
09-MAY-2026,3068,4515570,0,4515570,408902.5,0,0,0,0,0,0,1,0,0
09-MAY-2026,30752,0,0,0,0,0,0,0,0,0,0,1,0,0
09-MAY-2026,31001,5564988.01,0,5564988.01,458429,0,0,0,0,0,0,1,0,0
09-MAY-2026,3126,0,0,0,0,0,0,0,0,0,0,1,0,0
09-MAY-2026,3146,0,0,0,0,0,0,0,0,0,0,1,0,0
09-MAY-2026,3161,70122,0,70122,22934,0,0,0,0,0,0,1,0,0
09-MAY-2026,32360,71406,0,71406,5950.5,0,0,0,0,0,0,1,0,0
09-MAY-2026,3241,34236,0,34236,2853,0,0,0,0,0,0,1,0,0
09-MAY-2026,3312,148176,0,148176,12348,0,0,0,0,0,0,1,0,0
09-MAY-2026,3320,0,0,0,0,0,0,0,0,0,0,1,0,0
09-MAY-2026,3482,3660361.24,0,3660361.24,471112,0,0,0,0,0,0,1,0,0
09-MAY-2026,3505,14426391.16,0,14426391.16,1180640,0,0,0,0,0,0,1,0,0
09-MAY-2026,3565,0,0,0,0,0,0,0,0,0,0,1,0,0
09-MAY-2026,3588,0,0,0,0,0,0,0,0,0,0,1,0,0
09-MAY-2026,3620,0,0,0,0,0,0,0,0,0,0,1,0,0
09-MAY-2026,4232,3626632.46,0,3626632.46,411505,0,0,0,0,0,0,1,0,0
09-MAY-2026,4238,12028186.28,0,12028186.28,1381330,0,0,0,0,0,0,1,0,0
09-MAY-2026,4247,0,0,0,0,0,0,0,0,0,0,1,0,0
09-MAY-2026,4302,809438,0,809438,84935.5,0,0,0,0,0,0,1,0,0
09-MAY-2026,4391,0,0,0,0,0,0,0,0,0,0,1,0,0
09-MAY-2026,4560,0,0,0,0,0,0,0,0,0,0,1,0,0
09-MAY-2026,4591,726452,0,726452,64885,0,0,0,0,0,0,1,0,0
09-MAY-2026,4592,0,0,0,0,0,0,0,0,0,0,1,0,0
09-MAY-2026,4731,0,0,0,0,0,0,0,0,0,0,1,0,0
09-MAY-2026,4739,1844748,0,1844748,153729,0,0,0,0,0,0,1,0,0
09-MAY-2026,4741,2500988,0,2500988,269857,0,0,0,0,0,0,1,0,0
09-MAY-2026,4743,0,0,0,0,0,0,0,0,0,0,1,0,0
09-MAY-2026,4760,461736,0,461736,38478,0,0,0,0,0,0,1,0,0
09-MAY-2026,4766,34236,0,34236,2853,0,0,0,0,0,0,1,0,0
09-MAY-2026,4770,294525.45,0,294525.45,24195,0,0,0,0,0,0,1,0,0
09-MAY-2026,4773,0,0,0,0,0,0,0,0,0,0,1,0,0
09-MAY-2026,5201,3792267.6,0,3792267.6,322107,0,0,0,0,0,0,1,0,0
09-MAY-2026,5330,0,0,0,0,0,0,0,0,0,0,1,0,0
09-MAY-2026,6641,0,0,0,0,0,0,0,0,0,0,1,0,0
09-MAY-2026,6679,0,0,0,0,0,0,0,0,0,0,1,0,0
09-MAY-2026,6763,0,0,0,0,0,0,0,0,0,0,1,0,0
09-MAY-2026,7161,390516,0,390516,68594.5,0,0,0,0,0,0,1,0,0
09-MAY-2026,7225,0,0,0,0,0,0,0,0,0,0,1,0,0
09-MAY-2026,7260,33310113.97,0,33310113.97,2970331,0,0,0,0,0,0,1,0,0
09-MAY-2026,7625,0,0,0,0,0,0,0,0,0,0,1,0,0
09-MAY-2026,7627,8609620,0,8609620,1002888.5,0,0,0,0,0,0,1,0,0
09-MAY-2026,7666,0,0,0,0,0,0,0,0,0,0,1,0,0
09-MAY-2026,7691,0,0,0,0,0,0,0,0,0,0,1,0,0
09-MAY-2026,7693,1222200,0,1222200,101850,0,0,0,0,0,0,1,0,0
09-MAY-2026,7694,1644960,0,1644960,137080,0,0,0,0,0,0,1,0,0
09-MAY-2026,7801,0,0,0,0,0,0,0,0,0,0,1,0,0
