09-MAY-2026,AJ810,1345702.37,0.00,1345702.37,106623.50,C
09-MAY-2026,AU27,1349400.00,0.00,1349400.00,112450.00,C
09-MAY-2026,B1001,309277.20,0.00,309277.20,68922.00,C
09-MAY-2026,B1408,73314.00,0.00,73314.00,6109.50,C
09-MAY-2026,B1619,71406.00,0.00,71406.00,5950.50,C
09-MAY-2026,B1652,174026.40,0.00,174026.40,11800.00,C
09-MAY-2026,B1786,73314.00,0.00,73314.00,6109.50,C
09-MAY-2026,B1825,174026.40,0.00,174026.40,11800.00,C
09-MAY-2026,B5241,146628.00,0.00,146628.00,12219.00,C
09-MAY-2026,B5258,174325.80,0.00,174325.80,20809.00,C
09-MAY-2026,B7643,355223.49,0.00,355223.49,28978.50,C
09-MAY-2026,BF31,13176.22,4850.00,18026.22,5900.00,C
09-MAY-2026,FPO002,157104.00,0.00,157104.00,13092.00,C
09-MAY-2026,FPO019,60311.31,0.00,60311.31,6113.50,C
09-MAY-2026,FPO052,74088.00,0.00,74088.00,6174.00,C
09-MAY-2026,IND04173,98175.15,0.00,98175.15,8065.00,C
09-MAY-2026,IS0744,2293980.00,0.00,2293980.00,191165.00,C
09-MAY-2026,IS11453,253656.00,0.00,253656.00,33138.00,C
09-MAY-2026,IS18119,271884.00,0.00,271884.00,22657.00,C
09-MAY-2026,IS5050,0.00,0.00,0.00,1650.00,C
09-MAY-2026,IS7334,214872.00,0.00,214872.00,17906.00,C
09-MAY-2026,IS8418,185166.00,0.00,185166.00,15530.50,C
09-MAY-2026,ISP1300,1016058.00,0.00,1016058.00,84671.50,C
09-MAY-2026,ISPL2538,845520.00,0.00,845520.00,70460.00,C
09-MAY-2026,ISPL2587,74088.00,0.00,74088.00,6174.00,C
09-MAY-2026,J99,22275796.75,0.00,22275796.75,3606402.00,C
09-MAY-2026,LY54,1848693.95,0.00,1848693.95,593975.06,C
09-MAY-2026,PA5009,219942.00,0.00,219942.00,18328.50,C
09-MAY-2026,PAS2602,169176.00,0.00,169176.00,14098.00,C
09-MAY-2026,RB13,81480.00,0.00,81480.00,6790.00,C
09-MAY-2026,SS580,411098.00,0.00,411098.00,36452.50,C
09-MAY-2026,SS582,294409.20,0.00,294409.20,23183.00,C
09-MAY-2026,SS614,71406.00,0.00,71406.00,5950.50,C
09-MAY-2026,TF01,1043808.00,0.00,1043808.00,86984.00,C
09-MAY-2026,XA95,74088.00,0.00,74088.00,6174.00,C
09-MAY-2026,XS00707,148176.00,0.00,148176.00,12348.00,C
09-MAY-2026,Y51,945772.80,0.00,945772.80,342030.00,C
