09-MAY-2026,10563,11121024.69,0.00,11121024.69,896823.50,C
09-MAY-2026,3919,34566.00,0.00,34566.00,2880.50,C
09-MAY-2026,7885,168709.80,0.00,168709.80,14641.00,C
09-MAY-2026,A124059,73314.00,0.00,73314.00,6109.50,C
09-MAY-2026,A684673,142812.00,0.00,142812.00,11901.00,C
09-MAY-2026,A78754,40740.00,0.00,40740.00,3395.00,C
09-MAY-2026,A810232,338203.72,0.00,338203.72,26625.00,C
09-MAY-2026,A82744,4710789.67,0.00,4710789.67,368666.00,C
09-MAY-2026,A82747,4777188.00,0.00,4777188.00,398099.00,C
09-MAY-2026,A82748,3931668.00,0.00,3931668.00,327639.00,C
09-MAY-2026,A82749,42276.00,0.00,42276.00,3523.00,C
09-MAY-2026,A84505,1688868.15,0.00,1688868.15,132965.00,C
09-MAY-2026,A84510,646327.29,0.00,646327.29,53019.00,C
09-MAY-2026,A84513,1448032.79,0.00,1448032.79,139565.00,C
09-MAY-2026,A84515,80511.15,0.00,80511.15,7046.00,C
09-MAY-2026,A84522,232092.00,0.00,232092.00,19341.00,C
09-MAY-2026,A84525,69132.00,0.00,69132.00,5761.00,C
09-MAY-2026,A917131,0.00,0.00,0.00,38300.00,C
09-MAY-2026,A917235,151092.00,0.00,151092.00,12591.00,C
09-MAY-2026,A917236,2486595.59,0.00,2486595.59,203163.00,C
09-MAY-2026,A91771,67167.43,0.00,67167.43,5325.00,C
09-MAY-2026,A91777,1740236.20,0.00,1740236.20,212960.00,C
09-MAY-2026,A91780,1176038.04,0.00,1176038.04,85324.00,C
09-MAY-2026,A98495,1309346.04,0.00,1309346.04,96433.00,C
09-MAY-2026,B1039103,237432.00,0.00,237432.00,25468.00,C
09-MAY-2026,B103915,2528215.35,0.00,2528215.35,293984.00,C
09-MAY-2026,B10715,204807.99,0.00,204807.99,16847.00,C
09-MAY-2026,B15601,320654.40,0.00,320654.40,24019.00,C
09-MAY-2026,B17281,199318.84,0.00,199318.84,5860.00,C
09-MAY-2026,B231161,253656.00,0.00,253656.00,21138.00,C
09-MAY-2026,B28919,67470.00,0.00,67470.00,5622.50,C
09-MAY-2026,B33111,341496.00,0.00,341496.00,69621.43,C
09-MAY-2026,B36292,146628.00,0.00,146628.00,12219.00,C
09-MAY-2026,B45228,0.00,0.00,0.00,300.00,C
09-MAY-2026,B45307,205416.00,0.00,205416.00,17118.00,C
09-MAY-2026,B46402,0.00,0.00,0.00,2500.00,C
09-MAY-2026,B46403,219942.00,0.00,219942.00,18328.50,C
