09-MAY-2026,01268,0,0,0,0,0,0,0,0,0,0,2,0,0
09-MAY-2026,52L104,0,0,0,0,0,0,0,0,0,0,1,0,0
09-MAY-2026,52L325,0,0,0,0,0,0,0,0,0,0,1,0,0
09-MAY-2026,A1100001,845520,0,845520,70460,0,0,0,0,0,0,1,0,0
09-MAY-2026,A1100009,73314,0,73314,6109.5,0,0,0,0,0,0,1,0,0
09-MAY-2026,A1100010,0,0,0,0,0,0,0,0,0,0,1,0,0
09-MAY-2026,A1100013,0,0,0,0,0,0,0,0,0,0,1,0,0
09-MAY-2026,A1100018,0,0,0,0,0,0,0,0,0,0,1,0,0
09-MAY-2026,A1100020,0,0,0,0,0,0,0,0,0,0,1,0,0
09-MAY-2026,A1100035,0,0,0,0,0,0,0,0,0,0,1,0,0
09-MAY-2026,A1100038,0,0,0,0,0,0,0,0,0,0,1,0,0
09-MAY-2026,A1100040,0,0,0,0,0,0,0,0,0,0,1,0,0
09-MAY-2026,A1100042,126828,0,126828,10569,0,0,0,0,0,0,1,0,0
09-MAY-2026,A1100043,0,0,0,0,0,0,0,0,0,0,1,0,0
09-MAY-2026,A1100050,0,0,0,0,0,0,0,0,0,0,1,0,0
09-MAY-2026,A1100051,0,0,0,0,0,0,0,0,0,0,1,0,0
09-MAY-2026,A1100052,0,0,0,0,0,0,0,0,0,0,1,0,0
09-MAY-2026,A1130212,0,0,0,0,0,0,0,0,0,0,1,0,0
09-MAY-2026,A1131198,0,0,0,0,0,0,0,0,0,0,1,0,0
09-MAY-2026,A1560027,0,0,0,0,0,0,0,0,0,0,1,0,0
09-MAY-2026,A1660103,0,0,0,0,0,0,0,0,0,0,1,0,0
09-MAY-2026,A1720100,0,0,0,0,0,0,0,0,0,0,1,0,0
09-MAY-2026,A1760020,0,0,0,0,0,0,0,0,0,0,1,0,0
09-MAY-2026,A1940009,0,0,0,0,0,0,0,0,0,0,1,0,0
09-MAY-2026,A1970078,0,0,0,0,0,0,0,0,0,0,1,0,0
09-MAY-2026,A1980907,0,0,0,0,0,0,0,0,0,0,1,0,0
09-MAY-2026,A1981790,0,0,0,0,0,0,0,0,0,0,1,0,0
09-MAY-2026,A1985166,0,0,0,0,0,0,0,0,0,0,1,0,0
09-MAY-2026,A2790009,0,0,0,0,0,0,0,0,0,0,1,0,0
09-MAY-2026,A2790146,0,0,0,0,0,0,0,0,0,0,1,0,0
09-MAY-2026,A2790218,0,0,0,0,0,0,0,0,0,0,1,0,0
09-MAY-2026,A2940043,0,0,0,0,0,0,0,0,0,0,1,0,0
09-MAY-2026,A2940401,0,0,0,0,0,0,0,0,0,0,1,0,0
09-MAY-2026,A3040146,0,0,0,0,0,0,0,0,0,0,1,0,0
09-MAY-2026,A3060028,0,0,0,0,0,0,0,0,0,0,1,0,0
09-MAY-2026,A3210120,0,0,0,0,0,0,0,0,0,0,1,0,0
09-MAY-2026,A3690010,0,0,0,0,0,0,0,0,0,0,1,0,0
09-MAY-2026,A3690029,0,0,0,0,0,0,0,0,0,0,1,0,0
09-MAY-2026,A3820215,0,0,0,0,0,0,0,0,0,0,1,0,0
09-MAY-2026,A3820266,83016,0,83016,6918,0,0,0,0,0,0,1,0,0
09-MAY-2026,A3920010,0,0,0,0,0,0,0,0,0,0,1,0,0
09-MAY-2026,A4700001,0,0,0,0,0,0,0,0,0,0,1,0,0
09-MAY-2026,A4930003,0,0,0,0,0,0,0,0,0,0,1,0,0
09-MAY-2026,A5020011,0,0,0,0,0,0,0,0,0,0,1,0,0
09-MAY-2026,A5020037,0,0,0,0,0,0,0,0,0,0,1,0,0
09-MAY-2026,A5400002,0,0,0,0,0,0,0,0,0,0,1,0,0
09-MAY-2026,A5820050,348052.79,0,348052.79,23600,0,0,0,0,0,0,1,0,0
09-MAY-2026,A7800212,0,0,0,0,0,0,0,0,0,0,1,0,0
09-MAY-2026,A7800716,0,0,0,0,0,0,0,0,0,0,1,0,0
09-MAY-2026,A9200030,0,0,0,0,0,0,0,0,0,0,1,0,0
09-MAY-2026,A9200083,0,0,0,0,0,0,0,0,0,0,1,0,0
09-MAY-2026,ADD123,0,0,0,0,0,0,0,0,0,0,1,0,0
09-MAY-2026,ADR237,0,0,0,0,0,0,0,0,0,0,1,0,0
09-MAY-2026,ALA054,0,0,0,0,0,0,0,0,0,0,1,0,0
09-MAY-2026,ALB059,0,0,0,0,0,0,0,0,0,0,1,0,0
09-MAY-2026,ALK100,0,0,0,0,0,0,0,0,0,0,1,0,0
09-MAY-2026,ALN044,0,0,0,0,0,0,0,0,0,0,1,0,0
09-MAY-2026,AMP227,0,0,0,0,0,0,0,0,0,0,1,0,0
09-MAY-2026,ANA070,0,0,0,0,0,0,0,0,0,0,1,0,0
09-MAY-2026,AND0295,0,0,0,0,0,0,0,0,0,0,1,0,0
09-MAY-2026,AVR147,0,0,0,0,0,0,0,0,0,0,1,0,0
09-MAY-2026,B003740,0,0,0,0,0,0,0,0,0,0,1,0,0
09-MAY-2026,B004264,0,0,0,0,0,0,0,0,0,0,1,0,0
09-MAY-2026,B004470,0,0,0,0,0,0,0,0,0,0,1,0,0
09-MAY-2026,B004489,0,0,0,0,0,0,0,0,0,0,1,0,0
09-MAY-2026,B004525,0,0,0,0,0,0,0,0,0,0,1,0,0
09-MAY-2026,B031175,0,0,0,0,0,0,0,0,0,0,1,0,0
09-MAY-2026,B032095,0,0,0,0,0,0,0,0,0,0,1,0,0
09-MAY-2026,B032637,0,0,0,0,0,0,0,0,0,0,1,0,0
09-MAY-2026,B032894,0,0,0,0,0,0,0,0,0,0,1,0,0
09-MAY-2026,B033372,0,0,0,0,0,0,0,0,0,0,1,0,0
09-MAY-2026,B033483,0,0,0,0,0,0,0,0,0,0,1,0,0
09-MAY-2026,B033566,0,0,0,0,0,0,0,0,0,0,1,0,0
09-MAY-2026,B033628,0,0,0,0,0,0,0,0,0,0,1,0,0
09-MAY-2026,B033785,0,0,0,0,0,0,0,0,0,0,1,0,0
09-MAY-2026,B034028,0,0,0,0,0,0,0,0,0,0,1,0,0
09-MAY-2026,B0500682,0,0,0,0,0,0,0,0,0,0,1,0,0
09-MAY-2026,B0800018,0,0,0,0,0,0,0,0,0,0,1,0,0
09-MAY-2026,B0800127,0,0,0,0,0,0,0,0,0,0,1,0,0
09-MAY-2026,B0800364,0,0,0,0,0,0,0,0,0,0,1,0,0
09-MAY-2026,B0802185,0,0,0,0,0,0,0,0,0,0,1,0,0
09-MAY-2026,B0802191,0,0,0,0,0,0,0,0,0,0,1,0,0
09-MAY-2026,B0802218,0,0,0,0,0,0,0,0,0,0,1,0,0
09-MAY-2026,B0802223,277578,0,277578,23131.5,0,0,0,0,0,0,1,0,0
09-MAY-2026,B0802252,0,0,0,0,0,0,0,0,0,0,1,0,0
09-MAY-2026,B1110134,0,0,0,0,0,0,0,0,0,0,1,0,0
09-MAY-2026,B1110684,0,0,0,0,0,0,0,0,0,0,1,0,0
09-MAY-2026,B1400092,0,0,0,0,0,0,0,0,0,0,1,0,0
09-MAY-2026,B1500514,0,0,0,0,0,0,0,0,0,0,1,0,0
09-MAY-2026,B1701229,0,0,0,0,0,0,0,0,0,0,1,0,0
09-MAY-2026,B1701283,0,0,0,0,0,0,0,0,0,0,1,0,0
09-MAY-2026,B1701463,0,0,0,0,0,0,0,0,0,0,1,0,0
09-MAY-2026,B1800298,0,0,0,0,0,0,0,0,0,0,1,0,0
09-MAY-2026,B1800327,0,0,0,0,0,0,0,0,0,0,1,0,0
09-MAY-2026,B1800329,0,0,0,0,0,0,0,0,0,0,1,0,0
09-MAY-2026,B1802896,0,0,0,0,0,0,0,0,0,0,1,0,0
09-MAY-2026,B1900247,0,0,0,0,0,0,0,0,0,0,1,0,0
09-MAY-2026,B2700009,1620133.72,0,1620133.72,133452.5,0,0,0,0,0,0,1,0,0
09-MAY-2026,BAS004,0,0,0,0,0,0,0,0,0,0,1,0,0
09-MAY-2026,BD001748,0,0,0,0,0,0,0,0,0,0,1,0,0
09-MAY-2026,BD002281,0,0,0,0,0,0,0,0,0,0,1,0,0
09-MAY-2026,BD003695,0,0,0,0,0,0,0,0,0,0,1,0,0
09-MAY-2026,BD004444,0,0,0,0,0,0,0,0,0,0,1,0,0
09-MAY-2026,BD008035,0,0,0,0,0,0,0,0,0,0,1,0,0
09-MAY-2026,BD009768,0,0,0,0,0,0,0,0,0,0,1,0,0
09-MAY-2026,BDJ242,0,0,0,0,0,0,0,0,0,0,1,0,0
09-MAY-2026,BHL1023,0,0,0,0,0,0,0,0,0,0,1,0,0
09-MAY-2026,BHL1253,0,0,0,0,0,0,0,0,0,0,1,0,0
09-MAY-2026,BHL2126,0,0,0,0,0,0,0,0,0,0,1,0,0
09-MAY-2026,BHL216,0,0,0,0,0,0,0,0,0,0,1,0,0
09-MAY-2026,BHL2234,0,0,0,0,0,0,0,0,0,0,1,0,0
09-MAY-2026,BHL3008,0,0,0,0,0,0,0,0,0,0,1,0,0
09-MAY-2026,BHL3028,71406,0,71406,5950.5,0,0,0,0,0,0,1,0,0
09-MAY-2026,BHL387,0,0,0,0,0,0,0,0,0,0,1,0,0
09-MAY-2026,BHL625,0,0,0,0,0,0,0,0,0,0,1,0,0
09-MAY-2026,BHO039,0,0,0,0,0,0,0,0,0,0,1,0,0
09-MAY-2026,BHVB030,0,0,0,0,0,0,0,0,0,0,1,0,0
09-MAY-2026,BHVR211,0,0,0,0,0,0,0,0,0,0,1,0,0
09-MAY-2026,BLM091,0,0,0,0,0,0,0,0,0,0,1,0,0
09-MAY-2026,BLM555,0,0,0,0,0,0,0,0,0,0,1,0,0
09-MAY-2026,BLM556,0,0,0,0,0,0,0,0,0,0,1,0,0
09-MAY-2026,BLT317,0,0,0,0,0,0,0,0,0,0,1,0,0
09-MAY-2026,BPL403,0,0,0,0,0,0,0,0,0,0,1,0,0
09-MAY-2026,BS46,0,0,0,0,0,0,0,0,0,0,1,0,0
09-MAY-2026,C1140093,0,0,0,0,0,0,0,0,0,0,1,0,0
09-MAY-2026,C1950077,0,0,0,0,0,0,0,0,0,0,1,0,0
09-MAY-2026,C1980036,0,0,0,0,0,0,0,0,0,0,1,0,0
09-MAY-2026,C2040021,0,0,0,0,0,0,0,0,0,0,1,0,0
09-MAY-2026,C3060016,0,0,0,0,0,0,0,0,0,0,1,0,0
09-MAY-2026,C3130012,0,0,0,0,0,0,0,0,0,0,1,0,0
09-MAY-2026,C3820204,0,0,0,0,0,0,0,0,0,0,1,0,0
09-MAY-2026,C4390130,0,0,0,0,0,0,0,0,0,0,1,0,0
09-MAY-2026,C4880005,0,0,0,0,0,0,0,0,0,0,1,0,0
09-MAY-2026,C5180005,0,0,0,0,0,0,0,0,0,0,1,0,0
09-MAY-2026,C5480003,0,0,0,0,0,0,0,0,0,0,1,0,0
09-MAY-2026,C8780005,0,0,0,0,0,0,0,0,0,0,1,0,0
09-MAY-2026,C9230061,0,0,0,0,0,0,0,0,0,0,1,0,0
09-MAY-2026,C9540052,0,0,0,0,0,0,0,0,0,0,1,0,0
09-MAY-2026,CD000655,0,0,0,0,0,0,0,0,0,0,1,0,0
09-MAY-2026,CHA2840,0,0,0,0,0,0,0,0,0,0,1,0,0
09-MAY-2026,CHA2879,142446,0,142446,11870.5,0,0,0,0,0,0,1,0,0
09-MAY-2026,CHA3854,0,0,0,0,0,0,0,0,0,0,1,0,0
09-MAY-2026,CHA3914,0,0,0,0,0,0,0,0,0,0,1,0,0
09-MAY-2026,CHA3938,0,0,0,0,0,0,0,0,0,0,1,0,0
09-MAY-2026,CHA4012,0,0,0,0,0,0,0,0,0,0,1,0,0
09-MAY-2026,CHA4113,0,0,0,0,0,0,0,0,0,0,1,0,0
09-MAY-2026,CHA4144,0,0,0,0,0,0,0,0,0,0,1,0,0
09-MAY-2026,CHA4699,0,0,0,0,0,0,0,0,0,0,1,0,0
09-MAY-2026,CHA5293,0,0,0,0,0,0,0,0,0,0,1,0,0
09-MAY-2026,CHA7225,0,0,0,0,0,0,0,0,0,0,1,0,0
09-MAY-2026,CHD00212,0,0,0,0,0,0,0,0,0,0,1,0,0
09-MAY-2026,CLN003,0,0,0,0,0,0,0,0,0,0,1,0,0
09-MAY-2026,CLS777,0,0,0,0,0,0,0,0,0,0,1,0,0
09-MAY-2026,CNN043,0,0,0,0,0,0,0,0,0,0,1,0,0
09-MAY-2026,CNN570,0,0,0,0,0,0,0,0,0,0,1,0,0
09-MAY-2026,CP020015,0,0,0,0,0,0,0,0,0,0,1,0,0
09-MAY-2026,CSJK008,0,0,0,0,0,0,0,0,0,0,1,0,0
09-MAY-2026,CSR027,0,0,0,0,0,0,0,0,0,0,1,0,0
09-MAY-2026,D0041880,0,0,0,0,0,0,0,0,0,0,1,0,0
09-MAY-2026,D0044037,0,0,0,0,0,0,0,0,0,0,1,0,0
09-MAY-2026,D0044431,0,0,0,0,0,0,0,0,0,0,1,0,0
09-MAY-2026,D0044903,0,0,0,0,0,0,0,0,0,0,1,0,0
09-MAY-2026,D009738,0,0,0,0,0,0,0,0,0,0,1,0,0
09-MAY-2026,D0100024,0,0,0,0,0,0,0,0,0,0,1,0,0
09-MAY-2026,D0100192,0,0,0,0,0,0,0,0,0,0,1,0,0
09-MAY-2026,D0100907,0,0,0,0,0,0,0,0,0,0,1,0,0
09-MAY-2026,D0101465,0,0,0,0,0,0,0,0,0,0,1,0,0
09-MAY-2026,D0101675,0,0,0,0,0,0,0,0,0,0,1,0,0
09-MAY-2026,D0102148,0,0,0,0,0,0,0,0,0,0,1,0,0
09-MAY-2026,D0102569,0,0,0,0,0,0,0,0,0,0,1,0,0
09-MAY-2026,D0102588,0,0,0,0,0,0,0,0,0,0,1,0,0
09-MAY-2026,D012348,0,0,0,0,0,0,0,0,0,0,1,0,0
09-MAY-2026,D0151446,0,0,0,0,0,0,0,0,0,0,1,0,0
09-MAY-2026,D0152435,0,0,0,0,0,0,0,0,0,0,1,0,0
09-MAY-2026,D0152492,0,0,0,0,0,0,0,0,0,0,1,0,0
09-MAY-2026,D0152505,0,0,0,0,0,0,0,0,0,0,1,0,0
09-MAY-2026,D0152591,0,0,0,0,0,0,0,0,0,0,1,0,0
09-MAY-2026,D0152686,0,0,0,0,0,0,0,0,0,0,1,0,0
09-MAY-2026,D0152757,0,0,0,0,0,0,0,0,0,0,1,0,0
09-MAY-2026,D0152778,0,0,0,0,0,0,0,0,0,0,1,0,0
09-MAY-2026,D016341,0,0,0,0,0,0,0,0,0,0,1,0,0
09-MAY-2026,D0220073,0,0,0,0,0,0,0,0,0,0,1,0,0
09-MAY-2026,D0250194,0,0,0,0,0,0,0,0,0,0,1,0,0
09-MAY-2026,D0250275,0,0,0,0,0,0,0,0,0,0,1,0,0
09-MAY-2026,D0251349,0,0,0,0,0,0,0,0,0,0,1,0,0
09-MAY-2026,D0251775,65974.03,0,65974.03,6109.5,0,0,0,0,0,0,1,0,0
09-MAY-2026,D0252717,0,0,0,0,0,0,0,0,0,0,1,0,0
09-MAY-2026,D0253151,2505945.03,0,2505945.03,203375,0,0,0,0,0,0,1,0,0
09-MAY-2026,D0253237,0,0,0,0,0,0,0,0,0,0,1,0,0
09-MAY-2026,D0253501,0,0,0,0,0,0,0,0,0,0,1,0,0
09-MAY-2026,D0253582,0,0,0,0,0,0,0,0,0,0,1,0,0
09-MAY-2026,D0254043,0,0,0,0,0,0,0,0,0,0,1,0,0
09-MAY-2026,D0254136,0,0,0,0,0,0,0,0,0,0,1,0,0
09-MAY-2026,D0254142,0,0,0,0,0,0,0,0,0,0,1,0,0
09-MAY-2026,D0254148,0,0,0,0,0,0,0,0,0,0,1,0,0
09-MAY-2026,D0254305,0,0,0,0,0,0,0,0,0,0,1,0,0
09-MAY-2026,D0255012,0,0,0,0,0,0,0,0,0,0,1,0,0
09-MAY-2026,D0255053,0,0,0,0,0,0,0,0,0,0,1,0,0
09-MAY-2026,D0255143,0,0,0,0,0,0,0,0,0,0,1,0,0
09-MAY-2026,D0255240,0,0,0,0,0,0,0,0,0,0,1,0,0
09-MAY-2026,D0255241,0,0,0,0,0,0,0,0,0,0,1,0,0
09-MAY-2026,D0255242,0,0,0,0,0,0,0,0,0,0,1,0,0
09-MAY-2026,D0255243,0,0,0,0,0,0,0,0,0,0,1,0,0
09-MAY-2026,D0255515,0,0,0,0,0,0,0,0,0,0,1,0,0
09-MAY-2026,D0321158,0,0,0,0,0,0,0,0,0,0,1,0,0
09-MAY-2026,D0321471,0,0,0,0,0,0,0,0,0,0,1,0,0
09-MAY-2026,D0321543,0,0,0,0,0,0,0,0,0,0,1,0,0
09-MAY-2026,D0321555,0,0,0,0,0,0,0,0,0,0,1,0,0
09-MAY-2026,D0321622,0,0,0,0,0,0,0,0,0,0,1,0,0
09-MAY-2026,D0321704,0,0,0,0,0,0,0,0,0,0,1,0,0
09-MAY-2026,D0350349,0,0,0,0,0,0,0,0,0,0,1,0,0
09-MAY-2026,D0350919,0,0,0,0,0,0,0,0,0,0,1,0,0
09-MAY-2026,D0351442,0,0,0,0,0,0,0,0,0,0,1,0,0
09-MAY-2026,D0352464,293256,0,293256,24438,0,0,0,0,0,0,1,0,0
09-MAY-2026,D0352760,0,0,0,0,0,0,0,0,0,0,1,0,0
09-MAY-2026,D0354104,0,0,0,0,0,0,0,0,0,0,1,0,0
09-MAY-2026,D0354446,0,0,0,0,0,0,0,0,0,0,1,0,0
09-MAY-2026,D0354519,0,0,0,0,0,0,0,0,0,0,1,0,0
09-MAY-2026,D0520334,0,0,0,0,0,0,0,0,0,0,1,0,0
09-MAY-2026,D0520357,0,0,0,0,0,0,0,0,0,0,1,0,0
09-MAY-2026,D0520434,0,0,0,0,0,0,0,0,0,0,1,0,0
09-MAY-2026,D0520543,0,0,0,0,0,0,0,0,0,0,1,0,0
09-MAY-2026,D0520863,0,0,0,0,0,0,0,0,0,0,1,0,0
09-MAY-2026,D0520916,0,0,0,0,0,0,0,0,0,0,1,0,0
09-MAY-2026,D0521006,0,0,0,0,0,0,0,0,0,0,1,0,0
09-MAY-2026,D0521072,0,0,0,0,0,0,0,0,0,0,1,0,0
09-MAY-2026,D0521081,0,0,0,0,0,0,0,0,0,0,1,0,0
09-MAY-2026,D0521105,0,0,0,0,0,0,0,0,0,0,1,0,0
09-MAY-2026,D0521113,0,0,0,0,0,0,0,0,0,0,1,0,0
09-MAY-2026,D0521129,0,0,0,0,0,0,0,0,0,0,1,0,0
09-MAY-2026,D0521135,0,0,0,0,0,0,0,0,0,0,1,0,0
09-MAY-2026,D0521141,0,0,0,0,0,0,0,0,0,0,1,0,0
09-MAY-2026,D0521144,0,0,0,0,0,0,0,0,0,0,1,0,0
09-MAY-2026,D0521160,0,0,0,0,0,0,0,0,0,0,1,0,0
09-MAY-2026,D0521210,0,0,0,0,0,0,0,0,0,0,1,0,0
09-MAY-2026,D0521242,0,0,0,0,0,0,0,0,0,0,1,0,0
09-MAY-2026,D0550262,0,0,0,0,0,0,0,0,0,0,1,0,0
09-MAY-2026,D0550929,0,0,0,0,0,0,0,0,0,0,1,0,0
09-MAY-2026,D0551101,0,0,0,0,0,0,0,0,0,0,1,0,0
09-MAY-2026,D0551238,0,0,0,0,0,0,0,0,0,0,1,0,0
09-MAY-2026,D0551262,0,0,0,0,0,0,0,0,0,0,1,0,0
09-MAY-2026,D0551268,0,0,0,0,0,0,0,0,0,0,1,0,0
09-MAY-2026,D0551269,0,0,0,0,0,0,0,0,0,0,1,0,0
09-MAY-2026,D0551270,0,0,0,0,0,0,0,0,0,0,1,0,0
09-MAY-2026,D0551278,0,0,0,0,0,0,0,0,0,0,1,0,0
09-MAY-2026,D0551286,0,0,0,0,0,0,0,0,0,0,1,0,0
09-MAY-2026,D1060038,0,0,0,0,0,0,0,0,0,0,1,0,0
09-MAY-2026,D1200277,0,0,0,0,0,0,0,0,0,0,1,0,0
09-MAY-2026,D1202281,0,0,0,0,0,0,0,0,0,0,1,0,0
09-MAY-2026,D1260074,0,0,0,0,0,0,0,0,0,0,1,0,0
09-MAY-2026,D1260088,0,0,0,0,0,0,0,0,0,0,1,0,0
09-MAY-2026,D1260100,0,0,0,0,0,0,0,0,0,0,1,0,0
09-MAY-2026,D1450002,0,0,0,0,0,0,0,0,0,0,1,0,0
09-MAY-2026,D1450030,0,0,0,0,0,0,0,0,0,0,1,0,0
09-MAY-2026,D1610039,0,0,0,0,0,0,0,0,0,0,1,0,0
09-MAY-2026,D1750094,0,0,0,0,0,0,0,0,0,0,1,0,0
09-MAY-2026,D2010002,0,0,0,0,0,0,0,0,0,0,1,0,0
09-MAY-2026,D22232,0,0,0,0,0,0,0,0,0,0,1,0,0
09-MAY-2026,D3390005,0,0,0,0,0,0,0,0,0,0,1,0,0
09-MAY-2026,D3810054,0,0,0,0,0,0,0,0,0,0,1,0,0
09-MAY-2026,D4200009,0,0,0,0,0,0,0,0,0,0,1,0,0
09-MAY-2026,D4501024,0,0,0,0,0,0,0,0,0,0,1,0,0
09-MAY-2026,D4501095,0,0,0,0,0,0,0,0,0,0,1,0,0
09-MAY-2026,D4501259,0,0,0,0,0,0,0,0,0,0,1,0,0
09-MAY-2026,D4501438,0,0,0,0,0,0,0,0,0,0,1,0,0
09-MAY-2026,D4670082,0,0,0,0,0,0,0,0,0,0,1,0,0
09-MAY-2026,D4670084,0,0,0,0,0,0,0,0,0,0,1,0,0
09-MAY-2026,D4670118,0,0,0,0,0,0,0,0,0,0,1,0,0
09-MAY-2026,D4670225,0,0,0,0,0,0,0,0,0,0,1,0,0
09-MAY-2026,D4670241,0,0,0,0,0,0,0,0,0,0,1,0,0
09-MAY-2026,D4870030,0,0,0,0,0,0,0,0,0,0,1,0,0
09-MAY-2026,D5280010,0,0,0,0,0,0,0,0,0,0,1,0,0
09-MAY-2026,D6080214,0,0,0,0,0,0,0,0,0,0,1,0,0
09-MAY-2026,D6440085,0,0,0,0,0,0,0,0,0,0,1,0,0
09-MAY-2026,D6570055,0,0,0,0,0,0,0,0,0,0,1,0,0
09-MAY-2026,D7470040,0,0,0,0,0,0,0,0,0,0,1,0,0
09-MAY-2026,D8170289,0,0,0,0,0,0,0,0,0,0,1,0,0
09-MAY-2026,D8280007,0,0,0,0,0,0,0,0,0,0,1,0,0
09-MAY-2026,D8370025,0,0,0,0,0,0,0,0,0,0,1,0,0
09-MAY-2026,D8580031,0,0,0,0,0,0,0,0,0,0,1,0,0
09-MAY-2026,D8580377,0,0,0,0,0,0,0,0,0,0,1,0,0
09-MAY-2026,D9020007,0,0,0,0,0,0,0,0,0,0,1,0,0
09-MAY-2026,D9030063,0,0,0,0,0,0,0,0,0,0,1,0,0
09-MAY-2026,D9250046,0,0,0,0,0,0,0,0,0,0,1,0,0
09-MAY-2026,D9320023,0,0,0,0,0,0,0,0,0,0,1,0,0
09-MAY-2026,D9460006,0,0,0,0,0,0,0,0,0,0,1,0,0
09-MAY-2026,D9850006,0,0,0,0,0,0,0,0,0,0,1,0,0
09-MAY-2026,DMT01,0,0,0,0,0,0,0,0,0,0,1,0,0
09-MAY-2026,DPS258,0,0,0,0,0,0,0,0,0,0,1,0,0
09-MAY-2026,DSJ00655,0,0,0,0,0,0,0,0,0,0,1,0,0
09-MAY-2026,DSJ00683,0,0,0,0,0,0,0,0,0,0,1,0,0
09-MAY-2026,DSJ00740,0,0,0,0,0,0,0,0,0,0,1,0,0
09-MAY-2026,DSJ01021,0,0,0,0,0,0,0,0,0,0,1,0,0
09-MAY-2026,DSJ01059,0,0,0,0,0,0,0,0,0,0,1,0,0
09-MAY-2026,DSJ01108,0,0,0,0,0,0,0,0,0,0,1,0,0
09-MAY-2026,DSJ01119,0,0,0,0,0,0,0,0,0,0,1,0,0
09-MAY-2026,DSP0009,0,0,0,0,0,0,0,0,0,0,1,0,0
09-MAY-2026,DUL01362,0,0,0,0,0,0,0,0,0,0,1,0,0
09-MAY-2026,DVE004,0,0,0,0,0,0,0,0,0,0,1,0,0
09-MAY-2026,E0013601,0,0,0,0,0,0,0,0,0,0,1,0,0
09-MAY-2026,E0013743,0,0,0,0,0,0,0,0,0,0,1,0,0
09-MAY-2026,E0015855,0,0,0,0,0,0,0,0,0,0,1,0,0
09-MAY-2026,E0020598,0,0,0,0,0,0,0,0,0,0,1,0,0
09-MAY-2026,E0020953,0,0,0,0,0,0,0,0,0,0,1,0,0
09-MAY-2026,E0022050,0,0,0,0,0,0,0,0,0,0,1,0,0
09-MAY-2026,E0023880,0,0,0,0,0,0,0,0,0,0,1,0,0
09-MAY-2026,E0023968,0,0,0,0,0,0,0,0,0,0,1,0,0
09-MAY-2026,E0030633,0,0,0,0,0,0,0,0,0,0,1,0,0
09-MAY-2026,E0040313,0,0,0,0,0,0,0,0,0,0,1,0,0
09-MAY-2026,E0042471,0,0,0,0,0,0,0,0,0,0,1,0,0
09-MAY-2026,E0042792,0,0,0,0,0,0,0,0,0,0,1,0,0
09-MAY-2026,E0050134,0,0,0,0,0,0,0,0,0,0,1,0,0
09-MAY-2026,E0050679,0,0,0,0,0,0,0,0,0,0,1,0,0
09-MAY-2026,E0050838,0,0,0,0,0,0,0,0,0,0,1,0,0
09-MAY-2026,E0060106,0,0,0,0,0,0,0,0,0,0,1,0,0
09-MAY-2026,E0070018,0,0,0,0,0,0,0,0,0,0,1,0,0
09-MAY-2026,E0100210,0,0,0,0,0,0,0,0,0,0,1,0,0
09-MAY-2026,E0103308,0,0,0,0,0,0,0,0,0,0,1,0,0
09-MAY-2026,E0103448,0,0,0,0,0,0,0,0,0,0,1,0,0
09-MAY-2026,E0103817,0,0,0,0,0,0,0,0,0,0,1,0,0
09-MAY-2026,E0103892,0,0,0,0,0,0,0,0,0,0,1,0,0
09-MAY-2026,E0104549,0,0,0,0,0,0,0,0,0,0,1,0,0
09-MAY-2026,E0105918,0,0,0,0,0,0,0,0,0,0,1,0,0
09-MAY-2026,E0106570,0,0,0,0,0,0,0,0,0,0,1,0,0
09-MAY-2026,E0107084,0,0,0,0,0,0,0,0,0,0,1,0,0
09-MAY-2026,E0107229,0,0,0,0,0,0,0,0,0,0,1,0,0
09-MAY-2026,E0107411,0,0,0,0,0,0,0,0,0,0,1,0,0
09-MAY-2026,E0107757,0,0,0,0,0,0,0,0,0,0,1,0,0
09-MAY-2026,E0108448,0,0,0,0,0,0,0,0,0,0,1,0,0
09-MAY-2026,E0108650,0,0,0,0,0,0,0,0,0,0,1,0,0
09-MAY-2026,E0111038,0,0,0,0,0,0,0,0,0,0,1,0,0
09-MAY-2026,E0111190,0,0,0,0,0,0,0,0,0,0,1,0,0
09-MAY-2026,E1160003,0,0,0,0,0,0,0,0,0,0,1,0,0
09-MAY-2026,E1470153,0,0,0,0,0,0,0,0,0,0,1,0,0
09-MAY-2026,E1860008,0,0,0,0,0,0,0,0,0,0,1,0,0
09-MAY-2026,E2140037,0,0,0,0,0,0,0,0,0,0,1,0,0
09-MAY-2026,E2330283,0,0,0,0,0,0,0,0,0,0,1,0,0
09-MAY-2026,E2330485,0,0,0,0,0,0,0,0,0,0,1,0,0
09-MAY-2026,E2740041,0,0,0,0,0,0,0,0,0,0,1,0,0
09-MAY-2026,E2910162,0,0,0,0,0,0,0,0,0,0,1,0,0
09-MAY-2026,E3290008,0,0,0,0,0,0,0,0,0,0,1,0,0
09-MAY-2026,E4010001,0,0,0,0,0,0,0,0,0,0,1,0,0
09-MAY-2026,E6003366,0,0,0,0,0,0,0,0,0,0,1,0,0
09-MAY-2026,E6003873,0,0,0,0,0,0,0,0,0,0,1,0,0
09-MAY-2026,E6005130,0,0,0,0,0,0,0,0,0,0,1,0,0
09-MAY-2026,E600B270,0,0,0,0,0,0,0,0,0,0,1,0,0
09-MAY-2026,E600B272,0,0,0,0,0,0,0,0,0,0,1,0,0
09-MAY-2026,E600B274,0,0,0,0,0,0,0,0,0,0,1,0,0
09-MAY-2026,E600B276,0,0,0,0,0,0,0,0,0,0,1,0,0
09-MAY-2026,E600B277,0,0,0,0,0,0,0,0,0,0,1,0,0
09-MAY-2026,E600B278,0,0,0,0,0,0,0,0,0,0,1,0,0
09-MAY-2026,E600B279,0,0,0,0,0,0,0,0,0,0,1,0,0
09-MAY-2026,E600B280,0,0,0,0,0,0,0,0,0,0,1,0,0
09-MAY-2026,E600B281,0,0,0,0,0,0,0,0,0,0,1,0,0
09-MAY-2026,E600B282,0,0,0,0,0,0,0,0,0,0,1,0,0
09-MAY-2026,E600B284,0,0,0,0,0,0,0,0,0,0,1,0,0
09-MAY-2026,E600B285,0,0,0,0,0,0,0,0,0,0,1,0,0
09-MAY-2026,E600B287,0,0,0,0,0,0,0,0,0,0,1,0,0
09-MAY-2026,E600B288,0,0,0,0,0,0,0,0,0,0,1,0,0
09-MAY-2026,E600B295,0,0,0,0,0,0,0,0,0,0,1,0,0
09-MAY-2026,E600B296,0,0,0,0,0,0,0,0,0,0,1,0,0
09-MAY-2026,E600B300,0,0,0,0,0,0,0,0,0,0,1,0,0
09-MAY-2026,E600B303,0,0,0,0,0,0,0,0,0,0,1,0,0
09-MAY-2026,E6120282,0,0,0,0,0,0,0,0,0,0,1,0,0
09-MAY-2026,E6200037,0,0,0,0,0,0,0,0,0,0,1,0,0
09-MAY-2026,E6660089,0,0,0,0,0,0,0,0,0,0,1,0,0
09-MAY-2026,E6660095,0,0,0,0,0,0,0,0,0,0,1,0,0
09-MAY-2026,E6700119,0,0,0,0,0,0,0,0,0,0,1,0,0
09-MAY-2026,E6700153,0,0,0,0,0,0,0,0,0,0,1,0,0
09-MAY-2026,E7120049,0,0,0,0,0,0,0,0,0,0,1,0,0
09-MAY-2026,E7440003,0,0,0,0,0,0,0,0,0,0,1,0,0
09-MAY-2026,E7740155,0,0,0,0,0,0,0,0,0,0,1,0,0
09-MAY-2026,E7740243,0,0,0,0,0,0,0,0,0,0,1,0,0
09-MAY-2026,E8230036,0,0,0,0,0,0,0,0,0,0,1,0,0
09-MAY-2026,E8310059,0,0,0,0,0,0,0,0,0,0,1,0,0
09-MAY-2026,E8640006,0,0,0,0,0,0,0,0,0,0,1,0,0
09-MAY-2026,E9880139,0,0,0,0,0,0,0,0,0,0,1,0,0
09-MAY-2026,EC003,58370388,0,58370388,4864199,0,0,11364,0,0,0,1,0,0
09-MAY-2026,EC004,0,0,0,0,0,0,0,0,0,0,1,0,0
09-MAY-2026,ECC03,0,0,0,0,0,0,0,0,0,0,1,0,0
09-MAY-2026,ERO1110,7191875.7,0,7191875.7,574486,0,0,0,0,0,0,1,0,0
09-MAY-2026,ERO1117,0,0,0,0,0,0,0,0,0,0,1,0,0
09-MAY-2026,ERO1609,0,0,0,0,0,0,0,0,0,0,1,0,0
09-MAY-2026,ERO1695,0,0,0,0,0,0,0,0,0,0,1,0,0
09-MAY-2026,ERO592,0,0,0,0,0,0,0,0,0,0,1,0,0
09-MAY-2026,ERO597,0,0,0,0,0,0,0,0,0,0,1,0,0
09-MAY-2026,ERROR,0,0,0,0,0,0,0,0,0,0,1,0,0
09-MAY-2026,F1160138,0,0,0,0,0,0,0,0,0,0,1,0,0
09-MAY-2026,F140025,0,0,0,0,0,0,0,0,0,0,1,0,0
09-MAY-2026,F1430002,0,0,0,0,0,0,0,0,0,0,1,0,0
09-MAY-2026,F1680204,0,0,0,0,0,0,0,0,0,0,1,0,0
09-MAY-2026,F1680457,0,0,0,0,0,0,0,0,0,0,1,0,0
09-MAY-2026,F1680655,0,0,0,0,0,0,0,0,0,0,1,0,0
09-MAY-2026,F1680669,0,0,0,0,0,0,0,0,0,0,1,0,0
09-MAY-2026,F20105,0,0,0,0,0,0,0,0,0,0,1,0,0
09-MAY-2026,F2063,0,0,0,0,0,0,0,0,0,0,1,0,0
09-MAY-2026,F2170036,0,0,0,0,0,0,0,0,0,0,1,0,0
09-MAY-2026,F2390006,0,0,0,0,0,0,0,0,0,0,1,0,0
09-MAY-2026,F2540050,0,0,0,0,0,0,0,0,0,0,1,0,0
09-MAY-2026,F2770080,0,0,0,0,0,0,0,0,0,0,1,0,0
09-MAY-2026,F3130002,0,0,0,0,0,0,0,0,0,0,1,0,0
09-MAY-2026,F3430162,0,0,0,0,0,0,0,0,0,0,1,0,0
09-MAY-2026,F3590132,0,0,0,0,0,0,0,0,0,0,1,0,0
09-MAY-2026,F3770058,0,0,0,0,0,0,0,0,0,0,1,0,0
09-MAY-2026,F3770141,0,0,0,0,0,0,0,0,0,0,1,0,0
09-MAY-2026,F378A148,0,0,0,0,0,0,0,0,0,0,1,0,0
09-MAY-2026,F3890007,0,0,0,0,0,0,0,0,0,0,1,0,0
09-MAY-2026,F3890020,10904229.15,0,10904229.15,908569.5,0,0,0,0,0,0,1,0,0
09-MAY-2026,F3890044,0,0,0,0,0,0,0,0,0,0,1,0,0
09-MAY-2026,F3890049,0,0,0,0,0,0,0,0,0,0,1,0,0
09-MAY-2026,F3890051,0,0,0,0,0,0,0,0,0,0,1,0,0
09-MAY-2026,F3890062,0,0,0,0,0,0,0,0,0,0,1,0,0
09-MAY-2026,F4120002,0,0,0,0,0,0,0,0,0,0,1,0,0
09-MAY-2026,F4240006,0,0,0,0,0,0,0,0,0,0,1,0,0
09-MAY-2026,F4470087,0,0,0,0,0,0,0,0,0,0,1,0,0
09-MAY-2026,F46072,0,0,0,0,0,0,0,0,0,0,1,0,0
09-MAY-2026,F4730104,0,0,0,0,0,0,0,0,0,0,1,0,0
09-MAY-2026,F5140009,0,0,0,0,0,0,0,0,0,0,1,0,0
09-MAY-2026,F5140029,0,0,0,0,0,0,0,0,0,0,1,0,0
09-MAY-2026,F5140057,0,0,0,0,0,0,0,0,0,0,1,0,0
09-MAY-2026,F5180009,0,0,0,0,0,0,0,0,0,0,1,0,0
09-MAY-2026,F5180017,0,0,0,0,0,0,0,0,0,0,1,0,0
09-MAY-2026,F5180124,0,0,0,0,0,0,0,0,0,0,1,0,0
09-MAY-2026,F5180127,0,0,0,0,0,0,0,0,0,0,1,0,0
09-MAY-2026,F5180182,0,0,0,0,0,0,0,0,0,0,1,0,0
09-MAY-2026,F5180190,0,0,0,0,0,0,0,0,0,0,1,0,0
09-MAY-2026,F5180216,73314,0,73314,6109.5,0,0,0,0,0,0,1,0,0
09-MAY-2026,F5180244,0,0,0,0,0,0,0,0,0,0,1,0,0
09-MAY-2026,F5180275,0,0,0,0,0,0,0,0,0,0,1,0,0
09-MAY-2026,F5190018,0,0,0,0,0,0,0,0,0,0,1,0,0
09-MAY-2026,F5460074,0,0,0,0,0,0,0,0,0,0,1,0,0
09-MAY-2026,F5790022,0,0,0,0,0,0,0,0,0,0,1,0,0
09-MAY-2026,F5790028,0,0,0,0,0,0,0,0,0,0,1,0,0
09-MAY-2026,F6050015,0,0,0,0,0,0,0,0,0,0,1,0,0
09-MAY-2026,F6060021,0,0,0,0,0,0,0,0,0,0,1,0,0
09-MAY-2026,F6240024,0,0,0,0,0,0,0,0,0,0,1,0,0
09-MAY-2026,F6840022,0,0,0,0,0,0,0,0,0,0,1,0,0
09-MAY-2026,F6840105,0,0,0,0,0,0,0,0,0,0,1,0,0
09-MAY-2026,F6840287,0,0,0,0,0,0,0,0,0,0,1,0,0
09-MAY-2026,F6840335,0,0,0,0,0,0,0,0,0,0,1,0,0
09-MAY-2026,F6840512,0,0,0,0,0,0,0,0,0,0,1,0,0
09-MAY-2026,F6840548,0,0,0,0,0,0,0,0,0,0,1,0,0
09-MAY-2026,F6850011,0,0,0,0,0,0,0,0,0,0,1,0,0
09-MAY-2026,F6850141,0,0,0,0,0,0,0,0,0,0,1,0,0
09-MAY-2026,F6850436,0,0,0,0,0,0,0,0,0,0,1,0,0
09-MAY-2026,F6850730,0,0,0,0,0,0,0,0,0,0,1,0,0
09-MAY-2026,F6856048,0,0,0,0,0,0,0,0,0,0,1,0,0
09-MAY-2026,F6858833,0,0,0,0,0,0,0,0,0,0,1,0,0
09-MAY-2026,F6870137,0,0,0,0,0,0,0,0,0,0,1,0,0
09-MAY-2026,F6870179,0,0,0,0,0,0,0,0,0,0,1,0,0
09-MAY-2026,F7060002,0,0,0,0,0,0,0,0,0,0,1,0,0
09-MAY-2026,F7060010,0,0,0,0,0,0,0,0,0,0,1,0,0
09-MAY-2026,F7170039,0,0,0,0,0,0,0,0,0,0,1,0,0
09-MAY-2026,F7170053,0,0,0,0,0,0,0,0,0,0,1,0,0
09-MAY-2026,F7170116,0,0,0,0,0,0,0,0,0,0,1,0,0
09-MAY-2026,F7220067,0,0,0,0,0,0,0,0,0,0,1,0,0
09-MAY-2026,F7450028,0,0,0,0,0,0,0,0,0,0,1,0,0
09-MAY-2026,F7450044,0,0,0,0,0,0,0,0,0,0,1,0,0
09-MAY-2026,F7670011,0,0,0,0,0,0,0,0,0,0,1,0,0
09-MAY-2026,F8280012,0,0,0,0,0,0,0,0,0,0,1,0,0
09-MAY-2026,F8370001,0,0,0,0,0,0,0,0,0,0,1,0,0
09-MAY-2026,F8370005,0,0,0,0,0,0,0,0,0,0,1,0,0
09-MAY-2026,F8370069,0,0,0,0,0,0,0,0,0,0,1,0,0
09-MAY-2026,F8380010,0,0,0,0,0,0,0,0,0,0,1,0,0
09-MAY-2026,F8470001,0,0,0,0,0,0,0,0,0,0,1,0,0
09-MAY-2026,F8590008,0,0,0,0,0,0,0,0,0,0,1,0,0
09-MAY-2026,F8590088,0,0,0,0,0,0,0,0,0,0,1,0,0
09-MAY-2026,F9140136,0,0,0,0,0,0,0,0,0,0,1,0,0
09-MAY-2026,F9180073,0,0,0,0,0,0,0,0,0,0,1,0,0
09-MAY-2026,F9430012,0,0,0,0,0,0,0,0,0,0,1,0,0
09-MAY-2026,F9690009,0,0,0,0,0,0,0,0,0,0,1,0,0
09-MAY-2026,F9870003,0,0,0,0,0,0,0,0,0,0,1,0,0
09-MAY-2026,F9870104,0,0,0,0,0,0,0,0,0,0,1,0,0
09-MAY-2026,F9870105,0,0,0,0,0,0,0,0,0,0,1,0,0
09-MAY-2026,F9870106,0,0,0,0,0,0,0,0,0,0,1,0,0
09-MAY-2026,FCRDB121,0,0,0,0,0,0,0,0,0,0,1,0,0
09-MAY-2026,G1450098,0,0,0,0,0,0,0,0,0,0,1,0,0
09-MAY-2026,G2170001,0,0,0,0,0,0,0,0,0,0,1,0,0
09-MAY-2026,G2170035,0,0,0,0,0,0,0,0,0,0,1,0,0
09-MAY-2026,G241JD24,0,0,0,0,0,0,0,0,0,0,1,0,0
09-MAY-2026,G241S198,0,0,0,0,0,0,0,0,0,0,1,0,0
09-MAY-2026,G2570074,0,0,0,0,0,0,0,0,0,0,1,0,0
09-MAY-2026,G2670001,0,0,0,0,0,0,0,0,0,0,1,0,0
09-MAY-2026,G325001,10003676.01,0,10003676.01,3205640,0,0,0,0,0,0,1,0,0
09-MAY-2026,G3320011,0,0,0,0,0,0,0,0,0,0,1,0,0
09-MAY-2026,G3930001,0,0,0,0,0,0,0,0,0,0,1,0,0
09-MAY-2026,G4290344,0,0,0,0,0,0,0,0,0,0,1,0,0
09-MAY-2026,G4290353,0,0,0,0,0,0,0,0,0,0,1,0,0
09-MAY-2026,G4380033,0,0,0,0,0,0,0,0,0,0,1,0,0
09-MAY-2026,G5580002,0,0,0,0,0,0,0,0,0,0,1,0,0
09-MAY-2026,G5620051,0,0,0,0,0,0,0,0,0,0,1,0,0
09-MAY-2026,G5930016,27332763.16,0,27332763.16,2116445,0,0,0,0,0,0,1,0,0
09-MAY-2026,G5930019,719920.97,0,719920.97,58746.5,0,0,0,0,0,0,1,0,0
09-MAY-2026,G5940005,0,0,0,0,0,0,0,0,0,0,1,0,0
09-MAY-2026,G5940016,0,0,0,0,0,0,0,0,0,0,1,0,0
09-MAY-2026,G5940021,0,0,0,0,0,0,0,0,0,0,1,0,0
09-MAY-2026,G5990025,0,0,0,0,0,0,0,0,0,0,1,0,0
09-MAY-2026,G6540005,0,0,0,0,0,0,0,0,0,0,1,0,0
09-MAY-2026,G6750019,0,0,0,0,0,0,0,0,0,0,1,0,0
09-MAY-2026,G6781021,0,0,0,0,0,0,0,0,0,0,1,0,0
09-MAY-2026,GCJ003,0,0,0,0,0,0,0,0,0,0,1,0,0
09-MAY-2026,GH930019,0,0,0,0,0,0,0,0,0,0,1,0,0
09-MAY-2026,GI143,0,0,0,0,0,0,0,0,0,0,1,0,0
09-MAY-2026,GN070,0,0,0,0,0,0,0,0,0,0,1,0,0
09-MAY-2026,GN270,0,0,0,0,0,0,0,0,0,0,1,0,0
09-MAY-2026,GN356,0,0,0,0,0,0,0,0,0,0,1,0,0
09-MAY-2026,GSR204,0,0,0,0,0,0,0,0,0,0,1,0,0
09-MAY-2026,GU734,0,0,0,0,0,0,0,0,0,0,1,0,0
09-MAY-2026,GW893E,0,0,0,0,0,0,0,0,0,0,1,0,0
09-MAY-2026,H1530450,0,0,0,0,0,0,0,0,0,0,1,0,0
09-MAY-2026,H2690298,0,0,0,0,0,0,0,0,0,0,1,0,0
09-MAY-2026,H2690627,0,0,0,0,0,0,0,0,0,0,1,0,0
09-MAY-2026,H2840228,0,0,0,0,0,0,0,0,0,0,1,0,0
09-MAY-2026,H284B101,0,0,0,0,0,0,0,0,0,0,1,0,0
09-MAY-2026,H29GI008,0,0,0,0,0,0,0,0,0,0,1,0,0
09-MAY-2026,H4010154,0,0,0,0,0,0,0,0,0,0,1,0,0
09-MAY-2026,H4010304,0,0,0,0,0,0,0,0,0,0,1,0,0
09-MAY-2026,H4010434,0,0,0,0,0,0,0,0,0,0,1,0,0
09-MAY-2026,H4260013,0,0,0,0,0,0,0,0,0,0,1,0,0
09-MAY-2026,H4471508,0,0,0,0,0,0,0,0,0,0,1,0,0
09-MAY-2026,H5060001,0,0,0,0,0,0,0,0,0,0,1,0,0
09-MAY-2026,H5200556,0,0,0,0,0,0,0,0,0,0,1,0,0
09-MAY-2026,H5201149,0,0,0,0,0,0,0,0,0,0,1,0,0
09-MAY-2026,H5220216,0,0,0,0,0,0,0,0,0,0,1,0,0
09-MAY-2026,H5390049,0,0,0,0,0,0,0,0,0,0,1,0,0
09-MAY-2026,H5390058,0,0,0,0,0,0,0,0,0,0,1,0,0
09-MAY-2026,H5390085,0,0,0,0,0,0,0,0,0,0,1,0,0
09-MAY-2026,H5390176,0,0,0,0,0,0,0,0,0,0,1,0,0
09-MAY-2026,H5390221,0,0,0,0,0,0,0,0,0,0,1,0,0
09-MAY-2026,H5390231,0,0,0,0,0,0,0,0,0,0,1,0,0
09-MAY-2026,H5530461,0,0,0,0,0,0,0,0,0,0,1,0,0
09-MAY-2026,H6330054,0,0,0,0,0,0,0,0,0,0,1,0,0
09-MAY-2026,H6330073,0,0,0,0,0,0,0,0,0,0,1,0,0
09-MAY-2026,H6831004,0,0,0,0,0,0,0,0,0,0,1,0,0
09-MAY-2026,H6840040,0,0,0,0,0,0,0,0,0,0,1,0,0
09-MAY-2026,H7220047,0,0,0,0,0,0,0,0,0,0,1,0,0
09-MAY-2026,H7782040,0,0,0,0,0,0,0,0,0,0,1,0,0
09-MAY-2026,H8080121,0,0,0,0,0,0,0,0,0,0,1,0,0
09-MAY-2026,H8080325,0,0,0,0,0,0,0,0,0,0,1,0,0
09-MAY-2026,H8180220,0,0,0,0,0,0,0,0,0,0,1,0,0
09-MAY-2026,H8190002,0,0,0,0,0,0,0,0,0,0,1,0,0
09-MAY-2026,H8190004,0,0,0,0,0,0,0,0,0,0,1,0,0
09-MAY-2026,H8190042,0,0,0,0,0,0,0,0,0,0,1,0,0
09-MAY-2026,H8202144,0,0,0,0,0,0,0,0,0,0,1,0,0
09-MAY-2026,H8260011,0,0,0,0,0,0,0,0,0,0,1,0,0
09-MAY-2026,H8480033,0,0,0,0,0,0,0,0,0,0,1,0,0
09-MAY-2026,H8480084,0,0,0,0,0,0,0,0,0,0,1,0,0
09-MAY-2026,H8880053,0,0,0,0,0,0,0,0,0,0,1,0,0
09-MAY-2026,H8880055,0,0,0,0,0,0,0,0,0,0,1,0,0
09-MAY-2026,H8960046,0,0,0,0,0,0,0,0,0,0,1,0,0
09-MAY-2026,H9260053,0,0,0,0,0,0,0,0,0,0,1,0,0
09-MAY-2026,H9260187,0,0,0,0,0,0,0,0,0,0,1,0,0
09-MAY-2026,H950002,0,0,0,0,0,0,0,0,0,0,1,0,0
09-MAY-2026,H9580015,0,0,0,0,0,0,0,0,0,0,1,0,0
09-MAY-2026,H9660007,0,0,0,0,0,0,0,0,0,0,1,0,0
09-MAY-2026,H9990042,0,0,0,0,0,0,0,0,0,0,1,0,0
09-MAY-2026,HRO1314,0,0,0,0,0,0,0,0,0,0,1,0,0
09-MAY-2026,HRO1341,0,0,0,0,0,0,0,0,0,0,1,0,0
09-MAY-2026,HRO1704,0,0,0,0,0,0,0,0,0,0,1,0,0
09-MAY-2026,HRO1720,0,0,0,0,0,0,0,0,0,0,1,0,0
09-MAY-2026,HRO2052,0,0,0,0,0,0,0,0,0,0,1,0,0
09-MAY-2026,HRO2057,0,0,0,0,0,0,0,0,0,0,1,0,0
09-MAY-2026,HRO3005,0,0,0,0,0,0,0,0,0,0,1,0,0
09-MAY-2026,HRO3006,0,0,0,0,0,0,0,0,0,0,1,0,0
09-MAY-2026,HRO3007,0,0,0,0,0,0,0,0,0,0,1,0,0
09-MAY-2026,HRO3010,0,0,0,0,0,0,0,0,0,0,1,0,0
09-MAY-2026,HRO3012,0,0,0,0,0,0,0,0,0,0,1,0,0
09-MAY-2026,HRO912,40740,0,40740,3395,0,0,0,0,0,0,1,0,0
09-MAY-2026,HV01840,0,0,0,0,0,0,0,0,0,0,1,0,0
09-MAY-2026,HV02048,0,0,0,0,0,0,0,0,0,0,1,0,0
09-MAY-2026,HV02316,0,0,0,0,0,0,0,0,0,0,1,0,0
09-MAY-2026,HV02644,0,0,0,0,0,0,0,0,0,0,1,0,0
09-MAY-2026,HV02745,0,0,0,0,0,0,0,0,0,0,1,0,0
09-MAY-2026,HV02767,0,0,0,0,0,0,0,0,0,0,1,0,0
09-MAY-2026,HV02768,0,0,0,0,0,0,0,0,0,0,1,0,0
09-MAY-2026,HV03046,0,0,0,0,0,0,0,0,0,0,1,0,0
09-MAY-2026,HV03243,0,0,0,0,0,0,0,0,0,0,1,0,0
09-MAY-2026,HV03550,0,0,0,0,0,0,0,0,0,0,1,0,0
09-MAY-2026,HV04231,0,0,0,0,0,0,0,0,0,0,1,0,0
09-MAY-2026,HV04403,0,0,0,0,0,0,0,0,0,0,1,0,0
09-MAY-2026,HV04412,0,0,0,0,0,0,0,0,0,0,1,0,0
09-MAY-2026,HV04542,0,0,0,0,0,0,0,0,0,0,1,0,0
09-MAY-2026,HV04608,0,0,0,0,0,0,0,0,0,0,1,0,0
09-MAY-2026,HV04670,0,0,0,0,0,0,0,0,0,0,1,0,0
09-MAY-2026,HV04722,0,0,0,0,0,0,0,0,0,0,1,0,0
09-MAY-2026,HV04903,74088,0,74088,6174,0,0,0,0,0,0,1,0,0
09-MAY-2026,HV04954,0,0,0,0,0,0,0,0,0,0,1,0,0
09-MAY-2026,HV05059,906672.6,0,906672.6,75091,0,0,0,0,0,0,1,0,0
09-MAY-2026,HV05398,0,0,0,0,0,0,0,0,0,0,1,0,0
09-MAY-2026,HV06208,0,0,0,0,0,0,0,0,0,0,1,0,0
09-MAY-2026,HV06275,0,0,0,0,0,0,0,0,0,0,1,0,0
09-MAY-2026,HV06371,0,0,0,0,0,0,0,0,0,0,1,0,0
09-MAY-2026,HV08492,40740,0,40740,3395,0,0,0,0,0,0,1,0,0
09-MAY-2026,IND1211,0,0,0,0,0,0,0,0,0,0,1,0,0
09-MAY-2026,IND1371,0,0,0,0,0,0,0,0,0,0,1,0,0
09-MAY-2026,IND1580,0,0,0,0,0,0,0,0,0,0,1,0,0
09-MAY-2026,IND1905,0,0,0,0,0,0,0,0,0,0,1,0,0
09-MAY-2026,IND1916,1053280,0,1053280,131660,0,0,0,0,0,0,1,0,0
09-MAY-2026,IND329,0,0,0,0,0,0,0,0,0,0,1,0,0
09-MAY-2026,IND918,71406,0,71406,5950.5,0,0,0,0,0,0,1,0,0
09-MAY-2026,J1420004,0,0,0,0,0,0,0,0,0,0,1,0,0
09-MAY-2026,J1420010,0,0,0,0,0,0,0,0,0,0,1,0,0
09-MAY-2026,J1820001,0,0,0,0,0,0,0,0,0,0,1,0,0
09-MAY-2026,J1820003,0,0,0,0,0,0,0,0,0,0,1,0,0
09-MAY-2026,JDPV178,0,0,0,0,0,0,0,0,0,0,1,0,0
09-MAY-2026,JJJK20,0,0,0,0,0,0,0,0,0,0,1,0,0
09-MAY-2026,JJR014,0,0,0,0,0,0,0,0,0,0,1,0,0
09-MAY-2026,JJR1122,0,0,0,0,0,0,0,0,0,0,1,0,0
09-MAY-2026,JJR1675,680208.51,0,680208.51,56803.5,0,0,0,0,0,0,1,0,0
09-MAY-2026,JJR1858,0,0,0,0,0,0,0,0,0,0,1,0,0
09-MAY-2026,JJR1952,0,0,0,0,0,0,0,0,0,0,1,0,0
09-MAY-2026,JJR1985,0,0,0,0,0,0,0,0,0,0,1,0,0
09-MAY-2026,JJR2033,0,0,0,0,0,0,0,0,0,0,1,0,0
09-MAY-2026,JJR2143,0,0,0,0,0,0,0,0,0,0,1,0,0
09-MAY-2026,JJR2165,0,0,0,0,0,0,0,0,0,0,1,0,0
09-MAY-2026,JJR2366,0,0,0,0,0,0,0,0,0,0,1,0,0
09-MAY-2026,JJR2956,0,0,0,0,0,0,0,0,0,0,1,0,0
09-MAY-2026,JJR3015,0,0,0,0,0,0,0,0,0,0,1,0,0
09-MAY-2026,JJR4582,0,0,0,0,0,0,0,0,0,0,1,0,0
09-MAY-2026,JJR4653,0,0,0,0,0,0,0,0,0,0,1,0,0
09-MAY-2026,JJR4806,0,0,0,0,0,0,0,0,0,0,1,0,0
09-MAY-2026,JJR5226,0,0,0,0,0,0,0,0,0,0,1,0,0
09-MAY-2026,JJR563,608595.94,0,608595.94,48222.5,0,0,0,0,0,0,1,0,0
09-MAY-2026,JJR5838,200475.6,0,200475.6,16270,0,0,0,0,0,0,1,0,0
09-MAY-2026,JJR6224,81480,0,81480,6790,0,0,0,0,0,0,1,0,0
09-MAY-2026,JJR6438,0,0,0,0,0,0,0,0,0,0,1,0,0
09-MAY-2026,JJR7055,0,0,0,0,0,0,0,0,0,0,1,0,0
09-MAY-2026,JJR7140,0,0,0,0,0,0,0,0,0,0,1,0,0
09-MAY-2026,JJR7146,0,0,0,0,0,0,0,0,0,0,1,0,0
09-MAY-2026,JJR7586,0,0,0,0,0,0,0,0,0,0,1,0,0
09-MAY-2026,JJR7613,0,0,0,0,0,0,0,0,0,0,1,0,0
09-MAY-2026,JJR7927,0,0,0,0,0,0,0,0,0,0,1,0,0
09-MAY-2026,JKP5,0,0,0,0,0,0,0,0,0,0,1,0,0
09-MAY-2026,JKR1164,0,0,0,0,0,0,0,0,0,0,1,0,0
09-MAY-2026,JKR1186,0,0,0,0,0,0,0,0,0,0,1,0,0
09-MAY-2026,JPA031,0,0,0,0,0,0,0,0,0,0,1,0,0
09-MAY-2026,JPA240,0,0,0,0,0,0,0,0,0,0,1,0,0
09-MAY-2026,JPA280,0,0,0,0,0,0,0,0,0,0,1,0,0
09-MAY-2026,JPJ121,0,0,0,0,0,0,0,0,0,0,1,0,0
09-MAY-2026,JPK089,0,0,0,0,0,0,0,0,0,0,1,0,0
09-MAY-2026,JPM067,0,0,0,0,0,0,0,0,0,0,1,0,0
09-MAY-2026,JPM172,0,0,0,0,0,0,0,0,0,0,1,0,0
09-MAY-2026,JPM193,0,0,0,0,0,0,0,0,0,0,1,0,0
09-MAY-2026,JPN086,0,0,0,0,0,0,0,0,0,0,1,0,0
09-MAY-2026,JPP009,0,0,0,0,0,0,0,0,0,0,1,0,0
09-MAY-2026,JPS401,0,0,0,0,0,0,0,0,0,0,1,0,0
09-MAY-2026,JPV084,0,0,0,0,0,0,0,0,0,0,1,0,0
09-MAY-2026,JSA019,0,0,0,0,0,0,0,0,0,0,1,0,0
09-MAY-2026,JSL060,0,0,0,0,0,0,0,0,0,0,1,0,0
09-MAY-2026,K0950791,0,0,0,0,0,0,0,0,0,0,1,0,0
09-MAY-2026,K0951177,0,0,0,0,0,0,0,0,0,0,1,0,0
09-MAY-2026,K1050073,0,0,0,0,0,0,0,0,0,0,1,0,0
09-MAY-2026,KA800,0,0,0,0,0,0,0,0,0,0,1,0,0
09-MAY-2026,KAO38,0,0,0,0,0,0,0,0,0,0,1,0,0
09-MAY-2026,KCH10011,0,0,0,0,0,0,0,0,0,0,1,0,0
09-MAY-2026,KCH10103,0,0,0,0,0,0,0,0,0,0,1,0,0
09-MAY-2026,KCH10169,0,0,0,0,0,0,0,0,0,0,1,0,0
09-MAY-2026,KCH10399,0,0,0,0,0,0,0,0,0,0,1,0,0
09-MAY-2026,KCH10548,0,0,0,0,0,0,0,0,0,0,1,0,0
09-MAY-2026,KCH10581,0,0,0,0,0,0,0,0,0,0,1,0,0
09-MAY-2026,KCH10603,0,0,0,0,0,0,0,0,0,0,1,0,0
09-MAY-2026,KIT111,0,0,0,0,0,0,0,0,0,0,1,0,0
09-MAY-2026,KKP0141,0,0,0,0,0,0,0,0,0,0,1,0,0
09-MAY-2026,KLK0062,0,0,0,0,0,0,0,0,0,0,1,0,0
09-MAY-2026,KLK04430,0,0,0,0,0,0,0,0,0,0,1,0,0
09-MAY-2026,KLK04677,0,0,0,0,0,0,0,0,0,0,1,0,0
09-MAY-2026,KLK05458,0,0,0,0,0,0,0,0,0,0,1,0,0
09-MAY-2026,KLK06682,0,0,0,0,0,0,0,0,0,0,1,0,0
09-MAY-2026,KLK06685,0,0,0,0,0,0,0,0,0,0,1,0,0
09-MAY-2026,KLK06712,0,0,0,0,0,0,0,0,0,0,1,0,0
09-MAY-2026,KLK08280,0,0,0,0,0,0,0,0,0,0,1,0,0
09-MAY-2026,KLK09010,0,0,0,0,0,0,0,0,0,0,1,0,0
09-MAY-2026,KLK11054,0,0,0,0,0,0,0,0,0,0,1,0,0
09-MAY-2026,KLK11675,0,0,0,0,0,0,0,0,0,0,1,0,0
09-MAY-2026,KLK11836,32391499.06,0,32391499.06,2645433,0,0,0,0,0,0,1,0,0
09-MAY-2026,KLK11920,0,0,0,0,0,0,0,0,0,0,1,0,0
09-MAY-2026,KLK13045,0,0,0,0,0,0,0,0,0,0,1,0,0
09-MAY-2026,KLK15004,10292721.62,0,10292721.62,841560,0,0,0,0,0,0,1,0,0
09-MAY-2026,KMR00078,0,0,0,0,0,0,0,0,0,0,1,0,0
09-MAY-2026,KNP1214,0,0,0,0,0,0,0,0,0,0,1,0,0
09-MAY-2026,KPK037,0,0,0,0,0,0,0,0,0,0,1,0,0
09-MAY-2026,KTT1307,0,0,0,0,0,0,0,0,0,0,1,0,0
09-MAY-2026,KTT1575,0,0,0,0,0,0,0,0,0,0,1,0,0
09-MAY-2026,KTT1877,845208,0,845208,70434,0,0,0,0,0,0,1,0,0
09-MAY-2026,KTT2018,1832631.01,0,1832631.01,151628.5,0,0,0,0,0,0,1,0,0
09-MAY-2026,KTT2041,102206.74,0,102206.74,8205.5,0,0,0,0,0,0,1,0,0
09-MAY-2026,KTT2270,0,0,0,0,0,0,0,0,0,0,1,0,0
09-MAY-2026,KTT2392,530289.6,0,530289.6,43754.5,0,0,0,0,0,0,1,0,0
09-MAY-2026,KTT2428,0,0,0,0,0,0,0,0,0,0,1,0,0
09-MAY-2026,KTT2679,0,0,0,0,0,0,0,0,0,0,1,0,0
09-MAY-2026,KTT2831,0,0,0,0,0,0,0,0,0,0,1,0,0
09-MAY-2026,KTT2864,67470,0,67470,5622.5,0,0,0,0,0,0,1,0,0
09-MAY-2026,KTT2912,0,0,0,0,0,0,0,0,0,0,1,0,0
09-MAY-2026,KTT2937,148176,0,148176,12348,0,0,0,0,0,0,1,0,0
09-MAY-2026,KTT2950,0,0,0,0,0,0,0,0,0,0,1,0,0
09-MAY-2026,KTT2966,0,0,0,0,0,0,0,0,0,0,1,0,0
09-MAY-2026,KTT3170,87013.2,0,87013.2,5900,0,0,0,0,0,0,1,0,0
09-MAY-2026,KTT3191,220068.84,0,220068.84,6735,0,0,0,0,0,0,1,0,0
09-MAY-2026,KTT3243,0,0,0,0,0,0,0,0,0,0,1,0,0
09-MAY-2026,KTT3344,0,0,0,0,0,0,0,0,0,0,1,0,0
09-MAY-2026,KTT3396,0,0,0,0,0,0,0,0,0,0,1,0,0
09-MAY-2026,KTT3457,0,0,0,0,0,0,0,0,0,0,1,0,0
09-MAY-2026,KTT3527,0,0,0,0,0,0,0,0,0,0,1,0,0
09-MAY-2026,KTT3548,1411257.92,0,1411257.92,101600,0,0,0,0,0,0,1,0,0
09-MAY-2026,KTT3579,0,0,0,0,0,0,0,0,0,0,1,0,0
09-MAY-2026,KTT3580,0,0,0,0,0,0,0,0,0,0,1,0,0
09-MAY-2026,KTT3585,1892592,0,1892592,157716,0,0,0,0,0,0,1,0,0
09-MAY-2026,KTT3605,814968,0,814968,67914,0,0,0,0,0,0,1,0,0
09-MAY-2026,KTT3610,818431.19,0,818431.19,60096,0,0,0,0,0,0,1,0,0
09-MAY-2026,KTT3614,137934,0,137934,11494.5,0,0,0,0,0,0,1,0,0
09-MAY-2026,KTT3629,0,0,0,0,0,0,0,0,0,0,1,0,0
09-MAY-2026,KTT3651,0,0,0,0,0,0,0,0,0,0,1,0,0
09-MAY-2026,KTT3653,0,0,0,0,0,0,0,0,0,0,1,0,0
09-MAY-2026,KTT3661,235189.2,0,235189.2,18248,0,0,0,0,0,0,1,0,0
09-MAY-2026,KTT3804,270562.97,0,270562.97,21300,0,0,0,0,0,0,1,0,0
09-MAY-2026,KTT3822,322202.4,0,322202.4,24148,0,0,0,0,0,0,1,0,0
09-MAY-2026,KTT3842,0,0,0,0,0,0,0,0,0,0,1,0,0
09-MAY-2026,KTT3849,0,0,0,0,0,0,0,0,0,0,1,0,0
09-MAY-2026,KTT3882,40740,0,40740,3395,0,0,0,0,0,0,1,0,0
09-MAY-2026,KTT3911,227226.89,0,227226.89,23874,0,0,0,0,0,0,1,0,0
09-MAY-2026,KTT3916,1211557.8,0,1211557.8,100745,0,0,0,0,0,0,1,0,0
09-MAY-2026,KTT3921,0,0,0,0,0,0,0,0,0,0,1,0,0
09-MAY-2026,KTT3932,174026.4,0,174026.4,11800,0,0,0,0,0,0,1,0,0
09-MAY-2026,KTT3965,0,0,0,0,0,0,0,0,0,0,1,0,0
09-MAY-2026,KTT4012,148176,0,148176,12348,0,0,0,0,0,0,1,0,0
09-MAY-2026,KTT562,0,0,0,0,0,0,0,0,0,0,1,0,0
09-MAY-2026,KTT645,0,0,0,0,0,0,0,0,0,0,1,0,0
09-MAY-2026,KTT646,87013.2,0,87013.2,5900,0,0,0,0,0,0,1,0,0
09-MAY-2026,KTT699,0,0,0,0,0,0,0,0,0,0,1,0,0
09-MAY-2026,KTT802,169176,0,169176,14098,0,0,0,0,0,0,1,0,0
09-MAY-2026,KTT807,200475.6,0,200475.6,16270,0,0,0,0,0,0,1,0,0
09-MAY-2026,KTT808,0,0,0,0,0,0,0,0,0,0,1,0,0
09-MAY-2026,L10082,0,0,0,0,0,0,0,0,0,0,1,0,0
09-MAY-2026,L120116,0,0,0,0,0,0,0,0,0,0,1,0,0
09-MAY-2026,L120374,0,0,0,0,0,0,0,0,0,0,1,0,0
09-MAY-2026,L120614,1646358,0,1646358,141448,0,0,0,0,0,0,1,0,0
09-MAY-2026,L120883,1462628.74,0,1462628.74,121574,0,0,0,0,0,0,1,0,0
09-MAY-2026,L120948,0,0,0,0,0,0,0,0,0,0,1,0,0
09-MAY-2026,L120968,868554,0,868554,82500.5,0,0,0,0,0,0,1,0,0
09-MAY-2026,L120970,1157215.37,0,1157215.37,100381.5,0,0,0,0,0,0,1,0,0
09-MAY-2026,L121295,3519685.2,0,3519685.2,292434.5,0,0,0,0,0,0,1,0,0
09-MAY-2026,L121322,0,0,0,0,0,0,0,0,0,0,1,0,0
09-MAY-2026,L1370028,0,0,0,0,0,0,0,0,0,0,1,0,0
09-MAY-2026,L1720050,0,0,0,0,0,0,0,0,0,0,1,0,0
09-MAY-2026,L1720087,0,0,0,0,0,0,0,0,0,0,1,0,0
09-MAY-2026,L1920015,0,0,0,0,0,0,0,0,0,0,1,0,0
09-MAY-2026,L2067,0,0,0,0,0,0,0,0,0,0,1,0,0
09-MAY-2026,L2330,0,0,0,0,0,0,0,0,0,0,1,0,0
09-MAY-2026,L2510132,0,0,0,0,0,0,0,0,0,0,1,0,0
09-MAY-2026,L2660084,0,0,0,0,0,0,0,0,0,0,1,0,0
09-MAY-2026,L2660662,0,0,0,0,0,0,0,0,0,0,1,0,0
09-MAY-2026,L2668787,0,0,0,0,0,0,0,0,0,0,1,0,0
09-MAY-2026,L3056,0,0,0,0,0,0,0,0,0,0,1,0,0
09-MAY-2026,L3178787,0,0,0,0,0,0,0,0,0,0,1,0,0
09-MAY-2026,L325,0,0,0,0,0,0,0,0,0,0,1,0,0
09-MAY-2026,L3370036,0,0,0,0,0,0,0,0,0,0,1,0,0
09-MAY-2026,L3370109,0,0,0,0,0,0,0,0,0,0,1,0,0
09-MAY-2026,L3380010,0,0,0,0,0,0,0,0,0,0,1,0,0
09-MAY-2026,L3391,0,0,0,0,0,0,0,0,0,0,1,0,0
09-MAY-2026,L3526,0,0,0,0,0,0,0,0,0,0,1,0,0
09-MAY-2026,L3540026,0,0,0,0,0,0,0,0,0,0,1,0,0
09-MAY-2026,L3540082,0,0,0,0,0,0,0,0,0,0,1,0,0
09-MAY-2026,L3540085,0,0,0,0,0,0,0,0,0,0,1,0,0
09-MAY-2026,L3540138,0,0,0,0,0,0,0,0,0,0,1,0,0
09-MAY-2026,L3540181,0,0,0,0,0,0,0,0,0,0,1,0,0
09-MAY-2026,L3724,0,0,0,0,0,0,0,0,0,0,1,0,0
09-MAY-2026,L4000020,0,0,0,0,0,0,0,0,0,0,1,0,0
09-MAY-2026,L4510517,0,0,0,0,0,0,0,0,0,0,1,0,0
09-MAY-2026,L4511024,0,0,0,0,0,0,0,0,0,0,1,0,0
09-MAY-2026,L4520005,0,0,0,0,0,0,0,0,0,0,1,0,0
09-MAY-2026,L4610421,0,0,0,0,0,0,0,0,0,0,1,0,0
09-MAY-2026,L461B101,0,0,0,0,0,0,0,0,0,0,1,0,0
09-MAY-2026,L4730173,0,0,0,0,0,0,0,0,0,0,1,0,0
09-MAY-2026,L4730197,0,0,0,0,0,0,0,0,0,0,1,0,0
09-MAY-2026,L4870010,0,0,0,0,0,0,0,0,0,0,1,0,0
09-MAY-2026,L5060122,0,0,0,0,0,0,0,0,0,0,1,0,0
09-MAY-2026,L5130181,0,0,0,0,0,0,0,0,0,0,1,0,0
09-MAY-2026,L5130255,0,0,0,0,0,0,0,0,0,0,1,0,0
09-MAY-2026,L5130590,0,0,0,0,0,0,0,0,0,0,1,0,0
09-MAY-2026,L5130706,0,0,0,0,0,0,0,0,0,0,1,0,0
09-MAY-2026,L5130951,0,0,0,0,0,0,0,0,0,0,1,0,0
09-MAY-2026,L5130988,0,0,0,0,0,0,0,0,0,0,1,0,0
09-MAY-2026,L5130999,0,0,0,0,0,0,0,0,0,0,1,0,0
09-MAY-2026,L5170159,73314,0,73314,6109.5,0,0,0,0,0,0,1,0,0
09-MAY-2026,L5170217,0,0,0,0,0,0,0,0,0,0,1,0,0
09-MAY-2026,L5170401,0,0,0,0,0,0,0,0,0,0,1,0,0
09-MAY-2026,L5170510,293256,0,293256,24438,0,0,0,0,0,0,1,0,0
09-MAY-2026,L5180025,0,0,0,0,0,0,0,0,0,0,1,0,0
09-MAY-2026,L5180238,0,0,0,0,0,0,0,0,0,0,1,0,0
09-MAY-2026,L5180403,0,0,0,0,0,0,0,0,0,0,1,0,0
09-MAY-2026,L5180481,0,0,0,0,0,0,0,0,0,0,1,0,0
09-MAY-2026,L5180482,0,0,0,0,0,0,0,0,0,0,1,0,0
09-MAY-2026,L5180635,0,0,0,0,0,0,0,0,0,0,1,0,0
09-MAY-2026,L5180639,0,0,0,0,0,0,0,0,0,0,1,0,0
09-MAY-2026,L5316796,0,0,0,0,0,0,0,0,0,0,1,0,0
09-MAY-2026,L5390024,0,0,0,0,0,0,0,0,0,0,1,0,0
09-MAY-2026,L5910046,0,0,0,0,0,0,0,0,0,0,1,0,0
09-MAY-2026,L6160003,0,0,0,0,0,0,0,0,0,0,1,0,0
09-MAY-2026,L6550001,0,0,0,0,0,0,0,0,0,0,1,0,0
09-MAY-2026,L6730135,0,0,0,0,0,0,0,0,0,0,1,0,0
09-MAY-2026,L6840003,0,0,0,0,0,0,0,0,0,0,1,0,0
09-MAY-2026,L7100412,0,0,0,0,0,0,0,0,0,0,1,0,0
09-MAY-2026,L7160109,0,0,0,0,0,0,0,0,0,0,1,0,0
09-MAY-2026,L7200142,0,0,0,0,0,0,0,0,0,0,1,0,0
09-MAY-2026,L7200155,0,0,0,0,0,0,0,0,0,0,1,0,0
09-MAY-2026,L7880002,219942,0,219942,18328.5,0,0,0,0,0,0,1,0,0
09-MAY-2026,L8496,0,0,0,0,0,0,0,0,0,0,1,0,0
09-MAY-2026,L966,0,0,0,0,0,0,0,0,0,0,1,0,0
09-MAY-2026,LCMM751,0,0,0,0,0,0,0,0,0,0,1,0,0
09-MAY-2026,LCMS015,0,0,0,0,0,0,0,0,0,0,1,0,0
09-MAY-2026,LDH1156,0,0,0,0,0,0,0,0,0,0,1,0,0
09-MAY-2026,LDH1162,0,0,0,0,0,0,0,0,0,0,1,0,0
09-MAY-2026,LDH1319,0,0,0,0,0,0,0,0,0,0,1,0,0
09-MAY-2026,LDH1890,0,0,0,0,0,0,0,0,0,0,1,0,0
09-MAY-2026,LDH3333,0,0,0,0,0,0,0,0,0,0,1,0,0
09-MAY-2026,LDH3791,0,0,0,0,0,0,0,0,0,0,1,0,0
09-MAY-2026,LDH4051,0,0,0,0,0,0,0,0,0,0,1,0,0
09-MAY-2026,LDH4207,0,0,0,0,0,0,0,0,0,0,1,0,0
09-MAY-2026,LDH5410,0,0,0,0,0,0,0,0,0,0,1,0,0
09-MAY-2026,LDH561,0,0,0,0,0,0,0,0,0,0,1,0,0
09-MAY-2026,LDH806,0,0,0,0,0,0,0,0,0,0,1,0,0
09-MAY-2026,LIA019,0,0,0,0,0,0,0,0,0,0,1,0,0
09-MAY-2026,LIA021,0,0,0,0,0,0,0,0,0,0,1,0,0
09-MAY-2026,LIB013,0,0,0,0,0,0,0,0,0,0,1,0,0
09-MAY-2026,LID023,0,0,0,0,0,0,0,0,0,0,1,0,0
09-MAY-2026,LIK014,0,0,0,0,0,0,0,0,0,0,1,0,0
09-MAY-2026,LIM018,0,0,0,0,0,0,0,0,0,0,1,0,0
09-MAY-2026,LKN1866,0,0,0,0,0,0,0,0,0,0,1,0,0
09-MAY-2026,LKN1932,0,0,0,0,0,0,0,0,0,0,1,0,0
09-MAY-2026,LKN2675,0,0,0,0,0,0,0,0,0,0,1,0,0
09-MAY-2026,LKN2746,0,0,0,0,0,0,0,0,0,0,1,0,0
09-MAY-2026,LKN3416,0,0,0,0,0,0,0,0,0,0,1,0,0
09-MAY-2026,M0110216,0,0,0,0,0,0,0,0,0,0,1,0,0
09-MAY-2026,M0115115,0,0,0,0,0,0,0,0,0,0,1,0,0
09-MAY-2026,M0115192,0,0,0,0,0,0,0,0,0,0,1,0,0
09-MAY-2026,MAH008,0,0,0,0,0,0,0,0,0,0,1,0,0
09-MAY-2026,MAJ024,0,0,0,0,0,0,0,0,0,0,1,0,0
09-MAY-2026,MAS028,0,0,0,0,0,0,0,0,0,0,1,0,0
09-MAY-2026,MAV020,0,0,0,0,0,0,0,0,0,0,1,0,0
09-MAY-2026,MAV027,0,0,0,0,0,0,0,0,0,0,1,0,0
09-MAY-2026,MAW102,0,0,0,0,0,0,0,0,0,0,1,0,0
09-MAY-2026,MBJ5035,0,0,0,0,0,0,0,0,0,0,1,0,0
09-MAY-2026,MBJ9999,0,0,0,0,0,0,0,0,0,0,1,0,0
09-MAY-2026,MBP051,0,0,0,0,0,0,0,0,0,0,1,0,0
09-MAY-2026,MDN127,564648,0,564648,47054,0,0,0,0,0,0,1,0,0
09-MAY-2026,MGR095,0,0,0,0,0,0,0,0,0,0,1,0,0
09-MAY-2026,MI100,0,0,0,0,0,0,0,0,0,0,1,0,0
09-MAY-2026,MI1066,0,0,0,0,0,0,0,0,0,0,1,0,0
09-MAY-2026,MI18,261039.59,0,261039.59,17700,0,0,0,0,0,0,1,0,0
09-MAY-2026,MI317,0,0,0,0,0,0,0,0,0,0,1,0,0
09-MAY-2026,MI322,1040695.19,0,1040695.19,78618,0,0,0,0,0,0,1,0,0
09-MAY-2026,MI639,0,0,0,0,0,0,0,0,0,0,1,0,0
09-MAY-2026,MI71,0,0,0,0,0,0,0,0,0,0,1,0,0
09-MAY-2026,MI789,348052.79,0,348052.79,23600,0,0,0,0,0,0,1,0,0
09-MAY-2026,MI831,0,0,0,0,0,0,0,0,0,0,1,0,0
09-MAY-2026,MI882,522079.19,0,522079.19,35400,0,0,0,0,0,0,1,0,0
09-MAY-2026,MI978,87013.2,0,87013.2,5900,0,0,0,0,0,0,1,0,0
09-MAY-2026,MJA093,0,0,0,0,0,0,0,0,0,0,1,0,0
09-MAY-2026,MKY002,0,0,0,0,0,0,0,0,0,0,1,0,0
09-MAY-2026,MRMB209,0,0,0,0,0,0,0,0,0,0,1,0,0
09-MAY-2026,MRMK057,0,0,0,0,0,0,0,0,0,0,1,0,0
09-MAY-2026,MTM019,0,0,0,0,0,0,0,0,0,0,1,0,0
09-MAY-2026,MTP163,0,0,0,0,0,0,0,0,0,0,1,0,0
09-MAY-2026,MTP175,0,0,0,0,0,0,0,0,0,0,1,0,0
09-MAY-2026,MTS147,0,0,0,0,0,0,0,0,0,0,1,0,0
09-MAY-2026,MUL3187,0,0,0,0,0,0,0,0,0,0,1,0,0
09-MAY-2026,MUL3426,0,0,0,0,0,0,0,0,0,0,1,0,0
09-MAY-2026,MUL3731,0,0,0,0,0,0,0,0,0,0,1,0,0
09-MAY-2026,MUL4483,0,0,0,0,0,0,0,0,0,0,1,0,0
09-MAY-2026,MUL4486,0,0,0,0,0,0,0,0,0,0,1,0,0
09-MAY-2026,MUL4495,0,0,0,0,0,0,0,0,0,0,1,0,0
09-MAY-2026,MUL4558,0,0,0,0,0,0,0,0,0,0,1,0,0
09-MAY-2026,MUL4692,0,0,0,0,0,0,0,0,0,0,1,0,0
09-MAY-2026,MUL4697,0,0,0,0,0,0,0,0,0,0,1,0,0
09-MAY-2026,MUL4741,0,0,0,0,0,0,0,0,0,0,1,0,0
09-MAY-2026,MUL4771,0,0,0,0,0,0,0,0,0,0,1,0,0
09-MAY-2026,MUL4783,0,0,0,0,0,0,0,0,0,0,1,0,0
09-MAY-2026,MUL4806,0,0,0,0,0,0,0,0,0,0,1,0,0
09-MAY-2026,MVS018,0,0,0,0,0,0,0,0,0,0,1,0,0
09-MAY-2026,N011510,0,0,0,0,0,0,0,0,0,0,1,0,0
09-MAY-2026,N011529,0,0,0,0,0,0,0,0,0,0,1,0,0
09-MAY-2026,N011602,0,0,0,0,0,0,0,0,0,0,1,0,0
09-MAY-2026,N0121900,0,0,0,0,0,0,0,0,0,0,1,0,0
09-MAY-2026,N0121903,0,0,0,0,0,0,0,0,0,0,1,0,0
09-MAY-2026,N0121907,0,0,0,0,0,0,0,0,0,0,1,0,0
09-MAY-2026,N0121910,0,0,0,0,0,0,0,0,0,0,1,0,0
09-MAY-2026,N015154,0,0,0,0,0,0,0,0,0,0,1,0,0
09-MAY-2026,N1420007,0,0,0,0,0,0,0,0,0,0,1,0,0
09-MAY-2026,N1580031,891259.72,0,891259.72,72713,0,0,0,0,0,0,1,0,0
09-MAY-2026,N1580033,440410.46,0,440410.46,34830.5,0,0,0,0,0,0,1,0,0
09-MAY-2026,N2160020,0,0,0,0,0,0,0,0,0,0,1,0,0
09-MAY-2026,N2270021,0,0,0,0,0,0,0,0,0,0,1,0,0
09-MAY-2026,N2270043,0,0,0,0,0,0,0,0,0,0,1,0,0
09-MAY-2026,N2270044,0,0,0,0,0,0,0,0,0,0,1,0,0
09-MAY-2026,N2270077,0,0,0,0,0,0,0,0,0,0,1,0,0
09-MAY-2026,N2270091,0,0,0,0,0,0,0,0,0,0,1,0,0
09-MAY-2026,N2280056,98175.15,0,98175.15,8065,0,0,0,0,0,0,1,0,0
09-MAY-2026,N2280061,0,0,0,0,0,0,0,0,0,0,1,0,0
09-MAY-2026,N2420017,0,0,0,0,0,0,0,0,0,0,1,0,0
09-MAY-2026,N3050010,0,0,0,0,0,0,0,0,0,0,1,0,0
09-MAY-2026,N3080014,100237.8,0,100237.8,8135,0,0,0,0,0,0,1,0,0
09-MAY-2026,N3180107,0,0,0,0,0,0,0,0,0,0,1,0,0
09-MAY-2026,N3410009,41976,0,41976,3498,0,0,0,0,0,0,1,0,0
09-MAY-2026,N3410034,0,0,0,0,0,0,0,0,0,0,1,0,0
09-MAY-2026,N3410041,84552,0,84552,7046,0,0,0,0,0,0,1,0,0
09-MAY-2026,N3410045,0,0,0,0,0,0,0,0,0,0,1,0,0
09-MAY-2026,N3410053,990002.1,0,990002.1,80930,0,0,0,0,0,0,1,0,0
09-MAY-2026,N3410113,0,0,0,0,0,0,0,0,0,0,1,0,0
09-MAY-2026,N3410114,129432,0,129432,10786,0,0,0,0,0,0,1,0,0
09-MAY-2026,N3410116,0,0,0,0,0,0,0,0,0,0,1,0,0
09-MAY-2026,N3410122,0,0,0,0,0,0,0,0,0,0,1,0,0
09-MAY-2026,N3410146,0,0,0,0,0,0,0,0,0,0,1,0,0
09-MAY-2026,N3410171,488232,0,488232,40686,0,0,0,0,0,0,1,0,0
09-MAY-2026,N3410172,81480,0,81480,6790,0,0,0,0,0,0,1,0,0
09-MAY-2026,N3730009,144720,0,144720,12060,0,0,0,0,0,0,1,0,0
09-MAY-2026,N3730011,0,0,0,0,0,0,0,0,0,0,1,0,0
09-MAY-2026,N3730013,0,0,0,0,0,0,0,0,0,0,1,0,0
09-MAY-2026,N4890007,0,0,0,0,0,0,0,0,0,0,1,0,0
09-MAY-2026,N5130119,0,0,0,0,0,0,0,0,0,0,1,0,0
09-MAY-2026,N5410033,7120596,0,7120596,593383,0,0,0,0,0,0,1,0,0
09-MAY-2026,N5410034,8136012.96,0,8136012.96,616455,0,0,0,0,0,0,1,0,0
09-MAY-2026,N5420034,0,0,0,0,0,0,0,0,0,0,1,0,0
09-MAY-2026,N5470003,0,0,0,0,0,0,0,0,0,0,1,0,0
09-MAY-2026,N6650002,0,0,0,0,0,0,0,0,0,0,1,0,0
09-MAY-2026,N8020021,0,0,0,0,0,0,0,0,0,0,1,0,0
09-MAY-2026,N8220004,0,0,0,0,0,0,0,0,0,0,1,0,0
09-MAY-2026,N9620001,0,0,0,0,0,0,0,0,0,0,1,0,0
09-MAY-2026,N9710004,0,0,0,0,0,0,0,0,0,0,1,0,0
09-MAY-2026,NBR295,0,0,0,0,0,0,0,0,0,0,1,0,0
09-MAY-2026,NBR434,0,0,0,0,0,0,0,0,0,0,1,0,0
09-MAY-2026,NBR509,0,0,0,0,0,0,0,0,0,0,1,0,0
09-MAY-2026,NBR74,0,0,0,0,0,0,0,0,0,0,1,0,0
09-MAY-2026,NCDXRAJ01,0,0,0,0,0,0,0,0,0,0,1,0,0
09-MAY-2026,NCDXSAN01,0,0,0,0,0,0,0,0,0,0,1,0,0
09-MAY-2026,ND007,100237.8,0,100237.8,8135,0,0,0,0,0,0,1,0,0
09-MAY-2026,ND095,0,0,0,0,0,0,0,0,0,0,1,0,0
09-MAY-2026,ND138,0,0,0,0,0,0,0,0,0,0,1,0,0
09-MAY-2026,ND168,0,0,0,0,0,0,0,0,0,0,1,0,0
09-MAY-2026,ND171,325920,0,325920,27160,0,0,0,0,0,0,1,0,0
09-MAY-2026,ND183,0,0,0,0,0,0,0,0,0,0,1,0,0
09-MAY-2026,ND334,0,0,0,0,0,0,0,0,0,0,1,0,0
09-MAY-2026,NIC1190,0,0,0,0,0,0,0,0,0,0,1,0,0
09-MAY-2026,NIC1536,0,0,0,0,0,0,0,0,0,0,1,0,0
09-MAY-2026,NIC743,0,0,0,0,0,0,0,0,0,0,1,0,0
09-MAY-2026,NM097,0,0,0,0,0,0,0,0,0,0,1,0,0
09-MAY-2026,NM543,0,0,0,0,0,0,0,0,0,0,1,0,0
09-MAY-2026,NMS155,0,0,0,0,0,0,0,0,0,0,1,0,0
09-MAY-2026,NR001987,0,0,0,0,0,0,0,0,0,0,1,0,0
09-MAY-2026,NRP0010,0,0,0,0,0,0,0,0,0,0,1,0,0
09-MAY-2026,NVSSB77,0,0,0,0,0,0,0,0,0,0,1,0,0
09-MAY-2026,ORSA32,0,0,0,0,0,0,0,0,0,0,1,0,0
09-MAY-2026,ORSH32,0,0,0,0,0,0,0,0,0,0,1,0,0
09-MAY-2026,ORSK41,0,0,0,0,0,0,0,0,0,0,1,0,0
09-MAY-2026,ORSU40,0,0,0,0,0,0,0,0,0,0,1,0,0
09-MAY-2026,P0623,0,0,0,0,0,0,0,0,0,0,1,0,0
09-MAY-2026,P07,0,0,0,0,0,0,0,0,0,0,1,0,0
09-MAY-2026,PIP149,0,0,0,0,0,0,0,0,0,0,1,0,0
09-MAY-2026,PLIK05,0,0,0,0,0,0,0,0,0,0,1,0,0
09-MAY-2026,PMP558,0,0,0,0,0,0,0,0,0,0,1,0,0
09-MAY-2026,PNB01231,0,0,0,0,0,0,0,0,0,0,1,0,0
09-MAY-2026,PND00211,0,0,0,0,0,0,0,0,0,0,1,0,0
09-MAY-2026,PND065,34566,0,34566,2880.5,0,0,0,0,0,0,1,0,0
09-MAY-2026,PND146,0,0,0,0,0,0,0,0,0,0,1,0,0
09-MAY-2026,PND169,34566,0,34566,2880.5,0,0,0,0,0,0,1,0,0
09-MAY-2026,PND176,0,0,0,0,0,0,0,0,0,0,1,0,0
09-MAY-2026,PND186,0,0,0,0,0,0,0,0,0,0,1,0,0
09-MAY-2026,PND195,0,0,0,0,0,0,0,0,0,0,1,0,0
09-MAY-2026,PND203,0,0,0,0,0,0,0,0,0,0,1,0,0
09-MAY-2026,PND204,0,0,0,0,0,0,0,0,0,0,1,0,0
09-MAY-2026,PND221,0,0,0,0,0,0,0,0,0,0,1,0,0
09-MAY-2026,PND226,0,0,0,0,0,0,0,0,0,0,1,0,0
09-MAY-2026,PND232,0,0,0,0,0,0,0,0,0,0,1,0,0
09-MAY-2026,PNG00101,0,0,0,0,0,0,0,0,0,0,1,0,0
09-MAY-2026,PNG33669,0,0,0,0,0,0,0,0,0,0,1,0,0
09-MAY-2026,PNG40418,0,0,0,0,0,0,0,0,0,0,1,0,0
09-MAY-2026,PNG90108,0,0,0,0,0,0,0,0,0,0,1,0,0
09-MAY-2026,PNM1524,0,0,0,0,0,0,0,0,0,0,1,0,0
09-MAY-2026,PNM501,0,0,0,0,0,0,0,0,0,0,1,0,0
09-MAY-2026,PNP01198,0,0,0,0,0,0,0,0,0,0,1,0,0
09-MAY-2026,PT520012,0,0,0,0,0,0,0,0,0,0,1,0,0
09-MAY-2026,R1750490,0,0,0,0,0,0,0,0,0,0,1,0,0
09-MAY-2026,R1800106,0,0,0,0,0,0,0,0,0,0,1,0,0
09-MAY-2026,R2260019,0,0,0,0,0,0,0,0,0,0,1,0,0
09-MAY-2026,R2360002,0,0,0,0,0,0,0,0,0,0,1,0,0
09-MAY-2026,R2370044,0,0,0,0,0,0,0,0,0,0,1,0,0
09-MAY-2026,R2560028,0,0,0,0,0,0,0,0,0,0,1,0,0
09-MAY-2026,R2690028,0,0,0,0,0,0,0,0,0,0,1,0,0
09-MAY-2026,R2690310,0,0,0,0,0,0,0,0,0,0,1,0,0
09-MAY-2026,R3050027,0,0,0,0,0,0,0,0,0,0,1,0,0
09-MAY-2026,R3170009,0,0,0,0,0,0,0,0,0,0,1,0,0
09-MAY-2026,R3720024,0,0,0,0,0,0,0,0,0,0,1,0,0
09-MAY-2026,R3960047,74088,0,74088,6174,0,0,0,0,0,0,1,0,0
09-MAY-2026,R4130020,0,0,0,0,0,0,0,0,0,0,1,0,0
09-MAY-2026,R4150014,0,0,0,0,0,0,0,0,0,0,1,0,0
09-MAY-2026,R4540004,0,0,0,0,0,0,0,0,0,0,1,0,0
09-MAY-2026,R4540006,0,0,0,0,0,0,0,0,0,0,1,0,0
09-MAY-2026,R4980012,0,0,0,0,0,0,0,0,0,0,1,0,0
09-MAY-2026,R4980041,0,0,0,0,0,0,0,0,0,0,1,0,0
09-MAY-2026,R5120716,0,0,0,0,0,0,0,0,0,0,1,0,0
09-MAY-2026,R5150001,0,0,0,0,0,0,0,0,0,0,1,0,0
09-MAY-2026,R5150002,0,0,0,0,0,0,0,0,0,0,1,0,0
09-MAY-2026,R5150008,40482000,0,40482000,3373500,0,0,0,0,0,0,1,0,0
09-MAY-2026,R5390109,0,0,0,0,0,0,0,0,0,0,1,0,0
09-MAY-2026,R5500236,0,0,0,0,0,0,0,0,0,0,1,0,0
09-MAY-2026,R5550025,0,0,0,0,0,0,0,0,0,0,1,0,0
09-MAY-2026,R5550059,0,0,0,0,0,0,0,0,0,0,1,0,0
09-MAY-2026,R5550153,0,0,0,0,0,0,0,0,0,0,1,0,0
09-MAY-2026,R5550209,0,0,0,0,0,0,0,0,0,0,1,0,0
09-MAY-2026,R5740003,0,0,0,0,0,0,0,0,0,0,1,0,0
09-MAY-2026,R5970113,0,0,0,0,0,0,0,0,0,0,1,0,0
09-MAY-2026,R6120007,0,0,0,0,0,0,0,0,0,0,1,0,0
09-MAY-2026,R6290016,0,0,0,0,0,0,0,0,0,0,1,0,0
09-MAY-2026,R6290022,0,0,0,0,0,0,0,0,0,0,1,0,0
09-MAY-2026,R6710101,0,0,0,0,0,0,0,0,0,0,1,0,0
09-MAY-2026,R6770088,0,0,0,0,0,0,0,0,0,0,1,0,0
09-MAY-2026,R6820043,101706,0,101706,8475.5,0,0,0,0,0,0,1,0,0
09-MAY-2026,R6820162,0,0,0,0,0,0,0,0,0,0,1,0,0
09-MAY-2026,R6820163,101706,0,101706,8475.5,0,0,0,0,0,0,1,0,0
09-MAY-2026,R6820198,392500,0,392500,49062.5,0,0,0,0,0,0,1,0,0
09-MAY-2026,R6820207,0,0,0,0,0,0,0,0,0,0,1,0,0
09-MAY-2026,R6870030,0,0,0,0,0,0,0,0,0,0,1,0,0
09-MAY-2026,R6870091,0,0,0,0,0,0,0,0,0,0,1,0,0
09-MAY-2026,R6870190,0,0,0,0,0,0,0,0,0,0,1,0,0
09-MAY-2026,R6870250,0,0,0,0,0,0,0,0,0,0,1,0,0
09-MAY-2026,R6880079,0,0,0,0,0,0,0,0,0,0,1,0,0
09-MAY-2026,R6910021,0,0,0,0,0,0,0,0,0,0,1,0,0
09-MAY-2026,R7430031,0,0,0,0,0,0,0,0,0,0,1,0,0
09-MAY-2026,R7500200,0,0,0,0,0,0,0,0,0,0,1,0,0
09-MAY-2026,R7500684,0,0,0,0,0,0,0,0,0,0,1,0,0
09-MAY-2026,R7500843,0,0,0,0,0,0,0,0,0,0,1,0,0
09-MAY-2026,R7501015,0,0,0,0,0,0,0,0,0,0,1,0,0
09-MAY-2026,R7501130,0,0,0,0,0,0,0,0,0,0,1,0,0
09-MAY-2026,R7501257,0,0,0,0,0,0,0,0,0,0,1,0,0
09-MAY-2026,R7530099,0,0,0,0,0,0,0,0,0,0,1,0,0
09-MAY-2026,R7670014,0,0,0,0,0,0,0,0,0,0,1,0,0
09-MAY-2026,R7670126,0,0,0,0,0,0,0,0,0,0,1,0,0
09-MAY-2026,R7940003,4792988.24,0,4792988.24,387570,0,0,0,0,0,0,1,0,0
09-MAY-2026,R7940104,0,0,0,0,0,0,0,0,0,0,1,0,0
09-MAY-2026,R7940116,270562.97,0,270562.97,21300,0,0,0,0,0,0,1,0,0
09-MAY-2026,R8530007,0,0,0,0,0,0,0,0,0,0,1,0,0
09-MAY-2026,R8620017,0,0,0,0,0,0,0,0,0,0,1,0,0
09-MAY-2026,R8660037,0,0,0,0,0,0,0,0,0,0,1,0,0
09-MAY-2026,R8720001,0,0,0,0,0,0,0,0,0,0,1,0,0
09-MAY-2026,R8720002,174026.4,0,174026.4,11800,0,0,0,0,0,0,1,0,0
09-MAY-2026,R8720003,3323189.44,0,3323189.44,247625,0,0,0,0,0,0,1,0,0
09-MAY-2026,R872B102,431292,0,431292,35941,0,0,0,0,0,0,1,0,0
09-MAY-2026,R8990073,0,0,0,0,0,0,0,0,0,0,1,0,0
09-MAY-2026,R9080003,0,0,0,0,0,0,0,0,0,0,1,0,0
09-MAY-2026,R9240075,0,0,0,0,0,0,0,0,0,0,1,0,0
09-MAY-2026,R9240083,0,0,0,0,0,0,0,0,0,0,1,0,0
09-MAY-2026,R9290002,0,0,0,0,0,0,0,0,0,0,1,0,0
09-MAY-2026,R9290093,0,0,0,0,0,0,0,0,0,0,1,0,0
09-MAY-2026,R9350048,0,0,0,0,0,0,0,0,0,0,1,0,0
09-MAY-2026,R9500158,0,0,0,0,0,0,0,0,0,0,1,0,0
09-MAY-2026,R9750001,0,0,0,0,0,0,0,0,0,0,1,0,0
09-MAY-2026,R9850013,0,0,0,0,0,0,0,0,0,0,1,0,0
09-MAY-2026,R9910011,0,0,0,0,0,0,0,0,0,0,1,0,0
09-MAY-2026,R9920001,0,0,0,0,0,0,0,0,0,0,1,0,0
09-MAY-2026,RABM27,0,0,0,0,0,0,0,0,0,0,1,0,0
09-MAY-2026,RC136,0,0,0,0,0,0,0,0,0,0,1,0,0
09-MAY-2026,RCH00215,0,0,0,0,0,0,0,0,0,0,1,0,0
09-MAY-2026,RCH00327,0,0,0,0,0,0,0,0,0,0,1,0,0
09-MAY-2026,RCH01293,0,0,0,0,0,0,0,0,0,0,1,0,0
09-MAY-2026,RHTD004,0,0,0,0,0,0,0,0,0,0,1,0,0
09-MAY-2026,RJK1827,0,0,0,0,0,0,0,0,0,0,1,0,0
09-MAY-2026,RM015,0,0,0,0,0,0,0,0,0,0,1,0,0
09-MAY-2026,RP180,0,0,0,0,0,0,0,0,0,0,1,0,0
09-MAY-2026,RSH030,0,0,0,0,0,0,0,0,0,0,1,0,0
09-MAY-2026,RSP013,0,0,0,0,0,0,0,0,0,0,1,0,0
09-MAY-2026,RSRK502,0,0,0,0,0,0,0,0,0,0,1,0,0
09-MAY-2026,RSRK509,0,0,0,0,0,0,0,0,0,0,1,0,0
09-MAY-2026,RSRN508,0,0,0,0,0,0,0,0,0,0,1,0,0
09-MAY-2026,RSRN511,0,0,0,0,0,0,0,0,0,0,1,0,0
09-MAY-2026,RSRR001,0,0,0,0,0,0,0,0,0,0,1,0,0
09-MAY-2026,RSRS505,0,0,0,0,0,0,0,0,0,0,1,0,0
09-MAY-2026,RSRU501,0,0,0,0,0,0,0,0,0,0,1,0,0
09-MAY-2026,RTM10,0,0,0,0,0,0,0,0,0,0,1,0,0
09-MAY-2026,RU040,0,0,0,0,0,0,0,0,0,0,1,0,0
09-MAY-2026,S0100063,0,0,0,0,0,0,0,0,0,0,1,0,0
09-MAY-2026,S0100095,0,0,0,0,0,0,0,0,0,0,1,0,0
09-MAY-2026,S0100697,0,0,0,0,0,0,0,0,0,0,1,0,0
09-MAY-2026,S0101100,0,0,0,0,0,0,0,0,0,0,1,0,0
09-MAY-2026,S0101116,0,0,0,0,0,0,0,0,0,0,1,0,0
09-MAY-2026,S0101793,0,0,0,0,0,0,0,0,0,0,1,0,0
09-MAY-2026,S0101807,0,0,0,0,0,0,0,0,0,0,1,0,0
09-MAY-2026,S0102043,0,0,0,0,0,0,0,0,0,0,1,0,0
09-MAY-2026,S0102145,0,0,0,0,0,0,0,0,0,0,1,0,0
09-MAY-2026,S0500020,0,0,0,0,0,0,0,0,0,0,1,0,0
09-MAY-2026,S0500067,0,0,0,0,0,0,0,0,0,0,1,0,0
09-MAY-2026,S0500354,0,0,0,0,0,0,0,0,0,0,1,0,0
09-MAY-2026,S0501004,0,0,0,0,0,0,0,0,0,0,1,0,0
09-MAY-2026,S0501027,0,0,0,0,0,0,0,0,0,0,1,0,0
09-MAY-2026,S0501034,0,0,0,0,0,0,0,0,0,0,1,0,0
09-MAY-2026,S05J0006,0,0,0,0,0,0,0,0,0,0,1,0,0
09-MAY-2026,S06B0002,0,0,0,0,0,0,0,0,0,0,1,0,0
09-MAY-2026,S1300008,0,0,0,0,0,0,0,0,0,0,1,0,0
09-MAY-2026,S1300131,0,0,0,0,0,0,0,0,0,0,1,0,0
09-MAY-2026,S1600015,0,0,0,0,0,0,0,0,0,0,1,0,0
09-MAY-2026,S2270001,0,0,0,0,0,0,0,0,0,0,1,0,0
09-MAY-2026,S2510036,0,0,0,0,0,0,0,0,0,0,1,0,0
09-MAY-2026,S3030500,0,0,0,0,0,0,0,0,0,0,1,0,0
09-MAY-2026,S3120071,0,0,0,0,0,0,0,0,0,0,1,0,0
09-MAY-2026,S3120075,0,0,0,0,0,0,0,0,0,0,1,0,0
09-MAY-2026,S3130001,0,0,0,0,0,0,0,0,0,0,1,0,0
09-MAY-2026,S3330220,0,0,0,0,0,0,0,0,0,0,1,0,0
09-MAY-2026,S3340041,0,0,0,0,0,0,0,0,0,0,1,0,0
09-MAY-2026,S4160005,0,0,0,0,0,0,0,0,0,0,1,0,0
09-MAY-2026,S4160057,0,0,0,0,0,0,0,0,0,0,1,0,0
09-MAY-2026,S4640121,0,0,0,0,0,0,0,0,0,0,1,0,0
09-MAY-2026,S4640247,0,0,0,0,0,0,0,0,0,0,1,0,0
09-MAY-2026,S5240027,0,0,0,0,0,0,0,0,0,0,1,0,0
09-MAY-2026,S5290211,0,0,0,0,0,0,0,0,0,0,1,0,0
09-MAY-2026,S5660337,0,0,0,0,0,0,0,0,0,0,1,0,0
09-MAY-2026,S5880037,0,0,0,0,0,0,0,0,0,0,1,0,0
09-MAY-2026,S6270097,0,0,0,0,0,0,0,0,0,0,1,0,0
09-MAY-2026,S6271253,0,0,0,0,0,0,0,0,0,0,1,0,0
09-MAY-2026,S6770063,0,0,0,0,0,0,0,0,0,0,1,0,0
09-MAY-2026,S7440295,0,0,0,0,0,0,0,0,0,0,1,0,0
09-MAY-2026,S7660003,0,0,0,0,0,0,0,0,0,0,1,0,0
09-MAY-2026,S7770075,0,0,0,0,0,0,0,0,0,0,1,0,0
09-MAY-2026,S7950019,0,0,0,0,0,0,0,0,0,0,1,0,0
09-MAY-2026,S8010018,0,0,0,0,0,0,0,0,0,0,1,0,0
09-MAY-2026,S8240001,0,0,0,0,0,0,0,0,0,0,1,0,0
09-MAY-2026,S8360066,0,0,0,0,0,0,0,0,0,0,1,0,0
09-MAY-2026,S8360401,0,0,0,0,0,0,0,0,0,0,1,0,0
09-MAY-2026,S8360517,0,0,0,0,0,0,0,0,0,0,1,0,0
09-MAY-2026,S8360535,0,0,0,0,0,0,0,0,0,0,1,0,0
09-MAY-2026,S8360829,0,0,0,0,0,0,0,0,0,0,1,0,0
09-MAY-2026,S8360913,0,0,0,0,0,0,0,0,0,0,1,0,0
09-MAY-2026,S8360923,0,0,0,0,0,0,0,0,0,0,1,0,0
09-MAY-2026,S8710008,0,0,0,0,0,0,0,0,0,0,1,0,0
09-MAY-2026,S8750092,0,0,0,0,0,0,0,0,0,0,1,0,0
09-MAY-2026,S8750304,0,0,0,0,0,0,0,0,0,0,1,0,0
09-MAY-2026,S9110044,0,0,0,0,0,0,0,0,0,0,1,0,0
09-MAY-2026,S9130038,0,0,0,0,0,0,0,0,0,0,1,0,0
09-MAY-2026,S9220001,0,0,0,0,0,0,0,0,0,0,1,0,0
09-MAY-2026,S9930088,0,0,0,0,0,0,0,0,0,0,1,0,0
09-MAY-2026,S9930280,0,0,0,0,0,0,0,0,0,0,1,0,0
09-MAY-2026,S9930295,0,0,0,0,0,0,0,0,0,0,1,0,0
09-MAY-2026,S9930349,0,0,0,0,0,0,0,0,0,0,1,0,0
09-MAY-2026,S9970065,0,0,0,0,0,0,0,0,0,0,1,0,0
09-MAY-2026,S9970158,0,0,0,0,0,0,0,0,0,0,1,0,0
09-MAY-2026,SAL1046,601426.81,0,601426.81,48810,0,0,0,0,0,0,1,0,0
09-MAY-2026,SAL1203,0,0,0,0,0,0,0,0,0,0,1,0,0
09-MAY-2026,SAL336,0,0,0,0,0,0,0,0,0,0,1,0,0
09-MAY-2026,SAP0003,0,0,0,0,0,0,0,0,0,0,1,0,0
09-MAY-2026,SAP2510,0,0,0,0,0,0,0,0,0,0,1,0,0
09-MAY-2026,SCGG3,0,0,0,0,0,0,0,0,0,0,1,0,0
09-MAY-2026,SCMDN02,0,0,0,0,0,0,0,0,0,0,1,0,0
09-MAY-2026,SCMM27,0,0,0,0,0,0,0,0,0,0,1,0,0
09-MAY-2026,SCMY8,0,0,0,0,0,0,0,0,0,0,1,0,0
09-MAY-2026,SFS1084,0,0,0,0,0,0,0,0,0,0,1,0,0
09-MAY-2026,SFS1456,0,0,0,0,0,0,0,0,0,0,1,0,0
09-MAY-2026,SFS160,0,0,0,0,0,0,0,0,0,0,1,0,0
09-MAY-2026,SFS601,0,0,0,0,0,0,0,0,0,0,1,0,0
09-MAY-2026,SHN076,0,0,0,0,0,0,0,0,0,0,1,0,0
09-MAY-2026,SID038,0,0,0,0,0,0,0,0,0,0,1,0,0
09-MAY-2026,SIM18,0,0,0,0,0,0,0,0,0,0,1,0,0
09-MAY-2026,SJP075,202922.23,0,202922.23,15975,0,0,0,0,0,0,1,0,0
09-MAY-2026,SJS1123,0,0,0,0,0,0,0,0,0,0,1,0,0
09-MAY-2026,SJS1284,0,0,0,0,0,0,0,0,0,0,1,0,0
09-MAY-2026,SJS1475,0,0,0,0,0,0,0,0,0,0,1,0,0
09-MAY-2026,SJS1610,0,0,0,0,0,0,0,0,0,0,1,0,0
09-MAY-2026,SJS1656,67470,0,67470,5622.5,0,0,0,0,0,0,1,0,0
09-MAY-2026,SJS1709,0,0,0,0,0,0,0,0,0,0,1,0,0
09-MAY-2026,SJS1723,0,0,0,0,0,0,0,0,0,0,1,0,0
09-MAY-2026,SJS1831,0,0,0,0,0,0,0,0,0,0,1,0,0
09-MAY-2026,SJS1919,0,0,0,0,0,0,0,0,0,0,1,0,0
09-MAY-2026,SJS1936,3040760.06,0,3040760.06,244980,0,0,0,0,0,0,1,0,0
09-MAY-2026,SJS1964,0,0,0,0,0,0,0,0,0,0,1,0,0
09-MAY-2026,SJS200,0,0,0,0,0,0,0,0,0,0,1,0,0
09-MAY-2026,SJS201,0,0,0,0,0,0,0,0,0,0,1,0,0
09-MAY-2026,SJS2030,0,0,0,0,0,0,0,0,0,0,1,0,0
09-MAY-2026,SJS2038,19932531.47,0,19932531.47,1638705,0,0,35520,0,0,0,1,0,0
09-MAY-2026,SJS2058,0,0,0,0,0,0,0,0,0,0,1,0,0
09-MAY-2026,SJS2238,2705629.72,0,2705629.72,213000,0,0,0,0,0,0,1,0,0
09-MAY-2026,SJS2308,67470,0,67470,5622.5,0,0,0,0,0,0,1,0,0
09-MAY-2026,SJS413,0,0,0,0,0,0,0,0,0,0,1,0,0
09-MAY-2026,SJS784,944580,0,944580,78715,0,0,0,0,0,0,1,0,0
09-MAY-2026,SJS807,67640.74,0,67640.74,5325,0,0,0,0,0,0,1,0,0
09-MAY-2026,SKB428,0,0,0,0,0,0,0,0,0,0,1,0,0
09-MAY-2026,SLS157,0,0,0,0,0,0,0,0,0,0,1,0,0
09-MAY-2026,SLS202,0,0,0,0,0,0,0,0,0,0,1,0,0
09-MAY-2026,SLT00709,0,0,0,0,0,0,0,0,0,0,1,0,0
09-MAY-2026,SLT00847,0,0,0,0,0,0,0,0,0,0,1,0,0
09-MAY-2026,SLT0150,0,0,0,0,0,0,0,0,0,0,1,0,0
09-MAY-2026,SLT05659,0,0,0,0,0,0,0,0,0,0,1,0,0
09-MAY-2026,SLT06251,0,0,0,0,0,0,0,0,0,0,1,0,0
09-MAY-2026,SLT06825,0,0,0,0,0,0,0,0,0,0,1,0,0
09-MAY-2026,SLT06826,0,0,0,0,0,0,0,0,0,0,1,0,0
09-MAY-2026,SLV089,0,0,0,0,0,0,0,0,0,0,1,0,0
09-MAY-2026,SNGS335,0,0,0,0,0,0,0,0,0,0,1,0,0
09-MAY-2026,SNGV16,0,0,0,0,0,0,0,0,0,0,1,0,0
09-MAY-2026,STM257,0,0,0,0,0,0,0,0,0,0,1,0,0
09-MAY-2026,STN2222,0,0,0,0,0,0,0,0,0,0,1,0,0
09-MAY-2026,SUB18,0,0,0,0,0,0,0,0,0,0,1,0,0
09-MAY-2026,T0590001,0,0,0,0,0,0,0,0,0,0,1,0,0
09-MAY-2026,T1040048,0,0,0,0,0,0,0,0,0,0,1,0,0
09-MAY-2026,T1390028,0,0,0,0,0,0,0,0,0,0,1,0,0
09-MAY-2026,T1560009,0,0,0,0,0,0,0,0,0,0,1,0,0
09-MAY-2026,T1580003,0,0,0,0,0,0,0,0,0,0,1,0,0
09-MAY-2026,T1580009,0,0,0,0,0,0,0,0,0,0,1,0,0
09-MAY-2026,T1800004,0,0,0,0,0,0,0,0,0,0,1,0,0
09-MAY-2026,T1850178,0,0,0,0,0,0,0,0,0,0,1,0,0
09-MAY-2026,T2070002,0,0,0,0,0,0,0,0,0,0,1,0,0
09-MAY-2026,T2130021,0,0,0,0,0,0,0,0,0,0,1,0,0
09-MAY-2026,T2260221,0,0,0,0,0,0,0,0,0,0,1,0,0
09-MAY-2026,T2320079,0,0,0,0,0,0,0,0,0,0,1,0,0
09-MAY-2026,T2880025,0,0,0,0,0,0,0,0,0,0,1,0,0
09-MAY-2026,T3310047,0,0,0,0,0,0,0,0,0,0,1,0,0
09-MAY-2026,T4351023,0,0,0,0,0,0,0,0,0,0,1,0,0
09-MAY-2026,T4351043,0,0,0,0,0,0,0,0,0,0,1,0,0
09-MAY-2026,T4930018,0,0,0,0,0,0,0,0,0,0,1,0,0
09-MAY-2026,T4950007,0,0,0,0,0,0,0,0,0,0,1,0,0
09-MAY-2026,T5510054,0,0,0,0,0,0,0,0,0,0,1,0,0
09-MAY-2026,T5610004,0,0,0,0,0,0,0,0,0,0,1,0,0
09-MAY-2026,T5610006,0,0,0,0,0,0,0,0,0,0,1,0,0
09-MAY-2026,T5890133,0,0,0,0,0,0,0,0,0,0,1,0,0
09-MAY-2026,T6150052,0,0,0,0,0,0,0,0,0,0,1,0,0
09-MAY-2026,T6250014,0,0,0,0,0,0,0,0,0,0,1,0,0
09-MAY-2026,T6250015,0,0,0,0,0,0,0,0,0,0,1,0,0
09-MAY-2026,T6750001,0,0,0,0,0,0,0,0,0,0,1,0,0
09-MAY-2026,T7520007,0,0,0,0,0,0,0,0,0,0,1,0,0
09-MAY-2026,T8320010,0,0,0,0,0,0,0,0,0,0,1,0,0
09-MAY-2026,T8520002,0,0,0,0,0,0,0,0,0,0,1,0,0
09-MAY-2026,T8790001,0,0,0,0,0,0,0,0,0,0,1,0,0
09-MAY-2026,T9390004,0,0,0,0,0,0,0,0,0,0,1,0,0
09-MAY-2026,TAJ046,0,0,0,0,0,0,0,0,0,0,1,0,0
09-MAY-2026,TAXHC1,0,0,0,0,0,0,0,0,0,0,1,0,0
09-MAY-2026,TAXSF1,13532103.16,0,13532103.16,1098225,0,0,0,0,0,0,1,0,0
09-MAY-2026,TAXSI3,488880,0,488880,40740,0,0,0,0,0,0,1,0,0
09-MAY-2026,TAXSI4,0,0,0,0,0,0,0,0,0,0,1,0,0
09-MAY-2026,TAXSM2,0,0,0,0,0,0,0,0,0,0,1,0,0
09-MAY-2026,TAXUT1,0,0,0,0,0,0,0,0,0,0,1,0,0
09-MAY-2026,TAXVC1,0,0,0,0,0,0,0,0,0,0,1,0,0
09-MAY-2026,TF438,0,0,0,0,0,0,0,0,0,0,1,0,0
09-MAY-2026,TF452,0,0,0,0,0,0,0,0,0,0,1,0,0
09-MAY-2026,U1240025,0,0,0,0,0,0,0,0,0,0,1,0,0
09-MAY-2026,U1590006,0,0,0,0,0,0,0,0,0,0,1,0,0
09-MAY-2026,U2040007,0,0,0,0,0,0,0,0,0,0,1,0,0
09-MAY-2026,U2270042,0,0,0,0,0,0,0,0,0,0,1,0,0
09-MAY-2026,U2690007,0,0,0,0,0,0,0,0,0,0,1,0,0
09-MAY-2026,U3370021,0,0,0,0,0,0,0,0,0,0,1,0,0
09-MAY-2026,U3710006,0,0,0,0,0,0,0,0,0,0,1,0,0
09-MAY-2026,U3710052,0,0,0,0,0,0,0,0,0,0,1,0,0
09-MAY-2026,U3760006,0,0,0,0,0,0,0,0,0,0,1,0,0
09-MAY-2026,U4330001,0,0,0,0,0,0,0,0,0,0,1,0,0
09-MAY-2026,U4530002,0,0,0,0,0,0,0,0,0,0,1,0,0
09-MAY-2026,U4530026,0,0,0,0,0,0,0,0,0,0,1,0,0
09-MAY-2026,UDNJ01,0,0,0,0,0,0,0,0,0,0,1,0,0
09-MAY-2026,V0130798,0,0,0,0,0,0,0,0,0,0,1,0,0
09-MAY-2026,V0130896,0,0,0,0,0,0,0,0,0,0,1,0,0
09-MAY-2026,V0130999,0,0,0,0,0,0,0,0,0,0,1,0,0
09-MAY-2026,V0132105,0,0,0,0,0,0,0,0,0,0,1,0,0
09-MAY-2026,V0132173,0,0,0,0,0,0,0,0,0,0,1,0,0
09-MAY-2026,V0132430,0,0,0,0,0,0,0,0,0,0,1,0,0
09-MAY-2026,V0132526,0,0,0,0,0,0,0,0,0,0,1,0,0
09-MAY-2026,V0132649,0,0,0,0,0,0,0,0,0,0,1,0,0
09-MAY-2026,V0132653,0,0,0,0,0,0,0,0,0,0,1,0,0
09-MAY-2026,V0132763,0,0,0,0,0,0,0,0,0,0,1,0,0
09-MAY-2026,V0133545,0,0,0,0,0,0,0,0,0,0,1,0,0
09-MAY-2026,V0133648,0,0,0,0,0,0,0,0,0,0,1,0,0
09-MAY-2026,V0133653,294525.45,0,294525.45,24195,0,0,0,0,0,0,1,0,0
09-MAY-2026,V0133702,171643.8,0,171643.8,14085.5,0,0,0,0,0,0,1,0,0
09-MAY-2026,V0133854,0,0,0,0,0,0,0,0,0,0,1,0,0
09-MAY-2026,V0134153,0,0,0,0,0,0,0,0,0,0,1,0,0
09-MAY-2026,V0134265,146628,0,146628,12219,0,0,0,0,0,0,1,0,0
09-MAY-2026,V0135271,0,0,0,0,0,0,0,0,0,0,1,0,0
09-MAY-2026,V0135274,0,0,0,0,0,0,0,0,0,0,1,0,0
09-MAY-2026,V0135275,0,0,0,0,0,0,0,0,0,0,1,0,0
09-MAY-2026,V0136610,0,0,0,0,0,0,0,0,0,0,1,0,0
09-MAY-2026,V01W0031,0,0,0,0,0,0,0,0,0,0,1,0,0
09-MAY-2026,V1830011,0,0,0,0,0,0,0,0,0,0,1,0,0
09-MAY-2026,V1830068,0,0,0,0,0,0,0,0,0,0,1,0,0
09-MAY-2026,V2470010,0,0,0,0,0,0,0,0,0,0,1,0,0
09-MAY-2026,V4280007,0,0,0,0,0,0,0,0,0,0,1,0,0
09-MAY-2026,V4510016,0,0,0,0,0,0,0,0,0,0,1,0,0
09-MAY-2026,V4771017,0,0,0,0,0,0,0,0,0,0,1,0,0
09-MAY-2026,V4777780,0,0,0,0,0,0,0,0,0,0,1,0,0
09-MAY-2026,V5020002,0,0,0,0,0,0,0,0,0,0,1,0,0
09-MAY-2026,V5400931,0,0,0,0,0,0,0,0,0,0,1,0,0
09-MAY-2026,V5650081,0,0,0,0,0,0,0,0,0,0,1,0,0
09-MAY-2026,V5660044,0,0,0,0,0,0,0,0,0,0,1,0,0
09-MAY-2026,V5730005,0,0,0,0,0,0,0,0,0,0,1,0,0
09-MAY-2026,V5730006,0,0,0,0,0,0,0,0,0,0,1,0,0
09-MAY-2026,V5730083,0,0,0,0,0,0,0,0,0,0,1,0,0
09-MAY-2026,V5730090,0,0,0,0,0,0,0,0,0,0,1,0,0
09-MAY-2026,V5730091,0,0,0,0,0,0,0,0,0,0,1,0,0
09-MAY-2026,V5750003,0,0,0,0,0,0,0,0,0,0,1,0,0
09-MAY-2026,V5930088,0,0,0,0,0,0,0,0,0,0,1,0,0
09-MAY-2026,V5990022,34566,0,34566,2880.5,0,0,0,0,0,0,1,0,0
09-MAY-2026,V5990100,0,0,0,0,0,0,0,0,0,0,1,0,0
09-MAY-2026,V6050750,196350.3,0,196350.3,16130,0,0,0,0,0,0,1,0,0
09-MAY-2026,V6051007,0,0,0,0,0,0,0,0,0,0,1,0,0
09-MAY-2026,V6051771,2945254.49,0,2945254.49,241950,0,0,0,0,0,0,1,0,0
09-MAY-2026,V6051772,0,0,0,0,0,0,0,0,0,0,1,0,0
09-MAY-2026,V6051777,0,0,0,0,0,0,0,0,0,0,1,0,0
09-MAY-2026,V6052122,19947322.43,0,19947322.43,1618865,0,0,0,0,0,0,1,0,0
09-MAY-2026,V6053020,0,0,0,0,0,0,0,0,0,0,1,0,0
09-MAY-2026,V6053132,0,0,0,0,0,0,0,0,0,0,1,0,0
09-MAY-2026,V6054004,0,0,0,0,0,0,0,0,0,0,1,0,0
09-MAY-2026,V6054142,0,0,0,0,0,0,0,0,0,0,1,0,0
09-MAY-2026,V6054471,0,0,0,0,0,0,0,0,0,0,1,0,0
09-MAY-2026,V6054555,196350.3,0,196350.3,16130,0,0,0,0,0,0,1,0,0
09-MAY-2026,V6055050,0,0,0,0,0,0,0,0,0,0,1,0,0
09-MAY-2026,V6055236,7777295.46,0,7777295.46,633130,0,0,0,0,0,0,1,0,0
09-MAY-2026,V6055545,294525.45,0,294525.45,24195,0,0,0,0,0,0,1,0,0
09-MAY-2026,V6057120,0,0,0,0,0,0,0,0,0,0,1,0,0
09-MAY-2026,V6331717,0,0,0,0,0,0,0,0,0,0,1,0,0
09-MAY-2026,V6333618,0,0,0,0,0,0,0,0,0,0,1,0,0
09-MAY-2026,V6350006,0,0,0,0,0,0,0,0,0,0,1,0,0
09-MAY-2026,V6350030,0,0,0,0,0,0,0,0,0,0,1,0,0
09-MAY-2026,V6570002,0,0,0,0,0,0,0,0,0,0,1,0,0
09-MAY-2026,V6640065,0,0,0,0,0,0,0,0,0,0,1,0,0
09-MAY-2026,V6640248,0,0,0,0,0,0,0,0,0,0,1,0,0
09-MAY-2026,V6880140,0,0,0,0,0,0,0,0,0,0,1,0,0
09-MAY-2026,V6990088,0,0,0,0,0,0,0,0,0,0,1,0,0
09-MAY-2026,V6990134,0,0,0,0,0,0,0,0,0,0,1,0,0
09-MAY-2026,V7010002,0,0,0,0,0,0,0,0,0,0,1,0,0
09-MAY-2026,V7010013,0,0,0,0,0,0,0,0,0,0,1,0,0
09-MAY-2026,V7020041,0,0,0,0,0,0,0,0,0,0,1,0,0
09-MAY-2026,V7030026,0,0,0,0,0,0,0,0,0,0,1,0,0
09-MAY-2026,V7030029,0,0,0,0,0,0,0,0,0,0,1,0,0
09-MAY-2026,V7030131,0,0,0,0,0,0,0,0,0,0,1,0,0
09-MAY-2026,V7070172,0,0,0,0,0,0,0,0,0,0,1,0,0
09-MAY-2026,V7070275,0,0,0,0,0,0,0,0,0,0,1,0,0
09-MAY-2026,V7140088,0,0,0,0,0,0,0,0,0,0,1,0,0
09-MAY-2026,V7140090,0,0,0,0,0,0,0,0,0,0,1,0,0
09-MAY-2026,V7140099,0,0,0,0,0,0,0,0,0,0,1,0,0
09-MAY-2026,V7140100,0,0,0,0,0,0,0,0,0,0,1,0,0
09-MAY-2026,V7140112,0,0,0,0,0,0,0,0,0,0,1,0,0
09-MAY-2026,V7140158,0,0,0,0,0,0,0,0,0,0,1,0,0
09-MAY-2026,V7230096,0,0,0,0,0,0,0,0,0,0,1,0,0
09-MAY-2026,V7230115,0,0,0,0,0,0,0,0,0,0,1,0,0
09-MAY-2026,V7230183,0,0,0,0,0,0,0,0,0,0,1,0,0
09-MAY-2026,V7230243,0,0,0,0,0,0,0,0,0,0,1,0,0
09-MAY-2026,V7230245,0,0,0,0,0,0,0,0,0,0,1,0,0
09-MAY-2026,V7250195,0,0,0,0,0,0,0,0,0,0,1,0,0
09-MAY-2026,V7250256,0,0,0,0,0,0,0,0,0,0,1,0,0
09-MAY-2026,V7250339,0,0,0,0,0,0,0,0,0,0,1,0,0
09-MAY-2026,V7250346,0,0,0,0,0,0,0,0,0,0,1,0,0
09-MAY-2026,V7280007,0,0,0,0,0,0,0,0,0,0,1,0,0
09-MAY-2026,V7400356,0,0,0,0,0,0,0,0,0,0,1,0,0
09-MAY-2026,V7400382,0,0,0,0,0,0,0,0,0,0,1,0,0
09-MAY-2026,V7520036,0,0,0,0,0,0,0,0,0,0,1,0,0
09-MAY-2026,V7530048,0,0,0,0,0,0,0,0,0,0,1,0,0
09-MAY-2026,V7720041,0,0,0,0,0,0,0,0,0,0,1,0,0
09-MAY-2026,V7720089,0,0,0,0,0,0,0,0,0,0,1,0,0
09-MAY-2026,V7870009,0,0,0,0,0,0,0,0,0,0,1,0,0
09-MAY-2026,V7970001,0,0,0,0,0,0,0,0,0,0,1,0,0
09-MAY-2026,V8000002,0,0,0,0,0,0,0,0,0,0,1,0,0
09-MAY-2026,V8000042,0,0,0,0,0,0,0,0,0,0,1,0,0
09-MAY-2026,V8000132,400951.2,0,400951.2,32540,0,0,0,0,0,0,1,0,0
09-MAY-2026,V8000150,0,0,0,0,0,0,0,0,0,0,1,0,0
09-MAY-2026,V8000278,0,0,0,0,0,0,0,0,0,0,1,0,0
09-MAY-2026,V8000369,0,0,0,0,0,0,0,0,0,0,1,0,0
09-MAY-2026,V8000441,0,0,0,0,0,0,0,0,0,0,1,0,0
09-MAY-2026,V8000525,0,0,0,0,0,0,0,0,0,0,1,0,0
09-MAY-2026,V8000550,0,0,0,0,0,0,0,0,0,0,1,0,0
09-MAY-2026,V8000559,0,0,0,0,0,0,0,0,0,0,1,0,0
09-MAY-2026,V8000651,0,0,0,0,0,0,0,0,0,0,1,0,0
09-MAY-2026,V8000789,0,0,0,0,0,0,0,0,0,0,1,0,0
09-MAY-2026,V8000826,0,0,0,0,0,0,0,0,0,0,1,0,0
09-MAY-2026,V8000895,0,0,0,0,0,0,0,0,0,0,1,0,0
09-MAY-2026,V8000900,0,0,0,0,0,0,0,0,0,0,1,0,0
09-MAY-2026,V8000913,0,0,0,0,0,0,0,0,0,0,1,0,0
09-MAY-2026,V8000990,48254907.31,0,48254907.31,4260074.5,0,0,0,0,0,0,1,0,0
09-MAY-2026,V8001045,7211337.86,0,7211337.86,527670,0,0,0,0,0,0,1,0,0
09-MAY-2026,V8001105,0,0,0,0,0,0,0,0,0,0,1,0,0
09-MAY-2026,V8001115,0,0,0,0,0,0,0,0,0,0,1,0,0
09-MAY-2026,V8001130,0,0,0,0,0,0,0,0,0,0,1,0,0
09-MAY-2026,V8001145,0,0,0,0,0,0,0,0,0,0,1,0,0
09-MAY-2026,V8001152,0,0,0,0,0,0,0,0,0,0,1,0,0
09-MAY-2026,V8001180,0,0,0,0,0,0,0,0,0,0,1,0,0
09-MAY-2026,V8001245,0,0,0,0,0,0,0,0,0,0,1,0,0
09-MAY-2026,V8001248,0,0,0,0,0,0,0,0,0,0,1,0,0
09-MAY-2026,V8001289,0,0,0,0,0,0,0,0,0,0,1,0,0
09-MAY-2026,V8001330,0,0,0,0,0,0,0,0,0,0,1,0,0
09-MAY-2026,V8001347,0,0,0,0,0,0,0,0,0,0,1,0,0
09-MAY-2026,V8001357,0,0,0,0,0,0,0,0,0,0,1,0,0
09-MAY-2026,V8001360,0,0,0,0,0,0,0,0,0,0,1,0,0
09-MAY-2026,V8001361,0,0,0,0,0,0,0,0,0,0,1,0,0
09-MAY-2026,V8001376,0,0,0,0,0,0,0,0,0,0,1,0,0
09-MAY-2026,V8001377,0,0,0,0,0,0,0,0,0,0,1,0,0
09-MAY-2026,V8001420,985876.8,0,985876.8,80790,0,0,0,0,0,0,1,0,0
09-MAY-2026,V8001429,0,0,0,0,0,0,0,0,0,0,1,0,0
09-MAY-2026,V8001436,129289.2,0,129289.2,9423,0,0,0,0,0,0,1,0,0
09-MAY-2026,V8001459,0,0,0,0,0,0,0,0,0,0,1,0,0
09-MAY-2026,V8020014,0,0,0,0,0,0,0,0,0,0,1,0,0
09-MAY-2026,V8190074,0,0,0,0,0,0,0,0,0,0,1,0,0
09-MAY-2026,V8190155,0,0,0,0,0,0,0,0,0,0,1,0,0
09-MAY-2026,V8190281,0,0,0,0,0,0,0,0,0,0,1,0,0
09-MAY-2026,V8190300,0,0,0,0,0,0,0,0,0,0,1,0,0
09-MAY-2026,V8200300,0,0,0,0,0,0,0,0,0,0,1,0,0
09-MAY-2026,V8220060,0,0,0,0,0,0,0,0,0,0,1,0,0
09-MAY-2026,V8220066,0,0,0,0,0,0,0,0,0,0,1,0,0
09-MAY-2026,V8220069,0,0,0,0,0,0,0,0,0,0,1,0,0
09-MAY-2026,V8220072,0,0,0,0,0,0,0,0,0,0,1,0,0
09-MAY-2026,V8220135,0,0,0,0,0,0,0,0,0,0,1,0,0
09-MAY-2026,V8240001,0,0,0,0,0,0,0,0,0,0,1,0,0
09-MAY-2026,V8470004,0,0,0,0,0,0,0,0,0,0,1,0,0
09-MAY-2026,V8470155,0,0,0,0,0,0,0,0,0,0,1,0,0
09-MAY-2026,V8470168,0,0,0,0,0,0,0,0,0,0,1,0,0
09-MAY-2026,V8470182,0,0,0,0,0,0,0,0,0,0,1,0,0
09-MAY-2026,V8540008,0,0,0,0,0,0,0,0,0,0,1,0,0
09-MAY-2026,V8540060,0,0,0,0,0,0,0,0,0,0,1,0,0
09-MAY-2026,V8540061,0,0,0,0,0,0,0,0,0,0,1,0,0
09-MAY-2026,V8620009,0,0,0,0,0,0,0,0,0,0,1,0,0
09-MAY-2026,V8620010,0,0,0,0,0,0,0,0,0,0,1,0,0
09-MAY-2026,V8620025,0,0,0,0,0,0,0,0,0,0,1,0,0
09-MAY-2026,V8620058,0,0,0,0,0,0,0,0,0,0,1,0,0
09-MAY-2026,V8620083,0,0,0,0,0,0,0,0,0,0,1,0,0
09-MAY-2026,V8620112,0,0,0,0,0,0,0,0,0,0,1,0,0
09-MAY-2026,V8620124,0,0,0,0,0,0,0,0,0,0,1,0,0
09-MAY-2026,V8620133,0,0,0,0,0,0,0,0,0,0,1,0,0
09-MAY-2026,V8620215,0,0,0,0,0,0,0,0,0,0,1,0,0
09-MAY-2026,V8620227,0,0,0,0,0,0,0,0,0,0,1,0,0
09-MAY-2026,V8620246,0,0,0,0,0,0,0,0,0,0,1,0,0
09-MAY-2026,V8620264,0,0,0,0,0,0,0,0,0,0,1,0,0
09-MAY-2026,V8760029,0,0,0,0,0,0,0,0,0,0,1,0,0
09-MAY-2026,V8890001,0,0,0,0,0,0,0,0,0,0,1,0,0
09-MAY-2026,V8890030,0,0,0,0,0,0,0,0,0,0,1,0,0
09-MAY-2026,V8890035,0,0,0,0,0,0,0,0,0,0,1,0,0
09-MAY-2026,V8890037,0,0,0,0,0,0,0,0,0,0,1,0,0
09-MAY-2026,V8950012,0,0,0,0,0,0,0,0,0,0,1,0,0
09-MAY-2026,V8980042,0,0,0,0,0,0,0,0,0,0,1,0,0
09-MAY-2026,V8990025,0,0,0,0,0,0,0,0,0,0,1,0,0
09-MAY-2026,V9010017,0,0,0,0,0,0,0,0,0,0,1,0,0
09-MAY-2026,V9010042,0,0,0,0,0,0,0,0,0,0,1,0,0
09-MAY-2026,V9010095,0,0,0,0,0,0,0,0,0,0,1,0,0
09-MAY-2026,V9010101,0,0,0,0,0,0,0,0,0,0,1,0,0
09-MAY-2026,V9080164,0,0,0,0,0,0,0,0,0,0,1,0,0
09-MAY-2026,V9290036,0,0,0,0,0,0,0,0,0,0,1,0,0
09-MAY-2026,V9290046,0,0,0,0,0,0,0,0,0,0,1,0,0
09-MAY-2026,V9320019,0,0,0,0,0,0,0,0,0,0,1,0,0
09-MAY-2026,V9320070,0,0,0,0,0,0,0,0,0,0,1,0,0
09-MAY-2026,V9540009,0,0,0,0,0,0,0,0,0,0,1,0,0
09-MAY-2026,V9540082,0,0,0,0,0,0,0,0,0,0,1,0,0
09-MAY-2026,V9540095,0,0,0,0,0,0,0,0,0,0,1,0,0
09-MAY-2026,V9540103,0,0,0,0,0,0,0,0,0,0,1,0,0
09-MAY-2026,V9680001,0,0,0,0,0,0,0,0,0,0,1,0,0
09-MAY-2026,V9680004,0,0,0,0,0,0,0,0,0,0,1,0,0
09-MAY-2026,V9680006,0,0,0,0,0,0,0,0,0,0,1,0,0
09-MAY-2026,V9810028,0,0,0,0,0,0,0,0,0,0,1,0,0
09-MAY-2026,V9810049,0,0,0,0,0,0,0,0,0,0,1,0,0
09-MAY-2026,VA018,0,0,0,0,0,0,0,0,0,0,1,0,0
09-MAY-2026,VA050,0,0,0,0,0,0,0,0,0,0,1,0,0
09-MAY-2026,VA1020,0,0,0,0,0,0,0,0,0,0,1,0,0
09-MAY-2026,VA1035,0,0,0,0,0,0,0,0,0,0,1,0,0
09-MAY-2026,VA1054,0,0,0,0,0,0,0,0,0,0,1,0,0
09-MAY-2026,VA1055,0,0,0,0,0,0,0,0,0,0,1,0,0
09-MAY-2026,VA1114,0,0,0,0,0,0,0,0,0,0,1,0,0
09-MAY-2026,VA1115,0,0,0,0,0,0,0,0,0,0,1,0,0
09-MAY-2026,VA1140,0,0,0,0,0,0,0,0,0,0,1,0,0
09-MAY-2026,VA1162,0,0,0,0,0,0,0,0,0,0,1,0,0
09-MAY-2026,VA1294,0,0,0,0,0,0,0,0,0,0,1,0,0
09-MAY-2026,VA1350,0,0,0,0,0,0,0,0,0,0,1,0,0
09-MAY-2026,VA1394,145494,0,145494,12124.5,0,0,0,0,0,0,1,0,0
09-MAY-2026,VA1395,0,0,0,0,0,0,0,0,0,0,1,0,0
09-MAY-2026,VA1429,0,0,0,0,0,0,0,0,0,0,1,0,0
09-MAY-2026,VA1440,0,0,0,0,0,0,0,0,0,0,1,0,0
09-MAY-2026,VA1449,0,0,0,0,0,0,0,0,0,0,1,0,0
09-MAY-2026,VA1670,357030,0,357030,29752.5,0,0,0,0,0,0,1,0,0
09-MAY-2026,VA1671,0,0,0,0,0,0,0,0,0,0,1,0,0
09-MAY-2026,VA1700,0,0,0,0,0,0,0,0,0,0,1,0,0
09-MAY-2026,VA1788,0,0,0,0,0,0,0,0,0,0,1,0,0
09-MAY-2026,VA1809,0,0,0,0,0,0,0,0,0,0,1,0,0
09-MAY-2026,VA185,0,0,0,0,0,0,0,0,0,0,1,0,0
09-MAY-2026,VA2021,0,0,0,0,0,0,0,0,0,0,1,0,0
09-MAY-2026,VA2022,0,0,0,0,0,0,0,0,0,0,1,0,0
09-MAY-2026,VA2244,0,0,0,0,0,0,0,0,0,0,1,0,0
09-MAY-2026,VA2354,0,0,0,0,0,0,0,0,0,0,1,0,0
09-MAY-2026,VA2390,0,0,0,0,0,0,0,0,0,0,1,0,0
09-MAY-2026,VA2470,71406,0,71406,5950.5,0,0,0,0,0,0,1,0,0
09-MAY-2026,VA2487,0,0,0,0,0,0,0,0,0,0,1,0,0
09-MAY-2026,VA2639,0,0,0,0,0,0,0,0,0,0,1,0,0
09-MAY-2026,VA2736,0,0,0,0,0,0,0,0,0,0,1,0,0
09-MAY-2026,VA2862,0,0,0,0,0,0,0,0,0,0,1,0,0
09-MAY-2026,VA2901,0,0,0,0,0,0,0,0,0,0,1,0,0
09-MAY-2026,VA2970,428436,0,428436,35703,0,0,0,0,0,0,1,0,0
09-MAY-2026,VA2998,0,0,0,0,0,0,0,0,0,0,1,0,0
09-MAY-2026,VA2999,0,0,0,0,0,0,0,0,0,0,1,0,0
09-MAY-2026,VA3092,0,0,0,0,0,0,0,0,0,0,1,0,0
09-MAY-2026,VA3166,0,0,0,0,0,0,0,0,0,0,1,0,0
09-MAY-2026,VA3256,0,0,0,0,0,0,0,0,0,0,1,0,0
09-MAY-2026,VA3273,0,0,0,0,0,0,0,0,0,0,1,0,0
09-MAY-2026,VA3279,0,0,0,0,0,0,0,0,0,0,1,0,0
09-MAY-2026,VA3292,0,0,0,0,0,0,0,0,0,0,1,0,0
09-MAY-2026,VA3317,0,0,0,0,0,0,0,0,0,0,1,0,0
09-MAY-2026,VA3329,0,0,0,0,0,0,0,0,0,0,1,0,0
09-MAY-2026,VA3377,0,0,0,0,0,0,0,0,0,0,1,0,0
09-MAY-2026,VA3385,0,0,0,0,0,0,0,0,0,0,1,0,0
09-MAY-2026,VA3395,0,0,0,0,0,0,0,0,0,0,1,0,0
09-MAY-2026,VA3405,0,0,0,0,0,0,0,0,0,0,1,0,0
09-MAY-2026,VA3412,0,0,0,0,0,0,0,0,0,0,1,0,0
09-MAY-2026,VA3500,0,0,0,0,0,0,0,0,0,0,1,0,0
09-MAY-2026,VA3501,1767384,0,1767384,147282,0,0,0,0,0,0,1,0,0
09-MAY-2026,VA3698,0,0,0,0,0,0,0,0,0,0,1,0,0
09-MAY-2026,VA3732,0,0,0,0,0,0,0,0,0,0,1,0,0
09-MAY-2026,VA3767,0,0,0,0,0,0,0,0,0,0,1,0,0
09-MAY-2026,VA3922,0,0,0,0,0,0,0,0,0,0,1,0,0
09-MAY-2026,VA4020,0,0,0,0,0,0,0,0,0,0,1,0,0
09-MAY-2026,VA4024,0,0,0,0,0,0,0,0,0,0,1,0,0
09-MAY-2026,VA4033,0,0,0,0,0,0,0,0,0,0,1,0,0
09-MAY-2026,VA4128,0,0,0,0,0,0,0,0,0,0,1,0,0
09-MAY-2026,VA4305,0,0,0,0,0,0,0,0,0,0,1,0,0
09-MAY-2026,VA4311,0,0,0,0,0,0,0,0,0,0,1,0,0
09-MAY-2026,VA4821,0,0,0,0,0,0,0,0,0,0,1,0,0
09-MAY-2026,VA4869,0,0,0,0,0,0,0,0,0,0,1,0,0
09-MAY-2026,VA547,0,0,0,0,0,0,0,0,0,0,1,0,0
09-MAY-2026,VA555,1915560,0,1915560,159630,0,0,0,0,0,0,1,0,0
09-MAY-2026,VA585,0,0,0,0,0,0,0,0,0,0,1,0,0
09-MAY-2026,VA812,0,0,0,0,0,0,0,0,0,0,1,0,0
09-MAY-2026,VA813,0,0,0,0,0,0,0,0,0,0,1,0,0
09-MAY-2026,VA851,0,0,0,0,0,0,0,0,0,0,1,0,0
09-MAY-2026,VA902,0,0,0,0,0,0,0,0,0,0,1,0,0
09-MAY-2026,VA912,0,0,0,0,0,0,0,0,0,0,1,0,0
09-MAY-2026,VA922,0,0,0,0,0,0,0,0,0,0,1,0,0
09-MAY-2026,VBA063,0,0,0,0,0,0,0,0,0,0,1,0,0
09-MAY-2026,VBD020,0,0,0,0,0,0,0,0,0,0,1,0,0
09-MAY-2026,VBG025,0,0,0,0,0,0,0,0,0,0,1,0,0
09-MAY-2026,VBJ078,0,0,0,0,0,0,0,0,0,0,1,0,0
09-MAY-2026,VBN250,0,0,0,0,0,0,0,0,0,0,1,0,0
09-MAY-2026,VBR027,0,0,0,0,0,0,0,0,0,0,1,0,0
09-MAY-2026,VBR091,0,0,0,0,0,0,0,0,0,0,1,0,0
09-MAY-2026,VBR1003,0,0,0,0,0,0,0,0,0,0,1,0,0
09-MAY-2026,VBS052,0,0,0,0,0,0,0,0,0,0,1,0,0
09-MAY-2026,VBS091,0,0,0,0,0,0,0,0,0,0,1,0,0
09-MAY-2026,VBS097,0,0,0,0,0,0,0,0,0,0,1,0,0
09-MAY-2026,VBS105,0,0,0,0,0,0,0,0,0,0,1,0,0
09-MAY-2026,VBS166,0,0,0,0,0,0,0,0,0,0,1,0,0
09-MAY-2026,VBS351,0,0,0,0,0,0,0,0,0,0,1,0,0
09-MAY-2026,VBV022,0,0,0,0,0,0,0,0,0,0,1,0,0
09-MAY-2026,VBV090,0,0,0,0,0,0,0,0,0,0,1,0,0
09-MAY-2026,VH8,0,0,0,0,0,0,0,0,0,0,1,0,0
09-MAY-2026,VHPDINE,0,0,0,0,0,0,0,0,0,0,1,0,0
09-MAY-2026,VIL4003,0,0,0,0,0,0,0,0,0,0,1,0,0
09-MAY-2026,VIL4004,0,0,0,0,0,0,0,0,0,0,1,0,0
09-MAY-2026,VILA501,0,0,0,0,0,0,0,0,0,0,1,0,0
09-MAY-2026,VILA971,0,0,0,0,0,0,0,0,0,0,1,0,0
09-MAY-2026,VILA984,0,0,0,0,0,0,0,0,0,0,1,0,0
09-MAY-2026,VILB035,0,0,0,0,0,0,0,0,0,0,1,0,0
09-MAY-2026,VILD985,0,0,0,0,0,0,0,0,0,0,1,0,0
09-MAY-2026,VILD988,0,0,0,0,0,0,0,0,0,0,1,0,0
09-MAY-2026,VILH015,0,0,0,0,0,0,0,0,0,0,1,0,0
09-MAY-2026,VILH968,0,0,0,0,0,0,0,0,0,0,1,0,0
09-MAY-2026,VILK208,0,0,0,0,0,0,0,0,0,0,1,0,0
09-MAY-2026,VILM017,0,0,0,0,0,0,0,0,0,0,1,0,0
09-MAY-2026,VILN0001,0,0,0,0,0,0,0,0,0,0,1,0,0
09-MAY-2026,VILN280,0,0,0,0,0,0,0,0,0,0,1,0,0
09-MAY-2026,VILP996,0,0,0,0,0,0,0,0,0,0,1,0,0
09-MAY-2026,VILR026,0,0,0,0,0,0,0,0,0,0,1,0,0
09-MAY-2026,VILS153,0,0,0,0,0,0,0,0,0,0,1,0,0
09-MAY-2026,VILU978,0,0,0,0,0,0,0,0,0,0,1,0,0
09-MAY-2026,VILV065,0,0,0,0,0,0,0,0,0,0,1,0,0
09-MAY-2026,VJA1236,0,0,0,0,0,0,0,0,0,0,1,0,0
09-MAY-2026,VJA2358,0,0,0,0,0,0,0,0,0,0,1,0,0
09-MAY-2026,VJA443,0,0,0,0,0,0,0,0,0,0,1,0,0
09-MAY-2026,VJA600,0,0,0,0,0,0,0,0,0,0,1,0,0
09-MAY-2026,VJA673,0,0,0,0,0,0,0,0,0,0,1,0,0
09-MAY-2026,VJA719,0,0,0,0,0,0,0,0,0,0,1,0,0
09-MAY-2026,VJA746,0,0,0,0,0,0,0,0,0,0,1,0,0
09-MAY-2026,VJA771,0,0,0,0,0,0,0,0,0,0,1,0,0
09-MAY-2026,VJD012,0,0,0,0,0,0,0,0,0,0,1,0,0
09-MAY-2026,VJD022,0,0,0,0,0,0,0,0,0,0,1,0,0
09-MAY-2026,VJD03045,0,0,0,0,0,0,0,0,0,0,1,0,0
09-MAY-2026,VJD077,0,0,0,0,0,0,0,0,0,0,1,0,0
09-MAY-2026,VJD122,0,0,0,0,0,0,0,0,0,0,1,0,0
09-MAY-2026,VJD2371,0,0,0,0,0,0,0,0,0,0,1,0,0
09-MAY-2026,VJD2373,0,0,0,0,0,0,0,0,0,0,1,0,0
09-MAY-2026,VL023,0,0,0,0,0,0,0,0,0,0,1,0,0
09-MAY-2026,VNI048,0,0,0,0,0,0,0,0,0,0,1,0,0
09-MAY-2026,VNI126,0,0,0,0,0,0,0,0,0,0,1,0,0
09-MAY-2026,VRRP011,0,0,0,0,0,0,0,0,0,0,1,0,0
09-MAY-2026,VRRS094,0,0,0,0,0,0,0,0,0,0,1,0,0
09-MAY-2026,VRRS786,0,0,0,0,0,0,0,0,0,0,1,0,0
09-MAY-2026,VRRS7886,0,0,0,0,0,0,0,0,0,0,1,0,0
09-MAY-2026,VRRV012,0,0,0,0,0,0,0,0,0,0,1,0,0
09-MAY-2026,VS0126,0,0,0,0,0,0,0,0,0,0,1,0,0
09-MAY-2026,VS096,0,0,0,0,0,0,0,0,0,0,1,0,0
09-MAY-2026,VVBA15,0,0,0,0,0,0,0,0,0,0,1,0,0
09-MAY-2026,VVBB02,2174580,0,2174580,181215,0,0,0,0,0,0,1,0,0
09-MAY-2026,VVBD12,0,0,0,0,0,0,0,0,0,0,1,0,0
09-MAY-2026,VVBG02,0,0,0,0,0,0,0,0,0,0,1,0,0
09-MAY-2026,VVBH49,0,0,0,0,0,0,0,0,0,0,1,0,0
09-MAY-2026,VVBK107,0,0,0,0,0,0,0,0,0,0,1,0,0
09-MAY-2026,VVBM07,0,0,0,0,0,0,0,0,0,0,1,0,0
09-MAY-2026,VVBM104,0,0,0,0,0,0,0,0,0,0,1,0,0
09-MAY-2026,VVBN27,0,0,0,0,0,0,0,0,0,0,1,0,0
09-MAY-2026,VVBP13,0,0,0,0,0,0,0,0,0,0,1,0,0
09-MAY-2026,VVBP36,0,0,0,0,0,0,0,0,0,0,1,0,0
09-MAY-2026,VVBR33,0,0,0,0,0,0,0,0,0,0,1,0,0
09-MAY-2026,VVBR45,0,0,0,0,0,0,0,0,0,0,1,0,0
09-MAY-2026,VVBS02,755568,0,755568,62964,0,0,0,0,0,0,1,0,0
09-MAY-2026,VVBS400,0,0,0,0,0,0,0,0,0,0,1,0,0
09-MAY-2026,VVBS401,0,0,0,0,0,0,0,0,0,0,1,0,0
09-MAY-2026,W0100045,0,0,0,0,0,0,0,0,0,0,1,0,0
09-MAY-2026,W0100050,0,0,0,0,0,0,0,0,0,0,1,0,0
09-MAY-2026,W0700006,0,0,0,0,0,0,0,0,0,0,1,0,0
09-MAY-2026,W0700009,0,0,0,0,0,0,0,0,0,0,1,0,0
09-MAY-2026,W0700014,0,0,0,0,0,0,0,0,0,0,1,0,0
09-MAY-2026,W1010001,0,0,0,0,0,0,0,0,0,0,1,0,0
09-MAY-2026,W1010011,0,0,0,0,0,0,0,0,0,0,1,0,0
09-MAY-2026,W1010013,0,0,0,0,0,0,0,0,0,0,1,0,0
09-MAY-2026,W1010025,0,0,0,0,0,0,0,0,0,0,1,0,0
09-MAY-2026,W1010027,0,0,0,0,0,0,0,0,0,0,1,0,0
09-MAY-2026,W1010042,0,0,0,0,0,0,0,0,0,0,1,0,0
09-MAY-2026,W1010047,0,0,0,0,0,0,0,0,0,0,1,0,0
09-MAY-2026,W1010069,0,0,0,0,0,0,0,0,0,0,1,0,0
09-MAY-2026,W1010071,0,0,0,0,0,0,0,0,0,0,1,0,0
09-MAY-2026,W1010090,0,0,0,0,0,0,0,0,0,0,1,0,0
09-MAY-2026,W1010093,0,0,0,0,0,0,0,0,0,0,1,0,0
09-MAY-2026,W1260003,0,0,0,0,0,0,0,0,0,0,1,0,0
09-MAY-2026,W1260016,0,0,0,0,0,0,0,0,0,0,1,0,0
09-MAY-2026,W1360017,0,0,0,0,0,0,0,0,0,0,1,0,0
09-MAY-2026,W1390004,0,0,0,0,0,0,0,0,0,0,1,0,0
09-MAY-2026,W1390045,0,0,0,0,0,0,0,0,0,0,1,0,0
09-MAY-2026,W1390046,0,0,0,0,0,0,0,0,0,0,1,0,0
09-MAY-2026,W1390052,0,0,0,0,0,0,0,0,0,0,1,0,0
09-MAY-2026,W1390058,0,0,0,0,0,0,0,0,0,0,1,0,0
09-MAY-2026,W1390101,0,0,0,0,0,0,0,0,0,0,1,0,0
09-MAY-2026,W1530013,0,0,0,0,0,0,0,0,0,0,1,0,0
09-MAY-2026,W1560027,0,0,0,0,0,0,0,0,0,0,1,0,0
09-MAY-2026,W1570004,0,0,0,0,0,0,0,0,0,0,1,0,0
09-MAY-2026,W1570023,0,0,0,0,0,0,0,0,0,0,1,0,0
09-MAY-2026,W1570028,0,0,0,0,0,0,0,0,0,0,1,0,0
09-MAY-2026,W1590012,0,0,0,0,0,0,0,0,0,0,1,0,0
09-MAY-2026,W1660003,0,0,0,0,0,0,0,0,0,0,1,0,0
09-MAY-2026,W1660018,0,0,0,0,0,0,0,0,0,0,1,0,0
09-MAY-2026,W1660041,0,0,0,0,0,0,0,0,0,0,1,0,0
09-MAY-2026,W1660042,0,0,0,0,0,0,0,0,0,0,1,0,0
09-MAY-2026,W1820002,0,0,0,0,0,0,0,0,0,0,1,0,0
09-MAY-2026,W1850005,0,0,0,0,0,0,0,0,0,0,1,0,0
09-MAY-2026,W1920016,0,0,0,0,0,0,0,0,0,0,1,0,0
09-MAY-2026,W2070017,0,0,0,0,0,0,0,0,0,0,1,0,0
09-MAY-2026,W2070021,0,0,0,0,0,0,0,0,0,0,1,0,0
09-MAY-2026,W2070026,0,0,0,0,0,0,0,0,0,0,1,0,0
09-MAY-2026,W2070029,0,0,0,0,0,0,0,0,0,0,1,0,0
09-MAY-2026,W2400022,0,0,0,0,0,0,0,0,0,0,1,0,0
09-MAY-2026,W2610021,0,0,0,0,0,0,0,0,0,0,1,0,0
09-MAY-2026,W2670003,0,0,0,0,0,0,0,0,0,0,1,0,0
09-MAY-2026,W2890060,0,0,0,0,0,0,0,0,0,0,1,0,0
09-MAY-2026,W2890070,0,0,0,0,0,0,0,0,0,0,1,0,0
09-MAY-2026,W2950014,0,0,0,0,0,0,0,0,0,0,1,0,0
09-MAY-2026,W3160017,0,0,0,0,0,0,0,0,0,0,1,0,0
09-MAY-2026,W3400025,0,0,0,0,0,0,0,0,0,0,1,0,0
09-MAY-2026,W3530001,0,0,0,0,0,0,0,0,0,0,1,0,0
09-MAY-2026,W3580009,0,0,0,0,0,0,0,0,0,0,1,0,0
09-MAY-2026,W3790006,0,0,0,0,0,0,0,0,0,0,1,0,0
09-MAY-2026,W3830033,0,0,0,0,0,0,0,0,0,0,1,0,0
09-MAY-2026,W4280043,0,0,0,0,0,0,0,0,0,0,1,0,0
09-MAY-2026,W4280052,0,0,0,0,0,0,0,0,0,0,1,0,0
09-MAY-2026,W4280094,0,0,0,0,0,0,0,0,0,0,1,0,0
09-MAY-2026,W4280095,0,0,0,0,0,0,0,0,0,0,1,0,0
09-MAY-2026,W4280108,0,0,0,0,0,0,0,0,0,0,1,0,0
09-MAY-2026,W4280118,0,0,0,0,0,0,0,0,0,0,1,0,0
09-MAY-2026,W4280122,0,0,0,0,0,0,0,0,0,0,1,0,0
09-MAY-2026,W4280124,0,0,0,0,0,0,0,0,0,0,1,0,0
09-MAY-2026,W4370015,0,0,0,0,0,0,0,0,0,0,1,0,0
09-MAY-2026,W4370020,0,0,0,0,0,0,0,0,0,0,1,0,0
09-MAY-2026,W4370025,0,0,0,0,0,0,0,0,0,0,1,0,0
09-MAY-2026,W4500030,0,0,0,0,0,0,0,0,0,0,1,0,0
09-MAY-2026,W4500063,0,0,0,0,0,0,0,0,0,0,1,0,0
09-MAY-2026,W4620001,0,0,0,0,0,0,0,0,0,0,1,0,0
09-MAY-2026,W4790008,0,0,0,0,0,0,0,0,0,0,1,0,0
09-MAY-2026,W4790013,0,0,0,0,0,0,0,0,0,0,1,0,0
09-MAY-2026,W4870001,0,0,0,0,0,0,0,0,0,0,1,0,0
09-MAY-2026,W4870004,0,0,0,0,0,0,0,0,0,0,1,0,0
09-MAY-2026,W4870011,0,0,0,0,0,0,0,0,0,0,1,0,0
09-MAY-2026,W4870018,0,0,0,0,0,0,0,0,0,0,1,0,0
09-MAY-2026,W4870020,0,0,0,0,0,0,0,0,0,0,1,0,0
09-MAY-2026,W4870025,0,0,0,0,0,0,0,0,0,0,1,0,0
09-MAY-2026,W4870030,0,0,0,0,0,0,0,0,0,0,1,0,0
09-MAY-2026,W4870077,0,0,0,0,0,0,0,0,0,0,1,0,0
09-MAY-2026,W4870106,0,0,0,0,0,0,0,0,0,0,1,0,0
09-MAY-2026,W4870173,0,0,0,0,0,0,0,0,0,0,1,0,0
09-MAY-2026,W4870230,0,0,0,0,0,0,0,0,0,0,1,0,0
09-MAY-2026,W5340018,0,0,0,0,0,0,0,0,0,0,1,0,0
09-MAY-2026,W5340019,0,0,0,0,0,0,0,0,0,0,1,0,0
09-MAY-2026,W5370017,0,0,0,0,0,0,0,0,0,0,1,0,0
09-MAY-2026,W5370040,0,0,0,0,0,0,0,0,0,0,1,0,0
09-MAY-2026,W5370094,0,0,0,0,0,0,0,0,0,0,1,0,0
09-MAY-2026,W5430018,0,0,0,0,0,0,0,0,0,0,1,0,0
09-MAY-2026,W5430069,0,0,0,0,0,0,0,0,0,0,1,0,0
09-MAY-2026,W5640016,0,0,0,0,0,0,0,0,0,0,1,0,0
09-MAY-2026,W5680019,0,0,0,0,0,0,0,0,0,0,1,0,0
09-MAY-2026,W5680060,0,0,0,0,0,0,0,0,0,0,1,0,0
09-MAY-2026,W5680079,0,0,0,0,0,0,0,0,0,0,1,0,0
09-MAY-2026,W5680085,0,0,0,0,0,0,0,0,0,0,1,0,0
09-MAY-2026,W5680097,0,0,0,0,0,0,0,0,0,0,1,0,0
09-MAY-2026,W6030018,0,0,0,0,0,0,0,0,0,0,1,0,0
09-MAY-2026,W6030021,0,0,0,0,0,0,0,0,0,0,1,0,0
09-MAY-2026,W6030022,0,0,0,0,0,0,0,0,0,0,1,0,0
09-MAY-2026,W6030042,0,0,0,0,0,0,0,0,0,0,1,0,0
09-MAY-2026,W6030070,0,0,0,0,0,0,0,0,0,0,1,0,0
09-MAY-2026,W6030083,0,0,0,0,0,0,0,0,0,0,1,0,0
09-MAY-2026,W6030090,0,0,0,0,0,0,0,0,0,0,1,0,0
09-MAY-2026,W6120015,0,0,0,0,0,0,0,0,0,0,1,0,0
09-MAY-2026,W6320108,0,0,0,0,0,0,0,0,0,0,1,0,0
09-MAY-2026,W6370004,0,0,0,0,0,0,0,0,0,0,1,0,0
09-MAY-2026,W6400015,0,0,0,0,0,0,0,0,0,0,1,0,0
09-MAY-2026,W6480001,0,0,0,0,0,0,0,0,0,0,1,0,0
09-MAY-2026,W6480003,0,0,0,0,0,0,0,0,0,0,1,0,0
09-MAY-2026,W6490019,0,0,0,0,0,0,0,0,0,0,1,0,0
09-MAY-2026,W6560009,0,0,0,0,0,0,0,0,0,0,1,0,0
09-MAY-2026,W6610001,0,0,0,0,0,0,0,0,0,0,1,0,0
09-MAY-2026,W6670034,0,0,0,0,0,0,0,0,0,0,1,0,0
09-MAY-2026,W6910020,0,0,0,0,0,0,0,0,0,0,1,0,0
09-MAY-2026,W6980002,0,0,0,0,0,0,0,0,0,0,1,0,0
09-MAY-2026,W6980042,0,0,0,0,0,0,0,0,0,0,1,0,0
09-MAY-2026,W7110036,0,0,0,0,0,0,0,0,0,0,1,0,0
09-MAY-2026,W7110040,0,0,0,0,0,0,0,0,0,0,1,0,0
09-MAY-2026,W7110051,0,0,0,0,0,0,0,0,0,0,1,0,0
09-MAY-2026,W7170007,0,0,0,0,0,0,0,0,0,0,1,0,0
09-MAY-2026,W7200057,0,0,0,0,0,0,0,0,0,0,1,0,0
09-MAY-2026,W7200061,0,0,0,0,0,0,0,0,0,0,1,0,0
09-MAY-2026,W7230007,0,0,0,0,0,0,0,0,0,0,1,0,0
09-MAY-2026,W7230021,0,0,0,0,0,0,0,0,0,0,1,0,0
09-MAY-2026,W7230035,0,0,0,0,0,0,0,0,0,0,1,0,0
09-MAY-2026,W7250007,0,0,0,0,0,0,0,0,0,0,1,0,0
09-MAY-2026,W7250017,0,0,0,0,0,0,0,0,0,0,1,0,0
09-MAY-2026,W7290039,0,0,0,0,0,0,0,0,0,0,1,0,0
09-MAY-2026,W7310003,0,0,0,0,0,0,0,0,0,0,1,0,0
09-MAY-2026,W7320013,0,0,0,0,0,0,0,0,0,0,1,0,0
09-MAY-2026,W7320038,0,0,0,0,0,0,0,0,0,0,1,0,0
09-MAY-2026,W7410006,0,0,0,0,0,0,0,0,0,0,1,0,0
09-MAY-2026,W7410014,0,0,0,0,0,0,0,0,0,0,1,0,0
09-MAY-2026,W7820054,0,0,0,0,0,0,0,0,0,0,1,0,0
09-MAY-2026,W7880008,0,0,0,0,0,0,0,0,0,0,1,0,0
09-MAY-2026,W7880013,0,0,0,0,0,0,0,0,0,0,1,0,0
09-MAY-2026,W7880021,0,0,0,0,0,0,0,0,0,0,1,0,0
09-MAY-2026,W7880022,0,0,0,0,0,0,0,0,0,0,1,0,0
09-MAY-2026,W7880032,0,0,0,0,0,0,0,0,0,0,1,0,0
09-MAY-2026,W7880037,0,0,0,0,0,0,0,0,0,0,1,0,0
09-MAY-2026,W7880046,0,0,0,0,0,0,0,0,0,0,1,0,0
09-MAY-2026,W7880056,0,0,0,0,0,0,0,0,0,0,1,0,0
09-MAY-2026,W7880057,0,0,0,0,0,0,0,0,0,0,1,0,0
09-MAY-2026,W7880088,0,0,0,0,0,0,0,0,0,0,1,0,0
09-MAY-2026,W7880108,0,0,0,0,0,0,0,0,0,0,1,0,0
09-MAY-2026,W7880150,0,0,0,0,0,0,0,0,0,0,1,0,0
09-MAY-2026,W7880200,0,0,0,0,0,0,0,0,0,0,1,0,0
09-MAY-2026,W7880220,0,0,0,0,0,0,0,0,0,0,1,0,0
09-MAY-2026,W7880224,0,0,0,0,0,0,0,0,0,0,1,0,0
09-MAY-2026,W7880290,0,0,0,0,0,0,0,0,0,0,1,0,0
09-MAY-2026,W7880292,0,0,0,0,0,0,0,0,0,0,1,0,0
09-MAY-2026,W7920016,0,0,0,0,0,0,0,0,0,0,1,0,0
09-MAY-2026,W7930007,0,0,0,0,0,0,0,0,0,0,1,0,0
09-MAY-2026,W7930018,0,0,0,0,0,0,0,0,0,0,1,0,0
09-MAY-2026,W8130115,0,0,0,0,0,0,0,0,0,0,1,0,0
09-MAY-2026,W8190024,0,0,0,0,0,0,0,0,0,0,1,0,0
09-MAY-2026,W8260008,0,0,0,0,0,0,0,0,0,0,1,0,0
09-MAY-2026,W8260049,0,0,0,0,0,0,0,0,0,0,1,0,0
09-MAY-2026,W8340007,0,0,0,0,0,0,0,0,0,0,1,0,0
09-MAY-2026,W8470023,0,0,0,0,0,0,0,0,0,0,1,0,0
09-MAY-2026,W8470077,0,0,0,0,0,0,0,0,0,0,1,0,0
09-MAY-2026,W8490064,0,0,0,0,0,0,0,0,0,0,1,0,0
09-MAY-2026,W8490088,0,0,0,0,0,0,0,0,0,0,1,0,0
09-MAY-2026,W8630006,0,0,0,0,0,0,0,0,0,0,1,0,0
09-MAY-2026,W8630009,0,0,0,0,0,0,0,0,0,0,1,0,0
09-MAY-2026,W8670021,0,0,0,0,0,0,0,0,0,0,1,0,0
09-MAY-2026,W8670033,0,0,0,0,0,0,0,0,0,0,1,0,0
09-MAY-2026,W8670034,0,0,0,0,0,0,0,0,0,0,1,0,0
09-MAY-2026,W8670050,0,0,0,0,0,0,0,0,0,0,1,0,0
09-MAY-2026,W8670063,0,0,0,0,0,0,0,0,0,0,1,0,0
09-MAY-2026,W8670065,0,0,0,0,0,0,0,0,0,0,1,0,0
09-MAY-2026,W8670098,0,0,0,0,0,0,0,0,0,0,1,0,0
09-MAY-2026,W8670109,0,0,0,0,0,0,0,0,0,0,1,0,0
09-MAY-2026,W8670143,0,0,0,0,0,0,0,0,0,0,1,0,0
09-MAY-2026,W8810031,0,0,0,0,0,0,0,0,0,0,1,0,0
09-MAY-2026,W8940011,0,0,0,0,0,0,0,0,0,0,1,0,0
09-MAY-2026,W9050036,0,0,0,0,0,0,0,0,0,0,1,0,0
09-MAY-2026,W9080006,0,0,0,0,0,0,0,0,0,0,1,0,0
09-MAY-2026,W9130001,0,0,0,0,0,0,0,0,0,0,1,0,0
09-MAY-2026,W9130037,0,0,0,0,0,0,0,0,0,0,1,0,0
09-MAY-2026,W9130059,0,0,0,0,0,0,0,0,0,0,1,0,0
09-MAY-2026,W9360011,0,0,0,0,0,0,0,0,0,0,1,0,0
09-MAY-2026,W9370003,0,0,0,0,0,0,0,0,0,0,1,0,0
09-MAY-2026,W9370009,0,0,0,0,0,0,0,0,0,0,1,0,0
09-MAY-2026,W9420005,0,0,0,0,0,0,0,0,0,0,1,0,0
09-MAY-2026,W9420010,393968.4,0,393968.4,30128.5,0,0,0,0,0,0,1,0,0
09-MAY-2026,W9420013,0,0,0,0,0,0,0,0,0,0,1,0,0
09-MAY-2026,W9470002,0,0,0,0,0,0,0,0,0,0,1,0,0
09-MAY-2026,W9470005,0,0,0,0,0,0,0,0,0,0,1,0,0
09-MAY-2026,W9470019,0,0,0,0,0,0,0,0,0,0,1,0,0
09-MAY-2026,W9470022,0,0,0,0,0,0,0,0,0,0,1,0,0
09-MAY-2026,W9470029,0,0,0,0,0,0,0,0,0,0,1,0,0
09-MAY-2026,W9480017,0,0,0,0,0,0,0,0,0,0,1,0,0
09-MAY-2026,W9560007,0,0,0,0,0,0,0,0,0,0,1,0,0
09-MAY-2026,W9820055,0,0,0,0,0,0,0,0,0,0,1,0,0
09-MAY-2026,W9820059,0,0,0,0,0,0,0,0,0,0,1,0,0
09-MAY-2026,W9820090,0,0,0,0,0,0,0,0,0,0,1,0,0
09-MAY-2026,W9820095,0,0,0,0,0,0,0,0,0,0,1,0,0
09-MAY-2026,W9980008,0,0,0,0,0,0,0,0,0,0,1,0,0
09-MAY-2026,W9990021,0,0,0,0,0,0,0,0,0,0,1,0,0
09-MAY-2026,W9990026,0,0,0,0,0,0,0,0,0,0,1,0,0
09-MAY-2026,W9990030,0,0,0,0,0,0,0,0,0,0,1,0,0
09-MAY-2026,W9990033,0,0,0,0,0,0,0,0,0,0,1,0,0
09-MAY-2026,WA240007,0,0,0,0,0,0,0,0,0,0,1,0,0
09-MAY-2026,WA260001,0,0,0,0,0,0,0,0,0,0,1,0,0
09-MAY-2026,WA260002,0,0,0,0,0,0,0,0,0,0,1,0,0
09-MAY-2026,WA280003,0,0,0,0,0,0,0,0,0,0,1,0,0
09-MAY-2026,WA290010,0,0,0,0,0,0,0,0,0,0,1,0,0
09-MAY-2026,WA290011,0,0,0,0,0,0,0,0,0,0,1,0,0
09-MAY-2026,WA310001,0,0,0,0,0,0,0,0,0,0,1,0,0
09-MAY-2026,WA520001,0,0,0,0,0,0,0,0,0,0,1,0,0
09-MAY-2026,WA570002,0,0,0,0,0,0,0,0,0,0,1,0,0
09-MAY-2026,WA570003,0,0,0,0,0,0,0,0,0,0,1,0,0
09-MAY-2026,WA630003,0,0,0,0,0,0,0,0,0,0,1,0,0
09-MAY-2026,WA630005,0,0,0,0,0,0,0,0,0,0,1,0,0
09-MAY-2026,WA660001,0,0,0,0,0,0,0,0,0,0,1,0,0
09-MAY-2026,WA660003,0,0,0,0,0,0,0,0,0,0,1,0,0
09-MAY-2026,WB070002,0,0,0,0,0,0,0,0,0,0,1,0,0
09-MAY-2026,WB090001,0,0,0,0,0,0,0,0,0,0,1,0,0
09-MAY-2026,WB240002,0,0,0,0,0,0,0,0,0,0,1,0,0
09-MAY-2026,WB390029,0,0,0,0,0,0,0,0,0,0,1,0,0
09-MAY-2026,WB790004,0,0,0,0,0,0,0,0,0,0,1,0,0
09-MAY-2026,WB850001,0,0,0,0,0,0,0,0,0,0,1,0,0
09-MAY-2026,WB850002,0,0,0,0,0,0,0,0,0,0,1,0,0
09-MAY-2026,WB960001,0,0,0,0,0,0,0,0,0,0,1,0,0
09-MAY-2026,WB990002,0,0,0,0,0,0,0,0,0,0,1,0,0
09-MAY-2026,WB990003,0,0,0,0,0,0,0,0,0,0,1,0,0
09-MAY-2026,WB990004,0,0,0,0,0,0,0,0,0,0,1,0,0
09-MAY-2026,WB990005,0,0,0,0,0,0,0,0,0,0,1,0,0
09-MAY-2026,WB990006,0,0,0,0,0,0,0,0,0,0,1,0,0
09-MAY-2026,WB990007,0,0,0,0,0,0,0,0,0,0,1,0,0
09-MAY-2026,WLL041,40740,0,40740,3395,0,0,0,0,0,0,1,0,0
09-MAY-2026,WLL100,0,0,0,0,0,0,0,0,0,0,1,0,0
09-MAY-2026,Y0600001,0,0,0,0,0,0,0,0,0,0,1,0,0
09-MAY-2026,Y11705,0,0,0,0,0,0,0,0,0,0,1,0,0
09-MAY-2026,Y117167,0,0,0,0,0,0,0,0,0,0,1,0,0
09-MAY-2026,Y117172,0,0,0,0,0,0,0,0,0,0,1,0,0
09-MAY-2026,Y117195,0,0,0,0,0,0,0,0,0,0,1,0,0
09-MAY-2026,Y11721,0,0,0,0,0,0,0,0,0,0,1,0,0
09-MAY-2026,Y1510048,0,0,0,0,0,0,0,0,0,0,1,0,0
09-MAY-2026,Y1510065,0,0,0,0,0,0,0,0,0,0,1,0,0
09-MAY-2026,Y1510073,0,0,0,0,0,0,0,0,0,0,1,0,0
09-MAY-2026,Y1510126,0,0,0,0,0,0,0,0,0,0,1,0,0
09-MAY-2026,Y1510129,0,0,0,0,0,0,0,0,0,0,1,0,0
09-MAY-2026,Y1510137,0,0,0,0,0,0,0,0,0,0,1,0,0
09-MAY-2026,Y1510144,0,0,0,0,0,0,0,0,0,0,1,0,0
09-MAY-2026,Y151016,0,0,0,0,0,0,0,0,0,0,1,0,0
09-MAY-2026,Y1510165,0,0,0,0,0,0,0,0,0,0,1,0,0
09-MAY-2026,Y1510169,0,0,0,0,0,0,0,0,0,0,1,0,0
09-MAY-2026,Y1510170,0,0,0,0,0,0,0,0,0,0,1,0,0
09-MAY-2026,Y1510176,0,0,0,0,0,0,0,0,0,0,1,0,0
09-MAY-2026,Y1510178,0,0,0,0,0,0,0,0,0,0,1,0,0
09-MAY-2026,Y1510209,0,0,0,0,0,0,0,0,0,0,1,0,0
09-MAY-2026,Y1510210,0,0,0,0,0,0,0,0,0,0,1,0,0
09-MAY-2026,Y1510214,675895.2,0,675895.2,54142.5,0,0,0,0,0,0,1,0,0
09-MAY-2026,Y1510218,0,0,0,0,0,0,0,0,0,0,1,0,0
09-MAY-2026,Y1510226,0,0,0,0,0,0,0,0,0,0,1,0,0
09-MAY-2026,Y1510229,67470,0,67470,5622.5,0,0,0,0,0,0,1,0,0
09-MAY-2026,Y1510237,0,0,0,0,0,0,0,0,0,0,1,0,0
09-MAY-2026,Y179006,0,0,0,0,0,0,0,0,0,0,1,0,0
09-MAY-2026,Y179034,0,0,0,0,0,0,0,0,0,0,1,0,0
09-MAY-2026,Y179043,0,0,0,0,0,0,0,0,0,0,1,0,0
09-MAY-2026,Y179113,0,0,0,0,0,0,0,0,0,0,1,0,0
09-MAY-2026,Y2120003,0,0,0,0,0,0,0,0,0,0,1,0,0
09-MAY-2026,Y21ASIF,0,0,0,0,0,0,0,0,0,0,1,0,0
09-MAY-2026,Y21RK79,0,0,0,0,0,0,0,0,0,0,1,0,0
09-MAY-2026,Y2250009,0,0,0,0,0,0,0,0,0,0,1,0,0
09-MAY-2026,Y2260036,0,0,0,0,0,0,0,0,0,0,1,0,0
09-MAY-2026,Y2260176,0,0,0,0,0,0,0,0,0,0,1,0,0
09-MAY-2026,Y25032,0,0,0,0,0,0,0,0,0,0,1,0,0
09-MAY-2026,Y2820021,0,0,0,0,0,0,0,0,0,0,1,0,0
09-MAY-2026,Y2820036,0,0,0,0,0,0,0,0,0,0,1,0,0
09-MAY-2026,Y2880006,0,0,0,0,0,0,0,0,0,0,1,0,0
09-MAY-2026,Y2880007,0,0,0,0,0,0,0,0,0,0,1,0,0
09-MAY-2026,Y300317,0,0,0,0,0,0,0,0,0,0,1,0,0
09-MAY-2026,Y300445,0,0,0,0,0,0,0,0,0,0,1,0,0
09-MAY-2026,Y300834,0,0,0,0,0,0,0,0,0,0,1,0,0
09-MAY-2026,Y300862,0,0,0,0,0,0,0,0,0,0,1,0,0
09-MAY-2026,Y300900,67470,0,67470,5622.5,0,0,0,0,0,0,1,0,0
09-MAY-2026,Y3010005,0,0,0,0,0,0,0,0,0,0,1,0,0
09-MAY-2026,Y3010017,0,0,0,0,0,0,0,0,0,0,1,0,0
09-MAY-2026,Y301002,0,0,0,0,0,0,0,0,0,0,1,0,0
09-MAY-2026,Y3010073,0,0,0,0,0,0,0,0,0,0,1,0,0
09-MAY-2026,Y30103,0,0,0,0,0,0,0,0,0,0,1,0,0
09-MAY-2026,Y304001,0,0,0,0,0,0,0,0,0,0,1,0,0
09-MAY-2026,Y32315,0,0,0,0,0,0,0,0,0,0,1,0,0
09-MAY-2026,Y4200149,0,0,0,0,0,0,0,0,0,0,1,0,0
09-MAY-2026,Y4200180,0,0,0,0,0,0,0,0,0,0,1,0,0
09-MAY-2026,Y42251,0,0,0,0,0,0,0,0,0,0,1,0,0
09-MAY-2026,Y4370021,0,0,0,0,0,0,0,0,0,0,1,0,0
09-MAY-2026,Y4660009,0,0,0,0,0,0,0,0,0,0,1,0,0
09-MAY-2026,Y4970019,0,0,0,0,0,0,0,0,0,0,1,0,0
09-MAY-2026,Y4970035,0,0,0,0,0,0,0,0,0,0,1,0,0
09-MAY-2026,Y4970036,0,0,0,0,0,0,0,0,0,0,1,0,0
09-MAY-2026,Y4970040,0,0,0,0,0,0,0,0,0,0,1,0,0
09-MAY-2026,Y4970048,0,0,0,0,0,0,0,0,0,0,1,0,0
09-MAY-2026,Y4970073,73314,0,73314,6109.5,0,0,0,0,0,0,1,0,0
09-MAY-2026,Y4970074,0,0,0,0,0,0,0,0,0,0,1,0,0
09-MAY-2026,Y4970075,293256,0,293256,24438,0,0,0,0,0,0,1,0,0
09-MAY-2026,Y4970078,0,0,0,0,0,0,0,0,0,0,1,0,0
09-MAY-2026,Y4970102,146628,0,146628,12219,0,0,0,0,0,0,1,0,0
09-MAY-2026,Y4970194,0,0,0,0,0,0,0,0,0,0,1,0,0
09-MAY-2026,Y4970210,0,0,0,0,0,0,0,0,0,0,1,0,0
09-MAY-2026,Y4970219,0,0,0,0,0,0,0,0,0,0,1,0,0
09-MAY-2026,Y4970250,0,0,0,0,0,0,0,0,0,0,1,0,0
09-MAY-2026,Y4970256,0,0,0,0,0,0,0,0,0,0,1,0,0
09-MAY-2026,Y4970288,0,0,0,0,0,0,0,0,0,0,1,0,0
09-MAY-2026,Y4970302,0,0,0,0,0,0,0,0,0,0,1,0,0
09-MAY-2026,Y4970314,0,0,0,0,0,0,0,0,0,0,1,0,0
09-MAY-2026,Y4970334,0,0,0,0,0,0,0,0,0,0,1,0,0
09-MAY-2026,Y4970348,0,0,0,0,0,0,0,0,0,0,1,0,0
09-MAY-2026,Y4970355,0,0,0,0,0,0,0,0,0,0,1,0,0
09-MAY-2026,Y4970367,0,0,0,0,0,0,0,0,0,0,1,0,0
09-MAY-2026,Y4970421,0,0,0,0,0,0,0,0,0,0,1,0,0
09-MAY-2026,Y4970428,0,0,0,0,0,0,0,0,0,0,1,0,0
09-MAY-2026,Y4970492,0,0,0,0,0,0,0,0,0,0,1,0,0
09-MAY-2026,Y4970505,0,0,0,0,0,0,0,0,0,0,1,0,0
09-MAY-2026,Y4970521,0,0,0,0,0,0,0,0,0,0,1,0,0
09-MAY-2026,Y4970539,0,0,0,0,0,0,0,0,0,0,1,0,0
09-MAY-2026,Y4970542,0,0,0,0,0,0,0,0,0,0,1,0,0
09-MAY-2026,Y4970565,0,0,0,0,0,0,0,0,0,0,1,0,0
09-MAY-2026,Y5170114,0,0,0,0,0,0,0,0,0,0,1,0,0
09-MAY-2026,Y520004,0,0,0,0,0,0,0,0,0,0,1,0,0
09-MAY-2026,Y5270061,0,0,0,0,0,0,0,0,0,0,1,0,0
09-MAY-2026,Y5460021,0,0,0,0,0,0,0,0,0,0,1,0,0
09-MAY-2026,Y5580001,0,0,0,0,0,0,0,0,0,0,1,0,0
09-MAY-2026,Y6460014,0,0,0,0,0,0,0,0,0,0,1,0,0
09-MAY-2026,Y6570006,0,0,0,0,0,0,0,0,0,0,1,0,0
09-MAY-2026,Y8150021,0,0,0,0,0,0,0,0,0,0,1,0,0
09-MAY-2026,Y8190038,0,0,0,0,0,0,0,0,0,0,1,0,0
09-MAY-2026,Y8220008,0,0,0,0,0,0,0,0,0,0,1,0,0
09-MAY-2026,Y8350014,0,0,0,0,0,0,0,0,0,0,1,0,0
09-MAY-2026,Y8570016,0,0,0,0,0,0,0,0,0,0,1,0,0
09-MAY-2026,Y8570026,0,0,0,0,0,0,0,0,0,0,1,0,0
09-MAY-2026,Y8650013,0,0,0,0,0,0,0,0,0,0,1,0,0
09-MAY-2026,Y8900001,0,0,0,0,0,0,0,0,0,0,1,0,0
09-MAY-2026,Y9170341,0,0,0,0,0,0,0,0,0,0,1,0,0
09-MAY-2026,Y9170536,0,0,0,0,0,0,0,0,0,0,1,0,0
09-MAY-2026,Y9170854,0,0,0,0,0,0,0,0,0,0,1,0,0
09-MAY-2026,Y9170893,0,0,0,0,0,0,0,0,0,0,1,0,0
09-MAY-2026,Y9171206,0,0,0,0,0,0,0,0,0,0,1,0,0
09-MAY-2026,Y9171279,0,0,0,0,0,0,0,0,0,0,1,0,0
09-MAY-2026,Y9380001,0,0,0,0,0,0,0,0,0,0,1,0,0
09-MAY-2026,Y9510015,0,0,0,0,0,0,0,0,0,0,1,0,0
09-MAY-2026,Y962030,0,0,0,0,0,0,0,0,0,0,1,0,0
09-MAY-2026,Y962034,0,0,0,0,0,0,0,0,0,0,1,0,0
09-MAY-2026,Y9790020,0,0,0,0,0,0,0,0,0,0,1,0,0
09-MAY-2026,Y9810004,0,0,0,0,0,0,0,0,0,0,1,0,0
09-MAY-2026,Y9960187,0,0,0,0,0,0,0,0,0,0,1,0,0
09-MAY-2026,Y9960273,0,0,0,0,0,0,0,0,0,0,1,0,0
09-MAY-2026,YKS002,0,0,0,0,0,0,0,0,0,0,1,0,0
09-MAY-2026,ZAB027,0,0,0,0,0,0,0,0,0,0,1,0,0
09-MAY-2026,ZAB035,0,0,0,0,0,0,0,0,0,0,1,0,0
09-MAY-2026,ZAB145,0,0,0,0,0,0,0,0,0,0,1,0,0
09-MAY-2026,ZAG0094,0,0,0,0,0,0,0,0,0,0,1,0,0
09-MAY-2026,ZAG0208,0,0,0,0,0,0,0,0,0,0,1,0,0
09-MAY-2026,ZAG0276,0,0,0,0,0,0,0,0,0,0,1,0,0
09-MAY-2026,ZAG2002,0,0,0,0,0,0,0,0,0,0,1,0,0
09-MAY-2026,ZAG5505,0,0,0,0,0,0,0,0,0,0,1,0,0
09-MAY-2026,ZAI00108,0,0,0,0,0,0,0,0,0,0,1,0,0
09-MAY-2026,ZAI023,0,0,0,0,0,0,0,0,0,0,1,0,0
09-MAY-2026,ZAL050,0,0,0,0,0,0,0,0,0,0,1,0,0
