09-MAY-2026,00844,0,0,0,0,0,0,0,0,0,0,2,0,0
09-MAY-2026,18R505,765182.4,0,765182.4,61063,0,0,0,0,0,0,1,0,0
09-MAY-2026,3550,87013.2,0,87013.2,5900,0,0,0,0,0,0,1,0,0
09-MAY-2026,43061,14092281.09,0,14092281.09,1161388.5,0,0,0,0,0,0,1,0,0
09-MAY-2026,43367,296352,0,296352,24696,0,0,0,0,0,0,1,0,0
09-MAY-2026,89RJ2730,0,0,0,0,0,0,0,0,0,0,1,0,0
09-MAY-2026,89RJ2731,0,0,0,0,0,0,0,0,0,0,1,0,0
09-MAY-2026,89RJ2980,0,0,0,0,0,0,0,0,0,0,1,0,0
09-MAY-2026,A6KV0088,0,0,0,0,0,0,0,0,0,0,1,0,0
09-MAY-2026,AKE9348,0,0,0,0,0,0,0,0,0,0,1,0,0
09-MAY-2026,AKS0567,0,0,0,0,0,0,0,0,0,0,1,0,0
09-MAY-2026,AKS1630,0,0,0,0,0,0,0,0,0,0,1,0,0
09-MAY-2026,AKS7615,0,0,0,0,0,0,0,0,0,0,1,0,0
09-MAY-2026,AKS8013,0,0,0,0,0,0,0,0,0,0,1,0,0
09-MAY-2026,AKS8736,0,0,0,0,0,0,0,0,0,0,1,0,0
09-MAY-2026,APGE0642,0,0,0,0,0,0,0,0,0,0,1,0,0
09-MAY-2026,APGE2345,0,0,0,0,0,0,0,0,0,0,1,0,0
09-MAY-2026,APGE6789,0,0,0,0,0,0,0,0,0,0,1,0,0
09-MAY-2026,APRE3568,0,0,0,0,0,0,0,0,0,0,1,0,0
09-MAY-2026,APRS1401,0,0,0,0,0,0,0,0,0,0,1,0,0
09-MAY-2026,APRS6490,0,0,0,0,0,0,0,0,0,0,1,0,0
09-MAY-2026,BKNS6274,889056,0,889056,74088,0,0,0,0,0,0,1,0,0
09-MAY-2026,BKNS6657,0,0,0,0,0,0,0,0,0,0,1,0,0
09-MAY-2026,BKNS7233,0,0,0,0,0,0,0,0,0,0,1,0,0
09-MAY-2026,BKNS8547,472290,0,472290,39357.5,0,0,0,0,0,0,1,0,0
09-MAY-2026,BKNS9298,0,0,0,0,0,0,0,0,0,0,1,0,0
09-MAY-2026,BPAS1052,0,0,0,0,0,0,0,0,0,0,1,0,0
09-MAY-2026,BPLE1530,0,0,0,0,0,0,0,0,0,0,1,0,0
09-MAY-2026,BPLE34813,0,0,0,0,0,0,0,0,0,0,1,0,0
09-MAY-2026,BPLE42823,0,0,0,0,0,0,0,0,0,0,1,0,0
09-MAY-2026,BPLE49660,0,0,0,0,0,0,0,0,0,0,1,0,0
09-MAY-2026,BPLE61546,0,0,0,0,0,0,0,0,0,0,1,0,0
09-MAY-2026,BPLE9589,0,0,0,0,0,0,0,0,0,0,1,0,0
09-MAY-2026,BPM2466,0,0,0,0,0,0,0,0,0,0,1,0,0
09-MAY-2026,BPM2467,0,0,0,0,0,0,0,0,0,0,1,0,0
09-MAY-2026,BPM2480,0,0,0,0,0,0,0,0,0,0,1,0,0
09-MAY-2026,BPM2484,0,0,0,0,0,0,0,0,0,0,1,0,0
09-MAY-2026,BPM2485S,0,0,0,0,0,0,0,0,0,0,1,0,0
09-MAY-2026,BPM2486,0,0,0,0,0,0,0,0,0,0,1,0,0
09-MAY-2026,BPM2487,0,0,0,0,0,0,0,0,0,0,1,0,0
09-MAY-2026,BTD112,0,0,0,0,0,0,0,0,0,0,1,0,0
09-MAY-2026,BTD514,0,0,0,0,0,0,0,0,0,0,1,0,0
09-MAY-2026,BTDE3745,0,0,0,0,0,0,0,0,0,0,1,0,0
09-MAY-2026,BTDE5514,0,0,0,0,0,0,0,0,0,0,1,0,0
09-MAY-2026,BTDE6049,1035660,0,1035660,86305,0,0,0,0,0,0,1,0,0
09-MAY-2026,BTDE6768,0,0,0,0,0,0,0,0,0,0,1,0,0
09-MAY-2026,BTDE8439,34566,0,34566,2880.5,0,0,0,0,0,0,1,0,0
09-MAY-2026,BTDE9831,874983,0,874983,78188,0,0,0,0,0,0,1,0,0
09-MAY-2026,BTDE9895,898716,0,898716,74893,0,0,0,0,0,0,1,0,0
09-MAY-2026,BW1917,0,0,0,0,0,0,0,0,0,0,1,0,0
09-MAY-2026,BW2232,0,0,0,0,0,0,0,0,0,0,1,0,0
09-MAY-2026,BWE6949,0,0,0,0,0,0,0,0,0,0,1,0,0
09-MAY-2026,BWS9382,71406,0,71406,5950.5,0,0,0,0,0,0,1,0,0
09-MAY-2026,DLP112,0,0,0,0,0,0,0,0,0,0,1,0,0
09-MAY-2026,DPKE1447,0,0,0,0,0,0,0,0,0,0,1,0,0
09-MAY-2026,DPKE2024,0,0,0,0,0,0,0,0,0,0,1,0,0
09-MAY-2026,DT31178,0,0,0,0,0,0,0,0,0,0,1,0,0
09-MAY-2026,DT9025,0,0,0,0,0,0,0,0,0,0,1,0,0
09-MAY-2026,DTAA4658,0,0,0,0,0,0,0,0,0,0,1,0,0
09-MAY-2026,DTAA7902,0,0,0,0,0,0,0,0,0,0,1,0,0
09-MAY-2026,DTE047402,0,0,0,0,0,0,0,0,0,0,1,0,0
09-MAY-2026,DTGY2440,0,0,0,0,0,0,0,0,0,0,1,0,0
09-MAY-2026,DTGY7220,0,0,0,0,0,0,0,0,0,0,1,0,0
09-MAY-2026,DTGY8115,0,0,0,0,0,0,0,0,0,0,1,0,0
09-MAY-2026,DTGY9461,0,0,0,0,0,0,0,0,0,0,1,0,0
09-MAY-2026,DTHS14959,0,0,0,0,0,0,0,0,0,0,1,0,0
09-MAY-2026,DTHS20464,1131171.57,0,1131171.57,76700,0,0,0,0,0,0,1,0,0
09-MAY-2026,DTHS51359,422760,0,422760,35230,0,0,0,0,0,0,1,0,0
09-MAY-2026,DTHS54798,0,0,0,0,0,0,0,0,0,0,1,0,0
09-MAY-2026,DTHS7283,0,0,0,0,0,0,0,0,0,0,1,0,0
09-MAY-2026,DTHS8652,0,0,0,0,0,0,0,0,0,0,1,0,0
09-MAY-2026,DTJN0216,0,0,0,0,0,0,0,0,0,0,1,0,0
09-MAY-2026,DTJN27635,0,0,0,0,0,0,0,0,0,0,1,0,0
09-MAY-2026,DTJN78391,0,0,0,0,0,0,0,0,0,0,1,0,0
09-MAY-2026,DTKK7911,0,0,0,0,0,0,0,0,0,0,1,0,0
09-MAY-2026,DTMM8926,0,0,0,0,0,0,0,0,0,0,1,0,0
09-MAY-2026,DTNI1578,0,0,0,0,0,0,0,0,0,0,1,0,0
09-MAY-2026,DTNI28543,0,0,0,0,0,0,0,0,0,0,1,0,0
09-MAY-2026,DTNI4927,34236,0,34236,2853,0,0,0,0,0,0,1,0,0
09-MAY-2026,DTNI52843,1111320,0,1111320,92610,0,0,0,0,0,0,1,0,0
09-MAY-2026,DTNI94550,845520,0,845520,70460,0,0,0,0,0,0,1,0,0
09-MAY-2026,DTS09797,345660,0,345660,28805,0,0,0,0,0,0,1,0,0
09-MAY-2026,DTS17980,0,0,0,0,0,0,0,0,0,0,1,0,0
09-MAY-2026,DTS27243,0,0,0,0,0,0,0,0,0,0,1,0,0
09-MAY-2026,DTS33802,0,0,0,0,0,0,0,0,0,0,1,0,0
09-MAY-2026,DTS36268,0,0,0,0,0,0,0,0,0,0,1,0,0
09-MAY-2026,DTS38395,0,0,0,0,0,0,0,0,0,0,1,0,0
09-MAY-2026,DTS79717,0,0,0,0,0,0,0,0,0,0,1,0,0
09-MAY-2026,DTS82846,0,0,0,0,0,0,0,0,0,0,1,0,0
09-MAY-2026,DTSM02990,26084,0,26084,3260.5,0,0,0,0,0,0,1,0,0
09-MAY-2026,DTVW51902,0,0,0,0,0,0,0,0,0,0,1,0,0
09-MAY-2026,DTVW64318,0,0,0,0,0,0,0,0,0,0,1,0,0
09-MAY-2026,GA9601,0,0,0,0,0,0,0,0,0,0,1,0,0
09-MAY-2026,GAM002,0,0,0,0,0,0,0,0,0,0,1,0,0
09-MAY-2026,GAM056,273888,0,273888,22824,0,0,0,0,0,0,1,0,0
09-MAY-2026,GAM099,533436,0,533436,51036,0,0,45456,0,0,0,1,0,0
09-MAY-2026,GAPE4928,269880,0,269880,22490,0,0,0,0,0,0,1,0,0
09-MAY-2026,GB1849,0,0,0,0,0,0,0,0,0,0,1,0,0
09-MAY-2026,GBE0732,0,0,0,0,0,0,0,0,0,0,1,0,0
09-MAY-2026,GBE1292,0,0,0,0,0,0,0,0,0,0,1,0,0
09-MAY-2026,GBE6481,0,0,0,0,0,0,0,0,0,0,1,0,0
09-MAY-2026,GBS0473,0,0,0,0,0,0,0,0,0,0,1,0,0
09-MAY-2026,GBS0644,0,0,0,0,0,0,0,0,0,0,1,0,0
09-MAY-2026,GBS1940,0,0,0,0,0,0,0,0,0,0,1,0,0
09-MAY-2026,GBS2391,391260,0,391260,48907.5,0,0,0,0,0,0,1,0,0
09-MAY-2026,GBS3501,0,0,0,0,0,0,0,0,0,0,1,0,0
09-MAY-2026,GBS5225,0,0,0,0,0,0,0,0,0,0,1,0,0
09-MAY-2026,GBS5669,0,0,0,0,0,0,0,0,0,0,1,0,0
09-MAY-2026,GBS7196,0,0,0,0,0,0,0,0,0,0,1,0,0
09-MAY-2026,GBS7860,0,0,0,0,0,0,0,0,0,0,1,0,0
09-MAY-2026,GBS8556,0,0,0,0,0,0,0,0,0,0,1,0,0
09-MAY-2026,GBS9092,0,0,0,0,0,0,0,0,0,0,1,0,0
09-MAY-2026,GBS9559,0,0,0,0,0,0,0,0,0,0,1,0,0
09-MAY-2026,GBS9987,0,0,0,0,0,0,0,0,0,0,1,0,0
09-MAY-2026,GC109,0,0,0,0,0,0,0,0,0,0,1,0,0
09-MAY-2026,GO25491,0,0,0,0,0,0,0,0,0,0,1,0,0
09-MAY-2026,GO27861,81480,0,81480,6790,0,0,0,0,0,0,1,0,0
09-MAY-2026,GO34274,0,0,0,0,0,0,0,0,0,0,1,0,0
09-MAY-2026,GO52716,1044158.37,0,1044158.37,70800,0,0,0,0,0,0,1,0,0
09-MAY-2026,GO750620,0,0,0,0,0,0,0,0,0,0,1,0,0
09-MAY-2026,GO76346,0,0,0,0,0,0,0,0,0,0,1,0,0
09-MAY-2026,GO90802,0,0,0,0,0,0,0,0,0,0,1,0,0
09-MAY-2026,GO94290,0,0,0,0,0,0,0,0,0,0,1,0,0
09-MAY-2026,GO96213,0,0,0,0,0,0,0,0,0,0,1,0,0
09-MAY-2026,GO96644,0,0,0,0,0,0,0,0,0,0,1,0,0
09-MAY-2026,GO98320,0,0,0,0,0,0,0,0,0,0,1,0,0
09-MAY-2026,GP1037,0,0,0,0,0,0,0,0,0,0,1,0,0
09-MAY-2026,GP1262,0,0,0,0,0,0,0,0,0,0,1,0,0
09-MAY-2026,GP1298,0,0,0,0,0,0,0,0,0,0,1,0,0
09-MAY-2026,GRJ3555,0,0,0,0,0,0,0,0,0,0,1,0,0
09-MAY-2026,GRJ3733,0,0,0,0,0,0,0,0,0,0,1,0,0
09-MAY-2026,GRJ541,0,0,0,0,0,0,0,0,0,0,1,0,0
09-MAY-2026,GRJ5471,597429.8,0,597429.8,51762,0,0,0,0,0,0,1,0,0
09-MAY-2026,GSBE1126,0,0,0,0,0,0,0,0,0,0,1,0,0
09-MAY-2026,GW5318,34566,0,34566,2880.5,0,0,0,0,0,0,1,0,0
09-MAY-2026,HOE33001,185188.35,0,185188.35,13965,0,0,0,0,0,0,1,0,0
09-MAY-2026,HOE39198,0,0,0,0,0,0,0,0,0,0,1,0,0
09-MAY-2026,HOE65962,0,0,0,0,0,0,0,0,0,0,1,0,0
09-MAY-2026,HOE76648,0,0,0,0,0,0,0,0,0,0,1,0,0
09-MAY-2026,HOS1650,1333584,0,1333584,111132,0,0,0,0,0,0,1,0,0
09-MAY-2026,HOS5572,0,0,0,0,0,0,0,0,0,0,1,0,0
09-MAY-2026,HOS8657,0,0,0,0,0,0,0,0,0,0,1,0,0
09-MAY-2026,HSRE5339,300713.4,0,300713.4,24405,0,0,0,0,0,0,1,0,0
09-MAY-2026,HSRS0719,0,0,0,0,0,0,0,0,0,0,1,0,0
09-MAY-2026,HSRS6549,0,0,0,0,0,0,0,0,0,0,1,0,0
09-MAY-2026,HSRS7055,0,0,0,0,0,0,0,0,0,0,1,0,0
09-MAY-2026,HYD397,0,0,0,0,0,0,0,0,0,0,1,0,0
09-MAY-2026,HYD408,0,0,0,0,0,0,0,0,0,0,1,0,0
09-MAY-2026,HYD422,0,0,0,0,0,0,0,0,0,0,1,0,0
09-MAY-2026,HYD424,0,0,0,0,0,0,0,0,0,0,1,0,0
09-MAY-2026,HYD425,0,0,0,0,0,0,0,0,0,0,1,0,0
09-MAY-2026,HYD428,0,0,0,0,0,0,0,0,0,0,1,0,0
09-MAY-2026,HYDE2747,0,0,0,0,0,0,0,0,0,0,1,0,0
09-MAY-2026,HYDE6973,0,0,0,0,0,0,0,0,0,0,1,0,0
09-MAY-2026,IA7063,0,0,0,0,0,0,0,0,0,0,1,0,0
09-MAY-2026,IAVS1858,0,0,0,0,0,0,0,0,0,0,1,0,0
09-MAY-2026,IAVS2754,0,0,0,0,0,0,0,0,0,0,1,0,0
09-MAY-2026,IAVS9619,0,0,0,0,0,0,0,0,0,0,1,0,0
09-MAY-2026,IN01000,0,0,0,0,0,0,0,0,0,0,1,0,0
09-MAY-2026,IN7902,0,0,0,0,0,0,0,0,0,0,1,0,0
09-MAY-2026,IN7950,0,0,0,0,0,0,0,0,0,0,1,0,0
09-MAY-2026,INGU029,0,0,0,0,0,0,0,0,0,0,1,0,0
09-MAY-2026,INHDP340,0,0,0,0,0,0,0,0,0,0,1,0,0
09-MAY-2026,INHDP628,102206.74,0,102206.74,8205.5,0,0,0,0,0,0,1,0,0
09-MAY-2026,INHDP725,0,0,0,0,0,0,0,0,0,0,1,0,0
09-MAY-2026,INPV008,0,0,0,0,0,0,0,0,0,0,1,0,0
09-MAY-2026,INSR1832,0,0,0,0,0,0,0,0,0,0,1,0,0
09-MAY-2026,INY668,0,0,0,0,0,0,0,0,0,0,1,0,0
09-MAY-2026,JA0999,0,0,0,0,0,0,0,0,0,0,1,0,0
09-MAY-2026,JD1127,67470,0,67470,5622.5,0,0,0,0,0,0,1,0,0
09-MAY-2026,JD1555,0,0,0,0,0,0,0,0,0,0,1,0,0
09-MAY-2026,JD2111,0,0,0,0,0,0,0,0,0,0,1,0,0
09-MAY-2026,JD2145,0,0,0,0,0,0,0,0,0,0,1,0,0
09-MAY-2026,JDP234,0,0,0,0,0,0,0,0,0,0,1,0,0
09-MAY-2026,JDQ029,375752.23,0,375752.23,30377.5,0,0,0,0,0,0,1,0,0
09-MAY-2026,JDQ030,1416870,0,1416870,118072.5,0,0,0,0,0,0,1,0,0
09-MAY-2026,JDQ896,0,0,0,0,0,0,0,0,0,0,1,0,0
09-MAY-2026,JJ503,0,0,0,0,0,0,0,0,0,0,1,0,0
09-MAY-2026,JLD2100,0,0,0,0,0,0,0,0,0,0,1,0,0
09-MAY-2026,JLD2108,0,0,0,0,0,0,0,0,0,0,1,0,0
09-MAY-2026,JLD2126,0,0,0,0,0,0,0,0,0,0,1,0,0
09-MAY-2026,JLDE6449,0,0,0,0,0,0,0,0,0,0,1,0,0
09-MAY-2026,JLDS0792,0,0,0,0,0,0,0,0,0,0,1,0,0
09-MAY-2026,JLDS1833,0,0,0,0,0,0,0,0,0,0,1,0,0
09-MAY-2026,JLDS2757,0,0,0,0,0,0,0,0,0,0,1,0,0
09-MAY-2026,JLDS5898,0,0,0,0,0,0,0,0,0,0,1,0,0
09-MAY-2026,JLDS6873,0,0,0,0,0,0,0,0,0,0,1,0,0
09-MAY-2026,JLDS7525,0,0,0,0,0,0,0,0,0,0,1,0,0
09-MAY-2026,JLDS7754,0,0,0,0,0,0,0,0,0,0,1,0,0
09-MAY-2026,JLDS7889,0,0,0,0,0,0,0,0,0,0,1,0,0
09-MAY-2026,JPRS2800,0,0,0,0,0,0,0,0,0,0,1,0,0
09-MAY-2026,JPRS3854,0,0,0,0,0,0,0,0,0,0,1,0,0
09-MAY-2026,K1819,261039.59,0,261039.59,17700,0,0,0,0,0,0,1,0,0
09-MAY-2026,K2440,306290.23,0,306290.23,24589,0,0,0,0,0,0,1,0,0
09-MAY-2026,K2529,0,0,0,0,0,0,0,0,0,0,1,0,0
09-MAY-2026,K2710,0,0,0,0,0,0,0,0,0,0,1,0,0
09-MAY-2026,K2721,930072,0,930072,77506,0,0,0,0,0,0,1,0,0
09-MAY-2026,K2753,1018376.4,0,1018376.4,80500.5,0,0,0,0,0,0,1,0,0
09-MAY-2026,K2754,0,0,0,0,0,0,0,0,0,0,1,0,0
09-MAY-2026,K2887,0,0,0,0,0,0,0,0,0,0,1,0,0
09-MAY-2026,K5124,0,0,0,0,0,0,0,0,0,0,1,0,0
09-MAY-2026,K5203,1991683.61,0,1991683.61,163987,0,0,0,0,0,0,1,0,0
09-MAY-2026,K5300,0,0,0,0,0,0,0,0,0,0,1,0,0
09-MAY-2026,K5393,0,0,0,0,0,0,0,0,0,0,1,0,0
09-MAY-2026,K5552,0,0,0,0,0,0,0,0,0,0,1,0,0
09-MAY-2026,K6079,0,0,0,0,0,0,0,0,0,0,1,0,0
09-MAY-2026,K7910,0,0,0,0,0,0,0,0,0,0,1,0,0
09-MAY-2026,K8111,0,0,0,0,0,0,0,0,0,0,1,0,0
09-MAY-2026,KBS09,0,0,0,0,0,0,0,0,0,0,1,0,0
09-MAY-2026,KBS287,34566,0,34566,2880.5,0,0,0,0,0,0,1,0,0
09-MAY-2026,KBS343,0,0,0,0,0,0,0,0,0,0,1,0,0
09-MAY-2026,KGM139,0,0,0,0,0,0,0,0,0,0,1,0,0
09-MAY-2026,KHK596,162319.2,0,162319.2,12175.5,0,0,0,0,0,0,1,0,0
09-MAY-2026,KJP03,655560,0,655560,54630,0,0,0,0,0,0,1,0,0
09-MAY-2026,KJP04,0,0,0,0,0,0,0,0,0,0,1,0,0
09-MAY-2026,KK298,311094,0,311094,25924.5,0,0,0,0,0,0,1,0,0
09-MAY-2026,KLP45,0,0,0,0,0,0,0,0,0,0,1,0,0
09-MAY-2026,KMJ29,261039.59,0,261039.59,17700,0,0,0,0,0,0,1,0,0
09-MAY-2026,KMJ384,0,0,0,0,0,0,0,0,0,0,1,0,0
09-MAY-2026,KMJ396,87013.2,0,87013.2,5900,0,0,0,0,0,0,1,0,0
09-MAY-2026,KMJ55,0,0,0,0,0,0,0,0,0,0,1,0,0
09-MAY-2026,KMJ57,0,0,0,0,0,0,0,0,0,0,1,0,0
09-MAY-2026,KMJ647,0,0,0,0,0,0,0,0,0,0,1,0,0
09-MAY-2026,KMJ756,134940,0,134940,11245,0,0,0,0,0,0,1,0,0
09-MAY-2026,KMJ757,731417.99,0,731417.99,54196,0,0,0,0,0,0,1,0,0
09-MAY-2026,KN646,71406,0,71406,5950.5,0,0,0,0,0,0,1,0,0
09-MAY-2026,KRH466,87013.2,0,87013.2,5900,0,0,0,0,0,0,1,0,0
09-MAY-2026,KSB3019,148176,0,148176,12348,0,0,0,0,0,0,1,0,0
09-MAY-2026,KSB3162,0,0,0,0,0,0,0,0,0,0,1,0,0
09-MAY-2026,KSB5605,0,0,0,0,0,0,0,0,0,0,1,0,0
09-MAY-2026,KSB6031,1333584,0,1333584,111132,0,0,0,0,0,0,1,0,0
09-MAY-2026,KSB9705,963144,0,963144,80262,0,0,0,0,0,0,1,0,0
09-MAY-2026,KSK01,0,0,0,0,0,0,0,0,0,0,1,0,0
09-MAY-2026,KTE0097,0,0,0,0,0,0,0,0,0,0,1,0,0
09-MAY-2026,KTE0235,1627638.74,0,1627638.74,128328.5,0,0,0,0,0,0,1,0,0
09-MAY-2026,KTE0598,170748,0,170748,14229,0,0,17046,0,0,0,1,0,0
09-MAY-2026,KTE0802,988994.4,0,988994.4,79714,0,0,0,0,0,0,1,0,0
09-MAY-2026,KTE1128,0,0,0,0,0,0,0,0,0,0,1,0,0
09-MAY-2026,KTE1422,0,0,0,0,0,0,0,0,0,0,1,0,0
09-MAY-2026,KTE1959,0,0,0,0,0,0,0,0,0,0,1,0,0
09-MAY-2026,KTE2146,0,0,0,0,0,0,0,0,0,0,1,0,0
09-MAY-2026,KTE2285,261039.59,0,261039.59,17700,0,0,0,0,0,0,1,0,0
09-MAY-2026,KTE2290,295932,0,295932,24661,0,0,0,0,0,0,1,0,0
09-MAY-2026,KTE2375,0,0,0,0,0,0,0,0,0,0,1,0,0
09-MAY-2026,KTE2611,235189.2,0,235189.2,18248,0,0,0,0,0,0,1,0,0
09-MAY-2026,KTE2740,0,0,0,0,0,0,0,0,0,0,1,0,0
09-MAY-2026,KTE3433,87013.2,0,87013.2,5900,0,0,0,0,0,0,1,0,0
09-MAY-2026,KTE4237,0,0,0,0,0,0,0,0,0,0,1,0,0
09-MAY-2026,KTE4939,0,0,0,0,0,0,0,0,0,0,1,0,0
09-MAY-2026,KTE5390,805505.99,0,805505.99,60370,0,0,0,0,0,0,1,0,0
09-MAY-2026,KTE5485,0,0,0,0,0,0,0,0,0,0,1,0,0
09-MAY-2026,KTE5564,0,0,0,0,0,0,0,0,0,0,1,0,0
09-MAY-2026,KTE6612,0,0,0,0,0,0,0,0,0,0,1,0,0
09-MAY-2026,KTE7280,0,0,0,0,0,0,0,0,0,0,1,0,0
09-MAY-2026,KTE7607,0,0,0,0,0,0,0,0,0,0,1,0,0
09-MAY-2026,KTE8698,235189.2,0,235189.2,18248,0,0,0,0,0,0,1,0,0
09-MAY-2026,KTE8859,0,0,0,0,0,0,0,0,0,0,1,0,0
09-MAY-2026,KTE8889,860494.78,0,860494.78,59548,0,0,0,0,0,0,1,0,0
09-MAY-2026,KTE9147,0,0,0,0,0,0,0,0,0,0,1,0,0
09-MAY-2026,KTE9180,0,0,0,0,0,0,0,0,0,0,1,0,0
09-MAY-2026,KTE9491,1037232,0,1037232,86436,0,0,0,0,0,0,1,0,0
09-MAY-2026,KTE9703,0,0,0,0,0,0,0,0,0,0,1,0,0
09-MAY-2026,KTE9802,217308,0,217308,18109,0,0,0,0,0,0,1,0,0
09-MAY-2026,MLS5078,0,0,0,0,0,0,0,0,0,0,1,0,0
09-MAY-2026,NAGE3357,0,0,0,0,0,0,0,0,0,0,1,0,0
09-MAY-2026,NAGM38,0,0,0,0,0,0,0,0,0,0,1,0,0
09-MAY-2026,NG10091,0,0,0,0,0,0,0,0,0,0,1,0,0
09-MAY-2026,NG10191,1001244.61,0,1001244.61,82746,0,0,53042,0,0,0,1,0,0
09-MAY-2026,NG10232,0,0,0,0,0,0,0,0,0,0,1,0,0
09-MAY-2026,NG10237,0,0,0,0,0,0,0,0,0,0,1,0,0
09-MAY-2026,NG10239,40740,0,40740,3395,0,0,0,0,0,0,1,0,0
09-MAY-2026,NG12515,0,0,0,0,0,0,0,0,0,0,1,0,0
09-MAY-2026,NGAE3300,0,0,0,0,0,0,0,0,0,0,1,0,0
09-MAY-2026,NGAE3357,322452,0,322452,26871,0,0,0,0,0,0,1,0,0
09-MAY-2026,NGAE5043,0,0,0,0,0,0,0,0,0,0,1,0,0
09-MAY-2026,NGAE6650,0,0,0,0,0,0,0,0,0,0,1,0,0
09-MAY-2026,NGAE6934,0,0,0,0,0,0,0,0,0,0,1,0,0
09-MAY-2026,NGAE9783,0,0,0,0,0,0,0,0,0,0,1,0,0
09-MAY-2026,NGAK5001,0,0,0,0,0,0,0,0,0,0,1,0,0
09-MAY-2026,NGAM1102,0,0,0,0,0,0,0,0,0,0,1,0,0
09-MAY-2026,NGAM38,0,0,0,0,0,0,0,0,0,0,1,0,0
09-MAY-2026,NGE0267,0,0,0,0,0,0,0,0,0,0,1,0,0
09-MAY-2026,NGE8549,250584,0,250584,20882,0,0,0,0,0,0,1,0,0
09-MAY-2026,NGE9165,171565.2,0,171565.2,12946,0,0,0,0,0,0,1,0,0
09-MAY-2026,NKS125,67640.74,0,67640.74,5325,0,0,0,0,0,0,1,0,0
09-MAY-2026,NSE1726,171840,0,171840,14320,0,0,0,0,0,0,1,0,0
09-MAY-2026,NVDP0864,0,0,0,0,0,0,0,0,0,0,1,0,0
09-MAY-2026,PTR143,946242,0,946242,78853.5,0,0,0,0,0,0,1,0,0
09-MAY-2026,PTR1433,0,0,0,0,0,0,0,0,0,0,1,0,0
09-MAY-2026,PTR183,742170,0,742170,61847.5,0,0,0,0,0,0,1,0,0
09-MAY-2026,PTR1834,404820,0,404820,33735,0,0,0,0,0,0,1,0,0
09-MAY-2026,PTR1835,742170,0,742170,61847.5,0,0,0,0,0,0,1,0,0
09-MAY-2026,PTR1836,674700,0,674700,56225,0,0,0,0,0,0,1,0,0
09-MAY-2026,PTR394,0,0,0,0,0,0,0,0,0,0,1,0,0
09-MAY-2026,PTR492,0,0,0,0,0,0,0,0,0,0,1,0,0
09-MAY-2026,PUE58225,0,0,0,0,0,0,0,0,0,0,1,0,0
09-MAY-2026,PUSS5289,87013.2,0,87013.2,5900,0,0,0,0,0,0,1,0,0
09-MAY-2026,PUSS9291,0,0,0,0,0,0,0,0,0,0,1,0,0
09-MAY-2026,RT1046,575277.01,0,575277.01,46849,0,0,0,0,0,0,1,0,0
09-MAY-2026,RT1455,253656,0,253656,21138,0,0,0,0,0,0,1,0,0
09-MAY-2026,RT2238,69132,0,69132,5761,0,0,0,0,0,0,1,0,0
09-MAY-2026,RT2302,120304.74,0,120304.74,11908,0,0,0,0,0,0,1,0,0
09-MAY-2026,RT2462,0,0,0,0,0,0,0,0,0,0,1,0,0
09-MAY-2026,RTE4482,0,0,0,0,0,0,0,0,0,0,1,0,0
09-MAY-2026,RTE4553,0,0,0,0,0,0,0,0,0,0,1,0,0
09-MAY-2026,RTE4809,0,0,0,0,0,0,0,0,0,0,1,0,0
09-MAY-2026,RTE5000,0,0,0,0,0,0,0,0,0,0,1,0,0
09-MAY-2026,RTE6178,0,0,0,0,0,0,0,0,0,0,1,0,0
09-MAY-2026,RTE6435,140784,0,140784,11732,0,0,0,0,0,0,1,0,0
09-MAY-2026,RTE8918,294801,0,294801,22997.5,0,0,0,0,0,0,1,0,0
09-MAY-2026,RTE9677,1593553.3,0,1593553.3,129773,0,0,0,0,0,0,1,0,0
09-MAY-2026,RTE9717,0,0,0,0,0,0,0,0,0,0,1,0,0
09-MAY-2026,RTJ1426,0,0,0,0,0,0,0,0,0,0,1,0,0
09-MAY-2026,RTS0515,34566,0,34566,2880.5,0,0,0,0,0,0,1,0,0
09-MAY-2026,RTS1005,0,0,0,0,0,0,0,0,0,0,1,0,0
09-MAY-2026,RTV1001,325920,0,325920,27160,0,0,0,0,0,0,1,0,0
09-MAY-2026,RTV1008,0,0,0,0,0,0,0,0,0,0,1,0,0
09-MAY-2026,RTV1014,1431049.8,0,1431049.8,119036,0,0,0,0,0,0,1,0,0
09-MAY-2026,RTY1005,0,0,0,0,0,0,0,0,0,0,1,0,0
09-MAY-2026,SHPE05141,0,0,0,0,0,0,0,0,0,0,1,0,0
09-MAY-2026,SHPE08494,0,0,0,0,0,0,0,0,0,0,1,0,0
09-MAY-2026,SHPE13390,0,0,0,0,0,0,0,0,0,0,1,0,0
09-MAY-2026,SHPE45847,0,0,0,0,0,0,0,0,0,0,1,0,0
09-MAY-2026,SHPE58007,0,0,0,0,0,0,0,0,0,0,1,0,0
09-MAY-2026,SHPE69809,0,0,0,0,0,0,0,0,0,0,1,0,0
09-MAY-2026,SHPE93309,0,0,0,0,0,0,0,0,0,0,1,0,0
09-MAY-2026,SHPE97658,0,0,0,0,0,0,0,0,0,0,1,0,0
09-MAY-2026,SHPS3834,0,0,0,0,0,0,0,0,0,0,1,0,0
09-MAY-2026,SHPS5340,0,0,0,0,0,0,0,0,0,0,1,0,0
09-MAY-2026,SI5777,0,0,0,0,0,0,0,0,0,0,1,0,0
09-MAY-2026,SIGD43,0,0,0,0,0,0,0,0,0,0,1,0,0
09-MAY-2026,SIGD53,0,0,0,0,0,0,0,0,0,0,1,0,0
09-MAY-2026,SSE7045,0,0,0,0,0,0,0,0,0,0,1,0,0
09-MAY-2026,UJS1420,0,0,0,0,0,0,0,0,0,0,1,0,0
09-MAY-2026,UKNE1902,0,0,0,0,0,0,0,0,0,0,1,0,0
09-MAY-2026,UNE3890,0,0,0,0,0,0,0,0,0,0,1,0,0
09-MAY-2026,UPVE2572,0,0,0,0,0,0,0,0,0,0,1,0,0
09-MAY-2026,UPVE3270,0,0,0,0,0,0,0,0,0,0,1,0,0
09-MAY-2026,V112,0,0,0,0,0,0,0,0,0,0,1,0,0
09-MAY-2026,V130,0,0,0,0,0,0,0,0,0,0,1,0,0
09-MAY-2026,YJS002,0,0,0,0,0,0,0,0,0,0,1,0,0
09-MAY-2026,YJS015,0,0,0,0,0,0,0,0,0,0,1,0,0
09-MAY-2026,YNIE4974,0,0,0,0,0,0,0,0,0,0,1,0,0
09-MAY-2026,YNIE5001,0,0,0,0,0,0,0,0,0,0,1,0,0
09-MAY-2026,YNIE7530,0,0,0,0,0,0,0,0,0,0,1,0,0
09-MAY-2026,YNIS1266,0,0,0,0,0,0,0,0,0,0,1,0,0
09-MAY-2026,YNIS6988,0,0,0,0,0,0,0,0,0,0,1,0,0
09-MAY-2026,YNIS84422,0,0,0,0,0,0,0,0,0,0,1,0,0
09-MAY-2026,YNIS84473,0,0,0,0,0,0,0,0,0,0,1,0,0
09-MAY-2026,YNS0901,1411135.19,0,1411135.19,109488,0,0,0,0,0,0,1,0,0
09-MAY-2026,YNS1067,0,0,0,0,0,0,0,0,0,0,1,0,0
09-MAY-2026,YNS7583,100237.8,0,100237.8,8135,0,0,0,0,0,0,1,0,0
09-MAY-2026,YNS8731,0,0,0,0,0,0,0,0,0,0,1,0,0
09-MAY-2026,YNS8734,0,0,0,0,0,0,0,0,0,0,1,0,0
09-MAY-2026,YNS9256,0,0,0,0,0,0,0,0,0,0,1,0,0
09-MAY-2026,YNSA143,0,0,0,0,0,0,0,0,0,0,1,0,0
