09-MAY-2026,01292,49800,0,49800,2862.5,0,0,0,0,0,0,2,0,0,49800,2862.5,20260509-0,14571675.7,19571675.7,19571675.7,52662.5,0,20260509-0
09-MAY-2026,11SN72,461575.86,0,461575.86,38103.5,0,0,0,0,0,0,1,0,0,461575.86,38103.5,20260509-0,533088.22,533088.22,533088.22,499679.36,0,20260509-0
09-MAY-2026,7AIG10048,67470,0,67470,5622.5,0,0,0,0,0,0,1,0,0,67470,5622.5,20260509-0,94215.21,94215.21,94215.21,73092.5,0,20260509-0
09-MAY-2026,7AIG32142,72522,0,72522,6043.5,0,0,0,0,0,0,1,0,0,72522,6043.5,20260509-0,87756.7,87756.7,87756.7,78565.5,0,20260509-0
09-MAY-2026,7AIG57233,540596.85,0,540596.85,43381,0,0,0,0,0,0,1,0,0,540596.85,43381,20260509-0,642981.09,642981.09,642981.09,583977.85,0,20260509-0
09-MAY-2026,7ARQ2124,34350,0,34350,2862.5,0,0,0,0,0,0,1,0,0,34350,2862.5,20260509-0,18247.41,18247.41,18247.41,37212.5,18965.09,20260509-0
09-MAY-2026,7ARQ574,0,0,0,0,0,0,0,0,0,0,1,0,0,0,0,20260509-0,0,39897.6,39897.6,0,0,20260509-0
09-MAY-2026,7AZU2054,440384.57,0,440384.57,36225.5,0,0,0,0,0,0,1,0,0,440384.57,36225.5,20260509-0,597584.99,597584.99,597584.99,476610.07,0,20260509-0
09-MAY-2026,7AZU2061,543600,0,543600,45300,0,0,0,0,0,0,1,0,0,543600,45300,20260509-0,801428.12,801428.12,801428.12,588900,0,20260509-0
09-MAY-2026,7GFH2009,0,0,0,0,0,0,0,0,0,0,1,0,0,0,0,20260509-0,4.95,4.95,4.95,0,0,20260509-0
09-MAY-2026,7RA1VG52,201529.86,0,201529.86,16433,0,0,0,0,0,0,1,0,0,201529.86,16433,20260509-0,195064.71,195064.71,195064.71,217962.86,22898.15,20260509-0
09-MAY-2026,7RACNK01,472290,0,472290,39357.5,0,0,0,0,0,0,1,0,0,472290,39357.5,20260509-0,783139.88,783139.88,783139.88,511647.5,0,20260509-0
09-MAY-2026,7RAPAB02,399335.34,0,399335.34,30865,0,0,0,0,0,0,1,0,0,399335.34,30865,20260509-0,598921.54,598921.54,598921.54,430200.34,0,20260509-0
09-MAY-2026,7RAPJB01,281189.13,0,281189.13,22486,0,0,0,0,0,0,1,0,0,281189.13,22486,20260509-0,479795.9,479795.9,479795.9,303675.13,0,20260509-0
09-MAY-2026,7RBP36088,0,0,0,0,0,0,0,0,0,0,1,0,0,0,0,20260509-0,52.85,52.85,52.85,0,0,20260509-0
09-MAY-2026,8LBB2071,2193390,0,2193390,188076,0,0,0,0,0,0,1,0,0,2193390,188076,20260509-0,2618745.48,2618745.48,2618745.48,2381466,0,20260509-0
09-MAY-2026,K6MKJ,167940,0,167940,13995,0,0,0,0,0,0,1,0,0,167940,13995,20260509-0,203624.31,203624.31,203624.31,181935,0,20260509-0
09-MAY-2026,K6S96,660420,0,660420,55035,0,0,0,0,0,0,1,0,0,660420,55035,20260509-0,356312.74,356312.74,356312.74,715455,359142.26,20260509-0
09-MAY-2026,K6Y204,34350,0,34350,2862.5,0,0,0,0,0,0,1,0,0,34350,2862.5,20260509-0,47621.1,47621.1,47621.1,37212.5,0,20260509-0
09-MAY-2026,K6Y91,100764,0,100764,8397,0,0,0,0,0,0,1,0,0,100764,8397,20260509-0,118831.58,118831.58,118831.58,109161,0,20260509-0
09-MAY-2026,MKT059679,201531.72,0,201531.72,16072,0,0,0,0,0,0,1,0,0,201531.72,16072,20260509-0,231725.81,231725.81,231725.81,217603.72,0,20260509-0
09-MAY-2026,MT114268,0,0,0,0,0,0,0,0,0,0,1,0,0,0,0,20260509-0,19181.71,19181.71,19181.71,0,0,20260509-0
