09-MAY-2026,01252,0,0,0,0,0,0,0,0,0,0,2,0,0
09-MAY-2026,AHMCA182,0,0,0,0,0,0,0,0,0,0,1,0,0
09-MAY-2026,AHMCA199,878328,0,878328,73194,0,0,0,0,0,0,1,0,0
09-MAY-2026,AHMCA212,0,0,0,0,0,0,0,0,0,0,1,0,0
09-MAY-2026,AHMCA229,0,0,0,0,0,0,0,0,0,0,1,0,0
09-MAY-2026,AHMCB105,0,0,0,0,0,0,0,0,0,0,1,0,0
09-MAY-2026,AHMCB167,674064,0,674064,83784,0,0,0,0,0,0,1,0,0
09-MAY-2026,AHMCB178,0,0,0,0,0,0,0,0,0,0,1,0,0
09-MAY-2026,AHMCB187,0,0,0,0,0,0,0,0,0,0,1,0,0
09-MAY-2026,AHMCB199,0,0,0,0,0,0,0,0,0,0,1,0,0
09-MAY-2026,AHMCC126,0,0,0,0,0,0,0,0,0,0,1,0,0
09-MAY-2026,AHMCC175,782520,0,782520,97815,0,0,0,0,0,0,1,0,0
09-MAY-2026,AHMCD164,174026.4,0,174026.4,11800,0,0,0,0,0,0,1,0,0
09-MAY-2026,AHMCD168,0,0,0,0,0,0,0,0,0,0,1,0,0
09-MAY-2026,AHMCF108,0,0,0,0,0,0,0,0,0,0,1,0,0
09-MAY-2026,AHMCG123,0,0,0,0,0,0,0,0,0,0,1,0,0
09-MAY-2026,AHMCH140,1331274,0,1331274,122529.5,0,0,0,0,0,0,1,0,0
09-MAY-2026,AHMCH155,219744,0,219744,18312,0,0,0,0,0,0,1,0,0
09-MAY-2026,AHMCI126,0,0,0,0,0,0,0,0,0,0,1,0,0
09-MAY-2026,AHMCJ151,0,0,0,0,0,0,0,0,0,0,1,0,0
09-MAY-2026,AHMCJ166,0,0,0,0,0,0,0,0,0,0,1,0,0
09-MAY-2026,AHMCJ197,0,0,0,0,0,0,0,0,0,0,1,0,0
09-MAY-2026,AHMCK209,0,0,0,0,0,0,0,0,0,0,1,0,0
09-MAY-2026,AHMCK280,130420,0,130420,16302.5,0,0,0,0,0,0,1,0,0
09-MAY-2026,AHMCM194,0,0,0,0,0,0,0,0,0,0,1,0,0
09-MAY-2026,AHMCM226,0,0,0,0,0,0,0,0,0,0,1,0,0
09-MAY-2026,AHMCM230,0,0,0,0,0,0,0,0,0,0,1,0,0
09-MAY-2026,AHMCM320,0,0,0,0,0,0,0,0,0,0,1,0,0
09-MAY-2026,AHMCM357,0,0,0,0,0,0,0,0,0,0,1,0,0
09-MAY-2026,AHMCN237,0,0,0,0,0,0,0,0,0,0,1,0,0
09-MAY-2026,AHMCP175,135281.49,0,135281.49,10650,0,0,0,0,0,0,1,0,0
09-MAY-2026,AHMCP199,0,0,0,0,0,0,0,0,0,0,1,0,0
09-MAY-2026,AHMCP241,0,0,0,0,0,0,0,0,0,0,1,0,0
09-MAY-2026,AHMCP243,0,0,0,0,0,0,0,0,0,0,1,0,0
09-MAY-2026,AHMCP331,0,0,0,0,0,0,0,0,0,0,1,0,0
09-MAY-2026,AHMCP338,2093789.66,0,2093789.66,170430,0,0,0,0,0,0,1,0,0
09-MAY-2026,AHMCP363,0,0,0,0,0,0,0,0,0,0,1,0,0
09-MAY-2026,AHMCR105,0,0,0,0,0,0,0,0,0,0,1,0,0
09-MAY-2026,AHMCR202,0,0,0,0,0,0,0,0,0,0,1,0,0
09-MAY-2026,AHMCR220,0,0,0,0,0,0,0,0,0,0,1,0,0
09-MAY-2026,AHMCR333,0,0,0,0,0,0,0,0,0,0,1,0,0
09-MAY-2026,AHMCS123,0,0,0,0,0,0,0,0,0,0,1,0,0
09-MAY-2026,AHMCS155,0,0,0,0,0,0,0,0,0,0,1,0,0
09-MAY-2026,AHMCS215,0,0,0,0,0,0,0,0,0,0,1,0,0
09-MAY-2026,AHMCS575,67470,0,67470,5622.5,0,0,0,0,0,0,1,0,0
09-MAY-2026,AHMCU123,0,0,0,0,0,0,0,0,0,0,1,0,0
09-MAY-2026,AHMCV165,0,0,0,0,0,0,0,0,0,0,1,0,0
09-MAY-2026,AKA173,81480,0,81480,6790,0,0,0,0,0,0,1,0,0
09-MAY-2026,AKA415,0,0,0,0,0,0,0,0,0,0,1,0,0
09-MAY-2026,AKA417,40740,0,40740,3395,0,0,0,0,0,0,1,0,0
09-MAY-2026,AKA438,0,0,0,0,0,0,0,0,0,0,1,0,0
09-MAY-2026,AKA445,169104,0,169104,14092,0,0,0,0,0,0,1,0,0
09-MAY-2026,AKA460,253056,0,253056,21088,0,0,0,0,0,0,1,0,0
09-MAY-2026,AKB050,0,0,0,0,0,0,0,0,0,0,1,0,0
09-MAY-2026,AKB073,0,0,0,0,0,0,0,0,0,0,1,0,0
09-MAY-2026,AKD152,0,0,0,0,0,0,0,0,0,0,1,0,0
09-MAY-2026,AKD156,0,0,0,0,0,0,0,0,0,0,1,0,0
09-MAY-2026,AKG109,0,0,0,0,0,0,0,0,0,0,1,0,0
09-MAY-2026,AKG110,203700,0,203700,16975,0,0,0,0,0,0,1,0,0
09-MAY-2026,AKH155,0,0,0,0,0,0,0,0,0,0,1,0,0
09-MAY-2026,AKJ081,4807320,0,4807320,400610,0,0,0,0,0,0,1,0,0
09-MAY-2026,AKJ122,1140720,0,1140720,95060,0,0,0,0,0,0,1,0,0
09-MAY-2026,AKJ124,0,0,0,0,0,0,0,0,0,0,1,0,0
09-MAY-2026,AKK111,436620,0,436620,89550,0,0,0,0,0,0,1,0,0
09-MAY-2026,AKK118,0,0,0,0,0,0,0,0,0,0,1,0,0
09-MAY-2026,AKK140,42276,0,42276,3523,0,0,0,0,0,0,1,0,0
09-MAY-2026,AKK188,0,0,0,0,0,0,0,0,0,0,1,0,0
09-MAY-2026,AKM226,0,0,0,0,0,0,0,0,0,0,1,0,0
09-MAY-2026,AKM384,422760,0,422760,35230,0,0,0,0,0,0,1,0,0
09-MAY-2026,AKM385,0,0,0,0,0,0,0,0,0,0,1,0,0
09-MAY-2026,AKN159,0,0,0,0,0,0,0,0,0,0,1,0,0
09-MAY-2026,AKN204,0,0,0,0,0,0,0,0,0,0,1,0,0
09-MAY-2026,AKO101,0,0,0,0,0,0,0,0,0,0,1,0,0
09-MAY-2026,AKP411,0,0,0,0,0,0,0,0,0,0,1,0,0
09-MAY-2026,AKR150,0,0,0,0,0,0,0,0,0,0,1,0,0
09-MAY-2026,AKR292,422760,0,422760,35230,0,0,0,0,0,0,1,0,0
09-MAY-2026,AKR321,0,0,0,0,0,0,0,0,0,0,1,0,0
09-MAY-2026,AKR360,0,0,0,0,0,0,0,0,0,0,1,0,0
09-MAY-2026,AKR412,203700,0,203700,16975,0,0,0,0,0,0,1,0,0
09-MAY-2026,AKRP004,0,0,0,0,0,0,0,0,0,0,1,0,0
09-MAY-2026,AKS343,570360,0,570360,47530,0,0,0,0,0,0,1,0,0
09-MAY-2026,AKS587,0,0,0,0,0,0,0,0,0,0,1,0,0
09-MAY-2026,AKS601,2104993.82,0,2104993.82,170835,0,0,0,0,0,0,1,0,0
09-MAY-2026,AKS692,0,0,0,0,0,0,0,0,0,0,1,0,0
09-MAY-2026,AKS697,42276,0,42276,3523,0,0,0,0,0,0,1,0,0
09-MAY-2026,AKS712,0,0,0,0,0,0,0,0,0,0,1,0,0
09-MAY-2026,AKS797,0,0,0,0,0,0,0,0,0,0,1,0,0
09-MAY-2026,AKS799,0,0,0,0,0,0,0,0,0,0,1,0,0
09-MAY-2026,AKS822,687226.05,0,687226.05,56455,0,0,0,0,0,0,1,0,0
09-MAY-2026,AKV189,0,0,0,0,0,0,0,0,0,0,1,0,0
09-MAY-2026,AKV205,456216,0,456216,38018,0,0,0,0,0,0,1,0,0
09-MAY-2026,AMP103,98175.15,0,98175.15,8065,0,0,0,0,0,0,1,0,0
09-MAY-2026,AURG10R103,0,0,0,0,0,0,0,0,0,0,1,0,0
09-MAY-2026,AURGA134,0,0,0,0,0,0,0,0,0,0,1,0,0
09-MAY-2026,AURGS9A173,0,0,0,0,0,0,0,0,0,0,1,0,0
09-MAY-2026,AURGS9D104,164496,0,164496,13708,0,0,0,0,0,0,1,0,0
09-MAY-2026,AURGS9D153,0,0,0,0,0,0,0,0,0,0,1,0,0
09-MAY-2026,AURGS9H102,0,0,0,0,0,0,0,0,0,0,1,0,0
09-MAY-2026,AURGS9M108,0,0,0,0,0,0,0,0,0,0,1,0,0
09-MAY-2026,AURGS9M114,0,0,0,0,0,0,0,0,0,0,1,0,0
09-MAY-2026,AURGS9M120,0,0,0,0,0,0,0,0,0,0,1,0,0
09-MAY-2026,AURGS9N163,0,0,0,0,0,0,0,0,0,0,1,0,0
09-MAY-2026,AURGS9O101,40740,0,40740,3395,0,0,0,0,0,0,1,0,0
09-MAY-2026,AURGS9P112,0,0,0,0,0,0,0,0,0,0,1,0,0
09-MAY-2026,AURGS9S113,126828,0,126828,10569,0,0,0,0,0,0,1,0,0
09-MAY-2026,AURGS9S116,0,0,0,0,0,0,0,0,0,0,1,0,0
09-MAY-2026,AURGS9U102,0,0,0,0,0,0,0,0,0,0,1,0,0
09-MAY-2026,BMM198,148176,0,148176,12348,0,0,0,0,0,0,1,0,0
09-MAY-2026,BMS053,205416,0,205416,17118,0,0,0,0,0,0,1,0,0
09-MAY-2026,BMV075,200475.6,0,200475.6,16270,0,0,0,0,0,0,1,0,0
09-MAY-2026,DIRA10S352,0,0,0,0,0,0,0,0,0,0,1,0,0
09-MAY-2026,DIRA66J101,0,0,0,0,0,0,0,0,0,0,1,0,0
09-MAY-2026,DIRB23A101,0,0,0,0,0,0,0,0,0,0,1,0,0
09-MAY-2026,DIRB24S103,42276,0,42276,3523,0,0,0,0,0,0,1,0,0
09-MAY-2026,DIRB81A106,42276,0,42276,3523,0,0,0,0,0,0,1,0,0
09-MAY-2026,DIRB81A107,0,0,0,0,0,0,0,0,0,0,1,0,0
09-MAY-2026,DIRB81B102,0,0,0,0,0,0,0,0,0,0,1,0,0
09-MAY-2026,DIRB81V101,81480,0,81480,6790,0,0,0,0,0,0,1,0,0
09-MAY-2026,DIRC21K104,687226.05,0,687226.05,56455,0,0,0,0,0,0,1,0,0
09-MAY-2026,DIRC21R111,787463.85,0,787463.85,64590,0,0,0,0,0,0,1,0,0
09-MAY-2026,DIRD26A103,0,0,0,0,0,0,0,0,0,0,1,0,0
09-MAY-2026,DIRD26S104,0,0,0,0,0,0,0,0,0,0,1,0,0
09-MAY-2026,DIRD26S106,0,0,0,0,0,0,0,0,0,0,1,0,0
09-MAY-2026,DIRD26S111,0,0,0,0,0,0,0,0,0,0,1,0,0
09-MAY-2026,DIRE16V102,0,0,0,0,0,0,0,0,0,0,1,0,0
09-MAY-2026,DIRE51M101,0,0,0,0,0,0,0,0,0,0,1,0,0
09-MAY-2026,DIRW46A105,0,0,0,0,0,0,0,0,0,0,1,0,0
09-MAY-2026,DIRW46D101,0,0,0,0,0,0,0,0,0,0,1,0,0
09-MAY-2026,DIRW46M101,0,0,0,0,0,0,0,0,0,0,1,0,0
09-MAY-2026,DIRW46U101,0,0,0,0,0,0,0,0,0,0,1,0,0
09-MAY-2026,DIRW70D102,0,0,0,0,0,0,0,0,0,0,1,0,0
09-MAY-2026,DIRW70P112,337308,0,337308,28109,0,0,0,0,0,0,1,0,0
09-MAY-2026,DN7A1012,0,0,0,0,0,0,0,0,0,0,1,0,0
09-MAY-2026,DN7P035,0,0,0,0,0,0,0,0,0,0,1,0,0
09-MAY-2026,DN8S296,0,0,0,0,0,0,0,0,0,0,1,0,0
09-MAY-2026,E933255,26332,0,26332,3291.5,0,0,0,0,0,0,1,0,0
09-MAY-2026,ERROR,26332,0,26332,3291.5,0,0,0,0,0,0,1,0,0
09-MAY-2026,FNR190S114,0,0,0,0,0,0,0,0,0,0,1,0,0
09-MAY-2026,FNR378R116,0,0,0,0,0,0,0,0,0,0,1,0,0
09-MAY-2026,FNR470M105,0,0,0,0,0,0,0,0,0,0,1,0,0
09-MAY-2026,FPB22J108,0,0,0,0,0,0,0,0,0,0,1,0,0
09-MAY-2026,FPB22K121,236574,0,236574,19714.5,0,0,0,0,0,0,1,0,0
09-MAY-2026,FPB22M119,0,0,0,0,0,0,0,0,0,0,1,0,0
09-MAY-2026,FPB22N102,0,0,0,0,0,0,0,0,0,0,1,0,0
09-MAY-2026,FPB22N108,0,0,0,0,0,0,0,0,0,0,1,0,0
09-MAY-2026,FPB22R106,0,0,0,0,0,0,0,0,0,0,1,0,0
09-MAY-2026,FR214R101,0,0,0,0,0,0,0,0,0,0,1,0,0
09-MAY-2026,GAHC001,0,0,0,0,0,0,0,0,0,0,1,0,0
09-MAY-2026,GBN10S527,141438,0,141438,17103,0,0,0,0,0,0,1,0,0
09-MAY-2026,GBN21A1011,0,0,0,0,0,0,0,0,0,0,1,0,0
09-MAY-2026,GBN21B051,1113804,0,1113804,92817,0,0,0,0,0,0,1,0,0
09-MAY-2026,GBN21S066,1721832,0,1721832,143486,0,0,0,0,0,0,1,0,0
09-MAY-2026,GBN21S192,1507380,0,1507380,125615,0,0,0,0,0,0,1,0,0
09-MAY-2026,GBN488A116,887796,0,887796,73983,0,0,0,0,0,0,1,0,0
09-MAY-2026,GBN503A101,0,0,0,0,0,0,0,0,0,0,1,0,0
09-MAY-2026,GBN503A104,84552,0,84552,7046,0,0,0,0,0,0,1,0,0
09-MAY-2026,GBN503A106,84552,0,84552,7046,0,0,0,0,0,0,1,0,0
09-MAY-2026,GBN503J104,0,0,0,0,0,0,0,0,0,0,1,0,0
09-MAY-2026,GBN503M112,0,0,0,0,0,0,0,0,0,0,1,0,0
09-MAY-2026,GBN503N104,369732,0,369732,30811,0,0,0,0,0,0,1,0,0
09-MAY-2026,GBN503R101,0,0,0,0,0,0,0,0,0,0,1,0,0
09-MAY-2026,GBN503R107,0,0,0,0,0,0,0,0,0,0,1,0,0
09-MAY-2026,GBN503S104,0,0,0,0,0,0,0,0,0,0,1,0,0
09-MAY-2026,GBN503S116,0,0,0,0,0,0,0,0,0,0,1,0,0
09-MAY-2026,GBN503S126,0,0,0,0,0,0,0,0,0,0,1,0,0
09-MAY-2026,GBN503S128,0,0,0,0,0,0,0,0,0,0,1,0,0
09-MAY-2026,GBN503V111,84552,0,84552,7046,0,0,0,0,0,0,1,0,0
09-MAY-2026,GBN503V115,0,0,0,0,0,0,0,0,0,0,1,0,0
09-MAY-2026,GBN619V102,0,0,0,0,0,0,0,0,0,0,1,0,0
09-MAY-2026,GDVV056,0,0,0,0,0,0,0,0,0,0,1,0,0
09-MAY-2026,GJBG1P106,945775.2,0,945775.2,76632.5,0,0,0,0,0,0,1,0,0
09-MAY-2026,GJBG1S103,472290,0,472290,39357.5,0,0,0,0,0,0,1,0,0
09-MAY-2026,GJBG1S112,877963.72,0,877963.72,71605,0,0,0,0,0,0,1,0,0
09-MAY-2026,GKO201S014,0,0,0,0,0,0,0,0,0,0,1,0,0
09-MAY-2026,GKOHNH111,805505.99,0,805505.99,60370,0,0,0,0,0,0,1,0,0
09-MAY-2026,GKOPVK122,0,0,0,0,0,0,0,0,0,0,1,0,0
09-MAY-2026,GKOSL2R318,0,0,0,0,0,0,0,0,0,0,1,0,0
09-MAY-2026,GNP13C22,548988,0,548988,45749,0,0,0,0,0,0,1,0,0
09-MAY-2026,GNP13C76,208308,0,208308,17359,0,0,0,0,0,0,1,0,0
09-MAY-2026,GNP16D102,0,0,0,0,0,0,0,0,0,0,1,0,0
09-MAY-2026,GNP19J101,0,0,0,0,0,0,0,0,0,0,1,0,0
09-MAY-2026,GNP22S190,253656,0,253656,21138,0,0,0,0,0,0,1,0,0
09-MAY-2026,GNP25N106,0,0,0,0,0,0,0,0,0,0,1,0,0
09-MAY-2026,GNP28G25,0,0,0,0,0,0,0,0,0,0,1,0,0
09-MAY-2026,GNP28M327,0,0,0,0,0,0,0,0,0,0,1,0,0
09-MAY-2026,GNP28R324,0,0,0,0,0,0,0,0,0,0,1,0,0
09-MAY-2026,GNP28R325,2607360,0,2607360,217280,0,0,0,0,0,0,1,0,0
09-MAY-2026,GNP28S313,0,0,0,0,0,0,0,0,0,0,1,0,0
09-MAY-2026,GNP28V304,2403660,0,2403660,200305,0,0,0,0,0,0,1,0,0
09-MAY-2026,GNP32A101,84552,0,84552,7046,0,0,0,0,0,0,1,0,0
09-MAY-2026,GNP32A121,0,0,0,0,0,0,0,0,0,0,1,0,0
09-MAY-2026,GNP32A130,0,0,0,0,0,0,0,0,0,0,1,0,0
09-MAY-2026,GNP32A141,0,0,0,0,0,0,0,0,0,0,1,0,0
09-MAY-2026,GNP32D103,0,0,0,0,0,0,0,0,0,0,1,0,0
09-MAY-2026,GNP32D113,0,0,0,0,0,0,0,0,0,0,1,0,0
09-MAY-2026,GNP32N102,1145328,0,1145328,95444,0,0,0,0,0,0,1,0,0
09-MAY-2026,GNP32N116,0,0,0,0,0,0,0,0,0,0,1,0,0
09-MAY-2026,GNP32S126,42276,0,42276,3523,0,0,0,0,0,0,1,0,0
09-MAY-2026,GNP33D108,0,0,0,0,0,0,0,0,0,0,1,0,0
09-MAY-2026,GNP33S138,0,0,0,0,0,0,0,0,0,0,1,0,0
09-MAY-2026,GNP3A040,0,0,0,0,0,0,0,0,0,0,1,0,0
09-MAY-2026,GNP3B51,42276,0,42276,3523,0,0,0,0,0,0,1,0,0
09-MAY-2026,GNP3C141,0,0,0,0,0,0,0,0,0,0,1,0,0
09-MAY-2026,GNP3D011,40740,0,40740,3395,0,0,0,0,0,0,1,0,0
09-MAY-2026,GNP3P060,0,0,0,0,0,0,0,0,0,0,1,0,0
09-MAY-2026,GNP50A139,0,0,0,0,0,0,0,0,0,0,1,0,0
09-MAY-2026,GNP50M106,0,0,0,0,0,0,0,0,0,0,1,0,0
09-MAY-2026,GNP50T101,0,0,0,0,0,0,0,0,0,0,1,0,0
09-MAY-2026,GNP64D014,531156,0,531156,44263,0,0,0,0,0,0,1,0,0
09-MAY-2026,GNP73A131,138264,0,138264,11522,0,0,0,0,0,0,1,0,0
09-MAY-2026,GNP73C102,0,0,0,0,0,0,0,0,0,0,1,0,0
09-MAY-2026,GNP73D113,41976,0,41976,3498,0,0,0,0,0,0,1,0,0
09-MAY-2026,GNP73D156,168204,0,168204,14017,0,0,0,0,0,0,1,0,0
09-MAY-2026,GNP73D157,0,0,0,0,0,0,0,0,0,0,1,0,0
09-MAY-2026,GNP73J104,0,0,0,0,0,0,0,0,0,0,1,0,0
09-MAY-2026,GNP73K124,0,0,0,0,0,0,0,0,0,0,1,0,0
09-MAY-2026,GNP73M134,34566,0,34566,2880.5,0,0,0,0,0,0,1,0,0
09-MAY-2026,GNP73N133,0,0,0,0,0,0,0,0,0,0,1,0,0
09-MAY-2026,GNP73N170,0,0,0,0,0,0,0,0,0,0,1,0,0
09-MAY-2026,GNP73P034,0,0,0,0,0,0,0,0,0,0,1,0,0
09-MAY-2026,GNP73P155,142812,0,142812,11901,0,0,0,0,0,0,1,0,0
09-MAY-2026,GNP73S080,211380,0,211380,17615,0,0,0,0,0,0,1,0,0
09-MAY-2026,GNP75D120,122220,0,122220,10185,0,0,0,0,0,0,1,0,0
09-MAY-2026,GNP75M166,1090239.9,0,1090239.9,89065,0,0,0,0,0,0,1,0,0
09-MAY-2026,GNP7S19,0,0,0,0,0,0,0,0,0,0,1,0,0
09-MAY-2026,GNP95C103,0,0,0,0,0,0,0,0,0,0,1,0,0
09-MAY-2026,GNPA886,0,0,0,0,0,0,0,0,0,0,1,0,0
09-MAY-2026,GNPKDR102,0,0,0,0,0,0,0,0,0,0,1,0,0
09-MAY-2026,GNPP548,0,0,0,0,0,0,0,0,0,0,1,0,0
09-MAY-2026,GORED010,0,0,0,0,0,0,0,0,0,0,1,0,0
09-MAY-2026,GORWA349,6087666.87,0,6087666.87,479250,0,0,0,0,0,0,1,0,0
09-MAY-2026,GPU181A107,0,0,0,0,0,0,0,0,0,0,1,0,0
09-MAY-2026,GPU181D101,0,0,0,0,0,0,0,0,0,0,1,0,0
09-MAY-2026,GPU181G101,253656,0,253656,21138,0,0,0,0,0,0,1,0,0
09-MAY-2026,GPU181G102,0,0,0,0,0,0,0,0,0,0,1,0,0
09-MAY-2026,GPU181H102,0,0,0,0,0,0,0,0,0,0,1,0,0
09-MAY-2026,GPU181M107,0,0,0,0,0,0,0,0,0,0,1,0,0
09-MAY-2026,GPU181N105,0,0,0,0,0,0,0,0,0,0,1,0,0
09-MAY-2026,GPU181P101,0,0,0,0,0,0,0,0,0,0,1,0,0
09-MAY-2026,GPU181P105,40740,0,40740,3395,0,0,0,0,0,0,1,0,0
09-MAY-2026,GPU181R105,0,0,0,0,0,0,0,0,0,0,1,0,0
09-MAY-2026,GPU181S103,0,0,0,0,0,0,0,0,0,0,1,0,0
09-MAY-2026,GPU181S105,40740,0,40740,3395,0,0,0,0,0,0,1,0,0
09-MAY-2026,GPU181S124,0,0,0,0,0,0,0,0,0,0,1,0,0
09-MAY-2026,GPU28R017,0,0,0,0,0,0,0,0,0,0,1,0,0
09-MAY-2026,GPU2J040,111450,0,111450,34590,0,0,0,0,0,0,1,0,0
09-MAY-2026,GPU33A114,263772,0,263772,21981,0,0,0,0,0,0,1,0,0
09-MAY-2026,GPU33A116,263772,0,263772,21981,0,0,0,0,0,0,1,0,0
09-MAY-2026,GPU33D014,84552,0,84552,7046,0,0,0,0,0,0,1,0,0
09-MAY-2026,GPU33G002,0,0,0,0,0,0,0,0,0,0,1,0,0
09-MAY-2026,GPU33G102,0,0,0,0,0,0,0,0,0,0,1,0,0
09-MAY-2026,GPU33J007,348324,0,348324,29027,0,0,0,0,0,0,1,0,0
09-MAY-2026,GPU33K006,0,0,0,0,0,0,0,0,0,0,1,0,0
09-MAY-2026,GPU33K011,153024,0,153024,12752,0,0,0,0,0,0,1,0,0
09-MAY-2026,GPU33K107,153024,0,153024,12752,0,0,0,0,0,0,1,0,0
09-MAY-2026,GPU33L003,42276,0,42276,3523,0,0,0,0,0,0,1,0,0
09-MAY-2026,GPU33M015,153024,0,153024,12752,0,0,0,0,0,0,1,0,0
09-MAY-2026,GPU33M017,42276,0,42276,3523,0,0,0,0,0,0,1,0,0
09-MAY-2026,GPU33M018,0,0,0,0,0,0,0,0,0,0,1,0,0
09-MAY-2026,GPU33M037,153024,0,153024,12752,0,0,0,0,0,0,1,0,0
09-MAY-2026,GPU33M038,263772,0,263772,21981,0,0,0,0,0,0,1,0,0
09-MAY-2026,GPU33M109,195300,0,195300,16275,0,0,0,0,0,0,1,0,0
09-MAY-2026,GPU33N012,84552,0,84552,7046,0,0,0,0,0,0,1,0,0
09-MAY-2026,GPU33N014,0,0,0,0,0,0,0,0,0,0,1,0,0
09-MAY-2026,GPU33P115,76512,0,76512,6376,0,0,0,0,0,0,1,0,0
09-MAY-2026,GPU33P116,153024,0,153024,12752,0,0,0,0,0,0,1,0,0
09-MAY-2026,GPU33P117,153024,0,153024,12752,0,0,0,0,0,0,1,0,0
09-MAY-2026,GPU33R007,348324,0,348324,29027,0,0,0,0,0,0,1,0,0
09-MAY-2026,GPU33R010,0,0,0,0,0,0,0,0,0,0,1,0,0
09-MAY-2026,GPU33R020,0,0,0,0,0,0,0,0,0,0,1,0,0
09-MAY-2026,GPU33R109,118788,0,118788,9899,0,0,0,0,0,0,1,0,0
09-MAY-2026,GPU33R110,153024,0,153024,12752,0,0,0,0,0,0,1,0,0
09-MAY-2026,GPU33R112,118788,0,118788,9899,0,0,0,0,0,0,1,0,0
09-MAY-2026,GPU33R114,153024,0,153024,12752,0,0,0,0,0,0,1,0,0
09-MAY-2026,GPU33R115,76512,0,76512,6376,0,0,0,0,0,0,1,0,0
09-MAY-2026,GPU33S010,0,0,0,0,0,0,0,0,0,0,1,0,0
09-MAY-2026,GPU33S040,0,0,0,0,0,0,0,0,0,0,1,0,0
09-MAY-2026,GPU33S046,237576,0,237576,19798,0,0,0,0,0,0,1,0,0
09-MAY-2026,GPU33S057,153024,0,153024,12752,0,0,0,0,0,0,1,0,0
09-MAY-2026,GPU33S119,110748,0,110748,9229,0,0,0,0,0,0,1,0,0
09-MAY-2026,GPU33T101,153024,0,153024,12752,0,0,0,0,0,0,1,0,0
09-MAY-2026,GPU33V104,221496,0,221496,18458,0,0,0,0,0,0,1,0,0
09-MAY-2026,GPU33V109,153024,0,153024,12752,0,0,0,0,0,0,1,0,0
09-MAY-2026,GPUCOR108,0,0,0,0,0,0,0,0,0,0,1,0,0
09-MAY-2026,GPUR022,291348,0,291348,24279,0,0,0,0,0,0,1,0,0
09-MAY-2026,HC2101,0,0,0,0,0,0,0,0,0,0,1,0,0
09-MAY-2026,HCA010,3239160.81,0,3239160.81,295792,0,0,0,0,0,0,1,0,0
09-MAY-2026,HCA1141,753000,0,753000,62750,0,0,0,0,0,0,1,0,0
09-MAY-2026,HCA1144,2092485,0,2092485,205344,0,0,0,0,0,0,1,0,0
09-MAY-2026,HCA1149,0,0,0,0,0,0,0,0,0,0,1,0,0
09-MAY-2026,HCA1159,60320,0,60320,6113.5,0,0,0,0,0,0,1,0,0
09-MAY-2026,HCA1166,1968144,0,1968144,164012,0,0,0,0,0,0,1,0,0
09-MAY-2026,HCA1168,0,0,0,0,0,0,0,0,0,0,1,0,0
09-MAY-2026,HCA1175,0,0,0,0,0,0,0,0,0,0,1,0,0
09-MAY-2026,HCD116,0,0,0,0,0,0,0,0,0,0,1,0,0
09-MAY-2026,HCH025,1099980,0,1099980,91665,0,0,0,0,0,0,1,0,0
09-MAY-2026,HCK101,313008,0,313008,39126,0,0,0,0,0,0,1,0,0
09-MAY-2026,HCK107,0,0,0,0,0,0,0,0,0,0,1,0,0
09-MAY-2026,HCM083,1099980,0,1099980,91665,0,0,0,0,0,0,1,0,0
09-MAY-2026,HCM128,0,0,0,0,0,0,0,0,0,0,1,0,0
09-MAY-2026,HCN011,0,0,0,0,0,0,0,0,0,0,1,0,0
09-MAY-2026,HCP058,1151907,0,1151907,125008,0,0,0,0,0,0,1,0,0
09-MAY-2026,HCP112,0,0,0,0,0,0,0,0,0,0,1,0,0
09-MAY-2026,HCR117,0,0,0,0,0,0,0,0,0,0,1,0,0
09-MAY-2026,HCS164,158640,0,158640,13220,0,0,0,0,0,0,1,0,0
09-MAY-2026,HCV112,0,0,0,0,0,0,0,0,0,0,1,0,0
09-MAY-2026,HMT2A128,0,0,0,0,0,0,0,0,0,0,1,0,0
09-MAY-2026,HNPCR126,0,0,0,0,0,0,0,0,0,0,1,0,0
09-MAY-2026,HOB502,10093268.54,0,10093268.54,859207,0,0,0,0,0,0,1,0,0
09-MAY-2026,HOIBA2191,0,0,0,0,0,0,0,0,0,0,1,0,0
09-MAY-2026,HOIBA6326,0,0,0,0,0,0,0,0,0,0,1,0,0
09-MAY-2026,HOIBD1671,0,0,0,0,0,0,0,0,0,0,1,0,0
09-MAY-2026,HOIBG1739,0,0,0,0,0,0,0,0,0,0,1,0,0
09-MAY-2026,HOIBJ180,0,0,0,0,0,0,0,0,0,0,1,0,0
09-MAY-2026,HOIBJ802,0,0,0,0,0,0,0,0,0,0,1,0,0
09-MAY-2026,HOIBK303,135281.49,0,135281.49,10650,0,0,0,0,0,0,1,0,0
09-MAY-2026,HOIBM4588,0,0,0,0,0,0,0,0,0,0,1,0,0
09-MAY-2026,HOIBN1970,0,0,0,0,0,0,0,0,0,0,1,0,0
09-MAY-2026,HOIBN894,34236,0,34236,2853,0,0,0,0,0,0,1,0,0
09-MAY-2026,HOIBP3720,0,0,0,0,0,0,0,0,0,0,1,0,0
09-MAY-2026,HOIBR5361,0,0,0,0,0,0,0,0,0,0,1,0,0
09-MAY-2026,HOIBS6011,0,0,0,0,0,0,0,0,0,0,1,0,0
09-MAY-2026,HOIBS698,0,0,0,0,0,0,0,0,0,0,1,0,0
09-MAY-2026,HYD4K589,0,0,0,0,0,0,0,0,0,0,1,0,0
09-MAY-2026,HYD4M550,0,0,0,0,0,0,0,0,0,0,1,0,0
09-MAY-2026,HYD4O541,4009512.05,0,4009512.05,325400,0,0,0,0,0,0,1,0,0
09-MAY-2026,HYD4P604,0,0,0,0,0,0,0,0,0,0,1,0,0
09-MAY-2026,HYD4V057,0,0,0,0,0,0,0,0,0,0,1,0,0
09-MAY-2026,HYD4V377,0,0,0,0,0,0,0,0,0,0,1,0,0
09-MAY-2026,HYD5A284,0,0,0,0,0,0,0,0,0,0,1,0,0
09-MAY-2026,HYD5A292,0,0,0,0,0,0,0,0,0,0,1,0,0
09-MAY-2026,HYD5M120,0,0,0,0,0,0,0,0,0,0,1,0,0
09-MAY-2026,HYD5R332,0,0,0,0,0,0,0,0,0,0,1,0,0
09-MAY-2026,HYD5R334,0,0,0,0,0,0,0,0,0,0,1,0,0
09-MAY-2026,HYD5R358,0,0,0,0,0,0,0,0,0,0,1,0,0
09-MAY-2026,HYD5S570,0,0,0,0,0,0,0,0,0,0,1,0,0
09-MAY-2026,HYD5V205,2664611.24,0,2664611.24,220307,0,0,0,0,0,0,1,0,0
09-MAY-2026,HYD9245,0,0,0,0,0,0,0,0,0,0,1,0,0
09-MAY-2026,HYD92R112,0,0,0,0,0,0,0,0,0,0,1,0,0
09-MAY-2026,HYD92R128,0,0,0,0,0,0,0,0,0,0,1,0,0
09-MAY-2026,HYD92S124,883576.35,0,883576.35,72585,0,0,0,0,0,0,1,0,0
09-MAY-2026,HYD92S154,0,0,0,0,0,0,0,0,0,0,1,0,0
09-MAY-2026,HYDHM132,0,0,0,0,0,0,0,0,0,0,1,0,0
09-MAY-2026,INA1276,0,0,0,0,0,0,0,0,0,0,1,0,0
09-MAY-2026,INA1279,0,0,0,0,0,0,0,0,0,0,1,0,0
09-MAY-2026,INDC1R115,81480,0,81480,6790,0,0,0,0,0,0,1,0,0
09-MAY-2026,INJ162,0,0,0,0,0,0,0,0,0,0,1,0,0
09-MAY-2026,INSW152,222816,0,222816,18568,0,0,0,0,0,0,1,0,0
09-MAY-2026,INSW48,0,0,0,0,0,0,0,0,0,0,1,0,0
09-MAY-2026,INSWA125,0,0,0,0,0,0,0,0,0,0,1,0,0
09-MAY-2026,INSWG102,0,0,0,0,0,0,0,0,0,0,1,0,0
09-MAY-2026,INSWG104,0,0,0,0,0,0,0,0,0,0,1,0,0
09-MAY-2026,INSWH104,0,0,0,0,0,0,0,0,0,0,1,0,0
09-MAY-2026,INSWK109,0,0,0,0,0,0,0,0,0,0,1,0,0
09-MAY-2026,INSWM029,0,0,0,0,0,0,0,0,0,0,1,0,0
09-MAY-2026,INSWN107,422760,0,422760,35230,0,0,0,0,0,0,1,0,0
09-MAY-2026,INSWP105,0,0,0,0,0,0,0,0,0,0,1,0,0
09-MAY-2026,INSWP118,0,0,0,0,0,0,0,0,0,0,1,0,0
09-MAY-2026,INSWP122,244440,0,244440,20370,0,0,0,0,0,0,1,0,0
09-MAY-2026,INSWR110,0,0,0,0,0,0,0,0,0,0,1,0,0
09-MAY-2026,INSWR112,0,0,0,0,0,0,0,0,0,0,1,0,0
09-MAY-2026,INSWS116,0,0,0,0,0,0,0,0,0,0,1,0,0
09-MAY-2026,INSWS119,270562.97,0,270562.97,21300,0,0,0,0,0,0,1,0,0
09-MAY-2026,INSWS122,0,0,0,0,0,0,0,0,0,0,1,0,0
09-MAY-2026,INSWT102,0,0,0,0,0,0,0,0,0,0,1,0,0
09-MAY-2026,INSWV108,0,0,0,0,0,0,0,0,0,0,1,0,0
09-MAY-2026,INSWV110,1955520,0,1955520,162960,0,0,0,0,0,0,1,0,0
09-MAY-2026,JLGNA105,0,0,0,0,0,0,0,0,0,0,1,0,0
09-MAY-2026,JLGNA158,0,0,0,0,0,0,0,0,0,0,1,0,0
09-MAY-2026,JLGND015,0,0,0,0,0,0,0,0,0,0,1,0,0
09-MAY-2026,JLGNM125,0,0,0,0,0,0,0,0,0,0,1,0,0
09-MAY-2026,JLGNR101,0,0,0,0,0,0,0,0,0,0,1,0,0
09-MAY-2026,JMMU01V047,0,0,0,0,0,0,0,0,0,0,1,0,0
09-MAY-2026,JMMUR421,0,0,0,0,0,0,0,0,0,0,1,0,0
09-MAY-2026,JMRBS102,194980,0,194980,18422,0,0,0,0,0,0,1,0,0
09-MAY-2026,JPA1271,0,0,0,0,0,0,0,0,0,0,1,0,0
09-MAY-2026,JPBKL031,0,0,0,0,0,0,0,0,0,0,1,0,0
09-MAY-2026,JPBKM090,12978184.63,0,12978184.63,1076216,0,0,0,0,0,0,1,0,0
09-MAY-2026,JPBKV057,0,0,0,0,0,0,0,0,0,0,1,0,0
09-MAY-2026,JPBML101,0,0,0,0,0,0,0,0,0,0,1,0,0
09-MAY-2026,JPBWK208,0,0,0,0,0,0,0,0,0,0,1,0,0
09-MAY-2026,JPCD4K114,0,0,0,0,0,0,0,0,0,0,1,0,0
09-MAY-2026,JPCD9P108,2563860,0,2563860,213655,0,0,0,0,0,0,1,0,0
09-MAY-2026,JPDCD102,0,0,0,0,0,0,0,0,0,0,1,0,0
09-MAY-2026,JPDCS113,0,0,0,0,0,0,0,0,0,0,1,0,0
09-MAY-2026,JPG6M103,0,0,0,0,0,0,0,0,0,0,1,0,0
09-MAY-2026,JPGMN105,81480,0,81480,6790,0,0,0,0,0,0,1,0,0
09-MAY-2026,JPKGK021,0,0,0,0,0,0,0,0,0,0,1,0,0
09-MAY-2026,JPKGP030,0,0,0,0,0,0,0,0,0,0,1,0,0
09-MAY-2026,JPKGS445,0,0,0,0,0,0,0,0,0,0,1,0,0
09-MAY-2026,JPKPA101,0,0,0,0,0,0,0,0,0,0,1,0,0
09-MAY-2026,JPKT1A101,261039.59,0,261039.59,17700,0,0,0,0,0,0,1,0,0
09-MAY-2026,JPKTA263,148176,0,148176,12348,0,0,0,0,0,0,1,0,0
09-MAY-2026,JPKTA395,0,0,0,0,0,0,0,0,0,0,1,0,0
09-MAY-2026,JPKTA423,0,0,0,0,0,0,0,0,0,0,1,0,0
09-MAY-2026,JPKTA486,503537.99,0,503537.99,35206,0,0,0,0,0,0,1,0,0
09-MAY-2026,JPKTD060,2209695.94,0,2209695.94,172399,0,0,0,0,0,0,1,0,0
09-MAY-2026,JPKTD086,0,0,0,0,0,0,0,0,0,0,1,0,0
09-MAY-2026,JPKTD136,3638165.91,0,3638165.91,255892,0,0,0,0,0,0,1,0,0
09-MAY-2026,JPKTJ136,0,0,0,0,0,0,0,0,0,0,1,0,0
09-MAY-2026,JPKTN254,3567541.1,0,3567541.1,241900,0,0,0,0,0,0,1,0,0
09-MAY-2026,JPKTN262,0,0,0,0,0,0,0,0,0,0,1,0,0
09-MAY-2026,JPKTP138,296352,0,296352,24696,0,0,0,0,0,0,1,0,0
09-MAY-2026,JPKTP249,0,0,0,0,0,0,0,0,0,0,1,0,0
09-MAY-2026,JPKTP259,0,0,0,0,0,0,0,0,0,0,1,0,0
09-MAY-2026,JPKTR308,0,0,0,0,0,0,0,0,0,0,1,0,0
09-MAY-2026,JPKTR368,202922.23,0,202922.23,15975,0,0,0,0,0,0,1,0,0
09-MAY-2026,JPKTR418,4148928,0,4148928,345744,0,0,0,0,0,0,1,0,0
09-MAY-2026,JPKTR449,1305197.96,0,1305197.96,88500,0,0,0,0,0,0,1,0,0
09-MAY-2026,JPKTS398,0,0,0,0,0,0,0,0,0,0,1,0,0
09-MAY-2026,JPKTS561,87013.2,0,87013.2,5900,0,0,0,0,0,0,1,0,0
09-MAY-2026,JPKTS605,3306501.51,0,3306501.51,224200,0,0,0,0,0,0,1,0,0
09-MAY-2026,JPKTS637,2158941.56,0,2158941.56,155592,0,0,0,0,0,0,1,0,0
09-MAY-2026,JPKTS638,0,0,0,0,0,0,0,0,0,0,1,0,0
09-MAY-2026,JPKTS639,0,0,0,0,0,0,0,0,0,0,1,0,0
09-MAY-2026,JPKTS651,0,0,0,0,0,0,0,0,0,0,1,0,0
09-MAY-2026,JPKTSMA101,0,0,0,0,0,0,0,0,0,0,1,0,0
09-MAY-2026,JPKTU103,0,0,0,0,0,0,0,0,0,0,1,0,0
09-MAY-2026,JPNG2S112,0,0,0,0,0,0,0,0,0,0,1,0,0
09-MAY-2026,JPNGA011,0,0,0,0,0,0,0,0,0,0,1,0,0
09-MAY-2026,JPP1330,1138771.2,0,1138771.2,93546.5,0,0,0,0,0,0,1,0,0
09-MAY-2026,JPP20A104,0,0,0,0,0,0,0,0,0,0,1,0,0
09-MAY-2026,JPPLM111,0,0,0,0,0,0,0,0,0,0,1,0,0
09-MAY-2026,JPPLP102,0,0,0,0,0,0,0,0,0,0,1,0,0
09-MAY-2026,JPPR1R373,0,0,0,0,0,0,0,0,0,0,1,0,0
09-MAY-2026,JPPR2A187,0,0,0,0,0,0,0,0,0,0,1,0,0
09-MAY-2026,JPPR2R224,0,0,0,0,0,0,0,0,0,0,1,0,0
09-MAY-2026,JPPR3A247,1487925.6,0,1487925.6,117447.5,0,0,0,0,0,0,1,0,0
09-MAY-2026,JPPR3C161,3766810.97,0,3766810.97,312654,0,0,0,0,0,0,1,0,0
09-MAY-2026,JPPR3D180,135281.49,0,135281.49,10650,0,0,0,0,0,0,1,0,0
09-MAY-2026,JPPR3H171,0,0,0,0,0,0,0,0,0,0,1,0,0
09-MAY-2026,JPPR3H173,23366475.11,0,23366475.11,1907305,0,0,0,0,0,0,1,0,0
09-MAY-2026,JPPR3M183,0,0,0,0,0,0,0,0,0,0,1,0,0
09-MAY-2026,JPPR3P205,445068,0,445068,37089,0,0,0,0,0,0,1,0,0
09-MAY-2026,JPPR3R258,0,0,0,0,0,0,0,0,0,0,1,0,0
09-MAY-2026,JPPR3R265,0,0,0,0,0,0,0,0,0,0,1,0,0
09-MAY-2026,JPPR3S286,472290,0,472290,39357.5,0,0,0,0,0,0,1,0,0
09-MAY-2026,JPPR3S296,0,0,0,0,0,0,0,0,0,0,1,0,0
09-MAY-2026,JPRDA102,0,0,0,0,0,0,0,0,0,0,1,0,0
09-MAY-2026,JPRDJ101,0,0,0,0,0,0,0,0,0,0,1,0,0
09-MAY-2026,JPRDJD101,0,0,0,0,0,0,0,0,0,0,1,0,0
09-MAY-2026,JPRDJD102,0,0,0,0,0,0,0,0,0,0,1,0,0
09-MAY-2026,JPRDJR101,0,0,0,0,0,0,0,0,0,0,1,0,0
09-MAY-2026,JPRS6V101,0,0,0,0,0,0,0,0,0,0,1,0,0
09-MAY-2026,JPSDJ102,0,0,0,0,0,0,0,0,0,0,1,0,0
09-MAY-2026,JPSDK101,0,0,0,0,0,0,0,0,0,0,1,0,0
09-MAY-2026,JPSHU101,337350,0,337350,28112.5,0,0,0,0,0,0,1,0,0
09-MAY-2026,JPT6N116,0,0,0,0,0,0,0,0,0,0,1,0,0
09-MAY-2026,JPT6R103,136944,0,136944,11412,0,0,0,0,0,0,1,0,0
09-MAY-2026,JPTKN003,0,0,0,0,0,0,0,0,0,0,1,0,0
09-MAY-2026,JPUD5J101,0,0,0,0,0,0,0,0,0,0,1,0,0
09-MAY-2026,JPUD5R151,0,0,0,0,0,0,0,0,0,0,1,0,0
09-MAY-2026,JPUDA1148,0,0,0,0,0,0,0,0,0,0,1,0,0
09-MAY-2026,JPUDB110,0,0,0,0,0,0,0,0,0,0,1,0,0
09-MAY-2026,JPUDD142,0,0,0,0,0,0,0,0,0,0,1,0,0
09-MAY-2026,JPUDD148,67470,0,67470,5622.5,0,0,0,0,0,0,1,0,0
09-MAY-2026,JPUDN275,0,0,0,0,0,0,0,0,0,0,1,0,0
09-MAY-2026,JPUSM102,0,0,0,0,0,0,0,0,0,0,1,0,0
09-MAY-2026,JPV989,269880,0,269880,22490,0,0,0,0,0,0,1,0,0
09-MAY-2026,JPVGS125,0,0,0,0,0,0,0,0,0,0,1,0,0
09-MAY-2026,LTRA178,6506082.45,0,6506082.45,522104,0,0,0,0,0,0,1,0,0
09-MAY-2026,LTRA188,0,0,0,0,0,0,0,0,0,0,1,0,0
09-MAY-2026,LTRB115,0,0,0,0,0,0,0,0,0,0,1,0,0
09-MAY-2026,LTRB121,0,0,0,0,0,0,0,0,0,0,1,0,0
09-MAY-2026,LTRJ158,0,0,0,0,0,0,0,0,0,0,1,0,0
09-MAY-2026,LTRL003,0,0,0,0,0,0,0,0,0,0,1,0,0
09-MAY-2026,LTRN053,0,0,0,0,0,0,0,0,0,0,1,0,0
09-MAY-2026,LTRP168,0,0,0,0,0,0,0,0,0,0,1,0,0
09-MAY-2026,LTRR069,300713.4,0,300713.4,24405,0,0,0,0,0,0,1,0,0
09-MAY-2026,LTRS512,0,0,0,0,0,0,0,0,0,0,1,0,0
09-MAY-2026,LTRS524,0,0,0,0,0,0,0,0,0,0,1,0,0
09-MAY-2026,LTRV057,0,0,0,0,0,0,0,0,0,0,1,0,0
09-MAY-2026,LU26M255,0,0,0,0,0,0,0,0,0,0,1,0,0
09-MAY-2026,MDR29M119,0,0,0,0,0,0,0,0,0,0,1,0,0
09-MAY-2026,MDR2D711,0,0,0,0,0,0,0,0,0,0,1,0,0
09-MAY-2026,MJOC107,34566,0,34566,2880.5,0,0,0,0,0,0,1,0,0
09-MAY-2026,MLDPDM109,0,0,0,0,0,0,0,0,0,0,1,0,0
09-MAY-2026,MLKA013,0,0,0,0,0,0,0,0,0,0,1,0,0
09-MAY-2026,MLKB009,0,0,0,0,0,0,0,0,0,0,1,0,0
09-MAY-2026,MLKB046,0,0,0,0,0,0,0,0,0,0,1,0,0
09-MAY-2026,MLKL004,0,0,0,0,0,0,0,0,0,0,1,0,0
09-MAY-2026,MLKM033,0,0,0,0,0,0,0,0,0,0,1,0,0
09-MAY-2026,MLKS067,0,0,0,0,0,0,0,0,0,0,1,0,0
09-MAY-2026,MLKS118,0,0,0,0,0,0,0,0,0,0,1,0,0
09-MAY-2026,MUMPDA261,0,0,0,0,0,0,0,0,0,0,1,0,0
09-MAY-2026,MUMPDL111,0,0,0,0,0,0,0,0,0,0,1,0,0
09-MAY-2026,MUMPRM130,0,0,0,0,0,0,0,0,0,0,1,0,0
09-MAY-2026,NEV2G107,0,0,0,0,0,0,0,0,0,0,1,0,0
09-MAY-2026,NHGD015,1729848.01,0,1729848.01,141972.5,0,0,0,0,0,0,1,0,0
09-MAY-2026,NHGD017,1729848.01,0,1729848.01,141972.5,0,0,0,0,0,0,1,0,0
09-MAY-2026,NHGN103,1729848.01,0,1729848.01,141972.5,0,0,0,0,0,0,1,0,0
09-MAY-2026,NM022,0,0,0,0,0,0,0,0,0,0,1,0,0
09-MAY-2026,NM076,0,0,0,0,0,0,0,0,0,0,1,0,0
09-MAY-2026,PCGK2A106,1719657.01,0,1719657.01,142214,0,0,0,0,0,0,1,0,0
09-MAY-2026,PCGK5P101,73314,0,73314,6109.5,0,0,0,0,0,0,1,0,0
09-MAY-2026,PCHNBHA181,0,0,0,0,0,0,0,0,0,0,1,0,0
09-MAY-2026,PCHNBHA300,76842,0,76842,6403.5,0,0,0,0,0,0,1,0,0
09-MAY-2026,PCHNBHB169,0,0,0,0,0,0,0,0,0,0,1,0,0
09-MAY-2026,PCHNBHD166,0,0,0,0,0,0,0,0,0,0,1,0,0
09-MAY-2026,PCHNBHG184,205904.74,0,205904.74,16847,0,0,0,0,0,0,1,0,0
09-MAY-2026,PCHNBHH155,0,0,0,0,0,0,0,0,0,0,1,0,0
09-MAY-2026,PCHNBHJ148,34566,0,34566,2880.5,0,0,0,0,0,0,1,0,0
09-MAY-2026,PCHNBHM230,0,0,0,0,0,0,0,0,0,0,1,0,0
09-MAY-2026,PCHNBHR264,69132,0,69132,5761,0,0,0,0,0,0,1,0,0
09-MAY-2026,PCHNBHS353,0,0,0,0,0,0,0,0,0,0,1,0,0
09-MAY-2026,PCHNBHS408,138264,0,138264,11522,0,0,0,0,0,0,1,0,0
09-MAY-2026,PCHNBHS414,0,0,0,0,0,0,0,0,0,0,1,0,0
09-MAY-2026,PCHNJLH134,0,0,0,0,0,0,0,0,0,0,1,0,0
09-MAY-2026,PCHNJLH141,0,0,0,0,0,0,0,0,0,0,1,0,0
09-MAY-2026,PCHNJLP159,0,0,0,0,0,0,0,0,0,0,1,0,0
09-MAY-2026,PCHNJLR135,312293.49,0,312293.49,25401,0,0,0,0,0,0,1,0,0
09-MAY-2026,PCHNJLR194,73314,0,73314,6109.5,0,0,0,0,0,0,1,0,0
09-MAY-2026,PCHNJLU106,0,0,0,0,0,0,0,0,0,0,1,0,0
09-MAY-2026,PCHNPTB112,0,0,0,0,0,0,0,0,0,0,1,0,0
09-MAY-2026,PCHNR3181,0,0,0,0,0,0,0,0,0,0,1,0,0
09-MAY-2026,RIDH113,0,0,0,0,0,0,0,0,0,0,1,0,0
09-MAY-2026,RMM207,0,0,0,0,0,0,0,0,0,0,1,0,0
09-MAY-2026,RMP185,0,0,0,0,0,0,0,0,0,0,1,0,0
09-MAY-2026,RMR238,0,0,0,0,0,0,0,0,0,0,1,0,0
09-MAY-2026,RPR17P97,443370.75,0,443370.75,36395,0,0,0,0,0,0,1,0,0
09-MAY-2026,TRK303,0,0,0,0,0,0,0,0,0,0,1,0,0
09-MAY-2026,TRP298,34236,0,34236,2853,0,0,0,0,0,0,1,0,0
09-MAY-2026,VADA238,422760,0,422760,35230,0,0,0,0,0,0,1,0,0
09-MAY-2026,VADB131,2487084,0,2487084,207257,0,0,0,0,0,0,1,0,0
09-MAY-2026,VADM246,1606488,0,1606488,133874,0,0,0,0,0,0,1,0,0
09-MAY-2026,VICPBP101,218070,0,218070,18172.5,0,0,0,0,0,0,1,0,0
09-MAY-2026,VSNOP099,0,0,0,0,0,0,0,0,0,0,1,0,0
