09-MAY-2026,PRO_00021,37150883.73,-4839625.00,32311258.73,3259174.08,P
09-MAY-2026,AP34,3440970.00,0.00,3440970.00,286747.50,C
09-MAY-2026,CAD3764,25486497.18,0.00,25486497.18,2075236.00,C
09-MAY-2026,CAD3785,2205231.63,0.00,2205231.63,178970.00,C
09-MAY-2026,CAD3920,1002378.01,0.00,1002378.01,432200.00,C
09-MAY-2026,CI30202,100237.80,0.00,100237.80,8135.00,C
09-MAY-2026,CT60142,134940.00,0.00,134940.00,11245.00,C
09-MAY-2026,CT60242,87013.20,0.00,87013.20,5900.00,C
09-MAY-2026,CT60256,1242069.01,0.00,1242069.01,102415.00,C
09-MAY-2026,DER502,0.00,0.00,0.00,5900.00,C
09-MAY-2026,DT13797,173323.37,0.00,173323.37,18390.50,C
09-MAY-2026,DWL0017,123756.00,0.00,123756.00,10313.00,C
09-MAY-2026,EIE0049,67470.00,0.00,67470.00,9522.50,C
09-MAY-2026,EIE0177,134940.00,0.00,134940.00,11245.00,C
09-MAY-2026,EIE0292,2537730.00,0.00,2537730.00,259027.50,C
09-MAY-2026,EIE0296,5368077.44,0.00,5368077.44,444873.00,C
09-MAY-2026,EIE0378,3559886.40,0.00,3559886.40,440993.50,C
09-MAY-2026,EWA0449,103698.00,0.00,103698.00,8641.50,C
09-MAY-2026,EWI0163,16960274.43,0.00,16960274.43,1365350.00,C
09-MAY-2026,EZ90135,34566.00,0.00,34566.00,2880.50,C
09-MAY-2026,EZ90352,853667.04,0.00,853667.04,79961.50,C
09-MAY-2026,FFM0272,547764.00,0.00,547764.00,81670.50,C
09-MAY-2026,FFM0821,417344.00,0.00,417344.00,52168.00,C
09-MAY-2026,FFM0822,573848.00,0.00,573848.00,71731.00,C
09-MAY-2026,FFM0851,150612.00,0.00,150612.00,12551.00,C
09-MAY-2026,GB56069,87013.20,0.00,87013.20,5900.00,C
09-MAY-2026,GB57874,127753.20,0.00,127753.20,35175.00,C
09-MAY-2026,GN30003,42276.00,0.00,42276.00,3523.00,C
09-MAY-2026,GN30048,169638.00,0.00,169638.00,12624.00,C
09-MAY-2026,GN30055,128898.00,0.00,128898.00,9229.00,C
09-MAY-2026,GO50002,293256.00,0.00,293256.00,24438.00,C
09-MAY-2026,GO50003,439884.00,0.00,439884.00,36657.00,C
09-MAY-2026,GO50059,73314.00,0.00,73314.00,6109.50,C
09-MAY-2026,GO50130,162960.00,0.00,162960.00,13580.00,C
09-MAY-2026,GO50153,212360.74,0.00,212360.74,17385.00,C
09-MAY-2026,GO50202,103038.00,0.00,103038.00,9636.50,C
09-MAY-2026,HAP0040,98175.15,0.00,98175.15,8065.00,C
09-MAY-2026,HD10042,71406.00,0.00,71406.00,5950.50,C
09-MAY-2026,HKV0021,364404.00,0.00,364404.00,30367.00,C
09-MAY-2026,HN40007,717948.00,0.00,717948.00,69610.50,C
09-MAY-2026,HN40008,306048.00,0.00,306048.00,25504.00,C
09-MAY-2026,HN40009,306048.00,0.00,306048.00,25504.00,C
09-MAY-2026,HN40010,160492.00,0.00,160492.00,15548.00,C
09-MAY-2026,HN40011,26084.00,0.00,26084.00,3260.50,C
09-MAY-2026,HN40014,0.00,0.00,0.00,18300.00,C
09-MAY-2026,HN40015,34236.00,0.00,34236.00,2853.00,C
09-MAY-2026,HN40017,102708.00,0.00,102708.00,16509.00,C
09-MAY-2026,HPO2676,37140.00,0.00,37140.00,3395.00,C
09-MAY-2026,HQA0780,109308.00,0.00,109308.00,14320.00,C
09-MAY-2026,HQA2586,2945254.49,0.00,2945254.49,241950.00,C
09-MAY-2026,HQA3114,981751.50,0.00,981751.50,80650.00,C
09-MAY-2026,HQM0116,801902.41,0.00,801902.41,65080.00,C
09-MAY-2026,HT10611,596167.19,0.00,596167.19,41574.00,C
09-MAY-2026,HT10910,223785.94,0.00,223785.94,27052.67,C
09-MAY-2026,HYD2616,41976.00,0.00,41976.00,3498.00,C
09-MAY-2026,IUD0004,1050308.00,0.00,1050308.00,79884.00,C
09-MAY-2026,IUD0011,1249774.00,0.00,1249774.00,97002.00,C
09-MAY-2026,J504,51940243.50,-625.00,51939618.50,4326770.00,C
09-MAY-2026,JHX1543,73314.00,0.00,73314.00,6109.50,C
09-MAY-2026,JHX2981,676407.43,0.00,676407.43,53250.00,C
09-MAY-2026,JRI0025,41976.00,0.00,41976.00,3498.00,C
09-MAY-2026,JU93839,71406.00,0.00,71406.00,5950.50,C
09-MAY-2026,JY34,3711703.72,0.00,3711703.72,307750.00,C
09-MAY-2026,KAH0988,873924.00,0.00,873924.00,72827.00,C
09-MAY-2026,KAH1252,715831.20,0.00,715831.20,58301.50,C
09-MAY-2026,KQJ0111,1179650.97,0.00,1179650.97,108931.00,C
09-MAY-2026,LHH1917,140954.74,0.00,140954.74,11434.50,C
09-MAY-2026,LID0666,49368205.70,0.00,49368205.70,4558105.00,C
09-MAY-2026,LWE0122,69132.00,0.00,69132.00,5761.00,C
09-MAY-2026,MHV47,138264.00,0.00,138264.00,11522.00,C
09-MAY-2026,MZD0007,404644.00,0.00,404644.00,44630.00,C
09-MAY-2026,NNN3511,8096684.93,0.00,8096684.93,639000.00,C
09-MAY-2026,NNN3711,8394712.75,0.00,8394712.75,791039.60,C
09-MAY-2026,NNN3855,135281.49,0.00,135281.49,10650.00,C
09-MAY-2026,NNN4286,1156944.00,0.00,1156944.00,144102.00,C
09-MAY-2026,NPK0183,214218.00,0.00,214218.00,17851.50,C
09-MAY-2026,NTS01,3581558.74,0.00,3581558.74,306357.00,C
09-MAY-2026,OFG6271,439884.00,0.00,439884.00,45657.00,C
09-MAY-2026,OFG6831,208595.49,0.00,208595.49,16759.50,C
09-MAY-2026,ONA0059,1841420.00,0.00,1841420.00,128385.00,C
09-MAY-2026,OPA0245,542918.40,0.00,542918.40,42541.00,C
09-MAY-2026,OWO0013,5675352.00,0.00,5675352.00,472946.00,C
09-MAY-2026,P075,6611064.46,0.00,6611064.46,559920.00,C
09-MAY-2026,QGU0395,42276.00,0.00,42276.00,3523.00,C
09-MAY-2026,RNN0621,168804.00,0.00,168804.00,14067.00,C
09-MAY-2026,RQQ1050,74088.00,0.00,74088.00,17874.00,C
09-MAY-2026,SAT0056,205416.00,0.00,205416.00,17118.00,C
09-MAY-2026,SAT0295,103698.00,0.00,103698.00,8641.50,C
09-MAY-2026,SBM0343,148176.00,0.00,148176.00,14281.33,C
09-MAY-2026,SXF0075,87013.20,0.00,87013.20,5900.00,C
09-MAY-2026,SXF0081,142812.00,0.00,142812.00,11901.00,C
09-MAY-2026,SXF0099,74088.00,0.00,74088.00,6174.00,C
09-MAY-2026,SXX0066,238638.00,0.00,238638.00,26186.50,C
09-MAY-2026,THA0225,300713.40,0.00,300713.40,34905.00,C
09-MAY-2026,THD0007,135281.49,0.00,135281.49,10650.00,C
09-MAY-2026,UIM0488,73314.00,0.00,73314.00,6109.50,C
09-MAY-2026,UKK0023,501189.01,0.00,501189.01,53425.00,C
09-MAY-2026,VBB0033,67470.00,0.00,67470.00,5622.50,C
09-MAY-2026,VLC0035,4690332.00,0.00,4690332.00,390861.00,C
09-MAY-2026,VOS0324,202410.00,0.00,202410.00,23567.50,C
09-MAY-2026,WJK0384,877110.00,0.00,877110.00,74492.50,C
09-MAY-2026,WMA0015,8996218.82,0.00,8996218.82,708225.00,C
09-MAY-2026,WNP1110,1539954.00,0.00,1539954.00,128329.50,C
09-MAY-2026,WNP1146,588677.49,500.00,589177.49,48433.00,C
09-MAY-2026,XAA1130,1128300.00,0.00,1128300.00,94025.00,C
09-MAY-2026,YPZ0546,196350.30,0.00,196350.30,16130.00,C
09-MAY-2026,ZCV0068,296588.10,0.00,296588.10,24265.00,C
09-MAY-2026,ZCV0288,169676.74,0.00,169676.74,13828.00,C
09-MAY-2026,ZJB0003,705519.15,0.00,705519.15,59135.33,C
09-MAY-2026,ZJB0006,1021977.45,0.00,1021977.45,84816.00,C
