09-MAY-2026,01271,1830741.43,0,1830741.43,149444.5,0,0,0,0,0,0,2,0,0
09-MAY-2026,AJD011,9755306.91,0,9755306.91,855847,0,0,0,0,0,0,1,0,0
09-MAY-2026,AN259,0,0,0,0,0,0,0,0,0,0,1,0,0
09-MAY-2026,HD353,0,0,0,0,0,0,0,0,0,0,1,0,0
09-MAY-2026,HH792,0,0,0,0,0,0,0,0,0,0,1,0,0
09-MAY-2026,KKP01,742777.2,0,742777.2,60547,0,0,0,0,0,0,1,0,0
09-MAY-2026,M127,0,0,0,0,0,0,0,0,0,0,1,0,0
09-MAY-2026,M1828,0,0,0,0,0,0,0,0,0,0,1,0,0
09-MAY-2026,M1931,539760,0,539760,44980,0,0,0,0,0,0,1,0,0
09-MAY-2026,M2004,0,0,0,0,0,0,0,0,0,0,1,0,0
09-MAY-2026,M2148,0,0,0,0,0,0,0,0,0,0,1,0,0
09-MAY-2026,M2184,1215142.97,0,1215142.97,100015,0,0,0,0,0,0,1,0,0
09-MAY-2026,MS388,0,0,0,0,0,0,0,0,0,0,1,0,0
09-MAY-2026,MSJL01,0,0,0,0,0,0,0,0,0,0,1,0,0
09-MAY-2026,MY0069,0,0,0,0,0,0,0,0,0,0,1,0,0
09-MAY-2026,MY0221,0,0,0,0,0,0,0,0,0,0,1,0,0
09-MAY-2026,MY0251,0,0,0,0,0,0,0,0,0,0,1,0,0
09-MAY-2026,OPG05,0,0,0,0,0,0,0,0,0,0,1,0,0
09-MAY-2026,SGP01,2024100,125,2024225,168675,0,0,0,0,0,0,1,0,0
09-MAY-2026,SLJ105,506363.15,0,506363.15,47566.5,0,0,0,0,0,0,1,0,0
09-MAY-2026,SLJ112,0,0,0,0,0,0,0,0,0,0,1,0,0
09-MAY-2026,SVR01,12563913.8,0,12563913.8,1039319.5,0,0,0,0,0,0,1,0,0
09-MAY-2026,VKJ09,3525302.32,0,3525302.32,250540,0,0,0,0,0,0,1,0,0
