09-MAY-2026,X374845,0,0,0,0,0,0,0,0,0,0,1,0,0,0,0,20260509-0,4380,4380,4380,0,0,20260509-0
09-MAY-2026,X489526,0,0,0,0,0,0,0,0,0,0,1,0,0,0,0,20260509-0,277,277,277,0,0,20260509-0
09-MAY-2026,XCM0158,0,0,0,0,0,0,0,0,0,0,1,0,0,0,0,20260509-0,2314.73,2314.73,2314.73,0,0,20260509-0
09-MAY-2026,IXW152,0,0,0,0,0,0,0,0,0,0,1,0,0,0,0,20260509-0,887,887,887,0,0,20260509-0
09-MAY-2026,J141045,0,0,0,0,0,0,0,0,0,0,1,0,0,0,0,20260509-0,8847,8847,8847,0,0,20260509-0
09-MAY-2026,J140549,0,0,0,0,0,0,0,0,0,0,1,0,0,8350,0,20260509-0,157787.59,157787.59,157787.59,8350,0,20260509-0
09-MAY-2026,JDY0475,34763.38,0,34763.38,8397,0,0,0,0,0,0,1,0,0,39463.38,8397,20260509-0,73917.59,73917.59,73917.59,47860.38,0,20260509-0
09-MAY-2026,M09900,0,0,0,0,0,0,0,0,0,0,1,0,0,0,0,20260509-0,3305035,3305035,3305035,0,0,20260509-0
09-MAY-2026,J000262,0,0,0,0,0,0,0,0,0,0,1,0,0,0,0,20260509-0,482,482,482,0,0,20260509-0
09-MAY-2026,X184868,0,0,0,0,0,0,0,0,0,0,1,0,0,0,0,20260509-0,.3,.3,.3,0,0,20260509-0
09-MAY-2026,X513480,0,0,0,0,0,0,0,0,0,0,1,0,0,0,0,20260509-0,4947,4947,4947,0,0,20260509-0
09-MAY-2026,FBO1926,79326.47,0,79326.47,11323,0,0,0,0,0,0,1,0,0,79326.47,11323,20260509-0,113123.8,113123.8,113123.8,90649.47,0,20260509-0
09-MAY-2026,HQ00040,0,0,0,0,0,0,0,0,0,0,1,0,0,0,0,20260509-0,3174,3174,3174,0,0,20260509-0
09-MAY-2026,NDU0407,76724,0,76724,6980,0,0,0,0,0,0,1,0,0,76724,6980,20260509-0,98806.09,98806.09,98806.09,83704,0,20260509-0
09-MAY-2026,X512606,0,0,0,0,0,0,0,0,0,0,1,0,0,0,0,20260509-0,332,332,332,0,0,20260509-0
09-MAY-2026,OF001200,0,0,0,0,0,0,0,0,0,0,1,0,0,0,0,20260509-0,344.83,344.83,344.83,0,0,20260509-0
09-MAY-2026,J140388,0,0,0,0,0,0,0,0,0,0,1,0,0,0,0,20260509-0,1157.25,1157.25,1157.25,0,0,20260509-0
09-MAY-2026,X505342,0,0,0,0,0,0,0,0,0,0,1,0,0,0,0,20260509-0,9874,9874,9874,0,0,20260509-0
09-MAY-2026,JDY0491,202410,0,202410,16867.5,0,0,0,0,0,0,1,0,0,202410,16867.5,20260509-0,231164.33,231164.33,231164.33,219277.5,0,20260509-0
09-MAY-2026,M11104,3123741.69,0,3123741.69,249116,0,0,0,0,0,0,1,0,0,3123741.69,249116,20260509-0,3524978.04,3524978.04,3524978.04,3372857.69,0,20260509-0
09-MAY-2026,X170808,0,0,0,0,0,0,0,0,0,0,1,0,0,0,0,20260509-0,81381.15,81381.15,81381.15,0,0,20260509-0
09-MAY-2026,M04223,9074790.73,0,9074790.73,718823,0,0,0,0,0,0,1,0,0,9074790.73,718823,20260509-0,30000000,30000000,30000000,9793613.73,0,20260509-0
09-MAY-2026,NCA1620,0,0,0,0,0,0,0,0,0,0,1,0,0,0,0,20260509-0,1571743.13,1571743.13,1571743.13,0,0,20260509-0
09-MAY-2026,MND048,1364472,0,1364472,113706,0,0,0,0,0,0,1,0,0,1364472,113706,20260509-0,1494816.81,1494816.81,1494816.81,1478178,0,20260509-0
09-MAY-2026,MNF002,0,0,0,0,0,0,0,0,0,0,1,0,0,0,0,20260509-0,158719.2,158719.2,158719.2,0,0,20260509-0
09-MAY-2026,FBO1798,0,0,0,0,0,0,0,0,0,0,1,0,0,0,0,20260509-0,12244,12244,12244,0,0,20260509-0
09-MAY-2026,X503623,0,0,0,0,0,0,0,0,0,0,1,0,0,0,0,20260509-0,308,308,308,0,0,20260509-0
09-MAY-2026,FBO0065,102288,0,102288,8524,0,0,0,0,0,0,1,0,0,102288,8524,20260509-0,125711.5,125711.5,125711.5,110812,0,20260509-0
09-MAY-2026,KAN337,0,0,0,0,0,0,0,0,0,0,1,0,0,0,0,20260509-0,35.65,35.65,35.65,0,0,20260509-0
09-MAY-2026,M10099,0,0,0,0,0,0,0,0,0,0,1,0,0,0,0,20260509-0,1052997.61,1052997.61,1052997.61,0,0,20260509-0
09-MAY-2026,M51728,0,0,0,0,0,0,0,0,0,0,1,0,0,0,0,20260509-0,3330.09,3330.09,3330.09,0,0,20260509-0
09-MAY-2026,JDY0481,34350,0,34350,2862.5,0,0,0,0,0,0,1,0,0,34350,2862.5,20260509-0,78420.3,78420.3,78420.3,37212.5,0,20260509-0
09-MAY-2026,J120440,3276690,0,3276690,273057.5,0,0,0,0,0,0,1,0,0,3276690,273057.5,20260509-0,3894032,3894032,3894032,3549747.5,0,20260509-0
09-MAY-2026,X05129,66498,0,66498,5541.5,0,0,0,0,0,0,1,0,0,66498,5541.5,20260509-0,0,0,0,72039.5,72039.5,20260509-0
09-MAY-2026,OF011348,0,0,0,0,0,0,0,0,0,0,1,0,0,0,0,20260509-0,9394.06,9394.06,9394.06,0,0,20260509-0
09-MAY-2026,M41883,41544,0,41544,3462,0,0,0,0,0,0,1,0,0,41544,3462,20260509-0,78709.8,78709.8,78709.8,45006,0,20260509-0
09-MAY-2026,OF011329,0,0,0,0,0,0,0,0,0,0,1,0,0,0,0,20260509-0,219,219,219,0,0,20260509-0
09-MAY-2026,A12790,33588,0,33588,2799,0,0,0,0,0,0,1,0,0,33588,2799,20260509-0,64272.38,64272.38,64272.38,36387,0,20260509-0
09-MAY-2026,XBD0009,144144,0,144144,12012,0,0,0,0,0,0,1,0,0,144144,12012,20260509-0,167677.38,167677.38,167677.38,156156,0,20260509-0
09-MAY-2026,OF010260,249264,0,249264,20772,0,0,0,0,0,0,1,0,0,249264,20772,20260509-0,275057,275057,275057,270036,0,20260509-0
09-MAY-2026,X189931,67176,0,67176,5598,0,0,0,0,0,0,1,0,0,67176,5598,20260509-0,137022,137022,137022,72774,0,20260509-0
09-MAY-2026,X476820,41004,0,41004,3417,0,0,0,0,0,0,1,0,0,41004,3417,20260509-0,169350,169350,169350,44421,0,20260509-0
09-MAY-2026,JDY0489,339810,0,339810,28317.5,0,0,0,0,0,0,1,0,0,339810,28317.5,20260509-0,419736.45,419736.45,419736.45,368127.5,0,20260509-0
09-MAY-2026,JLQ113,0,0,0,0,0,0,0,0,0,0,1,0,0,0,0,20260509-0,11.06,11.06,11.06,0,0,20260509-0
09-MAY-2026,J141013,0,0,0,0,0,0,0,0,0,0,1,0,0,0,0,20260509-0,22,22,22,0,0,20260509-0
09-MAY-2026,X490119,0,0,0,0,0,0,0,0,0,0,1,0,0,0,0,20260509-0,50,50,50,0,0,20260509-0
09-MAY-2026,J03680,0,0,0,0,0,0,0,0,0,0,1,0,0,0,0,20260509-0,22436.5,22436.5,22436.5,0,0,20260509-0
09-MAY-2026,FBO2392,67176,0,67176,5598,0,0,0,0,0,0,1,0,0,67176,5598,20260509-0,87298,87298,87298,72774,0,20260509-0
09-MAY-2026,M07353,0,0,0,0,0,0,0,0,0,0,1,0,0,0,0,20260509-0,8899,8899,8899,0,0,20260509-0
09-MAY-2026,MWK109,202410,0,202410,16867.5,0,0,0,0,0,0,1,0,0,202410,16867.5,20260509-0,246260.25,246260.25,246260.25,219277.5,0,20260509-0
09-MAY-2026,OF001057,66498,0,66498,5541.5,0,0,0,0,0,0,1,0,0,0,0,0,0,0,0,0,0,0
09-MAY-2026,01006,0,0,0,0,0,0,0,0,0,0,2,0,0,0,0,20260509-0,12687387.19,12687387.19,12687387.19,0,0,20260509-0
09-MAY-2026,J130325,0,0,0,0,0,0,0,0,0,0,1,0,0,0,0,20260509-0,5776,5776,5776,0,0,20260509-0
09-MAY-2026,NDU0012,82008,0,82008,6834,0,0,0,0,0,0,1,0,0,82008,6834,20260509-0,116216,116216,116216,88842,0,20260509-0
09-MAY-2026,AHQ0035,0,0,0,0,0,0,0,0,0,0,1,0,0,0,0,20260509-0,3610.21,3610.21,3610.21,0,0,20260509-0
09-MAY-2026,I04184,0,0,0,0,0,0,0,0,0,0,1,0,0,0,0,20260509-0,846521,846521,846521,0,0,20260509-0
09-MAY-2026,HEY115,206069.13,0,206069.13,16226,0,0,0,0,0,0,1,0,0,206069.13,16226,20260509-0,242319,242319,242319,222295.13,0,20260509-0
09-MAY-2026,ESS0028,348684,0,348684,29057,0,0,0,0,0,0,1,0,0,348684,29057,20260509-0,453002.38,453002.38,453002.38,377741,0,20260509-0
09-MAY-2026,ESS0031,421206,0,421206,35100.5,0,0,0,0,0,0,1,0,0,421206,35100.5,20260509-0,514908.4,514908.4,514908.4,456306.5,0,20260509-0
09-MAY-2026,J11011,33588,0,33588,2799,0,0,0,0,0,0,1,0,0,33588,2799,20260509-0,55229.2,55229.2,55229.2,36387,0,20260509-0
09-MAY-2026,FBO1429,0,0,0,0,0,0,0,0,0,0,1,0,0,0,0,20260509-0,3377.14,3377.14,3377.14,0,0,20260509-0
09-MAY-2026,NRH0563,0,0,0,0,0,0,0,0,0,0,1,0,0,0,0,20260509-0,314351,314351,314351,0,0,20260509-0
09-MAY-2026,M13384,0,0,0,0,0,0,0,0,0,0,1,0,0,0,0,20260509-0,107,107,107,0,0,20260509-0
09-MAY-2026,OF011442,0,0,0,0,0,0,0,0,0,0,1,0,0,0,0,20260509-0,13059,13059,13059,0,0,20260509-0
09-MAY-2026,X500523,122025,0,122025,15283,0,0,0,0,0,0,1,0,0,122025,15283,20260509-0,198061,198061,198061,137308,0,20260509-0
09-MAY-2026,SPF0042,79867.07,0,79867.07,6173,0,0,0,0,0,0,1,0,0,79867.07,6173,20260509-0,179067.22,179067.22,179067.22,86040.07,0,20260509-0
09-MAY-2026,X173065,199494,0,199494,16624.5,0,0,0,0,0,0,1,0,0,199494,16624.5,20260509-0,0,0,0,216118.5,216118.5,20260509-0
09-MAY-2026,X478046,0,0,0,0,0,0,0,0,0,0,1,0,0,0,0,20260509-0,3503,3503,3503,0,0,20260509-0
09-MAY-2026,JLQ089,400932,0,400932,33411,0,0,0,0,0,0,1,0,0,400932,33411,20260509-0,816795.75,816795.75,816795.75,434343,0,20260509-0
09-MAY-2026,PIV0013,0,0,0,0,0,0,0,0,0,0,1,0,0,0,0,20260509-0,111,111,111,0,0,20260509-0
09-MAY-2026,RIS121,404820,0,404820,33735,0,0,0,0,0,0,1,0,0,404820,33735,20260509-0,844614.64,844614.64,844614.64,438555,0,20260509-0
