09-MAY-2026,00012,4890011.98,0,4890011.98,505109,0,0,0,0,0,0,0,0
09-MAY-2026,00739,0,0,0,0,0,0,0,0,0,0,0,0
09-MAY-2026,01253,0,0,0,0,0,0,0,0,0,0,0,0
09-MAY-2026,01285,0,0,0,0,0,0,0,0,0,0,0,0
09-MAY-2026,00452,0,0,0,0,0,0,0,0,0,0,0,0
09-MAY-2026,00921,0,0,0,0,0,0,0,0,0,0,0,0
09-MAY-2026,00042,0,0,0,0,0,0,0,0,0,0,0,0
09-MAY-2026,00575,0,0,0,0,0,0,0,0,0,0,0,0
09-MAY-2026,00316,0,0,0,0,0,0,0,0,0,0,0,0
09-MAY-2026,00980,0,0,0,0,0,0,0,0,0,0,0,0
09-MAY-2026,01062,0,0,0,0,0,0,0,0,0,0,0,0
09-MAY-2026,01246,0,0,0,0,0,0,0,0,0,0,0,0
09-MAY-2026,00189,0,0,0,0,0,0,0,0,0,0,0,0
09-MAY-2026,00221,0,0,0,0,0,0,0,0,0,0,0,0
09-MAY-2026,00279,0,0,0,0,0,0,0,0,0,0,0,0
09-MAY-2026,00346,0,0,0,0,0,0,0,0,0,0,0,0
09-MAY-2026,00485,0,0,0,0,0,0,0,0,0,0,0,0
09-MAY-2026,00598,0,0,0,0,0,0,0,0,0,0,0,0
09-MAY-2026,00785,0,0,0,0,0,0,0,0,0,0,0,0
09-MAY-2026,01002,0,0,0,0,0,0,0,0,0,0,0,0
09-MAY-2026,01052,0,0,0,0,0,0,0,0,0,0,0,0
09-MAY-2026,01091,0,0,0,0,0,0,0,0,0,0,0,0
09-MAY-2026,01148,0,0,0,0,0,0,0,0,0,0,0,0
09-MAY-2026,01153,0,0,0,0,0,0,0,0,0,0,0,0
09-MAY-2026,00030,0,0,0,0,0,0,0,0,0,0,0,0
09-MAY-2026,00080,0,0,0,0,0,0,0,0,0,0,0,0
09-MAY-2026,00168,0,0,0,0,0,0,0,0,0,0,0,0
09-MAY-2026,00236,0,0,0,0,0,0,0,0,0,0,0,0
09-MAY-2026,00712,0,0,0,0,0,0,0,0,0,0,0,0
09-MAY-2026,00893,0,0,0,0,0,0,0,0,0,0,0,0
09-MAY-2026,00968,0,0,0,0,0,0,0,0,0,0,0,0
09-MAY-2026,01020,0,0,0,0,0,0,0,0,0,0,0,0
09-MAY-2026,00258,0,0,0,0,0,0,0,0,0,0,0,0
09-MAY-2026,00306,0,0,0,0,0,0,0,0,0,0,0,0
09-MAY-2026,00358,0,0,0,0,0,0,0,0,0,0,0,0
09-MAY-2026,01043,0,0,0,0,0,0,0,0,0,0,0,0
09-MAY-2026,01085,0,0,0,0,0,0,0,0,0,0,0,0
09-MAY-2026,01149,0,0,0,0,0,0,0,0,0,0,0,0
09-MAY-2026,00024,0,0,0,0,0,0,0,0,0,0,0,0
09-MAY-2026,00044,0,0,0,0,0,0,0,0,0,0,0,0
09-MAY-2026,00078,0,0,0,0,0,0,0,0,0,0,0,0
09-MAY-2026,00150,0,0,0,0,0,0,0,0,0,0,0,0
09-MAY-2026,00680,0,0,0,0,0,0,0,0,0,0,0,0
09-MAY-2026,00902,0,0,0,0,0,0,0,0,0,0,0,0
09-MAY-2026,01030,0,0,0,0,0,0,0,0,0,0,0,0
09-MAY-2026,01233,0,0,0,0,0,0,0,0,0,0,0,0
