09-MAY-2026,01255,0,0,0,0,0,0,0,0,0,0,2,0,0
09-MAY-2026,G900014,0,0,0,0,0,0,0,0,0,0,1,0,0
09-MAY-2026,N00032,2995596,0,2995596,249633,0,0,0,0,0,0,1,0,0
09-MAY-2026,N00045,44749454.67,0,44749454.67,4132487.5,0,0,0,0,0,0,1,0,0
09-MAY-2026,N007419,0,0,0,0,0,0,0,0,0,0,1,0,0
09-MAY-2026,N007522,62201666.46,0,62201666.46,4980482.5,0,0,0,0,0,703929.6,1,0,0
09-MAY-2026,N007749,39715258.4,0,39715258.4,3281745,0,0,0,0,0,0,1,0,0
09-MAY-2026,N007750,1670340,0,1670340,139195,0,0,0,0,0,0,1,0,0
09-MAY-2026,N008483,0,0,0,0,0,0,0,0,0,0,1,0,0
09-MAY-2026,N008619,0,0,0,0,0,0,0,0,0,0,1,0,0
09-MAY-2026,N009152,0,0,0,0,0,0,0,0,0,0,1,0,0
09-MAY-2026,N009332,0,0,0,0,0,0,0,0,0,0,1,0,0
09-MAY-2026,N009398,0,0,0,0,0,0,0,0,0,0,1,0,0
09-MAY-2026,N009920,0,0,0,0,0,0,0,0,0,0,1,0,0
09-MAY-2026,N009994,0,0,0,0,0,0,0,0,0,0,1,0,0
09-MAY-2026,N009996,0,0,0,0,0,0,0,0,0,0,1,0,0
09-MAY-2026,N010099,2356203.59,0,2356203.59,193560,0,0,0,0,0,0,1,0,0
09-MAY-2026,N010460,0,0,0,0,0,0,0,0,0,0,1,0,0
09-MAY-2026,N010568,0,0,0,0,0,0,0,0,0,0,1,0,0
09-MAY-2026,N010828,0,0,0,0,0,0,0,0,0,0,1,0,0
09-MAY-2026,N010829,0,0,0,0,0,0,0,0,0,0,1,0,0
09-MAY-2026,N011192,0,0,0,0,0,0,0,0,0,0,1,0,0
09-MAY-2026,N011313,17065656.83,0,17065656.83,1218122,0,0,0,0,0,0,1,0,0
09-MAY-2026,N011317,0,0,0,0,0,0,0,0,0,0,1,0,0
09-MAY-2026,N011328,0,0,0,0,0,0,0,0,0,0,1,0,0
09-MAY-2026,N011332,0,0,0,0,0,0,0,0,0,0,1,0,0
09-MAY-2026,N011366,0,0,0,0,0,0,0,0,0,0,1,0,0
09-MAY-2026,N011374,0,0,0,0,0,0,0,0,0,0,1,0,0
09-MAY-2026,N011405,0,0,0,0,0,0,0,0,0,0,1,0,0
09-MAY-2026,N011474,0,0,0,0,0,0,0,0,0,0,1,0,0
09-MAY-2026,N011475,0,0,0,0,0,0,0,0,0,0,1,0,0
09-MAY-2026,N011484,1170617.4,0,1170617.4,96897,0,0,0,0,0,0,1,0,0
09-MAY-2026,N012134,0,0,0,0,0,0,0,0,0,0,1,0,0
09-MAY-2026,N012151,200475.6,0,200475.6,16270,0,0,0,0,0,0,1,0,0
09-MAY-2026,N012228,0,0,0,0,0,0,0,0,0,0,1,0,0
09-MAY-2026,N012324,0,0,0,0,0,0,0,0,0,0,1,0,0
09-MAY-2026,N012404,126828,0,126828,10569,0,0,0,0,0,0,1,0,0
09-MAY-2026,N012412,2071991.4,0,2071991.4,169715,0,0,0,0,0,0,1,0,0
09-MAY-2026,N012462,0,0,0,0,0,0,0,0,0,0,1,0,0
09-MAY-2026,N012558,0,0,0,0,0,0,0,0,0,0,1,0,0
09-MAY-2026,N012570,0,0,0,0,0,0,0,0,0,0,1,0,0
09-MAY-2026,N012624,0,0,0,0,0,0,0,0,0,0,1,0,0
09-MAY-2026,N012676,0,0,0,0,0,0,0,0,0,0,1,0,0
09-MAY-2026,N012957,0,0,0,0,0,0,0,0,0,0,1,0,0
09-MAY-2026,N013312,0,0,0,0,0,0,0,0,0,0,1,0,0
09-MAY-2026,N013315,0,0,0,0,0,0,0,0,0,0,1,0,0
09-MAY-2026,N013483,0,0,0,0,0,0,0,0,0,0,1,0,0
09-MAY-2026,N013490,0,0,0,0,0,0,0,0,0,0,1,0,0
09-MAY-2026,N013540,84552,0,84552,7046,0,0,0,0,0,0,1,0,0
09-MAY-2026,N013545,0,0,0,0,0,0,0,0,0,0,1,0,0
09-MAY-2026,N013587,0,0,0,0,0,0,0,0,0,0,1,0,0
09-MAY-2026,N013687,276447707.15,0,276447707.15,23873042.5,0,0,2725400,0,0,15230862,1,0,0
09-MAY-2026,N01514,0,0,0,0,0,0,0,0,0,0,1,0,0
09-MAY-2026,N01616,0,0,0,0,0,0,0,0,0,0,1,0,0
09-MAY-2026,N01717,0,0,0,0,0,0,0,0,0,0,1,0,0
09-MAY-2026,N01881,0,0,0,0,0,0,0,0,0,0,1,0,0
09-MAY-2026,N02029,0,0,0,0,0,0,0,0,0,0,1,0,0
09-MAY-2026,N02734,0,0,0,0,0,0,0,0,0,0,1,0,0
09-MAY-2026,N295602,0,0,0,0,0,0,0,0,0,0,1,0,0
09-MAY-2026,N345301,42276,0,42276,3523,0,0,0,0,0,0,1,0,0
09-MAY-2026,N345409,0,0,0,0,0,0,0,0,0,0,1,0,0
09-MAY-2026,N529527,0,0,0,0,0,0,0,0,0,0,1,0,0
09-MAY-2026,N543848,0,0,0,0,0,0,0,0,0,0,1,0,0
09-MAY-2026,N575396,0,0,0,0,0,0,0,0,0,0,1,0,0
09-MAY-2026,N641629,0,0,0,0,0,0,0,0,0,0,1,0,0
09-MAY-2026,N753606,0,0,0,0,0,0,0,0,0,0,1,0,0
09-MAY-2026,N753610,0,0,0,0,0,0,0,0,0,0,1,0,0
09-MAY-2026,N753612,0,0,0,0,0,0,0,0,0,0,1,0,0
09-MAY-2026,N753626,0,0,0,0,0,0,0,0,0,0,1,0,0
09-MAY-2026,P201307,1069539.6,0,1069539.6,95213,0,0,0,0,0,0,1,0,0
09-MAY-2026,P203840,0,0,0,0,0,0,0,0,0,0,1,0,0
09-MAY-2026,SUN746955,0,0,0,0,0,0,0,0,0,0,1,0,0
