09-MAY-2026,A12790,34566.00,0.00,34566.00,2880.50,C
09-MAY-2026,ESS0028,346224.00,0.00,346224.00,28852.00,C
09-MAY-2026,ESS0031,417630.00,0.00,417630.00,34802.50,C
09-MAY-2026,FBO0065,103038.00,0.00,103038.00,8586.50,C
09-MAY-2026,FBO1926,85541.93,0.00,85541.93,11467.00,C
09-MAY-2026,FBO2392,69132.00,0.00,69132.00,5761.00,C
09-MAY-2026,HEY115,200475.60,0.00,200475.60,16270.00,C
09-MAY-2026,J03680,0.00,0.00,0.00,3200.00,C
09-MAY-2026,J11011,34566.00,0.00,34566.00,2880.50,C
09-MAY-2026,J120440,3269622.00,0.00,3269622.00,272468.50,C
09-MAY-2026,J140549,8350.00,0.00,8350.00,0.00,C
09-MAY-2026,JDY0475,34767.53,0.00,34767.53,8966.50,C
09-MAY-2026,JDY0481,34236.00,0.00,34236.00,2853.00,C
09-MAY-2026,JDY0489,339354.00,0.00,339354.00,28279.50,C
09-MAY-2026,JDY0491,202410.00,0.00,202410.00,16867.50,C
09-MAY-2026,JLQ089,405502.97,0.00,405502.97,32545.00,C
09-MAY-2026,M04223,8834532.94,0.00,8834532.94,721075.00,C
09-MAY-2026,M11104,3043429.64,0.00,3043429.64,250015.00,C
09-MAY-2026,M41883,42276.00,0.00,42276.00,3523.00,C
09-MAY-2026,MND048,1376676.00,0.00,1376676.00,115023.00,C
09-MAY-2026,MWK109,202410.00,0.00,202410.00,16867.50,C
09-MAY-2026,NDU0012,81480.00,0.00,81480.00,6790.00,C
09-MAY-2026,NDU0407,241594.84,0.00,241594.84,8183.00,C
09-MAY-2026,NRH0563,0.00,0.00,0.00,8200.00,C
09-MAY-2026,OF001057,67640.74,0.00,67640.74,5325.00,C
09-MAY-2026,OF010260,253656.00,0.00,253656.00,21138.00,C
09-MAY-2026,RIS121,404820.00,0.00,404820.00,33735.00,C
09-MAY-2026,SPF0042,87013.20,0.00,87013.20,5900.00,C
09-MAY-2026,X05129,67640.74,0.00,67640.74,5325.00,C
09-MAY-2026,X173065,202922.23,0.00,202922.23,16395.00,C
09-MAY-2026,X189931,69132.00,0.00,69132.00,5761.00,C
09-MAY-2026,X476820,40740.00,0.00,40740.00,3395.00,C
09-MAY-2026,X500523,124166.74,0.00,124166.74,15096.00,C
09-MAY-2026,XBD0009,144720.00,0.00,144720.00,12060.00,C
