09-MAY-2026,00142,0,0,0,0,0,0,0,0,0,0,2,0,0
09-MAY-2026,A10,0,0,0,0,0,0,0,0,0,0,1,0,0
09-MAY-2026,A84,1174339.2,75,1174414.2,96510.5,0,0,0,0,0,0,1,0,0
09-MAY-2026,BAB175,3625755.6,0,3625755.6,295600,0,0,0,0,0,0,1,0,0
09-MAY-2026,BAB219,0,0,0,0,0,0,0,0,0,0,1,0,0
09-MAY-2026,C9,0,0,0,0,0,0,0,0,0,0,1,0,0
09-MAY-2026,DCR2126,295932,0,295932,24661,0,0,0,0,0,0,1,0,0
09-MAY-2026,DCT1498,1431968.23,0,1431968.23,118395.5,0,0,0,0,0,0,1,0,0
09-MAY-2026,HA1,0,0,0,0,0,0,0,0,0,0,1,0,0
09-MAY-2026,HAJ1,846739.8,0,846739.8,70343.5,0,0,0,0,0,0,1,0,0
09-MAY-2026,HB181,0,0,0,0,0,0,0,0,0,0,1,0,0
09-MAY-2026,K18,0,0,0,0,0,0,0,0,0,0,1,0,0
09-MAY-2026,MSC151,0,0,0,0,0,0,0,0,0,0,1,0,0
09-MAY-2026,MSC99,68802,0,68802,5733.5,0,0,0,0,0,0,1,0,0
09-MAY-2026,P24,1147672.97,0,1147672.97,94392.5,0,0,0,0,0,0,1,0,0
09-MAY-2026,P54,0,0,0,0,0,0,0,0,0,0,1,0,0
09-MAY-2026,PKJ1,138264,0,138264,11522,0,0,0,0,0,0,1,0,0
09-MAY-2026,R66,1738216.78,100,1738316.78,132691.5,0,0,0,0,0,0,1,0,0
09-MAY-2026,RM201,67640.74,0,67640.74,5325,0,0,0,0,0,0,1,0,0
09-MAY-2026,S114,0,0,0,0,0,0,0,0,0,0,1,0,0
09-MAY-2026,S46,0,0,0,0,0,0,0,0,0,0,1,0,0
09-MAY-2026,S85,0,0,0,0,0,0,0,0,0,0,1,0,0
09-MAY-2026,S920,0,0,0,0,0,0,0,0,0,0,1,0,0
09-MAY-2026,SSB18,0,0,0,0,0,0,0,0,0,0,1,0,0
09-MAY-2026,SSB2,202751.49,0,202751.49,16272.5,0,0,0,0,0,0,1,0,0
09-MAY-2026,SSB20,0,0,0,0,0,0,0,0,0,0,1,0,0
09-MAY-2026,SSB23,0,0,0,0,0,0,0,0,0,0,1,0,0
09-MAY-2026,SSB31,0,0,0,0,0,0,0,0,0,0,1,0,0
09-MAY-2026,SSB6037,103698,0,103698,8641.5,0,0,0,0,0,0,1,0,0
09-MAY-2026,TKS291,0,0,0,0,0,0,0,0,0,0,1,0,0
09-MAY-2026,TKS452,0,0,0,0,0,0,0,0,0,0,1,0,0
09-MAY-2026,TKS90,0,0,0,0,0,0,0,0,0,0,1,0,0
