09-MAY-2026,01277,0,0,0,0,0,0,0,0,0,0,2,0,0
09-MAY-2026,AF07,0,0,0,0,0,0,0,0,0,0,1,0,0
09-MAY-2026,AF12,0,0,0,0,0,0,0,0,0,0,1,0,0
09-MAY-2026,AJ810,1345702.37,0,1345702.37,106623.5,0,0,0,0,0,0,1,0,0
09-MAY-2026,AJ896,0,0,0,0,0,0,0,0,0,0,1,0,0
09-MAY-2026,AU27,1349400,0,1349400,112450,0,0,0,0,0,0,1,0,0
09-MAY-2026,B1001,309277.2,0,309277.2,24422,0,0,0,0,0,0,1,0,0
09-MAY-2026,B1070,0,0,0,0,0,0,0,0,0,0,1,0,0
09-MAY-2026,B1094,0,0,0,0,0,0,0,0,0,0,1,0,0
09-MAY-2026,B1230,0,0,0,0,0,0,0,0,0,0,1,0,0
09-MAY-2026,B1257,0,0,0,0,0,0,0,0,0,0,1,0,0
09-MAY-2026,B1408,73314,0,73314,6109.5,0,0,0,0,0,0,1,0,0
09-MAY-2026,B1455,0,0,0,0,0,0,0,0,0,0,1,0,0
09-MAY-2026,B1544,0,0,0,0,0,0,0,0,0,0,1,0,0
09-MAY-2026,B1605,0,0,0,0,0,0,0,0,0,0,1,0,0
09-MAY-2026,B1619,71406,0,71406,5950.5,0,0,0,0,0,0,1,0,0
09-MAY-2026,B1628,0,0,0,0,0,0,0,0,0,0,1,0,0
09-MAY-2026,B1652,174026.4,0,174026.4,11800,0,0,0,0,0,0,1,0,0
09-MAY-2026,B1784,0,0,0,0,0,0,0,0,0,0,1,0,0
09-MAY-2026,B1786,73314,0,73314,6109.5,0,0,0,0,0,0,1,0,0
09-MAY-2026,B1803,0,0,0,0,0,0,0,0,0,0,1,0,0
09-MAY-2026,B1821,0,0,0,0,0,0,0,0,0,0,1,0,0
09-MAY-2026,B1825,174026.4,0,174026.4,11800,0,0,0,0,0,0,1,0,0
09-MAY-2026,B2002,0,0,0,0,0,0,0,0,0,0,1,0,0
09-MAY-2026,B249,0,0,0,0,0,0,0,0,0,0,1,0,0
09-MAY-2026,B5107,0,0,0,0,0,0,0,0,0,0,1,0,0
09-MAY-2026,B5139,0,0,0,0,0,0,0,0,0,0,1,0,0
09-MAY-2026,B5155,0,0,0,0,0,0,0,0,0,0,1,0,0
09-MAY-2026,B5166,0,0,0,0,0,0,0,0,0,0,1,0,0
09-MAY-2026,B5167,0,0,0,0,0,0,0,0,0,0,1,0,0
09-MAY-2026,B5241,146628,0,146628,12219,0,0,0,0,0,0,1,0,0
09-MAY-2026,B5250,0,0,0,0,0,0,0,0,0,0,1,0,0
09-MAY-2026,B5256,0,0,0,0,0,0,0,0,0,0,1,0,0
09-MAY-2026,B5258,174325.8,0,174325.8,14309,0,0,0,0,0,0,1,0,0
09-MAY-2026,B7525,0,0,0,0,0,0,0,0,0,0,1,0,0
09-MAY-2026,B7526,0,0,0,0,0,0,0,0,0,0,1,0,0
09-MAY-2026,B7540,0,0,0,0,0,0,0,0,0,0,1,0,0
09-MAY-2026,B7643,355223.49,0,355223.49,28978.5,0,0,0,0,0,0,1,0,0
09-MAY-2026,BF23,0,0,0,0,0,0,0,0,0,0,1,0,0
09-MAY-2026,BF31,13176.22,4850,18026.22,5900,0,0,0,0,0,0,1,0,0
09-MAY-2026,BNF07,0,0,0,0,0,0,0,0,0,0,1,0,0
09-MAY-2026,BNF23,0,0,0,0,0,0,0,0,0,0,1,0,0
09-MAY-2026,C589,0,0,0,0,0,0,0,0,0,0,1,0,0
09-MAY-2026,DF30,0,0,0,0,0,0,0,0,0,0,1,0,0
09-MAY-2026,DIS13,0,0,0,0,0,0,0,0,0,0,1,0,0
09-MAY-2026,FPO001,0,0,0,0,0,0,0,0,0,0,1,0,0
09-MAY-2026,FPO002,157104,0,157104,13092,0,0,0,0,0,0,1,0,0
09-MAY-2026,FPO003,0,0,0,0,0,0,0,0,0,0,1,0,0
09-MAY-2026,FPO004,0,0,0,0,0,0,0,0,0,0,1,0,0
09-MAY-2026,FPO005,0,0,0,0,0,0,0,0,0,0,1,0,0
09-MAY-2026,FPO006,0,0,0,0,0,0,0,0,0,0,1,0,0
09-MAY-2026,FPO007,0,0,0,0,0,0,0,0,0,0,1,0,0
09-MAY-2026,FPO008,0,0,0,0,0,0,0,0,0,0,1,0,0
09-MAY-2026,FPO009,0,0,0,0,0,0,0,0,0,0,1,0,0
09-MAY-2026,FPO010,0,0,0,0,0,0,0,0,0,0,1,0,0
09-MAY-2026,FPO011,0,0,0,0,0,0,0,0,0,0,1,0,0
09-MAY-2026,FPO013,0,0,0,0,0,0,0,0,0,0,1,0,0
09-MAY-2026,FPO014,0,0,0,0,0,0,0,0,0,0,1,0,0
09-MAY-2026,FPO015,0,0,0,0,0,0,0,0,0,0,1,0,0
09-MAY-2026,FPO017,0,0,0,0,0,0,0,0,0,0,1,0,0
09-MAY-2026,FPO018,0,0,0,0,0,0,0,0,0,0,1,0,0
09-MAY-2026,FPO019,60311.31,0,60311.31,6113.5,0,0,0,0,0,0,1,0,0
09-MAY-2026,FPO020,0,0,0,0,0,0,0,0,0,0,1,0,0
09-MAY-2026,FPO021,0,0,0,0,0,0,0,0,0,0,1,0,0
09-MAY-2026,FPO022,0,0,0,0,0,0,0,0,0,0,1,0,0
09-MAY-2026,FPO023,0,0,0,0,0,0,0,0,0,0,1,0,0
09-MAY-2026,FPO026,0,0,0,0,0,0,0,0,0,0,1,0,0
09-MAY-2026,FPO037,0,0,0,0,0,0,0,0,0,0,1,0,0
09-MAY-2026,FPO039,0,0,0,0,0,0,0,0,0,0,1,0,0
09-MAY-2026,FPO040,0,0,0,0,0,0,0,0,0,0,1,0,0
09-MAY-2026,FPO042,0,0,0,0,0,0,0,0,0,0,1,0,0
09-MAY-2026,FPO043,0,0,0,0,0,0,0,0,0,0,1,0,0
09-MAY-2026,FPO044,0,0,0,0,0,0,0,0,0,0,1,0,0
09-MAY-2026,FPO046,0,0,0,0,0,0,0,0,0,0,1,0,0
09-MAY-2026,FPO047,0,0,0,0,0,0,0,0,0,0,1,0,0
09-MAY-2026,FPO048,0,0,0,0,0,0,0,0,0,0,1,0,0
09-MAY-2026,FPO050,0,0,0,0,0,0,0,0,0,0,1,0,0
09-MAY-2026,FPO052,74088,0,74088,6174,0,0,0,0,0,0,1,0,0
09-MAY-2026,G1032,0,0,0,0,0,0,0,0,0,0,1,0,0
09-MAY-2026,GI09,0,0,0,0,0,0,0,0,0,0,1,0,0
09-MAY-2026,GSF15,0,0,0,0,0,0,0,0,0,0,1,0,0
09-MAY-2026,HC15,0,0,0,0,0,0,0,0,0,0,1,0,0
09-MAY-2026,IND00542,0,0,0,0,0,0,0,0,0,0,1,0,0
09-MAY-2026,IND02760,0,0,0,0,0,0,0,0,0,0,1,0,0
09-MAY-2026,IND03019,0,0,0,0,0,0,0,0,0,0,1,0,0
09-MAY-2026,IND03275,0,0,0,0,0,0,0,0,0,0,1,0,0
09-MAY-2026,IND04035,0,0,0,0,0,0,0,0,0,0,1,0,0
09-MAY-2026,IND04054,0,0,0,0,0,0,0,0,0,0,1,0,0
09-MAY-2026,IND04173,98175.15,0,98175.15,8065,0,0,0,0,0,0,1,0,0
09-MAY-2026,IS0744,2293980,0,2293980,191165,0,0,0,0,0,0,1,0,0
09-MAY-2026,IS10141,0,0,0,0,0,0,0,0,0,0,1,0,0
09-MAY-2026,IS10266,0,0,0,0,0,0,0,0,0,0,1,0,0
09-MAY-2026,IS10691,0,0,0,0,0,0,0,0,0,0,1,0,0
09-MAY-2026,IS11113,0,0,0,0,0,0,0,0,0,0,1,0,0
09-MAY-2026,IS11416,0,0,0,0,0,0,0,0,0,0,1,0,0
09-MAY-2026,IS11453,253656,0,253656,21138,0,0,0,0,0,0,1,0,0
09-MAY-2026,IS12198,0,0,0,0,0,0,0,0,0,0,1,0,0
09-MAY-2026,IS12389,0,0,0,0,0,0,0,0,0,0,1,0,0
09-MAY-2026,IS13362,0,0,0,0,0,0,0,0,0,0,1,0,0
09-MAY-2026,IS13401,0,0,0,0,0,0,0,0,0,0,1,0,0
09-MAY-2026,IS13415,0,0,0,0,0,0,0,0,0,0,1,0,0
09-MAY-2026,IS13901,0,0,0,0,0,0,0,0,0,0,1,0,0
09-MAY-2026,IS14525,0,0,0,0,0,0,0,0,0,0,1,0,0
09-MAY-2026,IS14669,0,0,0,0,0,0,0,0,0,0,1,0,0
09-MAY-2026,IS14694,0,0,0,0,0,0,0,0,0,0,1,0,0
09-MAY-2026,IS14736,0,0,0,0,0,0,0,0,0,0,1,0,0
09-MAY-2026,IS18088,0,0,0,0,0,0,0,0,0,0,1,0,0
09-MAY-2026,IS18119,271884,0,271884,22657,0,0,0,0,0,0,1,0,0
09-MAY-2026,IS19066,0,0,0,0,0,0,0,0,0,0,1,0,0
09-MAY-2026,IS2125,0,0,0,0,0,0,0,0,0,0,1,0,0
09-MAY-2026,IS22849,0,0,0,0,0,0,0,0,0,0,1,0,0
09-MAY-2026,IS2326,0,0,0,0,0,0,0,0,0,0,1,0,0
09-MAY-2026,IS2447,0,0,0,0,0,0,0,0,0,0,1,0,0
09-MAY-2026,IS5050,0,0,0,0,0,0,0,0,0,0,1,0,0
09-MAY-2026,IS5241,0,0,0,0,0,0,0,0,0,0,1,0,0
09-MAY-2026,IS5354,0,0,0,0,0,0,0,0,0,0,1,0,0
09-MAY-2026,IS6145,0,0,0,0,0,0,0,0,0,0,1,0,0
09-MAY-2026,IS6514,0,0,0,0,0,0,0,0,0,0,1,0,0
09-MAY-2026,IS7096,0,0,0,0,0,0,0,0,0,0,1,0,0
09-MAY-2026,IS7334,214872,0,214872,17906,0,0,0,0,0,0,1,0,0
09-MAY-2026,IS7540,0,0,0,0,0,0,0,0,0,0,1,0,0
09-MAY-2026,IS7898,0,0,0,0,0,0,0,0,0,0,1,0,0
09-MAY-2026,IS8418,185166,0,185166,15430.5,0,0,0,0,0,0,1,0,0
09-MAY-2026,IS89,0,0,0,0,0,0,0,0,0,0,1,0,0
09-MAY-2026,IS9186,0,0,0,0,0,0,0,0,0,0,1,0,0
09-MAY-2026,IS9397,0,0,0,0,0,0,0,0,0,0,1,0,0
09-MAY-2026,IS9793,0,0,0,0,0,0,0,0,0,0,1,0,0
09-MAY-2026,ISP1043,0,0,0,0,0,0,0,0,0,0,1,0,0
09-MAY-2026,ISP1072,0,0,0,0,0,0,0,0,0,0,1,0,0
09-MAY-2026,ISP1300,1016058,0,1016058,84671.5,0,0,0,0,0,0,1,0,0
09-MAY-2026,ISPL19298,0,0,0,0,0,0,0,0,0,0,1,0,0
09-MAY-2026,ISPL2504,0,0,0,0,0,0,0,0,0,0,1,0,0
09-MAY-2026,ISPL2536,0,0,0,0,0,0,0,0,0,0,1,0,0
09-MAY-2026,ISPL2538,845520,0,845520,70460,0,0,0,0,0,0,1,0,0
09-MAY-2026,ISPL2554,0,0,0,0,0,0,0,0,0,0,1,0,0
09-MAY-2026,ISPL2555,0,0,0,0,0,0,0,0,0,0,1,0,0
09-MAY-2026,ISPL2587,74088,0,74088,6174,0,0,0,0,0,0,1,0,0
09-MAY-2026,ISPL2591,0,0,0,0,0,0,0,0,0,0,1,0,0
09-MAY-2026,ISPL5835,0,0,0,0,0,0,0,0,0,0,1,0,0
09-MAY-2026,J99,22275796.75,0,22275796.75,1830402,0,0,1776000,0,0,0,1,0,0
09-MAY-2026,K0315,0,0,0,0,0,0,0,0,0,0,1,0,0
09-MAY-2026,K222,0,0,0,0,0,0,0,0,0,0,1,0,0
09-MAY-2026,KR43,0,0,0,0,0,0,0,0,0,0,1,0,0
09-MAY-2026,LY54,1848693.95,0,1848693.95,186619.5,0,0,0,0,0,0,1,0,0
09-MAY-2026,MA95,0,0,0,0,0,0,0,0,0,0,1,0,0
09-MAY-2026,MCF31,0,0,0,0,0,0,0,0,0,0,1,0,0
09-MAY-2026,NR99,0,0,0,0,0,0,0,0,0,0,1,0,0
09-MAY-2026,OM021,0,0,0,0,0,0,0,0,0,0,1,0,0
09-MAY-2026,OM325,0,0,0,0,0,0,0,0,0,0,1,0,0
09-MAY-2026,PA5009,219942,0,219942,18328.5,0,0,0,0,0,0,1,0,0
09-MAY-2026,PA5010,0,0,0,0,0,0,0,0,0,0,1,0,0
09-MAY-2026,PA695,0,0,0,0,0,0,0,0,0,0,1,0,0
09-MAY-2026,PAS001,0,0,0,0,0,0,0,0,0,0,1,0,0
09-MAY-2026,PAS132,0,0,0,0,0,0,0,0,0,0,1,0,0
09-MAY-2026,PAS133,0,0,0,0,0,0,0,0,0,0,1,0,0
09-MAY-2026,PAS2602,169176,0,169176,14098,0,0,0,0,0,0,1,0,0
09-MAY-2026,PAS2612,0,0,0,0,0,0,0,0,0,0,1,0,0
09-MAY-2026,PAS44,0,0,0,0,0,0,0,0,0,0,1,0,0
09-MAY-2026,PAS6003,0,0,0,0,0,0,0,0,0,0,1,0,0
09-MAY-2026,PL84,0,0,0,0,0,0,0,0,0,0,1,0,0
09-MAY-2026,PR542,0,0,0,0,0,0,0,0,0,0,1,0,0
09-MAY-2026,RB13,81480,0,81480,6790,0,0,0,0,0,0,1,0,0
09-MAY-2026,RC21,0,0,0,0,0,0,0,0,0,0,1,0,0
09-MAY-2026,RG05,0,0,0,0,0,0,0,0,0,0,1,0,0
09-MAY-2026,RP16,0,0,0,0,0,0,0,0,0,0,1,0,0
09-MAY-2026,RV06,0,0,0,0,0,0,0,0,0,0,1,0,0
09-MAY-2026,S181,0,0,0,0,0,0,0,0,0,0,1,0,0
09-MAY-2026,SF06,0,0,0,0,0,0,0,0,0,0,1,0,0
09-MAY-2026,SF16,0,0,0,0,0,0,0,0,0,0,1,0,0
09-MAY-2026,SG575,0,0,0,0,0,0,0,0,0,0,1,0,0
09-MAY-2026,SM66,0,0,0,0,0,0,0,0,0,0,1,0,0
09-MAY-2026,SMB337,0,0,0,0,0,0,0,0,0,0,1,0,0
09-MAY-2026,SN30,0,0,0,0,0,0,0,0,0,0,1,0,0
09-MAY-2026,SR802,0,0,0,0,0,0,0,0,0,0,1,0,0
09-MAY-2026,SS424,0,0,0,0,0,0,0,0,0,0,1,0,0
09-MAY-2026,SS580,411098,0,411098,36452.5,0,0,0,0,0,0,1,0,0
09-MAY-2026,SS581,0,0,0,0,0,0,0,0,0,0,1,0,0
09-MAY-2026,SS582,294409.2,0,294409.2,23183,0,0,0,0,0,0,1,0,0
09-MAY-2026,SS583,0,0,0,0,0,0,0,0,0,0,1,0,0
09-MAY-2026,SS585,0,0,0,0,0,0,0,0,0,0,1,0,0
09-MAY-2026,SS614,71406,0,71406,5950.5,0,0,0,0,0,0,1,0,0
09-MAY-2026,SUSPE1234N,0,0,0,0,0,0,0,0,0,0,1,0,0
09-MAY-2026,SV39,0,0,0,0,0,0,0,0,0,0,1,0,0
09-MAY-2026,SVF30,0,0,0,0,0,0,0,0,0,0,1,0,0
09-MAY-2026,TF01,1043808,0,1043808,86984,0,0,0,0,0,0,1,0,0
09-MAY-2026,TF19,0,0,0,0,0,0,0,0,0,0,1,0,0
09-MAY-2026,TM423,0,0,0,0,0,0,0,0,0,0,1,0,0
09-MAY-2026,U7019,0,0,0,0,0,0,0,0,0,0,1,0,0
09-MAY-2026,U769,0,0,0,0,0,0,0,0,0,0,1,0,0
09-MAY-2026,UA31,0,0,0,0,0,0,0,0,0,0,1,0,0
09-MAY-2026,UF11,0,0,0,0,0,0,0,0,0,0,1,0,0
09-MAY-2026,UJ1127,0,0,0,0,0,0,0,0,0,0,1,0,0
09-MAY-2026,V786,0,0,0,0,0,0,0,0,0,0,1,0,0
09-MAY-2026,VH26,0,0,0,0,0,0,0,0,0,0,1,0,0
09-MAY-2026,VM76,0,0,0,0,0,0,0,0,0,0,1,0,0
09-MAY-2026,VT519,0,0,0,0,0,0,0,0,0,0,1,0,0
09-MAY-2026,VT559,0,0,0,0,0,0,0,0,0,0,1,0,0
09-MAY-2026,VT569,0,0,0,0,0,0,0,0,0,0,1,0,0
09-MAY-2026,XA95,74088,0,74088,6174,0,0,0,0,0,0,1,0,0
09-MAY-2026,XS00707,148176,0,148176,12348,0,0,0,0,0,0,1,0,0
09-MAY-2026,Y50,0,0,0,0,0,0,0,0,0,0,1,0,0
09-MAY-2026,Y51,945772.8,0,945772.8,100730,0,0,0,0,0,0,1,0,0
09-MAY-2026,Y52,0,0,0,0,0,0,0,0,0,0,1,0,0
09-MAY-2026,YB14,0,0,0,0,0,0,0,0,0,0,1,0,0
