09-MAY-2026,01152,0,0,0,0,0,0,0,0,0,0,2,0,0
09-MAY-2026,01AH016,0,0,0,0,0,0,0,0,0,0,1,0,0
09-MAY-2026,01AH070,4058444.58,0,4058444.58,319500,0,0,0,0,0,0,1,0,0
09-MAY-2026,01AT125,0,0,0,0,0,0,0,0,0,0,1,0,0
09-MAY-2026,03FD011,0,0,0,0,0,0,0,0,0,0,1,0,0
09-MAY-2026,07FD367,295578,0,295578,24631.5,0,0,0,0,0,0,1,0,0
09-MAY-2026,07FD429,0,0,0,0,0,0,0,0,0,0,1,0,0
09-MAY-2026,14FD060,0,0,0,0,0,0,0,0,0,0,1,0,0
09-MAY-2026,ATS121,214218,0,214218,17851.5,0,0,0,0,0,0,1,0,0
09-MAY-2026,FD1071,2276797.8,0,2276797.8,206521,0,0,0,0,0,0,1,0,0
09-MAY-2026,FD1080,0,0,0,0,0,0,0,0,0,0,1,0,0
09-MAY-2026,FD1163,0,0,0,0,0,0,0,0,0,0,1,0,0
09-MAY-2026,FD1171,0,0,0,0,0,0,0,0,0,0,1,0,0
09-MAY-2026,FD234,0,0,0,0,0,0,0,0,0,0,1,0,0
09-MAY-2026,FDE1027,0,0,0,0,0,0,0,0,0,0,1,0,0
09-MAY-2026,FDE1048,0,0,0,0,0,0,0,0,0,0,1,0,0
09-MAY-2026,FDE1112,0,0,0,0,0,0,0,0,0,0,1,0,0
09-MAY-2026,FDE1175,0,0,0,0,0,0,0,0,0,0,1,0,0
09-MAY-2026,FDE1445,0,0,0,0,0,0,0,0,0,0,1,0,0
09-MAY-2026,FDE1630,0,0,0,0,0,0,0,0,0,0,1,0,0
09-MAY-2026,FDE443,0,0,0,0,0,0,0,0,0,0,1,0,0
09-MAY-2026,FDI026,0,0,0,0,0,0,0,0,0,0,1,0,0
