09-MAY-2026,01241,0,0,0,0,0,0,0,0,0,0,2,0,0
09-MAY-2026,11O02,0,0,0,0,0,0,0,0,0,0,1,0,0
09-MAY-2026,18R32,0,0,0,0,0,0,0,0,0,0,1,0,0
09-MAY-2026,55S02,0,0,0,0,0,0,0,0,0,0,1,0,0
09-MAY-2026,55S03,0,0,0,0,0,0,0,0,0,0,1,0,0
09-MAY-2026,60A03,0,0,0,0,0,0,0,0,0,0,1,0,0
09-MAY-2026,60A04,0,0,0,0,0,0,0,0,0,0,1,0,0
09-MAY-2026,60A05,0,0,0,0,0,0,0,0,0,0,1,0,0
09-MAY-2026,60A06,0,0,0,0,0,0,0,0,0,0,1,0,0
09-MAY-2026,60A07,0,0,0,0,0,0,0,0,0,0,1,0,0
09-MAY-2026,60A09,0,0,0,0,0,0,0,0,0,0,1,0,0
09-MAY-2026,60A10,0,0,0,0,0,0,0,0,0,0,1,0,0
09-MAY-2026,60B04,0,0,0,0,0,0,0,0,0,0,1,0,0
09-MAY-2026,60B05,0,0,0,0,0,0,0,0,0,0,1,0,0
09-MAY-2026,60B06,0,0,0,0,0,0,0,0,0,0,1,0,0
09-MAY-2026,60B07,0,0,0,0,0,0,0,0,0,0,1,0,0
09-MAY-2026,60B10,0,0,0,0,0,0,0,0,0,0,1,0,0
09-MAY-2026,60B11,0,0,0,0,0,0,0,0,0,0,1,0,0
09-MAY-2026,60B12,0,0,0,0,0,0,0,0,0,0,1,0,0
09-MAY-2026,60C01,0,0,0,0,0,0,0,0,0,0,1,0,0
09-MAY-2026,60C03,0,0,0,0,0,0,0,0,0,0,1,0,0
09-MAY-2026,60C04,0,0,0,0,0,0,0,0,0,0,1,0,0
09-MAY-2026,60C07,0,0,0,0,0,0,0,0,0,0,1,0,0
09-MAY-2026,60D02,0,0,0,0,0,0,0,0,0,0,1,0,0
09-MAY-2026,60E12,0,0,0,0,0,0,0,0,0,0,1,0,0
09-MAY-2026,60ER02,0,0,0,0,0,0,0,0,0,0,1,0,0
09-MAY-2026,60G01,2003973.89,0,2003973.89,186315.5,0,0,0,0,0,0,1,0,0
09-MAY-2026,60G05,0,0,0,0,0,0,0,0,0,0,1,0,0
09-MAY-2026,60G06,0,0,0,0,0,0,0,0,0,0,1,0,0
09-MAY-2026,60H03,0,0,0,0,0,0,0,0,0,0,1,0,0
09-MAY-2026,60H05,0,0,0,0,0,0,0,0,0,0,1,0,0
09-MAY-2026,60H06,0,0,0,0,0,0,0,0,0,0,1,0,0
09-MAY-2026,60I01,0,0,0,0,0,0,0,0,0,0,1,0,0
09-MAY-2026,60K09,0,0,0,0,0,0,0,0,0,0,1,0,0
09-MAY-2026,60K10,0,0,0,0,0,0,0,0,0,0,1,0,0
09-MAY-2026,60K11,0,0,0,0,0,0,0,0,0,0,1,0,0
09-MAY-2026,60K12,0,0,0,0,0,0,0,0,0,0,1,0,0
09-MAY-2026,60K14,0,0,0,0,0,0,0,0,0,0,1,0,0
09-MAY-2026,60K15,0,0,0,0,0,0,0,0,0,0,1,0,0
09-MAY-2026,60K16,0,0,0,0,0,0,0,0,0,0,1,0,0
09-MAY-2026,60K17,0,0,0,0,0,0,0,0,0,0,1,0,0
09-MAY-2026,60K19,0,0,0,0,0,0,0,0,0,0,1,0,0
09-MAY-2026,60K20,0,0,0,0,0,0,0,0,0,0,1,0,0
09-MAY-2026,60L03,0,0,0,0,0,0,0,0,0,0,1,0,0
09-MAY-2026,60L04,0,0,0,0,0,0,0,0,0,0,1,0,0
09-MAY-2026,60M02,0,0,0,0,0,0,0,0,0,0,1,0,0
09-MAY-2026,60M04,0,0,0,0,0,0,0,0,0,0,1,0,0
09-MAY-2026,60M05,0,0,0,0,0,0,0,0,0,0,1,0,0
09-MAY-2026,60N04,0,0,0,0,0,0,0,0,0,0,1,0,0
09-MAY-2026,60N05,0,0,0,0,0,0,0,0,0,0,1,0,0
09-MAY-2026,60N06,0,0,0,0,0,0,0,0,0,0,1,0,0
09-MAY-2026,60N07,0,0,0,0,0,0,0,0,0,0,1,0,0
09-MAY-2026,60N08,0,0,0,0,0,0,0,0,0,0,1,0,0
09-MAY-2026,60P04,0,0,0,0,0,0,0,0,0,0,1,0,0
09-MAY-2026,60P05,0,0,0,0,0,0,0,0,0,0,1,0,0
09-MAY-2026,60P06,0,0,0,0,0,0,0,0,0,0,1,0,0
09-MAY-2026,60P07,0,0,0,0,0,0,0,0,0,0,1,0,0
09-MAY-2026,60P08,0,0,0,0,0,0,0,0,0,0,1,0,0
09-MAY-2026,60P09,0,0,0,0,0,0,0,0,0,0,1,0,0
09-MAY-2026,60P11,0,0,0,0,0,0,0,0,0,0,1,0,0
09-MAY-2026,60P12,0,0,0,0,0,0,0,0,0,0,1,0,0
09-MAY-2026,60P13,0,0,0,0,0,0,0,0,0,0,1,0,0
09-MAY-2026,60R02,0,0,0,0,0,0,0,0,0,0,1,0,0
09-MAY-2026,60R03,0,0,0,0,0,0,0,0,0,0,1,0,0
09-MAY-2026,60R04,0,0,0,0,0,0,0,0,0,0,1,0,0
09-MAY-2026,60S01,0,0,0,0,0,0,0,0,0,0,1,0,0
09-MAY-2026,60S05,0,0,0,0,0,0,0,0,0,0,1,0,0
09-MAY-2026,60S09,0,0,0,0,0,0,0,0,0,0,1,0,0
09-MAY-2026,60S10,0,0,0,0,0,0,0,0,0,0,1,0,0
09-MAY-2026,60S11,0,0,0,0,0,0,0,0,0,0,1,0,0
09-MAY-2026,60S12,0,0,0,0,0,0,0,0,0,0,1,0,0
09-MAY-2026,60S13,0,0,0,0,0,0,0,0,0,0,1,0,0
09-MAY-2026,60S15,0,0,0,0,0,0,0,0,0,0,1,0,0
09-MAY-2026,60S16,0,0,0,0,0,0,0,0,0,0,1,0,0
09-MAY-2026,60S17,0,0,0,0,0,0,0,0,0,0,1,0,0
09-MAY-2026,60S18,0,0,0,0,0,0,0,0,0,0,1,0,0
09-MAY-2026,60S19,0,0,0,0,0,0,0,0,0,0,1,0,0
09-MAY-2026,60S20,0,0,0,0,0,0,0,0,0,0,1,0,0
09-MAY-2026,60T01,0,0,0,0,0,0,0,0,0,0,1,0,0
09-MAY-2026,60U01,0,0,0,0,0,0,0,0,0,0,1,0,0
09-MAY-2026,60U02,0,0,0,0,0,0,0,0,0,0,1,0,0
09-MAY-2026,60V02,0,0,0,0,0,0,0,0,0,0,1,0,0
09-MAY-2026,60V04,0,0,0,0,0,0,0,0,0,0,1,0,0
09-MAY-2026,60Z01,0,0,0,0,0,0,0,0,0,0,1,0,0
09-MAY-2026,A31,0,0,0,0,0,0,0,0,0,0,1,0,0
09-MAY-2026,A32,540101.49,0,540101.49,44385,0,0,0,0,0,0,1,0,0
09-MAY-2026,A43,6256232.44,0,6256232.44,531279,0,0,0,0,0,0,1,0,0
09-MAY-2026,A436,135281.49,0,135281.49,10650,0,0,0,0,0,0,1,0,0
09-MAY-2026,A632,269880,0,269880,22490,0,0,0,0,0,0,1,0,0
09-MAY-2026,AM17,0,0,0,0,0,0,0,0,0,0,1,0,0
09-MAY-2026,B207,0,0,0,0,0,0,0,0,0,0,1,0,0
09-MAY-2026,B333,0,0,0,0,0,0,0,0,0,0,1,0,0
09-MAY-2026,BA01,0,0,0,0,0,0,0,0,0,0,1,0,0
09-MAY-2026,BG16,0,0,0,0,0,0,0,0,0,0,1,0,0
09-MAY-2026,C08,0,0,0,0,0,0,0,0,0,0,1,0,0
09-MAY-2026,D127,0,0,0,0,0,0,0,0,0,0,1,0,0
09-MAY-2026,D228,0,0,0,0,0,0,0,0,0,0,1,0,0
09-MAY-2026,D260,42276,0,42276,3523,0,0,0,0,0,0,1,0,0
09-MAY-2026,D551,0,0,0,0,0,0,0,0,0,0,1,0,0
09-MAY-2026,G195,0,0,0,0,0,0,0,0,0,0,1,0,0
09-MAY-2026,G26,0,0,0,0,0,0,0,0,0,0,1,0,0
09-MAY-2026,IH159,69132,0,69132,5761,0,0,0,0,0,0,1,0,0
09-MAY-2026,IH511,680712,0,680712,56726,0,0,0,0,0,0,1,0,0
09-MAY-2026,J121,0,0,0,0,0,0,0,0,0,0,1,0,0
09-MAY-2026,J36,1026754.92,0,1026754.92,89616.5,0,0,0,0,0,0,1,0,0
09-MAY-2026,K35,667200,0,667200,55600,0,0,0,0,0,0,1,0,0
09-MAY-2026,M166,948516,0,948516,79043,0,0,0,0,0,0,1,0,0
09-MAY-2026,M204,0,0,0,0,0,0,0,0,0,0,1,0,0
09-MAY-2026,M608,0,0,0,0,0,0,0,0,0,0,1,0,0
09-MAY-2026,M632,0,0,0,0,0,0,0,0,0,0,1,0,0
09-MAY-2026,M67,0,0,0,0,0,0,0,0,0,0,1,0,0
09-MAY-2026,M675,0,0,0,0,0,0,0,0,0,0,1,0,0
09-MAY-2026,M696,0,0,0,0,0,0,0,0,0,0,1,0,0
09-MAY-2026,M709,0,0,0,0,0,0,0,0,0,0,1,0,0
09-MAY-2026,M714,2015533.89,0,2015533.89,162973.5,0,0,0,0,0,0,1,0,0
09-MAY-2026,M91,253624.5,0,253624.5,47161,0,0,0,0,0,0,1,0,0
09-MAY-2026,N103,1690164.86,0,1690164.86,134612.5,0,0,0,0,0,0,1,0,0
09-MAY-2026,N108,67640.74,0,67640.74,5325,0,0,0,0,0,0,1,0,0
09-MAY-2026,N305,674700,0,674700,56225,0,0,0,0,0,0,1,0,0
09-MAY-2026,N328,0,0,0,0,0,0,0,0,0,0,1,0,0
09-MAY-2026,NH112,187251,0,187251,14035,0,0,0,0,0,0,1,0,0
09-MAY-2026,O49,67640.74,0,67640.74,5325,0,0,0,0,0,0,1,0,0
09-MAY-2026,O55,0,0,0,0,0,0,0,0,0,0,1,0,0
09-MAY-2026,P10,300713.4,0,300713.4,24405,0,0,0,0,0,0,1,0,0
09-MAY-2026,P102,1275042.31,0,1275042.31,106927,0,0,0,0,0,0,1,0,0
09-MAY-2026,P178,0,0,0,0,0,0,0,0,0,0,1,0,0
09-MAY-2026,P213,0,0,0,0,0,0,0,0,0,0,1,0,0
09-MAY-2026,P231,1044158.37,0,1044158.37,70800,0,0,0,0,0,0,1,0,0
09-MAY-2026,P378,0,0,0,0,0,0,0,0,0,0,1,0,0
09-MAY-2026,P397,944580,0,944580,78715,0,0,0,0,0,0,1,0,0
09-MAY-2026,P399,2029222.29,0,2029222.29,159750,0,0,0,0,0,0,1,0,0
09-MAY-2026,P402,0,0,0,0,0,0,0,0,0,0,1,0,0
09-MAY-2026,P419,0,0,0,0,0,0,0,0,0,0,1,0,0
09-MAY-2026,P432,0,0,0,0,0,0,0,0,0,0,1,0,0
09-MAY-2026,P447,676407.43,0,676407.43,53250,0,0,0,0,0,0,1,0,0
09-MAY-2026,P57,85669.37,0,85669.37,11086,0,0,0,0,0,0,1,0,0
09-MAY-2026,P67,0,0,0,0,0,0,0,0,0,0,1,0,0
09-MAY-2026,R176,0,0,0,0,0,0,0,0,0,0,1,0,0
09-MAY-2026,R324,0,0,0,0,0,0,0,0,0,0,1,0,0
09-MAY-2026,R393,828749.39,0,828749.39,64791,0,0,0,0,0,0,1,0,0
09-MAY-2026,R695,0,0,0,0,0,0,0,0,0,0,1,0,0
09-MAY-2026,R780,1308402,0,1308402,109033.5,0,0,0,0,0,0,1,0,0
09-MAY-2026,R806,0,0,0,0,0,0,0,0,0,0,1,0,0
09-MAY-2026,R852,0,0,0,0,0,0,0,0,0,0,1,0,0
09-MAY-2026,R855,0,0,0,0,0,0,0,0,0,0,1,0,0
09-MAY-2026,S15,5417898.74,0,5417898.74,448585,0,0,0,0,0,0,1,0,0
09-MAY-2026,S1515,0,0,0,0,0,0,0,0,0,0,1,0,0
09-MAY-2026,S1525,4403992.29,0,4403992.29,357647.5,0,0,0,0,0,0,1,0,0
09-MAY-2026,S1582,3073778.25,0,3073778.25,256070,0,0,0,0,0,0,1,0,0
09-MAY-2026,S182,0,0,0,0,0,0,0,0,0,0,1,0,0
09-MAY-2026,S192,0,0,0,0,0,0,0,0,0,0,1,0,0
09-MAY-2026,S257,0,0,0,0,0,0,0,0,0,0,1,0,0
09-MAY-2026,S31,0,0,0,0,0,0,0,0,0,0,1,0,0
09-MAY-2026,S365,0,0,0,0,0,0,0,0,0,0,1,0,0
09-MAY-2026,S378,135281.49,0,135281.49,10650,0,0,0,0,0,0,1,0,0
09-MAY-2026,S423,543696,0,543696,45308,0,0,0,0,0,0,1,0,0
09-MAY-2026,S425,1088142,0,1088142,90678.5,0,0,0,0,0,0,1,0,0
09-MAY-2026,S480,0,0,0,0,0,0,0,0,0,0,1,0,0
09-MAY-2026,S542,0,0,0,0,0,0,0,0,0,0,1,0,0
09-MAY-2026,S742,0,0,0,0,0,0,0,0,0,0,1,0,0
09-MAY-2026,S982,0,0,0,0,0,0,0,0,0,0,1,0,0
09-MAY-2026,S995,0,0,0,0,0,0,0,0,0,0,1,0,0
09-MAY-2026,SP427,0,0,0,0,0,0,0,0,0,0,1,0,0
09-MAY-2026,V255,214218,0,214218,17851.5,0,0,0,0,0,0,1,0,0
09-MAY-2026,V260,0,0,0,0,0,0,0,0,0,0,1,0,0
09-MAY-2026,V303,902140.21,0,902140.21,73215,0,0,0,0,0,0,1,0,0
09-MAY-2026,V70,1352814.86,0,1352814.86,106500,0,0,0,0,0,0,1,0,0
09-MAY-2026,WA00232,0,0,0,0,0,0,0,0,0,0,1,0,0
09-MAY-2026,WA00233,0,0,0,0,0,0,0,0,0,0,1,0,0
09-MAY-2026,WA00239,87013.2,0,87013.2,5900,0,0,0,0,0,0,1,0,0
09-MAY-2026,WA00281,0,0,0,0,0,0,0,0,0,0,1,0,0
09-MAY-2026,WA0045,0,0,0,0,0,0,0,0,0,0,1,0,0
09-MAY-2026,WA00455,154794,0,154794,12899.5,0,0,0,0,0,0,1,0,0
09-MAY-2026,WA0075,0,0,0,0,0,0,0,0,0,0,1,0,0
09-MAY-2026,WA0080,0,0,0,0,0,0,0,0,0,0,1,0,0
09-MAY-2026,WA1083,67470,0,67470,5622.5,0,0,0,0,0,0,1,0,0
09-MAY-2026,WA1093,0,0,0,0,0,0,0,0,0,0,1,0,0
09-MAY-2026,WA1123,0,0,0,0,0,0,0,0,0,0,1,0,0
09-MAY-2026,WA1239,584946,0,584946,48745.5,0,0,0,0,0,0,1,0,0
09-MAY-2026,WA1253,0,0,0,0,0,0,0,0,0,0,1,0,0
09-MAY-2026,WA1257,207396,0,207396,17283,0,0,0,0,0,0,1,0,0
09-MAY-2026,WA1259,269880,0,269880,22490,0,0,0,0,0,0,1,0,0
09-MAY-2026,WA1260,0,0,0,0,0,0,0,0,0,0,1,0,0
09-MAY-2026,WA1268,0,0,0,0,0,0,0,0,0,0,1,0,0
09-MAY-2026,WA1269,795018,0,795018,66251.5,0,0,0,0,0,0,1,0,0
09-MAY-2026,WA1301,67640.74,0,67640.74,5325,0,0,0,0,0,0,1,0,0
09-MAY-2026,WA1312,67640.74,0,67640.74,5325,0,0,0,0,0,0,1,0,0
09-MAY-2026,WA1314,0,0,0,0,0,0,0,0,0,0,1,0,0
09-MAY-2026,Y51,67470,0,67470,5622.5,0,0,0,0,0,0,1,0,0
09-MAY-2026,Y55,0,0,0,0,0,0,0,0,0,0,1,0,0
