09-MAY-2026,00376,6684757,0,6684757,814190,0,0,0,0,0,0,2,0,0
09-MAY-2026,A03606,2575146.3,0,2575146.3,214250,0,0,23680,0,0,0,1,0,0
09-MAY-2026,A13243,0,0,0,0,0,0,0,0,0,0,1,0,0
09-MAY-2026,ANJM001,0,0,0,0,0,0,0,0,0,0,1,0,0
09-MAY-2026,ANJM003,0,0,0,0,0,0,0,0,0,0,1,0,0
09-MAY-2026,ANJM009,0,0,0,0,0,0,0,0,0,0,1,0,0
09-MAY-2026,ANJM018,0,0,0,0,0,0,0,0,0,0,1,0,0
09-MAY-2026,ANJM022,0,0,0,0,0,0,0,0,0,0,1,0,0
09-MAY-2026,BUL001,0,0,0,0,0,0,0,0,0,0,1,0,0
09-MAY-2026,D4650,0,0,0,0,0,0,0,0,0,0,1,0,0
09-MAY-2026,D6084,0,0,0,0,0,0,0,0,0,0,1,0,0
09-MAY-2026,DFS10816,142812,0,142812,11901,0,0,0,0,0,0,1,0,0
09-MAY-2026,DFS356,0,0,0,0,0,0,0,0,0,0,1,0,0
09-MAY-2026,DLY001,0,0,0,0,0,0,0,0,0,0,1,0,0
09-MAY-2026,E201,5262660,0,5262660,438555,0,0,0,0,0,0,1,0,0
09-MAY-2026,G0280,0,0,0,0,0,0,0,0,0,0,1,0,0
09-MAY-2026,G2888,0,0,0,0,0,0,0,0,0,0,1,0,0
09-MAY-2026,H0185,0,0,0,0,0,0,0,0,0,0,1,0,0
09-MAY-2026,H1332,0,0,0,0,0,0,0,0,0,0,1,0,0
09-MAY-2026,H1918,4212950.16,0,4212950.16,343131,0,0,0,0,0,0,1,0,0
09-MAY-2026,H8723,0,0,0,0,0,0,0,0,0,0,1,0,0
09-MAY-2026,HBP002,0,0,0,0,0,0,0,0,0,0,1,0,0
09-MAY-2026,I170,87013.2,0,87013.2,5900,0,0,0,0,0,0,1,0,0
09-MAY-2026,JPL002,0,0,0,0,0,0,0,0,0,0,1,0,0
09-MAY-2026,JPL003,157866,0,157866,13155.5,0,0,0,0,0,0,1,0,0
09-MAY-2026,JPL044,0,0,0,0,0,0,0,0,0,0,1,0,0
09-MAY-2026,JPL195,0,0,0,0,0,0,0,0,0,0,1,0,0
09-MAY-2026,K5418,0,0,0,0,0,0,0,0,0,0,1,0,0
09-MAY-2026,K6172,0,0,0,0,0,0,0,0,0,0,1,0,0
09-MAY-2026,K6323,0,0,0,0,0,0,0,0,0,0,1,0,0
09-MAY-2026,K6326,0,0,0,0,0,0,0,0,0,0,1,0,0
09-MAY-2026,KDG013,0,0,0,0,0,0,0,0,0,0,1,0,0
09-MAY-2026,KTK019,0,0,0,0,0,0,0,0,0,0,1,0,0
09-MAY-2026,KTK027,0,0,0,0,0,0,0,0,0,0,1,0,0
09-MAY-2026,KTK048,0,0,0,0,0,0,0,0,0,0,1,0,0
09-MAY-2026,KTK052,0,0,0,0,0,0,0,0,0,0,1,0,0
09-MAY-2026,KTK053,0,0,0,0,0,0,0,0,0,0,1,0,0
09-MAY-2026,KTK057,0,0,0,0,0,0,0,0,0,0,1,0,0
09-MAY-2026,KTK14,0,0,0,0,0,0,0,0,0,0,1,0,0
09-MAY-2026,M022,0,0,0,0,0,0,0,0,0,0,1,0,0
09-MAY-2026,M1588,6858600.58,0,6858600.58,605540,0,0,23680,0,0,0,1,0,0
09-MAY-2026,M379,0,0,0,0,0,0,0,0,0,0,1,0,0
09-MAY-2026,MHM050,0,0,0,0,0,0,0,0,0,0,1,0,0
09-MAY-2026,MHM090,0,0,0,0,0,0,0,0,0,0,1,0,0
09-MAY-2026,MID008,0,0,0,0,0,0,0,0,0,0,1,0,0
09-MAY-2026,N00845,0,0,0,0,0,0,0,0,0,0,1,0,0
09-MAY-2026,N0323,75546,0,75546,6295.5,0,0,0,0,0,0,1,0,0
09-MAY-2026,N930,0,0,0,0,0,0,0,0,0,0,1,0,0
09-MAY-2026,N9823,0,0,0,0,0,0,0,0,0,0,1,0,0
09-MAY-2026,NJM03,0,0,0,0,0,0,0,0,0,0,1,0,0
09-MAY-2026,NK001,0,0,0,0,0,0,0,0,0,0,1,0,0
09-MAY-2026,NK002,1759512,0,1759512,146626,0,0,0,0,0,0,1,0,0
09-MAY-2026,P07274,0,0,0,0,0,0,0,0,0,0,1,0,0
09-MAY-2026,P1637,0,0,0,0,0,0,0,0,0,0,1,0,0
09-MAY-2026,P1662,0,0,0,0,0,0,0,0,0,0,1,0,0
09-MAY-2026,P22698,0,0,0,0,0,0,0,0,0,0,1,0,0
09-MAY-2026,P344,429354.43,0,429354.43,43898,0,0,0,0,0,0,1,0,0
09-MAY-2026,P5177,0,0,0,0,0,0,0,0,0,0,1,0,0
09-MAY-2026,P6825,0,0,0,0,0,0,0,0,0,0,1,0,0
09-MAY-2026,P9327,0,0,0,0,0,0,0,0,0,0,1,0,0
09-MAY-2026,PLP2037,0,0,0,0,0,0,0,0,0,0,1,0,0
09-MAY-2026,PVT001,34236,0,34236,2853,0,0,0,0,0,0,1,0,0
09-MAY-2026,PVT004,0,0,0,0,0,0,0,0,0,0,1,0,0
09-MAY-2026,PVT008,0,0,0,0,0,0,0,0,0,0,1,0,0
09-MAY-2026,PVT021,0,0,0,0,0,0,0,0,0,0,1,0,0
09-MAY-2026,R04735,71406,0,71406,5950.5,0,0,0,0,0,0,1,0,0
09-MAY-2026,R09272,0,0,0,0,0,0,0,0,0,0,1,0,0
09-MAY-2026,R09386,676733.13,0,676733.13,46625,0,0,0,0,0,0,1,0,0
09-MAY-2026,RD9090,0,0,0,0,0,0,0,0,0,0,1,0,0
09-MAY-2026,RIV033,0,0,0,0,0,0,0,0,0,0,1,0,0
09-MAY-2026,RIV055,0,0,0,0,0,0,0,0,0,0,1,0,0
09-MAY-2026,RJG2000,0,0,0,0,0,0,0,0,0,0,1,0,0
09-MAY-2026,RMO006,0,0,0,0,0,0,0,0,0,0,1,0,0
09-MAY-2026,RMO033,0,0,0,0,0,0,0,0,0,0,1,0,0
09-MAY-2026,RTZ004,0,0,0,0,0,0,0,0,0,0,1,0,0
09-MAY-2026,RTZ010,0,0,0,0,0,0,0,0,0,0,1,0,0
09-MAY-2026,RTZ019,0,0,0,0,0,0,0,0,0,0,1,0,0
09-MAY-2026,RTZ030,0,0,0,0,0,0,0,0,0,0,1,0,0
09-MAY-2026,S06559,0,0,0,0,0,0,0,0,0,0,1,0,0
09-MAY-2026,S19653,0,0,0,0,0,0,0,0,0,0,1,0,0
09-MAY-2026,S2200,129452,0,129452,11874.5,0,0,0,0,0,0,1,0,0
09-MAY-2026,S25826,1305197.96,0,1305197.96,88500,0,0,0,0,0,0,1,0,0
09-MAY-2026,S5189,0,0,0,0,0,0,0,0,0,0,1,0,0
09-MAY-2026,SGD641,0,0,0,0,0,0,0,0,0,0,1,0,0
09-MAY-2026,SGD735,0,0,0,0,0,0,0,0,0,0,1,0,0
09-MAY-2026,SWN018,34236,0,34236,2853,0,0,0,0,0,0,1,0,0
09-MAY-2026,SWR01,0,0,0,0,0,0,0,0,0,0,1,0,0
09-MAY-2026,SWR04,0,0,0,0,0,0,0,0,0,0,1,0,0
09-MAY-2026,T2718,0,0,0,0,0,0,0,0,0,0,1,0,0
09-MAY-2026,UNJA080,10083592.91,0,10083592.91,882591.5,0,0,0,0,0,0,1,0,0
09-MAY-2026,VBG082,0,0,0,0,0,0,0,0,0,0,1,0,0
09-MAY-2026,VMD016,0,0,0,0,0,0,0,0,0,0,1,0,0
