09-MAY-2026,AA5236,245432.40,0.00,245432.40,17750.50,C
09-MAY-2026,AA5721,73314.00,0.00,73314.00,6109.50,C
09-MAY-2026,AB10849,1073798.40,0.00,1073798.40,217019.00,C
09-MAY-2026,AB15719,8715915.61,0.00,8715915.61,723708.50,C
09-MAY-2026,AB3126,162960.00,0.00,162960.00,13580.00,C
09-MAY-2026,AG3911,5874870.00,0.00,5874870.00,489572.50,C
09-MAY-2026,AH1253,73314.00,0.00,73314.00,6109.50,C
09-MAY-2026,AJ3816,870131.98,0.00,870131.98,59000.00,C
09-MAY-2026,AJ7034,758130.00,0.00,758130.00,63177.50,C
09-MAY-2026,AK29711,148176.00,0.00,148176.00,12348.00,C
09-MAY-2026,AM16802,40740.00,0.00,40740.00,3395.00,C
09-MAY-2026,AR202,146628.00,0.00,146628.00,12219.00,C
09-MAY-2026,AS15249,740880.00,0.00,740880.00,61740.00,C
09-MAY-2026,AS2025,0.00,0.00,0.00,19550.00,C
09-MAY-2026,AT2910,67640.74,0.00,67640.74,5325.00,C
09-MAY-2026,AV4546,34566.00,0.00,34566.00,2880.50,C
09-MAY-2026,BA1251,461964.00,0.00,461964.00,38497.00,C
09-MAY-2026,BJ1897,68184.00,0.00,68184.00,17046.00,C
09-MAY-2026,BR3543,305128.97,0.00,305128.97,24180.50,C
09-MAY-2026,CK1551,34236.00,0.00,34236.00,2853.00,C
09-MAY-2026,CL416,391920.00,0.00,391920.00,33360.00,C
09-MAY-2026,DC1658,323640.00,0.00,323640.00,26970.00,C
09-MAY-2026,DD204,1008072.00,0.00,1008072.00,107556.00,C
09-MAY-2026,DG9523,6082544.58,0.00,6082544.58,488175.00,C
09-MAY-2026,DP6404,623384.40,0.00,623384.40,49246.50,C
09-MAY-2026,DV568,68472.00,0.00,68472.00,9406.00,C
09-MAY-2026,GG2060,428436.00,0.00,428436.00,45603.00,C
09-MAY-2026,JF271,219942.00,0.00,219942.00,18328.50,C
09-MAY-2026,JG2712,69132.00,0.00,69132.00,5761.00,C
09-MAY-2026,JS6133,103368.00,0.00,103368.00,12714.00,C
09-MAY-2026,KA6766,71406.00,0.00,71406.00,5950.50,C
09-MAY-2026,KD3281,169176.00,0.00,169176.00,14098.00,C
09-MAY-2026,KG3651,67640.74,0.00,67640.74,5325.00,C
09-MAY-2026,KG4841,100237.80,0.00,100237.80,8135.00,C
09-MAY-2026,KH412,67640.74,0.00,67640.74,5325.00,C
09-MAY-2026,KI427,7797294.00,0.00,7797294.00,1111374.50,C
09-MAY-2026,KP4671,196350.30,0.00,196350.30,16130.00,C
09-MAY-2026,KR10641,98175.15,0.00,98175.15,8065.00,C
09-MAY-2026,LB372,122220.00,0.00,122220.00,10185.00,C
09-MAY-2026,LB793,102708.00,0.00,102708.00,8559.00,C
09-MAY-2026,LG1015,138264.00,0.00,138264.00,11522.00,C
09-MAY-2026,LS3111,103698.00,0.00,103698.00,8641.50,C
09-MAY-2026,MA4902,67640.74,0.00,67640.74,5325.00,C
09-MAY-2026,MA635,73314.00,0.00,73314.00,6109.50,C
09-MAY-2026,MB13030,87013.20,0.00,87013.20,5900.00,C
09-MAY-2026,MB2938,26084.00,0.00,26084.00,3260.50,C
09-MAY-2026,MJ4930,1383798.00,0.00,1383798.00,115316.50,C
09-MAY-2026,MJ5308,84552.00,0.00,84552.00,7046.00,C
09-MAY-2026,MJ5449,3284676.00,0.00,3284676.00,273723.00,C
09-MAY-2026,MT2606,11567270.79,0.00,11567270.79,952440.00,C
09-MAY-2026,MT4235,34566.00,0.00,34566.00,2880.50,C
09-MAY-2026,MT764,6723237.39,0.00,6723237.39,616860.00,C
09-MAY-2026,MV3276,87013.20,0.00,87013.20,5900.00,C
09-MAY-2026,NK6080,42276.00,0.00,42276.00,3923.00,C
09-MAY-2026,NM2328,247692.00,0.00,247692.00,25841.00,C
09-MAY-2026,NM4499,340856.23,0.00,340856.23,27469.50,C
09-MAY-2026,NV1976,34566.00,0.00,34566.00,2880.50,C
09-MAY-2026,PD1243,93380.91,0.00,93380.91,8503.00,C
09-MAY-2026,PD4177,392700.60,0.00,392700.60,32260.00,C
09-MAY-2026,PG10731,40740.00,0.00,40740.00,20895.00,C
09-MAY-2026,PH1265,177048.00,0.00,177048.00,14754.00,C
09-MAY-2026,PJ3797,607571.49,0.00,607571.49,53757.50,C
09-MAY-2026,PJ4778,879768.00,0.00,879768.00,73314.00,C
09-MAY-2026,PM7355,69132.00,0.00,69132.00,5761.00,C
09-MAY-2026,PP5712,0.00,0.00,0.00,5800.00,C
09-MAY-2026,PP9324,105328.00,0.00,105328.00,13166.00,C
09-MAY-2026,PR3676,337350.00,0.00,337350.00,28112.50,C
09-MAY-2026,PR5740,428436.00,0.00,428436.00,35703.00,C
09-MAY-2026,RB18804,135281.49,0.00,135281.49,10650.00,C
09-MAY-2026,RG17347,748351.72,0.00,748351.72,60804.00,C
09-MAY-2026,RK10097,285624.00,0.00,285624.00,23802.00,C
09-MAY-2026,RK20820,142812.00,0.00,142812.00,11901.00,C
09-MAY-2026,RK20891,785424.00,0.00,785424.00,82403.00,C
09-MAY-2026,RK26670,52096.50,0.00,52096.50,8614.00,C
09-MAY-2026,RL1929,2832492.00,0.00,2832492.00,236041.00,C
09-MAY-2026,RL2689,100237.80,0.00,100237.80,8135.00,C
09-MAY-2026,RM9798,68472.00,0.00,68472.00,5706.00,C
09-MAY-2026,RN11775,84552.00,0.00,84552.00,7046.00,C
09-MAY-2026,RN13891,69132.00,0.00,69132.00,5761.00,C
09-MAY-2026,RP8053,74088.00,0.00,74088.00,6174.00,C
09-MAY-2026,RR7306,100237.80,0.00,100237.80,16885.00,C
09-MAY-2026,RS14093,0.00,0.00,0.00,300.00,C
09-MAY-2026,RS5472,40740.00,0.00,40740.00,3395.00,C
09-MAY-2026,SA17318,1245770.01,0.00,1245770.01,288944.50,C
09-MAY-2026,SC8481,34236.00,0.00,34236.00,2853.00,C
09-MAY-2026,SF428,172830.00,0.00,172830.00,14402.50,C
09-MAY-2026,SI2599,376596.00,0.00,376596.00,31383.00,C
09-MAY-2026,SJ11749,161101.20,0.00,161101.20,12074.00,C
09-MAY-2026,SJ9394,69132.00,0.00,69132.00,5761.00,C
09-MAY-2026,SK27604,172830.00,0.00,172830.00,14402.50,C
09-MAY-2026,SM17964,101706.00,0.00,101706.00,8475.50,C
09-MAY-2026,SM19975,87013.20,0.00,87013.20,5900.00,C
09-MAY-2026,SR12181,0.00,0.00,0.00,24300.00,C
09-MAY-2026,SS107150,199292.00,0.00,199292.00,18802.00,C
09-MAY-2026,TC164,655764.00,0.00,655764.00,54647.00,C
09-MAY-2026,TM2108,337350.00,0.00,337350.00,28112.50,C
09-MAY-2026,UK1313,34566.00,0.00,34566.00,2880.50,C
09-MAY-2026,VA3557,202922.23,0.00,202922.23,15975.00,C
09-MAY-2026,VB1366,135281.49,0.00,135281.49,10650.00,C
09-MAY-2026,VK5657,1374452.09,0.00,1374452.09,112910.00,C
09-MAY-2026,VL999,887796.00,0.00,887796.00,73983.00,C
09-MAY-2026,VM3537,1079520.00,0.00,1079520.00,89960.00,C
09-MAY-2026,VP6262,104336.00,0.00,104336.00,13042.00,C
09-MAY-2026,VP8291,0.00,0.00,0.00,2853.00,C
09-MAY-2026,VS7551,1314432.00,0.00,1314432.00,111736.00,C
09-MAY-2026,VS9688,0.00,0.00,0.00,3000.00,C
09-MAY-2026,YG597,67640.74,0.00,67640.74,5325.00,C
