09-MAY-2026,01296,21104209.68,0,21104209.68,1776894.5,0,0,0,0,0,0,2,0,0
09-MAY-2026,18H1,0,0,0,0,0,0,0,0,0,0,1,0,0
09-MAY-2026,20H1,0,0,0,0,0,0,0,0,0,0,1,0,0
09-MAY-2026,29H4,0,0,0,0,0,0,0,0,0,0,1,0,0
09-MAY-2026,AP27,0,0,0,0,0,0,0,0,0,0,1,0,0
09-MAY-2026,APL02,0,0,0,0,0,0,0,0,0,0,1,0,0
09-MAY-2026,APR16,0,0,0,0,0,0,0,0,0,0,1,0,0
09-MAY-2026,APR23,0,0,0,0,0,0,0,0,0,0,1,0,0
09-MAY-2026,DBS1023,0,0,0,0,0,0,0,0,0,0,1,0,0
09-MAY-2026,DBS1438,0,0,0,0,0,0,0,0,0,0,1,0,0
09-MAY-2026,DBS1809,0,0,0,0,0,0,0,0,0,0,1,0,0
09-MAY-2026,DBS2048,0,0,0,0,0,0,0,0,0,0,1,0,0
09-MAY-2026,DBS2479,0,0,0,0,0,0,0,0,0,0,1,0,0
09-MAY-2026,DBS3665,0,0,0,0,0,0,0,0,0,0,1,0,0
09-MAY-2026,DBS4050,0,0,0,0,0,0,0,0,0,0,1,0,0
09-MAY-2026,DBS4270,0,0,0,0,0,0,0,0,0,0,1,0,0
09-MAY-2026,DBS5358,0,0,0,0,0,0,0,0,0,0,1,0,0
09-MAY-2026,DBS5858,0,0,0,0,0,0,0,0,0,0,1,0,0
09-MAY-2026,DBS6390,0,0,0,0,0,0,0,0,0,0,1,0,0
09-MAY-2026,DBS6694,0,0,0,0,0,0,0,0,0,0,1,0,0
09-MAY-2026,DBS6702,0,0,0,0,0,0,0,0,0,0,1,0,0
09-MAY-2026,DBS7018,0,0,0,0,0,0,0,0,0,0,1,0,0
09-MAY-2026,DBS7156,0,0,0,0,0,0,0,0,0,0,1,0,0
09-MAY-2026,DBS7481,0,0,0,0,0,0,0,0,0,0,1,0,0
09-MAY-2026,DBS7545,811552.79,0,811552.79,62225,0,0,0,0,0,0,1,0,0
09-MAY-2026,DBS7754,0,0,0,0,0,0,0,0,0,0,1,0,0
09-MAY-2026,DBS8061,0,0,0,0,0,0,0,0,0,0,1,0,0
09-MAY-2026,DBS8147,0,0,0,0,0,0,0,0,0,0,1,0,0
09-MAY-2026,DBS8164,0,0,0,0,0,0,0,0,0,0,1,0,0
09-MAY-2026,DBS8560,0,0,0,0,0,0,0,0,0,0,1,0,0
09-MAY-2026,DBS8625,73314,0,73314,6109.5,0,0,0,0,0,0,1,0,0
09-MAY-2026,DBS8677,0,0,0,0,0,0,0,0,0,0,1,0,0
09-MAY-2026,DBS875,0,0,0,0,0,0,0,0,0,0,1,0,0
09-MAY-2026,DBS8970,0,0,0,0,0,0,0,0,0,0,1,0,0
09-MAY-2026,DBS8991,0,0,0,0,0,0,0,0,0,0,1,0,0
09-MAY-2026,DBS9258,0,0,0,0,0,0,0,0,0,0,1,0,0
09-MAY-2026,DBS9273,0,0,0,0,0,0,0,0,0,0,1,0,0
09-MAY-2026,DBS9778,0,0,0,0,0,0,0,0,0,0,1,0,0
09-MAY-2026,DBS983,0,0,0,0,0,0,0,0,0,0,1,0,0
09-MAY-2026,DCS1025,0,0,0,0,0,0,0,0,0,0,1,0,0
09-MAY-2026,DCS1058,0,0,0,0,0,0,0,0,0,0,1,0,0
09-MAY-2026,DCS1235,0,0,0,0,0,0,0,0,0,0,1,0,0
09-MAY-2026,DCS1607,0,0,0,0,0,0,0,0,0,0,1,0,0
09-MAY-2026,DCS1785,0,0,0,0,0,0,0,0,0,0,1,0,0
09-MAY-2026,DCS202,0,0,0,0,0,0,0,0,0,0,1,0,0
09-MAY-2026,DCS2101,0,0,0,0,0,0,0,0,0,0,1,0,0
09-MAY-2026,DCS2173,0,0,0,0,0,0,0,0,0,0,1,0,0
09-MAY-2026,DCS2514,0,0,0,0,0,0,0,0,0,0,1,0,0
09-MAY-2026,DCS2537,0,0,0,0,0,0,0,0,0,0,1,0,0
09-MAY-2026,DCS2549,0,0,0,0,0,0,0,0,0,0,1,0,0
09-MAY-2026,DCS2708,0,0,0,0,0,0,0,0,0,0,1,0,0
09-MAY-2026,DCS2744,0,0,0,0,0,0,0,0,0,0,1,0,0
09-MAY-2026,DCS2824,0,0,0,0,0,0,0,0,0,0,1,0,0
09-MAY-2026,DCS2830,0,0,0,0,0,0,0,0,0,0,1,0,0
09-MAY-2026,DCS2894,0,0,0,0,0,0,0,0,0,0,1,0,0
09-MAY-2026,DCS2944,0,0,0,0,0,0,0,0,0,0,1,0,0
09-MAY-2026,DCS2963,0,0,0,0,0,0,0,0,0,0,1,0,0
09-MAY-2026,DCS482,0,0,0,0,0,0,0,0,0,0,1,0,0
09-MAY-2026,DCS622,0,0,0,0,0,0,0,0,0,0,1,0,0
09-MAY-2026,DCS690,0,0,0,0,0,0,0,0,0,0,1,0,0
09-MAY-2026,DCS825,0,0,0,0,0,0,0,0,0,0,1,0,0
09-MAY-2026,DCS897,0,0,0,0,0,0,0,0,0,0,1,0,0
09-MAY-2026,DVJ1003,0,0,0,0,0,0,0,0,0,0,1,0,0
09-MAY-2026,DVJ1005,0,0,0,0,0,0,0,0,0,0,1,0,0
09-MAY-2026,DVJ1103,0,0,0,0,0,0,0,0,0,0,1,0,0
09-MAY-2026,DVJ1153,0,0,0,0,0,0,0,0,0,0,1,0,0
09-MAY-2026,DVJ117,0,0,0,0,0,0,0,0,0,0,1,0,0
09-MAY-2026,DVJ170,0,0,0,0,0,0,0,0,0,0,1,0,0
09-MAY-2026,DVJ1710,0,0,0,0,0,0,0,0,0,0,1,0,0
09-MAY-2026,DVJ2034,0,0,0,0,0,0,0,0,0,0,1,0,0
09-MAY-2026,DVJ2314,0,0,0,0,0,0,0,0,0,0,1,0,0
09-MAY-2026,DVJ2403,0,0,0,0,0,0,0,0,0,0,1,0,0
09-MAY-2026,DVJ254,0,0,0,0,0,0,0,0,0,0,1,0,0
09-MAY-2026,DVJ2943,0,0,0,0,0,0,0,0,0,0,1,0,0
09-MAY-2026,DVJ3046,0,0,0,0,0,0,0,0,0,0,1,0,0
09-MAY-2026,DVJ3715,0,0,0,0,0,0,0,0,0,0,1,0,0
09-MAY-2026,DVJ3768,0,0,0,0,0,0,0,0,0,0,1,0,0
09-MAY-2026,DVJ3882,0,0,0,0,0,0,0,0,0,0,1,0,0
09-MAY-2026,DVJ3886,766614.74,0,766614.74,59715,0,0,0,0,0,0,1,0,0
09-MAY-2026,DVJ3956,0,0,0,0,0,0,0,0,0,0,1,0,0
09-MAY-2026,DVJ412,0,0,0,0,0,0,0,0,0,0,1,0,0
09-MAY-2026,DVJ4287,0,0,0,0,0,0,0,0,0,0,1,0,0
09-MAY-2026,DVJ449,34236,0,34236,2853,0,0,0,0,0,0,1,0,0
09-MAY-2026,DVJ4524,0,0,0,0,0,0,0,0,0,0,1,0,0
09-MAY-2026,DVJ4577,0,0,0,0,0,0,0,0,0,0,1,0,0
09-MAY-2026,DVJ4616,0,0,0,0,0,0,0,0,0,0,1,0,0
09-MAY-2026,DVJ4927,0,0,0,0,0,0,0,0,0,0,1,0,0
09-MAY-2026,DVJ4934,0,0,0,0,0,0,0,0,0,0,1,0,0
09-MAY-2026,DVJ4940,0,0,0,0,0,0,0,0,0,0,1,0,0
09-MAY-2026,DVJ4969,0,0,0,0,0,0,0,0,0,0,1,0,0
09-MAY-2026,DVJ5000,0,0,0,0,0,0,0,0,0,0,1,0,0
09-MAY-2026,DVJ5128,0,0,0,0,0,0,0,0,0,0,1,0,0
09-MAY-2026,DVJ5175,0,0,0,0,0,0,0,0,0,0,1,0,0
09-MAY-2026,DVJ5220,0,0,0,0,0,0,0,0,0,0,1,0,0
09-MAY-2026,DVJ5298,0,0,0,0,0,0,0,0,0,0,1,0,0
09-MAY-2026,DVJ5357,0,0,0,0,0,0,0,0,0,0,1,0,0
09-MAY-2026,DVJ5489,0,0,0,0,0,0,0,0,0,0,1,0,0
09-MAY-2026,DVJ5531,0,0,0,0,0,0,0,0,0,0,1,0,0
09-MAY-2026,DVJ5560,0,0,0,0,0,0,0,0,0,0,1,0,0
09-MAY-2026,DVJ5592,0,0,0,0,0,0,0,0,0,0,1,0,0
09-MAY-2026,DVJ5662,0,0,0,0,0,0,0,0,0,0,1,0,0
09-MAY-2026,DVJ5666,0,0,0,0,0,0,0,0,0,0,1,0,0
09-MAY-2026,DVJ5706,0,0,0,0,0,0,0,0,0,0,1,0,0
09-MAY-2026,DVJ5788,0,0,0,0,0,0,0,0,0,0,1,0,0
09-MAY-2026,DVJ5796,0,0,0,0,0,0,0,0,0,0,1,0,0
09-MAY-2026,DVJ5830,1804280.42,0,1804280.42,146430,0,0,0,0,0,0,1,0,0
09-MAY-2026,DVJ5864,0,0,0,0,0,0,0,0,0,0,1,0,0
09-MAY-2026,DVJ6236,1125,0,1125,0,0,0,0,0,0,0,1,0,0
09-MAY-2026,DVJ6331,0,0,0,0,0,0,0,0,0,0,1,0,0
09-MAY-2026,DVJ6416,0,0,0,0,0,0,0,0,0,0,1,0,0
09-MAY-2026,DVJ6503,0,0,0,0,0,0,0,0,0,0,1,0,0
09-MAY-2026,DVJ699,0,0,0,0,0,0,0,0,0,0,1,0,0
09-MAY-2026,DVJ7029,0,0,0,0,0,0,0,0,0,0,1,0,0
09-MAY-2026,DVJ7121,0,0,0,0,0,0,0,0,0,0,1,0,0
09-MAY-2026,DVJ7159,0,0,0,0,0,0,0,0,0,0,1,0,0
09-MAY-2026,DVJ7160,0,0,0,0,0,0,0,0,0,0,1,0,0
09-MAY-2026,DVJ7163,0,0,0,0,0,0,0,0,0,0,1,0,0
09-MAY-2026,DVJ7166,0,0,0,0,0,0,0,0,0,0,1,0,0
09-MAY-2026,DVJ7303,0,0,0,0,0,0,0,0,0,0,1,0,0
09-MAY-2026,DVJ7614,0,0,0,0,0,0,0,0,0,0,1,0,0
09-MAY-2026,DVJ7640,311094,0,311094,25924.5,0,0,0,0,0,0,1,0,0
09-MAY-2026,DVJ830,0,0,0,0,0,0,0,0,0,0,1,0,0
09-MAY-2026,DVJ8361,0,0,0,0,0,0,0,0,0,0,1,0,0
09-MAY-2026,DVJ883,0,0,0,0,0,0,0,0,0,0,1,0,0
09-MAY-2026,GSH12,0,0,0,0,0,0,0,0,0,0,1,0,0
09-MAY-2026,GSH15,0,0,0,0,0,0,0,0,0,0,1,0,0
09-MAY-2026,GSH16,0,0,0,0,0,0,0,0,0,0,1,0,0
09-MAY-2026,GSH28,0,0,0,0,0,0,0,0,0,0,1,0,0
09-MAY-2026,I10776,0,0,0,0,0,0,0,0,0,0,1,0,0
09-MAY-2026,I10858,0,0,0,0,0,0,0,0,0,0,1,0,0
09-MAY-2026,I11370,0,0,0,0,0,0,0,0,0,0,1,0,0
09-MAY-2026,I11525,285624,0,285624,23802,0,0,0,0,0,0,1,0,0
09-MAY-2026,I11564,0,0,0,0,0,0,0,0,0,0,1,0,0
09-MAY-2026,I11654,0,0,0,0,0,0,0,0,0,0,1,0,0
09-MAY-2026,I11677,0,0,0,0,0,0,0,0,0,0,1,0,0
09-MAY-2026,I12142,42276,0,42276,3523,0,0,0,0,0,0,1,0,0
09-MAY-2026,I12270,100237.8,0,100237.8,8135,0,0,0,0,0,0,1,0,0
09-MAY-2026,I12473,0,0,0,0,0,0,0,0,0,0,1,0,0
09-MAY-2026,I12577,0,0,0,0,0,0,0,0,0,0,1,0,0
09-MAY-2026,I12691,0,0,0,0,0,0,0,0,0,0,1,0,0
09-MAY-2026,I12754,0,0,0,0,0,0,0,0,0,0,1,0,0
09-MAY-2026,I12762,0,0,0,0,0,0,0,0,0,0,1,0,0
09-MAY-2026,I12843,0,0,0,0,0,0,0,0,0,0,1,0,0
09-MAY-2026,I12922,0,0,0,0,0,0,0,0,0,0,1,0,0
09-MAY-2026,I12994,0,0,0,0,0,0,0,0,0,0,1,0,0
09-MAY-2026,I13013,0,0,0,0,0,0,0,0,0,0,1,0,0
09-MAY-2026,I13183,0,0,0,0,0,0,0,0,0,0,1,0,0
09-MAY-2026,I13198,0,0,0,0,0,0,0,0,0,0,1,0,0
09-MAY-2026,I13212,0,0,0,0,0,0,0,0,0,0,1,0,0
09-MAY-2026,I13231,0,0,0,0,0,0,0,0,0,0,1,0,0
09-MAY-2026,I13267,375692.74,0,375692.74,30996,0,0,0,0,0,0,1,0,0
09-MAY-2026,I13293,0,0,0,0,0,0,0,0,0,0,1,0,0
09-MAY-2026,I13319,0,0,0,0,0,0,0,0,0,0,1,0,0
09-MAY-2026,I13329,0,0,0,0,0,0,0,0,0,0,1,0,0
09-MAY-2026,I13334,0,0,0,0,0,0,0,0,0,0,1,0,0
09-MAY-2026,I13470,0,0,0,0,0,0,0,0,0,0,1,0,0
09-MAY-2026,I13471,0,0,0,0,0,0,0,0,0,0,1,0,0
09-MAY-2026,I13547,0,0,0,0,0,0,0,0,0,0,1,0,0
09-MAY-2026,I13705,0,0,0,0,0,0,0,0,0,0,1,0,0
09-MAY-2026,I13789,0,0,0,0,0,0,0,0,0,0,1,0,0
09-MAY-2026,I3537,0,0,0,0,0,0,0,0,0,0,1,0,0
09-MAY-2026,I6001,0,0,0,0,0,0,0,0,0,0,1,0,0
09-MAY-2026,I9504,0,0,0,0,0,0,0,0,0,0,1,0,0
09-MAY-2026,QL16,0,0,0,0,0,0,0,0,0,0,1,0,0
09-MAY-2026,RAG08,7372925.54,0,7372925.54,612434,0,0,0,0,0,0,1,0,0
09-MAY-2026,RAG95,0,0,0,0,0,0,0,0,0,0,1,0,0
09-MAY-2026,SAL159,0,0,0,0,0,0,0,0,0,0,1,0,0
09-MAY-2026,SAL206,0,0,0,0,0,0,0,0,0,0,1,0,0
09-MAY-2026,SAL499,0,0,0,0,0,0,0,0,0,0,1,0,0
09-MAY-2026,SAL90,0,0,0,0,0,0,0,0,0,0,1,0,0
09-MAY-2026,SL32,0,0,0,0,0,0,0,0,0,0,1,0,0
09-MAY-2026,UJ145,0,0,0,0,0,0,0,0,0,0,1,0,0
09-MAY-2026,VIJ115,0,0,0,0,0,0,0,0,0,0,1,0,0
09-MAY-2026,VIJ357,0,0,0,0,0,0,0,0,0,0,1,0,0
09-MAY-2026,VIJ360,0,0,0,0,0,0,0,0,0,0,1,0,0
09-MAY-2026,VIJ363,0,0,0,0,0,0,0,0,0,0,1,0,0
09-MAY-2026,VIJ490,0,0,0,0,0,0,0,0,0,0,1,0,0
09-MAY-2026,ZW41,0,0,0,0,0,0,0,0,0,0,1,0,0
