09-MAY-2026,00094,0,0,0,0,0,0,0,0,0,0,2,0,0
09-MAY-2026,A7KR5008,0,0,0,0,0,0,0,0,0,0,1,0,0
09-MAY-2026,A7KRK01,0,0,0,0,0,0,0,0,0,0,1,0,0
09-MAY-2026,A7KRM01,0,0,0,0,0,0,0,0,0,0,1,0,0
09-MAY-2026,AHVB5015,0,0,0,0,0,0,0,0,0,0,1,0,0
09-MAY-2026,AHXX5024,0,0,0,0,0,0,0,0,0,0,1,0,0
09-MAY-2026,AKXX130,902140.21,0,902140.21,73215,0,0,0,0,0,0,1,0,0
09-MAY-2026,ARXX5101,196350.3,0,196350.3,16130,0,0,0,0,0,0,1,0,0
09-MAY-2026,ASBR001,0,0,0,0,0,0,0,0,0,0,1,0,0
09-MAY-2026,ASBR084,0,0,0,0,0,0,0,0,0,0,1,0,0
09-MAY-2026,ASRA5012,0,0,0,0,0,0,0,0,0,0,1,0,0
09-MAY-2026,CNUKU01,0,0,0,0,0,0,0,0,0,0,1,0,0
09-MAY-2026,CO1R5028,0,0,0,0,0,0,0,0,0,0,1,0,0
09-MAY-2026,COG1Q101,0,0,0,0,0,0,0,0,0,0,1,0,0
09-MAY-2026,COG1Q59,81480,0,81480,6790,0,0,0,0,0,0,1,0,0
09-MAY-2026,ER015053,0,0,0,0,0,0,0,0,0,0,1,0,0
09-MAY-2026,ER015128,0,0,0,0,0,0,0,0,0,0,1,0,0
09-MAY-2026,ER01S05,0,0,0,0,0,0,0,0,0,0,1,0,0
09-MAY-2026,G01BR1184,0,0,0,0,0,0,0,0,0,0,1,0,0
09-MAY-2026,G01BR131,0,0,0,0,0,0,0,0,0,0,1,0,0
09-MAY-2026,HCXX382,0,0,0,0,0,0,0,0,0,0,1,0,0
09-MAY-2026,HEHO5017,0,0,0,0,0,0,0,0,0,0,1,0,0
09-MAY-2026,HEHOA02,5613316.87,0,5613316.87,455560,0,0,0,0,0,0,1,0,0
09-MAY-2026,HEHONE01,0,0,0,0,0,0,0,0,0,0,1,0,0
09-MAY-2026,HMXX84,0,0,0,0,0,0,0,0,0,0,1,0,0
09-MAY-2026,HOOL5121,78996,0,78996,9874.5,0,0,0,0,0,0,1,0,0
09-MAY-2026,HOOL6050,0,0,0,0,0,0,0,0,0,0,1,0,0
09-MAY-2026,HOOL6209,0,0,0,0,0,0,0,0,0,0,1,0,0
09-MAY-2026,K01BR20,2468658.01,0,2468658.01,203540,0,0,0,0,0,0,1,0,0
09-MAY-2026,K01BR582,0,0,0,0,0,0,0,0,0,0,1,0,0
09-MAY-2026,K01MD01,0,0,0,0,0,0,0,0,0,0,1,0,0
09-MAY-2026,K02BR176,0,0,0,0,0,0,0,0,0,0,1,0,0
09-MAY-2026,K10BR733,953082,0,953082,79423.5,0,0,0,0,0,0,1,0,0
09-MAY-2026,K10BR88,0,0,0,0,0,0,0,0,0,0,1,0,0
09-MAY-2026,K50BR50,0,0,0,0,0,0,0,0,0,0,1,0,0
09-MAY-2026,K50GD01,0,0,0,0,0,0,0,0,0,0,1,0,0
09-MAY-2026,K50P1D30,501189.01,0,501189.01,40675,0,0,0,0,0,0,1,0,0
09-MAY-2026,K50P2D01,0,0,0,0,0,0,0,0,0,0,1,0,0
09-MAY-2026,K50R1A35,0,0,0,0,0,0,0,0,0,0,1,0,0
09-MAY-2026,K51BR06,0,0,0,0,0,0,0,0,0,0,1,0,0
09-MAY-2026,K51H1S04,0,0,0,0,0,0,0,0,0,0,1,0,0
09-MAY-2026,MPXX5094,0,0,0,0,0,0,0,0,0,0,1,0,0
09-MAY-2026,N121K01,174325.8,0,174325.8,14309,0,0,0,0,0,0,1,0,0
09-MAY-2026,N121Q10,0,0,0,0,0,0,0,0,0,0,1,0,0
09-MAY-2026,N2035001,0,0,0,0,0,0,0,0,0,0,1,0,0
09-MAY-2026,N2035002,100237.8,0,100237.8,8135,0,0,0,0,0,0,1,0,0
09-MAY-2026,N2035003,0,0,0,0,0,0,0,0,0,0,1,0,0
09-MAY-2026,N2035004,1202853.61,0,1202853.61,97620,0,0,0,0,0,0,1,0,0
09-MAY-2026,N2035006,0,0,0,0,0,0,0,0,0,0,1,0,0
09-MAY-2026,N2035007,0,0,0,0,0,0,0,0,0,0,1,0,0
09-MAY-2026,N2035008,0,0,0,0,0,0,0,0,0,0,1,0,0
09-MAY-2026,N2035015,0,0,0,0,0,0,0,0,0,0,1,0,0
09-MAY-2026,N2035018,0,0,0,0,0,0,0,0,0,0,1,0,0
09-MAY-2026,N203GS01,0,0,0,0,0,0,0,0,0,0,1,0,0
09-MAY-2026,N203Q2,0,0,0,0,0,0,0,0,0,0,1,0,0
09-MAY-2026,N203Q3,0,0,0,0,0,0,0,0,0,0,1,0,0
09-MAY-2026,N2595012,0,0,0,0,0,0,0,0,0,0,1,0,0
09-MAY-2026,NI01A40,0,0,0,0,0,0,0,0,0,0,1,0,0
09-MAY-2026,NI01Q42,0,0,0,0,0,0,0,0,0,0,1,0,0
09-MAY-2026,O1405001,0,0,0,0,0,0,0,0,0,0,1,0,0
09-MAY-2026,O1405003,0,0,0,0,0,0,0,0,0,0,1,0,0
09-MAY-2026,O1405004,0,0,0,0,0,0,0,0,0,0,1,0,0
09-MAY-2026,O1405005,0,0,0,0,0,0,0,0,0,0,1,0,0
09-MAY-2026,O1405006,0,0,0,0,0,0,0,0,0,0,1,0,0
09-MAY-2026,O1405007,0,0,0,0,0,0,0,0,0,0,1,0,0
09-MAY-2026,O1405008,0,0,0,0,0,0,0,0,0,0,1,0,0
09-MAY-2026,O1405009,0,0,0,0,0,0,0,0,0,0,1,0,0
09-MAY-2026,O140Q2,0,0,0,0,0,0,0,0,0,0,1,0,0
09-MAY-2026,O1645097,42276,0,42276,3523,0,0,0,0,0,0,1,0,0
09-MAY-2026,O164D03,0,0,0,0,0,0,0,0,0,0,1,0,0
09-MAY-2026,O164R02,0,0,0,0,0,0,0,0,0,0,1,0,0
09-MAY-2026,O272N01,0,0,0,0,0,0,0,0,0,0,1,0,0
09-MAY-2026,O4185001,0,0,0,0,0,0,0,0,0,0,1,0,0
09-MAY-2026,O795019,0,0,0,0,0,0,0,0,0,0,1,0,0
09-MAY-2026,O85S07,0,0,0,0,0,0,0,0,0,0,1,0,0
09-MAY-2026,T03BR150,0,0,0,0,0,0,0,0,0,0,1,0,0
09-MAY-2026,T1GM006,0,0,0,0,0,0,0,0,0,0,1,0,0
09-MAY-2026,TB1506,0,0,0,0,0,0,0,0,0,0,1,0,0
09-MAY-2026,TB9070,0,0,0,0,0,0,0,0,0,0,1,0,0
09-MAY-2026,TBC801,0,0,0,0,0,0,0,0,0,0,1,0,0
09-MAY-2026,TMXX5047,0,0,0,0,0,0,0,0,0,0,1,0,0
09-MAY-2026,TMXX5089,0,0,0,0,0,0,0,0,0,0,1,0,0
09-MAY-2026,TMXXQ186,290988,0,290988,24249,0,0,0,0,0,0,1,0,0
09-MAY-2026,Z025001,0,0,0,0,0,0,0,0,0,0,1,0,0
09-MAY-2026,Z025003,0,0,0,0,0,0,0,0,0,0,1,0,0
09-MAY-2026,Z025004,0,0,0,0,0,0,0,0,0,0,1,0,0
09-MAY-2026,Z025005,0,0,0,0,0,0,0,0,0,0,1,0,0
09-MAY-2026,Z025006,0,0,0,0,0,0,0,0,0,0,1,0,0
09-MAY-2026,Z025007,0,0,0,0,0,0,0,0,0,0,1,0,0
09-MAY-2026,Z02M01,0,0,0,0,0,0,0,0,0,0,1,0,0
09-MAY-2026,Z02Q13,0,0,0,0,0,0,0,0,0,0,1,0,0
09-MAY-2026,Z02Q5,0,0,0,0,0,0,0,0,0,0,1,0,0
09-MAY-2026,Z02Q7,0,0,0,0,0,0,0,0,0,0,1,0,0
