09-MAY-2026,2013,148176.00,0.00,148176.00,12348.00,C
09-MAY-2026,3028,294525.45,0.00,294525.45,24195.00,C
09-MAY-2026,3068,4515570.00,0.00,4515570.00,448802.50,C
09-MAY-2026,31001,5564988.01,0.00,5564988.01,796889.41,C
09-MAY-2026,3161,70122.00,0.00,70122.00,22934.00,C
09-MAY-2026,32360,71406.00,0.00,71406.00,16000.50,C
09-MAY-2026,3241,34236.00,0.00,34236.00,2853.00,C
09-MAY-2026,3312,148176.00,0.00,148176.00,12348.00,C
09-MAY-2026,3482,3660361.24,0.00,3660361.24,471112.00,C
09-MAY-2026,3505,14426391.16,0.00,14426391.16,1180640.00,C
09-MAY-2026,4232,3626632.46,0.00,3626632.46,451529.11,C
09-MAY-2026,4238,12028186.28,0.00,12028186.28,1381330.00,C
09-MAY-2026,4302,809438.00,0.00,809438.00,91928.83,C
09-MAY-2026,4591,726452.00,0.00,726452.00,74710.00,C
09-MAY-2026,4739,1844748.00,0.00,1844748.00,153729.00,C
09-MAY-2026,4741,2500988.00,0.00,2500988.00,269857.00,C
09-MAY-2026,4760,461736.00,0.00,461736.00,38478.00,C
09-MAY-2026,4766,34236.00,0.00,34236.00,2853.00,C
09-MAY-2026,4770,294525.45,0.00,294525.45,24195.00,C
09-MAY-2026,5201,3792267.60,0.00,3792267.60,322107.00,C
09-MAY-2026,7161,390516.00,0.00,390516.00,68594.50,C
09-MAY-2026,7260,33310113.97,0.00,33310113.97,3680124.07,C
09-MAY-2026,7627,8609620.00,0.00,8609620.00,1002888.50,C
09-MAY-2026,7693,1222200.00,0.00,1222200.00,101850.00,C
09-MAY-2026,7694,1644960.00,0.00,1644960.00,137080.00,C
