09-MAY-2026,AASH1433,144720.00,0.00,144720.00,12060.00,C
09-MAY-2026,AASH1799,26084.00,0.00,26084.00,3260.50,C
09-MAY-2026,AASH1904,73314.00,0.00,73314.00,6109.50,C
09-MAY-2026,ABQR127,889056.00,0.00,889056.00,166888.00,C
09-MAY-2026,AGG1271,73314.00,0.00,73314.00,6109.50,C
09-MAY-2026,AJMY953,135110.74,0.00,135110.74,10947.50,C
09-MAY-2026,AMDNJ1205,291348.00,0.00,291348.00,24279.00,C
09-MAY-2026,AMTL1201,317378.00,0.00,317378.00,26219.00,C
09-MAY-2026,ANIL1978,166032.00,0.00,166032.00,13836.00,C
09-MAY-2026,ANRC0787,34236.00,0.00,34236.00,2853.00,C
09-MAY-2026,APSJ1271,504312.00,0.00,504312.00,42026.00,C
09-MAY-2026,ARMA1802,42276.00,0.00,42276.00,3523.00,C
09-MAY-2026,ASEEM9,2964778.00,0.00,2964778.00,258036.50,C
09-MAY-2026,AUAA1481,69132.00,0.00,69132.00,5761.00,C
09-MAY-2026,AUSF150041,123756.00,0.00,123756.00,10313.00,C
09-MAY-2026,AUSF186567,68472.00,0.00,68472.00,5706.00,C
09-MAY-2026,AUSF84788,103698.00,0.00,103698.00,8641.50,C
09-MAY-2026,AYFC1240,380226.00,0.00,380226.00,31685.50,C
09-MAY-2026,AZMG1201,1881513.58,0.00,1881513.58,149384.00,C
09-MAY-2026,BBSL1305,306120.00,0.00,306120.00,25510.00,C
09-MAY-2026,BBSL2036,134940.00,0.00,134940.00,11245.00,C
09-MAY-2026,BBSL2416,2362284.00,0.00,2362284.00,196857.00,C
09-MAY-2026,BBSL5599,447378.00,0.00,447378.00,37281.50,C
09-MAY-2026,BHIN1440,68472.00,0.00,68472.00,5706.00,C
09-MAY-2026,BRSC538,34092.00,0.00,34092.00,8523.00,C
09-MAY-2026,BW5769,84252.00,0.00,84252.00,7021.00,C
09-MAY-2026,BWDJ1388,616009.20,0.00,616009.20,49983.00,C
09-MAY-2026,BWDJ1506,175520.74,0.00,175520.74,14315.00,C
09-MAY-2026,BWKS120160,214218.00,0.00,214218.00,31351.50,C
09-MAY-2026,CAPG012,73314.00,0.00,73314.00,6109.50,C
09-MAY-2026,CATR039,337350.00,0.00,337350.00,28112.50,C
09-MAY-2026,CATR040,337350.00,0.00,337350.00,28112.50,C
09-MAY-2026,CAVP520,73314.00,0.00,73314.00,6109.50,C
09-MAY-2026,CNH100,400951.20,0.00,400951.20,32540.00,C
09-MAY-2026,CP1001,219942.00,0.00,219942.00,18328.50,C
09-MAY-2026,CP1012,73314.00,0.00,73314.00,6109.50,C
09-MAY-2026,CP7002,146628.00,0.00,146628.00,12219.00,C
09-MAY-2026,CPTR2113,339012.00,0.00,339012.00,28251.00,C
09-MAY-2026,CPTRGS12,69132.00,0.00,69132.00,5761.00,C
09-MAY-2026,CPTRMA71,2428920.00,0.00,2428920.00,202410.00,C
09-MAY-2026,CPTRMCH3,134940.00,0.00,134940.00,11245.00,C
09-MAY-2026,CPTRMG24,2496390.00,0.00,2496390.00,208032.50,C
09-MAY-2026,CPTRMK10,607912.97,0.00,607912.97,79312.50,C
09-MAY-2026,CPTRPR14,1416870.00,0.00,1416870.00,118072.50,C
09-MAY-2026,CPTRSGH10,134940.00,0.00,134940.00,11245.00,C
09-MAY-2026,CPTRSK194,6814470.00,0.00,6814470.00,567872.50,C
09-MAY-2026,CPTRSN6,1956630.00,0.00,1956630.00,163052.50,C
09-MAY-2026,DELD947,67470.00,0.00,67470.00,5622.50,C
09-MAY-2026,DIRJ0550,482934.00,0.00,482934.00,40244.50,C
09-MAY-2026,DLBN1209,0.00,0.00,0.00,5200.00,C
09-MAY-2026,DLQA1212,34566.00,0.00,34566.00,2880.50,C
09-MAY-2026,DLSO1269,580788.00,0.00,580788.00,48399.00,C
09-MAY-2026,DPHS0115,449758.79,0.00,449758.79,32075.50,C
09-MAY-2026,DPHS0121,261039.59,0.00,261039.59,17700.00,C
09-MAY-2026,DPHS0126,348052.79,0.00,348052.79,23600.00,C
09-MAY-2026,DPHS0127,87013.20,0.00,87013.20,5900.00,C
09-MAY-2026,DPHS0130,275732.40,0.00,275732.40,20275.50,C
09-MAY-2026,DPHS0131,502535.99,0.00,502535.99,35122.50,C
09-MAY-2026,DPHS0159,1020766.78,0.00,1020766.78,72904.00,C
09-MAY-2026,DPHS1201,2968481.94,0.00,2968481.94,213596.00,C
09-MAY-2026,DPHS1206,1602460.77,0.00,1602460.77,114623.00,C
09-MAY-2026,DPHS1208,1174425.58,0.00,1174425.58,87060.00,C
09-MAY-2026,DPHS1209,329511.59,0.00,329511.59,23406.00,C
09-MAY-2026,DPHS1210,370440.00,0.00,370440.00,30870.00,C
09-MAY-2026,DPHS1211,483994.79,0.00,483994.79,34928.50,C
09-MAY-2026,DPHS1213,161101.20,0.00,161101.20,12074.00,C
09-MAY-2026,DPHS1220,1262263.17,0.00,1262263.17,90326.50,C
09-MAY-2026,DPHS1221,295275.59,0.00,295275.59,20553.00,C
09-MAY-2026,DPHS1222,692257.19,0.00,692257.19,49581.50,C
09-MAY-2026,DPHS1223,281576.40,0.00,281576.40,20762.50,C
09-MAY-2026,DPHS1225,865281.58,0.00,865281.58,61298.00,C
09-MAY-2026,DPHS1227,643658.38,0.00,643658.38,44180.50,C
09-MAY-2026,DPHS1228,87013.20,0.00,87013.20,5900.00,C
09-MAY-2026,DPHS1232,920054.38,0.00,920054.38,67213.50,C
09-MAY-2026,DPHS1237,74088.00,0.00,74088.00,6174.00,C
09-MAY-2026,DPHS1238,174026.40,0.00,174026.40,11800.00,C
09-MAY-2026,DPHS1241,295275.59,0.00,295275.59,20553.00,C
09-MAY-2026,DPHS1247,74088.00,0.00,74088.00,6174.00,C
09-MAY-2026,DPHS1250,87013.20,0.00,87013.20,5900.00,C
09-MAY-2026,DPHS1254,87013.20,0.00,87013.20,5900.00,C
09-MAY-2026,DPHS1257,174026.40,0.00,174026.40,11800.00,C
09-MAY-2026,DPJJ1296,277010.23,0.00,277010.23,22149.00,C
09-MAY-2026,DSN0380,81480.00,0.00,81480.00,6790.00,C
09-MAY-2026,DSN0474,308934.00,0.00,308934.00,25744.50,C
09-MAY-2026,DSNT1501,74088.00,0.00,74088.00,6174.00,C
09-MAY-2026,DVYT0600,142116.00,0.00,142116.00,11843.00,C
09-MAY-2026,E191357,1134706.78,0.00,1134706.78,89599.00,C
09-MAY-2026,E195097,102708.00,0.00,102708.00,8559.00,C
09-MAY-2026,EAOP0577,285180.00,0.00,285180.00,23765.00,C
09-MAY-2026,EAOP4242,52664.00,0.00,52664.00,6583.00,C
09-MAY-2026,EAOP554362,895288.00,0.00,895288.00,111911.00,C
09-MAY-2026,EAOPE67380,134940.00,0.00,134940.00,13695.00,C
09-MAY-2026,EAOPE70764,84552.00,0.00,84552.00,7046.00,C
09-MAY-2026,EAOPE7430,348052.79,0.00,348052.79,23600.00,C
09-MAY-2026,EBOM074384,87013.20,0.00,87013.20,5900.00,C
09-MAY-2026,EBOM116932,1218184.77,0.00,1218184.77,82600.00,C
09-MAY-2026,EBOM226401,219942.00,0.00,219942.00,18328.50,C
09-MAY-2026,EBOM232550,34236.00,0.00,34236.00,2853.00,C
09-MAY-2026,EBOM290203,34566.00,0.00,34566.00,2880.50,C
09-MAY-2026,EBOM307101,539760.00,0.00,539760.00,44980.00,C
09-MAY-2026,EBOM321696,135110.74,0.00,135110.74,10947.50,C
09-MAY-2026,EBOM328310,98175.15,0.00,98175.15,8065.00,C
09-MAY-2026,EBOM379154,1051257.15,0.00,1051257.15,87488.50,C
09-MAY-2026,EBOM473597,450.00,0.00,450.00,0.00,C
09-MAY-2026,EBOM515664,535153.20,0.00,535153.20,43245.00,C
09-MAY-2026,EBOM596547,103368.00,0.00,103368.00,8614.00,C
09-MAY-2026,EBOM618050,472290.00,0.00,472290.00,39357.50,C
09-MAY-2026,EBOM683728,73314.00,0.00,73314.00,6109.50,C
09-MAY-2026,EBOM696247,222264.00,0.00,222264.00,22722.00,C
09-MAY-2026,EBOM729501,84552.00,0.00,84552.00,7046.00,C
09-MAY-2026,EBOM763350,67470.00,0.00,67470.00,5622.50,C
09-MAY-2026,EBOM791874,684720.00,0.00,684720.00,111710.00,C
09-MAY-2026,EBOM834634,1111320.00,0.00,1111320.00,92610.00,C
09-MAY-2026,EBOM849862,68472.00,0.00,68472.00,5706.00,C
09-MAY-2026,EHYD705635,67470.00,0.00,67470.00,9772.50,C
09-MAY-2026,EHYDE90387,98175.15,0.00,98175.15,8065.00,C
09-MAY-2026,ELTE1532,214218.00,0.00,214218.00,17851.50,C
09-MAY-2026,EMUM147019,0.00,0.00,0.00,8350.00,C
09-MAY-2026,EMUM389107,73314.00,0.00,73314.00,6109.50,C
09-MAY-2026,EMUM645935,71406.00,0.00,71406.00,5950.50,C
09-MAY-2026,EMUM728207,440028.88,0.00,440028.88,72170.00,C
09-MAY-2026,EMUM795107,73314.00,0.00,73314.00,6109.50,C
09-MAY-2026,EMUM893621,496228.79,0.00,496228.79,35948.00,C
09-MAY-2026,EMUM951717,207396.00,0.00,207396.00,17283.00,C
09-MAY-2026,ENU149,189112.00,0.00,189112.00,17933.00,C
09-MAY-2026,ETHN085751,1605276.00,0.00,1605276.00,133773.00,C
09-MAY-2026,ETHN181239,276528.00,0.00,276528.00,23044.00,C
09-MAY-2026,ETHN435522,40740.00,0.00,40740.00,3395.00,C
09-MAY-2026,ETHN653245,73314.00,0.00,73314.00,6109.50,C
09-MAY-2026,ETHN712845,631715.69,0.00,631715.69,48139.00,C
09-MAY-2026,ETHN730081,246614.69,0.00,246614.69,42122.00,C
09-MAY-2026,ETHN743632,41976.00,0.00,41976.00,3498.00,C
09-MAY-2026,ETHN816141,1259496.00,0.00,1259496.00,123908.00,C
09-MAY-2026,ETHN838902,237090.30,0.00,237090.30,19525.00,C
09-MAY-2026,EWFH875461,68472.00,0.00,68472.00,5706.00,C
09-MAY-2026,FBD400,71406.00,0.00,71406.00,5950.50,C
09-MAY-2026,GF1738,0.00,0.00,0.00,46300.00,C
09-MAY-2026,GFCA768,42276.00,0.00,42276.00,3523.00,C
09-MAY-2026,GFSJ010,301422.00,0.00,301422.00,25118.50,C
09-MAY-2026,GMTP1401,740880.00,0.00,740880.00,505340.00,C
09-MAY-2026,GOBT4477,294525.45,0.00,294525.45,24195.00,C
09-MAY-2026,H1519,294525.45,0.00,294525.45,24195.00,C
09-MAY-2026,H30002,31126891.05,0.00,31126891.05,2551512.50,C
09-MAY-2026,H30081,18294614.58,0.00,18294614.58,1505847.50,C
09-MAY-2026,H30102,8231340.00,0.00,8231340.00,685945.00,C
09-MAY-2026,H30109,6075216.00,0.00,6075216.00,506268.00,C
09-MAY-2026,H30120,21340740.00,0.00,21340740.00,1778395.00,C
09-MAY-2026,H30273,30051264.00,0.00,30051264.00,2504272.00,C
09-MAY-2026,H30410,9654463.68,0.00,9654463.68,744870.00,C
09-MAY-2026,H30424,13218796.46,0.00,13218796.46,1099696.00,C
09-MAY-2026,H30435,22405604.58,0.00,22405604.58,1848430.00,C
09-MAY-2026,H42755,1081192.79,0.00,1081192.79,84695.00,C
09-MAY-2026,HJTH176,296476.23,0.00,296476.23,24858.00,C
09-MAY-2026,HJTH279,229006.23,0.00,229006.23,19235.50,C
09-MAY-2026,HMPK1251,67640.74,0.00,67640.74,5325.00,C
09-MAY-2026,HPKS1022,0.00,0.00,0.00,22100.00,C
09-MAY-2026,INDA1561,136368.00,0.00,136368.00,34092.00,C
09-MAY-2026,INDA1570,472770.91,0.00,472770.91,115083.00,C
09-MAY-2026,INDA1983,272736.00,0.00,272736.00,68184.00,C
09-MAY-2026,INDA2083,204552.00,0.00,204552.00,51138.00,C
09-MAY-2026,JAKJ1331,71406.00,0.00,71406.00,5950.50,C
09-MAY-2026,JAKJ1375,146628.00,0.00,146628.00,12219.00,C
09-MAY-2026,JBL2301,789526.50,0.00,789526.50,64660.00,C
09-MAY-2026,JCF1295,34566.00,0.00,34566.00,2880.50,C
09-MAY-2026,JDC090,0.00,0.00,0.00,4050.00,C
09-MAY-2026,JDD607,809640.00,0.00,809640.00,67470.00,C
09-MAY-2026,JDJ1008,8116889.16,0.00,8116889.16,639000.00,C
09-MAY-2026,JDJ569,34566.00,0.00,34566.00,2880.50,C
09-MAY-2026,JDM172,1018452.30,0.00,1018452.30,84638.50,C
09-MAY-2026,JDS383,676407.43,0.00,676407.43,53250.00,C
09-MAY-2026,JDT165,135281.49,0.00,135281.49,10650.00,C
09-MAY-2026,JDYH176,100237.80,0.00,100237.80,8135.00,C
09-MAY-2026,JDYHJ01,3141864.00,0.00,3141864.00,261822.00,C
09-MAY-2026,JDYHL07,383601.30,0.00,383601.30,30165.00,C
09-MAY-2026,JDZHA03,11062635.78,0.00,11062635.78,911911.00,C
09-MAY-2026,JDZLG22,142446.00,0.00,142446.00,11870.50,C
09-MAY-2026,JDZMB114,2297916.00,0.00,2297916.00,198993.00,C
09-MAY-2026,JDZMB170,3186834.00,0.00,3186834.00,295569.50,C
09-MAY-2026,JDZMB52,750042.00,0.00,750042.00,77503.50,C
09-MAY-2026,JDZMB61,2198400.00,0.00,2198400.00,267200.00,C
09-MAY-2026,JDZMJ144,148176.00,0.00,148176.00,50748.00,C
09-MAY-2026,JDZMK57,710940.00,0.00,710940.00,75945.00,C
09-MAY-2026,JDZMU22,134940.00,0.00,134940.00,19245.00,C
09-MAY-2026,JDZSB99,146628.00,0.00,146628.00,12219.00,C
09-MAY-2026,JDZTP32,67640.74,0.00,67640.74,5325.00,C
09-MAY-2026,JMNT187,518616.00,0.00,518616.00,43218.00,C
09-MAY-2026,JVSF1277,1687794.66,0.00,1687794.66,137579.50,C
09-MAY-2026,JVSF1290,1114719.73,0.00,1114719.73,89543.50,C
09-MAY-2026,JVSF1291,691320.00,0.00,691320.00,57610.00,C
09-MAY-2026,JYST005,770705.87,0.00,770705.87,65854.00,C
09-MAY-2026,KETN0100,200475.60,0.00,200475.60,16270.00,C
09-MAY-2026,KINJAS004,0.00,0.00,0.00,6000.00,C
09-MAY-2026,KMPM0038,300713.40,0.00,300713.40,24405.00,C
09-MAY-2026,KNTP1279,473485.20,0.00,473485.20,37275.00,C
09-MAY-2026,KNTP2213,1082251.89,0.00,1082251.89,91300.00,C
09-MAY-2026,KPAG12136,134329.80,0.00,134329.80,16658.00,C
09-MAY-2026,KTKL1215,73314.00,0.00,73314.00,6109.50,C
09-MAY-2026,MACT0271,897571.20,0.00,897571.20,85289.00,C
09-MAY-2026,MAGP1301,74088.00,0.00,74088.00,6174.00,C
09-MAY-2026,MAHAVIR1,71406.00,0.00,71406.00,5950.50,C
09-MAY-2026,MCY91262,73314.00,0.00,73314.00,6109.50,C
09-MAY-2026,MCYU41116,285624.00,0.00,285624.00,23802.00,C
09-MAY-2026,MDJAP1211,67470.00,0.00,67470.00,5622.50,C
09-MAY-2026,MLW3606,659520.00,0.00,659520.00,54960.00,C
09-MAY-2026,MMGB1279,100237.80,0.00,100237.80,8135.00,C
09-MAY-2026,MMPLA33,219942.00,0.00,219942.00,18328.50,C
09-MAY-2026,MOHI1957,196350.30,0.00,196350.30,16130.00,C
09-MAY-2026,MONY1241,100237.80,0.00,100237.80,8135.00,C
09-MAY-2026,MRDG1201,144720.00,0.00,144720.00,12060.00,C
09-MAY-2026,MTJN1426,253656.00,0.00,253656.00,21138.00,C
09-MAY-2026,MVGN1203,73314.00,0.00,73314.00,6109.50,C
09-MAY-2026,NAGATA708,325920.00,0.00,325920.00,27160.00,C
09-MAY-2026,NESE43,73314.00,0.00,73314.00,6109.50,C
09-MAY-2026,NESH93,24644.81,0.00,24644.81,17118.00,C
09-MAY-2026,NESP1299,234415.20,0.00,234415.20,18183.50,C
09-MAY-2026,NESS0076,238638.00,0.00,238638.00,19886.50,C
09-MAY-2026,NHKM68956,119916.00,0.00,119916.00,20626.00,C
09-MAY-2026,NIPM1257,67470.00,0.00,67470.00,45922.50,C
09-MAY-2026,NISP1059,222264.00,0.00,222264.00,18522.00,C
09-MAY-2026,NJWL1467,67640.74,0.00,67640.74,5325.00,C
09-MAY-2026,NSIB25,167268.00,0.00,167268.00,13939.00,C
09-MAY-2026,OMAG1203,73314.00,0.00,73314.00,6109.50,C
09-MAY-2026,OMAH0832,169104.00,0.00,169104.00,14092.00,C
09-MAY-2026,OMAH0851,439884.00,0.00,439884.00,36657.00,C
09-MAY-2026,OMAH0901,380226.00,0.00,380226.00,31685.50,C
09-MAY-2026,OMAH0939,68472.00,0.00,68472.00,9506.00,C
09-MAY-2026,OMAH2105,134940.00,0.00,134940.00,11245.00,C
09-MAY-2026,OMAH9005,148176.00,0.00,148176.00,15798.00,C
09-MAY-2026,OMAHC0945,34566.00,0.00,34566.00,2880.50,C
09-MAY-2026,OMAHC1206,662478.00,0.00,662478.00,55206.50,C
09-MAY-2026,OMAHC1226,104336.00,0.00,104336.00,13042.00,C
09-MAY-2026,OMAHC1231,4928406.40,0.00,4928406.40,388181.00,C
09-MAY-2026,OMBA1374,67640.74,0.00,67640.74,5325.00,C
09-MAY-2026,OMBB2751,71406.00,0.00,71406.00,5950.50,C
09-MAY-2026,OMBB2824,73314.00,0.00,73314.00,6109.50,C
09-MAY-2026,OMGL0987,214218.00,0.00,214218.00,17851.50,C
09-MAY-2026,OMGL2104,505566.00,0.00,505566.00,42130.50,C
09-MAY-2026,OMGL2263,285624.00,0.00,285624.00,23802.00,C
09-MAY-2026,OMGL2312,100237.80,0.00,100237.80,8135.00,C
09-MAY-2026,OMGL2661,34566.00,0.00,34566.00,2880.50,C
09-MAY-2026,OMGL3029,144720.00,0.00,144720.00,12060.00,C
09-MAY-2026,OMGL3194,430344.00,0.00,430344.00,35862.00,C
09-MAY-2026,OMGL3202,71406.00,0.00,71406.00,5950.50,C
09-MAY-2026,OMID0038,235189.20,0.00,235189.20,18248.00,C
09-MAY-2026,OMID0788,449758.79,0.00,449758.79,32075.50,C
09-MAY-2026,OMID2089,142812.00,0.00,142812.00,11901.00,C
09-MAY-2026,OMID2834,578880.00,0.00,578880.00,77790.00,C
09-MAY-2026,OMID4123,222264.00,0.00,222264.00,18522.00,C
09-MAY-2026,OMID4248,585700.79,0.00,585700.79,43404.00,C
09-MAY-2026,OMID4434,618554.40,0.00,618554.40,48844.00,C
09-MAY-2026,OMID4442,4176633.48,0.00,4176633.48,283200.00,C
09-MAY-2026,OMID4543,644404.79,0.00,644404.79,48296.00,C
09-MAY-2026,OMID4625,74088.00,0.00,74088.00,6174.00,C
09-MAY-2026,OMIR1040,141728.74,0.00,141728.74,11499.00,C
09-MAY-2026,OMIR2789,60320.00,0.00,60320.00,7413.50,C
09-MAY-2026,OMKO0065,1044793.20,0.00,1044793.20,85715.00,C
09-MAY-2026,OMKO0107,279660.00,0.00,279660.00,23305.00,C
09-MAY-2026,OMKO0545,15461301.96,0.00,15461301.96,1257520.00,C
09-MAY-2026,OMKO0684,7098010.12,0.00,7098010.12,895020.00,C
09-MAY-2026,OMKO0885,555504.00,0.00,555504.00,46292.00,C
09-MAY-2026,OMKO1056,814968.00,0.00,814968.00,67914.00,C
09-MAY-2026,OMKO7777,796632.00,0.00,796632.00,84771.00,C
09-MAY-2026,OMPRB1228,40740.00,0.00,40740.00,3395.00,C
09-MAY-2026,OMRI0374,902140.21,0.00,902140.21,73215.00,C
09-MAY-2026,OMRJ0653,87013.20,0.00,87013.20,5900.00,C
09-MAY-2026,OMUR2827,67470.00,0.00,67470.00,5622.50,C
09-MAY-2026,OMVA1234,73314.00,0.00,73314.00,6109.50,C
09-MAY-2026,PBFV1218,338203.72,0.00,338203.72,26625.00,C
09-MAY-2026,PCG3407,146628.00,0.00,146628.00,13419.00,C
09-MAY-2026,PCG3830,335127.59,0.00,335127.59,23874.00,C
09-MAY-2026,PCG4150,735123.59,0.00,735123.59,57207.00,C
09-MAY-2026,PCG4523,2634484.00,0.00,2634484.00,329310.50,C
09-MAY-2026,PCG4810,143844.00,0.00,143844.00,11412.00,C
09-MAY-2026,PCG5350,1249100.74,0.00,1249100.74,103780.00,C
09-MAY-2026,PCG5390,0.00,0.00,0.00,4100.00,C
09-MAY-2026,PM13388,394763.25,0.00,394763.25,32330.00,C
09-MAY-2026,PRME1256,52168.00,0.00,52168.00,6521.00,C
09-MAY-2026,PRMM8264,557391.59,0.00,557391.59,42396.00,C
09-MAY-2026,PTMT1379,228840.00,0.00,228840.00,19070.00,C
09-MAY-2026,PXBGCDJ18,679389.94,0.00,679389.94,54122.00,C
09-MAY-2026,PXBGCDP81,98175.15,0.00,98175.15,11865.00,C
09-MAY-2026,PYDL1208,308124.00,0.00,308124.00,36477.00,C
09-MAY-2026,PYDL1213,134940.00,0.00,134940.00,11245.00,C
09-MAY-2026,PYDL1225,945721.19,0.00,945721.19,70703.50,C
09-MAY-2026,PYDL1228,422568.00,0.00,422568.00,35214.00,C
09-MAY-2026,PYDL1238,81480.00,0.00,81480.00,6790.00,C
09-MAY-2026,PZ995,693414.00,0.00,693414.00,56665.00,C
09-MAY-2026,QMM1136,73314.00,0.00,73314.00,6109.50,C
09-MAY-2026,QR0017,685986.30,0.00,685986.30,80500.00,C
09-MAY-2026,RAJDD3228,214218.00,0.00,214218.00,17851.50,C
09-MAY-2026,RAJDD3257,296352.00,0.00,296352.00,24696.00,C
09-MAY-2026,RAJDD3388,214218.00,0.00,214218.00,17851.50,C
09-MAY-2026,RAJDD3389,214218.00,0.00,214218.00,17851.50,C
09-MAY-2026,RAJJ886,73314.00,0.00,73314.00,6109.50,C
09-MAY-2026,RAJNN1268,40740.00,0.00,40740.00,3395.00,C
09-MAY-2026,RAJNN781,71406.00,0.00,71406.00,5950.50,C
09-MAY-2026,RAJUU688,74088.00,0.00,74088.00,6174.00,C
09-MAY-2026,RAJVV1905,42276.00,0.00,42276.00,3523.00,C
09-MAY-2026,RAJVV871,87013.20,0.00,87013.20,5900.00,C
09-MAY-2026,RAJXX547,69132.00,0.00,69132.00,5761.00,C
09-MAY-2026,RBAR2889,338203.72,0.00,338203.72,26625.00,C
09-MAY-2026,RCHAN1745,607230.00,0.00,607230.00,56502.50,C
09-MAY-2026,RCHAN2346,337350.00,0.00,337350.00,38012.50,C
09-MAY-2026,RCHAN2999,202410.00,0.00,202410.00,26167.50,C
09-MAY-2026,RETAI2843,218034.00,0.00,218034.00,18169.50,C
09-MAY-2026,REX1348,239652.00,0.00,239652.00,19971.00,C
09-MAY-2026,RG1771,258502.35,0.00,258502.35,20074.50,C
09-MAY-2026,RJEE12108,1714884.00,0.00,1714884.00,142907.00,C
09-MAY-2026,RJEE12393,496560.00,0.00,496560.00,41380.00,C
09-MAY-2026,RJEE1309,465036.00,0.00,465036.00,38753.00,C
09-MAY-2026,RKBI111,87013.20,0.00,87013.20,8600.00,C
09-MAY-2026,RKKR1201,34566.00,0.00,34566.00,2880.50,C
09-MAY-2026,RMALL6891,488880.00,0.00,488880.00,40740.00,C
09-MAY-2026,RMALL6895,488880.00,0.00,488880.00,40740.00,C
09-MAY-2026,RNNJ1019,581253.52,0.00,581253.52,49661.00,C
09-MAY-2026,RSH5419,87013.20,0.00,87013.20,5900.00,C
09-MAY-2026,RSH6060,0.00,0.00,0.00,26400.00,C
09-MAY-2026,RSHM8216,0.00,0.00,0.00,10500.00,C
09-MAY-2026,RTGG1255,196350.30,0.00,196350.30,16130.00,C
09-MAY-2026,S5498,219942.00,0.00,219942.00,18328.50,C
09-MAY-2026,SANS1261,145494.00,0.00,145494.00,12124.50,C
09-MAY-2026,SAP2024,1906957.16,0.00,1906957.16,137295.50,C
09-MAY-2026,SDFC1239,148176.00,0.00,148176.00,12348.00,C
09-MAY-2026,SEJA580,535331.79,0.00,535331.79,43755.00,C
09-MAY-2026,SGV1426,589050.90,0.00,589050.90,48390.00,C
09-MAY-2026,SHAR0527,1119768.00,0.00,1119768.00,93314.00,C
09-MAY-2026,SHAR1453,34236.00,0.00,34236.00,2853.00,C
09-MAY-2026,SJEN1201,0.00,0.00,0.00,2800.00,C
09-MAY-2026,SJEN1211,73314.00,0.00,73314.00,6109.50,C
09-MAY-2026,SJTPL16,146628.00,0.00,146628.00,12219.00,C
09-MAY-2026,SMNL1223,684720.00,0.00,684720.00,57060.00,C
09-MAY-2026,SMTJ006,568829.75,0.00,568829.75,46000.00,C
09-MAY-2026,SNATH1916,103698.00,0.00,103698.00,8641.50,C
09-MAY-2026,SOT0175,270392.23,0.00,270392.23,21597.50,C
09-MAY-2026,SOT0197,135110.74,0.00,135110.74,10947.50,C
09-MAY-2026,SPNJ1481,2200887.60,0.00,2200887.60,182971.00,C
09-MAY-2026,SRBS1235,87013.20,0.00,87013.20,5900.00,C
09-MAY-2026,SRJB1204,87013.20,0.00,87013.20,5900.00,C
09-MAY-2026,SSMFN029,84552.00,0.00,84552.00,7046.00,C
09-MAY-2026,VDC6599,154653.94,0.00,154653.94,11225.00,C
09-MAY-2026,VDC7177,338203.72,0.00,338203.72,26625.00,C
09-MAY-2026,VEDP0028,71406.00,0.00,71406.00,5950.50,C
09-MAY-2026,VLUD1231,0.00,0.00,0.00,4050.00,C
09-MAY-2026,VNKG1219,1113290.37,0.00,1113290.37,76561.00,C
09-MAY-2026,VNKG1343,1007067.58,0.00,1007067.58,73113.50,C
09-MAY-2026,VNYS2333,34236.00,0.00,34236.00,2853.00,C
09-MAY-2026,VRPR250,616248.00,0.00,616248.00,61104.00,C
09-MAY-2026,VRPR280,308124.00,0.00,308124.00,46927.00,C
09-MAY-2026,XMF52,216126.00,0.00,216126.00,18010.50,C
09-MAY-2026,XPA1038,71406.00,0.00,71406.00,5950.50,C
