09-MAY-2026,01292,54116.98,0,54116.98,2853,0,0,0,0,0,0,2,0,0
09-MAY-2026,11SN72,459021.15,0,459021.15,38135.5,0,0,0,0,0,0,1,0,0
09-MAY-2026,5305PG01,0,0,0,0,0,0,0,0,0,0,1,0,0
09-MAY-2026,7ACN340,0,0,0,0,0,0,0,0,0,0,1,0,0
09-MAY-2026,7AIG10048,67470,0,67470,5622.5,0,0,0,0,0,0,1,0,0
09-MAY-2026,7AIG32142,71406,0,71406,5950.5,0,0,0,0,0,0,1,0,0
09-MAY-2026,7AIG52048,0,0,0,0,0,0,0,0,0,0,1,0,0
09-MAY-2026,7AIG52909,0,0,0,0,0,0,0,0,0,0,1,0,0
09-MAY-2026,7AIG53397,0,0,0,0,0,0,0,0,0,0,1,0,0
09-MAY-2026,7AIG57233,532107.39,0,532107.39,43050,0,0,0,0,0,0,1,0,0
09-MAY-2026,7AIGMUN,0,0,0,0,0,0,0,0,0,0,1,0,0
09-MAY-2026,7AIGPOJ,0,0,0,0,0,0,0,0,0,0,1,0,0
09-MAY-2026,7AIGUSHA,0,0,0,0,0,0,0,0,0,0,1,0,0
09-MAY-2026,7ARQ2124,34236,0,34236,2853,0,0,0,0,0,0,1,0,0
09-MAY-2026,7ARQ43605,0,0,0,0,0,0,0,0,0,0,1,0,0
09-MAY-2026,7ARQ574,0,0,0,0,0,0,0,0,0,0,1,0,0
09-MAY-2026,7ARQ59388,0,0,0,0,0,0,0,0,0,0,1,0,0
09-MAY-2026,7ARQ885,0,0,0,0,0,0,0,0,0,0,1,0,0
09-MAY-2026,7AVD27821,0,0,0,0,0,0,0,0,0,0,1,0,0
09-MAY-2026,7AZU2054,437587.8,0,437587.8,36247.5,0,0,0,0,0,0,1,0,0
09-MAY-2026,7AZU2061,557040,0,557040,46420,0,0,0,0,0,0,1,0,0
09-MAY-2026,7AZU2074,0,0,0,0,0,0,0,0,0,0,1,0,0
09-MAY-2026,7C9E54238,0,0,0,0,0,0,0,0,0,0,1,0,0
09-MAY-2026,7C9E83,0,0,0,0,0,0,0,0,0,0,1,0,0
09-MAY-2026,7GFH2009,0,0,0,0,0,0,0,0,0,0,1,0,0
09-MAY-2026,7MDD01,0,0,0,0,0,0,0,0,0,0,1,0,0
09-MAY-2026,7MPP2040,0,0,0,0,0,0,0,0,0,0,1,0,0
09-MAY-2026,7RA109877,0,0,0,0,0,0,0,0,0,0,1,0,0
09-MAY-2026,7RA110076,0,0,0,0,0,0,0,0,0,0,1,0,0
09-MAY-2026,7RA165020,0,0,0,0,0,0,0,0,0,0,1,0,0
09-MAY-2026,7RA1AH81,0,0,0,0,0,0,0,0,0,0,1,0,0
09-MAY-2026,7RA1VG52,201873.15,0,201873.15,16706.5,0,0,0,0,0,0,1,0,0
09-MAY-2026,7RACNK01,472290,0,472290,39357.5,0,0,0,0,0,0,1,0,0
09-MAY-2026,7RAP25242,0,0,0,0,0,0,0,0,0,0,1,0,0
09-MAY-2026,7RAP50618,0,0,0,0,0,0,0,0,0,0,1,0,0
09-MAY-2026,7RAP51108,0,0,0,0,0,0,0,0,0,0,1,0,0
09-MAY-2026,7RAP67869,0,0,0,0,0,0,0,0,0,0,1,0,0
09-MAY-2026,7RAPAB02,435065.99,0,435065.99,29500,0,0,0,0,0,0,1,0,0
09-MAY-2026,7RAPAB03,0,0,0,0,0,0,0,0,0,0,1,0,0
09-MAY-2026,7RAPJB01,274563.6,0,274563.6,22444,0,0,0,0,0,0,1,0,0
09-MAY-2026,7RAPMS01,0,0,0,0,0,0,0,0,0,0,1,0,0
09-MAY-2026,7RAPSK02,0,0,0,0,0,0,0,0,0,0,1,0,0
09-MAY-2026,7RBP36088,0,0,0,0,0,0,0,0,0,0,1,0,0
09-MAY-2026,7RECHP01,0,0,0,0,0,0,0,0,0,0,1,0,0
09-MAY-2026,7RKE49691,0,0,0,0,0,0,0,0,0,0,1,0,0
09-MAY-2026,8LBB2071,2180199,0,2180199,186956,0,0,0,0,0,0,1,0,0
09-MAY-2026,GURD2004,0,0,0,0,0,0,0,0,0,0,1,0,0
09-MAY-2026,K60068046,0,0,0,0,0,0,0,0,0,0,1,0,0
09-MAY-2026,K627M3,0,0,0,0,0,0,0,0,0,0,1,0,0
09-MAY-2026,K65701,0,0,0,0,0,0,0,0,0,0,1,0,0
09-MAY-2026,K660ML,0,0,0,0,0,0,0,0,0,0,1,0,0
09-MAY-2026,K6MKJ,172830,0,172830,14402.5,0,0,0,0,0,0,1,0,0
09-MAY-2026,K6S96,675276,0,675276,56273,0,0,0,0,0,0,1,0,0
09-MAY-2026,K6Y204,34236,0,34236,2853,0,0,0,0,0,0,1,0,0
09-MAY-2026,K6Y211,0,0,0,0,0,0,0,0,0,0,1,0,0
09-MAY-2026,K6Y91,103698,0,103698,8641.5,0,0,0,0,0,0,1,0,0
09-MAY-2026,LDH580,0,0,0,0,0,0,0,0,0,0,1,0,0
09-MAY-2026,MKT059679,196350.3,0,196350.3,16130,0,0,0,0,0,0,1,0,0
09-MAY-2026,MT01775,0,0,0,0,0,0,0,0,0,0,1,0,0
09-MAY-2026,MT02407,0,0,0,0,0,0,0,0,0,0,1,0,0
09-MAY-2026,MT1004462,0,0,0,0,0,0,0,0,0,0,1,0,0
09-MAY-2026,MT113105,0,0,0,0,0,0,0,0,0,0,1,0,0
09-MAY-2026,MT114268,0,0,0,0,0,0,0,0,0,0,1,0,0
09-MAY-2026,MT114392,0,0,0,0,0,0,0,0,0,0,1,0,0
09-MAY-2026,MT14307,0,0,0,0,0,0,0,0,0,0,1,0,0
09-MAY-2026,MT5000271,0,0,0,0,0,0,0,0,0,0,1,0,0
09-MAY-2026,MVT6428,0,0,0,0,0,0,0,0,0,0,1,0,0
09-MAY-2026,TAN062375,0,0,0,0,0,0,0,0,0,0,1,0,0
09-MAY-2026,V40009725,0,0,0,0,0,0,0,0,0,0,1,0,0
09-MAY-2026,V40009811,0,0,0,0,0,0,0,0,0,0,1,0,0
