09-MAY-2026,00068,0,0,0,0,0,0,0,0,0,0,0,0
09-MAY-2026,01304,0,0,0,0,0,0,0,0,0,0,0,0
09-MAY-2026,00331,7086182.71,0,7086182.71,555680,0,0,0,0,0,0,0,0
09-MAY-2026,00495,0,0,0,0,0,0,0,0,0,0,0,0
09-MAY-2026,00547,240312,0,240312,20026,0,0,0,0,0,0,0,0
09-MAY-2026,00991,0,0,0,0,0,0,0,0,0,0,0,0
09-MAY-2026,01241,45590791.04,0,45590791.04,3791773.5,0,0,0,0,0,0,0,0
09-MAY-2026,01257,52168,0,52168,6521,0,0,0,0,0,0,0,0
09-MAY-2026,00008,0,0,0,0,0,0,0,0,0,0,0,0
09-MAY-2026,00067,150526852.65,0,150526852.65,16149958,0,0,0,0,0,1248825.6,0,0
09-MAY-2026,00171,117017731.84,0,117017731.84,10117223.5,0,0,0,0,0,4789660.6,0,0
09-MAY-2026,00333,0,0,0,0,0,0,0,0,0,0,0,0
09-MAY-2026,00357,152352,0,152352,48240,0,0,0,0,0,0,0,0
09-MAY-2026,00470,0,0,0,0,0,0,0,0,0,0,0,0
09-MAY-2026,01075,462106.8,0,462106.8,33104.5,0,0,0,0,0,0,0,0
09-MAY-2026,01236,135687425.61,0,135687425.61,15545209,0,0,176142,0,0,0,0,0
09-MAY-2026,01322,0,0,0,0,0,0,0,0,0,0,0,0
09-MAY-2026,00359,0,0,0,0,0,0,0,0,0,0,0,0
09-MAY-2026,00536,64771669.01,0,64771669.01,5414015,0,0,181824,0,0,0,0,0
09-MAY-2026,01271,32703407.78,125,32703532.78,2716934.5,0,0,0,0,0,0,0,0
09-MAY-2026,00094,12605893.61,0,12605893.61,1033044,0,0,0,0,0,0,0,0
09-MAY-2026,01288,0,0,0,0,0,0,0,0,0,0,0,0
09-MAY-2026,01321,0,0,0,0,0,0,0,0,0,0,0,0
09-MAY-2026,00130,281436,0,281436,23453,0,0,0,0,0,0,0,0
09-MAY-2026,01267,280665200.19,-404450,280260750.19,30790877.5,0,0,56820,0,0,3465140.6,0,0
09-MAY-2026,01272,7478897.55,0,7478897.55,582931,0,0,0,0,0,0,0,0
09-MAY-2026,00051,0,0,0,0,0,0,0,0,0,0,0,0
09-MAY-2026,01319,0,0,0,0,0,0,0,0,0,0,0,0
09-MAY-2026,00142,10841780.81,175,10841955.81,880089,0,0,0,0,0,0,0,0
09-MAY-2026,00335,21899520.06,0,21899520.06,1937417,0,0,0,0,0,0,0,0
09-MAY-2026,00481,23413868.05,0,23413868.05,2360791.5,0,0,340920,0,0,0,0,0
09-MAY-2026,00622,1775592,0,1775592,147966,0,0,0,0,0,0,0,0
09-MAY-2026,00732,902140.21,0,902140.21,73215,0,0,0,0,0,0,0,0
09-MAY-2026,01287,82328719.89,0,82328719.89,7464916.5,0,0,225406,0,0,0,0,0
09-MAY-2026,00092,0,0,0,0,0,0,0,0,0,0,0,0
09-MAY-2026,01313,8053506,0,8053506,905881.5,0,0,0,0,0,0,0,0
09-MAY-2026,NCDXTIM01,12252906.04,0,12252906.04,1216972,0,0,0,0,0,0,0,0
09-MAY-2026,00890,0,0,0,0,0,0,0,0,0,0,0,0
09-MAY-2026,01007,41201767.14,0,41201767.14,3382715.5,0,0,87134,0,0,0,0,0
09-MAY-2026,01269,0,0,0,0,0,0,0,0,0,0,0,0
09-MAY-2026,01283,150772349.39,0,150772349.39,12586365.5,0,0,5682,0,0,0,0,0
09-MAY-2026,01294,0,0,0,0,0,0,0,0,0,0,0,0
09-MAY-2026,00187,0,0,0,0,0,0,0,0,0,0,0,0
