09-MAY-2026,01255,0,0,0,0,0,0,0,0,0,0,2,0,0,0,0,20260509-0,162236550,167236550,167236550,0,0,20260509-0
09-MAY-2026,N00032,2961864,0,2961864,246822,0,0,0,0,0,0,1,0,0,2961864,246822,20260509-0,2308197.1,2308197.1,2308197.1,3208686,900488.9,20260509-0
09-MAY-2026,N00045,44744266.07,0,44744266.07,4148018,0,0,0,0,0,0,1,0,0,44744266.07,4148018,20260509-0,41853656.48,90754708.24,90754708.24,48892284.07,0,20260509-0
09-MAY-2026,N007522,62576754.07,0,62576754.07,5033914.5,0,0,0,0,0,703929.6,1,0,0,62576754.07,5033914.5,20260509-0,98277701.82,98277701.82,98277701.82,67610668.57,0,20260509-0
09-MAY-2026,N007749,40074275.17,0,40074275.17,3253593,0,0,0,0,0,0,1,0,0,40074275.17,3253593,20260509-0,47197671.06,47197671.06,47197671.06,43327868.17,0,20260509-0
09-MAY-2026,N007750,1681164,0,1681164,140097,0,0,0,0,0,0,1,0,0,1681164,140097,20260509-0,2286636.24,2286636.24,2286636.24,1821261,0,20260509-0
09-MAY-2026,N008483,0,0,0,0,0,0,0,0,0,0,1,0,0,0,0,20260509-0,.15,.15,.15,0,0,20260509-0
09-MAY-2026,N009152,0,0,0,0,0,0,0,0,0,0,1,0,0,0,0,20260509-0,.01,.01,.01,0,0,20260509-0
09-MAY-2026,N009332,0,0,0,0,0,0,0,0,0,0,1,0,0,0,0,20260509-0,11952.78,11952.78,11952.78,0,0,20260509-0
09-MAY-2026,N009920,0,0,0,0,0,0,0,0,0,0,1,0,0,0,0,20260509-0,1000000,1000000,1000000,0,0,20260509-0
09-MAY-2026,N010099,2418380.66,0,2418380.66,192864,0,0,0,0,0,0,1,0,0,2418380.66,192864,20260509-0,8199458.2,8199458.2,8199458.2,2611244.66,0,20260509-0
09-MAY-2026,N010460,0,0,0,0,0,0,0,0,0,0,1,0,0,0,0,20260509-0,16500000,16500000,16500000,0,0,20260509-0
09-MAY-2026,N010568,0,0,0,0,0,0,0,0,0,0,1,0,0,0,0,20260509-0,5000,5000,5000,0,0,20260509-0
09-MAY-2026,N011313,16041287.25,0,16041287.25,1263903,0,0,0,0,0,0,1,0,0,16041287.25,1263903,20260509-0,19089661.62,19089661.62,19089661.62,17305190.25,0,20260509-0
09-MAY-2026,N011317,0,0,0,0,0,0,0,0,0,0,1,0,0,0,0,20260509-0,5000000,5000000,5000000,0,0,20260509-0
09-MAY-2026,N011484,1176667.7,0,1176667.7,96636,0,0,0,0,0,0,1,0,0,1176667.7,96636,20260509-0,2915020.52,2915020.52,2915020.52,1273303.7,0,20260509-0
09-MAY-2026,N012151,206069.13,0,206069.13,16226,0,0,0,0,0,0,1,0,0,206069.13,16226,20260509-0,1009174.69,1009174.69,1009174.69,222295.13,0,20260509-0
09-MAY-2026,N012324,0,0,0,0,0,0,0,0,0,0,1,0,0,0,0,20260509-0,166109.79,166109.79,166109.79,0,0,20260509-0
09-MAY-2026,N012404,124632,0,124632,10386,0,0,0,0,0,0,1,0,0,124632,10386,20260509-0,299108.97,299108.97,299108.97,135018,0,20260509-0
09-MAY-2026,N012412,2127426.6,0,2127426.6,169141,0,0,0,0,0,0,1,0,0,2127426.6,169141,20260509-0,3060831.82,3060831.82,3060831.82,2296567.6,0,20260509-0
09-MAY-2026,N012558,0,0,0,0,0,0,0,0,0,0,1,0,0,0,0,20260509-0,141666.36,141666.36,141666.36,0,0,20260509-0
09-MAY-2026,N012570,0,0,0,0,0,0,0,0,0,0,1,0,0,0,0,20260509-0,48279.76,48279.76,48279.76,0,0,20260509-0
09-MAY-2026,N012624,0,0,0,0,0,0,0,0,0,0,1,0,0,0,0,20260509-0,167880.61,167880.61,167880.61,0,0,20260509-0
09-MAY-2026,N012676,0,0,0,0,0,0,0,0,0,0,1,0,0,0,0,20260509-0,340054.39,340054.39,340054.39,0,0,20260509-0
09-MAY-2026,N012957,0,0,0,0,0,0,0,0,0,0,1,0,0,0,0,20260509-0,55000000,55000000,55000000,0,0,20260509-0
09-MAY-2026,N013540,83088,0,83088,6924,0,0,0,0,0,0,1,0,0,83088,6924,20260509-0,102900.6,102900.6,102900.6,90012,0,20260509-0
09-MAY-2026,N013545,0,0,0,0,0,0,0,0,0,0,1,0,0,0,0,20260509-0,24.99,24.99,24.99,0,0,20260509-0
09-MAY-2026,N013687,273271237.89,0,273271237.89,23844425,0,0,2725400,0,0,15230862,1,0,0,273271237.89,23844425,20260509-0,346956816.93,346956816.93,346956816.93,297115662.89,0,20260509-0
09-MAY-2026,N01514,0,0,0,0,0,0,0,0,0,0,1,0,0,0,0,20260509-0,520.98,520.98,520.98,0,0,20260509-0
09-MAY-2026,N01717,0,0,0,0,0,0,0,0,0,0,1,0,0,0,0,20260509-0,.37,.37,.37,0,0,20260509-0
09-MAY-2026,N02734,0,0,0,0,0,0,0,0,0,0,1,0,0,0,0,20260509-0,7500000,7500000,7500000,0,0,20260509-0
09-MAY-2026,N345301,41544,0,41544,3462,0,0,0,0,0,0,1,0,0,41544,3462,20260509-0,169344.24,169344.24,169344.24,45006,0,20260509-0
09-MAY-2026,N345409,0,0,0,0,0,0,0,0,0,0,1,0,0,0,0,20260509-0,37237.98,37237.98,37237.98,0,0,20260509-0
09-MAY-2026,N529527,0,0,0,0,0,0,0,0,0,0,1,0,0,0,0,20260509-0,98751.58,98751.58,98751.58,0,0,20260509-0
09-MAY-2026,N543848,0,0,0,0,0,0,0,0,0,0,1,0,0,0,0,20260509-0,.01,.01,.01,0,0,20260509-0
09-MAY-2026,N575396,0,0,0,0,0,0,0,0,0,0,1,0,0,0,0,20260509-0,.01,.01,.01,0,0,20260509-0
09-MAY-2026,N753606,0,0,0,0,0,0,0,0,0,0,1,0,0,0,0,20260509-0,.01,.01,.01,0,0,20260509-0
09-MAY-2026,N753610,0,0,0,0,0,0,0,0,0,0,1,0,0,0,0,20260509-0,51189.83,51189.83,51189.83,0,0,20260509-0
09-MAY-2026,N753612,0,0,0,0,0,0,0,0,0,0,1,0,0,0,0,20260509-0,2122712.41,2122712.41,2122712.41,0,0,20260509-0
09-MAY-2026,N753626,0,0,0,0,0,0,0,0,0,0,1,0,0,0,0,20260509-0,1217555.91,1217555.91,1217555.91,0,0,20260509-0
09-MAY-2026,P201307,1074581.13,0,1074581.13,95174,0,0,0,0,0,0,1,0,0,1074581.13,95174,20260509-0,1365332.65,1365332.65,1365332.65,1169755.13,0,20260509-0
09-MAY-2026,SUN746955,0,0,0,0,0,0,0,0,0,0,1,0,0,0,0,20260509-0,.01,.01,.01,0,0,20260509-0
