09-MAY-2026,AHMCA199,878328.00,0.00,878328.00,79344.00,C
09-MAY-2026,AHMCB167,674064.00,0.00,674064.00,168660.92,C
09-MAY-2026,AHMCC175,782520.00,0.00,782520.00,97815.00,C
09-MAY-2026,AHMCD164,174026.40,0.00,174026.40,11800.00,C
09-MAY-2026,AHMCH140,1331274.00,0.00,1331274.00,122529.50,C
09-MAY-2026,AHMCH155,219744.00,0.00,219744.00,18312.00,C
09-MAY-2026,AHMCK280,130420.00,0.00,130420.00,16302.50,C
09-MAY-2026,AHMCP175,135281.49,0.00,135281.49,10650.00,C
09-MAY-2026,AHMCP338,2093789.66,0.00,2093789.66,170430.00,C
09-MAY-2026,AHMCS575,67470.00,0.00,67470.00,5622.50,C
09-MAY-2026,AKA173,81480.00,0.00,81480.00,6790.00,C
09-MAY-2026,AKA417,40740.00,0.00,40740.00,5795.00,C
09-MAY-2026,AKA445,169104.00,0.00,169104.00,21592.00,C
09-MAY-2026,AKA460,253056.00,0.00,253056.00,21088.00,C
09-MAY-2026,AKG110,203700.00,0.00,203700.00,21475.00,C
09-MAY-2026,AKJ081,4807320.00,0.00,4807320.00,400610.00,C
09-MAY-2026,AKJ122,1140720.00,0.00,1140720.00,95060.00,C
09-MAY-2026,AKK111,436620.00,0.00,436620.00,89550.00,C
09-MAY-2026,AKK140,42276.00,0.00,42276.00,5923.00,C
09-MAY-2026,AKM384,422760.00,0.00,422760.00,35230.00,C
09-MAY-2026,AKR292,422760.00,0.00,422760.00,35230.00,C
09-MAY-2026,AKR412,203700.00,0.00,203700.00,16975.00,C
09-MAY-2026,AKS343,570360.00,0.00,570360.00,47530.00,C
09-MAY-2026,AKS601,2104993.82,0.00,2104993.82,345561.00,C
09-MAY-2026,AKS697,42276.00,0.00,42276.00,3523.00,C
09-MAY-2026,AKS822,687226.05,0.00,687226.05,56455.00,C
09-MAY-2026,AKV205,456216.00,0.00,456216.00,38018.00,C
09-MAY-2026,AMP103,98175.15,0.00,98175.15,8065.00,C
09-MAY-2026,AURGS9D104,164496.00,0.00,164496.00,13708.00,C
09-MAY-2026,AURGS9O101,40740.00,0.00,40740.00,3395.00,C
09-MAY-2026,AURGS9S113,126828.00,0.00,126828.00,10569.00,C
09-MAY-2026,BMM198,148176.00,0.00,148176.00,12348.00,C
09-MAY-2026,BMS053,205416.00,0.00,205416.00,19168.00,C
09-MAY-2026,BMV075,200475.60,0.00,200475.60,16270.00,C
09-MAY-2026,DIRB24S103,42276.00,0.00,42276.00,3523.00,C
09-MAY-2026,DIRB81A106,42276.00,0.00,42276.00,3523.00,C
09-MAY-2026,DIRB81V101,81480.00,0.00,81480.00,6790.00,C
09-MAY-2026,DIRC21K104,687226.05,0.00,687226.05,56455.00,C
09-MAY-2026,DIRC21R111,787463.85,0.00,787463.85,64590.00,C
09-MAY-2026,DIRW70P112,337308.00,0.00,337308.00,28109.00,C
09-MAY-2026,E933255,26332.00,0.00,26332.00,3291.50,C
09-MAY-2026,ERROR,26332.00,0.00,26332.00,3291.50,C
09-MAY-2026,FPB22K121,236574.00,0.00,236574.00,19714.50,C
09-MAY-2026,GBN10S527,141438.00,0.00,141438.00,17103.00,C
09-MAY-2026,GBN21B051,1113804.00,0.00,1113804.00,92817.00,C
09-MAY-2026,GBN21S066,1721832.00,0.00,1721832.00,143486.00,C
09-MAY-2026,GBN21S192,1507380.00,0.00,1507380.00,125615.00,C
09-MAY-2026,GBN488A116,887796.00,0.00,887796.00,73983.00,C
09-MAY-2026,GBN503A104,84552.00,0.00,84552.00,7046.00,C
09-MAY-2026,GBN503A106,84552.00,0.00,84552.00,7046.00,C
09-MAY-2026,GBN503N104,369732.00,0.00,369732.00,30811.00,C
09-MAY-2026,GBN503V111,84552.00,0.00,84552.00,7046.00,C
09-MAY-2026,GJBG1P106,945775.20,0.00,945775.20,76632.50,C
09-MAY-2026,GJBG1S103,472290.00,0.00,472290.00,39357.50,C
09-MAY-2026,GJBG1S112,877963.72,0.00,877963.72,71605.00,C
09-MAY-2026,GKOHNH111,805505.99,0.00,805505.99,60370.00,C
09-MAY-2026,GNP13C22,548988.00,0.00,548988.00,45749.00,C
09-MAY-2026,GNP13C76,208308.00,0.00,208308.00,17359.00,C
09-MAY-2026,GNP22S190,253656.00,0.00,253656.00,21138.00,C
09-MAY-2026,GNP28R325,2607360.00,0.00,2607360.00,217280.00,C
09-MAY-2026,GNP28V304,2403660.00,0.00,2403660.00,200305.00,C
09-MAY-2026,GNP32A101,84552.00,0.00,84552.00,8446.00,C
09-MAY-2026,GNP32N102,1145328.00,0.00,1145328.00,95444.00,C
09-MAY-2026,GNP32S126,42276.00,0.00,42276.00,5023.00,C
09-MAY-2026,GNP3B51,42276.00,0.00,42276.00,3523.00,C
09-MAY-2026,GNP3D011,40740.00,0.00,40740.00,3395.00,C
09-MAY-2026,GNP64D014,531156.00,0.00,531156.00,44686.08,C
09-MAY-2026,GNP73A131,138264.00,0.00,138264.00,11522.00,C
09-MAY-2026,GNP73D113,41976.00,0.00,41976.00,3498.00,C
09-MAY-2026,GNP73D156,168204.00,0.00,168204.00,14017.00,C
09-MAY-2026,GNP73M134,34566.00,0.00,34566.00,2880.50,C
09-MAY-2026,GNP73P155,142812.00,0.00,142812.00,11901.00,C
09-MAY-2026,GNP73S080,211380.00,0.00,211380.00,17615.00,C
09-MAY-2026,GNP75D120,122220.00,0.00,122220.00,10185.00,C
09-MAY-2026,GNP75M166,1090239.90,0.00,1090239.90,89065.00,C
09-MAY-2026,GORWA349,6087666.87,0.00,6087666.87,479250.00,C
09-MAY-2026,GPU181G101,253656.00,0.00,253656.00,21138.00,C
09-MAY-2026,GPU181P105,40740.00,0.00,40740.00,3395.00,C
09-MAY-2026,GPU181S105,40740.00,0.00,40740.00,3395.00,C
09-MAY-2026,GPU2J040,111450.00,0.00,111450.00,34590.00,C
09-MAY-2026,GPU33A114,263772.00,0.00,263772.00,21981.00,C
09-MAY-2026,GPU33A116,263772.00,0.00,263772.00,21981.00,C
09-MAY-2026,GPU33D014,84552.00,0.00,84552.00,7046.00,C
09-MAY-2026,GPU33J007,348324.00,0.00,348324.00,29027.00,C
09-MAY-2026,GPU33K011,153024.00,0.00,153024.00,12752.00,C
09-MAY-2026,GPU33K107,153024.00,0.00,153024.00,12752.00,C
09-MAY-2026,GPU33L003,42276.00,0.00,42276.00,3523.00,C
09-MAY-2026,GPU33M015,153024.00,0.00,153024.00,12752.00,C
09-MAY-2026,GPU33M017,42276.00,0.00,42276.00,3523.00,C
09-MAY-2026,GPU33M037,153024.00,0.00,153024.00,12752.00,C
09-MAY-2026,GPU33M038,263772.00,0.00,263772.00,21981.00,C
09-MAY-2026,GPU33M109,195300.00,0.00,195300.00,16275.00,C
09-MAY-2026,GPU33N012,84552.00,0.00,84552.00,7946.00,C
09-MAY-2026,GPU33P115,76512.00,0.00,76512.00,6376.00,C
09-MAY-2026,GPU33P116,153024.00,0.00,153024.00,12752.00,C
09-MAY-2026,GPU33P117,153024.00,0.00,153024.00,12752.00,C
09-MAY-2026,GPU33R007,348324.00,0.00,348324.00,29027.00,C
09-MAY-2026,GPU33R109,118788.00,0.00,118788.00,9899.00,C
09-MAY-2026,GPU33R110,153024.00,0.00,153024.00,12752.00,C
09-MAY-2026,GPU33R112,118788.00,0.00,118788.00,9899.00,C
09-MAY-2026,GPU33R114,153024.00,0.00,153024.00,12752.00,C
09-MAY-2026,GPU33R115,76512.00,0.00,76512.00,6376.00,C
09-MAY-2026,GPU33S046,237576.00,0.00,237576.00,19798.00,C
09-MAY-2026,GPU33S057,153024.00,0.00,153024.00,12752.00,C
09-MAY-2026,GPU33S119,110748.00,0.00,110748.00,9229.00,C
09-MAY-2026,GPU33T101,153024.00,0.00,153024.00,12752.00,C
09-MAY-2026,GPU33V104,221496.00,0.00,221496.00,18458.00,C
09-MAY-2026,GPU33V109,153024.00,0.00,153024.00,12752.00,C
09-MAY-2026,GPUR022,291348.00,0.00,291348.00,24279.00,C
09-MAY-2026,HCA010,3239160.81,0.00,3239160.81,295792.00,C
09-MAY-2026,HCA1141,753000.00,0.00,753000.00,126150.00,C
09-MAY-2026,HCA1144,2092485.00,0.00,2092485.00,246953.68,C
09-MAY-2026,HCA1159,60320.00,0.00,60320.00,6113.50,C
09-MAY-2026,HCA1166,1968144.00,0.00,1968144.00,254245.33,C
09-MAY-2026,HCH025,1099980.00,0.00,1099980.00,91665.00,C
09-MAY-2026,HCK101,313008.00,0.00,313008.00,39126.00,C
09-MAY-2026,HCM083,1099980.00,0.00,1099980.00,91665.00,C
09-MAY-2026,HCP058,1151907.00,0.00,1151907.00,166648.00,C
09-MAY-2026,HCS164,158640.00,0.00,158640.00,13220.00,C
09-MAY-2026,HOB502,10093268.54,0.00,10093268.54,859207.00,C
09-MAY-2026,HOIBJ802,0.00,0.00,0.00,4100.00,C
09-MAY-2026,HOIBK303,135281.49,0.00,135281.49,10650.00,C
09-MAY-2026,HOIBN894,34236.00,0.00,34236.00,2853.00,C
09-MAY-2026,HYD4O541,4009512.05,0.00,4009512.05,325400.00,C
09-MAY-2026,HYD5V205,2664611.24,0.00,2664611.24,220307.00,C
09-MAY-2026,HYD92S124,883576.35,0.00,883576.35,72585.00,C
09-MAY-2026,INDC1R115,81480.00,0.00,81480.00,6790.00,C
09-MAY-2026,INSW152,222816.00,0.00,222816.00,18568.00,C
09-MAY-2026,INSWN107,422760.00,0.00,422760.00,35230.00,C
09-MAY-2026,INSWP122,244440.00,0.00,244440.00,20370.00,C
09-MAY-2026,INSWS119,270562.97,0.00,270562.97,21300.00,C
09-MAY-2026,INSWV110,1955520.00,0.00,1955520.00,162960.00,C
09-MAY-2026,JMRBS102,194980.00,0.00,194980.00,18422.00,C
09-MAY-2026,JPBKM090,12978184.63,0.00,12978184.63,1076216.00,C
09-MAY-2026,JPCD9P108,2563860.00,0.00,2563860.00,213655.00,C
09-MAY-2026,JPGMN105,81480.00,0.00,81480.00,6790.00,C
09-MAY-2026,JPKT1A101,261039.59,0.00,261039.59,17700.00,C
09-MAY-2026,JPKTA263,148176.00,0.00,148176.00,12348.00,C
09-MAY-2026,JPKTA486,503537.99,0.00,503537.99,35206.00,C
09-MAY-2026,JPKTD060,2209695.94,0.00,2209695.94,172399.00,C
09-MAY-2026,JPKTD136,3638165.91,0.00,3638165.91,255892.00,C
09-MAY-2026,JPKTN254,3567541.10,0.00,3567541.10,241900.00,C
09-MAY-2026,JPKTP138,296352.00,0.00,296352.00,54996.00,C
09-MAY-2026,JPKTR368,202922.23,0.00,202922.23,15975.00,C
09-MAY-2026,JPKTR418,4148928.00,0.00,4148928.00,345744.00,C
09-MAY-2026,JPKTR449,1305197.96,0.00,1305197.96,88500.00,C
09-MAY-2026,JPKTS561,87013.20,0.00,87013.20,5900.00,C
09-MAY-2026,JPKTS605,3306501.51,0.00,3306501.51,224200.00,C
09-MAY-2026,JPKTS637,2158941.56,0.00,2158941.56,155592.00,C
09-MAY-2026,JPKTU103,0.00,0.00,0.00,6700.00,C
09-MAY-2026,JPP1330,1138771.20,0.00,1138771.20,93546.50,C
09-MAY-2026,JPPR3A247,1487925.60,0.00,1487925.60,117447.50,C
09-MAY-2026,JPPR3C161,3766810.97,0.00,3766810.97,312654.00,C
09-MAY-2026,JPPR3D180,135281.49,0.00,135281.49,10650.00,C
09-MAY-2026,JPPR3H173,23366475.11,0.00,23366475.11,1907305.00,C
09-MAY-2026,JPPR3P205,445068.00,0.00,445068.00,37089.00,C
09-MAY-2026,JPPR3S286,472290.00,0.00,472290.00,39357.50,C
09-MAY-2026,JPSHU101,337350.00,0.00,337350.00,33645.83,C
09-MAY-2026,JPT6R103,136944.00,0.00,136944.00,11412.00,C
09-MAY-2026,JPUDD148,67470.00,0.00,67470.00,5622.50,C
09-MAY-2026,JPV989,269880.00,0.00,269880.00,22490.00,C
09-MAY-2026,LTRA178,6506082.45,0.00,6506082.45,522104.00,C
09-MAY-2026,LTRR069,300713.40,0.00,300713.40,41305.00,C
09-MAY-2026,MJOC107,34566.00,0.00,34566.00,2880.50,C
09-MAY-2026,MLKB009,0.00,0.00,0.00,11300.00,C
09-MAY-2026,MLKL004,0.00,0.00,0.00,28800.00,C
09-MAY-2026,NHGD015,1729848.01,0.00,1729848.01,141972.50,C
09-MAY-2026,NHGD017,1729848.01,0.00,1729848.01,141972.50,C
09-MAY-2026,NHGN103,1729848.01,0.00,1729848.01,141972.50,C
09-MAY-2026,PCGK2A106,1719657.01,0.00,1719657.01,142214.00,C
09-MAY-2026,PCGK5P101,73314.00,0.00,73314.00,6109.50,C
09-MAY-2026,PCHNBHA300,76842.00,0.00,76842.00,6403.50,C
09-MAY-2026,PCHNBHG184,205904.74,0.00,205904.74,19497.00,C
09-MAY-2026,PCHNBHJ148,34566.00,0.00,34566.00,2880.50,C
09-MAY-2026,PCHNBHR264,69132.00,0.00,69132.00,5761.00,C
09-MAY-2026,PCHNBHS408,138264.00,0.00,138264.00,11522.00,C
09-MAY-2026,PCHNJLR135,312293.49,0.00,312293.49,25401.00,C
09-MAY-2026,PCHNJLR194,73314.00,0.00,73314.00,6109.50,C
09-MAY-2026,RPR17P97,443370.75,0.00,443370.75,36395.00,C
09-MAY-2026,TRP298,34236.00,0.00,34236.00,2853.00,C
09-MAY-2026,VADA238,422760.00,0.00,422760.00,35230.00,C
09-MAY-2026,VADB131,2487084.00,0.00,2487084.00,207257.00,C
09-MAY-2026,VADM246,1606488.00,0.00,1606488.00,133874.00,C
09-MAY-2026,VICPBP101,218070.00,0.00,218070.00,30772.50,C
