09-MAY-2026,01262,0,0,0,0,0,0,0,0,0,0,2,0,0,0,0,20260509-0,524314643.82,529314643.82,529314643.82,0,0,20260509-0
09-MAY-2026,108HN,375600,0,375600,31300,0,0,0,0,0,0,1,0,0,375600,31300,20260509-0,417609.68,417609.68,419125,406900,0,20260509-0
09-MAY-2026,1NIK9,0,0,0,0,0,0,0,0,0,0,1,0,0,0,0,20260509-0,668174.89,668174.89,668174.89,0,0,20260509-0
09-MAY-2026,2OGR2,5986584,0,5986584,498882,0,0,0,0,0,0,1,0,0,5986584,498882,20260509-0,6538611,6538611,6538611,6485466,0,20260509-0
09-MAY-2026,46MT8,206069.13,0,206069.13,16226,0,0,0,0,0,0,1,0,0,206069.13,16226,20260509-0,226211.26,226211.26,226211.26,222295.13,0,20260509-0
09-MAY-2026,5VCW9,2705920,0,2705920,269000,0,0,0,0,0,0,1,0,0,2705920,269000,20260509-0,2397291,2397291,2397291,2974920,577629,20260509-0
09-MAY-2026,984W2,28110564,0,28110564,2342547,0,0,0,0,0,0,1,0,0,28110564,2342547,20260509-0,1669460.85,1669460.85,1669460.85,30453111,28783650.15,20260509-0
09-MAY-2026,98C25,26837802,0,26837802,2236483.5,0,0,0,0,0,0,1,0,0,26837802,2236483.5,20260509-0,2171221.2,2171221.2,1171221.2,29074285.5,27903064.3,20260509-0
09-MAY-2026,A0RZI,18621720,0,18621720,1551810,0,0,0,0,0,0,1,0,0,18621720,1551810,20260509-0,20318845,20318845,20318845,20173530,0,20260509-0
09-MAY-2026,A16M1,63531,0,63531,20637,0,0,0,0,0,0,1,0,0,63531,20637,20260509-0,0,0,0,84168,84168,20260509-0
09-MAY-2026,A17HW,4442643.17,0,4442643.17,527972,0,0,0,0,0,0,1,0,0,4442643.17,527972,20260509-0,4012512.55,4012512.55,4012512.55,4970615.17,958102.62,20260509-0
09-MAY-2026,B091A,159734.14,0,159734.14,12346,0,0,0,0,0,0,1,0,0,159734.14,12346,20260509-0,167044.47,167044.47,167044.47,172080.14,5035.67,20260509-0
09-MAY-2026,B097R,0,0,0,0,0,0,0,0,0,0,1,0,0,0,0,20260509-0,38961339.58,38961339.58,35871091,0,0,20260509-0
09-MAY-2026,C084L,22208133.27,0,22208133.27,1770568,0,0,0,0,0,0,1,0,0,22208133.27,1770568,20260509-0,10527191.49,10527191.49,10527191.49,23978701.27,13451509.78,20260509-0
09-MAY-2026,DH5F0,234854.14,0,234854.14,18606,0,0,0,0,0,0,1,0,0,234854.14,18606,20260509-0,251024.47,251024.47,251024.47,253460.14,2435.67,20260509-0
09-MAY-2026,F00VU,71622,0,71622,5968.5,0,0,0,0,0,0,1,0,0,71622,5968.5,20260509-0,78859,78859,78859,77590.5,0,20260509-0
09-MAY-2026,F017P,50598159.31,0,50598159.31,5290314.5,0,0,0,0,0,0,1,0,0,52514811.31,4761799.5,20260509-0,2680375.86,2680375.86,2680375.86,57276610.81,54596234.95,20260509-0
09-MAY-2026,F01JP,0,0,0,0,0,0,0,0,0,0,1,0,0,0,0,20260509-0,413866.45,413866.45,413866.45,0,0,20260509-0
09-MAY-2026,G06EY,6368850,0,6368850,530737.5,0,0,0,0,0,0,1,0,0,6906258,575521.5,20260509-0,7280950,7280950,7280950,7481779.5,200829.5,20260509-0
09-MAY-2026,G0AHZ,511339.07,0,511339.07,42129,0,0,0,0,0,0,1,0,0,511339.07,42129,20260509-0,558490.74,558490.74,558490.74,553468.07,0,20260509-0
09-MAY-2026,G0AQ6,44539353,0,44539353,3753439,0,0,0,0,0,0,1,0,0,44539353,3753439,20260509-0,693436.48,693436.48,693436.48,48292792,47599355.52,20260509-0
09-MAY-2026,G0BYV,202410,0,202410,16867.5,0,0,0,0,0,0,1,0,0,202410,16867.5,20260509-0,220858,220858,220858,219277.5,0,20260509-0
09-MAY-2026,H09CZ,150240,0,150240,12520,0,0,0,0,0,0,1,0,0,150240,12520,20260509-0,167961,167961,167961,162760,0,20260509-0
09-MAY-2026,HI004,33588,0,33588,2799,0,0,0,0,0,0,1,0,0,33588,2799,20260509-0,36739,36739,36739,36387,0,20260509-0
09-MAY-2026,I01O7,1434800,0,1434800,179350,0,0,0,0,0,0,1,0,0,1434800,179350,20260509-0,3320266.44,3320266.44,3320266.44,1614150,0,20260509-0
09-MAY-2026,I02BR,7668090,0,7668090,1069970,0,0,0,0,0,0,1,0,0,7668090,1069970,20260509-0,274191.38,274191.38,274191.38,8738060,8463868.62,20260509-0
09-MAY-2026,J07EG,3736160,0,3736160,467020,0,0,0,0,0,0,1,0,0,3736160,467020,20260509-0,5679469,5679469,5680152,4203180,0,20260509-0
09-MAY-2026,J0BJG,2163618,0,2163618,180301.5,0,0,0,0,0,0,1,0,0,2163618,180301.5,20260509-0,2317501.21,2317501.21,2317501.21,2343919.5,26418.29,20260509-0
09-MAY-2026,K0BQO,3230160,0,3230160,269180,0,0,0,0,0,0,1,0,0,3230160,269180,20260509-0,3596019.26,3596019.26,3608259,3499340,0,20260509-0
09-MAY-2026,K0K6D,833993.92,0,833993.92,155195,0,0,0,0,0,0,1,0,0,833993.92,155195,20260509-0,928901.43,928901.43,928901.43,989188.92,60287.49,20260509-0
09-MAY-2026,K0M2P,725220,0,725220,60435,0,0,0,0,0,0,1,0,0,725220,60435,20260509-0,797910,797910,797910,785655,0,20260509-0
09-MAY-2026,KEO72,20544329.72,0,20544329.72,1909720.5,0,0,0,0,0,0,1,0,0,20544329.72,1909720.5,20260509-0,5474725.59,5474725.59,5474725.59,22454050.22,16979324.63,20260509-0
09-MAY-2026,KU1Y0,214866,0,214866,17905.5,0,0,0,0,0,0,1,0,0,214866,17905.5,20260509-0,236575,236575,236575,232771.5,0,20260509-0
09-MAY-2026,M0IIK,954684,0,954684,79557,0,0,0,0,0,0,1,0,0,954684,79557,20260509-0,1041145,1041145,1042947,1034241,0,20260509-0
09-MAY-2026,M0REY,268704,0,268704,22392,0,0,0,0,0,0,1,0,0,268704,22392,20260509-0,293905,293905,293905,291096,0,20260509-0
09-MAY-2026,M0RJJ,445151.06,0,445151.06,39653,0,0,0,0,0,0,1,0,0,445151.06,39653,20260509-0,418006.71,418006.71,418006.71,484804.06,66797.35,20260509-0
09-MAY-2026,M11AJ,851154,0,851154,70929.5,0,0,0,0,0,0,1,0,0,851154,70929.5,20260509-0,1174161,1174161,1174161,922083.5,0,20260509-0
09-MAY-2026,N0JM3,187980,0,187980,15665,0,0,0,0,0,0,1,0,0,187980,15665,20260509-0,205953.5,205953.5,205953.5,203645,0,20260509-0
09-MAY-2026,P0TNV,0,0,0,0,0,0,0,0,0,0,1,0,0,0,0,20260509-0,1000,1000,1000,0,0,20260509-0
09-MAY-2026,R0MEK,5258400,0,5258400,438200,0,0,0,0,0,0,1,0,0,5258400,438200,20260509-0,5867603.1,5867603.1,5873630,5696600,0,20260509-0
09-MAY-2026,R0RPY,10086480,0,10086480,840540,0,0,0,0,0,0,1,0,0,10086480,840540,20260509-0,10972326,10972326,11013415,10927020,0,20260509-0
09-MAY-2026,RV426,79867.07,0,79867.07,6173,0,0,0,0,0,0,1,0,0,79867.07,6173,20260509-0,83522.74,83522.74,83522.74,86040.07,2517.33,20260509-0
09-MAY-2026,RV763,1065921.2,0,1065921.2,87379,0,0,0,0,0,0,1,0,0,1065921.2,87379,20260509-0,1174346.21,1174346.21,1174346.21,1153300.2,0,20260509-0
09-MAY-2026,S128G,0,0,0,0,0,0,0,0,0,0,1,0,0,0,0,20260509-0,2326060.54,2326060.54,2326060.54,0,0,20260509-0
09-MAY-2026,S146S,12863796,0,12863796,1071983,0,0,209090,0,0,0,1,0,0,12863796,1071983,20260509-0,13459135,13459135,13459135,13935779,476644,20260509-0
09-MAY-2026,S1678,385094.14,0,385094.14,31126,0,0,0,0,0,0,1,0,0,385094.14,31126,20260509-0,418984.47,418984.47,418984.47,416220.14,0,20260509-0
09-MAY-2026,S1IIW,0,0,0,0,0,0,0,0,0,0,1,0,0,0,0,20260509-0,2110616.05,2110616.05,2110616.05,0,0,20260509-0
09-MAY-2026,S1KGP,6811603.02,0,6811603.02,531922,0,0,0,0,0,0,1,0,0,6811603.02,531922,20260509-0,7188372.89,7188372.89,7188372.89,7343525.02,155152.13,20260509-0
09-MAY-2026,S1NSP,4193208,0,4193208,349434,0,0,0,0,0,0,1,0,0,4193208,349434,20260509-0,1074120.62,7390446.19,10474469.84,4542642,0,20260509-0
09-MAY-2026,S1R8I,335880,0,335880,27990,0,0,0,0,0,0,1,0,0,335880,27990,20260509-0,367381,367381,367381,363870,0,20260509-0
09-MAY-2026,S1SU5,878537.75,0,878537.75,67903,0,0,0,0,0,0,1,0,0,878537.75,67903,20260509-0,918740.1,918740.1,918740.1,946440.75,27700.65,20260509-0
09-MAY-2026,S1TN8,4099130,0,4099130,434697.5,0,0,0,0,0,0,1,0,0,4099130,434697.5,20260509-0,104218.36,104218.36,104218.36,4533827.5,4429609.14,20260509-0
09-MAY-2026,S1V9J,1521388.27,0,1521388.27,124852,0,0,0,0,0,0,1,0,0,1521388.27,124852,20260509-0,1677767.94,1677767.94,1677767.94,1646240.27,0,20260509-0
09-MAY-2026,T064R,3324900,0,3324900,277075,0,0,0,0,0,0,1,0,0,3324900,277075,20260509-0,1031610.28,1031610.28,1031610.28,3601975,2570364.72,20260509-0
09-MAY-2026,V0AW9,1339449.35,0,1339449.35,105469,0,0,0,0,0,0,1,0,0,1339449.35,105469,20260509-0,2262103.62,2262103.62,1875439,1444918.35,0,20260509-0
09-MAY-2026,V0DQ9,41004,0,41004,3417,0,0,0,0,0,0,1,0,0,41004,3417,20260509-0,44786,44786,44786,44421,0,20260509-0
09-MAY-2026,V0IOV,5921822.46,0,5921822.46,482962,0,0,0,0,0,0,1,0,0,5921822.46,482962,20260509-0,6454805.65,6454805.65,6454806.5,6404784.46,0,20260509-0
09-MAY-2026,V1ZA5,302978.14,0,302978.14,24283,0,0,0,0,0,0,1,0,0,302978.14,24283,20260509-0,83522.74,83522.74,83522.74,327261.14,243738.4,20260509-0
09-MAY-2026,WAPD4,0,0,0,0,0,0,0,0,0,0,1,0,0,0,0,20260509-0,215359,215359,215359,0,0,20260509-0
09-MAY-2026,WEOAB,1188248.14,0,1188248.14,98055.5,0,0,0,0,0,0,1,0,0,1188248.14,98055.5,20260509-0,1294248.47,1294248.47,1294248.47,1286303.64,0,20260509-0
09-MAY-2026,WF8TQ,1410521.75,0,1410521.75,112235,0,0,0,0,0,0,1,0,0,1410521.75,112235,20260509-0,1499164.1,1499164.1,1499164.1,1522756.75,23592.65,20260509-0
09-MAY-2026,WFKWN,1974174,0,1974174,164514.5,0,0,0,0,0,0,1,0,0,1974174,164514.5,20260509-0,1761390.5,1761390.5,1761390.5,2138688.5,377298,20260509-0
09-MAY-2026,X14JQ,0,0,0,0,0,0,0,0,0,0,1,0,0,0,0,20260509-0,225.02,225.02,225.02,0,0,20260509-0
09-MAY-2026,X16YM,479202.41,0,479202.41,37038,0,0,0,0,0,0,1,0,0,479202.41,37038,20260509-0,501131.42,501131.42,501131.42,516240.41,15108.99,20260509-0
09-MAY-2026,X17W2,41544,0,41544,3462,0,0,0,0,0,0,1,0,0,41544,3462,20260509-0,45306,45306,45306,45006,0,20260509-0
09-MAY-2026,X4FB6,34350,0,34350,2862.5,0,0,0,0,0,0,1,0,0,34350,2862.5,20260509-0,121505.5,121505.5,121505.5,37212.5,0,20260509-0
09-MAY-2026,X4LQJ,0,0,0,0,0,0,0,0,0,0,1,0,0,0,0,20260509-0,500,500,500,0,0,20260509-0
09-MAY-2026,X72MX,486814.27,0,486814.27,38637.5,0,0,0,0,0,0,1,0,0,486814.27,38637.5,20260509-0,444165.44,444165.44,444165.44,525451.77,81286.33,20260509-0
09-MAY-2026,XA5K9,7081380,0,7081380,590115,0,0,0,0,0,0,1,0,0,7081380,590115,20260509-0,7730385,7730385,7730385,7671495,0,20260509-0
09-MAY-2026,XB5RD,335880,0,335880,27990,0,0,0,0,0,0,1,0,0,335880,27990,20260509-0,367381,367381,367381,363870,0,20260509-0
09-MAY-2026,XE95O,34350,0,34350,2862.5,0,0,0,0,0,0,1,0,0,34350,2862.5,20260509-0,37525.5,37525.5,37525.5,37212.5,0,20260509-0
09-MAY-2026,XEWYK,462712.27,0,462712.27,36629,0,0,0,0,0,0,1,0,0,462712.27,36629,20260509-0,491803.94,491803.94,491803.94,499341.27,7537.33,20260509-0
09-MAY-2026,XLZFR,572976,0,572976,47748,0,0,0,0,0,0,1,0,0,572976,47748,20260509-0,630865,630865,630865,620724,0,20260509-0
09-MAY-2026,XSXKP,1731693.36,0,1731693.36,134656,0,0,0,0,0,0,1,0,0,1731693.36,134656,20260509-0,1817387.92,1817387.92,1817387.92,1866349.36,48961.44,20260509-0
09-MAY-2026,XUBQP,0,0,0,0,0,0,0,0,0,0,1,0,0,0,0,20260509-0,737959,737959,737959,0,0,20260509-0
09-MAY-2026,XVDFZ,1399630.68,0,1399630.68,111810,0,0,0,0,0,0,1,0,0,1399630.68,111810,20260509-0,1673185.31,1673185.31,1680827.88,1511440.68,0,20260509-0
09-MAY-2026,XW64C,41004,0,41004,3417,0,0,0,0,0,0,1,0,0,41004,3417,20260509-0,44786,44786,44786,44421,0,20260509-0
09-MAY-2026,XW666,41004,0,41004,3417,0,0,0,0,0,0,1,0,0,41004,3417,20260509-0,44786,44786,44786,44421,0,20260509-0
09-MAY-2026,Y5UFN,72522,0,72522,6043.5,0,0,0,0,0,0,1,0,0,72522,6043.5,20260509-0,78859,78859,79791,78565.5,0,20260509-0
09-MAY-2026,Y6CO3,150240,0,150240,12520,0,0,0,0,0,0,1,0,0,150240,12520,20260509-0,83981,83981,83981,162760,78779,20260509-0
09-MAY-2026,Y7COQ,203800.43,0,203800.43,16149,0,0,0,0,0,0,1,0,0,203800.43,16149,20260509-0,220785.13,220785.13,220785.13,219949.43,0,20260509-0
09-MAY-2026,YBILW,797436,0,797436,66453,0,0,0,0,0,0,1,0,0,797436,66453,20260509-0,869896,869896,869896,863889,0,20260509-0
09-MAY-2026,YC7VM,683488,0,683488,85436,0,0,0,0,0,0,1,0,0,683488,85436,20260509-0,682273,682273,682273,768924,86651,20260509-0
09-MAY-2026,YG7OE,150240,0,150240,12520,0,0,0,0,0,0,1,0,0,150240,12520,20260509-0,167961,167961,167961,162760,0,20260509-0
09-MAY-2026,YI2VU,4099130,0,4099130,434697.5,0,0,0,0,0,0,1,0,0,4099130,434697.5,20260509-0,282636.38,282636.38,282636.38,4533827.5,4251191.12,20260509-0
09-MAY-2026,YJ0OL,79867.07,0,79867.07,6173,0,0,0,0,0,0,1,0,0,79867.07,6173,20260509-0,83522.74,83522.74,83522.74,86040.07,2517.33,20260509-0
09-MAY-2026,YJ70X,512904.12,0,512904.12,40488,0,0,0,0,0,0,1,0,0,512904.12,40488,20260509-0,543822.13,543822.13,543822.13,553392.12,9569.99,20260509-0
09-MAY-2026,YLWNK,33587.85,0,33587.85,2799,0,0,0,0,0,0,1,0,0,33587.85,2799,20260509-0,36738.89,36738.89,36738.89,36386.85,0,20260509-0
09-MAY-2026,YLYNU,0,0,0,0,0,0,0,0,0,0,1,0,0,0,0,20260509-0,394.45,394.45,394.45,0,0,20260509-0
09-MAY-2026,YTVIW,214866,0,214866,17905.5,0,0,0,0,0,0,1,0,0,214866,17905.5,20260509-0,236575,236575,236575,232771.5,0,20260509-0
09-MAY-2026,YUH75,0,0,0,0,0,0,0,0,0,0,1,0,0,0,0,20260509-0,275.33,275.33,275.33,0,0,20260509-0
09-MAY-2026,YVA7T,368604,0,368604,30717,0,0,0,0,0,0,1,0,0,368604,30717,20260509-0,325677,325677,325677,399321,73644,20260509-0
09-MAY-2026,YVYRC,2224432,0,2224432,263586,0,0,22728,0,0,0,1,0,0,2224432,263586,20260509-0,1670000.22,1670000.22,1670000.22,2488018,818017.78,20260509-0
09-MAY-2026,YXK0H,1843518,0,1843518,153626.5,0,0,0,0,0,0,1,0,0,1843518,153626.5,20260509-0,708710.5,708710.5,708710.5,1997144.5,1288434,20260509-0
09-MAY-2026,Z2CE9,222762,0,222762,18563.5,0,0,0,0,0,0,1,0,0,222762,18563.5,20260509-0,247852.5,247852.5,247852.5,241325.5,0,20260509-0
09-MAY-2026,ZD588,3911274.15,0,3911274.15,317735.5,0,0,0,0,0,0,1,0,0,3911274.15,317735.5,20260509-0,3574900.21,3574900.21,3574900.21,4229009.65,654109.44,20260509-0
09-MAY-2026,ZDJ2D,7023467.74,0,7023467.74,580018,0,0,56820,0,0,0,1,0,0,7460111.74,616405,20260509-0,10807797.68,10807797.68,10807798,8076516.74,0,20260509-0
09-MAY-2026,ZIEXH,503951.13,0,503951.13,41049.5,0,0,0,0,0,0,1,0,0,503951.13,41049.5,20260509-0,163872.5,163872.5,163872.5,545000.63,381128.13,20260509-0
09-MAY-2026,ZM9GR,74592,0,74592,6216,0,0,0,0,0,0,1,0,0,74592,6216,20260509-0,81524,81524,81524,80808,0,20260509-0
09-MAY-2026,ZQKF5,664980,0,664980,55415,0,0,0,0,0,0,1,0,0,664980,55415,20260509-0,725531,725531,725531,720395,0,20260509-0
09-MAY-2026,ZU124,6254947.99,0,6254947.99,506918,0,0,0,0,0,0,1,0,0,6254947.99,506918,20260509-0,6628016.1,6628016.1,6628016.1,6761865.99,133849.89,20260509-0
09-MAY-2026,ZUCPJ,362610,0,362610,30217.5,0,0,0,0,0,0,1,0,0,362610,30217.5,20260509-0,396358,396358,399030,392827.5,0,20260509-0
09-MAY-2026,ZUDXZ,0,0,0,0,0,0,0,0,0,0,1,0,0,0,0,20260509-0,890645.96,890645.96,890645.96,0,0,20260509-0
09-MAY-2026,ZWFKE,0,0,0,0,0,0,0,0,0,0,1,0,0,0,0,20260509-0,3.2,3.2,3.2,0,0,20260509-0
