09-MAY-2026,60G01,2003973.89,0.00,2003973.89,186315.50,C
09-MAY-2026,A32,540101.49,0.00,540101.49,44385.00,C
09-MAY-2026,A43,6256232.44,0.00,6256232.44,531279.00,C
09-MAY-2026,A436,135281.49,0.00,135281.49,10650.00,C
09-MAY-2026,A632,269880.00,0.00,269880.00,22490.00,C
09-MAY-2026,D260,42276.00,0.00,42276.00,3523.00,C
09-MAY-2026,IH159,69132.00,0.00,69132.00,5761.00,C
09-MAY-2026,IH511,680712.00,0.00,680712.00,56726.00,C
09-MAY-2026,J36,1026754.92,0.00,1026754.92,89616.50,C
09-MAY-2026,K35,667200.00,0.00,667200.00,55600.00,C
09-MAY-2026,M166,948516.00,0.00,948516.00,79043.00,C
09-MAY-2026,M714,2015533.89,0.00,2015533.89,162973.50,C
09-MAY-2026,M91,253624.50,0.00,253624.50,59234.33,C
09-MAY-2026,N103,1690164.86,0.00,1690164.86,134612.50,C
09-MAY-2026,N108,67640.74,0.00,67640.74,5325.00,C
09-MAY-2026,N305,674700.00,0.00,674700.00,56225.00,C
09-MAY-2026,NH112,187251.00,0.00,187251.00,14035.00,C
09-MAY-2026,O49,67640.74,0.00,67640.74,5325.00,C
09-MAY-2026,P10,300713.40,0.00,300713.40,24405.00,C
09-MAY-2026,P102,1275042.31,0.00,1275042.31,106927.00,C
09-MAY-2026,P231,1044158.37,0.00,1044158.37,70800.00,C
09-MAY-2026,P397,944580.00,0.00,944580.00,78715.00,C
09-MAY-2026,P399,2029222.29,0.00,2029222.29,159750.00,C
09-MAY-2026,P447,676407.43,0.00,676407.43,53250.00,C
09-MAY-2026,P57,85669.37,0.00,85669.37,11086.00,C
09-MAY-2026,R324,0.00,0.00,0.00,2700.00,C
09-MAY-2026,R393,828749.39,0.00,828749.39,64791.00,C
09-MAY-2026,R780,1308402.00,0.00,1308402.00,109033.50,C
09-MAY-2026,S15,5417898.74,0.00,5417898.74,448585.00,C
09-MAY-2026,S1525,4403992.29,0.00,4403992.29,416847.50,C
09-MAY-2026,S1582,3073778.25,0.00,3073778.25,256070.00,C
09-MAY-2026,S378,135281.49,0.00,135281.49,10650.00,C
09-MAY-2026,S423,543696.00,0.00,543696.00,45308.00,C
09-MAY-2026,S425,1088142.00,0.00,1088142.00,90678.50,C
09-MAY-2026,V255,214218.00,0.00,214218.00,17851.50,C
09-MAY-2026,V303,902140.21,0.00,902140.21,73215.00,C
09-MAY-2026,V70,1352814.86,0.00,1352814.86,106500.00,C
09-MAY-2026,WA00239,87013.20,0.00,87013.20,5900.00,C
09-MAY-2026,WA00455,154794.00,0.00,154794.00,12899.50,C
09-MAY-2026,WA1083,67470.00,0.00,67470.00,5622.50,C
09-MAY-2026,WA1239,584946.00,0.00,584946.00,48745.50,C
09-MAY-2026,WA1257,207396.00,0.00,207396.00,17283.00,C
09-MAY-2026,WA1259,269880.00,0.00,269880.00,22490.00,C
09-MAY-2026,WA1269,795018.00,0.00,795018.00,66251.50,C
09-MAY-2026,WA1301,67640.74,0.00,67640.74,5325.00,C
09-MAY-2026,WA1312,67640.74,0.00,67640.74,5325.00,C
09-MAY-2026,Y51,67470.00,0.00,67470.00,5622.50,C
