09-MAY-2026,01249,0,0,0,0,0,0,0,0,0,0,2,0,0,0,0,20260509-0,150000000,155000000,155000000,0,0,20260509-0
09-MAY-2026,12866591,35180,0,35180,3518,0,0,0,0,0,0,1,0,0,35180,3518,20260509-0,38698,38698,38698,38698,0,20260509-0
09-MAY-2026,13067525,830880,0,830880,69240,0,0,0,0,0,0,1,0,0,830880,69240,20260509-0,906100,906100,906100,900120,0,20260509-0
09-MAY-2026,14635039,100764,0,100764,8397,0,0,0,0,0,0,1,0,0,100764,8397,20260509-0,110214,110214,110214,109161,0,20260509-0
09-MAY-2026,15120888,1490736.15,0,1490736.15,116024,0,0,0,0,0,0,1,0,0,1490736.15,116024,20260509-0,1606761.67,1606761.67,1606761.67,1606760.15,0,20260509-0
09-MAY-2026,198POOJA,398988,0,398988,33249,0,0,0,0,0,0,1,0,0,398988,33249,20260509-0,435318,435318,435318,432237,0,20260509-0
09-MAY-2026,25843853,105972,0,105972,8831,0,0,0,0,0,0,1,0,0,105972,8831,20260509-0,138303,138303,138303,114803,0,20260509-0
09-MAY-2026,26818984,151489.07,0,151489.07,12141.5,0,0,0,0,0,0,1,0,0,151489.07,12141.5,20260509-0,0,0,0,163630.57,163630.57,20260509-0
09-MAY-2026,27350921,592166,0,592166,57014.5,0,0,35520,0,0,0,1,0,0,592166,57014.5,20260509-0,690120.5,690120.5,690120.5,649180.5,0,20260509-0
09-MAY-2026,28115266,84312,0,84312,7026,0,0,0,0,0,0,1,0,0,84312,7026,20260509-0,91962,91962,91962,91338,0,20260509-0
09-MAY-2026,28204375,290808,0,290808,24234,0,0,0,0,0,0,1,0,0,290808,24234,20260509-0,317135,317135,317135,315042,0,20260509-0
09-MAY-2026,29123372,0,0,0,0,0,0,0,0,0,0,1,0,0,0,0,20260509-0,29664,29664,29664,0,0,20260509-0
09-MAY-2026,32072938,143244,0,143244,11937,0,0,0,0,0,0,1,0,0,143244,11937,20260509-0,157716,157716,157716,155181,0,20260509-0
09-MAY-2026,32225277,79867.07,0,79867.07,6173,0,0,0,0,0,0,1,0,0,79867.07,6173,20260509-0,86040.16,86040.16,86040.16,86040.07,0,20260509-0
09-MAY-2026,39426844,137718,0,137718,11476.5,0,0,5682,0,0,0,1,0,0,137718,11476.5,20260509-0,112573.5,112573.5,112573.5,149194.5,36621,20260509-0
09-MAY-2026,39514561,901440,0,901440,75120,0,0,0,0,0,0,1,0,0,901440,75120,20260509-0,1012660,1012660,1012660,976560,0,20260509-0
09-MAY-2026,41EVINIT,67470,0,67470,5622.5,0,0,0,0,0,0,1,0,0,67470,5622.5,20260509-0,95442.5,95442.5,95442.5,73092.5,0,20260509-0
09-MAY-2026,41GANESH,214866,0,214866,17905.5,0,0,0,0,0,0,1,0,0,214866,17905.5,20260509-0,236574,236574,236574,232771.5,0,20260509-0
09-MAY-2026,41MODIAK,214866,0,214866,17905.5,0,0,0,0,0,0,1,0,0,214866,17905.5,20260509-0,236574,236574,236574,232771.5,0,20260509-0
09-MAY-2026,41PREETI,71622,0,71622,5968.5,0,0,0,0,0,0,1,0,0,71622,5968.5,20260509-0,78858,78858,78858,77590.5,0,20260509-0
09-MAY-2026,48968934,1133380.22,0,1133380.22,89243,0,0,0,0,0,0,1,0,0,1133380.22,89243,20260509-0,1244156.44,1244156.44,1244156.44,1222623.22,0,20260509-0
09-MAY-2026,49133163,145044,0,145044,12087,0,0,0,0,0,0,1,0,0,145044,12087,20260509-0,159783,159783,159783,157131,0,20260509-0
09-MAY-2026,53364600,71622,0,71622,5968.5,0,0,0,0,0,0,1,0,0,71622,5968.5,20260509-0,78858,78858,78858,77590.5,0,20260509-0
09-MAY-2026,53568004,0,0,0,0,0,0,0,0,0,0,1,0,0,71622,5968.5,20260509-0,0,0,0,77590.5,77590.5,20260509-0
09-MAY-2026,57405464,145044,0,145044,12087,0,0,0,0,0,0,1,0,0,145044,12087,20260509-0,159783,159783,159783,157131,0,20260509-0
09-MAY-2026,60510669,33588,0,33588,2799,0,0,0,0,0,0,1,0,0,33588,2799,20260509-0,36738,36738,36738,36387,0,20260509-0
09-MAY-2026,61356911,0,0,0,0,0,0,0,0,0,0,1,0,0,286488,23874,20260509-0,0,0,0,310362,310362,20260509-0
09-MAY-2026,62166587,68700,0,68700,5725,0,0,0,0,0,0,1,0,0,68700,5725,20260509-0,75049,75049,75049,74425,0,20260509-0
09-MAY-2026,62177735,103034.57,0,103034.57,8113,0,0,0,0,0,0,1,0,0,103034.57,8113,20260509-0,113105.13,113105.13,113105.13,111147.57,0,20260509-0
09-MAY-2026,62391407,403063.44,0,403063.44,32144,0,0,0,0,0,0,1,0,0,403063.44,32144,20260509-0,435206.94,435206.94,435206.94,435207.44,.5,20260509-0
09-MAY-2026,65294663,600960,0,600960,50080,0,0,0,0,0,0,1,0,0,600960,50080,20260509-0,671840,671840,671840,651040,0,20260509-0
09-MAY-2026,6697SGNR,67176,0,67176,5598,0,0,0,0,0,0,1,0,0,67176,5598,20260509-0,73476,73476,73476,72774,0,20260509-0
09-MAY-2026,67335480,105152,0,105152,13144,0,0,0,0,0,0,1,0,0,105152,13144,20260509-0,118656,118656,118656,118296,0,20260509-0
09-MAY-2026,67486011,1146402,0,1146402,95533.5,0,0,0,0,0,0,1,0,0,1146402,95533.5,20260509-0,1251237,1251237,1251237,1241935.5,0,20260509-0
09-MAY-2026,67568318,1555883.05,0,1555883.05,122048,0,0,0,0,0,0,1,0,0,1555883.05,122048,20260509-0,1691348.51,1691348.51,1691348.51,1677931.05,0,20260509-0
09-MAY-2026,72356752,231234,0,231234,44631.5,0,0,0,0,0,0,1,0,0,231234,44631.5,20260509-0,279318,279318,279318,254664,0,20260509-0
09-MAY-2026,73549790,371664,0,371664,30972,0,0,0,0,0,0,1,0,0,371664,30972,20260509-0,405840.5,405840.5,405840.5,402636,0,20260509-0
09-MAY-2026,73981953,83088,0,83088,6924,0,0,0,0,0,0,1,0,0,206100,17175,20260509-0,224965,224965,224965,223275,0,20260509-0
09-MAY-2026,74754623,41544,0,41544,3462,0,0,0,0,0,0,1,0,0,41544,3462,20260509-0,45305,45305,45305,45006,0,20260509-0
09-MAY-2026,76886228,0,0,0,0,0,0,0,0,0,0,1,0,0,72522,6043.5,20260509-0,79891.5,79891.5,79891.5,78565.5,0,20260509-0
09-MAY-2026,76920076,0,0,0,0,0,0,0,0,0,0,1,0,0,34350,2862.5,20260509-0,37524.5,37524.5,37524.5,37212.5,0,20260509-0
09-MAY-2026,79660494,920428.27,0,920428.27,74772,0,0,0,0,0,0,1,0,0,920428.27,74772,20260509-0,1005926.94,1005926.94,1005926.94,995200.27,0,20260509-0
09-MAY-2026,83602011,333462,0,333462,27788.5,0,0,0,0,0,0,1,0,0,333462,27788.5,20260509-0,363831,363831,363831,361250.5,0,20260509-0
09-MAY-2026,88718702,2226510,0,2226510,185542.5,0,0,0,0,0,0,1,0,0,2226510,185542.5,20260509-0,2429427,2429427,2429427,2412052.5,0,20260509-0
09-MAY-2026,94259284,6802806,0,6802806,566900.5,0,0,0,0,0,0,1,0,0,6802806,566900.5,20260509-0,7425925,7425925,7425925,7369706.5,0,20260509-0
09-MAY-2026,95333053,71622,0,71622,5968.5,0,0,0,0,0,0,1,0,0,71622,5968.5,20260509-0,78858,78858,78858,77590.5,0,20260509-0
09-MAY-2026,95672334,1202250,0,1202250,100187.5,0,0,0,0,0,0,1,0,0,1270950,105912.5,20260509-0,1388406.5,1388406.5,1388406.5,1376862.5,0,20260509-0
09-MAY-2026,99827967,123552,0,123552,10296,0,0,0,0,0,0,1,0,0,123552,10296,20260509-0,134875,134875,134875,133848,0,20260509-0
09-MAY-2026,99BHAVIK,1339680,0,1339680,111640,0,0,0,0,0,0,1,0,0,1339680,111640,20260509-0,1461720,1461720,1461720,1451320,0,20260509-0
09-MAY-2026,A40MANOJ,2339640,0,2339640,194970,0,0,0,0,0,0,1,0,0,2339640,194970,20260509-0,2598050,2598050,2598050,2534610,0,20260509-0
09-MAY-2026,ABANDCO1,725220,0,725220,60435,0,0,0,0,0,0,1,0,0,725220,60435,20260509-0,798915,798915,798915,785655,0,20260509-0
09-MAY-2026,ABC00020,146365.07,0,146365.07,11714.5,0,0,0,0,0,0,1,0,0,146365.07,11714.5,20260509-0,158079.66,158079.66,158079.66,158079.57,0,20260509-0
09-MAY-2026,ADGOYAL7,5248560,0,5248560,437380,0,0,0,0,0,0,1,0,0,5248560,437380,20260509-0,5753618,5753618,5753618,5685940,0,20260509-0
09-MAY-2026,ADHUF999,1329960,0,1329960,110830,0,0,0,0,0,0,1,0,0,1329960,110830,20260509-0,1451060,1451060,1451060,1440790,0,20260509-0
09-MAY-2026,AKHANI71,2561630.81,0,2561630.81,234639.5,0,0,0,0,0,0,1,0,0,2834238.02,247617,20260509-0,3425808.34,3425808.34,3425808.34,3081855.02,0,20260509-0
09-MAY-2026,AKNPPJMP,337350,0,337350,28112.5,0,0,0,0,0,0,1,0,0,337350,28112.5,20260509-0,375912.5,375912.5,375912.5,365462.5,0,20260509-0
09-MAY-2026,AKS23888,1416870,0,1416870,118072.5,0,0,0,0,0,0,1,0,0,1889160,157430,20260509-0,2061332,2061332,2061332,2046590,0,20260509-0
09-MAY-2026,AMARISHB,262880,0,262880,32860,0,0,0,0,0,0,1,0,0,262880,32860,20260509-0,296640,296640,296640,295740,0,20260509-0
09-MAY-2026,AMBASONS,7296933.63,0,7296933.63,587789.5,0,0,0,0,0,0,1,0,0,7296933.63,587789.5,20260509-0,7884727.73,7884727.73,7884727.73,7884723.13,0,20260509-0
09-MAY-2026,AMITBT55,724596,0,724596,62543,0,0,0,0,0,0,1,0,0,724596,62543,20260509-0,792567,792567,792567,787139,0,20260509-0
09-MAY-2026,ANUPKMRR,100765.86,0,100765.86,8036,0,0,0,0,0,0,1,0,0,100765.86,8036,20260509-0,108801.73,108801.73,108801.73,108801.86,.13,20260509-0
09-MAY-2026,ARCKEJRI,656620.5,0,656620.5,209475.5,0,0,0,0,0,0,1,0,0,656620.5,209475.5,20260509-0,872312,872312,872312,866096,0,20260509-0
09-MAY-2026,ARPITKRG,461409,0,461409,147199,0,0,0,0,0,0,1,0,0,461409,147199,20260509-0,612976,612976,612976,608608,0,20260509-0
09-MAY-2026,ARUPESH4,4669794,0,4669794,389149.5,0,0,0,0,0,0,1,0,0,4669794,389149.5,20260509-0,5092867,5092867,5092867,5058943.5,0,20260509-0
09-MAY-2026,ARVTEL62,72522,0,72522,6043.5,0,0,0,0,0,0,1,0,0,72522,6043.5,20260509-0,79891.5,79891.5,79891.5,78565.5,0,20260509-0
09-MAY-2026,ASHOKH79,1289196,0,1289196,107433,0,0,0,0,0,0,1,0,0,1432440,119370,20260509-0,1577160,1577160,1577160,1551810,0,20260509-0
09-MAY-2026,BAAKHANI,1856232.81,0,1856232.81,198920,0,0,0,0,0,0,1,0,0,1856232.81,198920,20260509-0,1945543.88,1945543.88,1945543.88,2055152.81,109608.93,20260509-0
09-MAY-2026,BAGDIRA3,41544,0,41544,3462,0,0,0,0,0,0,1,0,0,41544,3462,20260509-0,47906,47906,47906,45006,0,20260509-0
09-MAY-2026,BANPAL88,166176,0,166176,13848,0,0,0,0,0,0,1,0,0,166176,13848,20260509-0,181220,181220,181220,180024,0,20260509-0
09-MAY-2026,BBCOMM13,15382336.18,0,15382336.18,1358901,0,0,0,0,0,0,1,0,0,15382336.18,1358901,20260509-0,17022544.92,17022544.92,17022544.92,16741237.18,0,20260509-0
09-MAY-2026,BHAGAGRO,25402527.07,0,25402527.07,2835182.5,0,0,0,0,0,0,1,0,0,25402527.07,2835182.5,20260509-0,28384227.31,28384227.31,28384227.31,28237709.57,0,20260509-0
09-MAY-2026,BRIGHTFM,214866,0,214866,17905.5,0,0,0,0,0,0,1,0,0,214866,17905.5,20260509-0,236574,236574,236574,232771.5,0,20260509-0
09-MAY-2026,BSUNITA7,358110,0,358110,29842.5,0,0,0,0,0,0,1,0,0,358110,29842.5,20260509-0,394290,394290,394290,387952.5,0,20260509-0
09-MAY-2026,CHILIKAP,1712244.83,0,1712244.83,140321,0,0,0,0,0,0,1,0,0,1712244.83,140321,20260509-0,1889757.66,1889757.66,1889757.66,1852565.83,0,20260509-0
09-MAY-2026,DEVG2911,359010,0,359010,29917.5,0,0,0,0,0,0,1,0,0,359010,29917.5,20260509-0,395323.5,395323.5,395323.5,388927.5,0,20260509-0
09-MAY-2026,DINHUF06,1484647.13,0,1484647.13,123721,0,0,0,0,0,0,1,0,0,1484647.13,123721,20260509-0,1628016.2,1628016.2,1628016.2,1608368.13,0,20260509-0
09-MAY-2026,DINSAN07,205338,0,205338,17111.5,0,0,0,0,0,0,1,0,0,205338,17111.5,20260509-0,224360.5,224360.5,224360.5,222449.5,0,20260509-0
09-MAY-2026,DIPAKPPT,1052653.7,0,1052653.7,86301.5,0,0,0,0,0,0,1,0,0,1052653.7,86301.5,20260509-0,1168754.39,1168754.39,1168754.39,1138955.2,0,20260509-0
09-MAY-2026,DWARKAJC,72522,0,72522,6043.5,0,0,0,0,0,0,1,0,0,72522,6043.5,20260509-0,79891.5,79891.5,79891.5,78565.5,0,20260509-0
09-MAY-2026,GANKIT99,201531.72,0,201531.72,16072,0,0,0,0,0,0,1,0,0,201531.72,16072,20260509-0,217603.47,217603.47,217603.47,217603.72,.25,20260509-0
09-MAY-2026,GAURANG2,362610,0,362610,30217.5,0,0,0,0,0,0,1,0,0,362610,30217.5,20260509-0,399457.5,399457.5,399457.5,392827.5,0,20260509-0
09-MAY-2026,GHELANIG,302297.58,0,302297.58,24108,0,0,0,0,0,0,1,0,0,302297.58,24108,20260509-0,326405.2,326405.2,326405.2,326405.58,.38,20260509-0
09-MAY-2026,GNBM0041,167736,0,167736,13978,0,0,0,0,0,0,1,0,0,167736,13978,20260509-0,182572,182572,182572,181714,0,20260509-0
09-MAY-2026,GNBM0046,577836,0,577836,48153,0,0,0,0,0,0,1,0,0,577836,48153,20260509-0,630630,630630,630630,625989,0,20260509-0
09-MAY-2026,GNBM0417,413820,0,413820,34485,0,0,0,0,0,0,1,0,0,413820,34485,20260509-0,451490,451490,451490,448305,0,20260509-0
09-MAY-2026,GNBM0428,82008,0,82008,6834,0,0,0,0,0,0,1,0,0,82008,6834,20260509-0,89570,89570,89570,88842,0,20260509-0
09-MAY-2026,GNBM0429,82008,0,82008,6834,0,0,0,0,0,0,1,0,0,82008,6834,20260509-0,89570,89570,89570,88842,0,20260509-0
09-MAY-2026,GNBM0501,1608336,0,1608336,134028,0,0,0,0,0,0,1,0,0,1608336,134028,20260509-0,1755455,1755455,1755455,1742364,0,20260509-0
09-MAY-2026,GNBM0545,623160,0,623160,51930,0,0,0,0,0,0,1,0,0,623160,51930,20260509-0,682790,682790,682790,675090,0,20260509-0
09-MAY-2026,GNBM0590,205020,0,205020,17085,0,0,0,0,0,0,1,0,0,205020,17085,20260509-0,223925,223925,223925,222105,0,20260509-0
09-MAY-2026,GNBM0593,124632,0,124632,10386,0,0,0,0,0,0,1,0,0,124632,10386,20260509-0,135915,135915,135915,135018,0,20260509-0
09-MAY-2026,GNBM0597,41004,0,41004,3417,0,0,0,0,0,0,1,0,0,41004,3417,20260509-0,44785,44785,44785,44421,0,20260509-0
09-MAY-2026,GNBM0599,281583.86,0,281583.86,24199.5,0,0,0,0,0,0,1,0,0,281583.86,24199.5,20260509-0,306804.5,306804.5,306804.5,305783.36,0,20260509-0
09-MAY-2026,GRAJES99,143244,0,143244,11937,0,0,0,0,0,0,1,0,0,143244,11937,20260509-0,157716,157716,157716,155181,0,20260509-0
09-MAY-2026,HIRARAM5,435132,0,435132,36261,0,0,0,0,0,0,1,0,0,435132,36261,20260509-0,479349,479349,479349,471393,0,20260509-0
09-MAY-2026,HUFS2015,1762152,0,1762152,146846,0,0,0,0,0,0,1,0,0,1762152,146846,20260509-0,1944852,1944852,1944852,1908998,0,20260509-0
09-MAY-2026,IIL50073,1795484.26,0,1795484.26,140567,0,0,0,0,0,0,1,0,0,1795484.26,140567,20260509-0,1941913.72,1941913.72,1941913.72,1936051.26,0,20260509-0
09-MAY-2026,JAINK987,248034,0,248034,20669.5,0,0,0,0,0,0,1,0,0,248034,20669.5,20260509-0,271524.5,271524.5,271524.5,268703.5,0,20260509-0
09-MAY-2026,JAMN1047,33588,0,33588,2799,0,0,0,0,0,0,1,0,0,33588,2799,20260509-0,36738,36738,36738,36387,0,20260509-0
09-MAY-2026,JANSAGAR,71622,0,71622,5968.5,0,0,0,0,0,0,1,0,0,71622,5968.5,20260509-0,78858,78858,78858,77590.5,0,20260509-0
09-MAY-2026,JBBIHANI,3345691.75,0,3345691.75,265881,0,0,0,0,0,0,1,0,0,3345691.75,265881,20260509-0,3793669.44,3793669.44,3793669.44,3611572.75,0,20260509-0
09-MAY-2026,JITPRA79,359910,0,359910,29992.5,0,0,0,0,0,0,1,0,0,359910,29992.5,20260509-0,396357,396357,396357,389902.5,0,20260509-0
09-MAY-2026,JMRC1975,749016,0,749016,62418,0,0,0,0,0,0,1,0,0,749016,62418,20260509-0,816842,816842,816842,811434,0,20260509-0
09-MAY-2026,JMRC1976,873036,0,873036,72753,0,0,0,0,0,0,1,0,0,873036,72753,20260509-0,952081,952081,952081,945789,0,20260509-0
09-MAY-2026,JSKSA001,3701400.63,0,3701400.63,366458.5,0,0,0,0,0,0,1,0,0,3701400.63,366458.5,20260509-0,4102796.26,4102796.26,4102796.26,4067859.13,0,20260509-0
09-MAY-2026,JUGHAS65,20895610.9,0,20895610.9,1756684.5,0,0,0,0,0,0,1,0,0,20895610.9,1756684.5,20260509-0,22760049.03,22760049.03,22760049.03,22652295.4,0,20260509-0
09-MAY-2026,JVPATE84,362880,0,362880,45360,0,0,0,0,0,0,1,0,0,362880,45360,20260509-0,409563,409563,409563,408240,0,20260509-0
09-MAY-2026,KAILARLA,42156,0,42156,3513,0,0,0,0,0,0,1,0,0,42156,3513,20260509-0,45981,45981,45981,45669,0,20260509-0
09-MAY-2026,KAMLIAGR,649098,0,649098,54091.5,0,0,0,0,0,0,1,0,0,649098,54091.5,20260509-0,714889.5,714889.5,714889.5,703189.5,0,20260509-0
09-MAY-2026,KPRATHI3,4534380,0,4534380,377865,0,0,0,0,0,0,1,0,0,4534380,377865,20260509-0,4959630,4959630,4959630,4912245,0,20260509-0
09-MAY-2026,KSNSACHI,317646,0,317646,26470.5,0,0,0,0,0,0,1,0,0,317646,26470.5,20260509-0,347568,347568,347568,344116.5,0,20260509-0
09-MAY-2026,LALSARAF,7757508,0,7757508,646459,0,0,0,0,0,0,1,0,0,7757508,646459,20260509-0,8464118,8464118,8464118,8403967,0,20260509-0
09-MAY-2026,MANGOY36,33588,0,33588,2799,0,0,0,0,0,0,1,0,0,33588,2799,20260509-0,36738,36738,36738,36387,0,20260509-0
09-MAY-2026,MASHARDA,10041962.78,0,10041962.78,976399.5,0,0,0,0,0,0,1,0,0,10041962.78,976399.5,20260509-0,11039519.98,11039519.98,11039519.98,11018362.28,0,20260509-0
09-MAY-2026,MEDICAL9,72522,0,72522,6043.5,0,0,0,0,0,0,1,0,0,72522,6043.5,20260509-0,79891.5,79891.5,79891.5,78565.5,0,20260509-0
09-MAY-2026,MSRL1207,664980,0,664980,55415,0,0,0,0,0,0,1,0,0,664980,55415,20260509-0,0,0,0,720395,720395,20260509-0
09-MAY-2026,MUSKANWP,3263250,0,3263250,271937.5,0,0,0,0,0,0,1,0,0,3263250,271937.5,20260509-0,3564827.5,3564827.5,3564827.5,3535187.5,0,20260509-0
09-MAY-2026,NANCYANP,302297.58,0,302297.58,24108,0,0,0,0,0,0,1,0,0,302297.58,24108,20260509-0,326405.2,326405.2,326405.2,326405.58,.38,20260509-0
09-MAY-2026,NILAKOLA,332352,0,332352,27696,0,0,0,0,0,0,1,0,0,332352,27696,20260509-0,362440,362440,362440,360048,0,20260509-0
09-MAY-2026,NK032752,143244,0,143244,11937,0,0,0,0,0,0,1,0,0,143244,11937,20260509-0,157716,157716,157716,155181,0,20260509-0
09-MAY-2026,NNF41938,0,0,0,0,0,0,0,0,0,0,1,0,0,0,0,20260509-0,44837,44837,44837,0,0,20260509-0
09-MAY-2026,NNPKHODA,145044,0,145044,12087,0,0,0,0,0,0,1,0,0,145044,12087,20260509-0,173181,173181,173181,157131,0,20260509-0
09-MAY-2026,NORTHEND,10869400.33,0,10869400.33,901449.5,0,0,0,0,0,0,1,0,0,10869400.33,901449.5,20260509-0,11852925.5,11852925.5,11852925.5,11770849.83,0,20260509-0
09-MAY-2026,PARESH48,347410,0,347410,53867.5,0,0,0,0,0,0,1,0,0,347410,53867.5,20260509-0,405580,405580,405580,401277.5,0,20260509-0
09-MAY-2026,PATE7922,134352,0,134352,11196,0,0,0,0,0,0,1,0,0,134352,11196,20260509-0,146952,146952,146952,145548,0,20260509-0
09-MAY-2026,PATEL493,25920,0,25920,3240,0,0,0,0,0,0,1,0,0,25920,3240,20260509-0,29254.5,29254.5,29254.5,29160,0,20260509-0
09-MAY-2026,PATELC99,404820,0,404820,33735,0,0,0,0,0,0,1,0,0,404820,33735,20260509-0,441714,441714,441714,438555,0,20260509-0
09-MAY-2026,PILIBANG,337350,0,337350,28112.5,0,0,0,0,0,0,1,0,0,337350,28112.5,20260509-0,385862.5,385862.5,385862.5,365462.5,0,20260509-0
09-MAY-2026,PREMIA97,604595.17,0,604595.17,48216,0,0,0,0,0,0,1,0,0,604595.17,48216,20260509-0,652810.4,652810.4,652810.4,652811.17,.77,20260509-0
09-MAY-2026,PRMAAKR1,801864,0,801864,66822,0,0,0,0,0,0,1,0,0,801864,66822,20260509-0,874900,874900,874900,868686,0,20260509-0
09-MAY-2026,PRMANPPL,3778320,0,3778320,314860,0,0,0,0,0,0,1,0,0,3778320,314860,20260509-0,4122664,4122664,4122664,4093180,0,20260509-0
09-MAY-2026,RABIN365,218736,0,218736,18228,0,0,0,0,0,0,1,0,0,218736,18228,20260509-0,240864,240864,240864,236964,0,20260509-0
09-MAY-2026,RAHUL487,2246616,0,2246616,228132,0,0,0,0,0,0,1,0,0,2246616,228132,20260509-0,2490850,2490850,2490850,2474748,0,20260509-0
09-MAY-2026,RAMDEV75,3440970,0,3440970,286747.5,0,0,0,0,0,0,1,0,0,3440970,286747.5,20260509-0,3754569,3754569,3754569,3727717.5,0,20260509-0
09-MAY-2026,RANADR88,290936,0,290936,24831,0,0,0,0,0,0,1,0,0,290936,24831,20260509-0,320262,320262,320262,315767,0,20260509-0
09-MAY-2026,RAVI8111,479202.41,0,479202.41,37038,0,0,0,0,0,0,1,0,0,479202.41,37038,20260509-0,516240.94,516240.94,516240.94,516240.41,0,20260509-0
09-MAY-2026,REALWE44,286488,0,286488,23874,0,0,0,0,0,0,1,0,0,286488,23874,20260509-0,315432,315432,315432,310362,0,20260509-0
09-MAY-2026,ROHIT113,134940,0,134940,11245,0,0,0,0,0,0,1,0,0,134940,11245,20260509-0,147238,147238,147238,146185,0,20260509-0
09-MAY-2026,ROKSHANA,71622,0,71622,5968.5,0,0,0,0,0,0,1,0,0,71622,5968.5,20260509-0,78858,78858,78858,77590.5,0,20260509-0
09-MAY-2026,RTLM2188,145044,0,145044,12087,0,0,0,0,0,0,1,0,0,145044,12087,20260509-0,159783,159783,159783,157131,0,20260509-0
09-MAY-2026,RTLM3556,143244,0,143244,11937,0,0,0,0,0,0,1,0,0,143244,11937,20260509-0,157716,157716,157716,155181,0,20260509-0
09-MAY-2026,RTLM8175,84312,0,84312,7026,0,0,0,0,0,0,1,0,0,84312,7026,20260509-0,91962,91962,91962,91338,0,20260509-0
09-MAY-2026,SARTHAKR,1085392.57,0,1085392.57,91071.5,0,0,0,0,0,0,1,0,0,1085392.57,91071.5,20260509-0,1208864.04,1208864.04,1208864.04,1176464.07,0,20260509-0
09-MAY-2026,SATI5555,67176,0,67176,5598,0,0,0,0,0,0,1,0,0,67176,5598,20260509-0,73476,73476,73476,72774,0,20260509-0
09-MAY-2026,SAVA1875,7430940,0,7430940,657960,0,0,0,0,0,0,1,0,0,7430940,657960,20260509-0,8348268,8348268,8348268,8088900,0,20260509-0
09-MAY-2026,SPDHAN,11589078,0,11589078,965756.5,0,0,0,0,0,0,1,0,0,11589078,965756.5,20260509-0,12673206,12673206,12673206,12554834.5,0,20260509-0
09-MAY-2026,SRTASONI,368460,0,368460,30705,0,0,0,0,0,0,1,0,0,368460,30705,20260509-0,405405,405405,405405,399165,0,20260509-0
09-MAY-2026,SS777HUF,423271.86,0,423271.86,34911.5,0,0,0,0,0,0,1,0,0,423271.86,34911.5,20260509-0,459693,459693,459693,458183.36,0,20260509-0
09-MAY-2026,SURESH6A,144144,0,144144,12012,0,0,0,0,0,0,1,0,0,144144,12012,20260509-0,158749.5,158749.5,158749.5,156156,0,20260509-0
09-MAY-2026,SWAP1875,143244,0,143244,11937,0,0,0,0,0,0,1,0,0,214866,17905.5,20260509-0,0,0,0,232771.5,232771.5,20260509-0
09-MAY-2026,TARA1955,60270,0,60270,6102.5,0,0,0,0,0,0,1,0,0,60270,6102.5,20260509-0,66779,66779,66779,66372.5,0,20260509-0
09-MAY-2026,TRISHWPR,531984,0,531984,44332,0,0,0,0,0,0,1,0,0,531984,44332,20260509-0,580424,580424,580424,576316,0,20260509-0
09-MAY-2026,TRUE1111,332352,0,332352,27696,0,0,0,0,0,0,1,0,0,332352,27696,20260509-0,362440,362440,362440,360048,0,20260509-0
09-MAY-2026,VAANNSII,75120,0,75120,6260,0,0,0,0,0,0,1,0,0,75120,6260,20260509-0,83980,83980,83980,81380,0,20260509-0
09-MAY-2026,VIPULS55,544828.27,0,544828.27,43472,0,0,0,0,0,0,1,0,0,544828.27,43472,20260509-0,588300.63,588300.63,588300.63,588300.27,0,20260509-0
09-MAY-2026,YASIN143,83088,0,83088,6924,0,0,0,0,0,0,1,0,0,83088,6924,20260509-0,90610,90610,90610,90012,0,20260509-0
