09-MAY-2026,PRO_01280,513326.53,0.00,513326.53,41609.50,P
09-MAY-2026,A110035,366570.00,0.00,366570.00,30547.50,C
09-MAY-2026,A111486,142812.00,0.00,142812.00,11901.00,C
09-MAY-2026,A111494,1913222.41,0.00,1913222.41,157690.00,C
09-MAY-2026,A111505,296352.00,0.00,296352.00,27416.00,C
09-MAY-2026,AF11387,2796470.00,0.00,2796470.00,312750.00,C
09-MAY-2026,AF12923,3533131.21,0.00,3533131.21,280710.00,C
09-MAY-2026,AF19062,71406.00,0.00,71406.00,5950.50,C
09-MAY-2026,AF19205,18689709.76,0.00,18689709.76,1576814.50,C
09-MAY-2026,AF19369,10166642.93,0.00,10166642.93,821658.50,C
09-MAY-2026,AF19487,676407.43,0.00,676407.43,53250.00,C
09-MAY-2026,AH5021,87013.20,0.00,87013.20,5900.00,C
09-MAY-2026,AH5738,0.00,0.00,0.00,2200.00,C
09-MAY-2026,AMR10453,1063411.40,0.00,1063411.40,89365.00,C
09-MAY-2026,AMR1523,42276.00,0.00,42276.00,3523.00,C
09-MAY-2026,AMR1622,101706.00,0.00,101706.00,8475.50,C
09-MAY-2026,AW1859,71406.00,0.00,71406.00,5950.50,C
09-MAY-2026,BRD1674,444528.00,0.00,444528.00,37044.00,C
09-MAY-2026,BT1098,233641.20,0.00,233641.20,18119.00,C
09-MAY-2026,BT1265,40740.00,0.00,40740.00,3395.00,C
09-MAY-2026,BT1372,52664.00,0.00,52664.00,6583.00,C
09-MAY-2026,DA7459,52664.00,0.00,52664.00,6583.00,C
09-MAY-2026,DEA7380,199318.84,0.00,199318.84,4660.00,C
09-MAY-2026,DG11732,189219.94,0.00,189219.94,14105.50,C
09-MAY-2026,DSA1303,472290.00,0.00,472290.00,39357.50,C
09-MAY-2026,F11540,998905.80,0.00,998905.80,83024.00,C
09-MAY-2026,F11661,558368.37,0.00,558368.37,58635.50,C
09-MAY-2026,F13387,160327.20,0.00,160327.20,17909.50,C
09-MAY-2026,F1347,73314.00,0.00,73314.00,6109.50,C
09-MAY-2026,F13937,154752.00,0.00,154752.00,12896.00,C
09-MAY-2026,F1760,1075620.00,0.00,1075620.00,89635.00,C
09-MAY-2026,FA5056,73314.00,0.00,73314.00,6109.50,C
09-MAY-2026,FA5066,34566.00,0.00,34566.00,2880.50,C
09-MAY-2026,FA5071,280951.58,0.00,280951.58,22879.00,C
09-MAY-2026,FA5079,87013.20,0.00,87013.20,5900.00,C
09-MAY-2026,FA5094,325554.00,0.00,325554.00,27129.50,C
09-MAY-2026,FA5097,146628.00,0.00,146628.00,12219.00,C
09-MAY-2026,FF1016,531477.89,0.00,531477.89,40004.00,C
09-MAY-2026,FF1802,868320.00,0.00,868320.00,72360.00,C
09-MAY-2026,FF4434,335127.59,0.00,335127.59,23874.00,C
09-MAY-2026,FM1363,261039.59,0.00,261039.59,17700.00,C
09-MAY-2026,G30576,158340.00,0.00,158340.00,13195.00,C
09-MAY-2026,G3072,71406.00,0.00,71406.00,5950.50,C
09-MAY-2026,G30782,148176.00,0.00,148176.00,12348.00,C
09-MAY-2026,G31502,74088.00,0.00,74088.00,6174.00,C
09-MAY-2026,G31827,187368.00,0.00,187368.00,15614.00,C
09-MAY-2026,HA6288,34566.00,0.00,34566.00,2880.50,C
09-MAY-2026,HAD2026,675212.23,0.00,675212.23,55332.50,C
09-MAY-2026,HAD6098,205416.00,0.00,205416.00,17118.00,C
09-MAY-2026,HAD6112,207396.00,0.00,207396.00,17283.00,C
09-MAY-2026,HAD6228,34566.00,0.00,34566.00,2880.50,C
09-MAY-2026,HAD6249,69132.00,0.00,69132.00,5761.00,C
09-MAY-2026,HAD6317,202410.00,0.00,202410.00,16867.50,C
09-MAY-2026,JC6346,71406.00,0.00,71406.00,21650.50,C
09-MAY-2026,JC6645,1090170.00,0.00,1090170.00,90847.50,C
09-MAY-2026,JT10223,67470.00,0.00,67470.00,5622.50,C
09-MAY-2026,JT10973,71406.00,0.00,71406.00,5950.50,C
09-MAY-2026,JT10998,1072884.00,0.00,1072884.00,89407.00,C
09-MAY-2026,JT1107,67470.00,0.00,67470.00,5622.50,C
09-MAY-2026,JT11093,440856.00,0.00,440856.00,36738.00,C
09-MAY-2026,K1Z103,394980.00,0.00,394980.00,49372.50,C
09-MAY-2026,K1Z553,142812.00,0.00,142812.00,11901.00,C
09-MAY-2026,K1Z554,71406.00,0.00,71406.00,5950.50,C
09-MAY-2026,K1Z567,71406.00,0.00,71406.00,5950.50,C
09-MAY-2026,L2222,499757.80,0.00,499757.80,52369.00,C
09-MAY-2026,M11403,84552.00,0.00,84552.00,7046.00,C
09-MAY-2026,MH10155,71406.00,0.00,71406.00,5950.50,C
09-MAY-2026,MN1329,126828.00,0.00,126828.00,10569.00,C
09-MAY-2026,O10713,146628.00,0.00,146628.00,12219.00,C
09-MAY-2026,PL10757,75546.00,0.00,75546.00,17845.50,C
09-MAY-2026,PLB2036,445068.00,0.00,445068.00,37089.00,C
09-MAY-2026,QG1Z023,214218.00,0.00,214218.00,17851.50,C
09-MAY-2026,QG1Z445,145494.00,0.00,145494.00,12124.50,C
09-MAY-2026,RL4209,34236.00,0.00,34236.00,2853.00,C
09-MAY-2026,RL7955,71406.00,0.00,71406.00,5950.50,C
09-MAY-2026,RLA3006,142812.00,0.00,142812.00,11901.00,C
09-MAY-2026,RLA3487,160327.20,0.00,160327.20,12009.50,C
09-MAY-2026,RLA3534,815749.19,0.00,815749.19,59872.50,C
09-MAY-2026,SID1376,626016.00,0.00,626016.00,78252.00,C
09-MAY-2026,SID1455,69132.00,0.00,69132.00,5761.00,C
09-MAY-2026,UJ5327,1657639.25,0.00,1657639.25,133023.00,C
09-MAY-2026,UJ9084,1300572.00,0.00,1300572.00,108381.00,C
09-MAY-2026,UJ9107,2096857.72,0.00,2096857.72,173179.50,C
09-MAY-2026,UJ9137,844632.00,0.00,844632.00,70386.00,C
09-MAY-2026,UJ9140,28670112.00,0.00,28670112.00,4829169.60,C
09-MAY-2026,UJ9160,10375078.00,0.00,10375078.00,866763.50,C
09-MAY-2026,UJ9172,0.00,0.00,0.00,19200.00,C
09-MAY-2026,UJ9194,337350.00,0.00,337350.00,28112.50,C
09-MAY-2026,UJ9205,6477120.00,0.00,6477120.00,539760.00,C
09-MAY-2026,UJ9206,146628.00,0.00,146628.00,12219.00,C
09-MAY-2026,UJ9278,22520460.00,0.00,22520460.00,2931431.10,C
09-MAY-2026,UJ9442,2004756.02,0.00,2004756.02,162700.00,C
09-MAY-2026,UJ9590,1979478.00,0.00,1979478.00,164956.50,C
09-MAY-2026,UJ9613,1044158.37,0.00,1044158.37,70800.00,C
09-MAY-2026,UJ9634,146628.00,0.00,146628.00,12219.00,C
09-MAY-2026,UJ9703,130420.00,0.00,130420.00,16302.50,C
09-MAY-2026,UJ9717,156504.00,0.00,156504.00,21963.00,C
09-MAY-2026,UJ9757,434160.00,0.00,434160.00,36180.00,C
09-MAY-2026,UJ9769,1332810.00,0.00,1332810.00,143167.50,C
09-MAY-2026,UJ9770,146628.00,0.00,146628.00,40269.00,C
09-MAY-2026,UJ9773,2454378.74,0.00,2454378.74,201625.00,C
09-MAY-2026,UJ9788,1392966.00,0.00,1392966.00,116080.50,C
09-MAY-2026,UJ9793,3222810.00,0.00,3222810.00,268567.50,C
09-MAY-2026,UJ9807,0.00,0.00,0.00,300.00,C
09-MAY-2026,UJ9818,953082.00,0.00,953082.00,79423.50,C
09-MAY-2026,UJ9821,16540866.00,0.00,16540866.00,1727519.10,C
09-MAY-2026,UJB2002,2246723.15,0.00,2246723.15,182551.00,C
09-MAY-2026,UJB2007,2383288.17,0.00,2383288.17,196275.50,C
09-MAY-2026,UJB2017,772414.46,0.00,772414.46,62497.50,C
09-MAY-2026,UJB5129,3857810.00,0.00,3857810.00,471796.00,C
09-MAY-2026,UJB5169,200475.60,0.00,200475.60,16270.00,C
09-MAY-2026,UJB5183,146628.00,0.00,146628.00,12219.00,C
09-MAY-2026,UJB5198,71406.00,0.00,71406.00,5950.50,C
09-MAY-2026,UJB5207,2000376.00,0.00,2000376.00,347698.00,C
09-MAY-2026,UJB5211,348052.79,0.00,348052.79,23600.00,C
09-MAY-2026,UJB5217,174026.40,0.00,174026.40,11800.00,C
09-MAY-2026,UJB5220,261039.59,0.00,261039.59,17700.00,C
09-MAY-2026,UJB5231,142812.00,0.00,142812.00,11901.00,C
09-MAY-2026,UP10191,71406.00,0.00,71406.00,27400.50,C
09-MAY-2026,VJ1204,253656.00,0.00,253656.00,21138.00,C
09-MAY-2026,VJ1356,34566.00,0.00,34566.00,2880.50,C
09-MAY-2026,VS1398,156504.00,0.00,156504.00,21313.00,C
09-MAY-2026,VVA1872,291348.00,0.00,291348.00,24279.00,C
09-MAY-2026,X95307,1333584.00,0.00,1333584.00,111132.00,C
09-MAY-2026,X95325,161101.20,0.00,161101.20,12074.00,C
