09-MAY-2026,00647,0,0,0,0,0,0,0,0,0,0,2,0,0
09-MAY-2026,647,0,0,0,0,0,0,0,0,0,0,1,0,0
09-MAY-2026,A00030652,0,0,0,0,0,0,0,0,0,0,1,0,0
09-MAY-2026,A00031421,0,0,0,0,0,0,0,0,0,0,1,0,0
09-MAY-2026,A00031584,0,0,0,0,0,0,0,0,0,0,1,0,0
09-MAY-2026,A00031902,0,0,0,0,0,0,0,0,0,0,1,0,0
09-MAY-2026,A00032762,0,0,0,0,0,0,0,0,0,0,1,0,0
09-MAY-2026,A00035857,0,0,0,0,0,0,0,0,0,0,1,0,0
09-MAY-2026,A00035918,0,0,0,0,0,0,0,0,0,0,1,0,0
09-MAY-2026,A00037293,0,0,0,0,0,0,0,0,0,0,1,0,0
09-MAY-2026,A00042594,0,0,0,0,0,0,0,0,0,0,1,0,0
09-MAY-2026,A0004565,0,0,0,0,0,0,0,0,0,0,1,0,0
09-MAY-2026,A00072519,0,0,0,0,0,0,0,0,0,0,1,0,0
09-MAY-2026,A000726,0,0,0,0,0,0,0,0,0,0,1,0,0
09-MAY-2026,A00075890,0,0,0,0,0,0,0,0,0,0,1,0,0
09-MAY-2026,A00078555,0,0,0,0,0,0,0,0,0,0,1,0,0
09-MAY-2026,A00086625,0,0,0,0,0,0,0,0,0,0,1,0,0
09-MAY-2026,A00089393,0,0,0,0,0,0,0,0,0,0,1,0,0
09-MAY-2026,A00100326,0,0,0,0,0,0,0,0,0,0,1,0,0
09-MAY-2026,A00102087,0,0,0,0,0,0,0,0,0,0,1,0,0
09-MAY-2026,A00106684,0,0,0,0,0,0,0,0,0,0,1,0,0
09-MAY-2026,A00106921,0,0,0,0,0,0,0,0,0,0,1,0,0
09-MAY-2026,A00109521,0,0,0,0,0,0,0,0,0,0,1,0,0
09-MAY-2026,A00111754,0,0,0,0,0,0,0,0,0,0,1,0,0
09-MAY-2026,A00112988,0,0,0,0,0,0,0,0,0,0,1,0,0
09-MAY-2026,A00113121,0,0,0,0,0,0,0,0,0,0,1,0,0
09-MAY-2026,A00117573,0,0,0,0,0,0,0,0,0,0,1,0,0
09-MAY-2026,A00117678,0,0,0,0,0,0,0,0,0,0,1,0,0
09-MAY-2026,A00117793,0,0,0,0,0,0,0,0,0,0,1,0,0
09-MAY-2026,A00118013,0,0,0,0,0,0,0,0,0,0,1,0,0
09-MAY-2026,A00119479,0,0,0,0,0,0,0,0,0,0,1,0,0
09-MAY-2026,A00119485,0,0,0,0,0,0,0,0,0,0,1,0,0
09-MAY-2026,A00120542,0,0,0,0,0,0,0,0,0,0,1,0,0
09-MAY-2026,A00120828,0,0,0,0,0,0,0,0,0,0,1,0,0
09-MAY-2026,A00122152,0,0,0,0,0,0,0,0,0,0,1,0,0
09-MAY-2026,A00122607,0,0,0,0,0,0,0,0,0,0,1,0,0
09-MAY-2026,A00123067,0,0,0,0,0,0,0,0,0,0,1,0,0
09-MAY-2026,A00123098,0,0,0,0,0,0,0,0,0,0,1,0,0
09-MAY-2026,A00123107,0,0,0,0,0,0,0,0,0,0,1,0,0
09-MAY-2026,A00123561,0,0,0,0,0,0,0,0,0,0,1,0,0
09-MAY-2026,A00124207,0,0,0,0,0,0,0,0,0,0,1,0,0
09-MAY-2026,A00124893,0,0,0,0,0,0,0,0,0,0,1,0,0
09-MAY-2026,A00126271,0,0,0,0,0,0,0,0,0,0,1,0,0
09-MAY-2026,A00128173,0,0,0,0,0,0,0,0,0,0,1,0,0
09-MAY-2026,A00128297,0,0,0,0,0,0,0,0,0,0,1,0,0
09-MAY-2026,A002373,0,0,0,0,0,0,0,0,0,0,1,0,0
09-MAY-2026,A003937,0,0,0,0,0,0,0,0,0,0,1,0,0
09-MAY-2026,A012929,0,0,0,0,0,0,0,0,0,0,1,0,0
09-MAY-2026,A018161,0,0,0,0,0,0,0,0,0,0,1,0,0
09-MAY-2026,A019457,0,0,0,0,0,0,0,0,0,0,1,0,0
09-MAY-2026,A020244,0,0,0,0,0,0,0,0,0,0,1,0,0
09-MAY-2026,A030171,0,0,0,0,0,0,0,0,0,0,1,0,0
09-MAY-2026,A033761,0,0,0,0,0,0,0,0,0,0,1,0,0
09-MAY-2026,A036327,0,0,0,0,0,0,0,0,0,0,1,0,0
09-MAY-2026,A037922,0,0,0,0,0,0,0,0,0,0,1,0,0
09-MAY-2026,A045352,0,0,0,0,0,0,0,0,0,0,1,0,0
09-MAY-2026,A046061,0,0,0,0,0,0,0,0,0,0,1,0,0
09-MAY-2026,A069847,0,0,0,0,0,0,0,0,0,0,1,0,0
09-MAY-2026,A099718,0,0,0,0,0,0,0,0,0,0,1,0,0
09-MAY-2026,A105360,0,0,0,0,0,0,0,0,0,0,1,0,0
09-MAY-2026,A170176,0,0,0,0,0,0,0,0,0,0,1,0,0
09-MAY-2026,A176039,0,0,0,0,0,0,0,0,0,0,1,0,0
09-MAY-2026,A180650,0,0,0,0,0,0,0,0,0,0,1,0,0
09-MAY-2026,A221851,0,0,0,0,0,0,0,0,0,0,1,0,0
09-MAY-2026,A237168,0,0,0,0,0,0,0,0,0,0,1,0,0
09-MAY-2026,A251423,0,0,0,0,0,0,0,0,0,0,1,0,0
09-MAY-2026,A281344,0,0,0,0,0,0,0,0,0,0,1,0,0
09-MAY-2026,A329979,0,0,0,0,0,0,0,0,0,0,1,0,0
09-MAY-2026,A351827,0,0,0,0,0,0,0,0,0,0,1,0,0
09-MAY-2026,A372633,0,0,0,0,0,0,0,0,0,0,1,0,0
09-MAY-2026,A381305,0,0,0,0,0,0,0,0,0,0,1,0,0
09-MAY-2026,A382280,0,0,0,0,0,0,0,0,0,0,1,0,0
09-MAY-2026,A397824,0,0,0,0,0,0,0,0,0,0,1,0,0
09-MAY-2026,A421735,0,0,0,0,0,0,0,0,0,0,1,0,0
09-MAY-2026,A434751,0,0,0,0,0,0,0,0,0,0,1,0,0
09-MAY-2026,A434803,0,0,0,0,0,0,0,0,0,0,1,0,0
09-MAY-2026,A462229,0,0,0,0,0,0,0,0,0,0,1,0,0
09-MAY-2026,A468949,0,0,0,0,0,0,0,0,0,0,1,0,0
09-MAY-2026,A498473,0,0,0,0,0,0,0,0,0,0,1,0,0
09-MAY-2026,A530279,0,0,0,0,0,0,0,0,0,0,1,0,0
09-MAY-2026,A533595,0,0,0,0,0,0,0,0,0,0,1,0,0
09-MAY-2026,A548276,0,0,0,0,0,0,0,0,0,0,1,0,0
09-MAY-2026,A566815,0,0,0,0,0,0,0,0,0,0,1,0,0
09-MAY-2026,A566940,0,0,0,0,0,0,0,0,0,0,1,0,0
09-MAY-2026,B00031333,0,0,0,0,0,0,0,0,0,0,1,0,0
09-MAY-2026,B00038211,0,0,0,0,0,0,0,0,0,0,1,0,0
09-MAY-2026,B00048310,0,0,0,0,0,0,0,0,0,0,1,0,0
09-MAY-2026,B00050180,0,0,0,0,0,0,0,0,0,0,1,0,0
09-MAY-2026,B00058436,0,0,0,0,0,0,0,0,0,0,1,0,0
09-MAY-2026,B00058831,0,0,0,0,0,0,0,0,0,0,1,0,0
09-MAY-2026,B00058936,0,0,0,0,0,0,0,0,0,0,1,0,0
09-MAY-2026,B00064047,0,0,0,0,0,0,0,0,0,0,1,0,0
09-MAY-2026,B00064215,0,0,0,0,0,0,0,0,0,0,1,0,0
09-MAY-2026,B00065094,0,0,0,0,0,0,0,0,0,0,1,0,0
09-MAY-2026,B003864,0,0,0,0,0,0,0,0,0,0,1,0,0
09-MAY-2026,B004040,0,0,0,0,0,0,0,0,0,0,1,0,0
09-MAY-2026,B011004,0,0,0,0,0,0,0,0,0,0,1,0,0
09-MAY-2026,B036990,0,0,0,0,0,0,0,0,0,0,1,0,0
09-MAY-2026,B038545,0,0,0,0,0,0,0,0,0,0,1,0,0
09-MAY-2026,B166630,0,0,0,0,0,0,0,0,0,0,1,0,0
09-MAY-2026,B204491,0,0,0,0,0,0,0,0,0,0,1,0,0
09-MAY-2026,B330228,0,0,0,0,0,0,0,0,0,0,1,0,0
09-MAY-2026,B398177,0,0,0,0,0,0,0,0,0,0,1,0,0
09-MAY-2026,B425508,0,0,0,0,0,0,0,0,0,0,1,0,0
09-MAY-2026,B545343,0,0,0,0,0,0,0,0,0,0,1,0,0
09-MAY-2026,C00031652,0,0,0,0,0,0,0,0,0,0,1,0,0
09-MAY-2026,C00034535,0,0,0,0,0,0,0,0,0,0,1,0,0
09-MAY-2026,C00039161,0,0,0,0,0,0,0,0,0,0,1,0,0
09-MAY-2026,C00045766,0,0,0,0,0,0,0,0,0,0,1,0,0
09-MAY-2026,C00047532,0,0,0,0,0,0,0,0,0,0,1,0,0
09-MAY-2026,C001644,0,0,0,0,0,0,0,0,0,0,1,0,0
09-MAY-2026,C019477,0,0,0,0,0,0,0,0,0,0,1,0,0
09-MAY-2026,C055025,0,0,0,0,0,0,0,0,0,0,1,0,0
09-MAY-2026,C171798,0,0,0,0,0,0,0,0,0,0,1,0,0
09-MAY-2026,CAM1389,0,0,0,0,0,0,0,0,0,0,1,0,0
09-MAY-2026,CAS1839,0,0,0,0,0,0,0,0,0,0,1,0,0
09-MAY-2026,CCH1439,0,0,0,0,0,0,0,0,0,0,1,0,0
09-MAY-2026,CDS1679,0,0,0,0,0,0,0,0,0,0,1,0,0
09-MAY-2026,CFK1247,0,0,0,0,0,0,0,0,0,0,1,0,0
09-MAY-2026,CHH623,0,0,0,0,0,0,0,0,0,0,1,0,0
09-MAY-2026,CMA2520,0,0,0,0,0,0,0,0,0,0,1,0,0
09-MAY-2026,CME2228,0,0,0,0,0,0,0,0,0,0,1,0,0
09-MAY-2026,CMI2435,0,0,0,0,0,0,0,0,0,0,1,0,0
09-MAY-2026,CPG2190,0,0,0,0,0,0,0,0,0,0,1,0,0
09-MAY-2026,CSL1878,0,0,0,0,0,0,0,0,0,0,1,0,0
09-MAY-2026,CVS1464,0,0,0,0,0,0,0,0,0,0,1,0,0
09-MAY-2026,D00037149,0,0,0,0,0,0,0,0,0,0,1,0,0
09-MAY-2026,D00039198,0,0,0,0,0,0,0,0,0,0,1,0,0
09-MAY-2026,D00041179,0,0,0,0,0,0,0,0,0,0,1,0,0
09-MAY-2026,D00048079,0,0,0,0,0,0,0,0,0,0,1,0,0
09-MAY-2026,D00050088,0,0,0,0,0,0,0,0,0,0,1,0,0
09-MAY-2026,D00057849,0,0,0,0,0,0,0,0,0,0,1,0,0
09-MAY-2026,D00057941,0,0,0,0,0,0,0,0,0,0,1,0,0
09-MAY-2026,D00060705,0,0,0,0,0,0,0,0,0,0,1,0,0
09-MAY-2026,D00067215,0,0,0,0,0,0,0,0,0,0,1,0,0
09-MAY-2026,D00069632,0,0,0,0,0,0,0,0,0,0,1,0,0
09-MAY-2026,D0008845,0,0,0,0,0,0,0,0,0,0,1,0,0
09-MAY-2026,D006136,0,0,0,0,0,0,0,0,0,0,1,0,0
09-MAY-2026,D012737,0,0,0,0,0,0,0,0,0,0,1,0,0
09-MAY-2026,D020953,0,0,0,0,0,0,0,0,0,0,1,0,0
09-MAY-2026,D047200,0,0,0,0,0,0,0,0,0,0,1,0,0
09-MAY-2026,D079339,0,0,0,0,0,0,0,0,0,0,1,0,0
09-MAY-2026,D088042,0,0,0,0,0,0,0,0,0,0,1,0,0
09-MAY-2026,D392304,0,0,0,0,0,0,0,0,0,0,1,0,0
09-MAY-2026,D442501,0,0,0,0,0,0,0,0,0,0,1,0,0
09-MAY-2026,D461027,0,0,0,0,0,0,0,0,0,0,1,0,0
09-MAY-2026,D502732,0,0,0,0,0,0,0,0,0,0,1,0,0
09-MAY-2026,D536290,0,0,0,0,0,0,0,0,0,0,1,0,0
09-MAY-2026,D556646,0,0,0,0,0,0,0,0,0,0,1,0,0
09-MAY-2026,D565545,0,0,0,0,0,0,0,0,0,0,1,0,0
09-MAY-2026,D568155,0,0,0,0,0,0,0,0,0,0,1,0,0
09-MAY-2026,E030220,0,0,0,0,0,0,0,0,0,0,1,0,0
09-MAY-2026,F00030250,0,0,0,0,0,0,0,0,0,0,1,0,0
09-MAY-2026,G00030255,0,0,0,0,0,0,0,0,0,0,1,0,0
09-MAY-2026,G00043558,0,0,0,0,0,0,0,0,0,0,1,0,0
09-MAY-2026,G00048404,0,0,0,0,0,0,0,0,0,0,1,0,0
09-MAY-2026,G00055997,0,0,0,0,0,0,0,0,0,0,1,0,0
09-MAY-2026,G00056454,0,0,0,0,0,0,0,0,0,0,1,0,0
09-MAY-2026,G00057008,0,0,0,0,0,0,0,0,0,0,1,0,0
09-MAY-2026,G00057257,0,0,0,0,0,0,0,0,0,0,1,0,0
09-MAY-2026,G016046,0,0,0,0,0,0,0,0,0,0,1,0,0
09-MAY-2026,G025302,0,0,0,0,0,0,0,0,0,0,1,0,0
09-MAY-2026,G026913,0,0,0,0,0,0,0,0,0,0,1,0,0
09-MAY-2026,G049156,0,0,0,0,0,0,0,0,0,0,1,0,0
09-MAY-2026,G050930,0,0,0,0,0,0,0,0,0,0,1,0,0
09-MAY-2026,G053672,0,0,0,0,0,0,0,0,0,0,1,0,0
09-MAY-2026,G054099,0,0,0,0,0,0,0,0,0,0,1,0,0
09-MAY-2026,G058358,0,0,0,0,0,0,0,0,0,0,1,0,0
09-MAY-2026,G065381,0,0,0,0,0,0,0,0,0,0,1,0,0
09-MAY-2026,G092295,0,0,0,0,0,0,0,0,0,0,1,0,0
09-MAY-2026,G103457,0,0,0,0,0,0,0,0,0,0,1,0,0
09-MAY-2026,G232279,0,0,0,0,0,0,0,0,0,0,1,0,0
09-MAY-2026,G281881,0,0,0,0,0,0,0,0,0,0,1,0,0
09-MAY-2026,G302905,0,0,0,0,0,0,0,0,0,0,1,0,0
09-MAY-2026,G567790,0,0,0,0,0,0,0,0,0,0,1,0,0
09-MAY-2026,G568971,0,0,0,0,0,0,0,0,0,0,1,0,0
09-MAY-2026,H00031937,0,0,0,0,0,0,0,0,0,0,1,0,0
09-MAY-2026,H00035465,0,0,0,0,0,0,0,0,0,0,1,0,0
09-MAY-2026,H00047333,0,0,0,0,0,0,0,0,0,0,1,0,0
09-MAY-2026,H00052574,0,0,0,0,0,0,0,0,0,0,1,0,0
09-MAY-2026,H00052900,0,0,0,0,0,0,0,0,0,0,1,0,0
09-MAY-2026,H00053735,0,0,0,0,0,0,0,0,0,0,1,0,0
09-MAY-2026,H00054151,0,0,0,0,0,0,0,0,0,0,1,0,0
09-MAY-2026,H0005800,0,0,0,0,0,0,0,0,0,0,1,0,0
09-MAY-2026,H0023672,0,0,0,0,0,0,0,0,0,0,1,0,0
09-MAY-2026,H018482,0,0,0,0,0,0,0,0,0,0,1,0,0
09-MAY-2026,H022772,0,0,0,0,0,0,0,0,0,0,1,0,0
09-MAY-2026,H040934,0,0,0,0,0,0,0,0,0,0,1,0,0
09-MAY-2026,H046460,0,0,0,0,0,0,0,0,0,0,1,0,0
09-MAY-2026,H055580,0,0,0,0,0,0,0,0,0,0,1,0,0
09-MAY-2026,H163095,0,0,0,0,0,0,0,0,0,0,1,0,0
09-MAY-2026,H163811,0,0,0,0,0,0,0,0,0,0,1,0,0
09-MAY-2026,H268072,0,0,0,0,0,0,0,0,0,0,1,0,0
09-MAY-2026,H284182,350187.94,0,350187.94,27519.5,0,0,0,0,0,0,1,0,0
09-MAY-2026,H351541,0,0,0,0,0,0,0,0,0,0,1,0,0
09-MAY-2026,H357777,0,0,0,0,0,0,0,0,0,0,1,0,0
09-MAY-2026,H363186,0,0,0,0,0,0,0,0,0,0,1,0,0
09-MAY-2026,H379518,0,0,0,0,0,0,0,0,0,0,1,0,0
09-MAY-2026,H450021,0,0,0,0,0,0,0,0,0,0,1,0,0
09-MAY-2026,H542305,0,0,0,0,0,0,0,0,0,0,1,0,0
09-MAY-2026,I00031077,0,0,0,0,0,0,0,0,0,0,1,0,0
09-MAY-2026,I00033723,0,0,0,0,0,0,0,0,0,0,1,0,0
09-MAY-2026,I00037664,0,0,0,0,0,0,0,0,0,0,1,0,0
09-MAY-2026,I00038116,0,0,0,0,0,0,0,0,0,0,1,0,0
09-MAY-2026,I344210,0,0,0,0,0,0,0,0,0,0,1,0,0
09-MAY-2026,I467630,0,0,0,0,0,0,0,0,0,0,1,0,0
09-MAY-2026,J00035005,0,0,0,0,0,0,0,0,0,0,1,0,0
09-MAY-2026,J00037067,0,0,0,0,0,0,0,0,0,0,1,0,0
09-MAY-2026,J00037376,0,0,0,0,0,0,0,0,0,0,1,0,0
09-MAY-2026,J00049998,0,0,0,0,0,0,0,0,0,0,1,0,0
09-MAY-2026,J00053069,0,0,0,0,0,0,0,0,0,0,1,0,0
09-MAY-2026,J00055016,0,0,0,0,0,0,0,0,0,0,1,0,0
09-MAY-2026,J00060114,0,0,0,0,0,0,0,0,0,0,1,0,0
09-MAY-2026,J00060618,0,0,0,0,0,0,0,0,0,0,1,0,0
09-MAY-2026,J00061121,0,0,0,0,0,0,0,0,0,0,1,0,0
09-MAY-2026,J00061742,0,0,0,0,0,0,0,0,0,0,1,0,0
09-MAY-2026,J0015248,0,0,0,0,0,0,0,0,0,0,1,0,0
09-MAY-2026,J010504,0,0,0,0,0,0,0,0,0,0,1,0,0
09-MAY-2026,J057487,0,0,0,0,0,0,0,0,0,0,1,0,0
09-MAY-2026,J064336,0,0,0,0,0,0,0,0,0,0,1,0,0
09-MAY-2026,J064888,0,0,0,0,0,0,0,0,0,0,1,0,0
09-MAY-2026,J086451,0,0,0,0,0,0,0,0,0,0,1,0,0
09-MAY-2026,J113179,0,0,0,0,0,0,0,0,0,0,1,0,0
09-MAY-2026,J451848,0,0,0,0,0,0,0,0,0,0,1,0,0
09-MAY-2026,J568872,0,0,0,0,0,0,0,0,0,0,1,0,0
09-MAY-2026,J569905,0,0,0,0,0,0,0,0,0,0,1,0,0
09-MAY-2026,K00034071,0,0,0,0,0,0,0,0,0,0,1,0,0
09-MAY-2026,K00034475,0,0,0,0,0,0,0,0,0,0,1,0,0
09-MAY-2026,K00042974,0,0,0,0,0,0,0,0,0,0,1,0,0
09-MAY-2026,K00061810,0,0,0,0,0,0,0,0,0,0,1,0,0
09-MAY-2026,K00063085,0,0,0,0,0,0,0,0,0,0,1,0,0
09-MAY-2026,K00063970,0,0,0,0,0,0,0,0,0,0,1,0,0
09-MAY-2026,K00064542,0,0,0,0,0,0,0,0,0,0,1,0,0
09-MAY-2026,K00067931,0,0,0,0,0,0,0,0,0,0,1,0,0
09-MAY-2026,K00071721,0,0,0,0,0,0,0,0,0,0,1,0,0
09-MAY-2026,K00071865,0,0,0,0,0,0,0,0,0,0,1,0,0
09-MAY-2026,K00074234,0,0,0,0,0,0,0,0,0,0,1,0,0
09-MAY-2026,K00074265,0,0,0,0,0,0,0,0,0,0,1,0,0
09-MAY-2026,K00074766,0,0,0,0,0,0,0,0,0,0,1,0,0
09-MAY-2026,K00075094,0,0,0,0,0,0,0,0,0,0,1,0,0
09-MAY-2026,K00076754,0,0,0,0,0,0,0,0,0,0,1,0,0
09-MAY-2026,K001446,0,0,0,0,0,0,0,0,0,0,1,0,0
09-MAY-2026,K002975,0,0,0,0,0,0,0,0,0,0,1,0,0
09-MAY-2026,K009493,0,0,0,0,0,0,0,0,0,0,1,0,0
09-MAY-2026,K010817,0,0,0,0,0,0,0,0,0,0,1,0,0
09-MAY-2026,K074503,0,0,0,0,0,0,0,0,0,0,1,0,0
09-MAY-2026,K074635,0,0,0,0,0,0,0,0,0,0,1,0,0
09-MAY-2026,K078107,0,0,0,0,0,0,0,0,0,0,1,0,0
09-MAY-2026,K180302,0,0,0,0,0,0,0,0,0,0,1,0,0
09-MAY-2026,K290811,0,0,0,0,0,0,0,0,0,0,1,0,0
09-MAY-2026,K301789,0,0,0,0,0,0,0,0,0,0,1,0,0
09-MAY-2026,K302918,0,0,0,0,0,0,0,0,0,0,1,0,0
09-MAY-2026,K455682,0,0,0,0,0,0,0,0,0,0,1,0,0
09-MAY-2026,K537753,0,0,0,0,0,0,0,0,0,0,1,0,0
09-MAY-2026,K556966,0,0,0,0,0,0,0,0,0,0,1,0,0
09-MAY-2026,L00031354,0,0,0,0,0,0,0,0,0,0,1,0,0
09-MAY-2026,L00037408,0,0,0,0,0,0,0,0,0,0,1,0,0
09-MAY-2026,L00042610,0,0,0,0,0,0,0,0,0,0,1,0,0
09-MAY-2026,L021092,0,0,0,0,0,0,0,0,0,0,1,0,0
09-MAY-2026,L065907,0,0,0,0,0,0,0,0,0,0,1,0,0
09-MAY-2026,L067370,0,0,0,0,0,0,0,0,0,0,1,0,0
09-MAY-2026,L106868,0,0,0,0,0,0,0,0,0,0,1,0,0
09-MAY-2026,L135462,0,0,0,0,0,0,0,0,0,0,1,0,0
09-MAY-2026,L264700,0,0,0,0,0,0,0,0,0,0,1,0,0
09-MAY-2026,L273315,0,0,0,0,0,0,0,0,0,0,1,0,0
09-MAY-2026,L303214,0,0,0,0,0,0,0,0,0,0,1,0,0
09-MAY-2026,L370094,0,0,0,0,0,0,0,0,0,0,1,0,0
09-MAY-2026,L412417,0,0,0,0,0,0,0,0,0,0,1,0,0
09-MAY-2026,M0004673,0,0,0,0,0,0,0,0,0,0,1,0,0
09-MAY-2026,M00048493,0,0,0,0,0,0,0,0,0,0,1,0,0
09-MAY-2026,M00049159,0,0,0,0,0,0,0,0,0,0,1,0,0
09-MAY-2026,M00058924,0,0,0,0,0,0,0,0,0,0,1,0,0
09-MAY-2026,M00059375,0,0,0,0,0,0,0,0,0,0,1,0,0
09-MAY-2026,M00070455,0,0,0,0,0,0,0,0,0,0,1,0,0
09-MAY-2026,M00073260,0,0,0,0,0,0,0,0,0,0,1,0,0
09-MAY-2026,M00079523,0,0,0,0,0,0,0,0,0,0,1,0,0
09-MAY-2026,M00081438,0,0,0,0,0,0,0,0,0,0,1,0,0
09-MAY-2026,M00081608,0,0,0,0,0,0,0,0,0,0,1,0,0
09-MAY-2026,M00083122,0,0,0,0,0,0,0,0,0,0,1,0,0
09-MAY-2026,M00085346,0,0,0,0,0,0,0,0,0,0,1,0,0
09-MAY-2026,M00086611,0,0,0,0,0,0,0,0,0,0,1,0,0
09-MAY-2026,M00087884,0,0,0,0,0,0,0,0,0,0,1,0,0
09-MAY-2026,M00089602,0,0,0,0,0,0,0,0,0,0,1,0,0
09-MAY-2026,M00089651,0,0,0,0,0,0,0,0,0,0,1,0,0
09-MAY-2026,M00090019,0,0,0,0,0,0,0,0,0,0,1,0,0
09-MAY-2026,M00090308,0,0,0,0,0,0,0,0,0,0,1,0,0
09-MAY-2026,M00091995,0,0,0,0,0,0,0,0,0,0,1,0,0
09-MAY-2026,M00095619,0,0,0,0,0,0,0,0,0,0,1,0,0
09-MAY-2026,M00098349,0,0,0,0,0,0,0,0,0,0,1,0,0
09-MAY-2026,M00098707,0,0,0,0,0,0,0,0,0,0,1,0,0
09-MAY-2026,M00098737,0,0,0,0,0,0,0,0,0,0,1,0,0
09-MAY-2026,M00099259,0,0,0,0,0,0,0,0,0,0,1,0,0
09-MAY-2026,M00100181,0,0,0,0,0,0,0,0,0,0,1,0,0
09-MAY-2026,M00101651,0,0,0,0,0,0,0,0,0,0,1,0,0
09-MAY-2026,M00102100,0,0,0,0,0,0,0,0,0,0,1,0,0
09-MAY-2026,M00102888,0,0,0,0,0,0,0,0,0,0,1,0,0
09-MAY-2026,M00102901,0,0,0,0,0,0,0,0,0,0,1,0,0
09-MAY-2026,M00103139,0,0,0,0,0,0,0,0,0,0,1,0,0
09-MAY-2026,M00103156,0,0,0,0,0,0,0,0,0,0,1,0,0
09-MAY-2026,M009975,0,0,0,0,0,0,0,0,0,0,1,0,0
09-MAY-2026,M018176,0,0,0,0,0,0,0,0,0,0,1,0,0
09-MAY-2026,M023839,0,0,0,0,0,0,0,0,0,0,1,0,0
09-MAY-2026,M037611,0,0,0,0,0,0,0,0,0,0,1,0,0
09-MAY-2026,M040349,0,0,0,0,0,0,0,0,0,0,1,0,0
09-MAY-2026,M053596,0,0,0,0,0,0,0,0,0,0,1,0,0
09-MAY-2026,M056196,0,0,0,0,0,0,0,0,0,0,1,0,0
09-MAY-2026,M060920,0,0,0,0,0,0,0,0,0,0,1,0,0
09-MAY-2026,M083944,0,0,0,0,0,0,0,0,0,0,1,0,0
09-MAY-2026,M086032,0,0,0,0,0,0,0,0,0,0,1,0,0
09-MAY-2026,M133414,0,0,0,0,0,0,0,0,0,0,1,0,0
09-MAY-2026,M145611,0,0,0,0,0,0,0,0,0,0,1,0,0
09-MAY-2026,M176621,0,0,0,0,0,0,0,0,0,0,1,0,0
09-MAY-2026,M228929,0,0,0,0,0,0,0,0,0,0,1,0,0
09-MAY-2026,M233284,0,0,0,0,0,0,0,0,0,0,1,0,0
09-MAY-2026,M245319,0,0,0,0,0,0,0,0,0,0,1,0,0
09-MAY-2026,M266182,0,0,0,0,0,0,0,0,0,0,1,0,0
09-MAY-2026,M284465,0,0,0,0,0,0,0,0,0,0,1,0,0
09-MAY-2026,M286235,0,0,0,0,0,0,0,0,0,0,1,0,0
09-MAY-2026,M447617,0,0,0,0,0,0,0,0,0,0,1,0,0
09-MAY-2026,M466346,0,0,0,0,0,0,0,0,0,0,1,0,0
09-MAY-2026,M549650,0,0,0,0,0,0,0,0,0,0,1,0,0
09-MAY-2026,M560819,0,0,0,0,0,0,0,0,0,0,1,0,0
09-MAY-2026,M566744,0,0,0,0,0,0,0,0,0,0,1,0,0
09-MAY-2026,N00044018,0,0,0,0,0,0,0,0,0,0,1,0,0
09-MAY-2026,N00045226,0,0,0,0,0,0,0,0,0,0,1,0,0
09-MAY-2026,N00054754,0,0,0,0,0,0,0,0,0,0,1,0,0
09-MAY-2026,N00059985,0,0,0,0,0,0,0,0,0,0,1,0,0
09-MAY-2026,N00062116,0,0,0,0,0,0,0,0,0,0,1,0,0
09-MAY-2026,N00063726,0,0,0,0,0,0,0,0,0,0,1,0,0
09-MAY-2026,N00064166,0,0,0,0,0,0,0,0,0,0,1,0,0
09-MAY-2026,N00064892,0,0,0,0,0,0,0,0,0,0,1,0,0
09-MAY-2026,N00069592,0,0,0,0,0,0,0,0,0,0,1,0,0
09-MAY-2026,N00070850,0,0,0,0,0,0,0,0,0,0,1,0,0
09-MAY-2026,N00070929,0,0,0,0,0,0,0,0,0,0,1,0,0
09-MAY-2026,N00071186,0,0,0,0,0,0,0,0,0,0,1,0,0
09-MAY-2026,N00071908,0,0,0,0,0,0,0,0,0,0,1,0,0
09-MAY-2026,N00073604,0,0,0,0,0,0,0,0,0,0,1,0,0
09-MAY-2026,N00073815,0,0,0,0,0,0,0,0,0,0,1,0,0
09-MAY-2026,N0021281,0,0,0,0,0,0,0,0,0,0,1,0,0
09-MAY-2026,N002920,0,0,0,0,0,0,0,0,0,0,1,0,0
09-MAY-2026,N014526,0,0,0,0,0,0,0,0,0,0,1,0,0
09-MAY-2026,N028054,0,0,0,0,0,0,0,0,0,0,1,0,0
09-MAY-2026,N048938,0,0,0,0,0,0,0,0,0,0,1,0,0
09-MAY-2026,N049601,0,0,0,0,0,0,0,0,0,0,1,0,0
09-MAY-2026,N051097,0,0,0,0,0,0,0,0,0,0,1,0,0
09-MAY-2026,N102130,0,0,0,0,0,0,0,0,0,0,1,0,0
09-MAY-2026,N329496,0,0,0,0,0,0,0,0,0,0,1,0,0
09-MAY-2026,N366185,0,0,0,0,0,0,0,0,0,0,1,0,0
09-MAY-2026,N422046,0,0,0,0,0,0,0,0,0,0,1,0,0
09-MAY-2026,N454176,0,0,0,0,0,0,0,0,0,0,1,0,0
09-MAY-2026,N512230,0,0,0,0,0,0,0,0,0,0,1,0,0
09-MAY-2026,N518231,0,0,0,0,0,0,0,0,0,0,1,0,0
09-MAY-2026,N553723,0,0,0,0,0,0,0,0,0,0,1,0,0
09-MAY-2026,N555025,0,0,0,0,0,0,0,0,0,0,1,0,0
09-MAY-2026,N566119,0,0,0,0,0,0,0,0,0,0,1,0,0
09-MAY-2026,N572288,0,0,0,0,0,0,0,0,0,0,1,0,0
09-MAY-2026,NC0008,0,0,0,0,0,0,0,0,0,0,1,0,0
09-MAY-2026,O00030865,0,0,0,0,0,0,0,0,0,0,1,0,0
09-MAY-2026,O00035238,0,0,0,0,0,0,0,0,0,0,1,0,0
09-MAY-2026,P00052982,0,0,0,0,0,0,0,0,0,0,1,0,0
09-MAY-2026,P00054697,0,0,0,0,0,0,0,0,0,0,1,0,0
09-MAY-2026,P00064960,0,0,0,0,0,0,0,0,0,0,1,0,0
09-MAY-2026,P00068069,0,0,0,0,0,0,0,0,0,0,1,0,0
09-MAY-2026,P000686,0,0,0,0,0,0,0,0,0,0,1,0,0
09-MAY-2026,P00072628,0,0,0,0,0,0,0,0,0,0,1,0,0
09-MAY-2026,P00075322,0,0,0,0,0,0,0,0,0,0,1,0,0
09-MAY-2026,P00076908,0,0,0,0,0,0,0,0,0,0,1,0,0
09-MAY-2026,P00079515,0,0,0,0,0,0,0,0,0,0,1,0,0
09-MAY-2026,P00079871,0,0,0,0,0,0,0,0,0,0,1,0,0
09-MAY-2026,P00080557,0,0,0,0,0,0,0,0,0,0,1,0,0
09-MAY-2026,P00081838,0,0,0,0,0,0,0,0,0,0,1,0,0
09-MAY-2026,P00085537,0,0,0,0,0,0,0,0,0,0,1,0,0
09-MAY-2026,P00085623,0,0,0,0,0,0,0,0,0,0,1,0,0
09-MAY-2026,P00085819,0,0,0,0,0,0,0,0,0,0,1,0,0
09-MAY-2026,P00086380,0,0,0,0,0,0,0,0,0,0,1,0,0
09-MAY-2026,P00087718,0,0,0,0,0,0,0,0,0,0,1,0,0
09-MAY-2026,P00087756,0,0,0,0,0,0,0,0,0,0,1,0,0
09-MAY-2026,P00088068,0,0,0,0,0,0,0,0,0,0,1,0,0
09-MAY-2026,P00088240,0,0,0,0,0,0,0,0,0,0,1,0,0
09-MAY-2026,P00088296,0,0,0,0,0,0,0,0,0,0,1,0,0
09-MAY-2026,P00088466,0,0,0,0,0,0,0,0,0,0,1,0,0
09-MAY-2026,P00090824,0,0,0,0,0,0,0,0,0,0,1,0,0
09-MAY-2026,P00090868,0,0,0,0,0,0,0,0,0,0,1,0,0
09-MAY-2026,P00091241,0,0,0,0,0,0,0,0,0,0,1,0,0
09-MAY-2026,P00092921,0,0,0,0,0,0,0,0,0,0,1,0,0
09-MAY-2026,P00092992,0,0,0,0,0,0,0,0,0,0,1,0,0
09-MAY-2026,P001111,0,0,0,0,0,0,0,0,0,0,1,0,0
09-MAY-2026,P002678,0,0,0,0,0,0,0,0,0,0,1,0,0
09-MAY-2026,P003051,0,0,0,0,0,0,0,0,0,0,1,0,0
09-MAY-2026,P006045,0,0,0,0,0,0,0,0,0,0,1,0,0
09-MAY-2026,P008653,0,0,0,0,0,0,0,0,0,0,1,0,0
09-MAY-2026,P009781,0,0,0,0,0,0,0,0,0,0,1,0,0
09-MAY-2026,P011037,0,0,0,0,0,0,0,0,0,0,1,0,0
09-MAY-2026,P043454,0,0,0,0,0,0,0,0,0,0,1,0,0
09-MAY-2026,P044695,0,0,0,0,0,0,0,0,0,0,1,0,0
09-MAY-2026,P046708,0,0,0,0,0,0,0,0,0,0,1,0,0
09-MAY-2026,P046741,0,0,0,0,0,0,0,0,0,0,1,0,0
09-MAY-2026,P050194,0,0,0,0,0,0,0,0,0,0,1,0,0
09-MAY-2026,P061247,0,0,0,0,0,0,0,0,0,0,1,0,0
09-MAY-2026,P068742,0,0,0,0,0,0,0,0,0,0,1,0,0
09-MAY-2026,P106257,0,0,0,0,0,0,0,0,0,0,1,0,0
09-MAY-2026,P266386,0,0,0,0,0,0,0,0,0,0,1,0,0
09-MAY-2026,P419261,0,0,0,0,0,0,0,0,0,0,1,0,0
09-MAY-2026,P429743,0,0,0,0,0,0,0,0,0,0,1,0,0
09-MAY-2026,P460388,0,0,0,0,0,0,0,0,0,0,1,0,0
09-MAY-2026,P494448,0,0,0,0,0,0,0,0,0,0,1,0,0
09-MAY-2026,P526635,0,0,0,0,0,0,0,0,0,0,1,0,0
09-MAY-2026,P537660,0,0,0,0,0,0,0,0,0,0,1,0,0
09-MAY-2026,P551303,0,0,0,0,0,0,0,0,0,0,1,0,0
09-MAY-2026,P568688,0,0,0,0,0,0,0,0,0,0,1,0,0
09-MAY-2026,P569756,0,0,0,0,0,0,0,0,0,0,1,0,0
09-MAY-2026,R0000288,0,0,0,0,0,0,0,0,0,0,1,0,0
09-MAY-2026,R00031418,0,0,0,0,0,0,0,0,0,0,1,0,0
09-MAY-2026,R00031761,0,0,0,0,0,0,0,0,0,0,1,0,0
09-MAY-2026,R00032843,0,0,0,0,0,0,0,0,0,0,1,0,0
09-MAY-2026,R00035545,0,0,0,0,0,0,0,0,0,0,1,0,0
09-MAY-2026,R00036748,0,0,0,0,0,0,0,0,0,0,1,0,0
09-MAY-2026,R00038248,0,0,0,0,0,0,0,0,0,0,1,0,0
09-MAY-2026,R00040045,0,0,0,0,0,0,0,0,0,0,1,0,0
09-MAY-2026,R00049558,0,0,0,0,0,0,0,0,0,0,1,0,0
09-MAY-2026,R00050402,0,0,0,0,0,0,0,0,0,0,1,0,0
09-MAY-2026,R00055298,0,0,0,0,0,0,0,0,0,0,1,0,0
09-MAY-2026,R00057823,0,0,0,0,0,0,0,0,0,0,1,0,0
09-MAY-2026,R00062507,0,0,0,0,0,0,0,0,0,0,1,0,0
09-MAY-2026,R0006568,0,0,0,0,0,0,0,0,0,0,1,0,0
09-MAY-2026,R00069527,0,0,0,0,0,0,0,0,0,0,1,0,0
09-MAY-2026,R00071503,0,0,0,0,0,0,0,0,0,0,1,0,0
09-MAY-2026,R00078643,0,0,0,0,0,0,0,0,0,0,1,0,0
09-MAY-2026,R00078964,0,0,0,0,0,0,0,0,0,0,1,0,0
09-MAY-2026,R00093483,0,0,0,0,0,0,0,0,0,0,1,0,0
09-MAY-2026,R00094841,0,0,0,0,0,0,0,0,0,0,1,0,0
09-MAY-2026,R00095050,0,0,0,0,0,0,0,0,0,0,1,0,0
09-MAY-2026,R00101685,0,0,0,0,0,0,0,0,0,0,1,0,0
09-MAY-2026,R00102099,0,0,0,0,0,0,0,0,0,0,1,0,0
09-MAY-2026,R00102986,0,0,0,0,0,0,0,0,0,0,1,0,0
09-MAY-2026,R00105691,0,0,0,0,0,0,0,0,0,0,1,0,0
09-MAY-2026,R00108460,0,0,0,0,0,0,0,0,0,0,1,0,0
09-MAY-2026,R00110900,0,0,0,0,0,0,0,0,0,0,1,0,0
09-MAY-2026,R00111659,0,0,0,0,0,0,0,0,0,0,1,0,0
09-MAY-2026,R00114271,0,0,0,0,0,0,0,0,0,0,1,0,0
09-MAY-2026,R00116339,0,0,0,0,0,0,0,0,0,0,1,0,0
09-MAY-2026,R00116813,0,0,0,0,0,0,0,0,0,0,1,0,0
09-MAY-2026,R00117671,0,0,0,0,0,0,0,0,0,0,1,0,0
09-MAY-2026,R00117673,0,0,0,0,0,0,0,0,0,0,1,0,0
09-MAY-2026,R00117905,0,0,0,0,0,0,0,0,0,0,1,0,0
09-MAY-2026,R00118622,0,0,0,0,0,0,0,0,0,0,1,0,0
09-MAY-2026,R00120577,0,0,0,0,0,0,0,0,0,0,1,0,0
09-MAY-2026,R00120724,0,0,0,0,0,0,0,0,0,0,1,0,0
09-MAY-2026,R00120731,0,0,0,0,0,0,0,0,0,0,1,0,0
09-MAY-2026,R0018355,0,0,0,0,0,0,0,0,0,0,1,0,0
09-MAY-2026,R0021201,0,0,0,0,0,0,0,0,0,0,1,0,0
09-MAY-2026,R007919,0,0,0,0,0,0,0,0,0,0,1,0,0
09-MAY-2026,R008464,0,0,0,0,0,0,0,0,0,0,1,0,0
09-MAY-2026,R008598,0,0,0,0,0,0,0,0,0,0,1,0,0
09-MAY-2026,R013315,0,0,0,0,0,0,0,0,0,0,1,0,0
09-MAY-2026,R016013,0,0,0,0,0,0,0,0,0,0,1,0,0
09-MAY-2026,R028370,0,0,0,0,0,0,0,0,0,0,1,0,0
09-MAY-2026,R034598,0,0,0,0,0,0,0,0,0,0,1,0,0
09-MAY-2026,R036127,0,0,0,0,0,0,0,0,0,0,1,0,0
09-MAY-2026,R048132,0,0,0,0,0,0,0,0,0,0,1,0,0
09-MAY-2026,R049404,0,0,0,0,0,0,0,0,0,0,1,0,0
09-MAY-2026,R054657,0,0,0,0,0,0,0,0,0,0,1,0,0
09-MAY-2026,R060217,0,0,0,0,0,0,0,0,0,0,1,0,0
09-MAY-2026,R062258,0,0,0,0,0,0,0,0,0,0,1,0,0
09-MAY-2026,R092173,0,0,0,0,0,0,0,0,0,0,1,0,0
09-MAY-2026,R240927,0,0,0,0,0,0,0,0,0,0,1,0,0
09-MAY-2026,R268910,0,0,0,0,0,0,0,0,0,0,1,0,0
09-MAY-2026,R290270,0,0,0,0,0,0,0,0,0,0,1,0,0
09-MAY-2026,R292435,0,0,0,0,0,0,0,0,0,0,1,0,0
09-MAY-2026,R303776,0,0,0,0,0,0,0,0,0,0,1,0,0
09-MAY-2026,R362143,0,0,0,0,0,0,0,0,0,0,1,0,0
09-MAY-2026,R367738,0,0,0,0,0,0,0,0,0,0,1,0,0
09-MAY-2026,R398880,0,0,0,0,0,0,0,0,0,0,1,0,0
09-MAY-2026,R403889,0,0,0,0,0,0,0,0,0,0,1,0,0
09-MAY-2026,R430963,0,0,0,0,0,0,0,0,0,0,1,0,0
09-MAY-2026,R496540,0,0,0,0,0,0,0,0,0,0,1,0,0
09-MAY-2026,R522435,0,0,0,0,0,0,0,0,0,0,1,0,0
09-MAY-2026,R554315,0,0,0,0,0,0,0,0,0,0,1,0,0
09-MAY-2026,RS0897,0,0,0,0,0,0,0,0,0,0,1,0,0
09-MAY-2026,RS0968,0,0,0,0,0,0,0,0,0,0,1,0,0
09-MAY-2026,RS10017,0,0,0,0,0,0,0,0,0,0,1,0,0
09-MAY-2026,RS12024,0,0,0,0,0,0,0,0,0,0,1,0,0
09-MAY-2026,RS1407,0,0,0,0,0,0,0,0,0,0,1,0,0
09-MAY-2026,RS14077,0,0,0,0,0,0,0,0,0,0,1,0,0
09-MAY-2026,RS14137,0,0,0,0,0,0,0,0,0,0,1,0,0
09-MAY-2026,RS14373,0,0,0,0,0,0,0,0,0,0,1,0,0
09-MAY-2026,RS14435,0,0,0,0,0,0,0,0,0,0,1,0,0
09-MAY-2026,RS14969,0,0,0,0,0,0,0,0,0,0,1,0,0
09-MAY-2026,RS15453,0,0,0,0,0,0,0,0,0,0,1,0,0
09-MAY-2026,RS15610,0,0,0,0,0,0,0,0,0,0,1,0,0
09-MAY-2026,RS17156,0,0,0,0,0,0,0,0,0,0,1,0,0
09-MAY-2026,RS17665,0,0,0,0,0,0,0,0,0,0,1,0,0
09-MAY-2026,RS17739,0,0,0,0,0,0,0,0,0,0,1,0,0
09-MAY-2026,RS17748,0,0,0,0,0,0,0,0,0,0,1,0,0
09-MAY-2026,RS18044,0,0,0,0,0,0,0,0,0,0,1,0,0
09-MAY-2026,RS18549,0,0,0,0,0,0,0,0,0,0,1,0,0
09-MAY-2026,RS18577,0,0,0,0,0,0,0,0,0,0,1,0,0
09-MAY-2026,RS18941,0,0,0,0,0,0,0,0,0,0,1,0,0
09-MAY-2026,RS19186,0,0,0,0,0,0,0,0,0,0,1,0,0
09-MAY-2026,RS19442,0,0,0,0,0,0,0,0,0,0,1,0,0
09-MAY-2026,RS19610,0,0,0,0,0,0,0,0,0,0,1,0,0
09-MAY-2026,RS19907,0,0,0,0,0,0,0,0,0,0,1,0,0
09-MAY-2026,RS19919,0,0,0,0,0,0,0,0,0,0,1,0,0
09-MAY-2026,RS19955,0,0,0,0,0,0,0,0,0,0,1,0,0
09-MAY-2026,RS19972,0,0,0,0,0,0,0,0,0,0,1,0,0
09-MAY-2026,RS19990,0,0,0,0,0,0,0,0,0,0,1,0,0
09-MAY-2026,RS20129,0,0,0,0,0,0,0,0,0,0,1,0,0
09-MAY-2026,RS20141,0,0,0,0,0,0,0,0,0,0,1,0,0
09-MAY-2026,RS20237,0,0,0,0,0,0,0,0,0,0,1,0,0
09-MAY-2026,RS20242,0,0,0,0,0,0,0,0,0,0,1,0,0
09-MAY-2026,RS20245,0,0,0,0,0,0,0,0,0,0,1,0,0
09-MAY-2026,RS20363,0,0,0,0,0,0,0,0,0,0,1,0,0
09-MAY-2026,RS20399,0,0,0,0,0,0,0,0,0,0,1,0,0
09-MAY-2026,RS20544,0,0,0,0,0,0,0,0,0,0,1,0,0
09-MAY-2026,RS20659,0,0,0,0,0,0,0,0,0,0,1,0,0
09-MAY-2026,RS20691,0,0,0,0,0,0,0,0,0,0,1,0,0
09-MAY-2026,RS20784,0,0,0,0,0,0,0,0,0,0,1,0,0
09-MAY-2026,RS21108,0,0,0,0,0,0,0,0,0,0,1,0,0
09-MAY-2026,RS21130,0,0,0,0,0,0,0,0,0,0,1,0,0
09-MAY-2026,RS21156,0,0,0,0,0,0,0,0,0,0,1,0,0
09-MAY-2026,RS21223,0,0,0,0,0,0,0,0,0,0,1,0,0
09-MAY-2026,RS21836,0,0,0,0,0,0,0,0,0,0,1,0,0
09-MAY-2026,RS21868,0,0,0,0,0,0,0,0,0,0,1,0,0
09-MAY-2026,RS22163,0,0,0,0,0,0,0,0,0,0,1,0,0
09-MAY-2026,RS22281,0,0,0,0,0,0,0,0,0,0,1,0,0
09-MAY-2026,RS22335,0,0,0,0,0,0,0,0,0,0,1,0,0
09-MAY-2026,RS22391,0,0,0,0,0,0,0,0,0,0,1,0,0
09-MAY-2026,RS22552,0,0,0,0,0,0,0,0,0,0,1,0,0
09-MAY-2026,RS22753,0,0,0,0,0,0,0,0,0,0,1,0,0
09-MAY-2026,RS23319,0,0,0,0,0,0,0,0,0,0,1,0,0
09-MAY-2026,RS2347,0,0,0,0,0,0,0,0,0,0,1,0,0
09-MAY-2026,RS23619,0,0,0,0,0,0,0,0,0,0,1,0,0
09-MAY-2026,RS23788,0,0,0,0,0,0,0,0,0,0,1,0,0
09-MAY-2026,RS23789,0,0,0,0,0,0,0,0,0,0,1,0,0
09-MAY-2026,RS23859,0,0,0,0,0,0,0,0,0,0,1,0,0
09-MAY-2026,RS23898,0,0,0,0,0,0,0,0,0,0,1,0,0
09-MAY-2026,RS23920,0,0,0,0,0,0,0,0,0,0,1,0,0
09-MAY-2026,RS24080,0,0,0,0,0,0,0,0,0,0,1,0,0
09-MAY-2026,RS24296,0,0,0,0,0,0,0,0,0,0,1,0,0
09-MAY-2026,RS24336,0,0,0,0,0,0,0,0,0,0,1,0,0
09-MAY-2026,RS2739,0,0,0,0,0,0,0,0,0,0,1,0,0
09-MAY-2026,RS30167,0,0,0,0,0,0,0,0,0,0,1,0,0
09-MAY-2026,RS30270,0,0,0,0,0,0,0,0,0,0,1,0,0
09-MAY-2026,RS30477,0,0,0,0,0,0,0,0,0,0,1,0,0
09-MAY-2026,RS30489,0,0,0,0,0,0,0,0,0,0,1,0,0
09-MAY-2026,RS30568,0,0,0,0,0,0,0,0,0,0,1,0,0
09-MAY-2026,RS30623,0,0,0,0,0,0,0,0,0,0,1,0,0
09-MAY-2026,RS30685,0,0,0,0,0,0,0,0,0,0,1,0,0
09-MAY-2026,RS30723,0,0,0,0,0,0,0,0,0,0,1,0,0
09-MAY-2026,RS30734,0,0,0,0,0,0,0,0,0,0,1,0,0
09-MAY-2026,RS30748,0,0,0,0,0,0,0,0,0,0,1,0,0
09-MAY-2026,RS30948,0,0,0,0,0,0,0,0,0,0,1,0,0
09-MAY-2026,RS30975,0,0,0,0,0,0,0,0,0,0,1,0,0
09-MAY-2026,RS30984,0,0,0,0,0,0,0,0,0,0,1,0,0
09-MAY-2026,RS31082,0,0,0,0,0,0,0,0,0,0,1,0,0
09-MAY-2026,RS31098,0,0,0,0,0,0,0,0,0,0,1,0,0
09-MAY-2026,RS31122,0,0,0,0,0,0,0,0,0,0,1,0,0
09-MAY-2026,RS31195,0,0,0,0,0,0,0,0,0,0,1,0,0
09-MAY-2026,RS31388,0,0,0,0,0,0,0,0,0,0,1,0,0
09-MAY-2026,RS31393,0,0,0,0,0,0,0,0,0,0,1,0,0
09-MAY-2026,RS31514,0,0,0,0,0,0,0,0,0,0,1,0,0
09-MAY-2026,RS31790,0,0,0,0,0,0,0,0,0,0,1,0,0
09-MAY-2026,RS31795,0,0,0,0,0,0,0,0,0,0,1,0,0
09-MAY-2026,RS31873,0,0,0,0,0,0,0,0,0,0,1,0,0
09-MAY-2026,RS31892,0,0,0,0,0,0,0,0,0,0,1,0,0
09-MAY-2026,RS3289,0,0,0,0,0,0,0,0,0,0,1,0,0
09-MAY-2026,RS4060,0,0,0,0,0,0,0,0,0,0,1,0,0
09-MAY-2026,RS4406,0,0,0,0,0,0,0,0,0,0,1,0,0
09-MAY-2026,RS4769,0,0,0,0,0,0,0,0,0,0,1,0,0
09-MAY-2026,RS5948,0,0,0,0,0,0,0,0,0,0,1,0,0
09-MAY-2026,RS6528,0,0,0,0,0,0,0,0,0,0,1,0,0
09-MAY-2026,RS8049,0,0,0,0,0,0,0,0,0,0,1,0,0
09-MAY-2026,RS8182,0,0,0,0,0,0,0,0,0,0,1,0,0
09-MAY-2026,S0000475,0,0,0,0,0,0,0,0,0,0,1,0,0
09-MAY-2026,S00032652,0,0,0,0,0,0,0,0,0,0,1,0,0
09-MAY-2026,S00034610,0,0,0,0,0,0,0,0,0,0,1,0,0
09-MAY-2026,S00036475,0,0,0,0,0,0,0,0,0,0,1,0,0
09-MAY-2026,S00038348,0,0,0,0,0,0,0,0,0,0,1,0,0
09-MAY-2026,S00038522,0,0,0,0,0,0,0,0,0,0,1,0,0
09-MAY-2026,S00049450,0,0,0,0,0,0,0,0,0,0,1,0,0
09-MAY-2026,S0005299,0,0,0,0,0,0,0,0,0,0,1,0,0
09-MAY-2026,S00062306,0,0,0,0,0,0,0,0,0,0,1,0,0
09-MAY-2026,S00066837,0,0,0,0,0,0,0,0,0,0,1,0,0
09-MAY-2026,S00075521,0,0,0,0,0,0,0,0,0,0,1,0,0
09-MAY-2026,S00078344,0,0,0,0,0,0,0,0,0,0,1,0,0
09-MAY-2026,S00090072,0,0,0,0,0,0,0,0,0,0,1,0,0
09-MAY-2026,S00106115,0,0,0,0,0,0,0,0,0,0,1,0,0
09-MAY-2026,S00109442,0,0,0,0,0,0,0,0,0,0,1,0,0
09-MAY-2026,S00113541,0,0,0,0,0,0,0,0,0,0,1,0,0
09-MAY-2026,S00115592,0,0,0,0,0,0,0,0,0,0,1,0,0
09-MAY-2026,S00120192,0,0,0,0,0,0,0,0,0,0,1,0,0
09-MAY-2026,S0012478,0,0,0,0,0,0,0,0,0,0,1,0,0
09-MAY-2026,S00125093,0,0,0,0,0,0,0,0,0,0,1,0,0
09-MAY-2026,S00127617,0,0,0,0,0,0,0,0,0,0,1,0,0
09-MAY-2026,S00133311,0,0,0,0,0,0,0,0,0,0,1,0,0
09-MAY-2026,S00137784,0,0,0,0,0,0,0,0,0,0,1,0,0
09-MAY-2026,S00140653,0,0,0,0,0,0,0,0,0,0,1,0,0
09-MAY-2026,S00146413,0,0,0,0,0,0,0,0,0,0,1,0,0
09-MAY-2026,S00147911,0,0,0,0,0,0,0,0,0,0,1,0,0
09-MAY-2026,S00155413,0,0,0,0,0,0,0,0,0,0,1,0,0
09-MAY-2026,S00158546,0,0,0,0,0,0,0,0,0,0,1,0,0
09-MAY-2026,S00160918,0,0,0,0,0,0,0,0,0,0,1,0,0
09-MAY-2026,S00160924,0,0,0,0,0,0,0,0,0,0,1,0,0
09-MAY-2026,S00162891,0,0,0,0,0,0,0,0,0,0,1,0,0
09-MAY-2026,S00165001,1044559.6,0,1044559.6,88784,0,0,0,0,0,0,1,0,0
09-MAY-2026,S00165437,0,0,0,0,0,0,0,0,0,0,1,0,0
09-MAY-2026,S00166389,0,0,0,0,0,0,0,0,0,0,1,0,0
09-MAY-2026,S00168746,0,0,0,0,0,0,0,0,0,0,1,0,0
09-MAY-2026,S00168978,0,0,0,0,0,0,0,0,0,0,1,0,0
09-MAY-2026,S00169238,0,0,0,0,0,0,0,0,0,0,1,0,0
09-MAY-2026,S00169827,0,0,0,0,0,0,0,0,0,0,1,0,0
09-MAY-2026,S00170729,0,0,0,0,0,0,0,0,0,0,1,0,0
09-MAY-2026,S00171676,0,0,0,0,0,0,0,0,0,0,1,0,0
09-MAY-2026,S00171972,0,0,0,0,0,0,0,0,0,0,1,0,0
09-MAY-2026,S00172059,0,0,0,0,0,0,0,0,0,0,1,0,0
09-MAY-2026,S00172667,0,0,0,0,0,0,0,0,0,0,1,0,0
09-MAY-2026,S00174079,0,0,0,0,0,0,0,0,0,0,1,0,0
09-MAY-2026,S00174311,0,0,0,0,0,0,0,0,0,0,1,0,0
09-MAY-2026,S00176627,0,0,0,0,0,0,0,0,0,0,1,0,0
09-MAY-2026,S00177839,0,0,0,0,0,0,0,0,0,0,1,0,0
09-MAY-2026,S00179018,0,0,0,0,0,0,0,0,0,0,1,0,0
09-MAY-2026,S00180021,0,0,0,0,0,0,0,0,0,0,1,0,0
09-MAY-2026,S00180108,0,0,0,0,0,0,0,0,0,0,1,0,0
09-MAY-2026,S00180538,0,0,0,0,0,0,0,0,0,0,1,0,0
09-MAY-2026,S00181158,0,0,0,0,0,0,0,0,0,0,1,0,0
09-MAY-2026,S00181407,0,0,0,0,0,0,0,0,0,0,1,0,0
09-MAY-2026,S00182700,0,0,0,0,0,0,0,0,0,0,1,0,0
09-MAY-2026,S00182912,0,0,0,0,0,0,0,0,0,0,1,0,0
09-MAY-2026,S00183686,0,0,0,0,0,0,0,0,0,0,1,0,0
09-MAY-2026,S00183868,0,0,0,0,0,0,0,0,0,0,1,0,0
09-MAY-2026,S00183946,0,0,0,0,0,0,0,0,0,0,1,0,0
09-MAY-2026,S00184014,0,0,0,0,0,0,0,0,0,0,1,0,0
09-MAY-2026,S00184534,0,0,0,0,0,0,0,0,0,0,1,0,0
09-MAY-2026,S00184576,0,0,0,0,0,0,0,0,0,0,1,0,0
09-MAY-2026,S00184710,0,0,0,0,0,0,0,0,0,0,1,0,0
09-MAY-2026,S00185717,0,0,0,0,0,0,0,0,0,0,1,0,0
09-MAY-2026,S0019579,0,0,0,0,0,0,0,0,0,0,1,0,0
09-MAY-2026,S007312,0,0,0,0,0,0,0,0,0,0,1,0,0
09-MAY-2026,S008689,0,0,0,0,0,0,0,0,0,0,1,0,0
09-MAY-2026,S009512,0,0,0,0,0,0,0,0,0,0,1,0,0
09-MAY-2026,S011822,0,0,0,0,0,0,0,0,0,0,1,0,0
09-MAY-2026,S012978,0,0,0,0,0,0,0,0,0,0,1,0,0
09-MAY-2026,S015173,0,0,0,0,0,0,0,0,0,0,1,0,0
09-MAY-2026,S016528,0,0,0,0,0,0,0,0,0,0,1,0,0
09-MAY-2026,S019333,0,0,0,0,0,0,0,0,0,0,1,0,0
09-MAY-2026,S022010,0,0,0,0,0,0,0,0,0,0,1,0,0
09-MAY-2026,S024865,0,0,0,0,0,0,0,0,0,0,1,0,0
09-MAY-2026,S025888,0,0,0,0,0,0,0,0,0,0,1,0,0
09-MAY-2026,S032391,0,0,0,0,0,0,0,0,0,0,1,0,0
09-MAY-2026,S034634,0,0,0,0,0,0,0,0,0,0,1,0,0
09-MAY-2026,S041677,0,0,0,0,0,0,0,0,0,0,1,0,0
09-MAY-2026,S041835,0,0,0,0,0,0,0,0,0,0,1,0,0
09-MAY-2026,S045000,0,0,0,0,0,0,0,0,0,0,1,0,0
09-MAY-2026,S048130,0,0,0,0,0,0,0,0,0,0,1,0,0
09-MAY-2026,S048663,0,0,0,0,0,0,0,0,0,0,1,0,0
09-MAY-2026,S049849,0,0,0,0,0,0,0,0,0,0,1,0,0
09-MAY-2026,S053510,0,0,0,0,0,0,0,0,0,0,1,0,0
09-MAY-2026,S059700,0,0,0,0,0,0,0,0,0,0,1,0,0
09-MAY-2026,S061532,0,0,0,0,0,0,0,0,0,0,1,0,0
09-MAY-2026,S072542,0,0,0,0,0,0,0,0,0,0,1,0,0
09-MAY-2026,S074431,0,0,0,0,0,0,0,0,0,0,1,0,0
09-MAY-2026,S074500,0,0,0,0,0,0,0,0,0,0,1,0,0
09-MAY-2026,S087694,0,0,0,0,0,0,0,0,0,0,1,0,0
09-MAY-2026,S088266,0,0,0,0,0,0,0,0,0,0,1,0,0
09-MAY-2026,S131439,0,0,0,0,0,0,0,0,0,0,1,0,0
09-MAY-2026,S149775,0,0,0,0,0,0,0,0,0,0,1,0,0
09-MAY-2026,S173254,0,0,0,0,0,0,0,0,0,0,1,0,0
09-MAY-2026,S179825,0,0,0,0,0,0,0,0,0,0,1,0,0
09-MAY-2026,S195156,0,0,0,0,0,0,0,0,0,0,1,0,0
09-MAY-2026,S251936,0,0,0,0,0,0,0,0,0,0,1,0,0
09-MAY-2026,S267689,0,0,0,0,0,0,0,0,0,0,1,0,0
09-MAY-2026,S294110,0,0,0,0,0,0,0,0,0,0,1,0,0
09-MAY-2026,S294238,0,0,0,0,0,0,0,0,0,0,1,0,0
09-MAY-2026,S296055,0,0,0,0,0,0,0,0,0,0,1,0,0
09-MAY-2026,S297804,0,0,0,0,0,0,0,0,0,0,1,0,0
09-MAY-2026,S333916,0,0,0,0,0,0,0,0,0,0,1,0,0
09-MAY-2026,S351942,0,0,0,0,0,0,0,0,0,0,1,0,0
09-MAY-2026,S354934,0,0,0,0,0,0,0,0,0,0,1,0,0
09-MAY-2026,S358765,0,0,0,0,0,0,0,0,0,0,1,0,0
09-MAY-2026,S365545,0,0,0,0,0,0,0,0,0,0,1,0,0
09-MAY-2026,S367671,0,0,0,0,0,0,0,0,0,0,1,0,0
09-MAY-2026,S376261,0,0,0,0,0,0,0,0,0,0,1,0,0
09-MAY-2026,S386265,0,0,0,0,0,0,0,0,0,0,1,0,0
09-MAY-2026,S400178,0,0,0,0,0,0,0,0,0,0,1,0,0
09-MAY-2026,S402278,0,0,0,0,0,0,0,0,0,0,1,0,0
09-MAY-2026,S429262,0,0,0,0,0,0,0,0,0,0,1,0,0
09-MAY-2026,S437948,0,0,0,0,0,0,0,0,0,0,1,0,0
09-MAY-2026,S457388,0,0,0,0,0,0,0,0,0,0,1,0,0
09-MAY-2026,S474510,0,0,0,0,0,0,0,0,0,0,1,0,0
09-MAY-2026,S488498,0,0,0,0,0,0,0,0,0,0,1,0,0
09-MAY-2026,S496656,0,0,0,0,0,0,0,0,0,0,1,0,0
09-MAY-2026,S516303,0,0,0,0,0,0,0,0,0,0,1,0,0
09-MAY-2026,S545485,0,0,0,0,0,0,0,0,0,0,1,0,0
09-MAY-2026,S555952,0,0,0,0,0,0,0,0,0,0,1,0,0
09-MAY-2026,S567545,0,0,0,0,0,0,0,0,0,0,1,0,0
09-MAY-2026,S572436,0,0,0,0,0,0,0,0,0,0,1,0,0
09-MAY-2026,T00043153,1092943.94,0,1092943.94,90934,0,0,0,0,0,0,1,0,0
09-MAY-2026,T00043321,0,0,0,0,0,0,0,0,0,0,1,0,0
09-MAY-2026,T00043480,0,0,0,0,0,0,0,0,0,0,1,0,0
09-MAY-2026,T00043821,0,0,0,0,0,0,0,0,0,0,1,0,0
09-MAY-2026,T00044280,0,0,0,0,0,0,0,0,0,0,1,0,0
09-MAY-2026,T0007809,0,0,0,0,0,0,0,0,0,0,1,0,0
09-MAY-2026,T033204,0,0,0,0,0,0,0,0,0,0,1,0,0
09-MAY-2026,T050993,0,0,0,0,0,0,0,0,0,0,1,0,0
09-MAY-2026,T054685,0,0,0,0,0,0,0,0,0,0,1,0,0
09-MAY-2026,U00033104,0,0,0,0,0,0,0,0,0,0,1,0,0
09-MAY-2026,U00034712,0,0,0,0,0,0,0,0,0,0,1,0,0
09-MAY-2026,U00041133,0,0,0,0,0,0,0,0,0,0,1,0,0
09-MAY-2026,U00041146,0,0,0,0,0,0,0,0,0,0,1,0,0
09-MAY-2026,U039420,0,0,0,0,0,0,0,0,0,0,1,0,0
09-MAY-2026,U364862,0,0,0,0,0,0,0,0,0,0,1,0,0
09-MAY-2026,U442505,0,0,0,0,0,0,0,0,0,0,1,0,0
09-MAY-2026,U498028,0,0,0,0,0,0,0,0,0,0,1,0,0
09-MAY-2026,V00031107,0,0,0,0,0,0,0,0,0,0,1,0,0
09-MAY-2026,V00040978,0,0,0,0,0,0,0,0,0,0,1,0,0
09-MAY-2026,V00043203,0,0,0,0,0,0,0,0,0,0,1,0,0
09-MAY-2026,V00050652,0,0,0,0,0,0,0,0,0,0,1,0,0
09-MAY-2026,V00063160,0,0,0,0,0,0,0,0,0,0,1,0,0
09-MAY-2026,V00065151,0,0,0,0,0,0,0,0,0,0,1,0,0
09-MAY-2026,V00066089,0,0,0,0,0,0,0,0,0,0,1,0,0
09-MAY-2026,V00066901,0,0,0,0,0,0,0,0,0,0,1,0,0
09-MAY-2026,V00068654,0,0,0,0,0,0,0,0,0,0,1,0,0
09-MAY-2026,V00070513,0,0,0,0,0,0,0,0,0,0,1,0,0
09-MAY-2026,V00074278,0,0,0,0,0,0,0,0,0,0,1,0,0
09-MAY-2026,V000783,0,0,0,0,0,0,0,0,0,0,1,0,0
09-MAY-2026,V00078571,0,0,0,0,0,0,0,0,0,0,1,0,0
09-MAY-2026,V00078664,0,0,0,0,0,0,0,0,0,0,1,0,0
09-MAY-2026,V00078926,0,0,0,0,0,0,0,0,0,0,1,0,0
09-MAY-2026,V00079512,0,0,0,0,0,0,0,0,0,0,1,0,0
09-MAY-2026,V00080675,0,0,0,0,0,0,0,0,0,0,1,0,0
09-MAY-2026,V00081491,0,0,0,0,0,0,0,0,0,0,1,0,0
09-MAY-2026,V00081631,0,0,0,0,0,0,0,0,0,0,1,0,0
09-MAY-2026,V00081960,0,0,0,0,0,0,0,0,0,0,1,0,0
09-MAY-2026,V00082218,0,0,0,0,0,0,0,0,0,0,1,0,0
09-MAY-2026,V00082813,0,0,0,0,0,0,0,0,0,0,1,0,0
09-MAY-2026,V00083213,0,0,0,0,0,0,0,0,0,0,1,0,0
09-MAY-2026,V003432,0,0,0,0,0,0,0,0,0,0,1,0,0
09-MAY-2026,V019657,0,0,0,0,0,0,0,0,0,0,1,0,0
09-MAY-2026,V058305,0,0,0,0,0,0,0,0,0,0,1,0,0
09-MAY-2026,V293879,0,0,0,0,0,0,0,0,0,0,1,0,0
09-MAY-2026,V366193,0,0,0,0,0,0,0,0,0,0,1,0,0
09-MAY-2026,V394057,0,0,0,0,0,0,0,0,0,0,1,0,0
09-MAY-2026,V404368,0,0,0,0,0,0,0,0,0,0,1,0,0
09-MAY-2026,V438067,0,0,0,0,0,0,0,0,0,0,1,0,0
09-MAY-2026,V468162,0,0,0,0,0,0,0,0,0,0,1,0,0
09-MAY-2026,V514292,0,0,0,0,0,0,0,0,0,0,1,0,0
09-MAY-2026,V539426,0,0,0,0,0,0,0,0,0,0,1,0,0
09-MAY-2026,V550405,0,0,0,0,0,0,0,0,0,0,1,0,0
09-MAY-2026,W021896,0,0,0,0,0,0,0,0,0,0,1,0,0
09-MAY-2026,Y00034343,0,0,0,0,0,0,0,0,0,0,1,0,0
09-MAY-2026,Y00035150,0,0,0,0,0,0,0,0,0,0,1,0,0
09-MAY-2026,Y00038857,0,0,0,0,0,0,0,0,0,0,1,0,0
09-MAY-2026,Y568261,0,0,0,0,0,0,0,0,0,0,1,0,0
09-MAY-2026,Z057582,0,0,0,0,0,0,0,0,0,0,1,0,0
