09-MAY-2026,A3835,73314.00,0.00,73314.00,6109.50,C
09-MAY-2026,A3838,146628.00,0.00,146628.00,12219.00,C
09-MAY-2026,A3841,146628.00,0.00,146628.00,12219.00,C
09-MAY-2026,A4222,4248039.48,0.00,4248039.48,289150.50,C
09-MAY-2026,A4367,642654.00,0.00,642654.00,53554.50,C
09-MAY-2026,A4580,1914290.35,0.00,1914290.35,129800.00,C
09-MAY-2026,A4642,148176.00,0.00,148176.00,12348.00,C
09-MAY-2026,A4653,12080276.40,0.00,12080276.40,1003987.50,C
09-MAY-2026,A4678,720309.59,0.00,720309.59,113772.50,C
09-MAY-2026,A5221,174026.40,0.00,174026.40,11800.00,C
09-MAY-2026,A7242,7838648.35,0.00,7838648.35,633696.50,C
09-MAY-2026,A7243,1481760.00,0.00,1481760.00,123480.00,C
09-MAY-2026,A7256,2223421.19,0.00,2223421.19,231418.50,C
09-MAY-2026,A7283,10800362.72,0.00,10800362.72,966412.50,C
09-MAY-2026,AH1057,380226.00,0.00,380226.00,31685.50,C
09-MAY-2026,AH106,488106.00,0.00,488106.00,40675.50,C
09-MAY-2026,AH1099,10224255.72,0.00,10224255.72,1258570.00,C
09-MAY-2026,AH1159,898014.91,0.00,898014.91,73075.00,C
09-MAY-2026,AH1180,162960.00,0.00,162960.00,13580.00,C
09-MAY-2026,AH1185,1002120.00,0.00,1002120.00,83510.00,C
09-MAY-2026,AH1188,521680.00,0.00,521680.00,65210.00,C
09-MAY-2026,AH1199,1096831.99,0.00,1096831.99,31435.00,C
09-MAY-2026,AH1212,40740.00,0.00,40740.00,3395.00,C
09-MAY-2026,AH1407,162960.00,0.00,162960.00,13580.00,C
09-MAY-2026,AH1415,599364.16,0.00,599364.16,48740.00,C
09-MAY-2026,AH584,313008.00,0.00,313008.00,39126.00,C
09-MAY-2026,AH630,203700.00,0.00,203700.00,16975.00,C
