09-MAY-2026,00067,0,0,0,0,0,0,0,0,0,0,2,0,0
09-MAY-2026,0058,0,0,0,0,0,0,0,0,0,0,1,0,0
09-MAY-2026,04960,74088,0,74088,6174,0,0,0,0,0,0,1,0,0
09-MAY-2026,0520,721532,0,721532,78779.5,0,0,0,0,0,0,1,0,0
09-MAY-2026,1003,0,0,0,0,0,0,0,0,0,0,1,0,0
09-MAY-2026,10407,0,0,0,0,0,0,0,0,0,0,1,0,0
09-MAY-2026,10950,0,0,0,0,0,0,0,0,0,0,1,0,0
09-MAY-2026,11411,0,0,0,0,0,0,0,0,0,0,1,0,0
09-MAY-2026,1150,52664,0,52664,6583,0,0,0,0,0,0,1,0,0
09-MAY-2026,12278,0,0,0,0,0,0,0,0,0,0,1,0,0
09-MAY-2026,13430,0,0,0,0,0,0,0,0,0,0,1,0,0
09-MAY-2026,140013,40740,0,40740,3395,0,0,0,0,0,0,1,0,0
09-MAY-2026,1410010,0,0,0,0,0,0,0,0,0,0,1,0,0
09-MAY-2026,15481,879329.66,0,879329.66,69225,0,0,0,0,0,0,1,0,0
09-MAY-2026,15952,0,0,0,0,0,0,0,0,0,0,1,0,0
09-MAY-2026,15973,5964202.08,0,5964202.08,463598,0,0,0,0,0,0,1,0,0
09-MAY-2026,15974,203700,0,203700,16975,0,0,0,0,0,0,1,0,0
09-MAY-2026,15982,0,0,0,0,0,0,0,0,0,0,1,0,0
09-MAY-2026,15984,0,0,0,0,0,0,0,0,0,0,1,0,0
09-MAY-2026,21626,1176944,0,1176944,118728.5,0,0,0,0,0,0,1,0,0
09-MAY-2026,22714,1099710,0,1099710,91642.5,0,0,0,0,0,0,1,0,0
09-MAY-2026,23993,1151564,0,1151564,122176.5,0,0,0,0,0,0,1,0,0
09-MAY-2026,25281,0,0,0,0,0,0,0,0,0,0,1,0,0
09-MAY-2026,25316,0,0,0,0,0,0,0,0,0,0,1,0,0
09-MAY-2026,25459,0,0,0,0,0,0,0,0,0,0,1,0,0
09-MAY-2026,25666,0,0,0,0,0,0,0,0,0,0,1,0,0
09-MAY-2026,27611,0,0,0,0,0,0,0,0,0,0,1,0,0
09-MAY-2026,27881,442908,0,442908,36909,0,0,0,0,0,0,1,0,0
09-MAY-2026,32485,0,0,0,0,0,0,0,0,0,0,1,0,0
09-MAY-2026,32492,0,0,0,0,0,0,0,0,0,0,1,0,0
09-MAY-2026,36414,0,0,0,0,0,0,0,0,0,0,1,0,0
09-MAY-2026,36431,0,0,0,0,0,0,0,0,0,0,1,0,0
09-MAY-2026,36490,0,0,0,0,0,0,0,0,0,0,1,0,0
09-MAY-2026,36614,0,0,0,0,0,0,0,0,0,0,1,0,0
09-MAY-2026,36623,0,0,0,0,0,0,0,0,0,0,1,0,0
09-MAY-2026,37460,0,0,0,0,0,0,0,0,0,0,1,0,0
09-MAY-2026,38214,573848,0,573848,71731,0,0,0,0,0,0,1,0,0
09-MAY-2026,38252,0,0,0,0,0,0,0,0,0,0,1,0,0
09-MAY-2026,38261,0,0,0,0,0,0,0,0,0,0,1,0,0
09-MAY-2026,38268,0,0,0,0,0,0,0,0,0,0,1,0,0
09-MAY-2026,38278,0,0,0,0,0,0,0,0,0,0,1,0,0
09-MAY-2026,38282,366570,0,366570,30547.5,0,0,0,0,0,0,1,0,0
09-MAY-2026,38300,0,0,0,0,0,0,0,0,0,0,1,0,0
09-MAY-2026,38428,0,0,0,0,0,0,0,0,0,0,1,0,0
09-MAY-2026,38435,0,0,0,0,0,0,0,0,0,0,1,0,0
09-MAY-2026,38440,0,0,0,0,0,0,0,0,0,0,1,0,0
09-MAY-2026,38479,0,0,0,0,0,0,0,0,0,0,1,0,0
09-MAY-2026,38736,0,0,0,0,0,0,0,0,0,0,1,0,0
09-MAY-2026,38737,321344,0,321344,38741.5,0,0,0,0,0,0,1,0,0
09-MAY-2026,38742,0,0,0,0,0,0,0,0,0,0,1,0,0
09-MAY-2026,38803,0,0,0,0,0,0,0,0,0,0,1,0,0
09-MAY-2026,39825,0,0,0,0,0,0,0,0,0,0,1,0,0
09-MAY-2026,39834,0,0,0,0,0,0,0,0,0,0,1,0,0
09-MAY-2026,39884,0,0,0,0,0,0,0,0,0,0,1,0,0
09-MAY-2026,39905,2932560,0,2932560,244380,0,0,0,0,0,0,1,0,0
09-MAY-2026,39912,0,0,0,0,0,0,0,0,0,0,1,0,0
09-MAY-2026,40991,0,0,0,0,0,0,0,0,0,0,1,0,0
09-MAY-2026,43700,1128849.59,0,1128849.59,95078,0,0,0,0,0,0,1,0,0
09-MAY-2026,43702,0,0,0,0,0,0,0,0,0,0,1,0,0
09-MAY-2026,44830,4003272.69,0,4003272.69,319890,0,0,0,0,0,0,1,0,0
09-MAY-2026,45452,0,0,0,0,0,0,0,0,0,0,1,0,0
09-MAY-2026,51394,0,0,0,0,0,0,0,0,0,0,1,0,0
09-MAY-2026,51418,0,0,0,0,0,0,0,0,0,0,1,0,0
09-MAY-2026,51490,0,0,0,0,0,0,0,0,0,0,1,0,0
09-MAY-2026,54153,0,0,0,0,0,0,0,0,0,0,1,0,0
09-MAY-2026,54156,0,0,0,0,0,0,0,0,0,0,1,0,0
09-MAY-2026,54161,0,0,0,0,0,0,0,0,0,0,1,0,0
09-MAY-2026,54171,0,0,0,0,0,0,0,0,0,0,1,0,0
09-MAY-2026,54429,0,0,0,0,0,0,0,0,0,0,1,0,0
09-MAY-2026,59389,0,0,0,0,0,0,0,0,0,0,1,0,0
09-MAY-2026,60720,0,0,0,0,0,0,0,0,0,0,1,0,0
09-MAY-2026,60735,0,0,0,0,0,0,0,0,0,0,1,0,0
09-MAY-2026,60780,0,0,0,0,0,0,0,0,0,0,1,0,0
09-MAY-2026,60805,0,0,0,0,0,0,0,0,0,0,1,0,0
09-MAY-2026,60809,64755179.44,0,64755179.44,6927565,0,0,0,0,0,1248825.6,1,0,0
09-MAY-2026,64584,0,0,0,0,0,0,0,0,0,0,1,0,0
09-MAY-2026,64813,0,0,0,0,0,0,0,0,0,0,1,0,0
09-MAY-2026,65303,206736,0,206736,17228,0,0,0,0,0,0,1,0,0
09-MAY-2026,65306,0,0,0,0,0,0,0,0,0,0,1,0,0
09-MAY-2026,70394,0,0,0,0,0,0,0,0,0,0,1,0,0
09-MAY-2026,70477,0,0,0,0,0,0,0,0,0,0,1,0,0
09-MAY-2026,70478,0,0,0,0,0,0,0,0,0,0,1,0,0
09-MAY-2026,71788,0,0,0,0,0,0,0,0,0,0,1,0,0
09-MAY-2026,73412,0,0,0,0,0,0,0,0,0,0,1,0,0
09-MAY-2026,73563,0,0,0,0,0,0,0,0,0,0,1,0,0
09-MAY-2026,74940,3534305.38,0,3534305.38,290340,0,0,0,0,0,0,1,0,0
09-MAY-2026,74943,845520,0,845520,70460,0,0,0,0,0,0,1,0,0
09-MAY-2026,75555,0,0,0,0,0,0,0,0,0,0,1,0,0
09-MAY-2026,76553,1618417.57,0,1618417.57,128275.5,0,0,0,0,0,0,1,0,0
09-MAY-2026,76557,1095528,0,1095528,136941,0,0,0,0,0,0,1,0,0
09-MAY-2026,76563,0,0,0,0,0,0,0,0,0,0,1,0,0
09-MAY-2026,78854,0,0,0,0,0,0,0,0,0,0,1,0,0
09-MAY-2026,78856,0,0,0,0,0,0,0,0,0,0,1,0,0
09-MAY-2026,78857,0,0,0,0,0,0,0,0,0,0,1,0,0
09-MAY-2026,78859,0,0,0,0,0,0,0,0,0,0,1,0,0
09-MAY-2026,80445,0,0,0,0,0,0,0,0,0,0,1,0,0
09-MAY-2026,83612,0,0,0,0,0,0,0,0,0,0,1,0,0
09-MAY-2026,85326,42276,0,42276,3523,0,0,0,0,0,0,1,0,0
09-MAY-2026,85329,0,0,0,0,0,0,0,0,0,0,1,0,0
09-MAY-2026,90089,0,0,0,0,0,0,0,0,0,0,1,0,0
09-MAY-2026,90425,0,0,0,0,0,0,0,0,0,0,1,0,0
09-MAY-2026,90693,0,0,0,0,0,0,0,0,0,0,1,0,0
09-MAY-2026,90945,0,0,0,0,0,0,0,0,0,0,1,0,0
09-MAY-2026,95128,67640.74,0,67640.74,5325,0,0,0,0,0,0,1,0,0
09-MAY-2026,98715,1348364,0,1348364,146055.5,0,0,0,0,0,0,1,0,0
09-MAY-2026,BB00140,0,0,0,0,0,0,0,0,0,0,1,0,0
09-MAY-2026,BB0015,0,0,0,0,0,0,0,0,0,0,1,0,0
09-MAY-2026,BB0034,0,0,0,0,0,0,0,0,0,0,1,0,0
09-MAY-2026,BB0036,0,0,0,0,0,0,0,0,0,0,1,0,0
09-MAY-2026,BB0043,0,0,0,0,0,0,0,0,0,0,1,0,0
09-MAY-2026,BB0046,528204,0,528204,60319.5,0,0,0,0,0,0,1,0,0
09-MAY-2026,BB0052,0,0,0,0,0,0,0,0,0,0,1,0,0
09-MAY-2026,BB0056,0,0,0,0,0,0,0,0,0,0,1,0,0
09-MAY-2026,BB0062,0,0,0,0,0,0,0,0,0,0,1,0,0
09-MAY-2026,BB0063,0,0,0,0,0,0,0,0,0,0,1,0,0
09-MAY-2026,BB0077,0,0,0,0,0,0,0,0,0,0,1,0,0
09-MAY-2026,BB0079,0,0,0,0,0,0,0,0,0,0,1,0,0
09-MAY-2026,BB0089,0,0,0,0,0,0,0,0,0,0,1,0,0
09-MAY-2026,BB0090,0,0,0,0,0,0,0,0,0,0,1,0,0
09-MAY-2026,BB0091,0,0,0,0,0,0,0,0,0,0,1,0,0
09-MAY-2026,BB0093,0,0,0,0,0,0,0,0,0,0,1,0,0
09-MAY-2026,BB0096,0,0,0,0,0,0,0,0,0,0,1,0,0
09-MAY-2026,BB0099,0,0,0,0,0,0,0,0,0,0,1,0,0
09-MAY-2026,BB0110,0,0,0,0,0,0,0,0,0,0,1,0,0
09-MAY-2026,BB0112,0,0,0,0,0,0,0,0,0,0,1,0,0
09-MAY-2026,BB0116,0,0,0,0,0,0,0,0,0,0,1,0,0
09-MAY-2026,BB0117,0,0,0,0,0,0,0,0,0,0,1,0,0
09-MAY-2026,BB0118,0,0,0,0,0,0,0,0,0,0,1,0,0
09-MAY-2026,BB0120,0,0,0,0,0,0,0,0,0,0,1,0,0
09-MAY-2026,BB0122,0,0,0,0,0,0,0,0,0,0,1,0,0
09-MAY-2026,BB0135,0,0,0,0,0,0,0,0,0,0,1,0,0
09-MAY-2026,BB0159,0,0,0,0,0,0,0,0,0,0,1,0,0
09-MAY-2026,BB0168,0,0,0,0,0,0,0,0,0,0,1,0,0
09-MAY-2026,BB0169,0,0,0,0,0,0,0,0,0,0,1,0,0
09-MAY-2026,BB0188,0,0,0,0,0,0,0,0,0,0,1,0,0
09-MAY-2026,BB10014,0,0,0,0,0,0,0,0,0,0,1,0,0
09-MAY-2026,BB10021,0,0,0,0,0,0,0,0,0,0,1,0,0
09-MAY-2026,BB10023,0,0,0,0,0,0,0,0,0,0,1,0,0
09-MAY-2026,BB10036,0,0,0,0,0,0,0,0,0,0,1,0,0
09-MAY-2026,BB10040,68472,0,68472,5706,0,0,0,0,0,0,1,0,0
09-MAY-2026,BB10077,0,0,0,0,0,0,0,0,0,0,1,0,0
09-MAY-2026,BB10078,0,0,0,0,0,0,0,0,0,0,1,0,0
09-MAY-2026,BB10080,146628,0,146628,12219,0,0,0,0,0,0,1,0,0
09-MAY-2026,BB10084,0,0,0,0,0,0,0,0,0,0,1,0,0
09-MAY-2026,BBE013,0,0,0,0,0,0,0,0,0,0,1,0,0
09-MAY-2026,BBE019,0,0,0,0,0,0,0,0,0,0,1,0,0
09-MAY-2026,BM10002,0,0,0,0,0,0,0,0,0,0,1,0,0
09-MAY-2026,BM10003,0,0,0,0,0,0,0,0,0,0,1,0,0
09-MAY-2026,BP0027,73314,0,73314,6109.5,0,0,0,0,0,0,1,0,0
09-MAY-2026,BPN10002,0,0,0,0,0,0,0,0,0,0,1,0,0
09-MAY-2026,DC10020,0,0,0,0,0,0,0,0,0,0,1,0,0
09-MAY-2026,DC10065,412452,0,412452,34371,0,0,0,0,0,0,1,0,0
09-MAY-2026,DH10008,0,0,0,0,0,0,0,0,0,0,1,0,0
09-MAY-2026,DH10013,1428120,0,1428120,119010,0,0,0,0,0,0,1,0,0
09-MAY-2026,DH10018,0,0,0,0,0,0,0,0,0,0,1,0,0
09-MAY-2026,DHS006,0,0,0,0,0,0,0,0,0,0,1,0,0
09-MAY-2026,DHS007,0,0,0,0,0,0,0,0,0,0,1,0,0
09-MAY-2026,DHS009,366570,0,366570,30547.5,0,0,0,0,0,0,1,0,0
09-MAY-2026,DHS012,0,0,0,0,0,0,0,0,0,0,1,0,0
09-MAY-2026,EK00188,0,0,0,0,0,0,0,0,0,0,1,0,0
09-MAY-2026,EK00638,0,0,0,0,0,0,0,0,0,0,1,0,0
09-MAY-2026,ERR003,0,0,0,0,0,0,0,0,0,0,1,0,0
09-MAY-2026,ESS005,0,0,0,0,0,0,0,0,0,0,1,0,0
09-MAY-2026,EUA001,7591696.91,0,7591696.91,1292679.5,0,0,0,0,0,0,1,0,0
09-MAY-2026,EUA004,0,0,0,0,0,0,0,0,0,0,1,0,0
09-MAY-2026,HH0008,0,0,0,0,0,0,0,0,0,0,1,0,0
09-MAY-2026,HO100247,0,0,0,0,0,0,0,0,0,0,1,0,0
09-MAY-2026,HO10163,257576.41,0,257576.41,60644,0,0,0,0,0,0,1,0,0
09-MAY-2026,HO10247,0,0,0,0,0,0,0,0,0,0,1,0,0
09-MAY-2026,HO10295,0,0,0,0,0,0,0,0,0,0,1,0,0
09-MAY-2026,HO10404,280427.39,0,280427.39,35948,0,0,0,0,0,0,1,0,0
09-MAY-2026,HO10430,4053310.3,0,4053310.3,736368,0,0,0,0,0,0,1,0,0
09-MAY-2026,HPE070,0,0,0,0,0,0,0,0,0,0,1,0,0
09-MAY-2026,HTS10002,99646,0,99646,9401,0,0,0,0,0,0,1,0,0
09-MAY-2026,HTS10006,87013.2,0,87013.2,5900,0,0,0,0,0,0,1,0,0
09-MAY-2026,HTS10019,0,0,0,0,0,0,0,0,0,0,1,0,0
09-MAY-2026,HU10029,0,0,0,0,0,0,0,0,0,0,1,0,0
09-MAY-2026,IR10002,0,0,0,0,0,0,0,0,0,0,1,0,0
09-MAY-2026,KD0001,0,0,0,0,0,0,0,0,0,0,1,0,0
09-MAY-2026,MI10013,40740,0,40740,3395,0,0,0,0,0,0,1,0,0
09-MAY-2026,MP10007,586512,0,586512,48876,0,0,0,0,0,0,1,0,0
09-MAY-2026,MP10022,0,0,0,0,0,0,0,0,0,0,1,0,0
09-MAY-2026,MP10026,920865.59,0,920865.59,72685.5,0,0,0,0,0,0,1,0,0
09-MAY-2026,MP10032,146628,0,146628,12219,0,0,0,0,0,0,1,0,0
09-MAY-2026,MP10052,0,0,0,0,0,0,0,0,0,0,1,0,0
09-MAY-2026,MS0007,0,0,0,0,0,0,0,0,0,0,1,0,0
09-MAY-2026,MS0008,0,0,0,0,0,0,0,0,0,0,1,0,0
09-MAY-2026,MU0380,0,0,0,0,0,0,0,0,0,0,1,0,0
09-MAY-2026,MU0387,0,0,0,0,0,0,0,0,0,0,1,0,0
09-MAY-2026,MU0534,0,0,0,0,0,0,0,0,0,0,1,0,0
09-MAY-2026,MU0861,25556918.89,0,25556918.89,2097279,0,0,0,0,0,0,1,0,0
09-MAY-2026,MU0864,0,0,0,0,0,0,0,0,0,0,1,0,0
09-MAY-2026,MU0880,0,0,0,0,0,0,0,0,0,0,1,0,0
09-MAY-2026,NKL10082,470867.83,0,470867.83,37867.5,0,0,0,0,0,0,1,0,0
09-MAY-2026,NSS10003,0,0,0,0,0,0,0,0,0,0,1,0,0
09-MAY-2026,NSS10006,34236,0,34236,2853,0,0,0,0,0,0,1,0,0
09-MAY-2026,NSS10007,0,0,0,0,0,0,0,0,0,0,1,0,0
09-MAY-2026,NSS10011,0,0,0,0,0,0,0,0,0,0,1,0,0
09-MAY-2026,NSS10012,0,0,0,0,0,0,0,0,0,0,1,0,0
09-MAY-2026,NSS10019,0,0,0,0,0,0,0,0,0,0,1,0,0
09-MAY-2026,NSS10027,0,0,0,0,0,0,0,0,0,0,1,0,0
09-MAY-2026,NSS10041,0,0,0,0,0,0,0,0,0,0,1,0,0
09-MAY-2026,NSS10042,0,0,0,0,0,0,0,0,0,0,1,0,0
09-MAY-2026,PD00048,0,0,0,0,0,0,0,0,0,0,1,0,0
09-MAY-2026,PDE040,0,0,0,0,0,0,0,0,0,0,1,0,0
09-MAY-2026,PDE047,0,0,0,0,0,0,0,0,0,0,1,0,0
09-MAY-2026,PDE064,0,0,0,0,0,0,0,0,0,0,1,0,0
09-MAY-2026,PG10004,0,0,0,0,0,0,0,0,0,0,1,0,0
09-MAY-2026,PK0221,0,0,0,0,0,0,0,0,0,0,1,0,0
09-MAY-2026,PM10022,0,0,0,0,0,0,0,0,0,0,1,0,0
09-MAY-2026,PR10091,0,0,0,0,0,0,0,0,0,0,1,0,0
09-MAY-2026,PR10094,215760,0,215760,17980,0,0,0,0,0,0,1,0,0
09-MAY-2026,PVP0001,0,0,0,0,0,0,0,0,0,0,1,0,0
09-MAY-2026,RA0023,440856,0,440856,36738,0,0,0,0,0,0,1,0,0
09-MAY-2026,RA0028,1270890,0,1270890,105907.5,0,0,0,0,0,0,1,0,0
09-MAY-2026,RA0114,0,0,0,0,0,0,0,0,0,0,1,0,0
09-MAY-2026,RA0115,0,0,0,0,0,0,0,0,0,0,1,0,0
09-MAY-2026,RB0010,1893863.57,0,1893863.57,216819,0,0,0,0,0,0,1,0,0
09-MAY-2026,RB10006,68472,0,68472,5706,0,0,0,0,0,0,1,0,0
09-MAY-2026,RB10033,68472,0,68472,5706,0,0,0,0,0,0,1,0,0
09-MAY-2026,RS0001,0,0,0,0,0,0,0,0,0,0,1,0,0
09-MAY-2026,RS0015,0,0,0,0,0,0,0,0,0,0,1,0,0
09-MAY-2026,RSE081,0,0,0,0,0,0,0,0,0,0,1,0,0
09-MAY-2026,SC10011,0,0,0,0,0,0,0,0,0,0,1,0,0
09-MAY-2026,SC1011,0,0,0,0,0,0,0,0,0,0,1,0,0
09-MAY-2026,SF0003,0,0,0,0,0,0,0,0,0,0,1,0,0
09-MAY-2026,SI0025,0,0,0,0,0,0,0,0,0,0,1,0,0
09-MAY-2026,SI0044,293256,0,293256,24438,0,0,0,0,0,0,1,0,0
09-MAY-2026,SVE015,73314,0,73314,6109.5,0,0,0,0,0,0,1,0,0
09-MAY-2026,TR0593,0,0,0,0,0,0,0,0,0,0,1,0,0
09-MAY-2026,TR1925,0,0,0,0,0,0,0,0,0,0,1,0,0
09-MAY-2026,UA0012,1291621.37,0,1291621.37,102024,0,0,0,0,0,0,1,0,0
09-MAY-2026,UA10003,6789812.04,0,6789812.04,1374792,0,0,0,0,0,0,1,0,0
09-MAY-2026,UA10006,0,0,0,0,0,0,0,0,0,0,1,0,0
09-MAY-2026,US10003,269880,0,269880,22490,0,0,0,0,0,0,1,0,0
09-MAY-2026,YT10003,0,0,0,0,0,0,0,0,0,0,1,0,0
09-MAY-2026,YT10007,52664,0,52664,6583,0,0,0,0,0,0,1,0,0
