09-MAY-2026,PRO_01303,4650737.35,0.00,4650737.35,353850.00,P
09-MAY-2026,AA2827,69132.00,0.00,69132.00,5761.00,C
09-MAY-2026,AA2834,69132.00,0.00,69132.00,5761.00,C
09-MAY-2026,AA6286,196350.30,0.00,196350.30,16130.00,C
09-MAY-2026,AA6300,547776.00,0.00,547776.00,45648.00,C
09-MAY-2026,AAD691,3027811.00,0.00,3027811.00,228240.00,C
09-MAY-2026,AAN328,69132.00,0.00,69132.00,5761.00,C
09-MAY-2026,AAR072,103698.00,0.00,103698.00,8641.50,C
09-MAY-2026,AAR211,202922.23,0.00,202922.23,15975.00,C
09-MAY-2026,AAS101,2460789.28,0.00,2460789.28,187093.00,C
09-MAY-2026,AAS174,211380.00,0.00,211380.00,17615.00,C
09-MAY-2026,AAV401,990002.10,0.00,990002.10,80930.00,C
09-MAY-2026,AB3517,753192.00,0.00,753192.00,62766.00,C
09-MAY-2026,BB4005,401307.00,800.00,402107.00,65418.00,C
09-MAY-2026,BM5002,1281930.00,0.00,1281930.00,106827.50,C
09-MAY-2026,BS0002,479304.00,0.00,479304.00,39942.00,C
09-MAY-2026,BS0075,2054820.00,0.00,2054820.00,171235.00,C
09-MAY-2026,BS0077,273888.00,0.00,273888.00,22824.00,C
09-MAY-2026,MA4069,7643403.96,0.00,7643403.96,601725.00,C
09-MAY-2026,MA4120,42276.00,0.00,42276.00,3523.00,C
09-MAY-2026,MA4143,4069368.00,0.00,4069368.00,339114.00,C
09-MAY-2026,MA4152,2187528.00,0.00,2187528.00,267044.00,C
09-MAY-2026,MA4162,2901612.00,0.00,2901612.00,545431.00,C
09-MAY-2026,MA4165,7422382.97,0.00,7422382.97,617285.00,C
09-MAY-2026,MA4181,465036.00,0.00,465036.00,38753.00,C
09-MAY-2026,MA4187,407400.00,0.00,407400.00,33950.00,C
09-MAY-2026,MA4195,2703239.32,0.00,2703239.32,217165.00,C
09-MAY-2026,MA4204,169104.00,0.00,169104.00,14092.00,C
