09-MAY-2026,01280,513651.72,0,513651.72,42082,0,0,0,0,0,0,2,0,0,442029.72,36113.5,20260509-0,95434879.95,100434879.95,100434879.95,77590.5,0,20260509-0
09-MAY-2026,A110035,358110,0,358110,29842.5,0,0,0,0,0,0,1,0,0,358110,29842.5,20260509-0,436580,436580,436580,387952.5,0,20260509-0
09-MAY-2026,A111486,145044,0,145044,12087,0,0,0,0,0,0,1,0,0,145044,12087,20260509-0,203646.67,203646.67,203646.67,157131,0,20260509-0
09-MAY-2026,A111494,1951076.52,0,1951076.52,158804,0,0,0,0,0,0,1,0,0,1951076.52,158804,20260509-0,3054167.11,3054167.11,3054167.11,2109880.52,0,20260509-0
09-MAY-2026,A111505,300480,0,300480,25040,0,0,0,0,0,0,1,0,0,300480,25040,20260509-0,454564,454564,454564,325520,0,20260509-0
09-MAY-2026,AF11387,2765414,0,2765414,309858.5,0,0,0,0,0,0,1,0,0,2765414,309858.5,20260509-0,3951364.39,3951364.39,3951364.39,3075272.5,0,20260509-0
09-MAY-2026,AF12923,3490416,0,3490416,289993,0,0,0,0,0,0,1,0,0,3490416,289993,20260509-0,4356941.6,4356941.6,4356941.6,3780409,0,20260509-0
09-MAY-2026,AF19062,72522,0,72522,6043.5,0,0,0,0,0,0,1,0,0,72522,6043.5,20260509-0,110531.67,110531.67,110531.67,78565.5,0,20260509-0
09-MAY-2026,AF19205,17941655.49,0,17941655.49,1605320,0,0,0,0,0,0,1,0,0,17941655.49,1605320,20260509-0,12971775.48,12971775.48,12971775.48,19546975.49,6575200.01,20260509-0
09-MAY-2026,AF19369,10040190,0,10040190,836682.5,0,0,0,0,0,0,1,0,0,10040190,836682.5,20260509-0,12727836.55,12727836.55,12727836.55,10876872.5,0,20260509-0
09-MAY-2026,AF19487,664980,0,664980,55415,0,0,0,0,0,0,1,0,0,664980,55415,20260509-0,799308.07,799308.07,799308.07,720395,0,20260509-0
09-MAY-2026,AH5021,79867.07,0,79867.07,6173,0,0,0,0,0,0,1,0,0,79867.07,6173,20260509-0,59677.2,59677.2,59677.2,86040.07,26362.87,20260509-0
09-MAY-2026,AH5738,0,0,0,0,0,0,0,0,0,0,1,0,0,0,0,20260509-0,2688.89,2688.89,2688.89,0,0,20260509-0
09-MAY-2026,AMR10453,1077574.52,0,1077574.52,89798,0,0,0,0,0,0,1,0,0,1077574.52,89798,20260509-0,1500569.89,1500569.89,1500569.89,1167372.52,0,20260509-0
09-MAY-2026,AMR1523,41544,0,41544,3462,0,0,0,0,0,0,1,0,0,41544,3462,20260509-0,53429.2,53429.2,53429.2,45006,0,20260509-0
09-MAY-2026,AMR1622,101820,0,101820,8485,0,0,0,0,0,0,1,0,0,101820,8485,20260509-0,142134.06,142134.06,142134.06,110305,0,20260509-0
09-MAY-2026,AW1859,72522,0,72522,6043.5,0,0,0,0,0,0,1,0,0,72522,6043.5,20260509-0,99478.5,99478.5,99478.5,78565.5,0,20260509-0
09-MAY-2026,BRD1674,450720,0,450720,37560,0,0,0,0,0,0,1,0,0,450720,37560,20260509-0,663512.67,663512.67,663512.67,488280,0,20260509-0
09-MAY-2026,BT1098,223111.07,0,223111.07,18110,0,0,0,0,0,0,1,0,0,223111.07,18110,20260509-0,175708.91,175708.91,175708.91,241221.07,65512.16,20260509-0
09-MAY-2026,BT1265,41004,0,41004,3417,0,0,0,0,0,0,1,0,0,41004,3417,20260509-0,53075,53075,53075,44421,0,20260509-0
09-MAY-2026,BT1372,51840,0,51840,6480,0,0,0,0,0,0,1,0,0,51840,6480,20260509-0,69578.86,69578.86,69578.86,58320,0,20260509-0
09-MAY-2026,BT1885,0,0,0,0,0,0,0,0,0,0,1,0,0,0,0,20260509-0,488.89,488.89,488.89,0,0,20260509-0
09-MAY-2026,DA7459,51840,0,51840,6480,0,0,0,0,0,0,1,0,0,51840,6480,20260509-0,0,0,0,58320,58320,20260509-0
09-MAY-2026,DEA7380,35180,0,35180,3518,0,0,0,0,0,0,1,0,0,35180,3518,20260509-0,44349.8,44349.8,44349.8,38698,0,20260509-0
09-MAY-2026,DG11732,179953.07,0,179953.07,14513.5,0,0,0,0,0,0,1,0,0,179953.07,14513.5,20260509-0,261433.33,261433.33,261433.33,194466.57,0,20260509-0
09-MAY-2026,DSA1303,472290,0,472290,39357.5,0,0,0,0,0,0,1,0,0,472290,39357.5,20260509-0,657378.94,657378.94,657378.94,511647.5,0,20260509-0
09-MAY-2026,F11540,998918.57,0,998918.57,82770,0,0,0,0,0,0,1,0,0,998918.57,82770,20260509-0,1552852.89,1552852.89,1552852.89,1081688.57,0,20260509-0
09-MAY-2026,F11661,553301,0,553301,58726,0,0,0,0,0,0,1,0,0,553301,58726,20260509-0,679542.17,679542.17,679542.17,612027,0,20260509-0
09-MAY-2026,F13387,151489.07,0,151489.07,12141.5,0,0,0,0,0,0,1,0,0,151489.07,12141.5,20260509-0,204055.46,204055.46,204055.46,163630.57,0,20260509-0
09-MAY-2026,F1347,71622,0,71622,5968.5,0,0,0,0,0,0,1,0,0,71622,5968.5,20260509-0,98505,98505,98505,77590.5,0,20260509-0
09-MAY-2026,F13937,154200,0,154200,12850,0,0,0,0,0,0,1,0,0,154200,12850,20260509-0,255503.11,255503.11,255503.11,167050,0,20260509-0
09-MAY-2026,F1760,1085820,0,1085820,90485,0,0,0,0,0,0,1,0,0,1085820,90485,20260509-0,1350247.17,1350247.17,1350247.17,1176305,0,20260509-0
09-MAY-2026,FA5056,71622,0,71622,5968.5,0,0,0,0,0,0,1,0,0,71622,5968.5,20260509-0,109450,109450,109450,77590.5,0,20260509-0
09-MAY-2026,FA5066,33588,0,33588,2799,0,0,0,0,0,0,1,0,0,33588,2799,20260509-0,47564,47564,47564,36387,0,20260509-0
09-MAY-2026,FA5071,267939.14,0,267939.14,22773,0,0,0,0,0,0,1,0,0,267939.14,22773,20260509-0,318670.92,318670.92,318670.92,290712.14,0,20260509-0
09-MAY-2026,FA5079,79867.07,0,79867.07,6173,0,0,0,0,0,0,1,0,0,79867.07,6173,20260509-0,120958.44,120958.44,120958.44,86040.07,0,20260509-0
09-MAY-2026,FA5094,328872,0,328872,27406,0,0,0,0,0,0,1,0,0,328872,27406,20260509-0,459408.4,459408.4,459408.4,356278,0,20260509-0
09-MAY-2026,FA5097,143244,0,143244,11937,0,0,0,0,0,0,1,0,0,143244,11937,20260509-0,218900,218900,218900,155181,0,20260509-0
09-MAY-2026,FF1016,516252.92,0,516252.92,40851,0,0,0,0,0,0,1,0,0,516252.92,40851,20260509-0,587214.64,587214.64,587214.64,557103.92,0,20260509-0
09-MAY-2026,FF1802,864864,0,864864,72072,0,0,0,0,0,0,1,0,0,864864,72072,20260509-0,1138731,1138731,1138731,936936,0,20260509-0
09-MAY-2026,FF4434,314721.2,0,314721.2,24779,0,0,0,0,0,0,1,0,0,314721.2,24779,20260509-0,435408.6,435408.6,435408.6,339500.2,0,20260509-0
09-MAY-2026,FM1363,239601.2,0,239601.2,18519,0,0,0,0,0,0,1,0,0,239601.2,18519,20260509-0,327815.6,327815.6,327815.6,258120.2,0,20260509-0
09-MAY-2026,G30576,158820,0,158820,13235,0,0,0,0,0,0,1,0,0,158820,13235,20260509-0,239866,239866,239866,172055,0,20260509-0
09-MAY-2026,G3072,72522,0,72522,6043.5,0,0,0,0,0,0,1,0,0,72522,6043.5,20260509-0,105363.3,105363.3,105363.3,78565.5,0,20260509-0
09-MAY-2026,G30782,150240,0,150240,12520,0,0,0,0,0,0,1,0,0,150240,12520,20260509-0,144635.41,144635.41,144635.41,162760,18124.59,20260509-0
09-MAY-2026,G31502,75120,0,75120,6260,0,0,0,0,0,0,1,0,0,75120,6260,20260509-0,120913.22,120913.22,120913.22,81380,0,20260509-0
09-MAY-2026,G31827,184248,0,184248,15354,0,0,0,0,0,0,1,0,0,184248,15354,20260509-0,277872.22,277872.22,277872.22,199602,0,20260509-0
09-MAY-2026,HA6288,33588,0,33588,2799,0,0,0,0,0,0,1,0,0,33588,2799,20260509-0,3338.33,3338.33,3338.33,36387,33048.67,20260509-0
09-MAY-2026,HAD2026,671784,0,671784,55982,0,0,0,0,0,0,1,0,0,671784,55982,20260509-0,923094.94,923094.94,923094.94,727766,0,20260509-0
09-MAY-2026,HAD6098,206100,0,206100,17175,0,0,0,0,0,0,1,0,0,206100,17175,20260509-0,290070,290070,290070,223275,0,20260509-0
09-MAY-2026,HAD6112,201528,0,201528,16794,0,0,0,0,0,0,1,0,0,201528,16794,20260509-0,256845.6,256845.6,256845.6,218322,0,20260509-0
09-MAY-2026,HAD6228,33588,0,33588,2799,0,0,0,0,0,0,1,0,0,33588,2799,20260509-0,46402.89,46402.89,46402.89,36387,0,20260509-0
09-MAY-2026,HAD6249,67176,0,67176,5598,0,0,0,0,0,0,1,0,0,67176,5598,20260509-0,95128,95128,95128,72774,0,20260509-0
09-MAY-2026,HAD6317,202410,0,202410,16867.5,0,0,0,0,0,0,1,0,0,202410,16867.5,20260509-0,250480.45,250480.45,250480.45,219277.5,0,20260509-0
09-MAY-2026,JC6346,72522,0,72522,6043.5,0,0,0,0,0,0,1,0,0,72522,6043.5,20260509-0,129720.56,129720.56,129720.56,78565.5,0,20260509-0
09-MAY-2026,JC6645,1078830,0,1078830,89902.5,0,0,0,0,0,0,1,0,0,1078830,89902.5,20260509-0,1482442.5,1482442.5,1482442.5,1168732.5,0,20260509-0
09-MAY-2026,JT10223,67470,0,67470,5622.5,0,0,0,0,0,0,1,0,0,67470,5622.5,20260509-0,35968.94,35968.94,35968.94,73092.5,37123.56,20260509-0
09-MAY-2026,JT10825,0,0,0,0,0,0,0,0,0,0,1,0,0,0,0,20260509-0,32144.44,32144.44,32144.44,0,0,20260509-0
09-MAY-2026,JT10973,72522,0,72522,6043.5,0,0,0,0,0,0,1,0,0,72522,6043.5,20260509-0,110531.67,110531.67,110531.67,78565.5,0,20260509-0
09-MAY-2026,JT10998,1059012,0,1059012,88251,0,0,0,0,0,0,1,0,0,1059012,88251,20260509-0,562562.78,562562.78,562562.78,1147263,584700.22,20260509-0
09-MAY-2026,JT1107,67470,0,67470,5622.5,0,0,0,0,0,0,1,0,0,67470,5622.5,20260509-0,93911.28,93911.28,93911.28,73092.5,0,20260509-0
09-MAY-2026,JT11093,438642,0,438642,36553.5,0,0,0,0,0,0,1,0,0,438642,36553.5,20260509-0,179730.31,179730.31,179730.31,475195.5,295465.19,20260509-0
09-MAY-2026,K1Z103,388800,0,388800,48600,0,0,0,0,0,0,1,0,0,388800,48600,20260509-0,303965.69,303965.69,303965.69,437400,133434.31,20260509-0
09-MAY-2026,K1Z553,145044,0,145044,12087,0,0,0,0,0,0,1,0,0,145044,12087,20260509-0,198957,198957,198957,157131,0,20260509-0
09-MAY-2026,K1Z554,72522,0,72522,6043.5,0,0,0,0,0,0,1,0,0,72522,6043.5,20260509-0,101731.67,101731.67,101731.67,78565.5,0,20260509-0
09-MAY-2026,K1Z567,72522,0,72522,6043.5,0,0,0,0,0,0,1,0,0,72522,6043.5,20260509-0,101731.67,101731.67,101731.67,78565.5,0,20260509-0
09-MAY-2026,L2222,500738.57,0,500738.57,52101,0,0,0,0,0,0,1,0,0,500738.57,52101,20260509-0,627129.8,627129.8,627129.8,552839.57,0,20260509-0
09-MAY-2026,M11403,83088,0,83088,6924,0,0,0,0,0,0,1,0,0,83088,6924,20260509-0,118731.56,118731.56,118731.56,90012,0,20260509-0
09-MAY-2026,MH10155,72522,0,72522,6043.5,0,0,0,0,0,0,1,0,0,72522,6043.5,20260509-0,89518.77,89518.77,89518.77,78565.5,0,20260509-0
09-MAY-2026,MN1329,124632,0,124632,10386,0,0,0,0,0,0,1,0,0,124632,10386,20260509-0,178097.33,178097.33,178097.33,135018,0,20260509-0
09-MAY-2026,O10713,143244,0,143244,11937,0,0,0,0,0,0,1,0,0,143244,11937,20260509-0,218900,218900,218900,155181,0,20260509-0
09-MAY-2026,PL10757,73692,0,73692,6141,0,0,0,0,0,0,1,0,0,73692,6141,20260509-0,113087.33,113087.33,113087.33,79833,0,20260509-0
09-MAY-2026,PLB2036,446550,0,446550,37212.5,0,0,0,0,0,0,1,0,0,446550,37212.5,20260509-0,564206.5,564206.5,564206.5,483762.5,0,20260509-0
09-MAY-2026,QG1Z023,217566,0,217566,18130.5,0,0,0,0,0,0,1,0,0,217566,18130.5,20260509-0,298435.5,298435.5,298435.5,235696.5,0,20260509-0
09-MAY-2026,QG1Z445,147642,0,147642,12303.5,0,0,0,0,0,0,1,0,0,147642,12303.5,20260509-0,208300.4,208300.4,208300.4,159945.5,0,20260509-0
09-MAY-2026,RL4209,34350,0,34350,2862.5,0,0,0,0,0,0,1,0,0,34350,2862.5,20260509-0,48222.78,48222.78,48222.78,37212.5,0,20260509-0
09-MAY-2026,RL7955,72522,0,72522,6043.5,0,0,0,0,0,0,1,0,0,72522,6043.5,20260509-0,110531.67,110531.67,110531.67,78565.5,0,20260509-0
09-MAY-2026,RLA3006,145044,0,145044,12087,0,0,0,0,0,0,1,0,0,145044,12087,20260509-0,221063.33,221063.33,221063.33,157131,0,20260509-0
09-MAY-2026,RLA3487,151489.07,0,151489.07,12141.5,0,0,0,0,0,0,1,0,0,151489.07,12141.5,20260509-0,230408.44,230408.44,230408.44,163630.57,0,20260509-0
09-MAY-2026,RLA3534,777084.41,0,777084.41,61861.5,0,0,0,0,0,0,1,0,0,777084.41,61861.5,20260509-0,1172986.22,1172986.22,1172986.22,838945.91,0,20260509-0
09-MAY-2026,SID1376,630912,0,630912,78864,0,0,0,0,0,0,1,0,0,630912,78864,20260509-0,896326.44,896326.44,896326.44,709776,0,20260509-0
09-MAY-2026,SID1455,67176,0,67176,5598,0,0,0,0,0,0,1,0,0,67176,5598,20260509-0,95128,95128,95128,72774,0,20260509-0
09-MAY-2026,UJ5327,1625177.21,0,1625177.21,130739.5,0,0,0,0,0,0,1,0,0,1625177.21,130739.5,20260509-0,2201969,2201969,2201969,1755916.71,0,20260509-0
09-MAY-2026,UJ9084,1298196,0,1298196,108183,0,0,0,0,0,0,1,0,0,1298196,108183,20260509-0,1766985,1766985,1766985,1406379,0,20260509-0
09-MAY-2026,UJ9107,2089932,0,2089932,174161,0,0,0,0,0,0,1,0,0,2089932,174161,20260509-0,2752800.6,2752800.6,2752800.6,2264093,0,20260509-0
09-MAY-2026,UJ9137,852528,0,852528,71044,0,0,0,0,0,0,1,0,0,852528,71044,20260509-0,1216059.78,1216059.78,1216059.78,923572,0,20260509-0
09-MAY-2026,UJ9140,28320768,0,28320768,2360064,0,0,0,0,0,2439993.6,1,0,0,28320768,2360064,20260509-0,41125606.01,41125606.01,41125606.01,30680832,0,20260509-0
09-MAY-2026,UJ9160,10375486,0,10375486,866814.5,0,0,0,0,0,0,1,0,0,10375486,866814.5,20260509-0,6124833.33,6124833.33,6124833.33,11242300.5,5117467.17,20260509-0
09-MAY-2026,UJ9172,0,0,0,0,0,0,0,0,0,0,1,0,0,0,0,20260509-0,23466.67,23466.67,23466.67,0,0,20260509-0
09-MAY-2026,UJ9194,337350,0,337350,28112.5,0,0,0,0,0,0,1,0,0,337350,28112.5,20260509-0,469556.39,469556.39,469556.39,365462.5,0,20260509-0
09-MAY-2026,UJ9205,6477120,0,6477120,539760,0,0,0,0,0,0,1,0,0,6477120,539760,20260509-0,6240283.84,6240283.84,6240283.84,7016880,776596.16,20260509-0
09-MAY-2026,UJ9206,143244,0,143244,11937,0,0,0,0,0,0,1,0,0,143244,11937,20260509-0,197010,197010,197010,155181,0,20260509-0
09-MAY-2026,UJ9278,22580960,0,22580960,1991992,0,0,0,0,0,944697.6,1,0,0,22580960,1991992,20260509-0,27328528.45,27328528.45,27328528.45,24572952,0,20260509-0
09-MAY-2026,UJ9442,2060691.3,0,2060691.3,162260,0,0,0,0,0,0,1,0,0,2060691.3,162260,20260509-0,2559725.3,2559725.3,2559725.3,2222951.3,0,20260509-0
09-MAY-2026,UJ9590,1933794,0,1933794,161149.5,0,0,0,0,0,0,1,0,0,1933794,161149.5,20260509-0,2659635,2659635,2659635,2094943.5,0,20260509-0
09-MAY-2026,UJ9613,958404.81,0,958404.81,74076,0,0,0,0,0,0,1,0,0,958404.81,74076,20260509-0,1306347.9,1306347.9,1306347.9,1032480.81,0,20260509-0
09-MAY-2026,UJ9634,143244,0,143244,11937,0,0,0,0,0,0,1,0,0,143244,11937,20260509-0,218900,218900,218900,155181,0,20260509-0
09-MAY-2026,UJ9703,131440,0,131440,16430,0,0,0,0,0,0,1,0,0,131440,16430,20260509-0,187027.5,187027.5,187027.5,147870,0,20260509-0
09-MAY-2026,UJ9717,157728,0,157728,19716,0,0,0,0,0,0,1,0,0,157728,19716,20260509-0,225166.33,225166.33,225166.33,177444,0,20260509-0
09-MAY-2026,UJ9757,432432,0,432432,36036,0,0,0,0,0,0,1,0,0,432432,36036,20260509-0,593950.5,593950.5,593950.5,468468,0,20260509-0
09-MAY-2026,UJ9769,1348662,0,1348662,112388.5,0,0,0,0,0,0,1,0,0,1348662,112388.5,20260509-0,1961347.3,1961347.3,1961347.3,1461050.5,0,20260509-0
09-MAY-2026,UJ9770,143244,0,143244,11937,0,0,0,0,0,0,1,0,0,143244,11937,20260509-0,253183.33,253183.33,253183.33,155181,0,20260509-0
09-MAY-2026,UJ9773,2519146.53,0,2519146.53,200900,0,0,0,0,0,0,1,0,0,2519146.53,200900,20260509-0,3609127.5,3609127.5,3609127.5,2720046.53,0,20260509-0
09-MAY-2026,UJ9788,1360818,0,1360818,113401.5,0,0,0,0,0,0,1,0,0,1360818,113401.5,20260509-0,1871595,1871595,1871595,1474219.5,0,20260509-0
09-MAY-2026,UJ9793,3258990,0,3258990,271582.5,0,0,0,0,0,0,1,0,0,3258990,271582.5,20260509-0,4471665,4471665,4471665,3530572.5,0,20260509-0
09-MAY-2026,UJ9807,0,0,0,0,0,0,0,0,0,0,1,0,0,0,0,20260509-0,366.67,366.67,366.67,0,0,20260509-0
09-MAY-2026,UJ9818,931086,0,931086,77590.5,0,0,0,0,0,0,1,0,0,931086,77590.5,20260509-0,1367033.84,1367033.84,1367033.84,1008676.5,0,20260509-0
09-MAY-2026,UJ9821,16518438,0,16518438,1376536.5,0,0,0,0,0,349113.6,1,0,0,16518438,1376536.5,20260509-0,22684200,22684200,22684200,17894974.5,0,20260509-0
09-MAY-2026,UJB2002,2231238,0,2231238,185936.5,0,0,0,0,0,0,1,0,0,2231238,185936.5,20260509-0,3159488.44,3159488.44,3159488.44,2417174.5,0,20260509-0
09-MAY-2026,UJB2007,2333082,0,2333082,195503.5,0,0,0,0,0,0,1,0,0,2333082,195503.5,20260509-0,3466764.28,3466764.28,3466764.28,2528585.5,0,20260509-0
09-MAY-2026,UJB2017,757098,0,757098,63091.5,0,0,0,0,0,0,1,0,0,757098,63091.5,20260509-0,777956.57,777956.57,777956.57,820189.5,42232.93,20260509-0
09-MAY-2026,UJB5129,3795048,0,3795048,464214,0,0,0,0,0,0,1,0,0,3795048,464214,20260509-0,5423099.61,5423099.61,5423099.61,4259262,0,20260509-0
09-MAY-2026,UJB5169,206069.13,0,206069.13,16226,0,0,0,0,0,0,1,0,0,206069.13,16226,20260509-0,288302.2,288302.2,288302.2,222295.13,0,20260509-0
09-MAY-2026,UJB5183,143244,0,143244,11937,0,0,0,0,0,0,1,0,0,143244,11937,20260509-0,218900,218900,218900,155181,0,20260509-0
09-MAY-2026,UJB5198,72522,0,72522,6043.5,0,0,0,0,0,0,1,0,0,72522,6043.5,20260509-0,110531.67,110531.67,110531.67,78565.5,0,20260509-0
09-MAY-2026,UJB5207,2028240,0,2028240,169020,0,0,0,0,0,0,1,0,0,2028240,169020,20260509-0,3153459.82,3153459.82,3153459.82,2197260,0,20260509-0
09-MAY-2026,UJB5211,319468.27,0,319468.27,24692,0,0,0,0,0,0,1,0,0,319468.27,24692,20260509-0,409468.5,409468.5,409468.5,344160.27,0,20260509-0
09-MAY-2026,UJB5217,159734.14,0,159734.14,12346,0,0,0,0,0,0,1,0,0,159734.14,12346,20260509-0,241915.67,241915.67,241915.67,172080.14,0,20260509-0
09-MAY-2026,UJB5220,239601.2,0,239601.2,18519,0,0,0,0,0,0,1,0,0,239601.2,18519,20260509-0,362874.11,362874.11,362874.11,258120.2,0,20260509-0
09-MAY-2026,UJB5231,145044,0,145044,12087,0,0,0,0,0,0,1,0,0,145044,12087,20260509-0,221063.33,221063.33,221063.33,157131,0,20260509-0
09-MAY-2026,UP10191,72522,0,72522,6043.5,0,0,0,0,0,0,1,0,0,72522,6043.5,20260509-0,124281.67,124281.67,124281.67,78565.5,0,20260509-0
09-MAY-2026,VJ1204,249264,0,249264,20772,0,0,0,0,0,0,1,0,0,249264,20772,20260509-0,356683.56,356683.56,356683.56,270036,0,20260509-0
09-MAY-2026,VJ1356,33588,0,33588,2799,0,0,0,0,0,0,1,0,0,33588,2799,20260509-0,47564,47564,47564,36387,0,20260509-0
09-MAY-2026,VS1398,157728,0,157728,19716,0,0,0,0,0,0,1,0,0,157728,19716,20260509-0,221927.44,221927.44,221927.44,177444,0,20260509-0
09-MAY-2026,VVA1872,287388,0,287388,23949,0,0,0,0,0,0,1,0,0,287388,23949,20260509-0,432184.81,432184.81,432184.81,311337,0,20260509-0
09-MAY-2026,X95307,1352160,0,1352160,112680,0,0,0,0,0,0,1,0,0,1352160,112680,20260509-0,2176438,2176438,2176438,1464840,0,20260509-0
09-MAY-2026,X95325,154987.07,0,154987.07,12433,0,0,0,0,0,0,1,0,0,154987.07,12433,20260509-0,222316.11,222316.11,222316.11,167420.07,0,20260509-0
