09-MAY-2026,01297,1095477.94,0,1095477.94,88796,0,0,0,0,0,0,2,0,0
09-MAY-2026,AJS27,0,0,0,0,0,0,0,0,0,0,1,0,0
09-MAY-2026,BCG15,0,0,0,0,0,0,0,0,0,0,1,0,0
09-MAY-2026,BCG50,70547,0,70547,5706,0,0,0,0,0,0,1,0,0
09-MAY-2026,BDP349,2171496,0,2171496,180958,0,0,73866,0,0,0,1,0,0
09-MAY-2026,CFS124,0,0,0,0,0,0,0,0,0,0,1,0,0
09-MAY-2026,DSS180,0,0,0,0,0,0,0,0,0,0,1,0,0
09-MAY-2026,DSS23,821147.4,0,821147.4,67774.5,0,0,0,0,0,0,1,0,0
09-MAY-2026,G659,73314,0,73314,6109.5,0,0,0,0,0,0,1,0,0
09-MAY-2026,GAF874,34236,0,34236,2853,0,0,0,0,0,0,1,0,0
09-MAY-2026,GVJ146,0,0,0,0,0,0,0,0,0,0,1,0,0
09-MAY-2026,ITC2200,0,0,0,0,0,0,0,0,0,0,1,0,0
09-MAY-2026,JX3006,0,0,0,0,0,0,0,0,0,0,1,0,0
09-MAY-2026,KMP337,0,0,0,0,0,0,0,0,0,0,1,0,0
09-MAY-2026,KTG1212,0,0,0,0,0,0,0,0,0,0,1,0,0
09-MAY-2026,MJM80,0,0,0,0,0,0,0,0,0,0,1,0,0
09-MAY-2026,MLW322,73314,0,73314,6109.5,0,0,0,0,0,0,1,0,0
09-MAY-2026,RAV370,71406,0,71406,5950.5,0,0,0,0,0,0,1,0,0
09-MAY-2026,RAV400,2336508,0,2336508,194709,0,0,0,0,0,0,1,0,0
09-MAY-2026,RBR04,0,0,0,0,0,0,0,0,0,0,1,0,0
09-MAY-2026,RBR145,158419.2,0,158419.2,11850.5,0,0,0,0,0,0,1,0,0
09-MAY-2026,RBR161,348052.79,0,348052.79,23600,0,0,0,0,0,0,1,0,0
09-MAY-2026,RBR213,287532,0,287532,23961,0,0,0,0,0,0,1,0,0
09-MAY-2026,RBR264,71406,0,71406,5950.5,0,0,0,0,0,0,1,0,0
09-MAY-2026,RBR404,71406,0,71406,5950.5,0,0,0,0,0,0,1,0,0
09-MAY-2026,RBR81,437976,0,437976,36498,0,0,0,0,0,0,1,0,0
09-MAY-2026,RBR85,34236,0,34236,2853,0,0,0,0,0,0,1,0,0
09-MAY-2026,RBR90,584604,0,584604,48717,0,0,0,0,0,0,1,0,0
09-MAY-2026,RDP894,726808,0,726808,72522.5,0,0,0,0,0,0,1,0,0
09-MAY-2026,RMS552,1128120,0,1128120,110467.5,0,0,0,0,0,0,1,0,0
09-MAY-2026,SNM502,342360,0,342360,28530,0,0,0,0,0,0,1,0,0
09-MAY-2026,SRK133,0,0,0,0,0,0,0,0,0,0,1,0,0
09-MAY-2026,SULG07,410832,0,410832,34236,0,0,0,0,0,0,1,0,0
09-MAY-2026,SULG10,1932502.01,0,1932502.01,148396.5,0,0,0,0,0,0,1,0,0
09-MAY-2026,SULG99,0,0,0,0,0,0,0,0,0,0,1,0,0
09-MAY-2026,VR518,0,0,0,0,0,0,0,0,0,0,1,0,0
09-MAY-2026,WA3784,0,0,0,0,0,0,0,0,0,0,1,0,0
09-MAY-2026,WMC27,0,0,0,0,0,0,0,0,0,0,1,0,0
09-MAY-2026,XHH16,0,0,0,0,0,0,0,0,0,0,1,0,0
09-MAY-2026,XHH37,0,0,0,0,0,0,0,0,0,0,1,0,0
09-MAY-2026,YNR153,276528,0,276528,23044,0,0,0,0,0,0,1,0,0
09-MAY-2026,YNR87,8432702.4,0,8432702.4,601186,0,0,0,0,0,0,1,0,0
09-MAY-2026,Z3KT91,73113.15,0,73113.15,5920,0,0,11840,0,0,0,1,0,0
