09-MAY-2026,PRO_00471,134369826.29,0.00,134369826.29,14410214.66,P
09-MAY-2026,10050031,4191156.00,0.00,4191156.00,349263.00,C
09-MAY-2026,10050322,8452190.25,0.00,8452190.25,775582.50,C
09-MAY-2026,10050435,12456548.66,0.00,12456548.66,986660.00,C
09-MAY-2026,10050565,11145.00,2550.00,13695.00,11383.50,C
09-MAY-2026,10050566,405585.34,0.00,405585.34,33818.50,C
09-MAY-2026,10050621,404820.00,0.00,404820.00,33735.00,C
09-MAY-2026,10050685,269880.00,0.00,269880.00,22490.00,C
09-MAY-2026,1005A032,102708.00,0.00,102708.00,8559.00,C
09-MAY-2026,1005A037,674700.00,0.00,674700.00,56225.00,C
09-MAY-2026,11031418,3194337.30,0.00,3194337.30,284451.50,C
09-MAY-2026,11032404,1129788.00,0.00,1129788.00,94149.00,C
09-MAY-2026,11032492,102206.74,0.00,102206.74,8205.50,C
09-MAY-2026,11032523,269880.00,0.00,269880.00,198390.00,C
09-MAY-2026,11035846,479304.00,0.00,479304.00,39942.00,C
09-MAY-2026,11036163,309995.34,0.00,309995.34,97200.00,C
09-MAY-2026,11036443,102206.74,0.00,102206.74,8205.50,C
09-MAY-2026,11036731,100237.80,0.00,100237.80,8135.00,C
09-MAY-2026,11036868,0.00,0.00,0.00,61700.00,C
09-MAY-2026,11037050,981751.50,0.00,981751.50,80650.00,C
09-MAY-2026,11037052,1284936.00,0.00,1284936.00,108278.00,C
09-MAY-2026,11037179,1891164.00,0.00,1891164.00,157597.00,C
09-MAY-2026,11037353,751846.97,0.00,751846.97,61407.00,C
09-MAY-2026,11037693,1146990.00,0.00,1146990.00,95582.50,C
09-MAY-2026,11038113,272054.23,0.00,272054.23,21736.00,C
09-MAY-2026,1103A081,1948674.01,0.00,1948674.01,172208.00,C
09-MAY-2026,11041282,2212549.06,0.00,2212549.06,277977.00,C
09-MAY-2026,11041284,14238385.94,0.00,14238385.94,1141374.00,C
09-MAY-2026,11041285,142812.00,0.00,142812.00,11901.00,C
09-MAY-2026,11041286,1183197.60,0.00,1183197.60,98163.50,C
09-MAY-2026,11041289,142812.00,0.00,142812.00,11901.00,C
09-MAY-2026,11041304,6511229.50,0.00,6511229.50,529117.50,C
09-MAY-2026,11041306,1349400.00,0.00,1349400.00,112450.00,C
09-MAY-2026,11041307,6949410.00,0.00,6949410.00,579117.50,C
09-MAY-2026,11041318,146628.00,0.00,146628.00,12219.00,C
09-MAY-2026,11041326,9596260.80,0.00,9596260.80,1054280.00,C
09-MAY-2026,11041339,6207240.00,0.00,6207240.00,517270.00,C
09-MAY-2026,11041341,539760.00,0.00,539760.00,44980.00,C
09-MAY-2026,11041350,98175.15,0.00,98175.15,8065.00,C
09-MAY-2026,11041386,5041560.00,0.00,5041560.00,420130.00,C
09-MAY-2026,11041388,392700.60,0.00,392700.60,32260.00,C
09-MAY-2026,11041390,1813516.46,0.00,1813516.46,248798.86,C
09-MAY-2026,11041396,3289283.57,0.00,3289283.57,267825.00,C
09-MAY-2026,11041401,8920317.60,0.00,8920317.60,1203546.50,C
09-MAY-2026,11041412,7691580.00,0.00,7691580.00,640965.00,C
09-MAY-2026,11041413,5262660.00,0.00,5262660.00,455355.00,C
09-MAY-2026,11041414,4925310.00,0.00,4925310.00,410442.50,C
09-MAY-2026,11041415,5802420.00,0.00,5802420.00,483535.00,C
09-MAY-2026,11041426,392700.60,0.00,392700.60,32260.00,C
09-MAY-2026,11041450,1652640.00,0.00,1652640.00,137720.00,C
09-MAY-2026,11041459,138264.00,0.00,138264.00,11522.00,C
09-MAY-2026,11041470,67470.00,0.00,67470.00,5622.50,C
09-MAY-2026,11041471,67470.00,0.00,67470.00,5622.50,C
09-MAY-2026,11041472,135110.74,0.00,135110.74,10947.50,C
09-MAY-2026,11041473,67640.74,0.00,67640.74,5325.00,C
09-MAY-2026,11041520,134940.00,0.00,134940.00,11245.00,C
09-MAY-2026,11041523,366570.00,0.00,366570.00,30547.50,C
09-MAY-2026,11041525,14000070.00,0.00,14000070.00,1280312.50,C
09-MAY-2026,11041526,11937702.00,0.00,11937702.00,1108448.50,C
09-MAY-2026,11041550,4870133.50,0.00,4870133.50,383400.00,C
09-MAY-2026,11041555,2500317.09,0.00,2500317.09,201190.00,C
09-MAY-2026,11041563,3562950.00,0.00,3562950.00,296912.50,C
09-MAY-2026,11041577,34566.00,0.00,34566.00,2880.50,C
09-MAY-2026,11041578,294525.45,0.00,294525.45,24195.00,C
09-MAY-2026,11041593,2781906.61,0.00,2781906.61,227190.00,C
09-MAY-2026,11041596,196350.30,0.00,196350.30,16130.00,C
09-MAY-2026,11041599,1481430.00,0.00,1481430.00,141815.00,C
09-MAY-2026,11041609,2401022.40,0.00,2401022.40,197383.00,C
09-MAY-2026,11041610,666792.00,0.00,666792.00,79866.00,C
09-MAY-2026,11041614,710928.00,0.00,710928.00,59244.00,C
09-MAY-2026,11041624,2015424.00,0.00,2015424.00,167952.00,C
09-MAY-2026,11041625,1956478.84,0.00,1956478.84,151090.00,C
09-MAY-2026,11041626,289060.00,0.00,289060.00,37222.50,C
09-MAY-2026,11041627,614172.00,0.00,614172.00,51181.00,C
09-MAY-2026,11041628,1099980.00,0.00,1099980.00,91665.00,C
09-MAY-2026,11041629,896280.00,0.00,896280.00,74690.00,C
09-MAY-2026,11041637,2391679.21,0.00,2391679.21,193114.00,C
09-MAY-2026,11041641,490875.75,0.00,490875.75,40325.00,C
09-MAY-2026,11041645,530044.74,0.00,530044.74,42980.00,C
09-MAY-2026,11041647,196350.30,0.00,196350.30,16130.00,C
09-MAY-2026,11041649,1576990.35,0.00,1576990.35,143650.00,C
09-MAY-2026,11041651,200475.60,0.00,200475.60,16270.00,C
09-MAY-2026,11041657,214218.00,0.00,214218.00,17851.50,C
09-MAY-2026,11041667,71406.00,0.00,71406.00,5950.50,C
09-MAY-2026,11041668,2004756.02,0.00,2004756.02,162700.00,C
09-MAY-2026,11041671,1717974.00,0.00,1717974.00,143164.50,C
09-MAY-2026,11041674,1418532.00,0.00,1418532.00,118211.00,C
09-MAY-2026,11041694,196350.30,0.00,196350.30,16130.00,C
09-MAY-2026,11041697,12605976.00,0.00,12605976.00,1050498.00,C
09-MAY-2026,11041710,3508440.00,0.00,3508440.00,306870.00,C
09-MAY-2026,11041711,3508440.00,0.00,3508440.00,306370.00,C
09-MAY-2026,11041713,2405707.23,0.00,2405707.23,306440.00,C
09-MAY-2026,11041717,196350.30,0.00,196350.30,16130.00,C
09-MAY-2026,11041758,98175.15,0.00,98175.15,8065.00,C
09-MAY-2026,11041759,196350.30,0.00,196350.30,16130.00,C
09-MAY-2026,11041767,196350.30,0.00,196350.30,16130.00,C
09-MAY-2026,11041774,337350.00,0.00,337350.00,28112.50,C
09-MAY-2026,1104A006,98175.15,0.00,98175.15,8065.00,C
09-MAY-2026,1104A013,196350.30,0.00,196350.30,16130.00,C
09-MAY-2026,1104A022,144720.00,0.00,144720.00,12060.00,C
09-MAY-2026,1104A024,73314.00,0.00,73314.00,6109.50,C
09-MAY-2026,11060019,650458.97,0.00,650458.97,52958.00,C
09-MAY-2026,11060020,1899395.66,0.00,1899395.66,175830.50,C
09-MAY-2026,11060059,42276.00,0.00,42276.00,3523.00,C
09-MAY-2026,11060064,4058444.58,0.00,4058444.58,319500.00,C
09-MAY-2026,11060360,380226.00,0.00,380226.00,33885.50,C
09-MAY-2026,11060722,34566.00,0.00,34566.00,2955.50,C
09-MAY-2026,11076018,65449.58,0.00,65449.58,9472.50,C
09-MAY-2026,11076033,101706.00,0.00,101706.00,9900.50,C
09-MAY-2026,11076034,1314741.52,0.00,1314741.52,145852.50,C
09-MAY-2026,11076109,33949.30,0.00,33949.30,2853.00,C
09-MAY-2026,11076119,1972334.10,0.00,1972334.10,172665.50,C
09-MAY-2026,11076138,269880.00,0.00,269880.00,22490.00,C
09-MAY-2026,1107A002,239113.80,0.00,239113.80,19708.00,C
09-MAY-2026,11088307,3907111.90,0.00,3907111.90,306989.00,C
09-MAY-2026,11088485,1214460.00,0.00,1214460.00,101205.00,C
09-MAY-2026,11098280,3889189.21,0.00,3889189.21,311006.50,C
09-MAY-2026,11098309,185188.35,0.00,185188.35,13965.00,C
09-MAY-2026,11098328,169506.00,0.00,169506.00,14125.50,C
09-MAY-2026,11098329,5095626.65,0.00,5095626.65,579925.00,C
09-MAY-2026,11098343,348350.74,0.00,348350.74,28717.50,C
09-MAY-2026,11098344,2483269.16,0.00,2483269.16,201724.00,C
09-MAY-2026,11098385,322202.40,0.00,322202.40,24148.00,C
09-MAY-2026,11098422,2945254.49,0.00,2945254.49,241950.00,C
09-MAY-2026,11098440,518616.00,0.00,518616.00,43218.00,C
09-MAY-2026,11098441,10400264.30,0.00,10400264.30,809942.50,C
09-MAY-2026,11098531,501189.01,0.00,501189.01,56675.00,C
09-MAY-2026,11098532,1205619.59,0.00,1205619.59,96415.00,C
09-MAY-2026,11098534,343968.00,0.00,343968.00,28664.00,C
09-MAY-2026,11098650,811688.92,0.00,811688.92,63900.00,C
09-MAY-2026,11098673,2774922.77,0.00,2774922.77,222230.00,C
09-MAY-2026,1109A035,87013.20,0.00,87013.20,5900.00,C
09-MAY-2026,11100202,1643328.00,0.00,1643328.00,136944.00,C
09-MAY-2026,11636415,480234.00,0.00,480234.00,68429.50,C
09-MAY-2026,1192P786,100237.80,0.00,100237.80,8135.00,C
09-MAY-2026,12042440,296352.00,0.00,296352.00,24696.00,C
09-MAY-2026,AK511,199318.84,0.00,199318.84,4760.00,C
09-MAY-2026,AM747,3385500.00,0.00,3385500.00,282125.00,C
09-MAY-2026,AS211,3488989.65,0.00,3488989.65,287260.00,C
09-MAY-2026,BK25,74088.00,0.00,74088.00,13524.00,C
09-MAY-2026,D0011982,1046986.81,0.00,1046986.81,85940.00,C
09-MAY-2026,D0012092,69132.00,0.00,69132.00,5761.00,C
09-MAY-2026,D0012144,592704.00,0.00,592704.00,49392.00,C
09-MAY-2026,D0012177,248114.40,0.00,248114.40,17974.00,C
09-MAY-2026,D0012516,71406.00,0.00,71406.00,5950.50,C
09-MAY-2026,D0012555,214218.00,0.00,214218.00,17851.50,C
09-MAY-2026,DJ881,521680.00,0.00,521680.00,1023210.00,C
09-MAY-2026,GA833,3373500.00,0.00,3373500.00,281125.00,C
09-MAY-2026,GS99,4048200.00,0.00,4048200.00,337350.00,C
09-MAY-2026,J149,87013.20,0.00,87013.20,5900.00,C
09-MAY-2026,KAHA0020,68184.00,0.00,68184.00,17046.00,C
09-MAY-2026,KAHA0024,678970.79,0.00,678970.79,51176.50,C
09-MAY-2026,MG553,9654868.98,0.00,9654868.98,827215.00,C
09-MAY-2026,PK777,1591020.00,0.00,1591020.00,132585.00,C
09-MAY-2026,RK711,429978.00,0.00,429978.00,35831.50,C
09-MAY-2026,SB649,7556640.00,0.00,7556640.00,629870.00,C
09-MAY-2026,SMS71,463895.25,0.00,463895.25,38091.00,C
09-MAY-2026,SS644,34566.00,0.00,34566.00,2880.50,C
09-MAY-2026,VK790,4993724.59,0.00,4993724.59,1295440.00,C
