09-MAY-2026,01267,0,0,0,0,0,0,0,0,0,0,2,0,0
09-MAY-2026,101A003,0,0,0,0,0,0,0,0,0,0,1,0,0
09-MAY-2026,101A009,4329007.55,0,4329007.55,340800,0,0,0,0,0,0,1,0,0
09-MAY-2026,101A048,10822518.88,0,10822518.88,852000,0,0,0,0,0,0,1,0,0
09-MAY-2026,101A237,0,0,0,0,0,0,0,0,0,0,1,0,0
09-MAY-2026,101A260,1893940.8,0,1893940.8,149100,0,0,0,0,0,0,1,0,0
09-MAY-2026,101A326,0,0,0,0,0,0,0,0,0,0,1,0,0
09-MAY-2026,101A327,0,0,0,0,0,0,0,0,0,0,1,0,0
09-MAY-2026,101A340,0,0,0,0,0,0,0,0,0,0,1,0,0
09-MAY-2026,101A380,0,0,0,0,0,0,0,0,0,0,1,0,0
09-MAY-2026,101B001,0,0,0,0,0,0,0,0,0,0,1,0,0
09-MAY-2026,101B036,0,0,0,0,0,0,0,0,0,0,1,0,0
09-MAY-2026,101B217,0,0,0,0,0,0,0,0,0,0,1,0,0
09-MAY-2026,101B351,219942,0,219942,18328.5,0,0,0,0,0,0,1,0,0
09-MAY-2026,101B359,0,0,0,0,0,0,0,0,0,0,1,0,0
09-MAY-2026,101B659,3179114.92,0,3179114.92,250275,0,0,0,0,0,0,1,0,0
09-MAY-2026,101B731,135110.74,0,135110.74,10947.5,0,0,0,0,0,0,1,0,0
09-MAY-2026,101B828,0,0,0,0,0,0,0,0,0,0,1,0,0
09-MAY-2026,101B909,200475.6,0,200475.6,16270,0,0,0,0,0,0,1,0,0
09-MAY-2026,101D350,1217533.37,0,1217533.37,95850,0,0,0,0,0,0,1,0,0
09-MAY-2026,101D450,705082.79,0,705082.79,53352.5,0,0,0,0,0,0,1,0,0
09-MAY-2026,101F029,0,0,0,0,0,0,0,0,0,0,1,0,0
09-MAY-2026,101F035,1474592,0,1474592,184324,0,0,0,0,0,0,1,0,0
09-MAY-2026,101F036,0,0,0,0,0,0,0,0,0,0,1,0,0
09-MAY-2026,101F083,121713107.6,-404450,121308657.6,11549064,0,0,0,0,0,3465140.6,1,0,0
09-MAY-2026,101F088,0,0,0,0,0,0,0,0,0,0,1,0,0
09-MAY-2026,101F095,1608745.22,0,1608745.22,131008,0,0,0,0,0,0,1,0,0
09-MAY-2026,101F112,0,0,0,0,0,0,0,0,0,0,1,0,0
09-MAY-2026,101F119,0,0,0,0,0,0,0,0,0,0,1,0,0
09-MAY-2026,101F180,0,0,0,0,0,0,0,0,0,0,1,0,0
09-MAY-2026,101F666,0,0,0,0,0,0,0,0,0,0,1,0,0
09-MAY-2026,101G191,0,0,0,0,0,0,0,0,0,0,1,0,0
09-MAY-2026,101G599,0,0,0,0,0,0,0,0,0,0,1,0,0
09-MAY-2026,101J206,648628.5,0,648628.5,212139.5,0,0,0,0,0,0,1,0,0
09-MAY-2026,101J558,0,0,0,0,0,0,0,0,0,0,1,0,0
09-MAY-2026,101K064,0,0,0,0,0,0,0,0,0,0,1,0,0
09-MAY-2026,101K362,0,0,0,0,0,0,0,0,0,0,1,0,0
09-MAY-2026,101L118,0,0,0,0,0,0,0,0,0,0,1,0,0
09-MAY-2026,101L118101,0,0,0,0,0,0,0,0,0,0,1,0,0
09-MAY-2026,101M001,0,0,0,0,0,0,0,0,0,0,1,0,0
09-MAY-2026,101R006,0,0,0,0,0,0,0,0,0,0,1,0,0
09-MAY-2026,101R182,0,0,0,0,0,0,0,0,0,0,1,0,0
09-MAY-2026,101S559,0,0,0,0,0,0,0,0,0,0,1,0,0
09-MAY-2026,101S561,0,0,0,0,0,0,0,0,0,0,1,0,0
09-MAY-2026,101S786,20659021.5,0,20659021.5,6263385.5,0,0,0,0,0,0,1,0,0
09-MAY-2026,101T002,0,0,0,0,0,0,0,0,0,0,1,0,0
09-MAY-2026,101V017,71406,0,71406,5950.5,0,0,0,0,0,0,1,0,0
09-MAY-2026,101V165,0,0,0,0,0,0,0,0,0,0,1,0,0
09-MAY-2026,101X408,200475.6,0,200475.6,16270,0,0,0,0,0,0,1,0,0
09-MAY-2026,101X494,676407.43,0,676407.43,53250,0,0,0,0,0,0,1,0,0
09-MAY-2026,102,0,0,0,0,0,0,0,0,0,0,1,0,0
09-MAY-2026,102B008,0,0,0,0,0,0,0,0,0,0,1,0,0
09-MAY-2026,102B010,0,0,0,0,0,0,0,0,0,0,1,0,0
09-MAY-2026,102B030,1497339.94,0,1497339.94,122284.5,0,0,0,0,0,0,1,0,0
09-MAY-2026,102C004,0,0,0,0,0,0,0,0,0,0,1,0,0
09-MAY-2026,102D006,0,0,0,0,0,0,0,0,0,0,1,0,0
09-MAY-2026,102F004,556380,0,556380,46365,0,0,0,0,0,0,1,0,0
09-MAY-2026,102F012,2401216.8,0,2401216.8,198314,0,0,0,0,0,0,1,0,0
09-MAY-2026,102F013,2882646,0,2882646,240220.5,0,0,0,0,0,0,1,0,0
09-MAY-2026,102F035,0,0,0,0,0,0,0,0,0,0,1,0,0
09-MAY-2026,102F037,1593932.92,0,1593932.92,210867,0,0,0,0,0,0,1,0,0
09-MAY-2026,102F038,0,0,0,0,0,0,0,0,0,0,1,0,0
09-MAY-2026,102F056,0,0,0,0,0,0,0,0,0,0,1,0,0
09-MAY-2026,102F057,0,0,0,0,0,0,0,0,0,0,1,0,0
09-MAY-2026,102F058,0,0,0,0,0,0,0,0,0,0,1,0,0
09-MAY-2026,102F060,0,0,0,0,0,0,0,0,0,0,1,0,0
09-MAY-2026,102F061,12465582,0,12465582,1038798.5,0,0,0,0,0,0,1,0,0
09-MAY-2026,102F090,269880,0,269880,22490,0,0,0,0,0,0,1,0,0
09-MAY-2026,102K009,0,0,0,0,0,0,0,0,0,0,1,0,0
09-MAY-2026,102L006,0,0,0,0,0,0,0,0,0,0,1,0,0
09-MAY-2026,102N036,0,0,0,0,0,0,0,0,0,0,1,0,0
09-MAY-2026,102P004,944580,0,944580,78715,0,0,0,0,0,0,1,0,0
09-MAY-2026,102P005,1367722.78,0,1367722.78,101817,0,0,0,0,0,0,1,0,0
09-MAY-2026,102R001,0,0,0,0,0,0,0,0,0,0,1,0,0
09-MAY-2026,102R003,10841309.1,0,10841309.1,950906,0,0,0,0,0,0,1,0,0
09-MAY-2026,102R004,0,0,0,0,0,0,0,0,0,0,1,0,0
09-MAY-2026,102R005,0,0,0,0,0,0,0,0,0,0,1,0,0
09-MAY-2026,102R006,0,0,0,0,0,0,0,0,0,0,1,0,0
09-MAY-2026,102R010,0,0,0,0,0,0,0,0,0,0,1,0,0
09-MAY-2026,102R021,0,0,0,0,0,0,0,0,0,0,1,0,0
09-MAY-2026,102R037,0,0,0,0,0,0,0,0,0,0,1,0,0
09-MAY-2026,102R999,3426774.86,0,3426774.86,279330,0,0,0,0,0,0,1,0,0
09-MAY-2026,102S001,1352814.86,0,1352814.86,106500,0,0,0,0,0,0,1,0,0
09-MAY-2026,102S005,946287.43,0,946287.43,75740,0,0,0,0,0,0,1,0,0
09-MAY-2026,102T002,0,0,0,0,0,0,0,0,0,0,1,0,0
09-MAY-2026,103,0,0,0,0,0,0,0,0,0,0,1,0,0
09-MAY-2026,103J052,0,0,0,0,0,0,0,0,0,0,1,0,0
09-MAY-2026,103K149,0,0,0,0,0,0,0,0,0,0,1,0,0
09-MAY-2026,103M039,0,0,0,0,0,0,0,0,0,0,1,0,0
09-MAY-2026,103M182,407826,0,407826,33985.5,0,0,0,0,0,0,1,0,0
09-MAY-2026,103R002,67470,0,67470,5622.5,0,0,0,0,0,0,1,0,0
09-MAY-2026,103S070,2033538,0,2033538,665086,0,0,0,0,0,0,1,0,0
09-MAY-2026,103T026,881046,0,881046,73420.5,0,0,0,0,0,0,1,0,0
09-MAY-2026,104K034,0,0,0,0,0,0,0,0,0,0,1,0,0
09-MAY-2026,109,0,0,0,0,0,0,0,0,0,0,1,0,0
09-MAY-2026,109J097,0,0,0,0,0,0,0,0,0,0,1,0,0
09-MAY-2026,115B228,0,0,0,0,0,0,0,0,0,0,1,0,0
09-MAY-2026,121,0,0,0,0,0,0,0,0,0,0,1,0,0
09-MAY-2026,121B005,4019911.55,0,4019911.55,325952.5,0,0,0,0,0,0,1,0,0
09-MAY-2026,121B021,0,0,0,0,0,0,0,0,0,0,1,0,0
09-MAY-2026,121B039,0,0,0,0,0,0,0,0,0,0,1,0,0
09-MAY-2026,121B099,0,0,0,0,0,0,0,0,0,0,1,0,0
09-MAY-2026,121B118,0,0,0,0,0,0,0,0,0,0,1,0,0
09-MAY-2026,121B129,1898667.16,0,1898667.16,262991,0,0,0,0,0,0,1,0,0
09-MAY-2026,121B176,0,0,0,0,0,0,0,0,0,0,1,0,0
09-MAY-2026,126S152,144720,0,144720,12060,0,0,0,0,0,0,1,0,0
09-MAY-2026,134V005,34566,0,34566,2880.5,0,0,0,0,0,0,1,0,0
09-MAY-2026,137G027,0,0,0,0,0,0,0,0,0,0,1,0,0
09-MAY-2026,139J030,0,0,0,0,0,0,0,0,0,0,1,0,0
09-MAY-2026,147A,0,0,0,0,0,0,0,0,0,0,1,0,0
09-MAY-2026,147A003,0,0,0,0,0,0,0,0,0,0,1,0,0
09-MAY-2026,147A005,563694,0,563694,46974.5,0,0,0,0,0,0,1,0,0
09-MAY-2026,147A027,206687.49,0,206687.49,16600.5,0,0,0,0,0,0,1,0,0
09-MAY-2026,147A035,0,0,0,0,0,0,0,0,0,0,1,0,0
09-MAY-2026,151,0,0,0,0,0,0,0,0,0,0,1,0,0
09-MAY-2026,151B017,0,0,0,0,0,0,0,0,0,0,1,0,0
09-MAY-2026,151G006,0,0,0,0,0,0,0,0,0,0,1,0,0
09-MAY-2026,151H004,136772.74,0,136772.74,11086,0,0,0,0,0,0,1,0,0
09-MAY-2026,151J011,0,0,0,0,0,0,0,0,0,0,1,0,0
09-MAY-2026,161M003,0,0,0,0,0,0,0,0,0,0,1,0,0
09-MAY-2026,162A002,0,0,0,0,0,0,0,0,0,0,1,0,0
09-MAY-2026,165,0,0,0,0,0,0,0,0,0,0,1,0,0
09-MAY-2026,165M055,0,0,0,0,0,0,0,0,0,0,1,0,0
09-MAY-2026,173B001,0,0,0,0,0,0,0,0,0,0,1,0,0
09-MAY-2026,175,0,0,0,0,0,0,0,0,0,0,1,0,0
09-MAY-2026,175C044,0,0,0,0,0,0,0,0,0,0,1,0,0
09-MAY-2026,175D036,135281.49,0,135281.49,10650,0,0,0,0,0,0,1,0,0
09-MAY-2026,175G004,0,0,0,0,0,0,0,0,0,0,1,0,0
09-MAY-2026,175S147,0,0,0,0,0,0,0,0,0,0,1,0,0
09-MAY-2026,194S005,0,0,0,0,0,0,0,0,0,0,1,0,0
09-MAY-2026,199,0,0,0,0,0,0,0,0,0,0,1,0,0
09-MAY-2026,199F082,3054512,0,3054512,381814,0,0,0,0,0,0,1,0,0
09-MAY-2026,199H080,0,0,0,0,0,0,0,0,0,0,1,0,0
09-MAY-2026,199I075,0,0,0,0,0,0,0,0,0,0,1,0,0
09-MAY-2026,199M001,0,0,0,0,0,0,0,0,0,0,1,0,0
09-MAY-2026,201,0,0,0,0,0,0,0,0,0,0,1,0,0
09-MAY-2026,201A045,0,0,0,0,0,0,0,0,0,0,1,0,0
09-MAY-2026,201F001,16260660,0,16260660,1355055,0,0,56820,0,0,0,1,0,0
09-MAY-2026,201G056,0,0,0,0,0,0,0,0,0,0,1,0,0
09-MAY-2026,202,0,0,0,0,0,0,0,0,0,0,1,0,0
09-MAY-2026,202B020,0,0,0,0,0,0,0,0,0,0,1,0,0
09-MAY-2026,202C027,958608,0,958608,79884,0,0,0,0,0,0,1,0,0
09-MAY-2026,202C050,0,0,0,0,0,0,0,0,0,0,1,0,0
09-MAY-2026,202C054,136944,0,136944,11412,0,0,0,0,0,0,1,0,0
09-MAY-2026,202C065,0,0,0,0,0,0,0,0,0,0,1,0,0
09-MAY-2026,202D004,0,0,0,0,0,0,0,0,0,0,1,0,0
09-MAY-2026,202D005,0,0,0,0,0,0,0,0,0,0,1,0,0
09-MAY-2026,202D007,0,0,0,0,0,0,0,0,0,0,1,0,0
09-MAY-2026,202D008,1018406.23,0,1018406.23,83932,0,0,0,0,0,0,1,0,0
09-MAY-2026,202D025,0,0,0,0,0,0,0,0,0,0,1,0,0
09-MAY-2026,202G001,0,0,0,0,0,0,0,0,0,0,1,0,0
09-MAY-2026,202J027,473143.72,0,473143.72,37870,0,0,0,0,0,0,1,0,0
09-MAY-2026,202M008,2915156,0,2915156,278641.5,0,0,0,0,0,0,1,0,0
09-MAY-2026,202R102,0,0,0,0,0,0,0,0,0,0,1,0,0
09-MAY-2026,202S004,0,0,0,0,0,0,0,0,0,0,1,0,0
09-MAY-2026,202S015,1033680,0,1033680,86140,0,0,0,0,0,0,1,0,0
09-MAY-2026,207,0,0,0,0,0,0,0,0,0,0,1,0,0
09-MAY-2026,207L111,136944,0,136944,11412,0,0,0,0,0,0,1,0,0
09-MAY-2026,207P003,1131378,0,1131378,94281.5,0,0,0,0,0,0,1,0,0
09-MAY-2026,207R004,342360,0,342360,28530,0,0,0,0,0,0,1,0,0
09-MAY-2026,209,0,0,0,0,0,0,0,0,0,0,1,0,0
09-MAY-2026,209A046,0,0,0,0,0,0,0,0,0,0,1,0,0
09-MAY-2026,209A555,0,0,0,0,0,0,0,0,0,0,1,0,0
09-MAY-2026,209B007,6277600.12,0,6277600.12,557571.5,0,0,0,0,0,0,1,0,0
09-MAY-2026,209C460,0,0,0,0,0,0,0,0,0,0,1,0,0
09-MAY-2026,209D005,6474888.43,0,6474888.43,1052048.5,0,0,0,0,0,0,1,0,0
09-MAY-2026,209G421,3476488.85,0,3476488.85,253366,0,0,0,0,0,0,1,0,0
09-MAY-2026,209K457,0,0,0,0,0,0,0,0,0,0,1,0,0
09-MAY-2026,211P005,0,0,0,0,0,0,0,0,0,0,1,0,0
09-MAY-2026,213B001,0,0,0,0,0,0,0,0,0,0,1,0,0
09-MAY-2026,234A029,0,0,0,0,0,0,0,0,0,0,1,0,0
09-MAY-2026,251,0,0,0,0,0,0,0,0,0,0,1,0,0
09-MAY-2026,251L031,1217191.89,0,1217191.89,96445,0,0,0,0,0,0,1,0,0
09-MAY-2026,251L032,2936897.32,0,2936897.32,236636.5,0,0,0,0,0,0,1,0,0
09-MAY-2026,251L036,946628.92,0,946628.92,75145,0,0,0,0,0,0,1,0,0
09-MAY-2026,251L037,811688.92,0,811688.92,63900,0,0,0,0,0,0,1,0,0
09-MAY-2026,251L038,811688.92,0,811688.92,63900,0,0,0,0,0,0,1,0,0
09-MAY-2026,252,0,0,0,0,0,0,0,0,0,0,1,0,0
09-MAY-2026,252M077,170178,0,170178,14181.5,0,0,0,0,0,0,1,0,0
09-MAY-2026,279,0,0,0,0,0,0,0,0,0,0,1,0,0
09-MAY-2026,279G002,0,0,0,0,0,0,0,0,0,0,1,0,0
09-MAY-2026,279G003,4873665.26,0,4873665.26,395540,0,0,0,0,0,0,1,0,0
09-MAY-2026,279G004,1591761.43,0,1591761.43,129529.5,0,0,0,0,0,0,1,0,0
09-MAY-2026,279J002,521680,0,521680,65210,0,0,0,0,0,0,1,0,0
09-MAY-2026,279J003,1198087.43,0,1198087.43,118460,0,0,0,0,0,0,1,0,0
09-MAY-2026,303N001,0,0,0,0,0,0,0,0,0,0,1,0,0
09-MAY-2026,313A072,0,0,0,0,0,0,0,0,0,0,1,0,0
09-MAY-2026,432M006,0,0,0,0,0,0,0,0,0,0,1,0,0
09-MAY-2026,441B009,0,0,0,0,0,0,0,0,0,0,1,0,0
09-MAY-2026,501S002,0,0,0,0,0,0,0,0,0,0,1,0,0
09-MAY-2026,504D016,0,0,0,0,0,0,0,0,0,0,1,0,0
09-MAY-2026,641,0,0,0,0,0,0,0,0,0,0,1,0,0
09-MAY-2026,641S014,0,0,0,0,0,0,0,0,0,0,1,0,0
09-MAY-2026,641S015,0,0,0,0,0,0,0,0,0,0,1,0,0
09-MAY-2026,702,0,0,0,0,0,0,0,0,0,0,1,0,0
09-MAY-2026,702P041,0,0,0,0,0,0,0,0,0,0,1,0,0
09-MAY-2026,702P186,1063205.13,0,1063205.13,78000,0,0,0,0,0,0,1,0,0
09-MAY-2026,903M001,0,0,0,0,0,0,0,0,0,0,1,0,0
09-MAY-2026,909L001,0,0,0,0,0,0,0,0,0,0,1,0,0
09-MAY-2026,ERRORACCT,0,0,0,0,0,0,0,0,0,0,1,0,0
