09-MAY-2026,01249,0,0,0,0,0,0,0,0,0,0,2,0,0
09-MAY-2026,03560224,0,0,0,0,0,0,0,0,0,0,1,0,0
09-MAY-2026,10303124,0,0,0,0,0,0,0,0,0,0,1,0,0
09-MAY-2026,10337008,0,0,0,0,0,0,0,0,0,0,1,0,0
09-MAY-2026,10556602,0,0,0,0,0,0,0,0,0,0,1,0,0
09-MAY-2026,11266369,0,0,0,0,0,0,0,0,0,0,1,0,0
09-MAY-2026,1140DISA,0,0,0,0,0,0,0,0,0,0,1,0,0
09-MAY-2026,12006891,0,0,0,0,0,0,0,0,0,0,1,0,0
09-MAY-2026,123PNAIK,0,0,0,0,0,0,0,0,0,0,1,0,0
09-MAY-2026,12499175,0,0,0,0,0,0,0,0,0,0,1,0,0
09-MAY-2026,12769596,0,0,0,0,0,0,0,0,0,0,1,0,0
09-MAY-2026,12866591,199318.84,0,199318.84,4660,0,0,0,0,0,0,1,0,0
09-MAY-2026,1288MNJU,0,0,0,0,0,0,0,0,0,0,1,0,0
09-MAY-2026,13067525,845520,0,845520,70460,0,0,0,0,0,0,1,0,0
09-MAY-2026,139FU139,0,0,0,0,0,0,0,0,0,0,1,0,0
09-MAY-2026,14060253,0,0,0,0,0,0,0,0,0,0,1,0,0
09-MAY-2026,14635039,103698,0,103698,8641.5,0,0,0,0,0,0,1,0,0
09-MAY-2026,15120888,1614505.84,0,1614505.84,110950,0,0,0,0,0,0,1,0,0
09-MAY-2026,15903291,0,0,0,0,0,0,0,0,0,0,1,0,0
09-MAY-2026,15NIMESH,0,0,0,0,0,0,0,0,0,0,1,0,0
09-MAY-2026,1637PART,0,0,0,0,0,0,0,0,0,0,1,0,0
09-MAY-2026,16971397,0,0,0,0,0,0,0,0,0,0,1,0,0
09-MAY-2026,17611418,0,0,0,0,0,0,0,0,0,0,1,0,0
09-MAY-2026,18205573,0,0,0,0,0,0,0,0,0,0,1,0,0
09-MAY-2026,18446522,0,0,0,0,0,0,0,0,0,0,1,0,0
09-MAY-2026,18802341,0,0,0,0,0,0,0,0,0,0,1,0,0
09-MAY-2026,18928244,0,0,0,0,0,0,0,0,0,0,1,0,0
09-MAY-2026,18SAMRAT,0,0,0,0,0,0,0,0,0,0,1,0,0
09-MAY-2026,1961BABU,0,0,0,0,0,0,0,0,0,0,1,0,0
09-MAY-2026,19736697,0,0,0,0,0,0,0,0,0,0,1,0,0
09-MAY-2026,19760305,0,0,0,0,0,0,0,0,0,0,1,0,0
09-MAY-2026,19877292,0,0,0,0,0,0,0,0,0,0,1,0,0
09-MAY-2026,1989JAYA,0,0,0,0,0,0,0,0,0,0,1,0,0
09-MAY-2026,198POOJA,405844.46,0,405844.46,31950,0,0,0,0,0,0,1,0,0
09-MAY-2026,1COLONEL,0,0,0,0,0,0,0,0,0,0,1,0,0
09-MAY-2026,1THUMMAA,0,0,0,0,0,0,0,0,0,0,1,0,0
09-MAY-2026,20072717,0,0,0,0,0,0,0,0,0,0,1,0,0
09-MAY-2026,20092607,0,0,0,0,0,0,0,0,0,0,1,0,0
09-MAY-2026,20313870,0,0,0,0,0,0,0,0,0,0,1,0,0
09-MAY-2026,20525697,0,0,0,0,0,0,0,0,0,0,1,0,0
09-MAY-2026,20893403,0,0,0,0,0,0,0,0,0,0,1,0,0
09-MAY-2026,20900596,0,0,0,0,0,0,0,0,0,0,1,0,0
09-MAY-2026,22397151,0,0,0,0,0,0,0,0,0,0,1,0,0
09-MAY-2026,22600078,0,0,0,0,0,0,0,0,0,0,1,0,0
09-MAY-2026,23531645,0,0,0,0,0,0,0,0,0,0,1,0,0
09-MAY-2026,23603743,0,0,0,0,0,0,0,0,0,0,1,0,0
09-MAY-2026,23779890,0,0,0,0,0,0,0,0,0,0,1,0,0
09-MAY-2026,25272194,0,0,0,0,0,0,0,0,0,0,1,0,0
09-MAY-2026,25774987,0,0,0,0,0,0,0,0,0,0,1,0,0
09-MAY-2026,25843853,107550,0,107550,8962.5,0,0,0,0,0,0,1,0,0
09-MAY-2026,25914473,0,0,0,0,0,0,0,0,0,0,1,0,0
09-MAY-2026,26497132,0,0,0,0,0,0,0,0,0,0,1,0,0
09-MAY-2026,26741727,0,0,0,0,0,0,0,0,0,0,1,0,0
09-MAY-2026,26818984,160327.2,0,160327.2,12009.5,0,0,0,0,0,0,1,0,0
09-MAY-2026,27296409,0,0,0,0,0,0,0,0,0,0,1,0,0
09-MAY-2026,27350921,604337.46,0,604337.46,57451,0,0,35520,0,0,0,1,0,0
09-MAY-2026,27842874,0,0,0,0,0,0,0,0,0,0,1,0,0
09-MAY-2026,28115266,83952,0,83952,6996,0,0,0,0,0,0,1,0,0
09-MAY-2026,28152409,0,0,0,0,0,0,0,0,0,0,1,0,0
09-MAY-2026,28204375,295932,0,295932,24661,0,0,0,0,0,0,1,0,0
09-MAY-2026,28334563,0,0,0,0,0,0,0,0,0,0,1,0,0
09-MAY-2026,29123372,0,0,0,0,0,0,0,0,0,0,1,0,0
09-MAY-2026,29139115,0,0,0,0,0,0,0,0,0,0,1,0,0
09-MAY-2026,31477280,0,0,0,0,0,0,0,0,0,0,1,0,0
09-MAY-2026,31524983,0,0,0,0,0,0,0,0,0,0,1,0,0
09-MAY-2026,32072938,146628,0,146628,12219,0,0,0,0,0,0,1,0,0
09-MAY-2026,32225277,87013.2,0,87013.2,5900,0,0,0,0,0,0,1,0,0
09-MAY-2026,32487410,0,0,0,0,0,0,0,0,0,0,1,0,0
09-MAY-2026,34121684,0,0,0,0,0,0,0,0,0,0,1,0,0
09-MAY-2026,34398097,0,0,0,0,0,0,0,0,0,0,1,0,0
09-MAY-2026,34491356,0,0,0,0,0,0,0,0,0,0,1,0,0
09-MAY-2026,34537662,0,0,0,0,0,0,0,0,0,0,1,0,0
09-MAY-2026,34957769,0,0,0,0,0,0,0,0,0,0,1,0,0
09-MAY-2026,3560224,0,0,0,0,0,0,0,0,0,0,1,0,0
09-MAY-2026,36067987,0,0,0,0,0,0,0,0,0,0,1,0,0
09-MAY-2026,36254719,0,0,0,0,0,0,0,0,0,0,1,0,0
09-MAY-2026,36262023,0,0,0,0,0,0,0,0,0,0,1,0,0
09-MAY-2026,36995089,0,0,0,0,0,0,0,0,0,0,1,0,0
09-MAY-2026,38503559,0,0,0,0,0,0,0,0,0,0,1,0,0
09-MAY-2026,38620732,0,0,0,0,0,0,0,0,0,0,1,0,0
09-MAY-2026,38730472,0,0,0,0,0,0,0,0,0,0,1,0,0
09-MAY-2026,39222531,0,0,0,0,0,0,0,0,0,0,1,0,0
09-MAY-2026,39426844,136800,0,136800,11400,0,0,5682,0,0,0,1,0,0
09-MAY-2026,39514561,889056,0,889056,74088,0,0,0,0,0,0,1,0,0
09-MAY-2026,3SR00010,0,0,0,0,0,0,0,0,0,0,1,0,0
09-MAY-2026,40050191,0,0,0,0,0,0,0,0,0,0,1,0,0
09-MAY-2026,40921770,0,0,0,0,0,0,0,0,0,0,1,0,0
09-MAY-2026,41155678,0,0,0,0,0,0,0,0,0,0,1,0,0
09-MAY-2026,41251452,0,0,0,0,0,0,0,0,0,0,1,0,0
09-MAY-2026,41690333,0,0,0,0,0,0,0,0,0,0,1,0,0
09-MAY-2026,41990700,0,0,0,0,0,0,0,0,0,0,1,0,0
09-MAY-2026,41ASHWIN,0,0,0,0,0,0,0,0,0,0,1,0,0
09-MAY-2026,41BHAVNA,0,0,0,0,0,0,0,0,0,0,1,0,0
09-MAY-2026,41EVINIT,67470,0,67470,5622.5,0,0,0,0,0,0,1,0,0
09-MAY-2026,41GANESH,219942,0,219942,18328.5,0,0,0,0,0,0,1,0,0
09-MAY-2026,41MODIAK,219942,0,219942,18328.5,0,0,0,0,0,0,1,0,0
09-MAY-2026,41MURTHI,0,0,0,0,0,0,0,0,0,0,1,0,0
09-MAY-2026,41PREETI,73314,0,73314,6109.5,0,0,0,0,0,0,1,0,0
09-MAY-2026,41RANJIT,0,0,0,0,0,0,0,0,0,0,1,0,0
09-MAY-2026,41SATISH,0,0,0,0,0,0,0,0,0,0,1,0,0
09-MAY-2026,41SREDDY,0,0,0,0,0,0,0,0,0,0,1,0,0
09-MAY-2026,42590997,0,0,0,0,0,0,0,0,0,0,1,0,0
09-MAY-2026,42793688,0,0,0,0,0,0,0,0,0,0,1,0,0
09-MAY-2026,43390246,0,0,0,0,0,0,0,0,0,0,1,0,0
09-MAY-2026,43766030,0,0,0,0,0,0,0,0,0,0,1,0,0
09-MAY-2026,43877991,0,0,0,0,0,0,0,0,0,0,1,0,0
09-MAY-2026,44058SRI,0,0,0,0,0,0,0,0,0,0,1,0,0
09-MAY-2026,44439SRI,0,0,0,0,0,0,0,0,0,0,1,0,0
09-MAY-2026,44520103,0,0,0,0,0,0,0,0,0,0,1,0,0
09-MAY-2026,45264112,0,0,0,0,0,0,0,0,0,0,1,0,0
09-MAY-2026,45475278,0,0,0,0,0,0,0,0,0,0,1,0,0
09-MAY-2026,45539912,0,0,0,0,0,0,0,0,0,0,1,0,0
09-MAY-2026,456MURLI,0,0,0,0,0,0,0,0,0,0,1,0,0
09-MAY-2026,45994947,0,0,0,0,0,0,0,0,0,0,1,0,0
09-MAY-2026,46795525,0,0,0,0,0,0,0,0,0,0,1,0,0
09-MAY-2026,47693073,0,0,0,0,0,0,0,0,0,0,1,0,0
09-MAY-2026,48206667,0,0,0,0,0,0,0,0,0,0,1,0,0
09-MAY-2026,48626217,0,0,0,0,0,0,0,0,0,0,1,0,0
09-MAY-2026,48968934,1102615.81,0,1102615.81,89485,0,0,0,0,0,0,1,0,0
09-MAY-2026,49092320,0,0,0,0,0,0,0,0,0,0,1,0,0
09-MAY-2026,49133163,142812,0,142812,11901,0,0,0,0,0,0,1,0,0
09-MAY-2026,49790130,0,0,0,0,0,0,0,0,0,0,1,0,0
09-MAY-2026,49974470,0,0,0,0,0,0,0,0,0,0,1,0,0
09-MAY-2026,4ORGANIC,0,0,0,0,0,0,0,0,0,0,1,0,0
09-MAY-2026,50324314,0,0,0,0,0,0,0,0,0,0,1,0,0
09-MAY-2026,50449146,0,0,0,0,0,0,0,0,0,0,1,0,0
09-MAY-2026,50593126,0,0,0,0,0,0,0,0,0,0,1,0,0
09-MAY-2026,50732814,0,0,0,0,0,0,0,0,0,0,1,0,0
09-MAY-2026,51679321,0,0,0,0,0,0,0,0,0,0,1,0,0
09-MAY-2026,51851423,0,0,0,0,0,0,0,0,0,0,1,0,0
09-MAY-2026,52244850,0,0,0,0,0,0,0,0,0,0,1,0,0
09-MAY-2026,52495374,0,0,0,0,0,0,0,0,0,0,1,0,0
09-MAY-2026,5265SGNR,0,0,0,0,0,0,0,0,0,0,1,0,0
09-MAY-2026,5318SGNR,0,0,0,0,0,0,0,0,0,0,1,0,0
09-MAY-2026,53364600,73314,0,73314,6109.5,0,0,0,0,0,0,1,0,0
09-MAY-2026,53568004,0,0,0,0,0,0,0,0,0,0,1,0,0
09-MAY-2026,5382NICD,0,0,0,0,0,0,0,0,0,0,1,0,0
09-MAY-2026,53843830,0,0,0,0,0,0,0,0,0,0,1,0,0
09-MAY-2026,54038737,0,0,0,0,0,0,0,0,0,0,1,0,0
09-MAY-2026,54418550,0,0,0,0,0,0,0,0,0,0,1,0,0
09-MAY-2026,55397412,0,0,0,0,0,0,0,0,0,0,1,0,0
09-MAY-2026,55492SRI,0,0,0,0,0,0,0,0,0,0,1,0,0
09-MAY-2026,55555RAM,0,0,0,0,0,0,0,0,0,0,1,0,0
09-MAY-2026,56352585,0,0,0,0,0,0,0,0,0,0,1,0,0
09-MAY-2026,56797139,0,0,0,0,0,0,0,0,0,0,1,0,0
09-MAY-2026,57405464,142812,0,142812,11901,0,0,0,0,0,0,1,0,0
09-MAY-2026,57508351,0,0,0,0,0,0,0,0,0,0,1,0,0
09-MAY-2026,57692243,0,0,0,0,0,0,0,0,0,0,1,0,0
09-MAY-2026,58427976,0,0,0,0,0,0,0,0,0,0,1,0,0
09-MAY-2026,58944960,0,0,0,0,0,0,0,0,0,0,1,0,0
09-MAY-2026,59057021,0,0,0,0,0,0,0,0,0,0,1,0,0
09-MAY-2026,59449061,0,0,0,0,0,0,0,0,0,0,1,0,0
09-MAY-2026,59953043,0,0,0,0,0,0,0,0,0,0,1,0,0
09-MAY-2026,60099463,0,0,0,0,0,0,0,0,0,0,1,0,0
09-MAY-2026,6036SGNR,0,0,0,0,0,0,0,0,0,0,1,0,0
09-MAY-2026,60439096,0,0,0,0,0,0,0,0,0,0,1,0,0
09-MAY-2026,60510669,34566,0,34566,2880.5,0,0,0,0,0,0,1,0,0
09-MAY-2026,60600806,0,0,0,0,0,0,0,0,0,0,1,0,0
09-MAY-2026,61356911,0,0,0,0,0,0,0,0,0,0,1,0,0
09-MAY-2026,61399269,0,0,0,0,0,0,0,0,0,0,1,0,0
09-MAY-2026,61795209,0,0,0,0,0,0,0,0,0,0,1,0,0
09-MAY-2026,62005900,0,0,0,0,0,0,0,0,0,0,1,0,0
09-MAY-2026,62166587,68472,0,68472,5706,0,0,0,0,0,0,1,0,0
09-MAY-2026,62177735,100237.8,0,100237.8,8135,0,0,0,0,0,0,1,0,0
09-MAY-2026,62391407,392700.6,0,392700.6,32260,0,0,0,0,0,0,1,0,0
09-MAY-2026,6249SGNR,0,0,0,0,0,0,0,0,0,0,1,0,0
09-MAY-2026,62662059,0,0,0,0,0,0,0,0,0,0,1,0,0
09-MAY-2026,62925743,0,0,0,0,0,0,0,0,0,0,1,0,0
09-MAY-2026,63409150,0,0,0,0,0,0,0,0,0,0,1,0,0
09-MAY-2026,64740646,0,0,0,0,0,0,0,0,0,0,1,0,0
09-MAY-2026,64987005,0,0,0,0,0,0,0,0,0,0,1,0,0
09-MAY-2026,65234511,0,0,0,0,0,0,0,0,0,0,1,0,0
09-MAY-2026,65294663,592704,0,592704,49392,0,0,0,0,0,0,1,0,0
09-MAY-2026,6687SGNR,0,0,0,0,0,0,0,0,0,0,1,0,0
09-MAY-2026,66941766,0,0,0,0,0,0,0,0,0,0,1,0,0
09-MAY-2026,6697SGNR,69132,0,69132,5761,0,0,0,0,0,0,1,0,0
09-MAY-2026,67335480,104336,0,104336,13042,0,0,0,0,0,0,1,0,0
09-MAY-2026,67486011,1150314,0,1150314,95859.5,0,0,0,0,0,0,1,0,0
09-MAY-2026,6748SGNR,0,0,0,0,0,0,0,0,0,0,1,0,0
09-MAY-2026,67508029,0,0,0,0,0,0,0,0,0,0,1,0,0
09-MAY-2026,67568318,1550906.4,0,1550906.4,121220,0,0,0,0,0,0,1,0,0
09-MAY-2026,67595716,0,0,0,0,0,0,0,0,0,0,1,0,0
09-MAY-2026,67742845,0,0,0,0,0,0,0,0,0,0,1,0,0
09-MAY-2026,69964429,0,0,0,0,0,0,0,0,0,0,1,0,0
09-MAY-2026,70000258,0,0,0,0,0,0,0,0,0,0,1,0,0
09-MAY-2026,70719365,0,0,0,0,0,0,0,0,0,0,1,0,0
09-MAY-2026,70840023,0,0,0,0,0,0,0,0,0,0,1,0,0
09-MAY-2026,70933216,0,0,0,0,0,0,0,0,0,0,1,0,0
09-MAY-2026,70999758,0,0,0,0,0,0,0,0,0,0,1,0,0
09-MAY-2026,71257257,0,0,0,0,0,0,0,0,0,0,1,0,0
09-MAY-2026,71319782,0,0,0,0,0,0,0,0,0,0,1,0,0
09-MAY-2026,71396385,0,0,0,0,0,0,0,0,0,0,1,0,0
09-MAY-2026,71502369,0,0,0,0,0,0,0,0,0,0,1,0,0
09-MAY-2026,72112654,0,0,0,0,0,0,0,0,0,0,1,0,0
09-MAY-2026,72356752,238618.03,0,238618.03,43928.5,0,0,0,0,0,0,1,0,0
09-MAY-2026,73540245,0,0,0,0,0,0,0,0,0,0,1,0,0
09-MAY-2026,73549790,374420.74,0,374420.74,30890,0,0,0,0,0,0,1,0,0
09-MAY-2026,73834904,0,0,0,0,0,0,0,0,0,0,1,0,0
09-MAY-2026,73981953,84552,0,84552,7046,0,0,0,0,0,0,1,0,0
09-MAY-2026,74754623,42276,0,42276,3523,0,0,0,0,0,0,1,0,0
09-MAY-2026,75362907,0,0,0,0,0,0,0,0,0,0,1,0,0
09-MAY-2026,75408016,0,0,0,0,0,0,0,0,0,0,1,0,0
09-MAY-2026,75645342,0,0,0,0,0,0,0,0,0,0,1,0,0
09-MAY-2026,75852645,0,0,0,0,0,0,0,0,0,0,1,0,0
09-MAY-2026,75916863,0,0,0,0,0,0,0,0,0,0,1,0,0
09-MAY-2026,75945275,0,0,0,0,0,0,0,0,0,0,1,0,0
09-MAY-2026,75SRINRY,0,0,0,0,0,0,0,0,0,0,1,0,0
09-MAY-2026,76000497,0,0,0,0,0,0,0,0,0,0,1,0,0
09-MAY-2026,76886228,0,0,0,0,0,0,0,0,0,0,1,0,0
09-MAY-2026,76920076,0,0,0,0,0,0,0,0,0,0,1,0,0
09-MAY-2026,77372417,0,0,0,0,0,0,0,0,0,0,1,0,0
09-MAY-2026,77681120,0,0,0,0,0,0,0,0,0,0,1,0,0
09-MAY-2026,7777DISA,0,0,0,0,0,0,0,0,0,0,1,0,0
09-MAY-2026,78280909,0,0,0,0,0,0,0,0,0,0,1,0,0
09-MAY-2026,78448874,0,0,0,0,0,0,0,0,0,0,1,0,0
09-MAY-2026,786AR786,0,0,0,0,0,0,0,0,0,0,1,0,0
09-MAY-2026,78964644,0,0,0,0,0,0,0,0,0,0,1,0,0
09-MAY-2026,79660494,940756.79,0,940756.79,72992,0,0,0,0,0,0,1,0,0
09-MAY-2026,79AMARSD,0,0,0,0,0,0,0,0,0,0,1,0,0
09-MAY-2026,7BRAJESH,0,0,0,0,0,0,0,0,0,0,1,0,0
09-MAY-2026,80537738,0,0,0,0,0,0,0,0,0,0,1,0,0
09-MAY-2026,81401926,0,0,0,0,0,0,0,0,0,0,1,0,0
09-MAY-2026,81499684,0,0,0,0,0,0,0,0,0,0,1,0,0
09-MAY-2026,81650544,0,0,0,0,0,0,0,0,0,0,1,0,0
09-MAY-2026,82093400,0,0,0,0,0,0,0,0,0,0,1,0,0
09-MAY-2026,82133602,0,0,0,0,0,0,0,0,0,0,1,0,0
09-MAY-2026,82943811,0,0,0,0,0,0,0,0,0,0,1,0,0
09-MAY-2026,83091538,0,0,0,0,0,0,0,0,0,0,1,0,0
09-MAY-2026,83461153,0,0,0,0,0,0,0,0,0,0,1,0,0
09-MAY-2026,83602011,338032.97,0,338032.97,26922.5,0,0,0,0,0,0,1,0,0
09-MAY-2026,83695005,0,0,0,0,0,0,0,0,0,0,1,0,0
09-MAY-2026,83756236,0,0,0,0,0,0,0,0,0,0,1,0,0
09-MAY-2026,84826516,0,0,0,0,0,0,0,0,0,0,1,0,0
09-MAY-2026,84831122,0,0,0,0,0,0,0,0,0,0,1,0,0
09-MAY-2026,85474139,0,0,0,0,0,0,0,0,0,0,1,0,0
09-MAY-2026,85840907,0,0,0,0,0,0,0,0,0,0,1,0,0
09-MAY-2026,86603212,0,0,0,0,0,0,0,0,0,0,1,0,0
09-MAY-2026,86611441,0,0,0,0,0,0,0,0,0,0,1,0,0
09-MAY-2026,86696333,0,0,0,0,0,0,0,0,0,0,1,0,0
09-MAY-2026,86986898,0,0,0,0,0,0,0,0,0,0,1,0,0
09-MAY-2026,87330647,0,0,0,0,0,0,0,0,0,0,1,0,0
09-MAY-2026,87364590,0,0,0,0,0,0,0,0,0,0,1,0,0
09-MAY-2026,87468133,0,0,0,0,0,0,0,0,0,0,1,0,0
09-MAY-2026,87515088,0,0,0,0,0,0,0,0,0,0,1,0,0
09-MAY-2026,87529960,0,0,0,0,0,0,0,0,0,0,1,0,0
09-MAY-2026,875SHYAM,0,0,0,0,0,0,0,0,0,0,1,0,0
09-MAY-2026,87737373,0,0,0,0,0,0,0,0,0,0,1,0,0
09-MAY-2026,88718702,2226510,0,2226510,185542.5,0,0,0,0,0,0,1,0,0
09-MAY-2026,89326634,0,0,0,0,0,0,0,0,0,0,1,0,0
09-MAY-2026,89902092,0,0,0,0,0,0,0,0,0,0,1,0,0
09-MAY-2026,90333009,0,0,0,0,0,0,0,0,0,0,1,0,0
09-MAY-2026,90450330,0,0,0,0,0,0,0,0,0,0,1,0,0
09-MAY-2026,90623394,0,0,0,0,0,0,0,0,0,0,1,0,0
09-MAY-2026,90791036,0,0,0,0,0,0,0,0,0,0,1,0,0
09-MAY-2026,90892616,0,0,0,0,0,0,0,0,0,0,1,0,0
09-MAY-2026,90MANDAR,0,0,0,0,0,0,0,0,0,0,1,0,0
09-MAY-2026,91787362,0,0,0,0,0,0,0,0,0,0,1,0,0
09-MAY-2026,91857131,0,0,0,0,0,0,0,0,0,0,1,0,0
09-MAY-2026,92292237,0,0,0,0,0,0,0,0,0,0,1,0,0
09-MAY-2026,92944931,0,0,0,0,0,0,0,0,0,0,1,0,0
09-MAY-2026,93514068,0,0,0,0,0,0,0,0,0,0,1,0,0
09-MAY-2026,93707679,0,0,0,0,0,0,0,0,0,0,1,0,0
09-MAY-2026,93983620,0,0,0,0,0,0,0,0,0,0,1,0,0
09-MAY-2026,94141796,0,0,0,0,0,0,0,0,0,0,1,0,0
09-MAY-2026,94259284,6919375.21,0,6919375.21,552611.5,0,0,0,0,0,0,1,0,0
09-MAY-2026,94676289,0,0,0,0,0,0,0,0,0,0,1,0,0
09-MAY-2026,94909335,0,0,0,0,0,0,0,0,0,0,1,0,0
09-MAY-2026,95333053,73314,0,73314,6109.5,0,0,0,0,0,0,1,0,0
09-MAY-2026,95616812,0,0,0,0,0,0,0,0,0,0,1,0,0
09-MAY-2026,95672334,1198260,0,1198260,99855,0,0,0,0,0,0,1,0,0
09-MAY-2026,96026381,0,0,0,0,0,0,0,0,0,0,1,0,0
09-MAY-2026,96435534,0,0,0,0,0,0,0,0,0,0,1,0,0
09-MAY-2026,96623950,0,0,0,0,0,0,0,0,0,0,1,0,0
09-MAY-2026,96724636,0,0,0,0,0,0,0,0,0,0,1,0,0
09-MAY-2026,96842078,0,0,0,0,0,0,0,0,0,0,1,0,0
09-MAY-2026,97245251,0,0,0,0,0,0,0,0,0,0,1,0,0
09-MAY-2026,97520038,0,0,0,0,0,0,0,0,0,0,1,0,0
09-MAY-2026,98030775,0,0,0,0,0,0,0,0,0,0,1,0,0
09-MAY-2026,98115765,0,0,0,0,0,0,0,0,0,0,1,0,0
09-MAY-2026,98915011,0,0,0,0,0,0,0,0,0,0,1,0,0
09-MAY-2026,99827967,123756,0,123756,10313,0,0,0,0,0,0,1,0,0
09-MAY-2026,9999AMBA,0,0,0,0,0,0,0,0,0,0,1,0,0
09-MAY-2026,99AAKASH,0,0,0,0,0,0,0,0,0,0,1,0,0
09-MAY-2026,99BHAVIK,1351107.43,0,1351107.43,109475,0,0,0,0,0,0,1,0,0
09-MAY-2026,A40MANOJ,2314656,0,2314656,192888,0,0,0,0,0,0,1,0,0
09-MAY-2026,AAJTAK20,0,0,0,0,0,0,0,0,0,0,1,0,0
09-MAY-2026,AAMAN001,0,0,0,0,0,0,0,0,0,0,1,0,0
09-MAY-2026,ABALANRO,0,0,0,0,0,0,0,0,0,0,1,0,0
09-MAY-2026,ABANDCO1,714060,0,714060,59505,0,0,0,0,0,0,1,0,0
09-MAY-2026,ABC00020,154653.94,0,154653.94,11225,0,0,0,0,0,0,1,0,0
09-MAY-2026,ABC00025,0,0,0,0,0,0,0,0,0,0,1,0,0
09-MAY-2026,ABHIOM12,0,0,0,0,0,0,0,0,0,0,1,0,0
09-MAY-2026,ABJGUPTA,0,0,0,0,0,0,0,0,0,0,1,0,0
09-MAY-2026,ADGOYAL7,5356280.24,0,5356280.24,434511,0,0,0,0,0,0,1,0,0
09-MAY-2026,ADHUF999,1352814.86,0,1352814.86,106500,0,0,0,0,0,0,1,0,0
09-MAY-2026,AGARYASH,0,0,0,0,0,0,0,0,0,0,1,0,0
09-MAY-2026,AGRA9876,0,0,0,0,0,0,0,0,0,0,1,0,0
09-MAY-2026,AJBPP758,0,0,0,0,0,0,0,0,0,0,1,0,0
09-MAY-2026,AJSUMITR,0,0,0,0,0,0,0,0,0,0,1,0,0
09-MAY-2026,AJSWEETY,0,0,0,0,0,0,0,0,0,0,1,0,0
09-MAY-2026,AKHANI71,2631751.31,0,2631751.31,230314.5,0,0,0,0,0,0,1,0,0
09-MAY-2026,AKNPPJMP,337350,0,337350,28112.5,0,0,0,0,0,0,1,0,0
09-MAY-2026,AKS23888,1416870,0,1416870,118072.5,0,0,0,0,0,0,1,0,0
09-MAY-2026,AKU68704,0,0,0,0,0,0,0,0,0,0,1,0,0
09-MAY-2026,AKU77919,0,0,0,0,0,0,0,0,0,0,1,0,0
09-MAY-2026,ALAXMINA,0,0,0,0,0,0,0,0,0,0,1,0,0
09-MAY-2026,ALOKMAL1,0,0,0,0,0,0,0,0,0,0,1,0,0
09-MAY-2026,ALOKSAVA,0,0,0,0,0,0,0,0,0,0,1,0,0
09-MAY-2026,ALWAR553,0,0,0,0,0,0,0,0,0,0,1,0,0
09-MAY-2026,AMARISHB,260840,0,260840,32605,0,0,0,0,0,0,1,0,0
09-MAY-2026,AMBASONS,7663595.28,0,7663595.28,573032.5,0,0,0,0,0,0,1,0,0
09-MAY-2026,AMIT6450,0,0,0,0,0,0,0,0,0,0,1,0,0
09-MAY-2026,AMITBT55,727705.49,0,727705.49,62213,0,0,0,0,0,0,1,0,0
09-MAY-2026,ANILA009,0,0,0,0,0,0,0,0,0,0,1,0,0
09-MAY-2026,ANILJKMC,0,0,0,0,0,0,0,0,0,0,1,0,0
09-MAY-2026,ANKIT402,0,0,0,0,0,0,0,0,0,0,1,0,0
09-MAY-2026,ANKUM728,0,0,0,0,0,0,0,0,0,0,1,0,0
09-MAY-2026,ANNAPUR7,0,0,0,0,0,0,0,0,0,0,1,0,0
09-MAY-2026,ANNIEE92,0,0,0,0,0,0,0,0,0,0,1,0,0
09-MAY-2026,ANSARI70,0,0,0,0,0,0,0,0,0,0,1,0,0
09-MAY-2026,ANSHTAYA,0,0,0,0,0,0,0,0,0,0,1,0,0
09-MAY-2026,ANUPKMRR,98175.15,0,98175.15,8065,0,0,0,0,0,0,1,0,0
09-MAY-2026,ANUSHAVS,0,0,0,0,0,0,0,0,0,0,1,0,0
09-MAY-2026,APIYUSH2,0,0,0,0,0,0,0,0,0,0,1,0,0
09-MAY-2026,ARCKEJRI,648628.5,0,648628.5,212139.5,0,0,0,0,0,0,1,0,0
09-MAY-2026,ARPITKRG,455793,0,455793,149071,0,0,0,0,0,0,1,0,0
09-MAY-2026,ARUNV884,0,0,0,0,0,0,0,0,0,0,1,0,0
09-MAY-2026,ARUPESH4,4751814.69,0,4751814.69,393179,0,0,0,0,0,0,1,0,0
09-MAY-2026,ARVI5839,0,0,0,0,0,0,0,0,0,0,1,0,0
09-MAY-2026,ARVTEL62,71406,0,71406,5950.5,0,0,0,0,0,0,1,0,0
09-MAY-2026,ASHALINI,0,0,0,0,0,0,0,0,0,0,1,0,0
09-MAY-2026,ASHASUTH,0,0,0,0,0,0,0,0,0,0,1,0,0
09-MAY-2026,ASHOKH79,1319652,0,1319652,109971,0,0,0,0,0,0,1,0,0
09-MAY-2026,ASHTA977,0,0,0,0,0,0,0,0,0,0,1,0,0
09-MAY-2026,ASWASIMM,0,0,0,0,0,0,0,0,0,0,1,0,0
09-MAY-2026,ATPUNJHA,0,0,0,0,0,0,0,0,0,0,1,0,0
09-MAY-2026,ATULS081,0,0,0,0,0,0,0,0,0,0,1,0,0
09-MAY-2026,AVIR1912,0,0,0,0,0,0,0,0,0,0,1,0,0
09-MAY-2026,AVKHUF44,0,0,0,0,0,0,0,0,0,0,1,0,0
09-MAY-2026,AYUP1997,0,0,0,0,0,0,0,0,0,0,1,0,0
09-MAY-2026,B0135955,0,0,0,0,0,0,0,0,0,0,1,0,0
09-MAY-2026,BAAKHANI,1949514.37,0,1949514.37,196483.5,0,0,0,0,0,0,1,0,0
09-MAY-2026,BAGDIRA3,42276,0,42276,3523,0,0,0,0,0,0,1,0,0
09-MAY-2026,BAJAJI77,0,0,0,0,0,0,0,0,0,0,1,0,0
09-MAY-2026,BALRAMTS,0,0,0,0,0,0,0,0,0,0,1,0,0
09-MAY-2026,BANPAL88,169104,0,169104,14092,0,0,0,0,0,0,1,0,0
09-MAY-2026,BBCOMM13,15363254.4,0,15363254.4,1359303.5,0,0,0,0,0,0,1,0,0
09-MAY-2026,BHAGAGRO,25210476.6,0,25210476.6,2824751.5,0,0,0,0,0,0,1,0,0
09-MAY-2026,BHAGWN64,0,0,0,0,0,0,0,0,0,0,1,0,0
09-MAY-2026,BHAUMIK3,0,0,0,0,0,0,0,0,0,0,1,0,0
09-MAY-2026,BHAV8488,0,0,0,0,0,0,0,0,0,0,1,0,0
09-MAY-2026,BHAVYAAG,0,0,0,0,0,0,0,0,0,0,1,0,0
09-MAY-2026,BHOMAR23,0,0,0,0,0,0,0,0,0,0,1,0,0
09-MAY-2026,BIGGBULL,0,0,0,0,0,0,0,0,0,0,1,0,0
09-MAY-2026,BINITANN,0,0,0,0,0,0,0,0,0,0,1,0,0
09-MAY-2026,BINO1980,0,0,0,0,0,0,0,0,0,0,1,0,0
09-MAY-2026,BIPINA78,0,0,0,0,0,0,0,0,0,0,1,0,0
09-MAY-2026,BIRLA099,0,0,0,0,0,0,0,0,0,0,1,0,0
09-MAY-2026,BJAKHAR1,0,0,0,0,0,0,0,0,0,0,1,0,0
09-MAY-2026,BKMSP966,0,0,0,0,0,0,0,0,0,0,1,0,0
09-MAY-2026,BKT61962,0,0,0,0,0,0,0,0,0,0,1,0,0
09-MAY-2026,BLKANANI,0,0,0,0,0,0,0,0,0,0,1,0,0
09-MAY-2026,BLSREENI,0,0,0,0,0,0,0,0,0,0,1,0,0
09-MAY-2026,BMANI711,0,0,0,0,0,0,0,0,0,0,1,0,0
09-MAY-2026,BOBTIWAR,0,0,0,0,0,0,0,0,0,0,1,0,0
09-MAY-2026,BRAJ7048,0,0,0,0,0,0,0,0,0,0,1,0,0
09-MAY-2026,BRIGHTFM,219942,0,219942,18328.5,0,0,0,0,0,0,1,0,0
09-MAY-2026,BRIJMRN8,0,0,0,0,0,0,0,0,0,0,1,0,0
09-MAY-2026,BRINGALE,0,0,0,0,0,0,0,0,0,0,1,0,0
09-MAY-2026,BRKR0002,0,0,0,0,0,0,0,0,0,0,1,0,0
09-MAY-2026,BSUNITA7,366570,0,366570,30547.5,0,0,0,0,0,0,1,0,0
09-MAY-2026,BSVJ2210,0,0,0,0,0,0,0,0,0,0,1,0,0
09-MAY-2026,CAANIL85,0,0,0,0,0,0,0,0,0,0,1,0,0
09-MAY-2026,CHANMARO,0,0,0,0,0,0,0,0,0,0,1,0,0
09-MAY-2026,CHAUWHAN,0,0,0,0,0,0,0,0,0,0,1,0,0
09-MAY-2026,CHILIKAP,1686069.01,0,1686069.01,139415,0,0,0,0,0,0,1,0,0
09-MAY-2026,CNK01988,0,0,0,0,0,0,0,0,0,0,1,0,0
09-MAY-2026,COMFORT9,0,0,0,0,0,0,0,0,0,0,1,0,0
09-MAY-2026,CPATEL87,0,0,0,0,0,0,0,0,0,0,1,0,0
09-MAY-2026,DALLBALU,0,0,0,0,0,0,0,0,0,0,1,0,0
09-MAY-2026,DEEP2609,0,0,0,0,0,0,0,0,0,0,1,0,0
09-MAY-2026,DEVG2911,364662,0,364662,30388.5,0,0,0,0,0,0,1,0,0
09-MAY-2026,DHARMA34,0,0,0,0,0,0,0,0,0,0,1,0,0
09-MAY-2026,DHARMIK8,0,0,0,0,0,0,0,0,0,0,1,0,0
09-MAY-2026,DHRUVI01,0,0,0,0,0,0,0,0,0,0,1,0,0
09-MAY-2026,DHULABPA,0,0,0,0,0,0,0,0,0,0,1,0,0
09-MAY-2026,DIN00001,0,0,0,0,0,0,0,0,0,0,1,0,0
09-MAY-2026,DINHUF06,1481410.11,0,1481410.11,123218,0,0,0,0,0,0,1,0,0
09-MAY-2026,DINJAY82,0,0,0,0,0,0,0,0,0,0,1,0,0
09-MAY-2026,DINSAN07,205746,0,205746,17145.5,0,0,0,0,0,0,1,0,0
09-MAY-2026,DINSH94B,0,0,0,0,0,0,0,0,0,0,1,0,0
09-MAY-2026,DIPAKPPT,1034975.4,0,1034975.4,85593.5,0,0,0,0,0,0,1,0,0
09-MAY-2026,DIPNARSI,0,0,0,0,0,0,0,0,0,0,1,0,0
09-MAY-2026,DIVYA125,0,0,0,0,0,0,0,0,0,0,1,0,0
09-MAY-2026,DIVYABV1,0,0,0,0,0,0,0,0,0,0,1,0,0
09-MAY-2026,DJAIN987,0,0,0,0,0,0,0,0,0,0,1,0,0
09-MAY-2026,DJSHAH28,0,0,0,0,0,0,0,0,0,0,1,0,0
09-MAY-2026,DKG01973,0,0,0,0,0,0,0,0,0,0,1,0,0
09-MAY-2026,DRKC8234,0,0,0,0,0,0,0,0,0,0,1,0,0
09-MAY-2026,DURGES91,0,0,0,0,0,0,0,0,0,0,1,0,0
09-MAY-2026,DWARKAJC,71406,0,71406,5950.5,0,0,0,0,0,0,1,0,0
09-MAY-2026,EKTA4596,0,0,0,0,0,0,0,0,0,0,1,0,0
09-MAY-2026,EYALCOMM,0,0,0,0,0,0,0,0,0,0,1,0,0
09-MAY-2026,F167M015,0,0,0,0,0,0,0,0,0,0,1,0,0
09-MAY-2026,F174C037,0,0,0,0,0,0,0,0,0,0,1,0,0
09-MAY-2026,F1Z56091,0,0,0,0,0,0,0,0,0,0,1,0,0
09-MAY-2026,F501H005,0,0,0,0,0,0,0,0,0,0,1,0,0
09-MAY-2026,F949F001,0,0,0,0,0,0,0,0,0,0,1,0,0
09-MAY-2026,F957A956,0,0,0,0,0,0,0,0,0,0,1,0,0
09-MAY-2026,FINST277,0,0,0,0,0,0,0,0,0,0,1,0,0
09-MAY-2026,FSPATEL5,0,0,0,0,0,0,0,0,0,0,1,0,0
09-MAY-2026,FTCHETAN,0,0,0,0,0,0,0,0,0,0,1,0,0
09-MAY-2026,GANKIT99,196350.3,0,196350.3,16130,0,0,0,0,0,0,1,0,0
09-MAY-2026,GAUR1957,0,0,0,0,0,0,0,0,0,0,1,0,0
09-MAY-2026,GAURANG2,357030,0,357030,29752.5,0,0,0,0,0,0,1,0,0
09-MAY-2026,GCHARKHA,0,0,0,0,0,0,0,0,0,0,1,0,0
09-MAY-2026,GCMARKET,0,0,0,0,0,0,0,0,0,0,1,0,0
09-MAY-2026,GEETUP68,0,0,0,0,0,0,0,0,0,0,1,0,0
09-MAY-2026,GGSARITA,0,0,0,0,0,0,0,0,0,0,1,0,0
09-MAY-2026,GHELANIG,294525.45,0,294525.45,24195,0,0,0,0,0,0,1,0,0
09-MAY-2026,GNAMOL10,0,0,0,0,0,0,0,0,0,0,1,0,0
09-MAY-2026,GNBM0041,168936,0,168936,14078,0,0,0,0,0,0,1,0,0
09-MAY-2026,GNBM0046,581112,0,581112,48426,0,0,0,0,0,0,1,0,0
09-MAY-2026,GNBM0086,0,0,0,0,0,0,0,0,0,0,1,0,0
09-MAY-2026,GNBM0236,0,0,0,0,0,0,0,0,0,0,1,0,0
09-MAY-2026,GNBM0317,0,0,0,0,0,0,0,0,0,0,1,0,0
09-MAY-2026,GNBM0417,418152,0,418152,34846,0,0,0,0,0,0,1,0,0
09-MAY-2026,GNBM0428,81480,0,81480,6790,0,0,0,0,0,0,1,0,0
09-MAY-2026,GNBM0429,81480,0,81480,6790,0,0,0,0,0,0,1,0,0
09-MAY-2026,GNBM0473,0,0,0,0,0,0,0,0,0,0,1,0,0
09-MAY-2026,GNBM0479,0,0,0,0,0,0,0,0,0,0,1,0,0
09-MAY-2026,GNBM0494,0,0,0,0,0,0,0,0,0,0,1,0,0
09-MAY-2026,GNBM0501,1614972,0,1614972,134581,0,0,0,0,0,0,1,0,0
09-MAY-2026,GNBM0510,0,0,0,0,0,0,0,0,0,0,1,0,0
09-MAY-2026,GNBM0512,0,0,0,0,0,0,0,0,0,0,1,0,0
09-MAY-2026,GNBM0513,0,0,0,0,0,0,0,0,0,0,1,0,0
09-MAY-2026,GNBM0531,0,0,0,0,0,0,0,0,0,0,1,0,0
09-MAY-2026,GNBM0545,634140,0,634140,52845,0,0,0,0,0,0,1,0,0
09-MAY-2026,GNBM0549,0,0,0,0,0,0,0,0,0,0,1,0,0
09-MAY-2026,GNBM0551,0,0,0,0,0,0,0,0,0,0,1,0,0
09-MAY-2026,GNBM0560,0,0,0,0,0,0,0,0,0,0,1,0,0
09-MAY-2026,GNBM0561,0,0,0,0,0,0,0,0,0,0,1,0,0
09-MAY-2026,GNBM0566,0,0,0,0,0,0,0,0,0,0,1,0,0
09-MAY-2026,GNBM0570,0,0,0,0,0,0,0,0,0,0,1,0,0
09-MAY-2026,GNBM0575,0,0,0,0,0,0,0,0,0,0,1,0,0
09-MAY-2026,GNBM0576,0,0,0,0,0,0,0,0,0,0,1,0,0
09-MAY-2026,GNBM0587,0,0,0,0,0,0,0,0,0,0,1,0,0
09-MAY-2026,GNBM0590,203700,0,203700,16975,0,0,0,0,0,0,1,0,0
09-MAY-2026,GNBM0591,0,0,0,0,0,0,0,0,0,0,1,0,0
09-MAY-2026,GNBM0592,0,0,0,0,0,0,0,0,0,0,1,0,0
09-MAY-2026,GNBM0593,126828,0,126828,10569,0,0,0,0,0,0,1,0,0
09-MAY-2026,GNBM0596,0,0,0,0,0,0,0,0,0,0,1,0,0
09-MAY-2026,GNBM0597,40740,0,40740,3395,0,0,0,0,0,0,1,0,0
09-MAY-2026,GNBM0599,277145.15,0,277145.15,24066,0,0,0,0,0,0,1,0,0
09-MAY-2026,GNBM2012,0,0,0,0,0,0,0,0,0,0,1,0,0
09-MAY-2026,GNGANESH,0,0,0,0,0,0,0,0,0,0,1,0,0
09-MAY-2026,GNPRAVIN,0,0,0,0,0,0,0,0,0,0,1,0,0
09-MAY-2026,GNSANJAY,0,0,0,0,0,0,0,0,0,0,1,0,0
09-MAY-2026,GNSHRI01,0,0,0,0,0,0,0,0,0,0,1,0,0
09-MAY-2026,GOJOSH72,0,0,0,0,0,0,0,0,0,0,1,0,0
09-MAY-2026,GRAJES99,146628,0,146628,12219,0,0,0,0,0,0,1,0,0
09-MAY-2026,GREDDY89,0,0,0,0,0,0,0,0,0,0,1,0,0
09-MAY-2026,GTNE1966,0,0,0,0,0,0,0,0,0,0,1,0,0
09-MAY-2026,GUNJA555,0,0,0,0,0,0,0,0,0,0,1,0,0
09-MAY-2026,GUNJANBK,0,0,0,0,0,0,0,0,0,0,1,0,0
09-MAY-2026,GUPTAR06,0,0,0,0,0,0,0,0,0,0,1,0,0
09-MAY-2026,HARDPATL,0,0,0,0,0,0,0,0,0,0,1,0,0
09-MAY-2026,HARNEKAR,0,0,0,0,0,0,0,0,0,0,1,0,0
09-MAY-2026,HAROMBAN,0,0,0,0,0,0,0,0,0,0,1,0,0
09-MAY-2026,HARSIL03,0,0,0,0,0,0,0,0,0,0,1,0,0
09-MAY-2026,HASMUKN9,0,0,0,0,0,0,0,0,0,0,1,0,0
09-MAY-2026,HEMBEC84,0,0,0,0,0,0,0,0,0,0,1,0,0
09-MAY-2026,HGIK1516,0,0,0,0,0,0,0,0,0,0,1,0,0
09-MAY-2026,HGIRISH7,0,0,0,0,0,0,0,0,0,0,1,0,0
09-MAY-2026,HIRARAM5,428436,0,428436,35703,0,0,0,0,0,0,1,0,0
09-MAY-2026,HITEAKUM,0,0,0,0,0,0,0,0,0,0,1,0,0
09-MAY-2026,HUFALKAR,0,0,0,0,0,0,0,0,0,0,1,0,0
09-MAY-2026,HUFINDER,0,0,0,0,0,0,0,0,0,0,1,0,0
09-MAY-2026,HUFMHP03,0,0,0,0,0,0,0,0,0,0,1,0,0
09-MAY-2026,HUFPARTH,0,0,0,0,0,0,0,0,0,0,1,0,0
09-MAY-2026,HUFRAJ07,0,0,0,0,0,0,0,0,0,0,1,0,0
09-MAY-2026,HUFS2015,1761084.69,0,1761084.69,143951.5,0,0,0,0,0,0,1,0,0
09-MAY-2026,HUFSVKK5,0,0,0,0,0,0,0,0,0,0,1,0,0
09-MAY-2026,HVTHAKAR,0,0,0,0,0,0,0,0,0,0,1,0,0
09-MAY-2026,IIL50073,1811946,0,1811946,138920,0,0,0,0,0,0,1,0,0
09-MAY-2026,IYE64206,0,0,0,0,0,0,0,0,0,0,1,0,0
09-MAY-2026,JAINK987,250326,0,250326,20860.5,0,0,0,0,0,0,1,0,0
09-MAY-2026,JALGT031,0,0,0,0,0,0,0,0,0,0,1,0,0
09-MAY-2026,JAMN1047,34566,0,34566,2880.5,0,0,0,0,0,0,1,0,0
09-MAY-2026,JANPRAVI,0,0,0,0,0,0,0,0,0,0,1,0,0
09-MAY-2026,JANSAGAR,73314,0,73314,6109.5,0,0,0,0,0,0,1,0,0
09-MAY-2026,JASNANI7,0,0,0,0,0,0,0,0,0,0,1,0,0
09-MAY-2026,JASVINKU,0,0,0,0,0,0,0,0,0,0,1,0,0
09-MAY-2026,JAYP9173,0,0,0,0,0,0,0,0,0,0,1,0,0
09-MAY-2026,JBBIHANI,3258343.8,0,3258343.8,266775,0,0,0,0,0,0,1,0,0
09-MAY-2026,JENT0420,0,0,0,0,0,0,0,0,0,0,1,0,0
09-MAY-2026,JENT0421,0,0,0,0,0,0,0,0,0,0,1,0,0
09-MAY-2026,JHALAJIT,0,0,0,0,0,0,0,0,0,0,1,0,0
09-MAY-2026,JITENK92,0,0,0,0,0,0,0,0,0,0,1,0,0
09-MAY-2026,JITPRA79,362754,0,362754,30229.5,0,0,0,0,0,0,1,0,0
09-MAY-2026,JIVAKC78,0,0,0,0,0,0,0,0,0,0,1,0,0
09-MAY-2026,JIVRAMBH,0,0,0,0,0,0,0,0,0,0,1,0,0
09-MAY-2026,JMDSHNTI,0,0,0,0,0,0,0,0,0,0,1,0,0
09-MAY-2026,JMRC1975,760368,0,760368,63364,0,0,0,0,0,0,1,0,0
09-MAY-2026,JMRC1976,887496,0,887496,73958,0,0,0,0,0,0,1,0,0
09-MAY-2026,JODH0061,0,0,0,0,0,0,0,0,0,0,1,0,0
09-MAY-2026,JOGENDJI,0,0,0,0,0,0,0,0,0,0,1,0,0
09-MAY-2026,JRINKESH,0,0,0,0,0,0,0,0,0,0,1,0,0
09-MAY-2026,JSK11057,0,0,0,0,0,0,0,0,0,0,1,0,0
09-MAY-2026,JSKM0001,0,0,0,0,0,0,0,0,0,0,1,0,0
09-MAY-2026,JSKPM001,0,0,0,0,0,0,0,0,0,0,1,0,0
09-MAY-2026,JSKSA001,3677715.28,0,3677715.28,365879.5,0,0,0,0,0,0,1,0,0
09-MAY-2026,JUGHAS65,21010221.41,0,21010221.41,1742563,0,0,0,0,0,0,1,0,0
09-MAY-2026,JVPATE84,368648,0,368648,46081,0,0,0,0,0,0,1,0,0
09-MAY-2026,K717K717,0,0,0,0,0,0,0,0,0,0,1,0,0
09-MAY-2026,KAILARLA,41976,0,41976,3498,0,0,0,0,0,0,1,0,0
09-MAY-2026,KAJALB94,0,0,0,0,0,0,0,0,0,0,1,0,0
09-MAY-2026,KAMLIAGR,650286,0,650286,54190.5,0,0,0,0,0,0,1,0,0
09-MAY-2026,KAMPARI1,0,0,0,0,0,0,0,0,0,0,1,0,0
09-MAY-2026,KANJI100,0,0,0,0,0,0,0,0,0,0,1,0,0
09-MAY-2026,KANTACB1,0,0,0,0,0,0,0,0,0,0,1,0,0
09-MAY-2026,KANTAVP4,0,0,0,0,0,0,0,0,0,0,1,0,0
09-MAY-2026,KARTHK96,0,0,0,0,0,0,0,0,0,0,1,0,0
09-MAY-2026,KBC19935,0,0,0,0,0,0,0,0,0,0,1,0,0
09-MAY-2026,KD190887,0,0,0,0,0,0,0,0,0,0,1,0,0
09-MAY-2026,KETAN800,0,0,0,0,0,0,0,0,0,0,1,0,0
09-MAY-2026,KHANYASH,0,0,0,0,0,0,0,0,0,0,1,0,0
09-MAY-2026,KKAUSTUB,0,0,0,0,0,0,0,0,0,0,1,0,0
09-MAY-2026,KONAR784,0,0,0,0,0,0,0,0,0,0,1,0,0
09-MAY-2026,KPENTER9,0,0,0,0,0,0,0,0,0,0,1,0,0
09-MAY-2026,KPRATHI3,4666410,0,4666410,388867.5,0,0,0,0,0,0,1,0,0
09-MAY-2026,KRIM7600,0,0,0,0,0,0,0,0,0,0,1,0,0
09-MAY-2026,KSNSACHI,317754,0,317754,26479.5,0,0,0,0,0,0,1,0,0
09-MAY-2026,KTALWAR2,0,0,0,0,0,0,0,0,0,0,1,0,0
09-MAY-2026,KULKAR74,0,0,0,0,0,0,0,0,0,0,1,0,0
09-MAY-2026,LAKSAD18,0,0,0,0,0,0,0,0,0,0,1,0,0
09-MAY-2026,LALSARAF,7838642.75,0,7838642.75,631087.5,0,0,0,0,0,0,1,0,0
09-MAY-2026,LALSHA41,0,0,0,0,0,0,0,0,0,0,1,0,0
09-MAY-2026,LDRJ0028,0,0,0,0,0,0,0,0,0,0,1,0,0
09-MAY-2026,LDRJ7553,0,0,0,0,0,0,0,0,0,0,1,0,0
09-MAY-2026,LDRJ7554,0,0,0,0,0,0,0,0,0,0,1,0,0
09-MAY-2026,LEENAAK5,0,0,0,0,0,0,0,0,0,0,1,0,0
09-MAY-2026,LEKHAC99,0,0,0,0,0,0,0,0,0,0,1,0,0
09-MAY-2026,LUCKY949,0,0,0,0,0,0,0,0,0,0,1,0,0
09-MAY-2026,MAHA5535,0,0,0,0,0,0,0,0,0,0,1,0,0
09-MAY-2026,MAHAVERG,0,0,0,0,0,0,0,0,0,0,1,0,0
09-MAY-2026,MAKU4848,0,0,0,0,0,0,0,0,0,0,1,0,0
09-MAY-2026,MAMILA12,0,0,0,0,0,0,0,0,0,0,1,0,0
09-MAY-2026,MAMTASIK,0,0,0,0,0,0,0,0,0,0,1,0,0
09-MAY-2026,MANBHA19,0,0,0,0,0,0,0,0,0,0,1,0,0
09-MAY-2026,MANESHPL,0,0,0,0,0,0,0,0,0,0,1,0,0
09-MAY-2026,MANGOY36,34566,0,34566,2880.5,0,0,0,0,0,0,1,0,0
09-MAY-2026,MANIMP49,0,0,0,0,0,0,0,0,0,0,1,0,0
09-MAY-2026,MANIS345,0,0,0,0,0,0,0,0,0,0,1,0,0
09-MAY-2026,MANJUJAT,0,0,0,0,0,0,0,0,0,0,1,0,0
09-MAY-2026,MANSIMP1,0,0,0,0,0,0,0,0,0,0,1,0,0
09-MAY-2026,MAPATEL6,0,0,0,0,0,0,0,0,0,0,1,0,0
09-MAY-2026,MASHARDA,10813409.54,0,10813409.54,968032,0,0,0,0,0,0,1,0,0
09-MAY-2026,MAYAKUM7,0,0,0,0,0,0,0,0,0,0,1,0,0
09-MAY-2026,MAYANK29,0,0,0,0,0,0,0,0,0,0,1,0,0
09-MAY-2026,MAYURIBD,0,0,0,0,0,0,0,0,0,0,1,0,0
09-MAY-2026,MEDICAL9,71406,0,71406,5950.5,0,0,0,0,0,0,1,0,0
09-MAY-2026,MESHRAMY,0,0,0,0,0,0,0,0,0,0,1,0,0
09-MAY-2026,MIHI4857,0,0,0,0,0,0,0,0,0,0,1,0,0
09-MAY-2026,MIRI5555,0,0,0,0,0,0,0,0,0,0,1,0,0
09-MAY-2026,MJS01465,0,0,0,0,0,0,0,0,0,0,1,0,0
09-MAY-2026,MNARANG9,0,0,0,0,0,0,0,0,0,0,1,0,0
09-MAY-2026,MNPUNJHA,0,0,0,0,0,0,0,0,0,0,1,0,0
09-MAY-2026,MRPUNJHA,0,0,0,0,0,0,0,0,0,0,1,0,0
09-MAY-2026,MRRAM101,0,0,0,0,0,0,0,0,0,0,1,0,0
09-MAY-2026,MSR7493G,0,0,0,0,0,0,0,0,0,0,1,0,0
09-MAY-2026,MSRL1207,676407.43,0,676407.43,53250,0,0,0,0,0,0,1,0,0
09-MAY-2026,MT010560,0,0,0,0,0,0,0,0,0,0,1,0,0
09-MAY-2026,MUKE9565,0,0,0,0,0,0,0,0,0,0,1,0,0
09-MAY-2026,MUKESA70,0,0,0,0,0,0,0,0,0,0,1,0,0
09-MAY-2026,MURLI971,0,0,0,0,0,0,0,0,0,0,1,0,0
09-MAY-2026,MUSKANWP,3252420,0,3252420,271035,0,0,0,0,0,0,1,0,0
09-MAY-2026,MUSKANWT,0,0,0,0,0,0,0,0,0,0,1,0,0
09-MAY-2026,NAKUMITT,0,0,0,0,0,0,0,0,0,0,1,0,0
09-MAY-2026,NAMAN005,0,0,0,0,0,0,0,0,0,0,1,0,0
09-MAY-2026,NANCYANP,294525.45,0,294525.45,24195,0,0,0,0,0,0,1,0,0
09-MAY-2026,NARAGOUD,0,0,0,0,0,0,0,0,0,0,1,0,0
09-MAY-2026,NASEEMA8,0,0,0,0,0,0,0,0,0,0,1,0,0
09-MAY-2026,NAVNKUM8,0,0,0,0,0,0,0,0,0,0,1,0,0
09-MAY-2026,NCC27599,0,0,0,0,0,0,0,0,0,0,1,0,0
09-MAY-2026,NDHP1962,0,0,0,0,0,0,0,0,0,0,1,0,0
09-MAY-2026,NIDHI282,0,0,0,0,0,0,0,0,0,0,1,0,0
09-MAY-2026,NIHAL143,0,0,0,0,0,0,0,0,0,0,1,0,0
09-MAY-2026,NIKS6572,0,0,0,0,0,0,0,0,0,0,1,0,0
09-MAY-2026,NILAKOLA,338208,0,338208,28184,0,0,0,0,0,0,1,0,0
09-MAY-2026,NILESH18,0,0,0,0,0,0,0,0,0,0,1,0,0
09-MAY-2026,NILOFARM,0,0,0,0,0,0,0,0,0,0,1,0,0
09-MAY-2026,NIRALI12,0,0,0,0,0,0,0,0,0,0,1,0,0
09-MAY-2026,NIRBAN74,0,0,0,0,0,0,0,0,0,0,1,0,0
09-MAY-2026,NISHARSJ,0,0,0,0,0,0,0,0,0,0,1,0,0
09-MAY-2026,NK032752,146628,0,146628,12219,0,0,0,0,0,0,1,0,0
09-MAY-2026,NM281077,0,0,0,0,0,0,0,0,0,0,1,0,0
09-MAY-2026,NMHYOGAR,0,0,0,0,0,0,0,0,0,0,1,0,0
09-MAY-2026,NNF41938,0,0,0,0,0,0,0,0,0,0,1,0,0
09-MAY-2026,NNPKHODA,142812,0,142812,11901,0,0,0,0,0,0,1,0,0
09-MAY-2026,NORTHEND,10991461.79,0,10991461.79,914560,0,0,0,0,0,0,1,0,0
09-MAY-2026,NPSHAH99,0,0,0,0,0,0,0,0,0,0,1,0,0
09-MAY-2026,NPSHUF99,0,0,0,0,0,0,0,0,0,0,1,0,0
09-MAY-2026,NWANI451,0,0,0,0,0,0,0,0,0,0,1,0,0
09-MAY-2026,NYADAV73,0,0,0,0,0,0,0,0,0,0,1,0,0
09-MAY-2026,PAL55555,0,0,0,0,0,0,0,0,0,0,1,0,0
09-MAY-2026,PANKAJ66,0,0,0,0,0,0,0,0,0,0,1,0,0
09-MAY-2026,PARASG82,0,0,0,0,0,0,0,0,0,0,1,0,0
09-MAY-2026,PARESH48,349618,0,349618,54318,0,0,0,0,0,0,1,0,0
09-MAY-2026,PATE7922,138264,0,138264,11522,0,0,0,0,0,0,1,0,0
09-MAY-2026,PATEL032,0,0,0,0,0,0,0,0,0,0,1,0,0
09-MAY-2026,PATEL493,26332,0,26332,3291.5,0,0,0,0,0,0,1,0,0
09-MAY-2026,PATELC99,404820,0,404820,33735,0,0,0,0,0,0,1,0,0
09-MAY-2026,PATELVJ7,0,0,0,0,0,0,0,0,0,0,1,0,0
09-MAY-2026,PATILA55,0,0,0,0,0,0,0,0,0,0,1,0,0
09-MAY-2026,PAWAN777,0,0,0,0,0,0,0,0,0,0,1,0,0
09-MAY-2026,PAWARM81,0,0,0,0,0,0,0,0,0,0,1,0,0
09-MAY-2026,PBNSAL89,0,0,0,0,0,0,0,0,0,0,1,0,0
09-MAY-2026,PGOYAL97,0,0,0,0,0,0,0,0,0,0,1,0,0
09-MAY-2026,PILIBANG,337350,0,337350,28112.5,0,0,0,0,0,0,1,0,0
09-MAY-2026,PJJ22056,0,0,0,0,0,0,0,0,0,0,1,0,0
09-MAY-2026,PNCHOPRA,0,0,0,0,0,0,0,0,0,0,1,0,0
09-MAY-2026,POONIL86,0,0,0,0,0,0,0,0,0,0,1,0,0
09-MAY-2026,PRACHANN,0,0,0,0,0,0,0,0,0,0,1,0,0
09-MAY-2026,PRAK0508,0,0,0,0,0,0,0,0,0,0,1,0,0
09-MAY-2026,PRAMKATK,0,0,0,0,0,0,0,0,0,0,1,0,0
09-MAY-2026,PRANAVAG,0,0,0,0,0,0,0,0,0,0,1,0,0
09-MAY-2026,PRASADNN,0,0,0,0,0,0,0,0,0,0,1,0,0
09-MAY-2026,PREMIA97,589050.9,0,589050.9,48390,0,0,0,0,0,0,1,0,0
09-MAY-2026,PRJAIN66,0,0,0,0,0,0,0,0,0,0,1,0,0
09-MAY-2026,PRMA873E,0,0,0,0,0,0,0,0,0,0,1,0,0
09-MAY-2026,PRMAAKR1,811005.94,0,811005.94,65090,0,0,0,0,0,0,1,0,0
09-MAY-2026,PRMABM21,0,0,0,0,0,0,0,0,0,0,1,0,0
09-MAY-2026,PRMALAX1,0,0,0,0,0,0,0,0,0,0,1,0,0
09-MAY-2026,PRMANPPL,3778320,0,3778320,314860,0,0,0,0,0,0,1,0,0
09-MAY-2026,PRMARKHF,0,0,0,0,0,0,0,0,0,0,1,0,0
09-MAY-2026,PRMAVIKR,0,0,0,0,0,0,0,0,0,0,1,0,0
09-MAY-2026,PSNAGA09,0,0,0,0,0,0,0,0,0,0,1,0,0
09-MAY-2026,PUJARAVI,0,0,0,0,0,0,0,0,0,0,1,0,0
09-MAY-2026,RABIN365,218358,0,218358,18196.5,0,0,0,0,0,0,1,0,0
09-MAY-2026,RAGHAV26,0,0,0,0,0,0,0,0,0,0,1,0,0
09-MAY-2026,RAHUL487,2292120,0,2292120,231494,0,0,0,0,0,0,1,0,0
09-MAY-2026,RAJAIN94,0,0,0,0,0,0,0,0,0,0,1,0,0
09-MAY-2026,RAJEAH65,0,0,0,0,0,0,0,0,0,0,1,0,0
09-MAY-2026,RAJESH4N,0,0,0,0,0,0,0,0,0,0,1,0,0
09-MAY-2026,RAJJAI17,0,0,0,0,0,0,0,0,0,0,1,0,0
09-MAY-2026,RAJKUMBT,0,0,0,0,0,0,0,0,0,0,1,0,0
09-MAY-2026,RAJNIA09,0,0,0,0,0,0,0,0,0,0,1,0,0
09-MAY-2026,RAMAANJU,0,0,0,0,0,0,0,0,0,0,1,0,0
09-MAY-2026,RAMDEV75,3440970,0,3440970,286747.5,0,0,0,0,0,0,1,0,0
09-MAY-2026,RAMG1111,0,0,0,0,0,0,0,0,0,0,1,0,0
09-MAY-2026,RANADR88,456466.84,0,456466.84,26089,0,0,0,0,0,0,1,0,0
09-MAY-2026,RANAND72,0,0,0,0,0,0,0,0,0,0,1,0,0
09-MAY-2026,RANNG999,0,0,0,0,0,0,0,0,0,0,1,0,0
09-MAY-2026,RATTANLA,0,0,0,0,0,0,0,0,0,0,1,0,0
09-MAY-2026,RAVI8111,522079.19,0,522079.19,35400,0,0,0,0,0,0,1,0,0
09-MAY-2026,RAVISONU,0,0,0,0,0,0,0,0,0,0,1,0,0
09-MAY-2026,RAVIT999,0,0,0,0,0,0,0,0,0,0,1,0,0
09-MAY-2026,RBL8830G,0,0,0,0,0,0,0,0,0,0,1,0,0
09-MAY-2026,RBLSS333,0,0,0,0,0,0,0,0,0,0,1,0,0
09-MAY-2026,REALFT44,0,0,0,0,0,0,0,0,0,0,1,0,0
09-MAY-2026,REALWE44,293256,0,293256,24438,0,0,0,0,0,0,1,0,0
09-MAY-2026,RINUSING,0,0,0,0,0,0,0,0,0,0,1,0,0
09-MAY-2026,RISHU391,0,0,0,0,0,0,0,0,0,0,1,0,0
09-MAY-2026,RJPRINCE,0,0,0,0,0,0,0,0,0,0,1,0,0
09-MAY-2026,RMKHATRI,0,0,0,0,0,0,0,0,0,0,1,0,0
09-MAY-2026,ROHIT113,134940,0,134940,11245,0,0,0,0,0,0,1,0,0
09-MAY-2026,ROHTAS19,0,0,0,0,0,0,0,0,0,0,1,0,0
09-MAY-2026,ROKSHANA,73314,0,73314,6109.5,0,0,0,0,0,0,1,0,0
09-MAY-2026,ROSHANGR,0,0,0,0,0,0,0,0,0,0,1,0,0
09-MAY-2026,RT000555,0,0,0,0,0,0,0,0,0,0,1,0,0
09-MAY-2026,RTLM0169,0,0,0,0,0,0,0,0,0,0,1,0,0
09-MAY-2026,RTLM2188,142812,0,142812,11901,0,0,0,0,0,0,1,0,0
09-MAY-2026,RTLM2211,0,0,0,0,0,0,0,0,0,0,1,0,0
09-MAY-2026,RTLM2562,0,0,0,0,0,0,0,0,0,0,1,0,0
09-MAY-2026,RTLM3556,146628,0,146628,12219,0,0,0,0,0,0,1,0,0
09-MAY-2026,RTLM8079,0,0,0,0,0,0,0,0,0,0,1,0,0
09-MAY-2026,RTLM8175,83952,0,83952,6996,0,0,0,0,0,0,1,0,0
09-MAY-2026,RTLM8216,0,0,0,0,0,0,0,0,0,0,1,0,0
09-MAY-2026,RTLM8850,0,0,0,0,0,0,0,0,0,0,1,0,0
09-MAY-2026,RUDRAHUF,0,0,0,0,0,0,0,0,0,0,1,0,0
09-MAY-2026,RUSHVASA,0,0,0,0,0,0,0,0,0,0,1,0,0
09-MAY-2026,SALMA010,0,0,0,0,0,0,0,0,0,0,1,0,0
09-MAY-2026,SAMBHAVS,0,0,0,0,0,0,0,0,0,0,1,0,0
09-MAY-2026,SAMPATBA,0,0,0,0,0,0,0,0,0,0,1,0,0
09-MAY-2026,SAN1998J,0,0,0,0,0,0,0,0,0,0,1,0,0
09-MAY-2026,SAND64UP,0,0,0,0,0,0,0,0,0,0,1,0,0
09-MAY-2026,SANDYA17,0,0,0,0,0,0,0,0,0,0,1,0,0
09-MAY-2026,SANIEXPO,0,0,0,0,0,0,0,0,0,0,1,0,0
09-MAY-2026,SANJASAM,0,0,0,0,0,0,0,0,0,0,1,0,0
09-MAY-2026,SAPUNJHA,0,0,0,0,0,0,0,0,0,0,1,0,0
09-MAY-2026,SARAL124,0,0,0,0,0,0,0,0,0,0,1,0,0
09-MAY-2026,SARANG40,0,0,0,0,0,0,0,0,0,0,1,0,0
09-MAY-2026,SARTHAKR,1071615.8,0,1071615.8,90170,0,0,0,0,0,0,1,0,0
09-MAY-2026,SASITKAL,0,0,0,0,0,0,0,0,0,0,1,0,0
09-MAY-2026,SATI5555,69132,0,69132,5761,0,0,0,0,0,0,1,0,0
09-MAY-2026,SATTAR89,0,0,0,0,0,0,0,0,0,0,1,0,0
09-MAY-2026,SATY5436,0,0,0,0,0,0,0,0,0,0,1,0,0
09-MAY-2026,SATYA007,0,0,0,0,0,0,0,0,0,0,1,0,0
09-MAY-2026,SAVA1875,7324848,0,7324848,649366,0,0,0,0,0,0,1,0,0
09-MAY-2026,SDM96100,0,0,0,0,0,0,0,0,0,0,1,0,0
09-MAY-2026,SHAH1973,0,0,0,0,0,0,0,0,0,0,1,0,0
09-MAY-2026,SHAHBHUF,0,0,0,0,0,0,0,0,0,0,1,0,0
09-MAY-2026,SHAHYAGN,0,0,0,0,0,0,0,0,0,0,1,0,0
09-MAY-2026,SHIK1986,0,0,0,0,0,0,0,0,0,0,1,0,0
09-MAY-2026,SHIV0021,0,0,0,0,0,0,0,0,0,0,1,0,0
09-MAY-2026,SHIVTEJ7,0,0,0,0,0,0,0,0,0,0,1,0,0
09-MAY-2026,SHRUTISD,0,0,0,0,0,0,0,0,0,0,1,0,0
09-MAY-2026,SHUBHG95,0,0,0,0,0,0,0,0,0,0,1,0,0
09-MAY-2026,SHYADAMA,0,0,0,0,0,0,0,0,0,0,1,0,0
09-MAY-2026,SHYAM540,0,0,0,0,0,0,0,0,0,0,1,0,0
09-MAY-2026,SHYAMG82,0,0,0,0,0,0,0,0,0,0,1,0,0
09-MAY-2026,SIANAND5,0,0,0,0,0,0,0,0,0,0,1,0,0
09-MAY-2026,SIRAM948,0,0,0,0,0,0,0,0,0,0,1,0,0
09-MAY-2026,SJPATELD,0,0,0,0,0,0,0,0,0,0,1,0,0
09-MAY-2026,SKS98322,0,0,0,0,0,0,0,0,0,0,1,0,0
09-MAY-2026,SNEHALJJ,0,0,0,0,0,0,0,0,0,0,1,0,0
09-MAY-2026,SOHANG84,0,0,0,0,0,0,0,0,0,0,1,0,0
09-MAY-2026,SPDHAN,11614626.01,0,11614626.01,956975,0,0,0,0,0,0,1,0,0
09-MAY-2026,SPSARAFN,0,0,0,0,0,0,0,0,0,0,1,0,0
09-MAY-2026,SRFTANMY,0,0,0,0,0,0,0,0,0,0,1,0,0
09-MAY-2026,SRTASONI,377730,0,377730,31477.5,0,0,0,0,0,0,1,0,0
09-MAY-2026,SS777HUF,423317.38,0,423317.38,34225,0,0,0,0,0,0,1,0,0
09-MAY-2026,SSB01985,0,0,0,0,0,0,0,0,0,0,1,0,0
09-MAY-2026,STARTEGI,0,0,0,0,0,0,0,0,0,0,1,0,0
09-MAY-2026,SUKHDEVA,0,0,0,0,0,0,0,0,0,0,1,0,0
09-MAY-2026,SUM63519,0,0,0,0,0,0,0,0,0,0,1,0,0
09-MAY-2026,SUMIT164,0,0,0,0,0,0,0,0,0,0,1,0,0
09-MAY-2026,SUNILASH,0,0,0,0,0,0,0,0,0,0,1,0,0
09-MAY-2026,SUNILGP3,0,0,0,0,0,0,0,0,0,0,1,0,0
09-MAY-2026,SURBHI16,0,0,0,0,0,0,0,0,0,0,1,0,0
09-MAY-2026,SURESH6A,144720,0,144720,12060,0,0,0,0,0,0,1,0,0
09-MAY-2026,SVSHAH82,0,0,0,0,0,0,0,0,0,0,1,0,0
09-MAY-2026,SWAP1875,146628,0,146628,12219,0,0,0,0,0,0,1,0,0
09-MAY-2026,SWAPNS94,0,0,0,0,0,0,0,0,0,0,1,0,0
09-MAY-2026,TANISH11,0,0,0,0,0,0,0,0,0,0,1,0,0
09-MAY-2026,TARA1955,60568,0,60568,6144.5,0,0,0,0,0,0,1,0,0
09-MAY-2026,TASAAMM1,0,0,0,0,0,0,0,0,0,0,1,0,0
09-MAY-2026,TAUNKG84,0,0,0,0,0,0,0,0,0,0,1,0,0
09-MAY-2026,TESACHIN,0,0,0,0,0,0,0,0,0,0,1,0,0
09-MAY-2026,THUF4545,0,0,0,0,0,0,0,0,0,0,1,0,0
09-MAY-2026,TOMDAVIS,0,0,0,0,0,0,0,0,0,0,1,0,0
09-MAY-2026,TRISHWPR,541125.94,0,541125.94,42600,0,0,0,0,0,0,1,0,0
09-MAY-2026,TRUE1111,338208,0,338208,28184,0,0,0,0,0,0,1,0,0
09-MAY-2026,TWM11186,0,0,0,0,0,0,0,0,0,0,1,0,0
09-MAY-2026,UDANI999,0,0,0,0,0,0,0,0,0,0,1,0,0
09-MAY-2026,UKPOLA23,0,0,0,0,0,0,0,0,0,0,1,0,0
09-MAY-2026,UMESKUM6,0,0,0,0,0,0,0,0,0,0,1,0,0
09-MAY-2026,URMILAOG,0,0,0,0,0,0,0,0,0,0,1,0,0
09-MAY-2026,URVSHIHP,0,0,0,0,0,0,0,0,0,0,1,0,0
09-MAY-2026,USHAAGA1,0,0,0,0,0,0,0,0,0,0,1,0,0
09-MAY-2026,VAANNSII,74088,0,74088,6174,0,0,0,0,0,0,1,0,0
09-MAY-2026,VADO0034,0,0,0,0,0,0,0,0,0,0,1,0,0
09-MAY-2026,VASHARKP,0,0,0,0,0,0,0,0,0,0,1,0,0
09-MAY-2026,VEGOP847,0,0,0,0,0,0,0,0,0,0,1,0,0
09-MAY-2026,VERA1D54,0,0,0,0,0,0,0,0,0,0,1,0,0
09-MAY-2026,VF001PVT,0,0,0,0,0,0,0,0,0,0,1,0,0
09-MAY-2026,VICKIHUF,0,0,0,0,0,0,0,0,0,0,1,0,0
09-MAY-2026,VICKY326,0,0,0,0,0,0,0,0,0,0,1,0,0
09-MAY-2026,VICKY521,0,0,0,0,0,0,0,0,0,0,1,0,0
09-MAY-2026,VIKASSP4,0,0,0,0,0,0,0,0,0,0,1,0,0
09-MAY-2026,VINITESH,0,0,0,0,0,0,0,0,0,0,1,0,0
09-MAY-2026,VINO2240,0,0,0,0,0,0,0,0,0,0,1,0,0
09-MAY-2026,VINODG70,0,0,0,0,0,0,0,0,0,0,1,0,0
09-MAY-2026,VINS1983,0,0,0,0,0,0,0,0,0,0,1,0,0
09-MAY-2026,VIPULGUP,0,0,0,0,0,0,0,0,0,0,1,0,0
09-MAY-2026,VIPULS55,570316.79,0,570316.79,42122,0,0,0,0,0,0,1,0,0
09-MAY-2026,VISHNR90,0,0,0,0,0,0,0,0,0,0,1,0,0
09-MAY-2026,VJAGHARA,0,0,0,0,0,0,0,0,0,0,1,0,0
09-MAY-2026,VJK30300,0,0,0,0,0,0,0,0,0,0,1,0,0
09-MAY-2026,VK160160,0,0,0,0,0,0,0,0,0,0,1,0,0
09-MAY-2026,VMANJU94,0,0,0,0,0,0,0,0,0,0,1,0,0
09-MAY-2026,VPAREKHS,0,0,0,0,0,0,0,0,0,0,1,0,0
09-MAY-2026,VSSJEWEL,0,0,0,0,0,0,0,0,0,0,1,0,0
09-MAY-2026,WA657544,0,0,0,0,0,0,0,0,0,0,1,0,0
09-MAY-2026,WT823509,0,0,0,0,0,0,0,0,0,0,1,0,0
09-MAY-2026,YANI1875,0,0,0,0,0,0,0,0,0,0,1,0,0
09-MAY-2026,YASIN143,84552,0,84552,7046,0,0,0,0,0,0,1,0,0
09-MAY-2026,YOGESKUJ,0,0,0,0,0,0,0,0,0,0,1,0,0
09-MAY-2026,YOGV1984,0,0,0,0,0,0,0,0,0,0,1,0,0
09-MAY-2026,YUKTA109,0,0,0,0,0,0,0,0,0,0,1,0,0
