09-MAY-2026,18R505,765182.40,0.00,765182.40,61063.00,C
09-MAY-2026,3550,87013.20,0.00,87013.20,5900.00,C
09-MAY-2026,43061,14092281.09,0.00,14092281.09,1202888.50,C
09-MAY-2026,43367,296352.00,0.00,296352.00,24696.00,C
09-MAY-2026,BKNS6274,889056.00,0.00,889056.00,85188.00,C
09-MAY-2026,BKNS8547,472290.00,0.00,472290.00,41257.50,C
09-MAY-2026,BTDE6049,1035660.00,0.00,1035660.00,88714.26,C
09-MAY-2026,BTDE8439,34566.00,0.00,34566.00,2880.50,C
09-MAY-2026,BTDE9831,874983.00,0.00,874983.00,78188.00,C
09-MAY-2026,BTDE9895,898716.00,0.00,898716.00,74893.00,C
09-MAY-2026,BWS9382,71406.00,0.00,71406.00,5950.50,C
09-MAY-2026,DTHS20464,1131171.57,0.00,1131171.57,88100.00,C
09-MAY-2026,DTHS51359,422760.00,0.00,422760.00,35230.00,C
09-MAY-2026,DTNI4927,34236.00,0.00,34236.00,2853.00,C
09-MAY-2026,DTNI52843,1111320.00,0.00,1111320.00,123210.00,C
09-MAY-2026,DTNI94550,845520.00,0.00,845520.00,70460.00,C
09-MAY-2026,DTS09797,345660.00,0.00,345660.00,28805.00,C
09-MAY-2026,DTSM02990,26084.00,0.00,26084.00,3260.50,C
09-MAY-2026,GAM056,273888.00,0.00,273888.00,22824.00,C
09-MAY-2026,GAM099,533436.00,0.00,533436.00,96492.00,C
09-MAY-2026,GAPE4928,269880.00,0.00,269880.00,24590.00,C
09-MAY-2026,GBS2391,391260.00,0.00,391260.00,48907.50,C
09-MAY-2026,GO27861,81480.00,0.00,81480.00,6790.00,C
09-MAY-2026,GO52716,1044158.37,0.00,1044158.37,70800.00,C
09-MAY-2026,GRJ5471,597429.80,0.00,597429.80,60162.00,C
09-MAY-2026,GW5318,34566.00,0.00,34566.00,2880.50,C
09-MAY-2026,HOE33001,185188.35,0.00,185188.35,13965.00,C
09-MAY-2026,HOS1650,1333584.00,0.00,1333584.00,231232.00,C
09-MAY-2026,HSRE5339,300713.40,0.00,300713.40,81605.00,C
09-MAY-2026,INHDP628,102206.74,0.00,102206.74,8205.50,C
09-MAY-2026,JD1127,67470.00,0.00,67470.00,5622.50,C
09-MAY-2026,JDQ029,375752.23,0.00,375752.23,30377.50,C
09-MAY-2026,JDQ030,1416870.00,0.00,1416870.00,127322.50,C
09-MAY-2026,JLDS5898,0.00,0.00,0.00,800.00,C
09-MAY-2026,K1819,261039.59,0.00,261039.59,17700.00,C
09-MAY-2026,K2440,306290.23,0.00,306290.23,24589.00,C
09-MAY-2026,K2721,930072.00,0.00,930072.00,77506.00,C
09-MAY-2026,K2753,1018376.40,0.00,1018376.40,80500.50,C
09-MAY-2026,K5203,1991683.61,0.00,1991683.61,163987.00,C
09-MAY-2026,KBS287,34566.00,0.00,34566.00,2880.50,C
09-MAY-2026,KHK596,162319.20,0.00,162319.20,12175.50,C
09-MAY-2026,KJP03,655560.00,0.00,655560.00,54630.00,C
09-MAY-2026,KK298,311094.00,0.00,311094.00,28524.50,C
09-MAY-2026,KMJ29,261039.59,0.00,261039.59,17700.00,C
09-MAY-2026,KMJ396,87013.20,0.00,87013.20,5900.00,C
09-MAY-2026,KMJ57,0.00,0.00,0.00,18900.00,C
09-MAY-2026,KMJ756,134940.00,0.00,134940.00,11245.00,C
09-MAY-2026,KMJ757,731417.99,0.00,731417.99,54196.00,C
09-MAY-2026,KN646,71406.00,0.00,71406.00,5950.50,C
09-MAY-2026,KRH466,87013.20,0.00,87013.20,5900.00,C
09-MAY-2026,KSB3019,148176.00,0.00,148176.00,16748.00,C
09-MAY-2026,KSB6031,1333584.00,0.00,1333584.00,147641.09,C
09-MAY-2026,KSB9705,963144.00,0.00,963144.00,100162.00,C
09-MAY-2026,KTE0235,1627638.74,0.00,1627638.74,128328.50,C
09-MAY-2026,KTE0598,170748.00,0.00,170748.00,31275.00,C
09-MAY-2026,KTE0802,988994.40,0.00,988994.40,79714.00,C
09-MAY-2026,KTE2285,261039.59,0.00,261039.59,17700.00,C
09-MAY-2026,KTE2290,295932.00,0.00,295932.00,24661.00,C
09-MAY-2026,KTE2611,235189.20,0.00,235189.20,18248.00,C
09-MAY-2026,KTE3433,87013.20,0.00,87013.20,5900.00,C
09-MAY-2026,KTE5390,805505.99,0.00,805505.99,81870.00,C
09-MAY-2026,KTE8698,235189.20,0.00,235189.20,18248.00,C
09-MAY-2026,KTE8889,860494.78,0.00,860494.78,59548.00,C
09-MAY-2026,KTE9491,1037232.00,0.00,1037232.00,86436.00,C
09-MAY-2026,KTE9802,217308.00,0.00,217308.00,18109.00,C
09-MAY-2026,NG10191,1001244.61,0.00,1001244.61,143538.00,C
09-MAY-2026,NG10239,40740.00,0.00,40740.00,3395.00,C
09-MAY-2026,NGAE3357,322452.00,0.00,322452.00,26871.00,C
09-MAY-2026,NGE8549,250584.00,0.00,250584.00,20882.00,C
09-MAY-2026,NGE9165,171565.20,0.00,171565.20,12946.00,C
09-MAY-2026,NKS125,67640.74,0.00,67640.74,5325.00,C
09-MAY-2026,NSE1726,171840.00,0.00,171840.00,16420.00,C
09-MAY-2026,PTR143,946242.00,0.00,946242.00,78853.50,C
09-MAY-2026,PTR183,742170.00,0.00,742170.00,61847.50,C
09-MAY-2026,PTR1834,404820.00,0.00,404820.00,33735.00,C
09-MAY-2026,PTR1835,742170.00,0.00,742170.00,61847.50,C
09-MAY-2026,PTR1836,674700.00,0.00,674700.00,56225.00,C
09-MAY-2026,PUSS5289,87013.20,0.00,87013.20,5900.00,C
09-MAY-2026,RT1046,575277.01,0.00,575277.01,46849.00,C
09-MAY-2026,RT1455,253656.00,0.00,253656.00,42238.00,C
09-MAY-2026,RT2238,69132.00,0.00,69132.00,5761.00,C
09-MAY-2026,RT2302,120304.74,0.00,120304.74,11908.00,C
09-MAY-2026,RTE6435,140784.00,0.00,140784.00,11732.00,C
09-MAY-2026,RTE8918,294801.00,0.00,294801.00,22997.50,C
09-MAY-2026,RTE9677,1593553.30,0.00,1593553.30,129773.00,C
09-MAY-2026,RTS0515,34566.00,0.00,34566.00,2880.50,C
09-MAY-2026,RTV1001,325920.00,0.00,325920.00,27160.00,C
09-MAY-2026,RTV1014,1431049.80,0.00,1431049.80,119036.00,C
09-MAY-2026,YNS0901,1411135.19,0.00,1411135.19,109488.00,C
09-MAY-2026,YNS7583,100237.80,0.00,100237.80,8135.00,C
