09-MAY-2026,01287,0,0,0,0,0,0,0,0,0,0,2,0,0
09-MAY-2026,43S01,0,0,0,0,0,0,0,0,0,0,1,0,0
09-MAY-2026,6L001,0,0,0,0,0,0,0,0,0,0,1,0,0
09-MAY-2026,7RK04,0,0,0,0,0,0,0,0,0,0,1,0,0
09-MAY-2026,A022,73314,0,73314,6109.5,0,0,0,0,0,0,1,0,0
09-MAY-2026,ABM10,0,0,0,0,0,0,0,0,0,0,1,0,0
09-MAY-2026,ABPS1130,0,0,0,0,0,0,0,0,0,0,1,0,0
09-MAY-2026,ABPS1374,0,0,0,0,0,0,0,0,0,0,1,0,0
09-MAY-2026,ABPS1413,0,0,0,0,0,0,0,0,0,0,1,0,0
09-MAY-2026,ABPS155,0,0,0,0,0,0,0,0,0,0,1,0,0
09-MAY-2026,ABPS487,0,0,0,0,0,0,0,0,0,0,1,0,0
09-MAY-2026,ALP12683,342677.49,0,342677.49,27933,0,0,0,0,0,0,1,0,0
09-MAY-2026,BPA1446,67640.74,0,67640.74,5325,0,0,0,0,0,0,1,0,0
09-MAY-2026,CCAW167,0,0,0,0,0,0,0,0,0,0,1,0,0
09-MAY-2026,CCAW180,0,0,0,0,0,0,0,0,0,0,1,0,0
09-MAY-2026,CCAW193,0,0,0,0,0,0,0,0,0,0,1,0,0
09-MAY-2026,CCAW197,0,0,0,0,0,0,0,0,0,0,1,0,0
09-MAY-2026,CHD1759,0,0,0,0,0,0,0,0,0,0,1,0,0
09-MAY-2026,CHD663,0,0,0,0,0,0,0,0,0,0,1,0,0
09-MAY-2026,CHD677,234756,0,234756,29344.5,0,0,0,0,0,0,1,0,0
09-MAY-2026,CHD678,443428,0,443428,55428.5,0,0,0,0,0,0,1,0,0
09-MAY-2026,CVV565,0,0,0,0,0,0,0,0,0,0,1,0,0
09-MAY-2026,EA1H137,0,0,0,0,0,0,0,0,0,0,1,0,0
09-MAY-2026,EA2274,0,0,0,0,0,0,0,0,0,0,1,0,0
09-MAY-2026,EA4259,0,0,0,0,0,0,0,0,0,0,1,0,0
09-MAY-2026,EA5E213,0,0,0,0,0,0,0,0,0,0,1,0,0
09-MAY-2026,EA5E269,0,0,0,0,0,0,0,0,0,0,1,0,0
09-MAY-2026,EA5E272,0,0,0,0,0,0,0,0,0,0,1,0,0
09-MAY-2026,EA5E291,1257528,0,1257528,104794,0,0,0,0,0,0,1,0,0
09-MAY-2026,EA5E293,0,0,0,0,0,0,0,0,0,0,1,0,0
09-MAY-2026,EA5R116,0,0,0,0,0,0,0,0,0,0,1,0,0
09-MAY-2026,EAPS10200,0,0,0,0,0,0,0,0,0,0,1,0,0
09-MAY-2026,EAPS10217,0,0,0,0,0,0,0,0,0,0,1,0,0
09-MAY-2026,EAPS6135,0,0,0,0,0,0,0,0,0,0,1,0,0
09-MAY-2026,EAPS7000,4318080,0,4318080,359840,0,0,0,0,0,0,1,0,0
09-MAY-2026,EAPS8499,0,0,0,0,0,0,0,0,0,0,1,0,0
09-MAY-2026,EAPS9872,0,0,0,0,0,0,0,0,0,0,1,0,0
09-MAY-2026,EK4301,0,0,0,0,0,0,0,0,0,0,1,0,0
09-MAY-2026,EKPW106,135281.49,0,135281.49,10650,0,0,0,0,0,0,1,0,0
09-MAY-2026,EKY1458,0,0,0,0,0,0,0,0,0,0,1,0,0
09-MAY-2026,EKY2335,0,0,0,0,0,0,0,0,0,0,1,0,0
09-MAY-2026,EKY3398,0,0,0,0,0,0,0,0,0,0,1,0,0
09-MAY-2026,EKY3433,0,0,0,0,0,0,0,0,0,0,1,0,0
09-MAY-2026,EKY7168,0,0,0,0,0,0,0,0,0,0,1,0,0
09-MAY-2026,EL2819,0,0,0,0,0,0,0,0,0,0,1,0,0
09-MAY-2026,EL3277,0,0,0,0,0,0,0,0,0,0,1,0,0
09-MAY-2026,EL3329,0,0,0,0,0,0,0,0,0,0,1,0,0
09-MAY-2026,EL3331,0,0,0,0,0,0,0,0,0,0,1,0,0
09-MAY-2026,EL958,0,0,0,0,0,0,0,0,0,0,1,0,0
09-MAY-2026,ELCQ102,0,0,0,0,0,0,0,0,0,0,1,0,0
09-MAY-2026,ELCQ119,0,0,0,0,0,0,0,0,0,0,1,0,0
09-MAY-2026,EMA279,414792,0,414792,34566,0,0,0,0,0,0,1,0,0
09-MAY-2026,ESJ11989,0,0,0,0,0,0,0,0,0,0,1,0,0
09-MAY-2026,ESJ8139,0,0,0,0,0,0,0,0,0,0,1,0,0
09-MAY-2026,EZ11699,0,0,0,0,0,0,0,0,0,0,1,0,0
09-MAY-2026,EZ12203,496228.79,0,496228.79,35948,0,0,0,0,0,0,1,0,0
09-MAY-2026,EZ12269,831356.38,0,831356.38,59822,0,0,0,0,0,0,1,0,0
09-MAY-2026,EZ12400,348052.79,0,348052.79,23600,0,0,0,0,0,0,1,0,0
09-MAY-2026,EZ12443,0,0,0,0,0,0,0,0,0,0,1,0,0
09-MAY-2026,EZ12927,0,0,0,0,0,0,0,0,0,0,1,0,0
09-MAY-2026,EZ12997,248114.4,0,248114.4,17974,0,0,0,0,0,0,1,0,0
09-MAY-2026,GCAT1055,2157866.56,0,2157866.56,186455.5,0,0,0,0,0,0,1,0,0
09-MAY-2026,GCAT1185,546865.94,0,546865.94,48298,0,0,0,0,0,0,1,0,0
09-MAY-2026,GCAT1419,9823157.4,0,9823157.4,833136,0,0,0,0,0,0,1,0,0
09-MAY-2026,GCAT2153,0,0,0,0,0,0,0,0,0,0,1,0,0
09-MAY-2026,GCAT2213,307975.24,0,307975.24,47397.5,0,0,0,0,0,0,1,0,0
09-MAY-2026,GCAT2431,21595470.7,0,21595470.7,1819608.5,0,0,94720,0,0,0,1,0,0
09-MAY-2026,GCAT2443,3103620,0,3103620,258635,0,0,0,0,0,0,1,0,0
09-MAY-2026,GCAT2491,0,0,0,0,0,0,0,0,0,0,1,0,0
09-MAY-2026,GCAT2516,2154402,0,2154402,423636,0,0,130686,0,0,0,1,0,0
09-MAY-2026,GCAT2542,16064743.92,0,16064743.92,1401903.5,0,0,0,0,0,0,1,0,0
09-MAY-2026,GCAT3142,283363.5,0,283363.5,22030,0,0,0,0,0,0,1,0,0
09-MAY-2026,GCSM116,0,0,0,0,0,0,0,0,0,0,1,0,0
09-MAY-2026,GWA473,0,0,0,0,0,0,0,0,0,0,1,0,0
09-MAY-2026,GWA727,0,0,0,0,0,0,0,0,0,0,1,0,0
09-MAY-2026,HAJG166,0,0,0,0,0,0,0,0,0,0,1,0,0
09-MAY-2026,HOGC401,183230.74,0,183230.74,14957.5,0,0,0,0,0,0,1,0,0
09-MAY-2026,HOGC509,115590,0,115590,9632.5,0,0,0,0,0,0,1,0,0
09-MAY-2026,INA1462,0,0,0,0,0,0,0,0,0,0,1,0,0
09-MAY-2026,JLD176,69132,0,69132,5761,0,0,0,0,0,0,1,0,0
09-MAY-2026,L025,0,0,0,0,0,0,0,0,0,0,1,0,0
09-MAY-2026,LDPS3562,0,0,0,0,0,0,0,0,0,0,1,0,0
09-MAY-2026,M32,1217533.37,0,1217533.37,95850,0,0,0,0,0,0,1,0,0
09-MAY-2026,NCL999,6449253.03,0,6449253.03,787555,0,0,0,0,0,0,1,0,0
09-MAY-2026,PRPG105,0,0,0,0,0,0,0,0,0,0,1,0,0
09-MAY-2026,PRPG106,0,0,0,0,0,0,0,0,0,0,1,0,0
09-MAY-2026,PRPS1551,0,0,0,0,0,0,0,0,0,0,1,0,0
09-MAY-2026,PRPS1664,0,0,0,0,0,0,0,0,0,0,1,0,0
09-MAY-2026,PRPS1851,0,0,0,0,0,0,0,0,0,0,1,0,0
09-MAY-2026,PRPS1872,0,0,0,0,0,0,0,0,0,0,1,0,0
09-MAY-2026,PRPS2043,0,0,0,0,0,0,0,0,0,0,1,0,0
09-MAY-2026,PRPS2170,0,0,0,0,0,0,0,0,0,0,1,0,0
09-MAY-2026,PRPS9838,0,0,0,0,0,0,0,0,0,0,1,0,0
09-MAY-2026,PRSP125,0,0,0,0,0,0,0,0,0,0,1,0,0
09-MAY-2026,PRSP588,0,0,0,0,0,0,0,0,0,0,1,0,0
09-MAY-2026,PRSP900,0,0,0,0,0,0,0,0,0,0,1,0,0
09-MAY-2026,ROBS117,0,0,0,0,0,0,0,0,0,0,1,0,0
09-MAY-2026,SRAL100,0,0,0,0,0,0,0,0,0,0,1,0,0
09-MAY-2026,SRNC101,0,0,0,0,0,0,0,0,0,0,1,0,0
09-MAY-2026,SRNC106,2464692,0,2464692,201975,0,0,0,0,0,0,1,0,0
09-MAY-2026,VSCG100,472290,0,472290,39357.5,0,0,0,0,0,0,1,0,0
09-MAY-2026,VSV3150,67470,0,67470,5622.5,0,0,0,0,0,0,1,0,0
09-MAY-2026,WM292,889242,0,889242,74103.5,0,0,0,0,0,0,1,0,0
09-MAY-2026,XOC400,0,0,0,0,0,0,0,0,0,0,1,0,0
09-MAY-2026,XTM113,0,0,0,0,0,0,0,0,0,0,1,0,0
09-MAY-2026,YA028,0,0,0,0,0,0,0,0,0,0,1,0,0
09-MAY-2026,Z0D145,40740,0,40740,3395,0,0,0,0,0,0,1,0,0
09-MAY-2026,Z21P100,473314.46,0,473314.46,37572.5,0,0,0,0,0,0,1,0,0
09-MAY-2026,Z22782,483334.28,0,483334.28,34250,0,0,0,0,0,0,1,0,0
09-MAY-2026,Z22Q138,0,0,0,0,0,0,0,0,0,0,1,0,0
09-MAY-2026,Z23H101,0,0,0,0,0,0,0,0,0,0,1,0,0
09-MAY-2026,Z23H126,2175691.35,0,2175691.35,180290,0,0,0,0,0,0,1,0,0
09-MAY-2026,Z23H150,0,0,0,0,0,0,0,0,0,0,1,0,0
09-MAY-2026,Z23H151,705405.15,0,705405.15,58667.5,0,0,0,0,0,0,1,0,0
09-MAY-2026,Z23Z112,0,0,0,0,0,0,0,0,0,0,1,0,0
09-MAY-2026,Z23Z117,647406,0,647406,53950.5,0,0,0,0,0,0,1,0,0
09-MAY-2026,Z23Z118,263034.68,0,263034.68,19945,0,0,0,0,0,0,1,0,0
09-MAY-2026,Z23Z119,0,0,0,0,0,0,0,0,0,0,1,0,0
09-MAY-2026,Z23Z134,0,0,0,0,0,0,0,0,0,0,1,0,0
09-MAY-2026,Z23Z136,0,0,0,0,0,0,0,0,0,0,1,0,0
09-MAY-2026,Z24166,0,0,0,0,0,0,0,0,0,0,1,0,0
09-MAY-2026,Z24215,142812,0,142812,11901,0,0,0,0,0,0,1,0,0
09-MAY-2026,Z25121,0,0,0,0,0,0,0,0,0,0,1,0,0
09-MAY-2026,Z25538,135281.49,0,135281.49,10650,0,0,0,0,0,0,1,0,0
09-MAY-2026,Z25E127,0,0,0,0,0,0,0,0,0,0,1,0,0
09-MAY-2026,Z26638,0,0,0,0,0,0,0,0,0,0,1,0,0
09-MAY-2026,Z9EM119,0,0,0,0,0,0,0,0,0,0,1,0,0
09-MAY-2026,Z9JW223,0,0,0,0,0,0,0,0,0,0,1,0,0
09-MAY-2026,Z9JW507,0,0,0,0,0,0,0,0,0,0,1,0,0
09-MAY-2026,Z9JW529,0,0,0,0,0,0,0,0,0,0,1,0,0
09-MAY-2026,Z9LE103,0,0,0,0,0,0,0,0,0,0,1,0,0
09-MAY-2026,ZA1439,84552,0,84552,7046,0,0,0,0,0,0,1,0,0
09-MAY-2026,ZP5545,0,0,0,0,0,0,0,0,0,0,1,0,0
09-MAY-2026,ZR1996,0,0,0,0,0,0,0,0,0,0,1,0,0
09-MAY-2026,ZR2093,0,0,0,0,0,0,0,0,0,0,1,0,0
09-MAY-2026,ZR2317,0,0,0,0,0,0,0,0,0,0,1,0,0
09-MAY-2026,ZR2363,0,0,0,0,0,0,0,0,0,0,1,0,0
09-MAY-2026,ZR407,0,0,0,0,0,0,0,0,0,0,1,0,0
