09-MAY-2026,00331,7086182.71,0.00,7086182.71,555680.00
09-MAY-2026,00547,240312.00,0.00,240312.00,20026.00
09-MAY-2026,01241,45590791.04,0.00,45590791.04,3865746.83
09-MAY-2026,01257,52168.00,0.00,52168.00,10621.00
09-MAY-2026,00067,150526852.65,0.00,150526852.65,17425726.46
09-MAY-2026,00171,117017731.84,0.00,117017731.84,14906884.10
09-MAY-2026,00357,152352.00,0.00,152352.00,48240.00
09-MAY-2026,01075,462106.80,0.00,462106.80,45754.50
09-MAY-2026,01236,135687425.61,0.00,135687425.61,15721351.00
09-MAY-2026,00536,64771669.01,0.00,64771669.01,5888157.56
09-MAY-2026,01271,32703407.78,125.00,32703532.78,2777484.50
09-MAY-2026,00094,12605893.61,0.00,12605893.61,1132944.00
09-MAY-2026,00130,281436.00,0.00,281436.00,23453.00
09-MAY-2026,01267,280665200.19,-404450.00,280260750.19,34686296.53
09-MAY-2026,01272,7478897.55,0.00,7478897.55,662581.00
09-MAY-2026,00051,0.00,0.00,0.00,34700.00
09-MAY-2026,00142,10841780.81,175.00,10841955.81,926516.27
09-MAY-2026,00335,21899520.06,0.00,21899520.06,2286760.77
09-MAY-2026,00481,23413868.05,0.00,23413868.05,2865061.64
09-MAY-2026,00622,1775592.00,0.00,1775592.00,147966.00
09-MAY-2026,00732,902140.21,0.00,902140.21,86715.00
09-MAY-2026,01287,82328719.89,0.00,82328719.89,8013123.07
09-MAY-2026,01313,8053506.00,0.00,8053506.00,928981.50
09-MAY-2026,NCDXTIM01,12252906.04,0.00,12252906.04,1216972.00
09-MAY-2026,01007,41201767.14,0.00,41201767.14,3585120.93
09-MAY-2026,01283,150772349.39,0.00,150772349.39,20561455.84
