09-MAY-2026,A1022970,98175.15,0.00,98175.15,8065.00,C
09-MAY-2026,A10824,68802.00,0.00,68802.00,5733.50,C
09-MAY-2026,A118320,100237.80,0.00,100237.80,10935.00,C
09-MAY-2026,A1309586,34236.00,0.00,34236.00,3919.67,C
09-MAY-2026,A131459,71406.00,0.00,71406.00,5950.50,C
09-MAY-2026,A1422632,1778112.00,0.00,1778112.00,148176.00,C
09-MAY-2026,A1440638,0.00,0.00,0.00,2400.00,C
09-MAY-2026,A1449336,69132.00,0.00,69132.00,5761.00,C
09-MAY-2026,A1450420,2779329.59,0.00,2779329.59,227557.50,C
09-MAY-2026,A225890,587622.00,0.00,587622.00,48968.50,C
09-MAY-2026,A265794,84552.00,0.00,84552.00,7046.00,C
09-MAY-2026,A33469,155958.00,0.00,155958.00,12996.50,C
09-MAY-2026,A407790,146628.00,0.00,146628.00,12219.00,C
09-MAY-2026,A41095,2801772.00,0.00,2801772.00,233481.00,C
09-MAY-2026,A415651,202410.00,0.00,202410.00,19492.50,C
09-MAY-2026,A51075405,73314.00,0.00,73314.00,6109.50,C
09-MAY-2026,A51524246,334353.59,0.00,334353.59,35309.50,C
09-MAY-2026,A52248850,34236.00,0.00,34236.00,2853.00,C
09-MAY-2026,A52638111,174026.40,0.00,174026.40,11800.00,C
09-MAY-2026,A52678084,42276.00,0.00,42276.00,3523.00,C
09-MAY-2026,A52709942,67640.74,0.00,67640.74,5325.00,C
09-MAY-2026,A53231150,144720.00,0.00,144720.00,12060.00,C
09-MAY-2026,A53478,34566.00,0.00,34566.00,3697.17,C
09-MAY-2026,A53792795,81480.00,0.00,81480.00,6790.00,C
09-MAY-2026,A538900,348052.79,0.00,348052.79,23600.00,C
09-MAY-2026,A54840,290988.00,0.00,290988.00,48749.00,C
09-MAY-2026,A55041741,73314.00,0.00,73314.00,6109.50,C
09-MAY-2026,A58370771,73314.00,0.00,73314.00,6109.50,C
09-MAY-2026,A60360654,309277.20,0.00,309277.20,24422.00,C
09-MAY-2026,A605248,1678860.00,0.00,1678860.00,152405.00,C
09-MAY-2026,A60589800,26084.00,0.00,26084.00,3260.50,C
09-MAY-2026,A61150632,73314.00,0.00,73314.00,6109.50,C
09-MAY-2026,A61527810,74088.00,0.00,74088.00,6174.00,C
09-MAY-2026,A62134116,42276.00,0.00,42276.00,3523.00,C
09-MAY-2026,A69105,26332.00,0.00,26332.00,3291.50,C
09-MAY-2026,A69529,71406.00,0.00,71406.00,5950.50,C
09-MAY-2026,A783084,225918.00,0.00,225918.00,18826.50,C
09-MAY-2026,A816373,144720.00,0.00,144720.00,12060.00,C
09-MAY-2026,A86822,68802.00,0.00,68802.00,8083.50,C
09-MAY-2026,A874784,144720.00,0.00,144720.00,12060.00,C
09-MAY-2026,A926041,68472.00,0.00,68472.00,5706.00,C
09-MAY-2026,A95285,42276.00,0.00,42276.00,3523.00,C
09-MAY-2026,AAAA071155,40740.00,0.00,40740.00,3395.00,C
09-MAY-2026,AAAA193790,68472.00,0.00,68472.00,5706.00,C
09-MAY-2026,AAAA274079,521680.00,0.00,521680.00,65210.00,C
09-MAY-2026,AAAA395718,67470.00,0.00,67470.00,5622.50,C
09-MAY-2026,AAAA428004,142812.00,0.00,142812.00,11901.00,C
09-MAY-2026,AAAA906104,144720.00,0.00,144720.00,12060.00,C
09-MAY-2026,AAAB047279,374340.00,0.00,374340.00,31195.00,C
09-MAY-2026,AAAB187264,275208.00,0.00,275208.00,22934.00,C
09-MAY-2026,AAAB214673,492144.00,0.00,492144.00,41012.00,C
09-MAY-2026,AAAB583330,205416.00,0.00,205416.00,17118.00,C
09-MAY-2026,AAAB690185,87013.20,0.00,87013.20,5900.00,C
09-MAY-2026,AAAB918081,42276.00,0.00,42276.00,3523.00,C
09-MAY-2026,AAAC133253,173551.80,0.00,173551.80,14244.50,C
09-MAY-2026,AAAC146529,1481760.00,0.00,1481760.00,392480.00,C
09-MAY-2026,AAAC464425,71406.00,0.00,71406.00,5950.50,C
09-MAY-2026,AAAC479397,34236.00,0.00,34236.00,2853.00,C
09-MAY-2026,AAAC769658,146628.00,0.00,146628.00,12219.00,C
09-MAY-2026,AAAD409403,74088.00,0.00,74088.00,12974.00,C
09-MAY-2026,AAAD636272,40740.00,0.00,40740.00,3395.00,C
09-MAY-2026,AAAE291112,403242.00,0.00,403242.00,33603.50,C
09-MAY-2026,AAAE409714,348052.79,0.00,348052.79,23600.00,C
09-MAY-2026,AAAE722932,296352.00,0.00,296352.00,24696.00,C
09-MAY-2026,AAAE984417,907140.00,0.00,907140.00,75595.00,C
09-MAY-2026,AAAF075278,26084.00,0.00,26084.00,3260.50,C
09-MAY-2026,AAAF284395,146628.00,0.00,146628.00,12219.00,C
09-MAY-2026,AAAF337208,611100.00,0.00,611100.00,50925.00,C
09-MAY-2026,AAAF391588,68472.00,0.00,68472.00,5706.00,C
09-MAY-2026,AAAF693489,146628.00,0.00,146628.00,12219.00,C
09-MAY-2026,AAAF782023,40740.00,0.00,40740.00,3395.00,C
09-MAY-2026,AAAG598234,296352.00,0.00,296352.00,24696.00,C
09-MAY-2026,AAAG949678,0.00,0.00,0.00,48600.00,C
09-MAY-2026,AAAH042720,718956.00,0.00,718956.00,59913.00,C
09-MAY-2026,AAAI020194,73314.00,0.00,73314.00,6109.50,C
09-MAY-2026,AAAI281399,34566.00,0.00,34566.00,2880.50,C
09-MAY-2026,AAAI509119,787428.00,0.00,787428.00,65619.00,C
09-MAY-2026,AAAI774342,34236.00,0.00,34236.00,2853.00,C
09-MAY-2026,AAAI975352,0.00,0.00,0.00,1800.00,C
09-MAY-2026,AAAJ146496,414792.00,0.00,414792.00,36016.00,C
09-MAY-2026,AAAJ326531,278126.89,0.00,278126.89,35183.00,C
09-MAY-2026,AAAK016174,144720.00,0.00,144720.00,12060.00,C
09-MAY-2026,AAAK038162,73314.00,0.00,73314.00,6109.50,C
09-MAY-2026,AAAL135579,171180.00,0.00,171180.00,14265.00,C
09-MAY-2026,AAAL156593,73314.00,0.00,73314.00,6109.50,C
09-MAY-2026,AAAL300438,74088.00,0.00,74088.00,6174.00,C
09-MAY-2026,AAAL654943,101706.00,0.00,101706.00,8475.50,C
09-MAY-2026,AAAM050367,714060.00,0.00,714060.00,59505.00,C
09-MAY-2026,AAAM558466,74088.00,0.00,74088.00,6174.00,C
09-MAY-2026,AAAM698211,801902.41,0.00,801902.41,105980.00,C
09-MAY-2026,AAAM730869,261039.59,0.00,261039.59,17700.00,C
09-MAY-2026,AAAM978609,348052.79,0.00,348052.79,23600.00,C
09-MAY-2026,AAAN194028,144720.00,0.00,144720.00,12060.00,C
09-MAY-2026,AAAN747956,74088.00,0.00,74088.00,26674.00,C
09-MAY-2026,AAAN827084,87013.20,0.00,87013.20,5900.00,C
09-MAY-2026,AAAO297097,71406.00,0.00,71406.00,5950.50,C
09-MAY-2026,AAAO669364,52664.00,0.00,52664.00,6583.00,C
09-MAY-2026,AAAP466019,855900.00,0.00,855900.00,71325.00,C
09-MAY-2026,AAAP551363,40740.00,0.00,40740.00,3395.00,C
09-MAY-2026,AAAP759149,34236.00,0.00,34236.00,2853.00,C
09-MAY-2026,AAAP872616,102206.74,0.00,102206.74,8205.50,C
09-MAY-2026,AAAQ108412,135942.00,0.00,135942.00,12828.50,C
09-MAY-2026,AAAQ235849,214218.00,0.00,214218.00,17851.50,C
09-MAY-2026,AAAQ801005,171489.15,0.00,171489.15,14174.50,C
09-MAY-2026,AABC489620,234415.20,0.00,234415.20,18183.50,C
09-MAY-2026,AABG036990,0.00,0.00,0.00,4550.00,C
09-MAY-2026,AABG103768,657918.00,0.00,657918.00,54826.50,C
09-MAY-2026,AABJ505140,71406.00,0.00,71406.00,5950.50,C
09-MAY-2026,AABL837212,199292.00,0.00,199292.00,18802.00,C
09-MAY-2026,AABM126282,2650729.04,0.00,2650729.04,217755.00,C
09-MAY-2026,AABM206829,100237.80,0.00,100237.80,8135.00,C
09-MAY-2026,AABM246999,34566.00,0.00,34566.00,2880.50,C
09-MAY-2026,AABM434206,216126.00,0.00,216126.00,18010.50,C
09-MAY-2026,AABM826021,981395.26,0.00,981395.26,89103.50,C
09-MAY-2026,AABM875861,0.00,0.00,0.00,27000.00,C
09-MAY-2026,AABR349675,1288652.85,0.00,1288652.85,117265.00,C
09-MAY-2026,AABU176686,1481760.00,0.00,1481760.00,123480.00,C
09-MAY-2026,AABU192694,98175.15,0.00,98175.15,8065.00,C
09-MAY-2026,AABU244463,71406.00,0.00,71406.00,5950.50,C
09-MAY-2026,AABW583546,84552.00,0.00,84552.00,7046.00,C
09-MAY-2026,AABX666989,34566.00,0.00,34566.00,2880.50,C
09-MAY-2026,AABX680483,146628.00,0.00,146628.00,12219.00,C
09-MAY-2026,AABY636859,1767152.69,0.00,1767152.69,145170.00,C
09-MAY-2026,AABY752962,69132.00,0.00,69132.00,5761.00,C
09-MAY-2026,AABY831044,73314.00,0.00,73314.00,6109.50,C
09-MAY-2026,AABY875035,522079.19,0.00,522079.19,35400.00,C
09-MAY-2026,AABY876992,870131.98,0.00,870131.98,59000.00,C
09-MAY-2026,AABZ039022,75306.00,0.00,75306.00,6975.50,C
09-MAY-2026,AABZ182701,42276.00,0.00,42276.00,3523.00,C
09-MAY-2026,AABZ269288,219942.00,0.00,219942.00,18328.50,C
09-MAY-2026,AABZ369935,68802.00,0.00,68802.00,5733.50,C
09-MAY-2026,AABZ382316,0.00,0.00,0.00,10850.00,C
09-MAY-2026,AABZ688596,981751.50,0.00,981751.50,80650.00,C
09-MAY-2026,AABZ689027,68472.00,0.00,68472.00,16256.00,C
09-MAY-2026,AABZ827955,148176.00,0.00,148176.00,12348.00,C
09-MAY-2026,AACA092331,73314.00,0.00,73314.00,6109.50,C
09-MAY-2026,AACA240216,73314.00,0.00,73314.00,6109.50,C
09-MAY-2026,AACA306817,1249243.81,0.00,1249243.81,101704.00,C
09-MAY-2026,AACA847161,81480.00,0.00,81480.00,8740.00,C
09-MAY-2026,AACA897322,34236.00,0.00,34236.00,2853.00,C
09-MAY-2026,AACB554571,313008.00,0.00,313008.00,39126.00,C
09-MAY-2026,AACB555641,263320.00,0.00,263320.00,32915.00,C
09-MAY-2026,AACB557055,473976.00,0.00,473976.00,59247.00,C
09-MAY-2026,AACB586734,474077.79,0.00,474077.79,38650.50,C
09-MAY-2026,AACB634729,87013.20,0.00,87013.20,5900.00,C
09-MAY-2026,AACB653018,235189.20,0.00,235189.20,18248.00,C
09-MAY-2026,AACB686305,1593491.56,0.00,1593491.56,150210.00,C
09-MAY-2026,AACB744008,505228.54,0.00,505228.54,41572.50,C
09-MAY-2026,AACB779270,179286.00,0.00,179286.00,14940.50,C
09-MAY-2026,AACB781051,34566.00,0.00,34566.00,2880.50,C
09-MAY-2026,AACB860961,691320.00,0.00,691320.00,58960.00,C
09-MAY-2026,AACB889185,142812.00,0.00,142812.00,11901.00,C
09-MAY-2026,AACB915368,173551.80,0.00,173551.80,14244.50,C
09-MAY-2026,AACB997952,71406.00,0.00,71406.00,5950.50,C
09-MAY-2026,AACC020536,0.00,0.00,0.00,63200.00,C
09-MAY-2026,AACC175344,103698.00,0.00,103698.00,8641.50,C
09-MAY-2026,AACC243609,69132.00,0.00,69132.00,5761.00,C
09-MAY-2026,AACC244608,744048.17,0.00,744048.17,67125.00,C
09-MAY-2026,AACC334801,102708.00,0.00,102708.00,8559.00,C
09-MAY-2026,AACC404345,2315604.86,0.00,2315604.86,219647.50,C
09-MAY-2026,AACC406264,87013.20,0.00,87013.20,5900.00,C
09-MAY-2026,AACC424695,145494.00,0.00,145494.00,12124.50,C
09-MAY-2026,AACC451345,174026.40,0.00,174026.40,11800.00,C
09-MAY-2026,AACC469741,137934.00,0.00,137934.00,11494.50,C
09-MAY-2026,AACC547590,98175.15,0.00,98175.15,8065.00,C
09-MAY-2026,AACC607862,34566.00,0.00,34566.00,2880.50,C
09-MAY-2026,AACC716291,174026.40,0.00,174026.40,11800.00,C
09-MAY-2026,AACD063056,81480.00,0.00,81480.00,6790.00,C
09-MAY-2026,AACD099119,73314.00,0.00,73314.00,6109.50,C
09-MAY-2026,AACD339300,189360.00,0.00,189360.00,15780.00,C
09-MAY-2026,AACD733328,67470.00,0.00,67470.00,9122.50,C
09-MAY-2026,AACD747933,67640.74,0.00,67640.74,5325.00,C
09-MAY-2026,AACE217443,943180.19,0.00,943180.19,74080.00,C
09-MAY-2026,AACE333350,87013.20,0.00,87013.20,5900.00,C
09-MAY-2026,AACE438330,100237.80,0.00,100237.80,8135.00,C
09-MAY-2026,AACE440340,1004676.00,0.00,1004676.00,83723.00,C
09-MAY-2026,AACE476325,1479224.36,0.00,1479224.36,100300.00,C
09-MAY-2026,AACE568244,214218.00,0.00,214218.00,17851.50,C
09-MAY-2026,AACE606837,71406.00,0.00,71406.00,5950.50,C
09-MAY-2026,AACE661952,0.00,0.00,0.00,3000.00,C
09-MAY-2026,AACE850322,438848.69,0.00,438848.69,67252.67,C
09-MAY-2026,AACE867812,174026.40,0.00,174026.40,11800.00,C
09-MAY-2026,AACF045179,219942.00,0.00,219942.00,18328.50,C
09-MAY-2026,AACF046622,448213.80,0.00,448213.80,48183.00,C
09-MAY-2026,AACF279666,142812.00,0.00,142812.00,11901.00,C
09-MAY-2026,AACF307641,439884.00,0.00,439884.00,36657.00,C
09-MAY-2026,AACF526136,73314.00,0.00,73314.00,6109.50,C
09-MAY-2026,AACF730549,320469.83,0.00,320469.83,24615.00,C
09-MAY-2026,AACF881172,509382.00,0.00,509382.00,42448.50,C
09-MAY-2026,AACG075748,71406.00,0.00,71406.00,5950.50,C
09-MAY-2026,AACG077570,295932.00,0.00,295932.00,24661.00,C
09-MAY-2026,AACG316474,650484.00,0.00,650484.00,183007.00,C
09-MAY-2026,AACG460466,360709.09,0.00,360709.09,28280.00,C
09-MAY-2026,AACG472679,73314.00,0.00,73314.00,6109.50,C
09-MAY-2026,AACG605641,1009831.19,0.00,1009831.19,169544.17,C
09-MAY-2026,AACG912942,52168.00,0.00,52168.00,7371.00,C
09-MAY-2026,AACH257586,281909.49,0.00,281909.49,22869.00,C
09-MAY-2026,AIIJ1220,42276.00,0.00,42276.00,3523.00,C
09-MAY-2026,AINE1270,78252.00,0.00,78252.00,9781.50,C
09-MAY-2026,AJMR4048,641363.75,0.00,641363.75,50735.00,C
09-MAY-2026,AJMR4050,109872.00,0.00,109872.00,9156.00,C
09-MAY-2026,AJMRBL1171,71406.00,0.00,71406.00,5950.50,C
09-MAY-2026,AMRHM1214,144720.00,0.00,144720.00,12060.00,C
09-MAY-2026,ARRN043,162960.00,0.00,162960.00,13580.00,C
09-MAY-2026,ARUR1043,126828.00,0.00,126828.00,10569.00,C
09-MAY-2026,ASUI1152,162960.00,0.00,162960.00,13580.00,C
09-MAY-2026,B156686,74088.00,0.00,74088.00,6174.00,C
09-MAY-2026,B219743,73314.00,0.00,73314.00,6109.50,C
09-MAY-2026,B2221,2396520.00,0.00,2396520.00,199710.00,C
09-MAY-2026,B232045,378260.74,0.00,378260.74,31210.00,C
09-MAY-2026,B253378,146628.00,0.00,146628.00,12219.00,C
09-MAY-2026,B282035,135281.49,0.00,135281.49,10650.00,C
09-MAY-2026,B28425,393968.40,0.00,393968.40,30128.50,C
09-MAY-2026,B301911,69132.00,0.00,69132.00,5761.00,C
09-MAY-2026,B31535,208672.00,0.00,208672.00,26084.00,C
09-MAY-2026,B316374,68802.00,0.00,68802.00,5733.50,C
09-MAY-2026,B34476,42276.00,0.00,42276.00,3523.00,C
09-MAY-2026,B380832,84552.00,0.00,84552.00,7046.00,C
09-MAY-2026,B408311,1369440.00,0.00,1369440.00,114120.00,C
09-MAY-2026,B52912,394763.25,0.00,394763.25,32330.00,C
09-MAY-2026,B53707,34236.00,0.00,34236.00,2853.00,C
09-MAY-2026,B59895237,71406.00,0.00,71406.00,5950.50,C
09-MAY-2026,B61782,0.00,0.00,0.00,9750.00,C
09-MAY-2026,B62319445,68472.00,0.00,68472.00,5706.00,C
09-MAY-2026,B72748,73314.00,0.00,73314.00,6109.50,C
09-MAY-2026,BBKI1020,42276.00,0.00,42276.00,6323.00,C
09-MAY-2026,BBLM36897,40740.00,0.00,40740.00,3395.00,C
09-MAY-2026,BBUV2285,135281.49,0.00,135281.49,10650.00,C
09-MAY-2026,BHDT1067,71406.00,0.00,71406.00,5950.50,C
09-MAY-2026,BHGD178,496228.79,0.00,496228.79,35948.00,C
09-MAY-2026,BHWH1020,337350.00,0.00,337350.00,28112.50,C
09-MAY-2026,BHWH1026,269880.00,0.00,269880.00,22490.00,C
09-MAY-2026,BKNR4222,0.00,0.00,0.00,1100.00,C
09-MAY-2026,BKNR5081,855900.00,0.00,855900.00,71325.00,C
09-MAY-2026,C104731,472802.23,0.00,472802.23,38465.00,C
09-MAY-2026,C112321,114828.00,0.00,114828.00,9569.00,C
09-MAY-2026,C171252,518616.00,0.00,518616.00,43218.00,C
09-MAY-2026,C198206,71406.00,0.00,71406.00,5950.50,C
09-MAY-2026,C64701,148176.00,0.00,148176.00,12348.00,C
09-MAY-2026,CCDGA1830,1551810.00,0.00,1551810.00,129317.50,C
09-MAY-2026,CCMT1082,271884.00,0.00,271884.00,22657.00,C
09-MAY-2026,D117013,174026.40,0.00,174026.40,11800.00,C
09-MAY-2026,D122106,295932.00,0.00,295932.00,24661.00,C
09-MAY-2026,D183966,73314.00,0.00,73314.00,6109.50,C
09-MAY-2026,D260860,2281440.00,0.00,2281440.00,190120.00,C
09-MAY-2026,D263418,179492.00,0.00,179492.00,17152.00,C
09-MAY-2026,D332655,34236.00,0.00,34236.00,2853.00,C
09-MAY-2026,D410993,74976.00,0.00,74976.00,6248.00,C
09-MAY-2026,D42591,0.00,0.00,0.00,1200.00,C
09-MAY-2026,D427121,34566.00,0.00,34566.00,2880.50,C
09-MAY-2026,D44195,422760.00,0.00,422760.00,35230.00,C
09-MAY-2026,D465080,541422.00,0.00,541422.00,49887.25,C
09-MAY-2026,D473884,707949.60,0.00,707949.60,58559.50,C
09-MAY-2026,D488204,73314.00,0.00,73314.00,6109.50,C
09-MAY-2026,D50067249,409215.59,0.00,409215.59,30048.00,C
09-MAY-2026,D51564,122220.00,0.00,122220.00,10185.00,C
09-MAY-2026,D559802,0.00,0.00,0.00,8600.00,C
09-MAY-2026,D560841,74088.00,0.00,74088.00,6174.00,C
09-MAY-2026,D58112639,782520.00,0.00,782520.00,97815.00,C
09-MAY-2026,D58793601,289440.00,0.00,289440.00,24120.00,C
09-MAY-2026,D59088000,158640.00,0.00,158640.00,13220.00,C
09-MAY-2026,D60691090,276528.00,0.00,276528.00,23594.00,C
09-MAY-2026,D61163694,235189.20,0.00,235189.20,18248.00,C
09-MAY-2026,D61540787,383365.20,0.00,383365.20,30596.00,C
09-MAY-2026,D62320535,595393.19,0.00,595393.19,41509.50,C
09-MAY-2026,D63470369,71406.00,0.00,71406.00,5950.50,C
09-MAY-2026,D92083,342360.00,0.00,342360.00,28530.00,C
09-MAY-2026,DABD1073,40740.00,0.00,40740.00,3395.00,C
09-MAY-2026,DAVC1056,71406.00,0.00,71406.00,5950.50,C
09-MAY-2026,DDCU1402,42276.00,0.00,42276.00,8773.00,C
09-MAY-2026,DDWK1328,34236.00,0.00,34236.00,2853.00,C
09-MAY-2026,DELP5588,2367426.01,0.00,2367426.01,186375.00,C
09-MAY-2026,DHMW1216,135942.00,0.00,135942.00,18478.50,C
09-MAY-2026,DIYD29096,7831871.49,0.00,7831871.49,652032.50,C
09-MAY-2026,DIYD29097,68472.00,0.00,68472.00,5706.00,C
09-MAY-2026,DIYD47308,2789178.69,0.00,2789178.69,229626.00,C
09-MAY-2026,DIYD82130,219582.00,0.00,219582.00,97512.79,C
09-MAY-2026,DIYD83309,142812.00,0.00,142812.00,11901.00,C
09-MAY-2026,DQGV1057,622188.00,0.00,622188.00,53199.00,C
09-MAY-2026,E9858,7277336.98,0.00,7277336.98,597230.00,C
09-MAY-2026,ERRORACCT,26332.00,0.00,26332.00,20291.50,C
09-MAY-2026,F7305,328272.00,0.00,328272.00,27356.00,C
09-MAY-2026,G100621,200475.60,0.00,200475.60,37570.00,C
09-MAY-2026,G134215,40740.00,0.00,40740.00,5595.00,C
09-MAY-2026,G190400,0.00,0.00,0.00,10600.00,C
09-MAY-2026,G30092,68472.00,0.00,68472.00,5706.00,C
09-MAY-2026,G48480,155958.00,0.00,155958.00,12996.50,C
09-MAY-2026,G56287320,40740.00,0.00,40740.00,4745.00,C
09-MAY-2026,G57127569,285624.00,0.00,285624.00,23802.00,C
09-MAY-2026,G63098779,142812.00,0.00,142812.00,11901.00,C
09-MAY-2026,GARR1030,68472.00,0.00,68472.00,5706.00,C
09-MAY-2026,GARR1081,0.00,0.00,0.00,750.00,C
09-MAY-2026,GHNS347,87013.20,0.00,87013.20,5900.00,C
09-MAY-2026,GIGUA1015,136944.00,0.00,136944.00,11412.00,C
09-MAY-2026,H174806,380269.20,0.00,380269.20,30338.00,C
09-MAY-2026,H211533,74088.00,0.00,74088.00,6174.00,C
09-MAY-2026,H226358,98175.15,0.00,98175.15,8065.00,C
09-MAY-2026,H290065,614796.00,0.00,614796.00,51233.00,C
09-MAY-2026,H53699583,522079.19,0.00,522079.19,35400.00,C
09-MAY-2026,H53985365,306955.20,0.00,306955.20,24228.50,C
09-MAY-2026,H54895381,148176.00,0.00,148176.00,12348.00,C
09-MAY-2026,H57131852,40740.00,0.00,40740.00,3395.00,C
09-MAY-2026,H58010634,68802.00,0.00,68802.00,5733.50,C
09-MAY-2026,H59606716,261039.59,0.00,261039.59,17700.00,C
09-MAY-2026,H60604131,0.00,0.00,0.00,3750.00,C
09-MAY-2026,H72511,71406.00,0.00,71406.00,5950.50,C
09-MAY-2026,H87019,139878.00,0.00,139878.00,20056.50,C
09-MAY-2026,HAHT1002,67470.00,0.00,67470.00,5622.50,C
09-MAY-2026,HHSU1018,102708.00,0.00,102708.00,8559.00,C
09-MAY-2026,HSAS1077,0.00,0.00,0.00,2600.00,C
09-MAY-2026,I2871,138264.00,0.00,138264.00,11522.00,C
09-MAY-2026,I58227805,397113.15,0.00,397113.15,36268.00,C
09-MAY-2026,I62362941,144720.00,0.00,144720.00,12060.00,C
09-MAY-2026,IIAJ1116,102206.74,0.00,102206.74,8205.50,C
09-MAY-2026,IIAJ1191,170508.00,0.00,170508.00,14209.00,C
09-MAY-2026,J149072,120134.00,0.00,120134.00,12205.50,C
09-MAY-2026,J23490,74088.00,0.00,74088.00,6174.00,C
09-MAY-2026,J24732,126828.00,0.00,126828.00,10569.00,C
09-MAY-2026,J29130,214218.00,0.00,214218.00,26851.50,C
09-MAY-2026,J374534,146628.00,0.00,146628.00,12219.00,C
09-MAY-2026,J53448735,505566.00,0.00,505566.00,42130.50,C
09-MAY-2026,J58261997,34236.00,0.00,34236.00,2853.00,C
09-MAY-2026,J59506744,73314.00,0.00,73314.00,6109.50,C
09-MAY-2026,J60596825,69132.00,0.00,69132.00,5761.00,C
09-MAY-2026,J62165399,322202.40,0.00,322202.40,24148.00,C
09-MAY-2026,J62783467,362754.00,0.00,362754.00,30229.50,C
09-MAY-2026,JAIP19342,67470.00,0.00,67470.00,5622.50,C
09-MAY-2026,JAIP19674,71406.00,0.00,71406.00,5950.50,C
09-MAY-2026,JAIP8726,134940.00,0.00,134940.00,11245.00,C
09-MAY-2026,JJBC1485,34236.00,0.00,34236.00,2853.00,C
09-MAY-2026,JJGU1140,126828.00,0.00,126828.00,10569.00,C
09-MAY-2026,JJLI1137,68472.00,0.00,68472.00,5706.00,C
09-MAY-2026,JL1597,4445893.67,0.00,4445893.67,331000.00,C
09-MAY-2026,JOD12639,242210.00,0.00,242210.00,21271.00,C
09-MAY-2026,JOD13651,992246.23,0.00,992246.23,81752.00,C
09-MAY-2026,JOD16851,67470.00,0.00,67470.00,5622.50,C
09-MAY-2026,JOD18977,71406.00,0.00,71406.00,5950.50,C
09-MAY-2026,JOD20166,285624.00,0.00,285624.00,40752.00,C
09-MAY-2026,JPRT1847,135281.49,0.00,135281.49,10650.00,C
09-MAY-2026,JUJA3242,319128.00,0.00,319128.00,26594.00,C
09-MAY-2026,K112545,1152804.17,0.00,1152804.17,92638.00,C
09-MAY-2026,K125197,293256.00,0.00,293256.00,24438.00,C
09-MAY-2026,K192801,148176.00,0.00,148176.00,12348.00,C
09-MAY-2026,K208627,905444.38,0.00,905444.38,87896.00,C
09-MAY-2026,K228790,162960.00,0.00,162960.00,13580.00,C
09-MAY-2026,K248486,465036.00,0.00,465036.00,38753.00,C
09-MAY-2026,K32271,71406.00,0.00,71406.00,5950.50,C
09-MAY-2026,K329590,371586.00,0.00,371586.00,47933.68,C
09-MAY-2026,K429439,73314.00,0.00,73314.00,6109.50,C
09-MAY-2026,K430417,40740.00,0.00,40740.00,3395.00,C
09-MAY-2026,K50954986,68472.00,0.00,68472.00,5706.00,C
09-MAY-2026,K50989139,69132.00,0.00,69132.00,5761.00,C
09-MAY-2026,K52596838,879414.00,0.00,879414.00,76634.50,C
09-MAY-2026,K53397649,68184.00,0.00,68184.00,17046.00,C
09-MAY-2026,K534568,580838.74,0.00,580838.74,48091.50,C
09-MAY-2026,K539581,34236.00,0.00,34236.00,2853.00,C
09-MAY-2026,K54432522,138876.00,0.00,138876.00,11573.00,C
09-MAY-2026,K56373132,40740.00,0.00,40740.00,3395.00,C
09-MAY-2026,K57149308,103698.00,0.00,103698.00,8641.50,C
09-MAY-2026,K57256667,463180.20,0.00,463180.20,35678.00,C
09-MAY-2026,K582636,84552.00,0.00,84552.00,7046.00,C
09-MAY-2026,K656718,1304388.00,0.00,1304388.00,108699.00,C
09-MAY-2026,K6702,196350.30,0.00,196350.30,16130.00,C
09-MAY-2026,K69578,42276.00,0.00,42276.00,3523.00,C
09-MAY-2026,K80302,662897.54,0.00,662897.54,52423.00,C
09-MAY-2026,K88534,410832.00,0.00,410832.00,53836.00,C
09-MAY-2026,KHAYA1190,52168.00,0.00,52168.00,6521.00,C
09-MAY-2026,KIKS1001,218034.00,0.00,218034.00,18669.50,C
09-MAY-2026,KKLE1276,439836.00,0.00,439836.00,49695.00,C
09-MAY-2026,KKLE1536,171180.00,0.00,171180.00,25015.00,C
09-MAY-2026,KKLE5318,34566.00,0.00,34566.00,2880.50,C
09-MAY-2026,KNKG1782,73314.00,0.00,73314.00,6109.50,C
09-MAY-2026,KNKM1142,42276.00,0.00,42276.00,3523.00,C
09-MAY-2026,L146929,73314.00,0.00,73314.00,6109.50,C
09-MAY-2026,L55000651,1036980.00,0.00,1036980.00,86415.00,C
09-MAY-2026,L58589309,174026.40,0.00,174026.40,11800.00,C
09-MAY-2026,L96890,681226.97,0.00,681226.97,55522.00,C
09-MAY-2026,LUDH3238,289074.00,0.00,289074.00,24089.50,C
09-MAY-2026,M1085757,358938.00,0.00,358938.00,29911.50,C
09-MAY-2026,M117118,356677.50,0.00,356677.50,28139.50,C
09-MAY-2026,M173610,157992.00,0.00,157992.00,19749.00,C
09-MAY-2026,M181239,67470.00,0.00,67470.00,5622.50,C
09-MAY-2026,M247758,125292.00,0.00,125292.00,10441.00,C
09-MAY-2026,M256361,40740.00,0.00,40740.00,3395.00,C
09-MAY-2026,M256929,740880.00,0.00,740880.00,147740.00,C
09-MAY-2026,M310790,1247513.06,0.00,1247513.06,99252.50,C
09-MAY-2026,M325297,664110.00,0.00,664110.00,55342.50,C
09-MAY-2026,M374760,443428.00,0.00,443428.00,58478.50,C
09-MAY-2026,M401836,294525.45,0.00,294525.45,24195.00,C
09-MAY-2026,M501314,690186.00,0.00,690186.00,57515.50,C
09-MAY-2026,M50230059,53200.50,0.00,53200.50,12074.00,C
09-MAY-2026,M50493577,1070679.59,0.00,1070679.59,85170.00,C
09-MAY-2026,M50701832,87013.20,0.00,87013.20,5900.00,C
09-MAY-2026,M50720,101706.00,0.00,101706.00,8475.50,C
09-MAY-2026,M51518359,146628.00,0.00,146628.00,12219.00,C
09-MAY-2026,M51526809,0.00,0.00,0.00,2000.00,C
09-MAY-2026,M51690635,34566.00,0.00,34566.00,2880.50,C
09-MAY-2026,M52326518,73314.00,0.00,73314.00,6109.50,C
09-MAY-2026,M52469873,418056.00,0.00,418056.00,34838.00,C
09-MAY-2026,M53682509,4218003.44,0.00,4218003.44,370387.50,C
09-MAY-2026,M551900,68802.00,0.00,68802.00,8083.50,C
09-MAY-2026,M558036,34566.00,0.00,34566.00,2880.50,C
09-MAY-2026,M57159035,0.00,0.00,0.00,650.00,C
09-MAY-2026,M591279,219942.00,0.00,219942.00,18328.50,C
09-MAY-2026,M61905308,293256.00,0.00,293256.00,24438.00,C
09-MAY-2026,M62517477,1214460.00,0.00,1214460.00,101205.00,C
09-MAY-2026,M62731290,338208.00,0.00,338208.00,28184.00,C
09-MAY-2026,M63209708,196350.30,0.00,196350.30,16130.00,C
09-MAY-2026,M633438,34566.00,0.00,34566.00,2880.50,C
09-MAY-2026,M659,366570.00,0.00,366570.00,30547.50,C
09-MAY-2026,M672594,148176.00,0.00,148176.00,28448.00,C
09-MAY-2026,M791819,87013.20,0.00,87013.20,5900.00,C
09-MAY-2026,M83851,142513.80,0.00,142513.80,11658.00,C
09-MAY-2026,M850555,42276.00,0.00,42276.00,3523.00,C
09-MAY-2026,M86503,51665.89,0.00,51665.89,16200.00,C
09-MAY-2026,MHMT2415,34566.00,0.00,34566.00,2880.50,C
09-MAY-2026,MHMT2517,34566.00,0.00,34566.00,2880.50,C
09-MAY-2026,MJMJA1023,202410.00,0.00,202410.00,16867.50,C
09-MAY-2026,MVD8041,87013.20,0.00,87013.20,5900.00,C
09-MAY-2026,N108635,1800056.07,0.00,1800056.07,209502.00,C
09-MAY-2026,N164299,345330.00,0.00,345330.00,28777.50,C
09-MAY-2026,N180504,296352.00,0.00,296352.00,24696.00,C
09-MAY-2026,N206658,207396.00,0.00,207396.00,17283.00,C
09-MAY-2026,N285396,68472.00,0.00,68472.00,5706.00,C
09-MAY-2026,N30073,861252.44,0.00,861252.44,68255.00,C
09-MAY-2026,N311306,73314.00,0.00,73314.00,6109.50,C
09-MAY-2026,N333162,0.00,0.00,0.00,1000.00,C
09-MAY-2026,N372289,171643.80,0.00,171643.80,14085.50,C
09-MAY-2026,N411401,1232496.00,0.00,1232496.00,102708.00,C
09-MAY-2026,N462319,372439.35,0.00,372439.35,28000.00,C
09-MAY-2026,N51257,1218184.77,0.00,1218184.77,82600.00,C
09-MAY-2026,N528223,219942.00,0.00,219942.00,18328.50,C
09-MAY-2026,N56845,34236.00,0.00,34236.00,2853.00,C
09-MAY-2026,N60120,100237.80,0.00,100237.80,8135.00,C
09-MAY-2026,N61683922,16617701.79,0.00,16617701.79,1377354.00,C
09-MAY-2026,N62677775,67640.74,0.00,67640.74,5325.00,C
09-MAY-2026,NARH1035,34566.00,0.00,34566.00,2880.50,C
09-MAY-2026,NATAA1091,73314.00,0.00,73314.00,6109.50,C
09-MAY-2026,NAZI1273,87013.20,0.00,87013.20,5900.00,C
09-MAY-2026,P104500,338208.00,0.00,338208.00,28184.00,C
09-MAY-2026,P105074,40740.00,0.00,40740.00,3395.00,C
09-MAY-2026,P118194,261039.59,0.00,261039.59,17700.00,C
09-MAY-2026,P120638,0.00,0.00,0.00,400.00,C
09-MAY-2026,P155003,67640.74,0.00,67640.74,5325.00,C
09-MAY-2026,P184965,174884.00,0.00,174884.00,16768.00,C
09-MAY-2026,P189597,34236.00,0.00,34236.00,2853.00,C
09-MAY-2026,P255292,34566.00,0.00,34566.00,2880.50,C
09-MAY-2026,P296418,71406.00,0.00,71406.00,5950.50,C
09-MAY-2026,P309645,81480.00,0.00,81480.00,6790.00,C
09-MAY-2026,P509462,2184965.96,0.00,2184965.96,161814.00,C
09-MAY-2026,P51181284,1740263.95,0.00,1740263.95,118000.00,C
09-MAY-2026,P51593233,34566.00,0.00,34566.00,2880.50,C
09-MAY-2026,P51633260,169104.00,0.00,169104.00,14092.00,C
09-MAY-2026,P52170454,148176.00,0.00,148176.00,12348.00,C
09-MAY-2026,P53274333,3395070.52,0.00,3395070.52,321906.50,C
09-MAY-2026,P55336079,174026.40,0.00,174026.40,11800.00,C
09-MAY-2026,P563704,71406.00,0.00,71406.00,5950.50,C
09-MAY-2026,P56424262,98175.15,0.00,98175.15,8065.00,C
09-MAY-2026,P56660795,144438.00,0.00,144438.00,12036.50,C
09-MAY-2026,P57324637,138264.00,0.00,138264.00,11522.00,C
09-MAY-2026,P63201175,42276.00,0.00,42276.00,3523.00,C
09-MAY-2026,P69310,0.00,0.00,0.00,1550.00,C
09-MAY-2026,P694478,309968.40,0.00,309968.40,23128.50,C
09-MAY-2026,P729909,134940.00,0.00,134940.00,14745.00,C
09-MAY-2026,P740004,34566.00,0.00,34566.00,2880.50,C
09-MAY-2026,P7694,372768.00,0.00,372768.00,31064.00,C
09-MAY-2026,P77290,87013.20,0.00,87013.20,5900.00,C
09-MAY-2026,P826667,316209.15,0.00,316209.15,26234.50,C
09-MAY-2026,P84025,40740.00,0.00,40740.00,3395.00,C
09-MAY-2026,PENT1597,222264.00,0.00,222264.00,18522.00,C
09-MAY-2026,PIYJ1006,0.00,0.00,0.00,46800.00,C
09-MAY-2026,PNPJ1001,67640.74,0.00,67640.74,5325.00,C
09-MAY-2026,PPSU12427,357030.00,0.00,357030.00,29752.50,C
09-MAY-2026,PRJR2300,34236.00,0.00,34236.00,2853.00,C
09-MAY-2026,PSTN1070,650484.00,0.00,650484.00,56569.50,C
09-MAY-2026,PSTN1071,410832.00,0.00,410832.00,58736.00,C
09-MAY-2026,PTLK1583,261039.59,0.00,261039.59,17700.00,C
09-MAY-2026,PTM4313,410472.00,0.00,410472.00,34206.00,C
09-MAY-2026,PUNT1165,138876.00,0.00,138876.00,11573.00,C
09-MAY-2026,R103747,52664.00,0.00,52664.00,6583.00,C
09-MAY-2026,R1108647,73314.00,0.00,73314.00,6109.50,C
09-MAY-2026,R118470,276198.00,0.00,276198.00,23016.50,C
09-MAY-2026,R158947,592704.00,0.00,592704.00,49392.00,C
09-MAY-2026,R160987,100237.80,0.00,100237.80,8135.00,C
09-MAY-2026,R163288,142812.00,0.00,142812.00,11901.00,C
09-MAY-2026,R166317,146628.00,0.00,146628.00,12219.00,C
09-MAY-2026,R2029,100237.80,0.00,100237.80,8135.00,C
09-MAY-2026,R222361,172830.00,0.00,172830.00,14402.50,C
09-MAY-2026,R226809,0.00,0.00,0.00,12100.00,C
09-MAY-2026,R249581,232507.20,0.00,232507.20,18024.50,C
09-MAY-2026,R258606,821238.08,0.00,821238.08,67348.00,C
09-MAY-2026,R366361,249048.00,0.00,249048.00,25254.00,C
09-MAY-2026,R42730,477250.46,0.00,477250.46,37900.50,C
09-MAY-2026,R42813,891216.23,0.00,891216.23,107093.72,C
09-MAY-2026,R43413,214218.00,0.00,214218.00,37801.50,C
09-MAY-2026,R440733,0.00,0.00,0.00,2400.00,C
09-MAY-2026,R461121,73314.00,0.00,73314.00,6109.50,C
09-MAY-2026,R52711592,84552.00,0.00,84552.00,7046.00,C
09-MAY-2026,R543288,108654.00,0.00,108654.00,9054.50,C
09-MAY-2026,R54460642,71406.00,0.00,71406.00,5950.50,C
09-MAY-2026,R55475075,424674.00,0.00,424674.00,35389.50,C
09-MAY-2026,R57741015,146628.00,0.00,146628.00,12219.00,C
09-MAY-2026,R577980,173551.80,0.00,173551.80,14244.50,C
09-MAY-2026,R58002394,202410.00,0.00,202410.00,16867.50,C
09-MAY-2026,R59445761,34566.00,0.00,34566.00,2880.50,C
09-MAY-2026,R59922385,40740.00,0.00,40740.00,3395.00,C
09-MAY-2026,R60059083,135110.74,0.00,135110.74,45797.50,C
09-MAY-2026,R60180603,142812.00,0.00,142812.00,11901.00,C
09-MAY-2026,R60251082,438744.00,0.00,438744.00,63389.59,C
09-MAY-2026,R62784376,591864.00,0.00,591864.00,89822.00,C
09-MAY-2026,R71302,518986.35,0.00,518986.35,73431.50,C
09-MAY-2026,R744019,67640.74,0.00,67640.74,5325.00,C
09-MAY-2026,R776166,148176.00,0.00,148176.00,12348.00,C
09-MAY-2026,R845789,73314.00,0.00,73314.00,6109.50,C
09-MAY-2026,R854122,501189.01,0.00,501189.01,40675.00,C
09-MAY-2026,R864953,1225350.00,0.00,1225350.00,102112.50,C
09-MAY-2026,R906672,42276.00,0.00,42276.00,3523.00,C
09-MAY-2026,R930737,34566.00,0.00,34566.00,2880.50,C
09-MAY-2026,R980257,87013.20,0.00,87013.20,5900.00,C
09-MAY-2026,RAUM1252,42276.00,0.00,42276.00,3523.00,C
09-MAY-2026,RAUN1086,495001.05,0.00,495001.05,40465.00,C
09-MAY-2026,RAUN1100,196350.30,0.00,196350.30,16130.00,C
09-MAY-2026,RAUN1127,98175.15,0.00,98175.15,8065.00,C
09-MAY-2026,RAUN1161,196350.30,0.00,196350.30,16130.00,C
09-MAY-2026,RAUN1208,300713.40,0.00,300713.40,24405.00,C
09-MAY-2026,RAUN1221,196350.30,0.00,196350.30,16130.00,C
09-MAY-2026,RBRS7652,142812.00,0.00,142812.00,11901.00,C
09-MAY-2026,RBRS7672,285624.00,0.00,285624.00,35052.00,C
09-MAY-2026,REUO1007,34236.00,0.00,34236.00,2853.00,C
09-MAY-2026,RHGM1017,73314.00,0.00,73314.00,6109.50,C
09-MAY-2026,RJIL1077,67470.00,0.00,67470.00,5622.50,C
09-MAY-2026,RNRW1003,126828.00,0.00,126828.00,10569.00,C
09-MAY-2026,RRWY1115,67470.00,0.00,67470.00,5622.50,C
09-MAY-2026,RTRH1001,631068.00,0.00,631068.00,64947.52,C
09-MAY-2026,RVAW1080,71406.00,0.00,71406.00,5950.50,C
09-MAY-2026,S1174715,73314.00,0.00,73314.00,6109.50,C
09-MAY-2026,S1251317,78252.00,0.00,78252.00,9781.50,C
09-MAY-2026,S1305670,34566.00,0.00,34566.00,2880.50,C
09-MAY-2026,S133577,270562.97,0.00,270562.97,21300.00,C
09-MAY-2026,S1367492,796914.00,0.00,796914.00,66409.50,C
09-MAY-2026,S1369917,1088177.25,0.00,1088177.25,88995.00,C
09-MAY-2026,S1377829,271884.00,0.00,271884.00,22657.00,C
09-MAY-2026,S137925,67470.00,0.00,67470.00,5622.50,C
09-MAY-2026,S146924,631284.00,0.00,631284.00,52607.00,C
09-MAY-2026,S1486447,638406.00,0.00,638406.00,53200.50,C
09-MAY-2026,S1516326,34566.00,0.00,34566.00,2880.50,C
09-MAY-2026,S152206,74088.00,0.00,74088.00,11774.00,C
09-MAY-2026,S1608728,219942.00,0.00,219942.00,18328.50,C
09-MAY-2026,S162183,71406.00,0.00,71406.00,5950.50,C
09-MAY-2026,S1640633,71406.00,0.00,71406.00,5950.50,C
09-MAY-2026,S164217,103698.00,0.00,103698.00,8641.50,C
09-MAY-2026,S165646,160327.20,0.00,160327.20,12009.50,C
09-MAY-2026,S1839864,71406.00,0.00,71406.00,5950.50,C
09-MAY-2026,S1921,981751.50,0.00,981751.50,80650.00,C
09-MAY-2026,S195443,744048.17,0.00,744048.17,58575.00,C
09-MAY-2026,S1973497,269880.00,0.00,269880.00,22490.00,C
09-MAY-2026,S1997771,276528.00,0.00,276528.00,24494.00,C
09-MAY-2026,S207940,482160.00,0.00,482160.00,40180.00,C
09-MAY-2026,S2080915,274562.74,0.00,274562.74,28250.50,C
09-MAY-2026,S2108956,84552.00,0.00,84552.00,7046.00,C
09-MAY-2026,S250357,256291.94,0.00,256291.94,20792.00,C
09-MAY-2026,S252165,449329.80,0.00,449329.80,38376.00,C
09-MAY-2026,S252483,34236.00,0.00,34236.00,2853.00,C
09-MAY-2026,S274584,34566.00,0.00,34566.00,2880.50,C
09-MAY-2026,S308764,146628.00,0.00,146628.00,12219.00,C
09-MAY-2026,S324323,283116.00,0.00,283116.00,23593.00,C
09-MAY-2026,S378495,0.00,0.00,0.00,66600.00,C
09-MAY-2026,S440792,1106124.00,0.00,1106124.00,92177.00,C
09-MAY-2026,S493499,148176.00,0.00,148176.00,12348.00,C
09-MAY-2026,S496862,87013.20,0.00,87013.20,5900.00,C
09-MAY-2026,S51690985,308966.40,0.00,308966.40,25395.00,C
09-MAY-2026,S51867820,218034.00,0.00,218034.00,18169.50,C
09-MAY-2026,S52655733,849237.43,0.00,849237.43,67652.50,C
09-MAY-2026,S53251638,68472.00,0.00,68472.00,5706.00,C
09-MAY-2026,S53920210,622188.00,0.00,622188.00,51849.00,C
09-MAY-2026,S57679511,138264.00,0.00,138264.00,11522.00,C
09-MAY-2026,S59048458,17530.50,0.00,17530.50,5733.50,C
09-MAY-2026,S59326518,68472.00,0.00,68472.00,5706.00,C
09-MAY-2026,S59564319,449358.00,0.00,449358.00,37446.50,C
09-MAY-2026,S59650969,499842.00,0.00,499842.00,41653.50,C
09-MAY-2026,S59834626,0.00,0.00,0.00,5300.00,C
09-MAY-2026,S60021814,144720.00,0.00,144720.00,12060.00,C
09-MAY-2026,S60049882,71406.00,0.00,71406.00,5950.50,C
09-MAY-2026,S60177772,0.00,0.00,0.00,13900.00,C
09-MAY-2026,S61086316,74088.00,0.00,74088.00,6174.00,C
09-MAY-2026,S61269853,457389.89,0.00,457389.89,33830.00,C
09-MAY-2026,S61851691,73314.00,0.00,73314.00,6109.50,C
09-MAY-2026,S62722790,389960.00,0.00,389960.00,36844.00,C
09-MAY-2026,S62743038,592704.00,0.00,592704.00,135792.00,C
09-MAY-2026,S62977536,291348.00,0.00,291348.00,24279.00,C
09-MAY-2026,S63087254,40740.00,0.00,40740.00,3395.00,C
09-MAY-2026,S63214001,98175.15,0.00,98175.15,8065.00,C
09-MAY-2026,S63369575,34566.00,0.00,34566.00,2880.50,C
09-MAY-2026,S784310,135281.49,0.00,135281.49,10650.00,C
09-MAY-2026,S912468,334353.59,0.00,334353.59,23809.50,C
09-MAY-2026,S965088,34566.00,0.00,34566.00,2880.50,C
09-MAY-2026,SAMS007,567994.79,0.00,567994.79,41928.50,C
09-MAY-2026,SHCI1035,34236.00,0.00,34236.00,4703.00,C
09-MAY-2026,SIPY1037,42276.00,0.00,42276.00,5473.00,C
09-MAY-2026,SIVO1134,134940.00,0.00,134940.00,16295.00,C
09-MAY-2026,SMAWA3831,73314.00,0.00,73314.00,6109.50,C
09-MAY-2026,SPAH1039,87013.20,0.00,87013.20,5900.00,C
09-MAY-2026,SPAW1017,73314.00,0.00,73314.00,6109.50,C
09-MAY-2026,SPSB1014,162960.00,0.00,162960.00,13580.00,C
09-MAY-2026,SPSB1015,929028.00,0.00,929028.00,77419.00,C
09-MAY-2026,STKHA1015,81480.00,0.00,81480.00,6790.00,C
09-MAY-2026,SUEC1007,1349400.00,0.00,1349400.00,112450.00,C
09-MAY-2026,SUIO1039,34566.00,0.00,34566.00,2880.50,C
09-MAY-2026,T13763,518592.75,0.00,518592.75,42663.50,C
09-MAY-2026,T146446,71406.00,0.00,71406.00,5950.50,C
09-MAY-2026,T19528,26084.00,0.00,26084.00,3260.50,C
09-MAY-2026,T21023,162960.00,0.00,162960.00,13580.00,C
09-MAY-2026,T43301,126828.00,0.00,126828.00,10569.00,C
09-MAY-2026,T60528076,171180.00,0.00,171180.00,14265.00,C
09-MAY-2026,TTHM1263,73314.00,0.00,73314.00,6109.50,C
09-MAY-2026,U12549,73314.00,0.00,73314.00,6109.50,C
09-MAY-2026,V102932,135281.49,0.00,135281.49,10650.00,C
09-MAY-2026,V150664,182588.00,0.00,182588.00,22823.50,C
09-MAY-2026,V204224,241962.00,0.00,241962.00,20163.50,C
09-MAY-2026,V226954,592704.00,0.00,592704.00,108342.00,C
09-MAY-2026,V345313,459548.00,0.00,459548.00,39382.50,C
09-MAY-2026,V51350296,304798.97,0.00,304798.97,24153.00,C
09-MAY-2026,V52044,34566.00,0.00,34566.00,2880.50,C
09-MAY-2026,V52122061,175794.00,0.00,175794.00,16882.83,C
09-MAY-2026,V523615,360846.00,0.00,360846.00,55720.50,C
09-MAY-2026,V552669,26084.00,0.00,26084.00,3260.50,C
09-MAY-2026,V55394697,73314.00,0.00,73314.00,6109.50,C
09-MAY-2026,V589735,33948.43,0.00,33948.43,10947.50,C
09-MAY-2026,V60449,320654.40,0.00,320654.40,24019.00,C
09-MAY-2026,V60672326,98175.15,0.00,98175.15,8065.00,C
09-MAY-2026,V60827519,87013.20,0.00,87013.20,5900.00,C
09-MAY-2026,V61942113,526897.20,0.00,526897.20,42557.00,C
09-MAY-2026,V62943771,291348.00,0.00,291348.00,24279.00,C
09-MAY-2026,V63255219,231733.20,0.00,231733.20,17960.00,C
09-MAY-2026,V64563,364662.00,0.00,364662.00,30388.50,C
09-MAY-2026,V77489,856872.00,0.00,856872.00,71406.00,C
09-MAY-2026,VAUD1651,285180.00,0.00,285180.00,23765.00,C
09-MAY-2026,VIBY1056,1205943.00,0.00,1205943.00,98926.00,C
09-MAY-2026,VIBY1088,211380.00,0.00,211380.00,17615.00,C
09-MAY-2026,VIGJ8670,68472.00,0.00,68472.00,9956.00,C
09-MAY-2026,VINT131,0.00,0.00,0.00,49500.00,C
09-MAY-2026,VINT136,69132.00,0.00,69132.00,10661.00,C
09-MAY-2026,VIRO1223,68802.00,0.00,68802.00,5733.50,C
09-MAY-2026,Y54572763,261039.59,0.00,261039.59,17700.00,C
09-MAY-2026,Y54947840,682252.05,0.00,682252.05,65400.00,C
