09-MAY-2026,101A009,4329007.55,0.00,4329007.55,340800.00,C
09-MAY-2026,101A048,10822518.88,0.00,10822518.88,852000.00,C
09-MAY-2026,101A260,1893940.80,0.00,1893940.80,149100.00,C
09-MAY-2026,101B351,219942.00,0.00,219942.00,18328.50,C
09-MAY-2026,101B659,3179114.92,0.00,3179114.92,250275.00,C
09-MAY-2026,101B731,135110.74,0.00,135110.74,10947.50,C
09-MAY-2026,101B909,200475.60,0.00,200475.60,16270.00,C
09-MAY-2026,101D350,1217533.37,0.00,1217533.37,95850.00,C
09-MAY-2026,101D450,705082.79,0.00,705082.79,53352.50,C
09-MAY-2026,101F035,1474592.00,0.00,1474592.00,184324.00,C
09-MAY-2026,101F083,121713107.60,-404450.00,121308657.60,15319439.95,C
09-MAY-2026,101F095,1608745.22,0.00,1608745.22,131008.00,C
09-MAY-2026,101J206,648628.50,0.00,648628.50,212139.50,C
09-MAY-2026,101R182,0.00,0.00,0.00,30000.00,C
09-MAY-2026,101S786,20659021.50,0.00,20659021.50,6263385.50,C
09-MAY-2026,101V017,71406.00,0.00,71406.00,5950.50,C
09-MAY-2026,101X408,200475.60,0.00,200475.60,16270.00,C
09-MAY-2026,101X494,676407.43,0.00,676407.43,53250.00,C
09-MAY-2026,102B030,1497339.94,0.00,1497339.94,122284.50,C
09-MAY-2026,102F004,556380.00,0.00,556380.00,46365.00,C
09-MAY-2026,102F012,2401216.80,0.00,2401216.80,198314.00,C
09-MAY-2026,102F013,2882646.00,0.00,2882646.00,240220.50,C
09-MAY-2026,102F037,1593932.92,0.00,1593932.92,210867.00,C
09-MAY-2026,102F061,12465582.00,0.00,12465582.00,1038798.50,C
09-MAY-2026,102F090,269880.00,0.00,269880.00,22490.00,C
09-MAY-2026,102P004,944580.00,0.00,944580.00,78715.00,C
09-MAY-2026,102P005,1367722.78,0.00,1367722.78,101817.00,C
09-MAY-2026,102R003,10841309.10,0.00,10841309.10,950906.00,C
09-MAY-2026,102R999,3426774.86,0.00,3426774.86,279330.00,C
09-MAY-2026,102S001,1352814.86,0.00,1352814.86,108900.00,C
09-MAY-2026,102S005,946287.43,0.00,946287.43,75740.00,C
09-MAY-2026,103M182,407826.00,0.00,407826.00,33985.50,C
09-MAY-2026,103R002,67470.00,0.00,67470.00,5622.50,C
09-MAY-2026,103S070,2033538.00,0.00,2033538.00,665086.00,C
09-MAY-2026,103T026,881046.00,0.00,881046.00,73420.50,C
09-MAY-2026,121B005,4019911.55,0.00,4019911.55,325952.50,C
09-MAY-2026,121B129,1898667.16,0.00,1898667.16,262991.00,C
09-MAY-2026,126S152,144720.00,0.00,144720.00,12060.00,C
09-MAY-2026,134V005,34566.00,0.00,34566.00,2880.50,C
09-MAY-2026,147A005,563694.00,0.00,563694.00,46974.50,C
09-MAY-2026,147A027,206687.49,0.00,206687.49,16600.50,C
09-MAY-2026,151H004,136772.74,0.00,136772.74,11086.00,C
09-MAY-2026,175D036,135281.49,0.00,135281.49,10650.00,C
09-MAY-2026,199F082,3054512.00,0.00,3054512.00,381814.00,C
09-MAY-2026,201F001,16260660.00,0.00,16260660.00,1411875.00,C
09-MAY-2026,202C027,958608.00,0.00,958608.00,79884.00,C
09-MAY-2026,202C054,136944.00,0.00,136944.00,19785.08,C
09-MAY-2026,202D008,1018406.23,0.00,1018406.23,83932.00,C
09-MAY-2026,202J027,473143.72,0.00,473143.72,37870.00,C
09-MAY-2026,202M008,2915156.00,0.00,2915156.00,278641.50,C
09-MAY-2026,202S015,1033680.00,0.00,1033680.00,86140.00,C
09-MAY-2026,207L111,136944.00,0.00,136944.00,11412.00,C
09-MAY-2026,207P003,1131378.00,0.00,1131378.00,94281.50,C
09-MAY-2026,207R004,342360.00,0.00,342360.00,28530.00,C
09-MAY-2026,209B007,6277600.12,0.00,6277600.12,564271.50,C
09-MAY-2026,209D005,6474888.43,0.00,6474888.43,1052048.50,C
09-MAY-2026,209G421,3476488.85,0.00,3476488.85,253366.00,C
09-MAY-2026,251L031,1217191.89,0.00,1217191.89,96445.00,C
09-MAY-2026,251L032,2936897.32,0.00,2936897.32,236636.50,C
09-MAY-2026,251L036,946628.92,0.00,946628.92,75145.00,C
09-MAY-2026,251L037,811688.92,0.00,811688.92,63900.00,C
09-MAY-2026,251L038,811688.92,0.00,811688.92,63900.00,C
09-MAY-2026,252M077,170178.00,0.00,170178.00,26831.50,C
09-MAY-2026,279G003,4873665.26,0.00,4873665.26,395540.00,C
09-MAY-2026,279G004,1591761.43,0.00,1591761.43,129529.50,C
09-MAY-2026,279J002,521680.00,0.00,521680.00,65210.00,C
09-MAY-2026,279J003,1198087.43,0.00,1198087.43,118460.00,C
09-MAY-2026,702P186,1063205.13,0.00,1063205.13,86100.00,C
