09-MAY-2026,A022,73314.00,0.00,73314.00,6109.50,C
09-MAY-2026,ALP12683,342677.49,0.00,342677.49,34533.00,C
09-MAY-2026,BPA1446,67640.74,0.00,67640.74,5325.00,C
09-MAY-2026,CHD677,234756.00,0.00,234756.00,39544.50,C
09-MAY-2026,CHD678,443428.00,0.00,443428.00,90728.50,C
09-MAY-2026,EA5E291,1257528.00,0.00,1257528.00,104794.00,C
09-MAY-2026,EAPS7000,4318080.00,0.00,4318080.00,359840.00,C
09-MAY-2026,EKPW106,135281.49,0.00,135281.49,16875.00,C
09-MAY-2026,EMA279,414792.00,0.00,414792.00,34566.00,C
09-MAY-2026,EZ12203,496228.79,0.00,496228.79,35948.00,C
09-MAY-2026,EZ12269,831356.38,0.00,831356.38,59822.00,C
09-MAY-2026,EZ12400,348052.79,0.00,348052.79,23600.00,C
09-MAY-2026,EZ12997,248114.40,0.00,248114.40,17974.00,C
09-MAY-2026,GCAT1055,2157866.56,0.00,2157866.56,186455.50,C
09-MAY-2026,GCAT1185,546865.94,0.00,546865.94,48298.00,C
09-MAY-2026,GCAT1419,9823157.40,0.00,9823157.40,833136.00,C
09-MAY-2026,GCAT2213,307975.24,0.00,307975.24,47397.50,C
09-MAY-2026,GCAT2431,21595470.70,0.00,21595470.70,1983007.40,C
09-MAY-2026,GCAT2443,3103620.00,0.00,3103620.00,258635.00,C
09-MAY-2026,GCAT2516,2154402.00,0.00,2154402.00,554472.00,C
09-MAY-2026,GCAT2542,16064743.92,0.00,16064743.92,1401903.50,C
09-MAY-2026,GCAT3142,283363.50,0.00,283363.50,80360.00,C
09-MAY-2026,HOGC401,183230.74,0.00,183230.74,14957.50,C
09-MAY-2026,HOGC509,115590.00,0.00,115590.00,9632.50,C
09-MAY-2026,JLD176,69132.00,0.00,69132.00,5761.00,C
09-MAY-2026,M32,1217533.37,0.00,1217533.37,95850.00,C
09-MAY-2026,NCL999,6449253.03,0.00,6449253.03,787555.00,C
09-MAY-2026,SRNC106,2464692.00,0.00,2464692.00,201975.00,C
09-MAY-2026,VSCG100,472290.00,0.00,472290.00,39357.50,C
09-MAY-2026,VSV3150,67470.00,0.00,67470.00,5622.50,C
09-MAY-2026,WM292,889242.00,0.00,889242.00,74103.50,C
09-MAY-2026,Z0D145,40740.00,0.00,40740.00,3395.00,C
09-MAY-2026,Z21P100,473314.46,0.00,473314.46,41522.50,C
09-MAY-2026,Z22782,483334.28,0.00,483334.28,34250.00,C
09-MAY-2026,Z23H126,2175691.35,0.00,2175691.35,232990.00,C
09-MAY-2026,Z23H151,705405.15,0.00,705405.15,86567.50,C
09-MAY-2026,Z23Z117,647406.00,0.00,647406.00,85950.50,C
09-MAY-2026,Z23Z118,263034.68,0.00,263034.68,19945.00,C
09-MAY-2026,Z24215,142812.00,0.00,142812.00,11901.00,C
09-MAY-2026,Z25538,135281.49,0.00,135281.49,10650.00,C
09-MAY-2026,ZA1439,84552.00,0.00,84552.00,27112.67,C
09-MAY-2026,ZR2093,0.00,0.00,0.00,700.00,C
