09-MAY-2026,12107440,128232.00,0.00,128232.00,16029.00,C
09-MAY-2026,45150099,0.00,0.00,0.00,1900.00,C
09-MAY-2026,45225149,128232.00,0.00,128232.00,47529.00,C
09-MAY-2026,45235210,42276.00,0.00,42276.00,3523.00,C
09-MAY-2026,45780681,370722.00,0.00,370722.00,37414.50,C
09-MAY-2026,45785552,676407.43,0.00,676407.43,53250.00,C
09-MAY-2026,45855021,145494.00,0.00,145494.00,12124.50,C
09-MAY-2026,45908488,2025807.43,0.00,2025807.43,165700.00,C
09-MAY-2026,50060055,543425.49,0.00,543425.49,44662.00,C
09-MAY-2026,50074875,22611456.00,0.00,22611456.00,1884288.00,C
09-MAY-2026,50078080,12982936.00,0.00,12982936.00,1223917.50,C
09-MAY-2026,50079829,23796124.03,0.00,23796124.03,2448873.50,C
09-MAY-2026,50184613,2963520.00,0.00,2963520.00,246960.00,C
09-MAY-2026,50192805,970369.78,0.00,970369.78,67135.00,C
09-MAY-2026,60004729,67640.74,0.00,67640.74,8475.00,C
09-MAY-2026,60065693,1087182.00,0.00,1087182.00,90598.50,C
09-MAY-2026,60193563,1657392.00,0.00,1657392.00,154718.00,C
09-MAY-2026,60208722,74088.00,0.00,74088.00,6174.00,C
09-MAY-2026,60210689,0.00,0.00,0.00,3150.00,C
09-MAY-2026,60211716,591113.55,0.00,591113.55,48460.00,C
09-MAY-2026,70272697,241667.14,0.00,241667.14,17125.00,C
09-MAY-2026,80025568,3189936.00,0.00,3189936.00,265828.00,C
09-MAY-2026,80025569,2705736.00,0.00,2705736.00,225478.00,C
09-MAY-2026,80031520,400951.20,0.00,400951.20,32540.00,C
09-MAY-2026,80087260,83016.00,0.00,83016.00,6918.00,C
09-MAY-2026,80097994,71406.00,0.00,71406.00,49150.50,C
09-MAY-2026,80098617,84552.00,0.00,84552.00,7046.00,C
09-MAY-2026,80121974,71406.00,0.00,71406.00,5950.50,C
09-MAY-2026,80157754,71406.00,0.00,71406.00,5950.50,C
09-MAY-2026,EA893232,73314.00,0.00,73314.00,6109.50,C
09-MAY-2026,EB007740,87013.20,0.00,87013.20,5900.00,C
