09-MAY-2026,12866591,199318.84,0.00,199318.84,4660.00,C
09-MAY-2026,13067525,845520.00,0.00,845520.00,70460.00,C
09-MAY-2026,14635039,103698.00,0.00,103698.00,8641.50,C
09-MAY-2026,15120888,1614505.84,0.00,1614505.84,110950.00,C
09-MAY-2026,198POOJA,405844.46,0.00,405844.46,31950.00,C
09-MAY-2026,25843853,107550.00,0.00,107550.00,32462.50,C
09-MAY-2026,26818984,160327.20,0.00,160327.20,12009.50,C
09-MAY-2026,27350921,604337.46,0.00,604337.46,99621.00,C
09-MAY-2026,28115266,83952.00,0.00,83952.00,6996.00,C
09-MAY-2026,28204375,295932.00,0.00,295932.00,24661.00,C
09-MAY-2026,29123372,0.00,0.00,0.00,150.00,C
09-MAY-2026,32072938,146628.00,0.00,146628.00,12219.00,C
09-MAY-2026,32225277,87013.20,0.00,87013.20,5900.00,C
09-MAY-2026,39426844,136800.00,0.00,136800.00,17082.00,C
09-MAY-2026,39514561,889056.00,0.00,889056.00,110188.00,C
09-MAY-2026,41EVINIT,67470.00,0.00,67470.00,27972.50,C
09-MAY-2026,41GANESH,219942.00,0.00,219942.00,18328.50,C
09-MAY-2026,41MODIAK,219942.00,0.00,219942.00,18328.50,C
09-MAY-2026,41PREETI,73314.00,0.00,73314.00,6109.50,C
09-MAY-2026,48968934,1102615.81,0.00,1102615.81,89485.00,C
09-MAY-2026,49133163,142812.00,0.00,142812.00,11901.00,C
09-MAY-2026,53364600,73314.00,0.00,73314.00,6109.50,C
09-MAY-2026,53568004,0.00,0.00,0.00,11750.00,C
09-MAY-2026,57405464,142812.00,0.00,142812.00,11901.00,C
09-MAY-2026,60510669,34566.00,0.00,34566.00,2880.50,C
09-MAY-2026,62005900,0.00,0.00,0.00,13500.00,C
09-MAY-2026,62166587,68472.00,0.00,68472.00,5706.00,C
09-MAY-2026,62177735,100237.80,0.00,100237.80,8135.00,C
09-MAY-2026,62391407,392700.60,0.00,392700.60,32260.00,C
09-MAY-2026,65294663,592704.00,0.00,592704.00,49392.00,C
09-MAY-2026,6697SGNR,69132.00,0.00,69132.00,5761.00,C
09-MAY-2026,67335480,104336.00,0.00,104336.00,13042.00,C
09-MAY-2026,67486011,1150314.00,0.00,1150314.00,95859.50,C
09-MAY-2026,67568318,1550906.40,0.00,1550906.40,121220.00,C
09-MAY-2026,72356752,238618.03,0.00,238618.03,43928.50,C
09-MAY-2026,73549790,374420.74,0.00,374420.74,30890.00,C
09-MAY-2026,73981953,84552.00,0.00,84552.00,7046.00,C
09-MAY-2026,74754623,42276.00,0.00,42276.00,3523.00,C
09-MAY-2026,76886228,0.00,0.00,0.00,7050.00,C
09-MAY-2026,76920076,0.00,0.00,0.00,1000.00,C
09-MAY-2026,79660494,940756.79,0.00,940756.79,72992.00,C
09-MAY-2026,83602011,338032.97,0.00,338032.97,26922.50,C
09-MAY-2026,88718702,2226510.00,0.00,2226510.00,185542.50,C
09-MAY-2026,94259284,6919375.21,0.00,6919375.21,559861.50,C
09-MAY-2026,95333053,73314.00,0.00,73314.00,6109.50,C
09-MAY-2026,95672334,1198260.00,0.00,1198260.00,103005.00,C
09-MAY-2026,99827967,123756.00,0.00,123756.00,10313.00,C
09-MAY-2026,99BHAVIK,1351107.43,0.00,1351107.43,109475.00,C
09-MAY-2026,A40MANOJ,2314656.00,0.00,2314656.00,243588.00,C
09-MAY-2026,ABANDCO1,714060.00,0.00,714060.00,59505.00,C
09-MAY-2026,ABC00020,154653.94,0.00,154653.94,11225.00,C
09-MAY-2026,ADGOYAL7,5356280.24,0.00,5356280.24,434511.00,C
09-MAY-2026,ADHUF999,1352814.86,0.00,1352814.86,106500.00,C
09-MAY-2026,AKHANI71,2631751.31,0.00,2631751.31,230314.50,C
09-MAY-2026,AKNPPJMP,337350.00,0.00,337350.00,38562.50,C
09-MAY-2026,AKS23888,1416870.00,0.00,1416870.00,180722.50,C
09-MAY-2026,AMARISHB,260840.00,0.00,260840.00,32605.00,C
09-MAY-2026,AMBASONS,7663595.28,0.00,7663595.28,573032.50,C
09-MAY-2026,AMITBT55,727705.49,0.00,727705.49,62213.00,C
09-MAY-2026,ANUPKMRR,98175.15,0.00,98175.15,8065.00,C
09-MAY-2026,ARCKEJRI,648628.50,0.00,648628.50,212139.50,C
09-MAY-2026,ARPITKRG,455793.00,0.00,455793.00,149071.00,C
09-MAY-2026,ARUPESH4,4751814.69,0.00,4751814.69,393179.00,C
09-MAY-2026,ARVTEL62,71406.00,0.00,71406.00,5950.50,C
09-MAY-2026,ASHOKH79,1319652.00,0.00,1319652.00,109971.00,C
09-MAY-2026,BAAKHANI,1949514.37,0.00,1949514.37,212083.50,C
09-MAY-2026,BAGDIRA3,42276.00,0.00,42276.00,6423.00,C
09-MAY-2026,BANPAL88,169104.00,0.00,169104.00,14092.00,C
09-MAY-2026,BBCOMM13,15363254.40,0.00,15363254.40,1359303.50,C
09-MAY-2026,BHAGAGRO,25210476.60,0.00,25210476.60,2824751.50,C
09-MAY-2026,BRIGHTFM,219942.00,0.00,219942.00,18328.50,C
09-MAY-2026,BSUNITA7,366570.00,0.00,366570.00,30547.50,C
09-MAY-2026,CHILIKAP,1686069.01,0.00,1686069.01,139415.00,C
09-MAY-2026,DEVG2911,364662.00,0.00,364662.00,30388.50,C
09-MAY-2026,DINHUF06,1481410.11,0.00,1481410.11,142868.00,C
09-MAY-2026,DINSAN07,205746.00,0.00,205746.00,17145.50,C
09-MAY-2026,DIPAKPPT,1034975.40,0.00,1034975.40,85593.50,C
09-MAY-2026,DWARKAJC,71406.00,0.00,71406.00,5950.50,C
09-MAY-2026,GANKIT99,196350.30,0.00,196350.30,16130.00,C
09-MAY-2026,GAURANG2,357030.00,0.00,357030.00,29752.50,C
09-MAY-2026,GHELANIG,294525.45,0.00,294525.45,24195.00,C
09-MAY-2026,GNBM0041,168936.00,0.00,168936.00,14078.00,C
09-MAY-2026,GNBM0046,581112.00,0.00,581112.00,48426.00,C
09-MAY-2026,GNBM0417,418152.00,0.00,418152.00,34846.00,C
09-MAY-2026,GNBM0428,81480.00,0.00,81480.00,6790.00,C
09-MAY-2026,GNBM0429,81480.00,0.00,81480.00,6790.00,C
09-MAY-2026,GNBM0501,1614972.00,0.00,1614972.00,134581.00,C
09-MAY-2026,GNBM0545,634140.00,0.00,634140.00,60545.00,C
09-MAY-2026,GNBM0590,203700.00,0.00,203700.00,16975.00,C
09-MAY-2026,GNBM0593,126828.00,0.00,126828.00,10569.00,C
09-MAY-2026,GNBM0597,40740.00,0.00,40740.00,3395.00,C
09-MAY-2026,GNBM0599,277145.15,0.00,277145.15,24066.00,C
09-MAY-2026,GRAJES99,146628.00,0.00,146628.00,12219.00,C
09-MAY-2026,HIRARAM5,428436.00,0.00,428436.00,35703.00,C
09-MAY-2026,HUFS2015,1761084.69,0.00,1761084.69,176351.50,C
09-MAY-2026,IIL50073,1811946.00,0.00,1811946.00,138920.00,C
09-MAY-2026,JAINK987,250326.00,0.00,250326.00,20860.50,C
09-MAY-2026,JAMN1047,34566.00,0.00,34566.00,2880.50,C
09-MAY-2026,JANSAGAR,73314.00,0.00,73314.00,6109.50,C
09-MAY-2026,JBBIHANI,3258343.80,0.00,3258343.80,448875.00,C
09-MAY-2026,JITPRA79,362754.00,0.00,362754.00,30229.50,C
09-MAY-2026,JMRC1975,760368.00,0.00,760368.00,63364.00,C
09-MAY-2026,JMRC1976,887496.00,0.00,887496.00,73958.00,C
09-MAY-2026,JSKSA001,3677715.28,0.00,3677715.28,365879.50,C
09-MAY-2026,JUGHAS65,21010221.41,0.00,21010221.41,1742563.00,C
09-MAY-2026,JVPATE84,368648.00,0.00,368648.00,46081.00,C
09-MAY-2026,KAILARLA,41976.00,0.00,41976.00,3498.00,C
09-MAY-2026,KAMLIAGR,650286.00,0.00,650286.00,54190.50,C
09-MAY-2026,KPRATHI3,4666410.00,0.00,4666410.00,388867.50,C
09-MAY-2026,KSNSACHI,317754.00,0.00,317754.00,26479.50,C
09-MAY-2026,LALSARAF,7838642.75,0.00,7838642.75,659837.50,C
09-MAY-2026,MANGOY36,34566.00,0.00,34566.00,2880.50,C
09-MAY-2026,MASHARDA,10813409.54,0.00,10813409.54,968032.00,C
09-MAY-2026,MEDICAL9,71406.00,0.00,71406.00,5950.50,C
09-MAY-2026,MSRL1207,676407.43,0.00,676407.43,53250.00,C
09-MAY-2026,MUSKANWP,3252420.00,0.00,3252420.00,271035.00,C
09-MAY-2026,NANCYANP,294525.45,0.00,294525.45,24195.00,C
09-MAY-2026,NILAKOLA,338208.00,0.00,338208.00,28184.00,C
09-MAY-2026,NK032752,146628.00,0.00,146628.00,12219.00,C
09-MAY-2026,NNF41938,0.00,0.00,0.00,3950.00,C
09-MAY-2026,NNPKHODA,142812.00,0.00,142812.00,27951.00,C
09-MAY-2026,NORTHEND,10991461.79,0.00,10991461.79,914560.00,C
09-MAY-2026,PARESH48,349618.00,0.00,349618.00,54318.00,C
09-MAY-2026,PATE7922,138264.00,0.00,138264.00,11522.00,C
09-MAY-2026,PATEL493,26332.00,0.00,26332.00,3291.50,C
09-MAY-2026,PATELC99,404820.00,0.00,404820.00,33735.00,C
09-MAY-2026,PILIBANG,337350.00,0.00,337350.00,48512.50,C
09-MAY-2026,PREMIA97,589050.90,0.00,589050.90,48390.00,C
09-MAY-2026,PRMAAKR1,811005.94,0.00,811005.94,65090.00,C
09-MAY-2026,PRMANPPL,3778320.00,0.00,3778320.00,314860.00,C
09-MAY-2026,RABIN365,218358.00,0.00,218358.00,18196.50,C
09-MAY-2026,RAHUL487,2292120.00,0.00,2292120.00,236193.31,C
09-MAY-2026,RAMDEV75,3440970.00,0.00,3440970.00,286747.50,C
09-MAY-2026,RANADR88,456466.84,0.00,456466.84,26089.00,C
09-MAY-2026,RAVI8111,522079.19,0.00,522079.19,35400.00,C
09-MAY-2026,REALWE44,293256.00,0.00,293256.00,24438.00,C
09-MAY-2026,ROHIT113,134940.00,0.00,134940.00,11245.00,C
09-MAY-2026,ROKSHANA,73314.00,0.00,73314.00,6109.50,C
09-MAY-2026,RTLM2188,142812.00,0.00,142812.00,11901.00,C
09-MAY-2026,RTLM3556,146628.00,0.00,146628.00,12219.00,C
09-MAY-2026,RTLM8175,83952.00,0.00,83952.00,6996.00,C
09-MAY-2026,SARTHAKR,1071615.80,0.00,1071615.80,122570.00,C
09-MAY-2026,SATI5555,69132.00,0.00,69132.00,5761.00,C
09-MAY-2026,SAVA1875,7324848.00,0.00,7324848.00,660132.97,C
09-MAY-2026,SPDHAN,11614626.01,0.00,11614626.01,956975.00,C
09-MAY-2026,SRTASONI,377730.00,0.00,377730.00,31477.50,C
09-MAY-2026,SS777HUF,423317.38,0.00,423317.38,34225.00,C
09-MAY-2026,SURESH6A,144720.00,0.00,144720.00,12060.00,C
09-MAY-2026,SWAP1875,146628.00,0.00,146628.00,20619.00,C
09-MAY-2026,TARA1955,60568.00,0.00,60568.00,6144.50,C
09-MAY-2026,TRISHWPR,541125.94,0.00,541125.94,42600.00,C
09-MAY-2026,TRUE1111,338208.00,0.00,338208.00,28184.00,C
09-MAY-2026,VAANNSII,74088.00,0.00,74088.00,6174.00,C
09-MAY-2026,VIPULS55,570316.79,0.00,570316.79,42122.00,C
09-MAY-2026,YASIN143,84552.00,0.00,84552.00,7046.00,C
