09-MAY-2026,01283,0,0,0,0,0,0,0,0,0,0,2,0,0
09-MAY-2026,307A5019,0,0,0,0,0,0,0,0,0,0,1,0,0
09-MAY-2026,307A5023,0,0,0,0,0,0,0,0,0,0,1,0,0
09-MAY-2026,643BC5193,0,0,0,0,0,0,0,0,0,0,1,0,0
09-MAY-2026,704023,3036253.43,0,3036253.43,240380,0,0,0,0,0,0,1,0,0
09-MAY-2026,704028,0,0,0,0,0,0,0,0,0,0,1,0,0
09-MAY-2026,704029,0,0,0,0,0,0,0,0,0,0,1,0,0
09-MAY-2026,704032,0,0,0,0,0,0,0,0,0,0,1,0,0
09-MAY-2026,704043,0,0,0,0,0,0,0,0,0,0,1,0,0
09-MAY-2026,704049,0,0,0,0,0,0,0,0,0,0,1,0,0
09-MAY-2026,7045009,200475.6,0,200475.6,16270,0,0,0,0,0,0,1,0,0
09-MAY-2026,706130,0,0,0,0,0,0,0,0,0,0,1,0,0
09-MAY-2026,733002,0,0,0,0,0,0,0,0,0,0,1,0,0
09-MAY-2026,999V0006,0,0,0,0,0,0,0,0,0,0,1,0,0
09-MAY-2026,999V0007,0,0,0,0,0,0,0,0,0,0,1,0,0
09-MAY-2026,999V0017,42276,0,42276,3523,0,0,0,0,0,0,1,0,0
09-MAY-2026,999V0019,408144,0,408144,34012,0,0,0,0,0,0,1,0,0
09-MAY-2026,999V0025,0,0,0,0,0,0,0,0,0,0,1,0,0
09-MAY-2026,999V0030,0,0,0,0,0,0,0,0,0,0,1,0,0
09-MAY-2026,999V0033,539760,0,539760,44980,0,0,0,0,0,0,1,0,0
09-MAY-2026,999V0034,747813.43,0,747813.43,59200.5,0,0,0,0,0,0,1,0,0
09-MAY-2026,999V0059,1015374,0,1015374,84614.5,0,0,0,0,0,0,1,0,0
09-MAY-2026,999V0061,337350,0,337350,28112.5,0,0,0,0,0,0,1,0,0
09-MAY-2026,999V0065,371916,0,371916,30993,0,0,0,0,0,0,1,0,0
09-MAY-2026,999V0071,202410,0,202410,16867.5,0,0,0,0,0,0,1,0,0
09-MAY-2026,999V0078,238638,0,238638,19886.5,0,0,0,0,0,0,1,0,0
09-MAY-2026,999V0083,337350,0,337350,28112.5,0,0,0,0,0,0,1,0,0
09-MAY-2026,999V3736,100237.8,0,100237.8,8135,0,0,0,0,0,0,1,0,0
09-MAY-2026,999V5004,134940,0,134940,11245,0,0,0,0,0,0,1,0,0
09-MAY-2026,999V5007,83952,0,83952,6996,0,0,0,0,0,0,1,0,0
09-MAY-2026,A073,1990317.46,0,1990317.46,162210,0,0,0,0,0,0,1,0,0
09-MAY-2026,B9990004,0,0,0,0,0,0,0,0,0,0,1,0,0
09-MAY-2026,B9990113,126828,0,126828,10569,0,0,0,0,0,0,1,0,0
09-MAY-2026,B9990143,0,0,0,0,0,0,0,0,0,0,1,0,0
09-MAY-2026,B9990210,0,0,0,0,0,0,0,0,0,0,1,0,0
09-MAY-2026,B9990235,0,0,0,0,0,0,0,0,0,0,1,0,0
09-MAY-2026,B9990242,0,0,0,0,0,0,0,0,0,0,1,0,0
09-MAY-2026,B9990249,17945994.77,0,17945994.77,1257706,0,0,0,0,0,0,1,0,0
09-MAY-2026,B9990263,0,0,0,0,0,0,0,0,0,0,1,0,0
09-MAY-2026,B9990265,0,0,0,0,0,0,0,0,0,0,1,0,0
09-MAY-2026,B9990288,0,0,0,0,0,0,0,0,0,0,1,0,0
09-MAY-2026,B9990294,0,0,0,0,0,0,0,0,0,0,1,0,0
09-MAY-2026,B9990308,0,0,0,0,0,0,0,0,0,0,1,0,0
09-MAY-2026,B9990343,195776.9,0,195776.9,16130,0,0,0,0,0,0,1,0,0
09-MAY-2026,B9990369,0,0,0,0,0,0,0,0,0,0,1,0,0
09-MAY-2026,B9990370,0,0,0,0,0,0,0,0,0,0,1,0,0
09-MAY-2026,B9990372,0,0,0,0,0,0,0,0,0,0,1,0,0
09-MAY-2026,B9990399,0,0,0,0,0,0,0,0,0,0,1,0,0
09-MAY-2026,B9990418,0,0,0,0,0,0,0,0,0,0,1,0,0
09-MAY-2026,B9990450,161101.2,0,161101.2,12074,0,0,0,0,0,0,1,0,0
09-MAY-2026,B9990455,17982668.44,0,17982668.44,1455170.5,0,0,0,0,0,0,1,0,0
09-MAY-2026,B9990476,0,0,0,0,0,0,0,0,0,0,1,0,0
09-MAY-2026,B9990504,379530,0,379530,100448,0,0,5682,0,0,0,1,0,0
09-MAY-2026,B9990514,0,0,0,0,0,0,0,0,0,0,1,0,0
09-MAY-2026,B9990522,0,0,0,0,0,0,0,0,0,0,1,0,0
09-MAY-2026,B9990532,0,0,0,0,0,0,0,0,0,0,1,0,0
09-MAY-2026,B9990534,0,0,0,0,0,0,0,0,0,0,1,0,0
09-MAY-2026,B9990538,0,0,0,0,0,0,0,0,0,0,1,0,0
09-MAY-2026,B9990560,0,0,0,0,0,0,0,0,0,0,1,0,0
09-MAY-2026,B9990564,0,0,0,0,0,0,0,0,0,0,1,0,0
09-MAY-2026,B9990567,0,0,0,0,0,0,0,0,0,0,1,0,0
09-MAY-2026,B9990568,0,0,0,0,0,0,0,0,0,0,1,0,0
09-MAY-2026,B9990587,0,0,0,0,0,0,0,0,0,0,1,0,0
09-MAY-2026,B9990593,3331080,0,3331080,277590,0,0,0,0,0,0,1,0,0
09-MAY-2026,B9990594,592704,0,592704,49392,0,0,0,0,0,0,1,0,0
09-MAY-2026,B999A5013,269880,0,269880,22490,0,0,0,0,0,0,1,0,0
09-MAY-2026,B999A5020,134940,0,134940,11245,0,0,0,0,0,0,1,0,0
09-MAY-2026,B999A5036,0,0,0,0,0,0,0,0,0,0,1,0,0
09-MAY-2026,B999A5088,212126.6,0,212126.6,29500,0,0,0,0,0,0,1,0,0
09-MAY-2026,B999A5090,0,0,0,0,0,0,0,0,0,0,1,0,0
09-MAY-2026,B999A5091,0,0,0,0,0,0,0,0,0,0,1,0,0
09-MAY-2026,B999A5092,0,0,0,0,0,0,0,0,0,0,1,0,0
09-MAY-2026,B999A5097,0,0,0,0,0,0,0,0,0,0,1,0,0
09-MAY-2026,B999A5099,0,0,0,0,0,0,0,0,0,0,1,0,0
09-MAY-2026,B999A5104,0,0,0,0,0,0,0,0,0,0,1,0,0
09-MAY-2026,B999A5141,142908,0,142908,38440,0,0,0,0,0,0,1,0,0
09-MAY-2026,B999A5143,0,0,0,0,0,0,0,0,0,0,1,0,0
09-MAY-2026,B999A5147,0,0,0,0,0,0,0,0,0,0,1,0,0
09-MAY-2026,B999A5155,203700,0,203700,16975,0,0,0,0,0,0,1,0,0
09-MAY-2026,B999A5167,203412,0,203412,16951,0,0,0,0,0,0,1,0,0
09-MAY-2026,D005,67470,0,67470,5622.5,0,0,0,0,0,0,1,0,0
09-MAY-2026,D777,0,0,0,0,0,0,0,0,0,0,1,0,0
09-MAY-2026,G142,0,0,0,0,0,0,0,0,0,0,1,0,0
09-MAY-2026,GH140,0,0,0,0,0,0,0,0,0,0,1,0,0
09-MAY-2026,GH141,0,0,0,0,0,0,0,0,0,0,1,0,0
09-MAY-2026,GH143,0,0,0,0,0,0,0,0,0,0,1,0,0
09-MAY-2026,JKW0217,21610290,0,21610290,1800857.5,0,0,0,0,0,0,1,0,0
09-MAY-2026,JKW0351,0,0,0,0,0,0,0,0,0,0,1,0,0
09-MAY-2026,K001,6755151.49,0,6755151.49,730765,0,0,0,0,0,0,1,0,0
09-MAY-2026,K003,60320,0,60320,6113.5,0,0,0,0,0,0,1,0,0
09-MAY-2026,MK005,0,0,0,0,0,0,0,0,0,0,1,0,0
09-MAY-2026,MK015,24357785.68,0,24357785.68,1976805,0,0,0,0,0,0,1,0,0
09-MAY-2026,MU1042,3996097.6,0,3996097.6,347707.5,0,0,0,0,0,0,1,0,0
09-MAY-2026,MU1050,2427804,0,2427804,202317,0,0,0,0,0,0,1,0,0
09-MAY-2026,MU1204,142513.8,0,142513.8,11658,0,0,0,0,0,0,1,0,0
09-MAY-2026,MU208,23956834.48,0,23956834.48,1944265,0,0,0,0,0,0,1,0,0
09-MAY-2026,MU405,0,0,0,0,0,0,0,0,0,0,1,0,0
09-MAY-2026,MU426,589050.9,0,589050.9,48390,0,0,0,0,0,0,1,0,0
09-MAY-2026,MU470,7016646.08,0,7016646.08,569450,0,0,0,0,0,0,1,0,0
09-MAY-2026,MU817,5998991.43,0,5998991.43,659406,0,0,0,0,0,0,1,0,0
09-MAY-2026,NN103,0,0,0,0,0,0,0,0,0,0,1,0,0
09-MAY-2026,NN289,0,0,0,0,0,0,0,0,0,0,1,0,0
09-MAY-2026,NN411,0,0,0,0,0,0,0,0,0,0,1,0,0
09-MAY-2026,NN5023,0,0,0,0,0,0,0,0,0,0,1,0,0
09-MAY-2026,P051,135281.49,0,135281.49,10650,0,0,0,0,0,0,1,0,0
09-MAY-2026,PPJ007,0,0,0,0,0,0,0,0,0,0,1,0,0
09-MAY-2026,SVN004,1988254.81,0,1988254.81,162140,0,0,0,0,0,0,1,0,0
09-MAY-2026,T0001,0,0,0,0,0,0,0,0,0,0,1,0,0
09-MAY-2026,TP281,0,0,0,0,0,0,0,0,0,0,1,0,0
09-MAY-2026,VNS002,0,0,0,0,0,0,0,0,0,0,1,0,0
09-MAY-2026,YT009,0,0,0,0,0,0,0,0,0,0,1,0,0
09-MAY-2026,YT022,0,0,0,0,0,0,0,0,0,0,1,0,0
