09-MAY-2026,00471,134369826.29,0,134369826.29,11857189.5,0,0,0,0,0,0,2,0,0
09-MAY-2026,10010057,0,0,0,0,0,0,0,0,0,0,1,0,0
09-MAY-2026,10050008,0,0,0,0,0,0,0,0,0,0,1,0,0
09-MAY-2026,10050010,0,0,0,0,0,0,0,0,0,0,1,0,0
09-MAY-2026,10050014,0,0,0,0,0,0,0,0,0,0,1,0,0
09-MAY-2026,10050031,4191156,0,4191156,349263,0,0,0,0,0,0,1,0,0
09-MAY-2026,10050289,0,0,0,0,0,0,0,0,0,0,1,0,0
09-MAY-2026,10050309,0,0,0,0,0,0,0,0,0,0,1,0,0
09-MAY-2026,10050316,0,0,0,0,0,0,0,0,0,0,1,0,0
09-MAY-2026,10050322,8452190.25,0,8452190.25,670682.5,0,0,0,0,0,0,1,0,0
09-MAY-2026,10050435,12456548.66,0,12456548.66,986660,0,0,0,0,0,0,1,0,0
09-MAY-2026,10050447,0,0,0,0,0,0,0,0,0,0,1,0,0
09-MAY-2026,10050449,0,0,0,0,0,0,0,0,0,0,1,0,0
09-MAY-2026,10050454,0,0,0,0,0,0,0,0,0,0,1,0,0
09-MAY-2026,10050500,0,0,0,0,0,0,0,0,0,0,1,0,0
09-MAY-2026,10050510,0,0,0,0,0,0,0,0,0,0,1,0,0
09-MAY-2026,10050524,0,0,0,0,0,0,0,0,0,0,1,0,0
09-MAY-2026,10050526,0,0,0,0,0,0,0,0,0,0,1,0,0
09-MAY-2026,10050564,0,0,0,0,0,0,0,0,0,0,1,0,0
09-MAY-2026,10050565,11145,2550,13695,11383.5,0,0,0,0,0,0,1,0,0
09-MAY-2026,10050566,405585.34,0,405585.34,33818.5,0,0,0,0,0,0,1,0,0
09-MAY-2026,10050590,0,0,0,0,0,0,0,0,0,0,1,0,0
09-MAY-2026,10050596,0,0,0,0,0,0,0,0,0,0,1,0,0
09-MAY-2026,10050613,0,0,0,0,0,0,0,0,0,0,1,0,0
09-MAY-2026,10050618,0,0,0,0,0,0,0,0,0,0,1,0,0
09-MAY-2026,10050621,404820,0,404820,33735,0,0,0,0,0,0,1,0,0
09-MAY-2026,10050630,0,0,0,0,0,0,0,0,0,0,1,0,0
09-MAY-2026,10050646,0,0,0,0,0,0,0,0,0,0,1,0,0
09-MAY-2026,10050664,0,0,0,0,0,0,0,0,0,0,1,0,0
09-MAY-2026,10050685,269880,0,269880,22490,0,0,0,0,0,0,1,0,0
09-MAY-2026,10050702,0,0,0,0,0,0,0,0,0,0,1,0,0
09-MAY-2026,10050704,0,0,0,0,0,0,0,0,0,0,1,0,0
09-MAY-2026,10050708,0,0,0,0,0,0,0,0,0,0,1,0,0
09-MAY-2026,10050710,0,0,0,0,0,0,0,0,0,0,1,0,0
09-MAY-2026,1005A013,0,0,0,0,0,0,0,0,0,0,1,0,0
09-MAY-2026,1005A019,0,0,0,0,0,0,0,0,0,0,1,0,0
09-MAY-2026,1005A026,0,0,0,0,0,0,0,0,0,0,1,0,0
09-MAY-2026,1005A031,0,0,0,0,0,0,0,0,0,0,1,0,0
09-MAY-2026,1005A032,102708,0,102708,8559,0,0,0,0,0,0,1,0,0
09-MAY-2026,1005A037,674700,0,674700,56225,0,0,0,0,0,0,1,0,0
09-MAY-2026,11010008,0,0,0,0,0,0,0,0,0,0,1,0,0
09-MAY-2026,11010155,0,0,0,0,0,0,0,0,0,0,1,0,0
09-MAY-2026,11010689,0,0,0,0,0,0,0,0,0,0,1,0,0
09-MAY-2026,11017067,0,0,0,0,0,0,0,0,0,0,1,0,0
09-MAY-2026,11017749,0,0,0,0,0,0,0,0,0,0,1,0,0
09-MAY-2026,11018067,0,0,0,0,0,0,0,0,0,0,1,0,0
09-MAY-2026,11020142,0,0,0,0,0,0,0,0,0,0,1,0,0
09-MAY-2026,11020194,0,0,0,0,0,0,0,0,0,0,1,0,0
09-MAY-2026,11020565,0,0,0,0,0,0,0,0,0,0,1,0,0
09-MAY-2026,11022696,0,0,0,0,0,0,0,0,0,0,1,0,0
09-MAY-2026,11027050,0,0,0,0,0,0,0,0,0,0,1,0,0
09-MAY-2026,11027101,0,0,0,0,0,0,0,0,0,0,1,0,0
09-MAY-2026,11027898,0,0,0,0,0,0,0,0,0,0,1,0,0
09-MAY-2026,11027932,0,0,0,0,0,0,0,0,0,0,1,0,0
09-MAY-2026,11027955,0,0,0,0,0,0,0,0,0,0,1,0,0
09-MAY-2026,11027998,0,0,0,0,0,0,0,0,0,0,1,0,0
09-MAY-2026,11028132,0,0,0,0,0,0,0,0,0,0,1,0,0
09-MAY-2026,1102A001,0,0,0,0,0,0,0,0,0,0,1,0,0
09-MAY-2026,11030899,0,0,0,0,0,0,0,0,0,0,1,0,0
09-MAY-2026,11030916,0,0,0,0,0,0,0,0,0,0,1,0,0
09-MAY-2026,11031418,3194337.3,0,3194337.3,284451.5,0,0,0,0,0,0,1,0,0
09-MAY-2026,11031426,0,0,0,0,0,0,0,0,0,0,1,0,0
09-MAY-2026,11031428,0,0,0,0,0,0,0,0,0,0,1,0,0
09-MAY-2026,11031441,0,0,0,0,0,0,0,0,0,0,1,0,0
09-MAY-2026,11031442,0,0,0,0,0,0,0,0,0,0,1,0,0
09-MAY-2026,11031500,0,0,0,0,0,0,0,0,0,0,1,0,0
09-MAY-2026,11032171,0,0,0,0,0,0,0,0,0,0,1,0,0
09-MAY-2026,11032200,0,0,0,0,0,0,0,0,0,0,1,0,0
09-MAY-2026,11032223,0,0,0,0,0,0,0,0,0,0,1,0,0
09-MAY-2026,11032237,0,0,0,0,0,0,0,0,0,0,1,0,0
09-MAY-2026,11032404,1129788,0,1129788,94149,0,0,0,0,0,0,1,0,0
09-MAY-2026,11032492,102206.74,0,102206.74,8205.5,0,0,0,0,0,0,1,0,0
09-MAY-2026,11032523,269880,0,269880,22490,0,0,0,0,0,0,1,0,0
09-MAY-2026,11032569,0,0,0,0,0,0,0,0,0,0,1,0,0
09-MAY-2026,11032663,0,0,0,0,0,0,0,0,0,0,1,0,0
09-MAY-2026,11032721,0,0,0,0,0,0,0,0,0,0,1,0,0
09-MAY-2026,11032723,0,0,0,0,0,0,0,0,0,0,1,0,0
09-MAY-2026,11032736,0,0,0,0,0,0,0,0,0,0,1,0,0
09-MAY-2026,11035703,0,0,0,0,0,0,0,0,0,0,1,0,0
09-MAY-2026,11035723,0,0,0,0,0,0,0,0,0,0,1,0,0
09-MAY-2026,11035727,0,0,0,0,0,0,0,0,0,0,1,0,0
09-MAY-2026,11035823,0,0,0,0,0,0,0,0,0,0,1,0,0
09-MAY-2026,11035846,479304,0,479304,39942,0,0,0,0,0,0,1,0,0
09-MAY-2026,11036009,0,0,0,0,0,0,0,0,0,0,1,0,0
09-MAY-2026,11036163,309995.34,0,309995.34,97200,0,0,0,0,0,0,1,0,0
09-MAY-2026,11036270,0,0,0,0,0,0,0,0,0,0,1,0,0
09-MAY-2026,11036443,102206.74,0,102206.74,8205.5,0,0,0,0,0,0,1,0,0
09-MAY-2026,11036578,0,0,0,0,0,0,0,0,0,0,1,0,0
09-MAY-2026,11036731,100237.8,0,100237.8,8135,0,0,0,0,0,0,1,0,0
09-MAY-2026,11036733,0,0,0,0,0,0,0,0,0,0,1,0,0
09-MAY-2026,11036734,0,0,0,0,0,0,0,0,0,0,1,0,0
09-MAY-2026,11036760,0,0,0,0,0,0,0,0,0,0,1,0,0
09-MAY-2026,11036868,0,0,0,0,0,0,0,0,0,0,1,0,0
09-MAY-2026,11036900,0,0,0,0,0,0,0,0,0,0,1,0,0
09-MAY-2026,11036913,0,0,0,0,0,0,0,0,0,0,1,0,0
09-MAY-2026,11036934,0,0,0,0,0,0,0,0,0,0,1,0,0
09-MAY-2026,11036947,0,0,0,0,0,0,0,0,0,0,1,0,0
09-MAY-2026,11037050,981751.5,0,981751.5,80650,0,0,0,0,0,0,1,0,0
09-MAY-2026,11037052,1284936,0,1284936,107078,0,0,0,0,0,0,1,0,0
09-MAY-2026,11037098,0,0,0,0,0,0,0,0,0,0,1,0,0
09-MAY-2026,11037179,1891164,0,1891164,157597,0,0,0,0,0,0,1,0,0
09-MAY-2026,11037215,0,0,0,0,0,0,0,0,0,0,1,0,0
09-MAY-2026,11037261,0,0,0,0,0,0,0,0,0,0,1,0,0
09-MAY-2026,11037316,0,0,0,0,0,0,0,0,0,0,1,0,0
09-MAY-2026,11037353,751846.97,0,751846.97,61407,0,0,0,0,0,0,1,0,0
09-MAY-2026,11037369,0,0,0,0,0,0,0,0,0,0,1,0,0
09-MAY-2026,11037488,0,0,0,0,0,0,0,0,0,0,1,0,0
09-MAY-2026,11037533,0,0,0,0,0,0,0,0,0,0,1,0,0
09-MAY-2026,11037537,0,0,0,0,0,0,0,0,0,0,1,0,0
09-MAY-2026,11037576,0,0,0,0,0,0,0,0,0,0,1,0,0
09-MAY-2026,11037618,0,0,0,0,0,0,0,0,0,0,1,0,0
09-MAY-2026,11037672,0,0,0,0,0,0,0,0,0,0,1,0,0
09-MAY-2026,11037693,1146990,0,1146990,95582.5,0,0,0,0,0,0,1,0,0
09-MAY-2026,11037695,0,0,0,0,0,0,0,0,0,0,1,0,0
09-MAY-2026,11037773,0,0,0,0,0,0,0,0,0,0,1,0,0
09-MAY-2026,11037817,0,0,0,0,0,0,0,0,0,0,1,0,0
09-MAY-2026,11037820,0,0,0,0,0,0,0,0,0,0,1,0,0
09-MAY-2026,11038022,0,0,0,0,0,0,0,0,0,0,1,0,0
09-MAY-2026,11038034,0,0,0,0,0,0,0,0,0,0,1,0,0
09-MAY-2026,11038037,0,0,0,0,0,0,0,0,0,0,1,0,0
09-MAY-2026,11038041,0,0,0,0,0,0,0,0,0,0,1,0,0
09-MAY-2026,11038042,0,0,0,0,0,0,0,0,0,0,1,0,0
09-MAY-2026,11038068,0,0,0,0,0,0,0,0,0,0,1,0,0
09-MAY-2026,11038071,0,0,0,0,0,0,0,0,0,0,1,0,0
09-MAY-2026,11038073,0,0,0,0,0,0,0,0,0,0,1,0,0
09-MAY-2026,11038113,272054.23,0,272054.23,21736,0,0,0,0,0,0,1,0,0
09-MAY-2026,11038232,0,0,0,0,0,0,0,0,0,0,1,0,0
09-MAY-2026,11038233,0,0,0,0,0,0,0,0,0,0,1,0,0
09-MAY-2026,1103A001,0,0,0,0,0,0,0,0,0,0,1,0,0
09-MAY-2026,1103A020,0,0,0,0,0,0,0,0,0,0,1,0,0
09-MAY-2026,1103A046,0,0,0,0,0,0,0,0,0,0,1,0,0
09-MAY-2026,1103A051,0,0,0,0,0,0,0,0,0,0,1,0,0
09-MAY-2026,1103A076,0,0,0,0,0,0,0,0,0,0,1,0,0
09-MAY-2026,1103A078,0,0,0,0,0,0,0,0,0,0,1,0,0
09-MAY-2026,1103A079,0,0,0,0,0,0,0,0,0,0,1,0,0
09-MAY-2026,1103A081,1948674.01,0,1948674.01,160208,0,0,0,0,0,0,1,0,0
09-MAY-2026,1103A108,0,0,0,0,0,0,0,0,0,0,1,0,0
09-MAY-2026,1103A113,0,0,0,0,0,0,0,0,0,0,1,0,0
09-MAY-2026,1103A116,0,0,0,0,0,0,0,0,0,0,1,0,0
09-MAY-2026,1103A123,0,0,0,0,0,0,0,0,0,0,1,0,0
09-MAY-2026,1103A131,0,0,0,0,0,0,0,0,0,0,1,0,0
09-MAY-2026,11041082,0,0,0,0,0,0,0,0,0,0,1,0,0
09-MAY-2026,11041281,0,0,0,0,0,0,0,0,0,0,1,0,0
09-MAY-2026,11041282,2212549.06,0,2212549.06,222337,0,0,0,0,0,0,1,0,0
09-MAY-2026,11041283,0,0,0,0,0,0,0,0,0,0,1,0,0
09-MAY-2026,11041284,14238385.94,0,14238385.94,1141374,0,0,0,0,0,0,1,0,0
09-MAY-2026,11041285,142812,0,142812,11901,0,0,0,0,0,0,1,0,0
09-MAY-2026,11041286,1183197.6,0,1183197.6,98163.5,0,0,0,0,0,0,1,0,0
09-MAY-2026,11041289,142812,0,142812,11901,0,0,0,0,0,0,1,0,0
09-MAY-2026,11041298,0,0,0,0,0,0,0,0,0,0,1,0,0
09-MAY-2026,11041304,6511229.5,0,6511229.5,529117.5,0,0,0,0,0,0,1,0,0
09-MAY-2026,11041306,1349400,0,1349400,112450,0,0,0,0,0,0,1,0,0
09-MAY-2026,11041307,6949410,0,6949410,579117.5,0,0,0,0,0,0,1,0,0
09-MAY-2026,11041308,0,0,0,0,0,0,0,0,0,0,1,0,0
09-MAY-2026,11041318,146628,0,146628,12219,0,0,0,0,0,0,1,0,0
09-MAY-2026,11041322,0,0,0,0,0,0,0,0,0,0,1,0,0
09-MAY-2026,11041326,9596260.8,0,9596260.8,1054280,0,0,0,0,0,0,1,0,0
09-MAY-2026,11041329,0,0,0,0,0,0,0,0,0,0,1,0,0
09-MAY-2026,11041330,0,0,0,0,0,0,0,0,0,0,1,0,0
09-MAY-2026,11041338,0,0,0,0,0,0,0,0,0,0,1,0,0
09-MAY-2026,11041339,6207240,0,6207240,517270,0,0,0,0,0,0,1,0,0
09-MAY-2026,11041341,539760,0,539760,44980,0,0,0,0,0,0,1,0,0
09-MAY-2026,11041350,98175.15,0,98175.15,8065,0,0,0,0,0,0,1,0,0
09-MAY-2026,11041354,0,0,0,0,0,0,0,0,0,0,1,0,0
09-MAY-2026,11041374,0,0,0,0,0,0,0,0,0,0,1,0,0
09-MAY-2026,11041375,0,0,0,0,0,0,0,0,0,0,1,0,0
09-MAY-2026,11041376,0,0,0,0,0,0,0,0,0,0,1,0,0
09-MAY-2026,11041386,5041560,0,5041560,420130,0,0,0,0,0,0,1,0,0
09-MAY-2026,11041388,392700.6,0,392700.6,32260,0,0,0,0,0,0,1,0,0
09-MAY-2026,11041390,1813516.46,0,1813516.46,149256,0,0,0,0,0,0,1,0,0
09-MAY-2026,11041391,0,0,0,0,0,0,0,0,0,0,1,0,0
09-MAY-2026,11041396,3289283.57,0,3289283.57,267825,0,0,0,0,0,0,1,0,0
09-MAY-2026,11041401,8920317.6,0,8920317.6,741746.5,0,0,0,0,0,0,1,0,0
09-MAY-2026,11041408,0,0,0,0,0,0,0,0,0,0,1,0,0
09-MAY-2026,11041412,7691580,0,7691580,640965,0,0,0,0,0,0,1,0,0
09-MAY-2026,11041413,5262660,0,5262660,438555,0,0,0,0,0,0,1,0,0
09-MAY-2026,11041414,4925310,0,4925310,410442.5,0,0,0,0,0,0,1,0,0
09-MAY-2026,11041415,5802420,0,5802420,483535,0,0,0,0,0,0,1,0,0
09-MAY-2026,11041426,392700.6,0,392700.6,32260,0,0,0,0,0,0,1,0,0
09-MAY-2026,11041436,0,0,0,0,0,0,0,0,0,0,1,0,0
09-MAY-2026,11041450,1652640,0,1652640,137720,0,0,0,0,0,0,1,0,0
09-MAY-2026,11041459,138264,0,138264,11522,0,0,0,0,0,0,1,0,0
09-MAY-2026,11041460,0,0,0,0,0,0,0,0,0,0,1,0,0
09-MAY-2026,11041468,0,0,0,0,0,0,0,0,0,0,1,0,0
09-MAY-2026,11041470,67470,0,67470,5622.5,0,0,0,0,0,0,1,0,0
09-MAY-2026,11041471,67470,0,67470,5622.5,0,0,0,0,0,0,1,0,0
09-MAY-2026,11041472,135110.74,0,135110.74,10947.5,0,0,0,0,0,0,1,0,0
09-MAY-2026,11041473,67640.74,0,67640.74,5325,0,0,0,0,0,0,1,0,0
09-MAY-2026,11041485,0,0,0,0,0,0,0,0,0,0,1,0,0
09-MAY-2026,11041486,0,0,0,0,0,0,0,0,0,0,1,0,0
09-MAY-2026,11041487,0,0,0,0,0,0,0,0,0,0,1,0,0
09-MAY-2026,11041519,0,0,0,0,0,0,0,0,0,0,1,0,0
09-MAY-2026,11041520,134940,0,134940,11245,0,0,0,0,0,0,1,0,0
09-MAY-2026,11041523,366570,0,366570,30547.5,0,0,0,0,0,0,1,0,0
09-MAY-2026,11041525,14000070,0,14000070,1166672.5,0,0,113640,0,0,0,1,0,0
09-MAY-2026,11041526,11937702,0,11937702,994808.5,0,0,113640,0,0,0,1,0,0
09-MAY-2026,11041532,0,0,0,0,0,0,0,0,0,0,1,0,0
09-MAY-2026,11041550,4870133.5,0,4870133.5,383400,0,0,0,0,0,0,1,0,0
09-MAY-2026,11041555,2500317.09,0,2500317.09,201190,0,0,0,0,0,0,1,0,0
09-MAY-2026,11041563,3562950,0,3562950,296912.5,0,0,0,0,0,0,1,0,0
09-MAY-2026,11041565,0,0,0,0,0,0,0,0,0,0,1,0,0
09-MAY-2026,11041568,0,0,0,0,0,0,0,0,0,0,1,0,0
09-MAY-2026,11041571,0,0,0,0,0,0,0,0,0,0,1,0,0
09-MAY-2026,11041577,34566,0,34566,2880.5,0,0,0,0,0,0,1,0,0
09-MAY-2026,11041578,294525.45,0,294525.45,24195,0,0,0,0,0,0,1,0,0
09-MAY-2026,11041582,0,0,0,0,0,0,0,0,0,0,1,0,0
09-MAY-2026,11041583,0,0,0,0,0,0,0,0,0,0,1,0,0
09-MAY-2026,11041584,0,0,0,0,0,0,0,0,0,0,1,0,0
09-MAY-2026,11041585,0,0,0,0,0,0,0,0,0,0,1,0,0
09-MAY-2026,11041588,0,0,0,0,0,0,0,0,0,0,1,0,0
09-MAY-2026,11041591,0,0,0,0,0,0,0,0,0,0,1,0,0
09-MAY-2026,11041593,2781906.61,0,2781906.61,226940,0,0,0,0,0,0,1,0,0
09-MAY-2026,11041596,196350.3,0,196350.3,16130,0,0,0,0,0,0,1,0,0
09-MAY-2026,11041599,1481430,0,1481430,141815,0,0,0,0,0,0,1,0,0
09-MAY-2026,11041605,0,0,0,0,0,0,0,0,0,0,1,0,0
09-MAY-2026,11041606,0,0,0,0,0,0,0,0,0,0,1,0,0
09-MAY-2026,11041609,2401022.4,0,2401022.4,197383,0,0,0,0,0,0,1,0,0
09-MAY-2026,11041610,666792,0,666792,55566,0,0,0,0,0,0,1,0,0
09-MAY-2026,11041611,0,0,0,0,0,0,0,0,0,0,1,0,0
09-MAY-2026,11041612,0,0,0,0,0,0,0,0,0,0,1,0,0
09-MAY-2026,11041614,710928,0,710928,59244,0,0,0,0,0,0,1,0,0
09-MAY-2026,11041615,0,0,0,0,0,0,0,0,0,0,1,0,0
09-MAY-2026,11041618,0,0,0,0,0,0,0,0,0,0,1,0,0
09-MAY-2026,11041623,0,0,0,0,0,0,0,0,0,0,1,0,0
09-MAY-2026,11041624,2015424,0,2015424,167952,0,0,0,0,0,0,1,0,0
09-MAY-2026,11041625,1956478.84,0,1956478.84,151090,0,0,0,0,0,0,1,0,0
09-MAY-2026,11041626,289060,0,289060,29522.5,0,0,0,0,0,0,1,0,0
09-MAY-2026,11041627,614172,0,614172,51181,0,0,0,0,0,0,1,0,0
09-MAY-2026,11041628,1099980,0,1099980,91665,0,0,0,0,0,0,1,0,0
09-MAY-2026,11041629,896280,0,896280,74690,0,0,0,0,0,0,1,0,0
09-MAY-2026,11041635,0,0,0,0,0,0,0,0,0,0,1,0,0
09-MAY-2026,11041637,2391679.21,0,2391679.21,193114,0,0,0,0,0,0,1,0,0
09-MAY-2026,11041639,0,0,0,0,0,0,0,0,0,0,1,0,0
09-MAY-2026,11041641,490875.75,0,490875.75,40325,0,0,0,0,0,0,1,0,0
09-MAY-2026,11041642,0,0,0,0,0,0,0,0,0,0,1,0,0
09-MAY-2026,11041645,530044.74,0,530044.74,42980,0,0,0,0,0,0,1,0,0
09-MAY-2026,11041647,196350.3,0,196350.3,16130,0,0,0,0,0,0,1,0,0
09-MAY-2026,11041649,1576990.35,0,1576990.35,129250,0,0,0,0,0,0,1,0,0
09-MAY-2026,11041651,200475.6,0,200475.6,16270,0,0,0,0,0,0,1,0,0
09-MAY-2026,11041657,214218,0,214218,17851.5,0,0,0,0,0,0,1,0,0
09-MAY-2026,11041666,0,0,0,0,0,0,0,0,0,0,1,0,0
09-MAY-2026,11041667,71406,0,71406,5950.5,0,0,0,0,0,0,1,0,0
09-MAY-2026,11041668,2004756.02,0,2004756.02,162700,0,0,0,0,0,0,1,0,0
09-MAY-2026,1104167,0,0,0,0,0,0,0,0,0,0,1,0,0
09-MAY-2026,11041671,1717974,0,1717974,143164.5,0,0,0,0,0,0,1,0,0
09-MAY-2026,11041672,0,0,0,0,0,0,0,0,0,0,1,0,0
09-MAY-2026,11041674,1418532,0,1418532,118211,0,0,0,0,0,0,1,0,0
09-MAY-2026,11041675,0,0,0,0,0,0,0,0,0,0,1,0,0
09-MAY-2026,11041692,0,0,0,0,0,0,0,0,0,0,1,0,0
09-MAY-2026,11041694,196350.3,0,196350.3,16130,0,0,0,0,0,0,1,0,0
09-MAY-2026,11041696,0,0,0,0,0,0,0,0,0,0,1,0,0
09-MAY-2026,11041697,12605976,0,12605976,1050498,0,0,0,0,0,0,1,0,0
09-MAY-2026,11041701,0,0,0,0,0,0,0,0,0,0,1,0,0
09-MAY-2026,11041710,3508440,0,3508440,292370,0,0,0,0,0,0,1,0,0
09-MAY-2026,11041711,3508440,0,3508440,292370,0,0,0,0,0,0,1,0,0
09-MAY-2026,11041713,2405707.23,0,2405707.23,195240,0,0,0,0,0,0,1,0,0
09-MAY-2026,11041715,0,0,0,0,0,0,0,0,0,0,1,0,0
09-MAY-2026,11041717,196350.3,0,196350.3,16130,0,0,0,0,0,0,1,0,0
09-MAY-2026,11041718,0,0,0,0,0,0,0,0,0,0,1,0,0
09-MAY-2026,11041720,0,0,0,0,0,0,0,0,0,0,1,0,0
09-MAY-2026,11041736,0,0,0,0,0,0,0,0,0,0,1,0,0
09-MAY-2026,11041743,0,0,0,0,0,0,0,0,0,0,1,0,0
09-MAY-2026,11041744,0,0,0,0,0,0,0,0,0,0,1,0,0
09-MAY-2026,11041745,0,0,0,0,0,0,0,0,0,0,1,0,0
09-MAY-2026,11041747,0,0,0,0,0,0,0,0,0,0,1,0,0
09-MAY-2026,11041748,0,0,0,0,0,0,0,0,0,0,1,0,0
09-MAY-2026,11041749,0,0,0,0,0,0,0,0,0,0,1,0,0
09-MAY-2026,11041751,0,0,0,0,0,0,0,0,0,0,1,0,0
09-MAY-2026,11041752,0,0,0,0,0,0,0,0,0,0,1,0,0
09-MAY-2026,11041753,0,0,0,0,0,0,0,0,0,0,1,0,0
09-MAY-2026,11041756,0,0,0,0,0,0,0,0,0,0,1,0,0
09-MAY-2026,11041758,98175.15,0,98175.15,8065,0,0,0,0,0,0,1,0,0
09-MAY-2026,11041759,196350.3,0,196350.3,16130,0,0,0,0,0,0,1,0,0
09-MAY-2026,11041767,196350.3,0,196350.3,16130,0,0,0,0,0,0,1,0,0
09-MAY-2026,11041771,0,0,0,0,0,0,0,0,0,0,1,0,0
09-MAY-2026,11041773,0,0,0,0,0,0,0,0,0,0,1,0,0
09-MAY-2026,11041774,337350,0,337350,28112.5,0,0,0,0,0,0,1,0,0
09-MAY-2026,11047488,0,0,0,0,0,0,0,0,0,0,1,0,0
09-MAY-2026,1104A002,0,0,0,0,0,0,0,0,0,0,1,0,0
09-MAY-2026,1104A005,0,0,0,0,0,0,0,0,0,0,1,0,0
09-MAY-2026,1104A006,98175.15,0,98175.15,8065,0,0,0,0,0,0,1,0,0
09-MAY-2026,1104A013,196350.3,0,196350.3,16130,0,0,0,0,0,0,1,0,0
09-MAY-2026,1104A014,0,0,0,0,0,0,0,0,0,0,1,0,0
09-MAY-2026,1104A016,0,0,0,0,0,0,0,0,0,0,1,0,0
09-MAY-2026,1104A020,0,0,0,0,0,0,0,0,0,0,1,0,0
09-MAY-2026,1104A021,0,0,0,0,0,0,0,0,0,0,1,0,0
09-MAY-2026,1104A022,144720,0,144720,12060,0,0,0,0,0,0,1,0,0
09-MAY-2026,1104A024,73314,0,73314,6109.5,0,0,0,0,0,0,1,0,0
09-MAY-2026,11050593,0,0,0,0,0,0,0,0,0,0,1,0,0
09-MAY-2026,11050664,0,0,0,0,0,0,0,0,0,0,1,0,0
09-MAY-2026,11054311,0,0,0,0,0,0,0,0,0,0,1,0,0
09-MAY-2026,11054462,0,0,0,0,0,0,0,0,0,0,1,0,0
09-MAY-2026,11059074,0,0,0,0,0,0,0,0,0,0,1,0,0
09-MAY-2026,11059112,0,0,0,0,0,0,0,0,0,0,1,0,0
09-MAY-2026,11059745,0,0,0,0,0,0,0,0,0,0,1,0,0
09-MAY-2026,11059816,0,0,0,0,0,0,0,0,0,0,1,0,0
09-MAY-2026,11059846,0,0,0,0,0,0,0,0,0,0,1,0,0
09-MAY-2026,11059953,0,0,0,0,0,0,0,0,0,0,1,0,0
09-MAY-2026,11060019,650458.97,0,650458.97,52958,0,0,0,0,0,0,1,0,0
09-MAY-2026,11060020,1899395.66,0,1899395.66,154230.5,0,0,0,0,0,0,1,0,0
09-MAY-2026,11060035,0,0,0,0,0,0,0,0,0,0,1,0,0
09-MAY-2026,11060059,42276,0,42276,3523,0,0,0,0,0,0,1,0,0
09-MAY-2026,11060064,4058444.58,0,4058444.58,319500,0,0,0,0,0,0,1,0,0
09-MAY-2026,11060090,0,0,0,0,0,0,0,0,0,0,1,0,0
09-MAY-2026,11060092,0,0,0,0,0,0,0,0,0,0,1,0,0
09-MAY-2026,11060097,0,0,0,0,0,0,0,0,0,0,1,0,0
09-MAY-2026,11060110,0,0,0,0,0,0,0,0,0,0,1,0,0
09-MAY-2026,11060158,0,0,0,0,0,0,0,0,0,0,1,0,0
09-MAY-2026,11060346,0,0,0,0,0,0,0,0,0,0,1,0,0
09-MAY-2026,11060347,0,0,0,0,0,0,0,0,0,0,1,0,0
09-MAY-2026,11060360,380226,0,380226,31685.5,0,0,0,0,0,0,1,0,0
09-MAY-2026,11060361,0,0,0,0,0,0,0,0,0,0,1,0,0
09-MAY-2026,11060548,0,0,0,0,0,0,0,0,0,0,1,0,0
09-MAY-2026,11060665,0,0,0,0,0,0,0,0,0,0,1,0,0
09-MAY-2026,11060706,0,0,0,0,0,0,0,0,0,0,1,0,0
09-MAY-2026,11060711,0,0,0,0,0,0,0,0,0,0,1,0,0
09-MAY-2026,11060714,0,0,0,0,0,0,0,0,0,0,1,0,0
09-MAY-2026,11060722,34566,0,34566,2880.5,0,0,0,0,0,0,1,0,0
09-MAY-2026,11060745,0,0,0,0,0,0,0,0,0,0,1,0,0
09-MAY-2026,11060746,0,0,0,0,0,0,0,0,0,0,1,0,0
09-MAY-2026,11064732,0,0,0,0,0,0,0,0,0,0,1,0,0
09-MAY-2026,11064743,0,0,0,0,0,0,0,0,0,0,1,0,0
09-MAY-2026,11064875,0,0,0,0,0,0,0,0,0,0,1,0,0
09-MAY-2026,11067469,0,0,0,0,0,0,0,0,0,0,1,0,0
09-MAY-2026,11071710,0,0,0,0,0,0,0,0,0,0,1,0,0
09-MAY-2026,11071711,0,0,0,0,0,0,0,0,0,0,1,0,0
09-MAY-2026,11076015,0,0,0,0,0,0,0,0,0,0,1,0,0
09-MAY-2026,11076018,65449.58,0,65449.58,5622.5,0,0,0,0,0,0,1,0,0
09-MAY-2026,11076026,0,0,0,0,0,0,0,0,0,0,1,0,0
09-MAY-2026,11076028,0,0,0,0,0,0,0,0,0,0,1,0,0
09-MAY-2026,11076033,101706,0,101706,8475.5,0,0,0,0,0,0,1,0,0
09-MAY-2026,11076034,1314741.52,0,1314741.52,145852.5,0,0,0,0,0,0,1,0,0
09-MAY-2026,11076042,0,0,0,0,0,0,0,0,0,0,1,0,0
09-MAY-2026,11076049,0,0,0,0,0,0,0,0,0,0,1,0,0
09-MAY-2026,11076056,0,0,0,0,0,0,0,0,0,0,1,0,0
09-MAY-2026,11076060,0,0,0,0,0,0,0,0,0,0,1,0,0
09-MAY-2026,11076078,0,0,0,0,0,0,0,0,0,0,1,0,0
09-MAY-2026,11076079,0,0,0,0,0,0,0,0,0,0,1,0,0
09-MAY-2026,11076109,33949.3,0,33949.3,2853,0,0,0,0,0,0,1,0,0
09-MAY-2026,11076119,1972334.1,0,1972334.1,172665.5,0,0,0,0,0,0,1,0,0
09-MAY-2026,11076123,0,0,0,0,0,0,0,0,0,0,1,0,0
09-MAY-2026,11076138,269880,0,269880,22490,0,0,0,0,0,0,1,0,0
09-MAY-2026,11076139,0,0,0,0,0,0,0,0,0,0,1,0,0
09-MAY-2026,1107628,0,0,0,0,0,0,0,0,0,0,1,0,0
09-MAY-2026,1107634,0,0,0,0,0,0,0,0,0,0,1,0,0
09-MAY-2026,1107A001,0,0,0,0,0,0,0,0,0,0,1,0,0
09-MAY-2026,1107A002,239113.8,0,239113.8,19708,0,0,0,0,0,0,1,0,0
09-MAY-2026,1107A007,0,0,0,0,0,0,0,0,0,0,1,0,0
09-MAY-2026,1107A016,0,0,0,0,0,0,0,0,0,0,1,0,0
09-MAY-2026,1107A018,0,0,0,0,0,0,0,0,0,0,1,0,0
09-MAY-2026,11088306,0,0,0,0,0,0,0,0,0,0,1,0,0
09-MAY-2026,11088307,3907111.9,0,3907111.9,297509,0,0,0,0,0,0,1,0,0
09-MAY-2026,11088329,0,0,0,0,0,0,0,0,0,0,1,0,0
09-MAY-2026,11088343,0,0,0,0,0,0,0,0,0,0,1,0,0
09-MAY-2026,11088436,0,0,0,0,0,0,0,0,0,0,1,0,0
09-MAY-2026,11088439,0,0,0,0,0,0,0,0,0,0,1,0,0
09-MAY-2026,11088442,0,0,0,0,0,0,0,0,0,0,1,0,0
09-MAY-2026,11088443,0,0,0,0,0,0,0,0,0,0,1,0,0
09-MAY-2026,11088485,1214460,0,1214460,101205,0,0,0,0,0,0,1,0,0
09-MAY-2026,11098280,3889189.21,0,3889189.21,311006.5,0,0,0,0,0,0,1,0,0
09-MAY-2026,11098286,0,0,0,0,0,0,0,0,0,0,1,0,0
09-MAY-2026,11098309,185188.35,0,185188.35,13965,0,0,0,0,0,0,1,0,0
09-MAY-2026,11098322,0,0,0,0,0,0,0,0,0,0,1,0,0
09-MAY-2026,110983229,0,0,0,0,0,0,0,0,0,0,1,0,0
09-MAY-2026,11098328,169506,0,169506,14125.5,0,0,0,0,0,0,1,0,0
09-MAY-2026,11098329,5095626.65,0,5095626.65,414325,0,0,0,0,0,0,1,0,0
09-MAY-2026,11098331,0,0,0,0,0,0,0,0,0,0,1,0,0
09-MAY-2026,11098337,0,0,0,0,0,0,0,0,0,0,1,0,0
09-MAY-2026,11098339,0,0,0,0,0,0,0,0,0,0,1,0,0
09-MAY-2026,11098343,348350.74,0,348350.74,28717.5,0,0,0,0,0,0,1,0,0
09-MAY-2026,11098344,2483269.16,0,2483269.16,201724,0,0,0,0,0,0,1,0,0
09-MAY-2026,11098370,0,0,0,0,0,0,0,0,0,0,1,0,0
09-MAY-2026,11098375,0,0,0,0,0,0,0,0,0,0,1,0,0
09-MAY-2026,11098379,0,0,0,0,0,0,0,0,0,0,1,0,0
09-MAY-2026,11098385,322202.4,0,322202.4,24148,0,0,0,0,0,0,1,0,0
09-MAY-2026,11098388,0,0,0,0,0,0,0,0,0,0,1,0,0
09-MAY-2026,11098401,0,0,0,0,0,0,0,0,0,0,1,0,0
09-MAY-2026,11098422,2945254.49,0,2945254.49,241950,0,0,0,0,0,0,1,0,0
09-MAY-2026,11098440,518616,0,518616,43218,0,0,0,0,0,0,1,0,0
09-MAY-2026,11098441,10400264.3,0,10400264.3,809942.5,0,0,0,0,0,0,1,0,0
09-MAY-2026,11098442,0,0,0,0,0,0,0,0,0,0,1,0,0
09-MAY-2026,11098501,0,0,0,0,0,0,0,0,0,0,1,0,0
09-MAY-2026,11098508,0,0,0,0,0,0,0,0,0,0,1,0,0
09-MAY-2026,11098515,0,0,0,0,0,0,0,0,0,0,1,0,0
09-MAY-2026,11098518,0,0,0,0,0,0,0,0,0,0,1,0,0
09-MAY-2026,11098520,0,0,0,0,0,0,0,0,0,0,1,0,0
09-MAY-2026,11098531,501189.01,0,501189.01,40675,0,0,0,0,0,0,1,0,0
09-MAY-2026,11098532,1205619.59,0,1205619.59,96415,0,0,0,0,0,0,1,0,0
09-MAY-2026,11098534,343968,0,343968,28664,0,0,0,0,0,0,1,0,0
09-MAY-2026,11098557,0,0,0,0,0,0,0,0,0,0,1,0,0
09-MAY-2026,11098574,0,0,0,0,0,0,0,0,0,0,1,0,0
09-MAY-2026,11098646,0,0,0,0,0,0,0,0,0,0,1,0,0
09-MAY-2026,11098650,811688.92,0,811688.92,63900,0,0,0,0,0,0,1,0,0
09-MAY-2026,11098654,0,0,0,0,0,0,0,0,0,0,1,0,0
09-MAY-2026,11098673,2774922.77,0,2774922.77,220530,0,0,0,0,0,0,1,0,0
09-MAY-2026,11098695,0,0,0,0,0,0,0,0,0,0,1,0,0
09-MAY-2026,1109A018,0,0,0,0,0,0,0,0,0,0,1,0,0
09-MAY-2026,1109A024,0,0,0,0,0,0,0,0,0,0,1,0,0
09-MAY-2026,1109A026,0,0,0,0,0,0,0,0,0,0,1,0,0
09-MAY-2026,1109A035,87013.2,0,87013.2,5900,0,0,0,0,0,0,1,0,0
09-MAY-2026,11100030,0,0,0,0,0,0,0,0,0,0,1,0,0
09-MAY-2026,11100031,0,0,0,0,0,0,0,0,0,0,1,0,0
09-MAY-2026,11100127,0,0,0,0,0,0,0,0,0,0,1,0,0
09-MAY-2026,11100152,0,0,0,0,0,0,0,0,0,0,1,0,0
09-MAY-2026,11100156,0,0,0,0,0,0,0,0,0,0,1,0,0
09-MAY-2026,11100190,0,0,0,0,0,0,0,0,0,0,1,0,0
09-MAY-2026,11100202,1643328,0,1643328,136944,0,0,0,0,0,0,1,0,0
09-MAY-2026,11331116,0,0,0,0,0,0,0,0,0,0,1,0,0
09-MAY-2026,11341870,0,0,0,0,0,0,0,0,0,0,1,0,0
09-MAY-2026,11401390,0,0,0,0,0,0,0,0,0,0,1,0,0
09-MAY-2026,1141285,0,0,0,0,0,0,0,0,0,0,1,0,0
09-MAY-2026,1141286,0,0,0,0,0,0,0,0,0,0,1,0,0
09-MAY-2026,11636415,480234,0,480234,40019.5,0,0,28410,0,0,0,1,0,0
09-MAY-2026,11636449,0,0,0,0,0,0,0,0,0,0,1,0,0
09-MAY-2026,11636455,0,0,0,0,0,0,0,0,0,0,1,0,0
09-MAY-2026,11636467,0,0,0,0,0,0,0,0,0,0,1,0,0
09-MAY-2026,11738718,0,0,0,0,0,0,0,0,0,0,1,0,0
09-MAY-2026,11889827,0,0,0,0,0,0,0,0,0,0,1,0,0
09-MAY-2026,11908329,0,0,0,0,0,0,0,0,0,0,1,0,0
09-MAY-2026,1192K777,0,0,0,0,0,0,0,0,0,0,1,0,0
09-MAY-2026,1192M999,0,0,0,0,0,0,0,0,0,0,1,0,0
09-MAY-2026,1192P786,100237.8,0,100237.8,8135,0,0,0,0,0,0,1,0,0
09-MAY-2026,1192S222,0,0,0,0,0,0,0,0,0,0,1,0,0
09-MAY-2026,1192S786,0,0,0,0,0,0,0,0,0,0,1,0,0
09-MAY-2026,1192S798,0,0,0,0,0,0,0,0,0,0,1,0,0
09-MAY-2026,12012468,0,0,0,0,0,0,0,0,0,0,1,0,0
09-MAY-2026,12042072,0,0,0,0,0,0,0,0,0,0,1,0,0
09-MAY-2026,12042104,0,0,0,0,0,0,0,0,0,0,1,0,0
09-MAY-2026,12042255,0,0,0,0,0,0,0,0,0,0,1,0,0
09-MAY-2026,12042440,296352,0,296352,24696,0,0,0,0,0,0,1,0,0
09-MAY-2026,12042464,0,0,0,0,0,0,0,0,0,0,1,0,0
09-MAY-2026,12042565,0,0,0,0,0,0,0,0,0,0,1,0,0
09-MAY-2026,12042568,0,0,0,0,0,0,0,0,0,0,1,0,0
09-MAY-2026,12042579,0,0,0,0,0,0,0,0,0,0,1,0,0
09-MAY-2026,12198926,0,0,0,0,0,0,0,0,0,0,1,0,0
09-MAY-2026,19910260,0,0,0,0,0,0,0,0,0,0,1,0,0
09-MAY-2026,21911533,0,0,0,0,0,0,0,0,0,0,1,0,0
09-MAY-2026,21911552,0,0,0,0,0,0,0,0,0,0,1,0,0
09-MAY-2026,22111610,0,0,0,0,0,0,0,0,0,0,1,0,0
09-MAY-2026,AC845,0,0,0,0,0,0,0,0,0,0,1,0,0
09-MAY-2026,AHDLB025,0,0,0,0,0,0,0,0,0,0,1,0,0
09-MAY-2026,AHMNS084,0,0,0,0,0,0,0,0,0,0,1,0,0
09-MAY-2026,AHPDL001,0,0,0,0,0,0,0,0,0,0,1,0,0
09-MAY-2026,AK511,199318.84,0,199318.84,4660,0,0,0,0,0,0,1,0,0
09-MAY-2026,AK711,0,0,0,0,0,0,0,0,0,0,1,0,0
09-MAY-2026,AM747,3385500,0,3385500,282125,0,0,0,0,0,0,1,0,0
09-MAY-2026,AS211,3488989.65,0,3488989.65,287260,0,0,0,0,0,0,1,0,0
09-MAY-2026,BK25,74088,0,74088,6174,0,0,0,0,0,0,1,0,0
09-MAY-2026,BL61,0,0,0,0,0,0,0,0,0,0,1,0,0
09-MAY-2026,BM935,0,0,0,0,0,0,0,0,0,0,1,0,0
09-MAY-2026,D0011167,0,0,0,0,0,0,0,0,0,0,1,0,0
09-MAY-2026,D0011192,0,0,0,0,0,0,0,0,0,0,1,0,0
09-MAY-2026,D0011396,0,0,0,0,0,0,0,0,0,0,1,0,0
09-MAY-2026,D0011982,1046986.81,0,1046986.81,85940,0,0,0,0,0,0,1,0,0
09-MAY-2026,D0012043,0,0,0,0,0,0,0,0,0,0,1,0,0
09-MAY-2026,D0012046,0,0,0,0,0,0,0,0,0,0,1,0,0
09-MAY-2026,D0012069,0,0,0,0,0,0,0,0,0,0,1,0,0
09-MAY-2026,D0012080,0,0,0,0,0,0,0,0,0,0,1,0,0
09-MAY-2026,D0012092,69132,0,69132,5761,0,0,0,0,0,0,1,0,0
09-MAY-2026,D0012095,0,0,0,0,0,0,0,0,0,0,1,0,0
09-MAY-2026,D0012144,592704,0,592704,49392,0,0,0,0,0,0,1,0,0
09-MAY-2026,D0012177,248114.4,0,248114.4,17974,0,0,0,0,0,0,1,0,0
09-MAY-2026,D0012516,71406,0,71406,5950.5,0,0,0,0,0,0,1,0,0
09-MAY-2026,D0012524,0,0,0,0,0,0,0,0,0,0,1,0,0
09-MAY-2026,D0012548,0,0,0,0,0,0,0,0,0,0,1,0,0
09-MAY-2026,D0012550,0,0,0,0,0,0,0,0,0,0,1,0,0
09-MAY-2026,D0012555,214218,0,214218,17851.5,0,0,0,0,0,0,1,0,0
09-MAY-2026,DJ881,521680,0,521680,65210,0,0,0,0,0,0,1,0,0
09-MAY-2026,DP94,0,0,0,0,0,0,0,0,0,0,1,0,0
09-MAY-2026,GA833,3373500,0,3373500,281125,0,0,0,0,0,0,1,0,0
09-MAY-2026,GK80,0,0,0,0,0,0,0,0,0,0,1,0,0
09-MAY-2026,GS99,4048200,0,4048200,337350,0,0,0,0,0,0,1,0,0
09-MAY-2026,HK086,0,0,0,0,0,0,0,0,0,0,1,0,0
09-MAY-2026,J149,87013.2,0,87013.2,5900,0,0,0,0,0,0,1,0,0
09-MAY-2026,JPATT003,0,0,0,0,0,0,0,0,0,0,1,0,0
09-MAY-2026,JPATT004,0,0,0,0,0,0,0,0,0,0,1,0,0
09-MAY-2026,JPBJL001,0,0,0,0,0,0,0,0,0,0,1,0,0
09-MAY-2026,JPHRG011,0,0,0,0,0,0,0,0,0,0,1,0,0
09-MAY-2026,JPMDF004,0,0,0,0,0,0,0,0,0,0,1,0,0
09-MAY-2026,JPPMP001,0,0,0,0,0,0,0,0,0,0,1,0,0
09-MAY-2026,JPPRY006,0,0,0,0,0,0,0,0,0,0,1,0,0
09-MAY-2026,JPRAY008,0,0,0,0,0,0,0,0,0,0,1,0,0
09-MAY-2026,JPSAJ009,0,0,0,0,0,0,0,0,0,0,1,0,0
09-MAY-2026,JPSAJ010,0,0,0,0,0,0,0,0,0,0,1,0,0
09-MAY-2026,JPSAJ040,0,0,0,0,0,0,0,0,0,0,1,0,0
09-MAY-2026,JPSAK023,0,0,0,0,0,0,0,0,0,0,1,0,0
09-MAY-2026,JPSAK026,0,0,0,0,0,0,0,0,0,0,1,0,0
09-MAY-2026,JPSGT002,0,0,0,0,0,0,0,0,0,0,1,0,0
09-MAY-2026,JPSRB001,0,0,0,0,0,0,0,0,0,0,1,0,0
09-MAY-2026,KAHA0020,68184,0,68184,5682,0,0,11364,0,0,0,1,0,0
09-MAY-2026,KAHA0024,678970.79,0,678970.79,51176.5,0,0,0,0,0,0,1,0,0
09-MAY-2026,KAHA0039,0,0,0,0,0,0,0,0,0,0,1,0,0
09-MAY-2026,KAHA0043,0,0,0,0,0,0,0,0,0,0,1,0,0
09-MAY-2026,MG553,9654868.98,0,9654868.98,792415,0,0,0,0,0,0,1,0,0
09-MAY-2026,MG578,0,0,0,0,0,0,0,0,0,0,1,0,0
09-MAY-2026,MS553,0,0,0,0,0,0,0,0,0,0,1,0,0
09-MAY-2026,NB005,0,0,0,0,0,0,0,0,0,0,1,0,0
09-MAY-2026,PK777,1591020,0,1591020,132585,0,0,0,0,0,0,1,0,0
09-MAY-2026,PR777,0,0,0,0,0,0,0,0,0,0,1,0,0
09-MAY-2026,RCGCA002,0,0,0,0,0,0,0,0,0,0,1,0,0
09-MAY-2026,RG94,0,0,0,0,0,0,0,0,0,0,1,0,0
09-MAY-2026,RK27,0,0,0,0,0,0,0,0,0,0,1,0,0
09-MAY-2026,RK503,0,0,0,0,0,0,0,0,0,0,1,0,0
09-MAY-2026,RK711,429978,0,429978,35831.5,0,0,0,0,0,0,1,0,0
09-MAY-2026,S503,0,0,0,0,0,0,0,0,0,0,1,0,0
09-MAY-2026,S644,0,0,0,0,0,0,0,0,0,0,1,0,0
09-MAY-2026,SB649,7556640,0,7556640,629720,0,0,0,0,0,0,1,0,0
09-MAY-2026,SKS9,0,0,0,0,0,0,0,0,0,0,1,0,0
09-MAY-2026,SMS71,463895.25,0,463895.25,38091,0,0,0,0,0,0,1,0,0
09-MAY-2026,SS644,34566,0,34566,2880.5,0,0,0,0,0,0,1,0,0
09-MAY-2026,SUSPE1234N,0,0,0,0,0,0,0,0,0,0,1,0,0
09-MAY-2026,V234,0,0,0,0,0,0,0,0,0,0,1,0,0
09-MAY-2026,VG508,0,0,0,0,0,0,0,0,0,0,1,0,0
09-MAY-2026,VK727,0,0,0,0,0,0,0,0,0,0,1,0,0
09-MAY-2026,VK790,4993724.59,0,4993724.59,1295440,0,0,0,0,0,0,1,0,0
09-MAY-2026,VK85,0,0,0,0,0,0,0,0,0,0,1,0,0
