09-MAY-2026,00021,36470007.92,-4839625,31630382.92,3130019.5,0,0,0,0,0,0,2,0,0,3891013.92,812058,20260509-0,175000000,180000000,180000000,4253003.93,0,20260509-0
09-MAY-2026,AP34,3440970,0,3440970,286747.5,0,0,0,0,0,0,1,0,0,3440970,286747.5,20260509-0,6429900.51,6429900.51,6429900.51,3727717.5,0,20260509-0
09-MAY-2026,CAD3764,25208231.24,0,25208231.24,2084760.5,0,0,0,0,0,0,1,0,0,25208231.24,2084760.5,20260509-0,27604417.29,27604417.29,27604417.29,27292991.74,0,20260509-0
09-MAY-2026,CAD3785,2266760.43,0,2266760.43,178486,0,0,0,0,0,0,1,0,0,2266760.43,178486,20260509-0,5086231.81,5086231.81,5086231.81,2445246.43,0,20260509-0
09-MAY-2026,CAD3920,1030345.65,0,1030345.65,81130,0,0,0,0,0,0,1,0,0,1030345.65,81130,20260509-0,1471487.94,1471487.94,1471487.94,1111475.65,0,20260509-0
09-MAY-2026,CI30202,103034.57,0,103034.57,8113,0,0,0,0,0,0,1,0,0,103034.57,8113,20260509-0,26711.54,26711.54,26711.54,111147.57,84436.03,20260509-0
09-MAY-2026,CT60142,134940,0,134940,11245,0,0,0,0,0,0,1,0,0,134940,11245,20260509-0,147238,147238,147238,146185,0,20260509-0
09-MAY-2026,CT60242,79867.07,0,79867.07,6173,0,0,0,0,0,0,1,0,0,79867.07,6173,20260509-0,83521.74,83521.74,83521.74,86040.07,2518.33,20260509-0
09-MAY-2026,CT60256,1266372.83,0,1266372.83,103165,0,0,0,0,0,0,1,0,0,1266372.83,103165,20260509-0,5159184.64,5159184.64,5159184.64,1369537.83,0,20260509-0
09-MAY-2026,DER502,0,0,0,0,0,0,0,0,0,0,1,0,0,0,0,20260509-0,42684.56,42684.56,42684.56,0,0,20260509-0
09-MAY-2026,DT13797,173055,0,173055,18591.5,0,0,0,0,0,0,1,0,0,91047,11757.5,20260509-0,0,0,0,102804.5,102804.5,20260509-0
09-MAY-2026,DWL0017,123552,0,123552,10296,0,0,0,0,0,0,1,0,0,123552,10296,20260509-0,134875,134875,134875,133848,0,20260509-0
09-MAY-2026,EIE0049,67470,0,67470,5622.5,0,0,0,0,0,0,1,0,0,67470,5622.5,20260509-0,77285.5,77285.5,77285.5,73092.5,0,20260509-0
09-MAY-2026,EIE0177,134940,0,134940,11245,0,0,0,0,0,0,1,0,0,134940,11245,20260509-0,147238,147238,147238,146185,0,20260509-0
09-MAY-2026,EIE0292,2516430,0,2516430,209702.5,0,0,0,0,0,0,1,0,0,2516430,209702.5,20260509-0,2784671.5,2784671.5,2784671.5,2726132.5,0,20260509-0
09-MAY-2026,EIE0296,5270184,0,5270184,456090,0,0,0,0,0,0,1,0,0,5270184,456090,20260509-0,5770024,5770024,5770024,5726274,0,20260509-0
09-MAY-2026,EIE0378,3571442.14,0,3571442.14,418237,0,0,0,0,0,0,1,0,0,3571442.14,418237,20260509-0,4014373.43,4014373.43,4014373.43,3989679.14,0,20260509-0
09-MAY-2026,EST0781,0,0,0,0,0,0,0,0,0,0,1,0,0,0,0,20260509-0,353.46,353.46,353.46,0,0,20260509-0
09-MAY-2026,EWA0449,100764,0,100764,8397,0,0,0,0,0,0,1,0,0,100764,8397,20260509-0,110214,110214,110214,109161,0,20260509-0
09-MAY-2026,EWI0163,16706052,0,16706052,1392171,0,0,0,0,0,0,1,0,0,16706052,1392171,20260509-0,18234866,18234866,18234866,18098223,0,20260509-0
09-MAY-2026,EZ90135,33588,0,33588,2799,0,0,0,0,0,0,1,0,0,33588,2799,20260509-0,4598.68,4598.68,4598.68,36387,31788.32,20260509-0
09-MAY-2026,EZ90352,864569.26,0,864569.26,80566,0,0,0,0,0,0,1,0,0,662955.4,64126,20260509-0,0,0,0,727081.4,727081.4,20260509-0
09-MAY-2026,FFM0272,552048,0,552048,69006,0,0,0,0,0,0,1,0,0,552048,69006,20260509-0,733459.5,733459.5,733459.5,621054,0,20260509-0
09-MAY-2026,FFM0821,420608,0,420608,52576,0,0,0,0,0,0,1,0,0,420608,52576,20260509-0,541896.16,541896.16,541896.16,473184,0,20260509-0
09-MAY-2026,FFM0822,578336,0,578336,72292,0,0,0,0,0,0,1,0,0,578336,72292,20260509-0,753441.31,753441.31,753441.31,650628,0,20260509-0
09-MAY-2026,FFM0851,149184,0,149184,12432,0,0,0,0,0,0,1,0,0,149184,12432,20260509-0,163046,163046,163046,161616,0,20260509-0
09-MAY-2026,GB56069,79867.07,0,79867.07,6173,0,0,0,0,0,0,1,0,0,79867.07,6173,20260509-0,83521.74,83521.74,83521.74,86040.07,2518.33,20260509-0
09-MAY-2026,GB57874,120871.07,0,120871.07,9590,0,0,0,0,0,0,1,0,0,120871.07,9590,20260509-0,0,0,0,130461.07,130461.07,20260509-0
09-MAY-2026,GN30003,41544,0,41544,3462,0,0,0,0,0,0,1,0,0,41544,3462,20260509-0,45305,45305,45305,45006,0,20260509-0
09-MAY-2026,GN30048,163748,0,163748,12604,0,0,0,0,0,0,1,0,0,163748,12604,20260509-0,93697.47,93697.47,93697.47,176352,82654.53,20260509-0
09-MAY-2026,GN30055,122744,0,122744,9187,0,0,0,0,0,0,1,0,0,122744,9187,20260509-0,133779,133779,133779,131931,0,20260509-0
09-MAY-2026,GO50002,286488,0,286488,23874,0,0,0,0,0,0,1,0,0,286488,23874,20260509-0,315432,315432,315432,310362,0,20260509-0
09-MAY-2026,GO50003,429732,0,429732,35811,0,0,0,0,0,0,1,0,0,429732,35811,20260509-0,473148,473148,473148,465543,0,20260509-0
09-MAY-2026,GO50059,71622,0,71622,5968.5,0,0,0,0,0,0,1,0,0,71622,5968.5,20260509-0,78858,78858,78858,77590.5,0,20260509-0
09-MAY-2026,GO50130,164016,0,164016,13668,0,0,0,0,0,0,1,0,0,164016,13668,20260509-0,179140,179140,179140,177684,0,20260509-0
09-MAY-2026,GO50153,210642,0,210642,17553.5,0,0,0,0,0,0,1,0,0,210642,17553.5,20260509-0,231302.5,231302.5,231302.5,228195.5,0,20260509-0
09-MAY-2026,GO50202,102288,0,102288,8524,0,0,0,0,0,0,1,0,0,102288,8524,20260509-0,112290,112290,112290,110812,0,20260509-0
09-MAY-2026,HAP0040,100765.86,0,100765.86,8036,0,0,0,0,0,0,1,0,0,100765.86,8036,20260509-0,108294.26,108294.26,108294.26,108801.86,507.6,20260509-0
09-MAY-2026,HD10042,72522,0,72522,6043.5,0,0,0,0,0,0,1,0,0,72522,6043.5,20260509-0,79891.5,79891.5,79891.5,78565.5,0,20260509-0
09-MAY-2026,HKV0021,359508,0,359508,29959,0,0,0,0,0,0,1,0,0,359508,29959,20260509-0,392184,392184,392184,389467,0,20260509-0
09-MAY-2026,HN40007,713538,0,713538,69319.5,0,0,0,0,0,0,1,0,0,713538,69319.5,20260509-0,787294.5,787294.5,787294.5,782857.5,0,20260509-0
09-MAY-2026,HN40008,303576,0,303576,25298,0,0,0,0,0,0,1,0,0,303576,25298,20260509-0,331318,331318,331318,328874,0,20260509-0
09-MAY-2026,HN40009,303576,0,303576,25298,0,0,0,0,0,0,1,0,0,303576,25298,20260509-0,331318,331318,331318,328874,0,20260509-0
09-MAY-2026,HN40010,162046,0,162046,15694.5,0,0,0,0,0,0,1,0,0,162046,15694.5,20260509-0,180832.5,180832.5,180832.5,177740.5,0,20260509-0
09-MAY-2026,HN40011,26288,0,26288,3286,0,0,0,0,0,0,1,0,0,26288,3286,20260509-0,29664,29664,29664,29574,0,20260509-0
09-MAY-2026,HN40014,0,0,0,0,0,0,0,0,0,0,1,0,0,0,0,20260509-0,18300,18300,18300,0,0,20260509-0
09-MAY-2026,HN40015,34350,0,34350,2862.5,0,0,0,0,0,0,1,0,0,34350,2862.5,20260509-0,37524.5,37524.5,37524.5,37212.5,0,20260509-0
09-MAY-2026,HN40017,103050,0,103050,8587.5,0,0,0,0,0,0,1,0,0,103050,8587.5,20260509-0,119979,119979,119979,111637.5,0,20260509-0
09-MAY-2026,HPO2676,41004,0,41004,3417,0,0,0,0,0,0,1,0,0,37404,3417,20260509-0,66539.65,66539.65,66539.65,40821,0,20260509-0
09-MAY-2026,HQA0780,111125,0,111125,14185.5,0,0,0,0,0,0,1,0,0,111125,14185.5,20260509-0,129250.5,129250.5,129250.5,125310.5,0,20260509-0
09-MAY-2026,HQA2586,3022975.83,0,3022975.83,241080,0,0,0,0,0,0,1,0,0,3022975.83,241080,20260509-0,3248827.69,3248827.69,3248827.69,3264055.83,15228.14,20260509-0
09-MAY-2026,HQA3114,1007658.61,0,1007658.61,80360,0,0,0,0,0,0,1,0,0,1007658.61,80360,20260509-0,1082942.56,1082942.56,1082942.56,1088018.61,5076.05,20260509-0
09-MAY-2026,HQM0116,824276.52,0,824276.52,64904,0,0,0,0,0,0,1,0,0,824276.52,64904,20260509-0,0,0,0,889180.52,889180.52,20260509-0
09-MAY-2026,HT10611,554322.41,0,554322.41,43298,0,0,0,0,0,0,1,0,0,554322.41,43298,20260509-0,585110.42,585110.42,585110.42,597620.41,12509.99,20260509-0
09-MAY-2026,HT10910,213541.07,0,213541.07,17312.5,0,0,0,0,0,0,1,0,0,213541.07,17312.5,20260509-0,0,0,0,230853.57,230853.57,20260509-0
09-MAY-2026,HT19801,0,0,0,0,0,0,0,0,0,0,1,0,0,0,0,20260509-0,.39,.39,.39,0,0,20260509-0
09-MAY-2026,HYD2616,42156,0,42156,3513,0,0,0,0,0,0,1,0,0,42156,3513,20260509-0,84964.12,84964.12,84964.12,0,0,20260509-0
09-MAY-2026,IUD0004,1054900,0,1054900,80150,0,0,0,0,0,0,1,0,0,1054900,80150,20260509-0,1155636,1155636,1155636,1135050,0,20260509-0
09-MAY-2026,IUD0011,1268175,0,1268175,97325,0,0,0,0,0,0,1,0,0,1268175,97325,20260509-0,1383233,1383233,1383233,1365500,0,20260509-0
09-MAY-2026,J504,52028380.79,-625,52027755.79,4334493.5,0,0,0,0,0,0,1,0,0,51782845.93,4314445.5,20260509-0,116989494.14,204225191.93,204225191.93,55903900,0,20260509-0
09-MAY-2026,JHX1543,71622,0,71622,5968.5,0,0,0,0,0,0,1,0,0,71622,5968.5,20260509-0,78858,78858,78858,77590.5,0,20260509-0
09-MAY-2026,JHX2981,664980,0,664980,55415,0,0,0,0,0,0,1,0,0,664980,55415,20260509-0,725530,725530,725530,720395,0,20260509-0
09-MAY-2026,JPP0017,0,0,0,0,0,0,0,0,0,0,1,0,0,0,0,20260509-0,0,16964.8,16964.8,0,0,20260509-0
09-MAY-2026,JRI0025,42156,0,42156,3513,0,0,0,0,0,0,1,0,0,42156,3513,20260509-0,71128.18,71128.18,71128.18,45669,0,20260509-0
09-MAY-2026,JU93839,72522,0,72522,6043.5,0,0,0,0,0,0,1,0,0,72522,6043.5,20260509-0,79891.5,79891.5,79891.5,78565.5,0,20260509-0
09-MAY-2026,JY34,3705990,0,3705990,308832.5,0,0,0,0,0,0,1,0,0,3705990,308832.5,20260509-0,8087430,10216642.48,10216642.48,4014822.5,0,20260509-0
09-MAY-2026,KAH0988,855312,0,855312,71276,0,0,0,0,0,0,1,0,0,855312,71276,20260509-0,941057,941057,941057,926588,0,20260509-0
09-MAY-2026,KAH1252,711457.07,0,711457.07,58805.5,0,0,0,0,0,0,1,0,0,711457.07,58805.5,20260509-0,776421.74,776421.74,776421.74,770262.57,0,20260509-0
09-MAY-2026,KQJ0111,1165528,0,1165528,99318,0,0,0,0,0,0,1,0,0,1165528,99318,20260509-0,1279270,1279270,1279270,1264846,0,20260509-0
09-MAY-2026,LGK0035,0,0,0,0,0,0,0,0,0,0,1,0,0,0,0,20260509-0,510648.42,510648.42,510648.42,0,0,20260509-0
09-MAY-2026,LHH1917,138120,0,138120,11510,0,0,0,0,0,0,1,0,0,138120,11510,20260509-0,44471.17,44471.17,44471.17,149630,105158.83,20260509-0
09-MAY-2026,LID0666,49742792.94,0,49742792.94,4036562.5,0,0,545472,0,0,0,1,0,0,49742792.94,4036562.5,20260509-0,697815.43,697815.43,697815.43,53779355.44,53081540.01,20260509-0
09-MAY-2026,LKA7403,0,0,0,0,0,0,0,0,0,0,1,0,0,0,0,20260509-0,51228.8,51228.8,51228.8,0,0,20260509-0
09-MAY-2026,LWE0122,67176,0,67176,5598,0,0,0,0,0,0,1,0,0,67176,5598,20260509-0,73476,73476,73476,72774,0,20260509-0
09-MAY-2026,MHV47,134352,0,134352,11196,0,0,0,0,0,0,1,0,0,134352,11196,20260509-0,146952,146952,146952,145548,0,20260509-0
09-MAY-2026,MZD0007,406452,0,406452,44763,0,0,0,0,0,0,1,0,0,406452,44763,20260509-0,454785,454785,454785,451215,0,20260509-0
09-MAY-2026,NNN3511,7979758.22,0,7979758.22,664980,0,0,0,0,0,0,1,0,0,7979758.22,664980,20260509-0,8706349.7,8706349.7,8706349.7,8644738.22,0,20260509-0
09-MAY-2026,NNN3711,8543687.54,0,8543687.54,711975,0,0,0,0,0,0,1,0,0,8543687.54,711975,20260509-0,9487620.01,9487620.01,9487620.01,9255662.54,0,20260509-0
09-MAY-2026,NNN3855,132996,0,132996,11083,0,0,0,0,0,0,1,0,0,132996,11083,20260509-0,145106,145106,145106,144079,0,20260509-0
09-MAY-2026,NNN4286,1144280,0,1144280,143995,0,0,0,0,0,0,1,0,0,1144280,143995,20260509-0,2784954.34,2784954.34,2784954.34,1288275,0,20260509-0
09-MAY-2026,NPK0183,217566,0,217566,18130.5,0,0,0,0,0,0,1,0,0,217566,18130.5,20260509-0,239674.5,239674.5,239674.5,235696.5,0,20260509-0
09-MAY-2026,NTS01,3582690,0,3582690,306898,0,0,0,0,0,0,1,0,0,3582690,306898,20260509-0,3960940,3960940,3960940,3889588,0,20260509-0
09-MAY-2026,OFG6271,429732,0,429732,35811,0,0,0,0,0,0,1,0,0,429732,35811,20260509-0,0,0,0,465543,465543,20260509-0
09-MAY-2026,OFG6831,204618,0,204618,17051.5,0,0,0,0,0,0,1,0,0,271116,22593,20260509-0,0,0,0,293709,293709,20260509-0
09-MAY-2026,ONA0059,1785450,0,1785450,128812.5,0,0,0,0,0,0,1,0,0,1790500,128812.5,20260509-0,1983677.5,1983677.5,1983677.5,1919312.5,0,20260509-0
09-MAY-2026,OPA0245,528338.14,0,528338.14,43063,0,0,0,0,0,0,1,0,0,528338.14,43063,20260509-0,576699.47,576699.47,576699.47,571401.14,0,20260509-0
09-MAY-2026,OWO0013,5677584,0,5677584,473132,0,0,0,0,0,0,1,0,0,5677584,473132,20260509-0,6196541,6196541,6196541,6150716,0,20260509-0
09-MAY-2026,P075,6606788,0,6606788,561519,0,0,0,0,0,0,1,0,0,6606788,561519,20260509-0,14479412,15777775.17,15777775.17,7168307,0,20260509-0
09-MAY-2026,PJ700,0,0,0,0,0,0,0,0,0,0,1,0,0,0,0,20260509-0,0,113116.24,113116.24,0,0,20260509-0
09-MAY-2026,QGU0395,41544,0,41544,3462,0,0,0,0,0,0,1,0,0,41544,3462,20260509-0,0,0,0,45006,45006,20260509-0
09-MAY-2026,RNN0621,166788,0,166788,13899,0,0,0,0,0,0,1,0,0,166788,13899,20260509-0,636863.76,636863.76,636863.76,180687,0,20260509-0
09-MAY-2026,RQQ1050,75120,0,75120,6260,0,0,0,0,0,0,1,0,0,75120,6260,20260509-0,98320.55,98320.55,98320.55,81380,0,20260509-0
09-MAY-2026,SAT0056,206100,0,206100,17175,0,0,0,0,0,0,1,0,0,206100,17175,20260509-0,225147,225147,225147,223275,0,20260509-0
09-MAY-2026,SAT0295,100764,0,100764,8397,0,0,0,0,0,0,1,0,0,100764,8397,20260509-0,110214,110214,110214,109161,0,20260509-0
09-MAY-2026,SBM0343,150240,0,150240,12520,0,0,0,0,0,0,1,0,0,150240,12520,20260509-0,167960,167960,167960,162760,0,20260509-0
09-MAY-2026,SUM0567,0,0,0,0,0,0,0,0,0,0,1,0,0,0,0,20260509-0,37162.28,37162.28,37162.28,0,0,20260509-0
09-MAY-2026,SXF0075,79867.07,0,79867.07,6173,0,0,0,0,0,0,1,0,0,79867.07,6173,20260509-0,83521.74,83521.74,83521.74,86040.07,2518.33,20260509-0
09-MAY-2026,SXF0081,145044,0,145044,12087,0,0,0,0,0,0,1,0,0,145044,12087,20260509-0,159783,159783,159783,157131,0,20260509-0
09-MAY-2026,SXF0099,75120,0,75120,6260,0,0,0,0,0,0,1,0,0,75120,6260,20260509-0,83980,83980,83980,81380,0,20260509-0
09-MAY-2026,SXX0066,235704,0,235704,19642,0,0,0,0,0,0,1,0,0,235704,19642,20260509-0,98889.9,98889.9,98889.9,255346,156456.1,20260509-0
09-MAY-2026,THA0225,309103.7,0,309103.7,24339,0,0,0,0,0,0,1,0,0,309103.7,24339,20260509-0,346691.38,346691.38,346691.38,333442.7,0,20260509-0
09-MAY-2026,THD0007,132996,0,132996,11083,0,0,0,0,0,0,1,0,0,132996,11083,20260509-0,145106,145106,145106,144079,0,20260509-0
09-MAY-2026,UIM0488,71622,0,71622,5968.5,0,0,0,0,0,0,1,0,0,71622,5968.5,20260509-0,78858,78858,78858,77590.5,0,20260509-0
09-MAY-2026,UKK0023,515172.83,0,515172.83,40565,0,0,0,0,0,0,1,0,0,515172.83,40565,20260509-0,3189652.08,3189652.08,3189652.08,555737.83,0,20260509-0
09-MAY-2026,VBB0033,67470,0,67470,5622.5,0,0,0,0,0,0,1,0,0,67470,5622.5,20260509-0,73619,73619,73619,73092.5,0,20260509-0
09-MAY-2026,VLC0035,4705950,0,4705950,392162.5,0,0,0,0,0,0,1,0,0,4877700,406475,20260509-0,7341200.38,7341200.38,7341200.38,5284175,0,20260509-0
09-MAY-2026,VOS0324,202410,0,202410,16867.5,0,0,0,0,0,0,1,0,0,202410,16867.5,20260509-0,226856.5,226856.5,226856.5,219277.5,0,20260509-0
09-MAY-2026,VWT0108,0,0,0,0,0,0,0,0,0,0,1,0,0,0,0,20260509-0,0,2040.48,2040.48,0,0,20260509-0
09-MAY-2026,WJK0384,877110,0,877110,73092.5,0,0,0,0,0,0,1,0,0,877110,73092.5,20260509-0,957047,957047,957047,950202.5,0,20260509-0
09-MAY-2026,WMA0015,8844234,0,8844234,737019.5,0,0,0,0,0,0,1,0,0,8844234,737019.5,20260509-0,9649549,9649549,9649549,9581253.5,0,20260509-0
09-MAY-2026,WNP1110,1547766,0,1547766,128980.5,0,0,0,0,0,0,1,0,0,1547766,128980.5,20260509-0,1691118,1691118,1691118,1676746.5,0,20260509-0
09-MAY-2026,WNP1146,585942,500,586442,48828.5,0,0,0,0,0,0,1,0,0,586442,48828.5,20260509-0,478309,478309,478309,635270.5,156961.5,20260509-0
09-MAY-2026,XAA1130,1122804,0,1122804,93567,0,0,0,0,0,0,1,0,0,1122804,93567,20260509-0,1225003,1225003,1225003,1216371,0,20260509-0
09-MAY-2026,XNQ0004,0,0,0,0,0,0,0,0,0,0,1,0,0,0,0,20260509-0,2844.11,2844.11,2844.11,0,0,20260509-0
09-MAY-2026,XNT1563,0,0,0,0,0,0,0,0,0,0,1,0,0,0,0,20260509-0,17476.84,17476.84,17476.84,0,0,20260509-0
09-MAY-2026,XNZ0002,0,0,0,0,0,0,0,0,0,0,1,0,0,0,0,20260509-0,0,39130.4,39130.4,0,0,20260509-0
09-MAY-2026,XYG0003,0,0,0,0,0,0,0,0,0,0,1,0,0,0,0,20260509-0,0,1458.56,1458.56,0,0,20260509-0
09-MAY-2026,YPZ0546,201531.72,0,201531.72,16072,0,0,0,0,0,0,1,0,0,201531.72,16072,20260509-0,324110.13,324110.13,324110.13,217603.72,0,20260509-0
09-MAY-2026,ZCV0068,304566.29,0,304566.29,24185,0,0,0,0,0,0,1,0,0,304566.29,24185,20260509-0,328652.31,328652.31,328652.31,328751.29,98.98,20260509-0
09-MAY-2026,ZCV0288,167556,0,167556,13963,0,0,0,0,0,0,1,0,0,167556,13963,20260509-0,182910,182910,182910,181519,0,20260509-0
09-MAY-2026,ZJB0003,698023.86,0,698023.86,57807.5,0,0,0,0,0,0,1,0,0,698023.86,57807.5,20260509-0,1253061.25,1253061.25,1253061.25,681406.36,0,20260509-0
09-MAY-2026,ZJB0006,1013945.58,0,1013945.58,83412,0,0,0,0,0,0,1,0,0,1013945.58,83412,20260509-0,1661771.21,1661771.21,1661771.21,1097357.58,0,20260509-0
