09-MAY-2026,B17281,35180,0,35180,3518,0,0,0,0,0,0,1,0,0,35180,3518,20260509-0,174415,174415,174415,38698,0,20260509-0
09-MAY-2026,B44973,0,0,0,0,0,0,0,0,0,0,1,0,0,0,0,20260509-0,40374.73,40374.73,40374.73,0,0,20260509-0
09-MAY-2026,A84505,1666175.7,0,1666175.7,135470,0,0,0,0,0,0,1,0,0,1666175.7,135470,20260509-0,2031136.84,2031136.84,2031136.84,1801645.7,0,20260509-0
09-MAY-2026,A84515,83087.64,0,83087.64,6924,0,0,0,0,0,0,1,0,0,83087.64,6924,20260509-0,90607.94,90607.94,90607.94,90011.64,0,20260509-0
09-MAY-2026,B10715,200848.77,0,200848.77,16737.5,0,0,0,0,0,0,1,0,0,200848.77,16737.5,20260509-0,236220.91,236220.91,236220.91,217586.27,0,20260509-0
09-MAY-2026,B231144,0,0,0,0,0,0,0,0,0,0,1,0,0,0,0,20260509-0,45422,45422,45422,0,0,20260509-0
09-MAY-2026,A91771,66495.68,0,66495.68,5541.5,0,0,0,0,0,0,1,0,0,66495.68,5541.5,20260509-0,73334.57,73334.57,73334.57,72037.18,0,20260509-0
09-MAY-2026,A91777,1792366.05,0,1792366.05,216578,0,0,0,0,0,0,1,0,0,1792366.05,216578,20260509-0,1963292.74,1963292.74,1963292.74,2008944.05,45651.31,20260509-0
09-MAY-2026,B28957,0,0,0,0,0,0,0,0,0,0,1,0,0,0,0,20260509-0,26768.23,26768.23,26768.23,0,0,20260509-0
09-MAY-2026,B1039293,0,0,0,0,0,0,0,0,0,0,1,0,0,0,0,20260509-0,1658.83,1658.83,1658.83,0,0,20260509-0
09-MAY-2026,B231155,0,0,0,0,0,0,0,0,0,0,1,0,0,0,0,20260509-0,103322.78,103322.78,103322.78,0,0,20260509-0
09-MAY-2026,B2331151,0,0,0,0,0,0,0,0,0,0,1,0,0,0,0,20260509-0,150000,150000,150000,0,0,20260509-0
09-MAY-2026,A82744,4307848,0,4307848,360160,0,0,0,0,0,0,1,0,0,4307848,360160,20260509-0,6203613.16,6203613.16,6203613.16,4668008,0,20260509-0
09-MAY-2026,6748,0,0,0,0,0,0,0,0,0,0,1,0,0,0,0,20260509-0,25704,25704,25704,0,0,20260509-0
09-MAY-2026,B28919,67470,0,67470,5622.5,0,0,0,0,0,0,1,0,0,134940,11245,20260509-0,533231.53,533231.53,533231.53,146185,0,20260509-0
09-MAY-2026,B46402,0,0,0,0,0,0,0,0,0,0,1,0,0,0,0,20260509-0,85428.37,85428.37,85428.37,0,0,20260509-0
09-MAY-2026,A82748,3863592,0,3863592,321966,0,0,0,0,0,0,1,0,0,3863592,321966,20260509-0,4213365,4213365,4213365,4185558,0,20260509-0
09-MAY-2026,REF7806,0,0,0,0,0,0,0,0,0,0,1,0,0,0,0,20260509-0,250274.64,250274.64,250274.64,0,0,20260509-0
09-MAY-2026,A124059,71622,0,71622,5968.5,0,0,0,0,0,0,1,0,0,71622,5968.5,20260509-0,79326,79326,79326,77590.5,0,20260509-0
09-MAY-2026,A84525,67176,0,67176,5598,0,0,0,0,0,0,1,0,0,67176,5598,20260509-0,96526.04,96526.04,96526.04,72774,0,20260509-0
09-MAY-2026,A141300,0,0,0,0,0,0,0,0,0,0,1,0,0,0,0,20260509-0,258895,258895,258895,0,0,20260509-0
09-MAY-2026,A84513,1426576.27,0,1426576.27,116951,0,0,0,0,0,0,1,0,0,1426576.27,116951,20260509-0,2003016.44,2003016.44,2003016.44,1543527.27,0,20260509-0
09-MAY-2026,B231161,249264,0,249264,20772,0,0,0,0,0,0,1,0,0,249264,20772,20260509-0,0,0,0,270036,270036,20260509-0
09-MAY-2026,B45228,0,0,0,0,0,0,0,0,0,0,1,0,0,0,0,20260509-0,187545.51,187545.51,187545.51,0,0,20260509-0
09-MAY-2026,A917235,147384,0,147384,12282,0,0,0,0,0,0,1,0,0,147384,12282,20260509-0,162162,162162,162162,159666,0,20260509-0
09-MAY-2026,B102025,0,0,0,0,0,0,0,0,0,0,1,0,0,0,0,20260509-0,7964,7964,7964,0,0,20260509-0
09-MAY-2026,3919,33588,0,33588,2799,0,0,0,0,0,0,1,0,0,33588,2799,20260509-0,51841.45,51841.45,51841.45,36387,0,20260509-0
09-MAY-2026,B46403,214866,0,214866,17905.5,0,0,0,0,0,0,1,0,0,214866,17905.5,20260509-0,355133.43,355133.43,355133.43,232771.5,0,20260509-0
09-MAY-2026,A84510,641198.57,0,641198.57,52960,0,0,0,0,0,0,1,0,0,641198.57,52960,20260509-0,1202818.24,1202818.24,1202818.24,694158.57,0,20260509-0
09-MAY-2026,A02189,0,0,0,0,0,0,0,0,0,0,1,0,0,0,0,20260509-0,100000,100000,100000,0,0,20260509-0
09-MAY-2026,A82747,4694472,0,4694472,391206,0,0,0,0,0,0,1,0,0,4694472,391206,20260509-0,6314454.93,6314454.93,6314454.93,5085678,0,20260509-0
09-MAY-2026,B103915,2501207.06,0,2501207.06,206625,0,0,47360,0,0,0,1,0,0,2501207.06,206625,20260509-0,3363579.63,3363579.63,3363579.63,2707832.06,0,20260509-0
09-MAY-2026,B36292,143244,0,143244,11937,0,0,0,0,0,0,1,0,0,143244,11937,20260509-0,167895,167895,167895,155181,0,20260509-0
09-MAY-2026,B33111,345408,0,345408,28784,0,0,34092,0,0,0,1,0,0,345408,28784,20260509-0,509395.71,509395.71,509395.71,374192,0,20260509-0
09-MAY-2026,B44906,0,0,0,0,0,0,0,0,0,0,1,0,0,0,0,20260509-0,725.58,725.58,725.58,0,0,20260509-0
09-MAY-2026,B1039103,235194,0,235194,19599.5,0,0,5682,0,0,0,1,0,0,235194,19599.5,20260509-0,518723.17,518723.17,518723.17,254793.5,0,20260509-0
09-MAY-2026,01007,0,0,0,0,0,0,0,0,0,0,2,0,0,0,0,20260509-0,7000000,7000000,7000000,0,0,20260509-0
09-MAY-2026,A917131,0,0,0,0,0,0,0,0,0,0,1,0,0,0,0,20260509-0,396966,396966,396966,0,0,20260509-0
09-MAY-2026,B231151,0,0,0,0,0,0,0,0,0,0,1,0,0,0,0,20260509-0,47646.06,47646.06,47646.06,0,0,20260509-0
09-MAY-2026,B15601,302978.14,0,302978.14,24283,0,0,0,0,0,0,1,0,0,302978.14,24283,20260509-0,749422.71,749422.71,749422.71,327261.14,0,20260509-0
09-MAY-2026,A810232,332490,0,332490,27707.5,0,0,0,0,0,0,1,0,0,332490,27707.5,20260509-0,606855.38,606855.38,606855.38,360197.5,0,20260509-0
09-MAY-2026,A91780,1113044.54,0,1113044.54,88893,0,0,0,0,0,0,1,0,0,1113044.54,88893,20260509-0,1629669.07,1629669.07,1629669.07,1201937.54,0,20260509-0
09-MAY-2026,B231146,0,0,0,0,0,0,0,0,0,0,1,0,0,0,0,20260509-0,50000,50000,50000,0,0,20260509-0
09-MAY-2026,A917236,2490345.2,0,2490345.2,206081,0,0,0,0,0,0,1,0,0,2490345.2,206081,20260509-0,3651289.62,3651289.62,3651289.62,2696426.2,0,20260509-0
09-MAY-2026,10563,11151121.89,0,11151121.89,910579.5,0,0,0,0,0,0,1,0,0,11151121.89,910579.5,20260509-0,14480751.25,14480751.25,14480751.25,12061701.39,0,20260509-0
09-MAY-2026,A684673,145044,0,145044,12087,0,0,0,0,0,0,1,0,0,145044,12087,20260509-0,159783,159783,159783,157131,0,20260509-0
09-MAY-2026,A82749,41544,0,41544,3462,0,0,0,0,0,0,1,0,0,41544,3462,20260509-0,45305,45305,45305,45006,0,20260509-0
09-MAY-2026,A84526,0,0,0,0,0,0,0,0,0,0,1,0,0,0,0,20260509-0,964873.78,964873.78,964873.78,0,0,20260509-0
09-MAY-2026,B172115,0,0,0,0,0,0,0,0,0,0,1,0,0,0,0,20260509-0,50000,50000,50000,0,0,20260509-0
09-MAY-2026,A84522,231192,0,231192,19266,0,0,0,0,0,0,1,0,0,231192,19266,20260509-0,303371.28,303371.28,303371.28,250458,0,20260509-0
09-MAY-2026,3680,0,0,0,0,0,0,0,0,0,0,1,0,0,0,0,20260509-0,21980.05,21980.05,21980.05,0,0,20260509-0
09-MAY-2026,SUSPE1234N,0,0,0,0,0,0,0,0,0,0,1,0,0,0,0,20260509-0,454,454,454,0,0,20260509-0
09-MAY-2026,A78754,41004,0,41004,3417,0,0,0,0,0,0,1,0,0,41004,3417,20260509-0,89982.12,89982.12,89982.12,44421,0,20260509-0
09-MAY-2026,A98495,1239452.54,0,1239452.54,99427,0,0,0,0,0,0,1,0,0,1239452.54,99427,20260509-0,3274028.51,3274028.51,3274028.51,1338879.54,0,20260509-0
09-MAY-2026,B33765,0,0,0,0,0,0,0,0,0,0,1,0,0,0,0,20260509-0,45837.83,45837.83,45837.83,0,0,20260509-0
09-MAY-2026,7885,171734.57,0,171734.57,13838,0,0,0,0,0,0,1,0,0,171734.57,13838,20260509-0,303612.56,303612.56,303612.56,185572.57,0,20260509-0
09-MAY-2026,9545084674,0,0,0,0,0,0,0,0,0,0,1,0,0,0,0,20260509-0,100000,100000,100000,0,0,20260509-0
09-MAY-2026,B26811,0,0,0,0,0,0,0,0,0,0,1,0,0,0,0,20260509-0,56652.19,56652.19,56652.19,0,0,20260509-0
09-MAY-2026,B45307,206100,0,206100,17175,0,0,0,0,0,0,1,0,0,206100,17175,20260509-0,271357.26,271357.26,271357.26,223275,0,20260509-0
