09-MAY-2026,01280,513326.53,0,513326.53,41609.5,0,0,0,0,0,0,2,0,0
09-MAY-2026,A110035,366570,0,366570,30547.5,0,0,0,0,0,0,1,0,0
09-MAY-2026,A111088,0,0,0,0,0,0,0,0,0,0,1,0,0
09-MAY-2026,A111486,142812,0,142812,11901,0,0,0,0,0,0,1,0,0
09-MAY-2026,A111487,0,0,0,0,0,0,0,0,0,0,1,0,0
09-MAY-2026,A111494,1913222.41,0,1913222.41,157690,0,0,0,0,0,0,1,0,0
09-MAY-2026,A111505,296352,0,296352,24696,0,0,0,0,0,0,1,0,0
09-MAY-2026,A112116,0,0,0,0,0,0,0,0,0,0,1,0,0
09-MAY-2026,A1F556,0,0,0,0,0,0,0,0,0,0,1,0,0
09-MAY-2026,A1F5694,0,0,0,0,0,0,0,0,0,0,1,0,0
09-MAY-2026,A3228,0,0,0,0,0,0,0,0,0,0,1,0,0
09-MAY-2026,A3562,0,0,0,0,0,0,0,0,0,0,1,0,0
09-MAY-2026,A3563,0,0,0,0,0,0,0,0,0,0,1,0,0
09-MAY-2026,AA166,0,0,0,0,0,0,0,0,0,0,1,0,0
09-MAY-2026,AF10777,0,0,0,0,0,0,0,0,0,0,1,0,0
09-MAY-2026,AF11387,2796470,0,2796470,312750,0,0,0,0,0,0,1,0,0
09-MAY-2026,AF11504,0,0,0,0,0,0,0,0,0,0,1,0,0
09-MAY-2026,AF12923,3533131.21,0,3533131.21,280710,0,0,0,0,0,0,1,0,0
09-MAY-2026,AF19062,71406,0,71406,5950.5,0,0,0,0,0,0,1,0,0
09-MAY-2026,AF19200,0,0,0,0,0,0,0,0,0,0,1,0,0
09-MAY-2026,AF19205,18689709.76,0,18689709.76,1576814.5,0,0,0,0,0,0,1,0,0
09-MAY-2026,AF19369,10166642.93,0,10166642.93,821658.5,0,0,0,0,0,0,1,0,0
09-MAY-2026,AF19487,676407.43,0,676407.43,53250,0,0,0,0,0,0,1,0,0
09-MAY-2026,AF19777,0,0,0,0,0,0,0,0,0,0,1,0,0
09-MAY-2026,AF19853,0,0,0,0,0,0,0,0,0,0,1,0,0
09-MAY-2026,AFD5790,0,0,0,0,0,0,0,0,0,0,1,0,0
09-MAY-2026,AFD5793,0,0,0,0,0,0,0,0,0,0,1,0,0
09-MAY-2026,AFF4007,0,0,0,0,0,0,0,0,0,0,1,0,0
09-MAY-2026,AFG7057,0,0,0,0,0,0,0,0,0,0,1,0,0
09-MAY-2026,AH5021,87013.2,0,87013.2,5900,0,0,0,0,0,0,1,0,0
09-MAY-2026,AH5455,0,0,0,0,0,0,0,0,0,0,1,0,0
09-MAY-2026,AH5514,0,0,0,0,0,0,0,0,0,0,1,0,0
09-MAY-2026,AH5738,0,0,0,0,0,0,0,0,0,0,1,0,0
09-MAY-2026,AJ1423,0,0,0,0,0,0,0,0,0,0,1,0,0
09-MAY-2026,AMR10453,1063411.4,0,1063411.4,89365,0,0,0,0,0,0,1,0,0
09-MAY-2026,AMR10471,0,0,0,0,0,0,0,0,0,0,1,0,0
09-MAY-2026,AMR10528,0,0,0,0,0,0,0,0,0,0,1,0,0
09-MAY-2026,AMR10537,0,0,0,0,0,0,0,0,0,0,1,0,0
09-MAY-2026,AMR10549,0,0,0,0,0,0,0,0,0,0,1,0,0
09-MAY-2026,AMR10621,0,0,0,0,0,0,0,0,0,0,1,0,0
09-MAY-2026,AMR1146,0,0,0,0,0,0,0,0,0,0,1,0,0
09-MAY-2026,AMR1171,0,0,0,0,0,0,0,0,0,0,1,0,0
09-MAY-2026,AMR1285,0,0,0,0,0,0,0,0,0,0,1,0,0
09-MAY-2026,AMR1391,0,0,0,0,0,0,0,0,0,0,1,0,0
09-MAY-2026,AMR1523,42276,0,42276,3523,0,0,0,0,0,0,1,0,0
09-MAY-2026,AMR1524,0,0,0,0,0,0,0,0,0,0,1,0,0
09-MAY-2026,AMR1554,0,0,0,0,0,0,0,0,0,0,1,0,0
09-MAY-2026,AMR1555,0,0,0,0,0,0,0,0,0,0,1,0,0
09-MAY-2026,AMR1585,0,0,0,0,0,0,0,0,0,0,1,0,0
09-MAY-2026,AMR1621,0,0,0,0,0,0,0,0,0,0,1,0,0
09-MAY-2026,AMR1622,101706,0,101706,8475.5,0,0,0,0,0,0,1,0,0
09-MAY-2026,AW10356,0,0,0,0,0,0,0,0,0,0,1,0,0
09-MAY-2026,AW1859,71406,0,71406,5950.5,0,0,0,0,0,0,1,0,0
09-MAY-2026,AY1110,0,0,0,0,0,0,0,0,0,0,1,0,0
09-MAY-2026,AY1734,0,0,0,0,0,0,0,0,0,0,1,0,0
09-MAY-2026,BGS1078,0,0,0,0,0,0,0,0,0,0,1,0,0
09-MAY-2026,BGS1235,0,0,0,0,0,0,0,0,0,0,1,0,0
09-MAY-2026,BGS1436,0,0,0,0,0,0,0,0,0,0,1,0,0
09-MAY-2026,BH1619,0,0,0,0,0,0,0,0,0,0,1,0,0
09-MAY-2026,BRD1584,0,0,0,0,0,0,0,0,0,0,1,0,0
09-MAY-2026,BRD1674,444528,0,444528,37044,0,0,0,0,0,0,1,0,0
09-MAY-2026,BRD1677,0,0,0,0,0,0,0,0,0,0,1,0,0
09-MAY-2026,BT1036,0,0,0,0,0,0,0,0,0,0,1,0,0
09-MAY-2026,BT1042,0,0,0,0,0,0,0,0,0,0,1,0,0
09-MAY-2026,BT1098,233641.2,0,233641.2,18119,0,0,0,0,0,0,1,0,0
09-MAY-2026,BT1265,40740,0,40740,3395,0,0,0,0,0,0,1,0,0
09-MAY-2026,BT1346,0,0,0,0,0,0,0,0,0,0,1,0,0
09-MAY-2026,BT1347,0,0,0,0,0,0,0,0,0,0,1,0,0
09-MAY-2026,BT1372,52664,0,52664,6583,0,0,0,0,0,0,1,0,0
09-MAY-2026,BT1403,0,0,0,0,0,0,0,0,0,0,1,0,0
09-MAY-2026,BT1419,0,0,0,0,0,0,0,0,0,0,1,0,0
09-MAY-2026,BT1437,0,0,0,0,0,0,0,0,0,0,1,0,0
09-MAY-2026,BT1441,0,0,0,0,0,0,0,0,0,0,1,0,0
09-MAY-2026,BT1458,0,0,0,0,0,0,0,0,0,0,1,0,0
09-MAY-2026,BT1579,0,0,0,0,0,0,0,0,0,0,1,0,0
09-MAY-2026,BT1822,0,0,0,0,0,0,0,0,0,0,1,0,0
09-MAY-2026,BT1885,0,0,0,0,0,0,0,0,0,0,1,0,0
09-MAY-2026,D10729,0,0,0,0,0,0,0,0,0,0,1,0,0
09-MAY-2026,D16284,0,0,0,0,0,0,0,0,0,0,1,0,0
09-MAY-2026,D16434,0,0,0,0,0,0,0,0,0,0,1,0,0
09-MAY-2026,D16449,0,0,0,0,0,0,0,0,0,0,1,0,0
09-MAY-2026,DA7459,52664,0,52664,6583,0,0,0,0,0,0,1,0,0
09-MAY-2026,DEA7014,0,0,0,0,0,0,0,0,0,0,1,0,0
09-MAY-2026,DEA7054,0,0,0,0,0,0,0,0,0,0,1,0,0
09-MAY-2026,DEA7083,0,0,0,0,0,0,0,0,0,0,1,0,0
09-MAY-2026,DEA7114,0,0,0,0,0,0,0,0,0,0,1,0,0
09-MAY-2026,DEA7380,199318.84,0,199318.84,4660,0,0,0,0,0,0,1,0,0
09-MAY-2026,DEA7620,0,0,0,0,0,0,0,0,0,0,1,0,0
09-MAY-2026,DEA7840,0,0,0,0,0,0,0,0,0,0,1,0,0
09-MAY-2026,DG11258,0,0,0,0,0,0,0,0,0,0,1,0,0
09-MAY-2026,DG11732,189219.94,0,189219.94,14105.5,0,0,0,0,0,0,1,0,0
09-MAY-2026,DH1041,0,0,0,0,0,0,0,0,0,0,1,0,0
09-MAY-2026,DH1349,0,0,0,0,0,0,0,0,0,0,1,0,0
09-MAY-2026,DJ1353,0,0,0,0,0,0,0,0,0,0,1,0,0
09-MAY-2026,DO1717,0,0,0,0,0,0,0,0,0,0,1,0,0
09-MAY-2026,DSA10107,0,0,0,0,0,0,0,0,0,0,1,0,0
09-MAY-2026,DSA10163,0,0,0,0,0,0,0,0,0,0,1,0,0
09-MAY-2026,DSA10185,0,0,0,0,0,0,0,0,0,0,1,0,0
09-MAY-2026,DSA10195,0,0,0,0,0,0,0,0,0,0,1,0,0
09-MAY-2026,DSA10233,0,0,0,0,0,0,0,0,0,0,1,0,0
09-MAY-2026,DSA1303,472290,0,472290,39357.5,0,0,0,0,0,0,1,0,0
09-MAY-2026,DSA1862,0,0,0,0,0,0,0,0,0,0,1,0,0
09-MAY-2026,DSA1966,0,0,0,0,0,0,0,0,0,0,1,0,0
09-MAY-2026,DSA1990,0,0,0,0,0,0,0,0,0,0,1,0,0
09-MAY-2026,F10267,0,0,0,0,0,0,0,0,0,0,1,0,0
09-MAY-2026,F10821,0,0,0,0,0,0,0,0,0,0,1,0,0
09-MAY-2026,F10899,0,0,0,0,0,0,0,0,0,0,1,0,0
09-MAY-2026,F11256,0,0,0,0,0,0,0,0,0,0,1,0,0
09-MAY-2026,F11275,0,0,0,0,0,0,0,0,0,0,1,0,0
09-MAY-2026,F11540,998905.8,0,998905.8,83024,0,0,0,0,0,0,1,0,0
09-MAY-2026,F11661,558368.37,0,558368.37,58635.5,0,0,0,0,0,0,1,0,0
09-MAY-2026,F11819,0,0,0,0,0,0,0,0,0,0,1,0,0
09-MAY-2026,F11982,0,0,0,0,0,0,0,0,0,0,1,0,0
09-MAY-2026,F13050,0,0,0,0,0,0,0,0,0,0,1,0,0
09-MAY-2026,F13107,0,0,0,0,0,0,0,0,0,0,1,0,0
09-MAY-2026,F13205,0,0,0,0,0,0,0,0,0,0,1,0,0
09-MAY-2026,F13226,0,0,0,0,0,0,0,0,0,0,1,0,0
09-MAY-2026,F13273,0,0,0,0,0,0,0,0,0,0,1,0,0
09-MAY-2026,F13370,0,0,0,0,0,0,0,0,0,0,1,0,0
09-MAY-2026,F13387,160327.2,0,160327.2,12009.5,0,0,0,0,0,0,1,0,0
09-MAY-2026,F1347,73314,0,73314,6109.5,0,0,0,0,0,0,1,0,0
09-MAY-2026,F13937,154752,0,154752,12896,0,0,0,0,0,0,1,0,0
09-MAY-2026,F1760,1075620,0,1075620,89635,0,0,0,0,0,0,1,0,0
09-MAY-2026,F1903,0,0,0,0,0,0,0,0,0,0,1,0,0
09-MAY-2026,FA5056,73314,0,73314,6109.5,0,0,0,0,0,0,1,0,0
09-MAY-2026,FA5061,0,0,0,0,0,0,0,0,0,0,1,0,0
09-MAY-2026,FA5063,0,0,0,0,0,0,0,0,0,0,1,0,0
09-MAY-2026,FA5066,34566,0,34566,2880.5,0,0,0,0,0,0,1,0,0
09-MAY-2026,FA5071,280951.58,0,280951.58,22879,0,0,0,0,0,0,1,0,0
09-MAY-2026,FA5078,0,0,0,0,0,0,0,0,0,0,1,0,0
09-MAY-2026,FA5079,87013.2,0,87013.2,5900,0,0,0,0,0,0,1,0,0
09-MAY-2026,FA5085,0,0,0,0,0,0,0,0,0,0,1,0,0
09-MAY-2026,FA5088,0,0,0,0,0,0,0,0,0,0,1,0,0
09-MAY-2026,FA5089,0,0,0,0,0,0,0,0,0,0,1,0,0
09-MAY-2026,FA5090,0,0,0,0,0,0,0,0,0,0,1,0,0
09-MAY-2026,FA5091,0,0,0,0,0,0,0,0,0,0,1,0,0
09-MAY-2026,FA5094,325554,0,325554,27129.5,0,0,0,0,0,0,1,0,0
09-MAY-2026,FA5096,0,0,0,0,0,0,0,0,0,0,1,0,0
09-MAY-2026,FA5097,146628,0,146628,12219,0,0,0,0,0,0,1,0,0
09-MAY-2026,FF1016,531477.89,0,531477.89,40004,0,0,0,0,0,0,1,0,0
09-MAY-2026,FF1802,868320,0,868320,72360,0,0,0,0,0,0,1,0,0
09-MAY-2026,FF4434,335127.59,0,335127.59,23874,0,0,0,0,0,0,1,0,0
09-MAY-2026,FM1289,0,0,0,0,0,0,0,0,0,0,1,0,0
09-MAY-2026,FM1363,261039.59,0,261039.59,17700,0,0,0,0,0,0,1,0,0
09-MAY-2026,G30475,0,0,0,0,0,0,0,0,0,0,1,0,0
09-MAY-2026,G30576,158340,0,158340,13195,0,0,0,0,0,0,1,0,0
09-MAY-2026,G3072,71406,0,71406,5950.5,0,0,0,0,0,0,1,0,0
09-MAY-2026,G30782,148176,0,148176,12348,0,0,0,0,0,0,1,0,0
09-MAY-2026,G31115,0,0,0,0,0,0,0,0,0,0,1,0,0
09-MAY-2026,G31145,0,0,0,0,0,0,0,0,0,0,1,0,0
09-MAY-2026,G31465,0,0,0,0,0,0,0,0,0,0,1,0,0
09-MAY-2026,G31502,74088,0,74088,6174,0,0,0,0,0,0,1,0,0
09-MAY-2026,G31827,187368,0,187368,15614,0,0,0,0,0,0,1,0,0
09-MAY-2026,H12695,0,0,0,0,0,0,0,0,0,0,1,0,0
09-MAY-2026,H12729,0,0,0,0,0,0,0,0,0,0,1,0,0
09-MAY-2026,HA6288,34566,0,34566,2880.5,0,0,0,0,0,0,1,0,0
09-MAY-2026,HA6791,0,0,0,0,0,0,0,0,0,0,1,0,0
09-MAY-2026,HAC7100,0,0,0,0,0,0,0,0,0,0,1,0,0
09-MAY-2026,HAD2013,0,0,0,0,0,0,0,0,0,0,1,0,0
09-MAY-2026,HAD2022,0,0,0,0,0,0,0,0,0,0,1,0,0
09-MAY-2026,HAD2026,675212.23,0,675212.23,55332.5,0,0,0,0,0,0,1,0,0
09-MAY-2026,HAD2045,0,0,0,0,0,0,0,0,0,0,1,0,0
09-MAY-2026,HAD2082,0,0,0,0,0,0,0,0,0,0,1,0,0
09-MAY-2026,HAD2100,0,0,0,0,0,0,0,0,0,0,1,0,0
09-MAY-2026,HAD2136,0,0,0,0,0,0,0,0,0,0,1,0,0
09-MAY-2026,HAD2153,0,0,0,0,0,0,0,0,0,0,1,0,0
09-MAY-2026,HAD6098,205416,0,205416,17118,0,0,0,0,0,0,1,0,0
09-MAY-2026,HAD6107,0,0,0,0,0,0,0,0,0,0,1,0,0
09-MAY-2026,HAD6112,207396,0,207396,17283,0,0,0,0,0,0,1,0,0
09-MAY-2026,HAD6178,0,0,0,0,0,0,0,0,0,0,1,0,0
09-MAY-2026,HAD6228,34566,0,34566,2880.5,0,0,0,0,0,0,1,0,0
09-MAY-2026,HAD6249,69132,0,69132,5761,0,0,0,0,0,0,1,0,0
09-MAY-2026,HAD6317,202410,0,202410,16867.5,0,0,0,0,0,0,1,0,0
09-MAY-2026,HN1101,0,0,0,0,0,0,0,0,0,0,1,0,0
09-MAY-2026,JA1985,0,0,0,0,0,0,0,0,0,0,1,0,0
09-MAY-2026,JA7035,0,0,0,0,0,0,0,0,0,0,1,0,0
09-MAY-2026,JA7103,0,0,0,0,0,0,0,0,0,0,1,0,0
09-MAY-2026,JC1325,0,0,0,0,0,0,0,0,0,0,1,0,0
09-MAY-2026,JC6232,0,0,0,0,0,0,0,0,0,0,1,0,0
09-MAY-2026,JC6346,71406,0,71406,5950.5,0,0,0,0,0,0,1,0,0
09-MAY-2026,JC6412,0,0,0,0,0,0,0,0,0,0,1,0,0
09-MAY-2026,JC6416,0,0,0,0,0,0,0,0,0,0,1,0,0
09-MAY-2026,JC6433,0,0,0,0,0,0,0,0,0,0,1,0,0
09-MAY-2026,JC6440,0,0,0,0,0,0,0,0,0,0,1,0,0
09-MAY-2026,JC6498,0,0,0,0,0,0,0,0,0,0,1,0,0
09-MAY-2026,JC6515,0,0,0,0,0,0,0,0,0,0,1,0,0
09-MAY-2026,JC6645,1090170,0,1090170,90847.5,0,0,0,0,0,0,1,0,0
09-MAY-2026,JJ10071,0,0,0,0,0,0,0,0,0,0,1,0,0
09-MAY-2026,JJ10564,0,0,0,0,0,0,0,0,0,0,1,0,0
09-MAY-2026,JJ11067,0,0,0,0,0,0,0,0,0,0,1,0,0
09-MAY-2026,JJ1237,0,0,0,0,0,0,0,0,0,0,1,0,0
09-MAY-2026,JJ1853,0,0,0,0,0,0,0,0,0,0,1,0,0
09-MAY-2026,JK11566,0,0,0,0,0,0,0,0,0,0,1,0,0
09-MAY-2026,JK1781,0,0,0,0,0,0,0,0,0,0,1,0,0
09-MAY-2026,JM1428,0,0,0,0,0,0,0,0,0,0,1,0,0
09-MAY-2026,JM1521,0,0,0,0,0,0,0,0,0,0,1,0,0
09-MAY-2026,JM1766,0,0,0,0,0,0,0,0,0,0,1,0,0
09-MAY-2026,JM1854,0,0,0,0,0,0,0,0,0,0,1,0,0
09-MAY-2026,JT10223,67470,0,67470,5622.5,0,0,0,0,0,0,1,0,0
09-MAY-2026,JT10261,0,0,0,0,0,0,0,0,0,0,1,0,0
09-MAY-2026,JT10304,0,0,0,0,0,0,0,0,0,0,1,0,0
09-MAY-2026,JT10352,0,0,0,0,0,0,0,0,0,0,1,0,0
09-MAY-2026,JT10825,0,0,0,0,0,0,0,0,0,0,1,0,0
09-MAY-2026,JT10973,71406,0,71406,5950.5,0,0,0,0,0,0,1,0,0
09-MAY-2026,JT10998,1072884,0,1072884,89407,0,0,0,0,0,0,1,0,0
09-MAY-2026,JT11040,0,0,0,0,0,0,0,0,0,0,1,0,0
09-MAY-2026,JT1107,67470,0,67470,5622.5,0,0,0,0,0,0,1,0,0
09-MAY-2026,JT11093,440856,0,440856,36738,0,0,0,0,0,0,1,0,0
09-MAY-2026,JT11119,0,0,0,0,0,0,0,0,0,0,1,0,0
09-MAY-2026,K1917,0,0,0,0,0,0,0,0,0,0,1,0,0
09-MAY-2026,K1Z103,394980,0,394980,49372.5,0,0,0,0,0,0,1,0,0
09-MAY-2026,K1Z127,0,0,0,0,0,0,0,0,0,0,1,0,0
09-MAY-2026,K1Z332,0,0,0,0,0,0,0,0,0,0,1,0,0
09-MAY-2026,K1Z380,0,0,0,0,0,0,0,0,0,0,1,0,0
09-MAY-2026,K1Z524,0,0,0,0,0,0,0,0,0,0,1,0,0
09-MAY-2026,K1Z553,142812,0,142812,11901,0,0,0,0,0,0,1,0,0
09-MAY-2026,K1Z554,71406,0,71406,5950.5,0,0,0,0,0,0,1,0,0
09-MAY-2026,K1Z567,71406,0,71406,5950.5,0,0,0,0,0,0,1,0,0
09-MAY-2026,K1Z581,0,0,0,0,0,0,0,0,0,0,1,0,0
09-MAY-2026,K1Z789,0,0,0,0,0,0,0,0,0,0,1,0,0
09-MAY-2026,K3351,0,0,0,0,0,0,0,0,0,0,1,0,0
09-MAY-2026,K3554,0,0,0,0,0,0,0,0,0,0,1,0,0
09-MAY-2026,KB1438,0,0,0,0,0,0,0,0,0,0,1,0,0
09-MAY-2026,KI10641,0,0,0,0,0,0,0,0,0,0,1,0,0
09-MAY-2026,KI1212,0,0,0,0,0,0,0,0,0,0,1,0,0
09-MAY-2026,KI1253,0,0,0,0,0,0,0,0,0,0,1,0,0
09-MAY-2026,KI5022,0,0,0,0,0,0,0,0,0,0,1,0,0
09-MAY-2026,KI5076,0,0,0,0,0,0,0,0,0,0,1,0,0
09-MAY-2026,L2222,499757.8,0,499757.8,52369,0,0,0,0,0,0,1,0,0
09-MAY-2026,L23282,0,0,0,0,0,0,0,0,0,0,1,0,0
09-MAY-2026,LP1267,0,0,0,0,0,0,0,0,0,0,1,0,0
09-MAY-2026,LP1352,0,0,0,0,0,0,0,0,0,0,1,0,0
09-MAY-2026,LP1400,0,0,0,0,0,0,0,0,0,0,1,0,0
09-MAY-2026,M11403,84552,0,84552,7046,0,0,0,0,0,0,1,0,0
09-MAY-2026,MDR1179,0,0,0,0,0,0,0,0,0,0,1,0,0
09-MAY-2026,MH10155,71406,0,71406,5950.5,0,0,0,0,0,0,1,0,0
09-MAY-2026,MHA6083,0,0,0,0,0,0,0,0,0,0,1,0,0
09-MAY-2026,MN1329,126828,0,126828,10569,0,0,0,0,0,0,1,0,0
09-MAY-2026,N349,0,0,0,0,0,0,0,0,0,0,1,0,0
09-MAY-2026,NS1529,0,0,0,0,0,0,0,0,0,0,1,0,0
09-MAY-2026,NSB7106,0,0,0,0,0,0,0,0,0,0,1,0,0
09-MAY-2026,O10062,0,0,0,0,0,0,0,0,0,0,1,0,0
09-MAY-2026,O10306,0,0,0,0,0,0,0,0,0,0,1,0,0
09-MAY-2026,O10462,0,0,0,0,0,0,0,0,0,0,1,0,0
09-MAY-2026,O10650,0,0,0,0,0,0,0,0,0,0,1,0,0
09-MAY-2026,O10713,146628,0,146628,12219,0,0,0,0,0,0,1,0,0
09-MAY-2026,O1352,0,0,0,0,0,0,0,0,0,0,1,0,0
09-MAY-2026,O61254,0,0,0,0,0,0,0,0,0,0,1,0,0
09-MAY-2026,PAL1606,0,0,0,0,0,0,0,0,0,0,1,0,0
09-MAY-2026,PL10175,0,0,0,0,0,0,0,0,0,0,1,0,0
09-MAY-2026,PL10378,0,0,0,0,0,0,0,0,0,0,1,0,0
09-MAY-2026,PL10447,0,0,0,0,0,0,0,0,0,0,1,0,0
09-MAY-2026,PL10757,75546,0,75546,6295.5,0,0,0,0,0,0,1,0,0
09-MAY-2026,PL10758,0,0,0,0,0,0,0,0,0,0,1,0,0
09-MAY-2026,PL1582,0,0,0,0,0,0,0,0,0,0,1,0,0
09-MAY-2026,PL1713,0,0,0,0,0,0,0,0,0,0,1,0,0
09-MAY-2026,PLB2036,445068,0,445068,37089,0,0,0,0,0,0,1,0,0
09-MAY-2026,PLB2079,0,0,0,0,0,0,0,0,0,0,1,0,0
09-MAY-2026,PN10141,0,0,0,0,0,0,0,0,0,0,1,0,0
09-MAY-2026,PN1163,0,0,0,0,0,0,0,0,0,0,1,0,0
09-MAY-2026,PN1224,0,0,0,0,0,0,0,0,0,0,1,0,0
09-MAY-2026,PN1326,0,0,0,0,0,0,0,0,0,0,1,0,0
09-MAY-2026,Q3920,0,0,0,0,0,0,0,0,0,0,1,0,0
09-MAY-2026,QG1Z023,214218,0,214218,17851.5,0,0,0,0,0,0,1,0,0
09-MAY-2026,QG1Z445,145494,0,145494,12124.5,0,0,0,0,0,0,1,0,0
09-MAY-2026,RF6016,0,0,0,0,0,0,0,0,0,0,1,0,0
09-MAY-2026,RF6021,0,0,0,0,0,0,0,0,0,0,1,0,0
09-MAY-2026,RL1239,0,0,0,0,0,0,0,0,0,0,1,0,0
09-MAY-2026,RL20255,0,0,0,0,0,0,0,0,0,0,1,0,0
09-MAY-2026,RL20493,0,0,0,0,0,0,0,0,0,0,1,0,0
09-MAY-2026,RL3416,0,0,0,0,0,0,0,0,0,0,1,0,0
09-MAY-2026,RL4007,0,0,0,0,0,0,0,0,0,0,1,0,0
09-MAY-2026,RL4209,34236,0,34236,2853,0,0,0,0,0,0,1,0,0
09-MAY-2026,RL4372,0,0,0,0,0,0,0,0,0,0,1,0,0
09-MAY-2026,RL4484,0,0,0,0,0,0,0,0,0,0,1,0,0
09-MAY-2026,RL4510,0,0,0,0,0,0,0,0,0,0,1,0,0
09-MAY-2026,RL4511,0,0,0,0,0,0,0,0,0,0,1,0,0
09-MAY-2026,RL4552,0,0,0,0,0,0,0,0,0,0,1,0,0
09-MAY-2026,RL4608,0,0,0,0,0,0,0,0,0,0,1,0,0
09-MAY-2026,RL50198,0,0,0,0,0,0,0,0,0,0,1,0,0
09-MAY-2026,RL7955,71406,0,71406,5950.5,0,0,0,0,0,0,1,0,0
09-MAY-2026,RL8369,0,0,0,0,0,0,0,0,0,0,1,0,0
09-MAY-2026,RL8481,0,0,0,0,0,0,0,0,0,0,1,0,0
09-MAY-2026,RLA3006,142812,0,142812,11901,0,0,0,0,0,0,1,0,0
09-MAY-2026,RLA3063,0,0,0,0,0,0,0,0,0,0,1,0,0
09-MAY-2026,RLA3318,0,0,0,0,0,0,0,0,0,0,1,0,0
09-MAY-2026,RLA3487,160327.2,0,160327.2,12009.5,0,0,0,0,0,0,1,0,0
09-MAY-2026,RLA3534,815749.19,0,815749.19,59872.5,0,0,0,0,0,0,1,0,0
09-MAY-2026,RLA3547,0,0,0,0,0,0,0,0,0,0,1,0,0
09-MAY-2026,RLA3611,0,0,0,0,0,0,0,0,0,0,1,0,0
09-MAY-2026,RLA4503,0,0,0,0,0,0,0,0,0,0,1,0,0
09-MAY-2026,RNV1025,0,0,0,0,0,0,0,0,0,0,1,0,0
09-MAY-2026,RNV1549,0,0,0,0,0,0,0,0,0,0,1,0,0
09-MAY-2026,RU9014,0,0,0,0,0,0,0,0,0,0,1,0,0
09-MAY-2026,RU9149,0,0,0,0,0,0,0,0,0,0,1,0,0
09-MAY-2026,RU9150,0,0,0,0,0,0,0,0,0,0,1,0,0
09-MAY-2026,RU9692,0,0,0,0,0,0,0,0,0,0,1,0,0
09-MAY-2026,RX1379,0,0,0,0,0,0,0,0,0,0,1,0,0
09-MAY-2026,SID1347,0,0,0,0,0,0,0,0,0,0,1,0,0
09-MAY-2026,SID1376,626016,0,626016,78252,0,0,0,0,0,0,1,0,0
09-MAY-2026,SID1455,69132,0,69132,5761,0,0,0,0,0,0,1,0,0
09-MAY-2026,SID1545,0,0,0,0,0,0,0,0,0,0,1,0,0
09-MAY-2026,SID1678,0,0,0,0,0,0,0,0,0,0,1,0,0
09-MAY-2026,TG1019,0,0,0,0,0,0,0,0,0,0,1,0,0
09-MAY-2026,TG2006,0,0,0,0,0,0,0,0,0,0,1,0,0
09-MAY-2026,UJ5327,1657639.25,0,1657639.25,129023,0,0,0,0,0,0,1,0,0
09-MAY-2026,UJ9050,0,0,0,0,0,0,0,0,0,0,1,0,0
09-MAY-2026,UJ9084,1300572,0,1300572,108381,0,0,0,0,0,0,1,0,0
09-MAY-2026,UJ9107,2096857.72,0,2096857.72,173179.5,0,0,0,0,0,0,1,0,0
09-MAY-2026,UJ9135,0,0,0,0,0,0,0,0,0,0,1,0,0
09-MAY-2026,UJ9136,0,0,0,0,0,0,0,0,0,0,1,0,0
09-MAY-2026,UJ9137,844632,0,844632,70386,0,0,0,0,0,0,1,0,0
09-MAY-2026,UJ9140,28670112,0,28670112,2389176,0,0,0,0,0,2439993.6,1,0,0
09-MAY-2026,UJ9160,10375078,0,10375078,866763.5,0,0,0,0,0,0,1,0,0
09-MAY-2026,UJ9163,0,0,0,0,0,0,0,0,0,0,1,0,0
09-MAY-2026,UJ9172,0,0,0,0,0,0,0,0,0,0,1,0,0
09-MAY-2026,UJ9193,0,0,0,0,0,0,0,0,0,0,1,0,0
09-MAY-2026,UJ9194,337350,0,337350,28112.5,0,0,0,0,0,0,1,0,0
09-MAY-2026,UJ9204,0,0,0,0,0,0,0,0,0,0,1,0,0
09-MAY-2026,UJ9205,6477120,0,6477120,539760,0,0,0,0,0,0,1,0,0
09-MAY-2026,UJ9206,146628,0,146628,12219,0,0,0,0,0,0,1,0,0
09-MAY-2026,UJ9212,0,0,0,0,0,0,0,0,0,0,1,0,0
09-MAY-2026,UJ9243,0,0,0,0,0,0,0,0,0,0,1,0,0
09-MAY-2026,UJ9259,0,0,0,0,0,0,0,0,0,0,1,0,0
09-MAY-2026,UJ9278,22520460,0,22520460,1986733.5,0,0,0,0,0,944697.6,1,0,0
09-MAY-2026,UJ9288,0,0,0,0,0,0,0,0,0,0,1,0,0
09-MAY-2026,UJ9294,0,0,0,0,0,0,0,0,0,0,1,0,0
09-MAY-2026,UJ9330,0,0,0,0,0,0,0,0,0,0,1,0,0
09-MAY-2026,UJ9376,0,0,0,0,0,0,0,0,0,0,1,0,0
09-MAY-2026,UJ9380,0,0,0,0,0,0,0,0,0,0,1,0,0
09-MAY-2026,UJ9442,2004756.02,0,2004756.02,162700,0,0,0,0,0,0,1,0,0
09-MAY-2026,UJ9565,0,0,0,0,0,0,0,0,0,0,1,0,0
09-MAY-2026,UJ9569,0,0,0,0,0,0,0,0,0,0,1,0,0
09-MAY-2026,UJ9590,1979478,0,1979478,164956.5,0,0,0,0,0,0,1,0,0
09-MAY-2026,UJ9613,1044158.37,0,1044158.37,70800,0,0,0,0,0,0,1,0,0
09-MAY-2026,UJ9634,146628,0,146628,12219,0,0,0,0,0,0,1,0,0
09-MAY-2026,UJ9636,0,0,0,0,0,0,0,0,0,0,1,0,0
09-MAY-2026,UJ9664,0,0,0,0,0,0,0,0,0,0,1,0,0
09-MAY-2026,UJ9669,0,0,0,0,0,0,0,0,0,0,1,0,0
09-MAY-2026,UJ9671,0,0,0,0,0,0,0,0,0,0,1,0,0
09-MAY-2026,UJ9690,0,0,0,0,0,0,0,0,0,0,1,0,0
09-MAY-2026,UJ9698,0,0,0,0,0,0,0,0,0,0,1,0,0
09-MAY-2026,UJ9699,0,0,0,0,0,0,0,0,0,0,1,0,0
09-MAY-2026,UJ9702,0,0,0,0,0,0,0,0,0,0,1,0,0
09-MAY-2026,UJ9703,130420,0,130420,16302.5,0,0,0,0,0,0,1,0,0
09-MAY-2026,UJ9704,0,0,0,0,0,0,0,0,0,0,1,0,0
09-MAY-2026,UJ9712,0,0,0,0,0,0,0,0,0,0,1,0,0
09-MAY-2026,UJ9717,156504,0,156504,19563,0,0,0,0,0,0,1,0,0
09-MAY-2026,UJ9719,0,0,0,0,0,0,0,0,0,0,1,0,0
09-MAY-2026,UJ9725,0,0,0,0,0,0,0,0,0,0,1,0,0
09-MAY-2026,UJ9733,0,0,0,0,0,0,0,0,0,0,1,0,0
09-MAY-2026,UJ9748,0,0,0,0,0,0,0,0,0,0,1,0,0
09-MAY-2026,UJ9755,0,0,0,0,0,0,0,0,0,0,1,0,0
09-MAY-2026,UJ9757,434160,0,434160,36180,0,0,0,0,0,0,1,0,0
09-MAY-2026,UJ9760,0,0,0,0,0,0,0,0,0,0,1,0,0
09-MAY-2026,UJ9766,0,0,0,0,0,0,0,0,0,0,1,0,0
09-MAY-2026,UJ9767,0,0,0,0,0,0,0,0,0,0,1,0,0
09-MAY-2026,UJ9768,0,0,0,0,0,0,0,0,0,0,1,0,0
09-MAY-2026,UJ9769,1332810,0,1332810,111067.5,0,0,0,0,0,0,1,0,0
09-MAY-2026,UJ9770,146628,0,146628,12219,0,0,0,0,0,0,1,0,0
09-MAY-2026,UJ9773,2454378.74,0,2454378.74,201625,0,0,0,0,0,0,1,0,0
09-MAY-2026,UJ9777,0,0,0,0,0,0,0,0,0,0,1,0,0
09-MAY-2026,UJ9784,0,0,0,0,0,0,0,0,0,0,1,0,0
09-MAY-2026,UJ9788,1392966,0,1392966,116080.5,0,0,0,0,0,0,1,0,0
09-MAY-2026,UJ9790,0,0,0,0,0,0,0,0,0,0,1,0,0
09-MAY-2026,UJ9791,0,0,0,0,0,0,0,0,0,0,1,0,0
09-MAY-2026,UJ9793,3222810,0,3222810,268567.5,0,0,0,0,0,0,1,0,0
09-MAY-2026,UJ9795,0,0,0,0,0,0,0,0,0,0,1,0,0
09-MAY-2026,UJ9803,0,0,0,0,0,0,0,0,0,0,1,0,0
09-MAY-2026,UJ9806,0,0,0,0,0,0,0,0,0,0,1,0,0
09-MAY-2026,UJ9807,0,0,0,0,0,0,0,0,0,0,1,0,0
09-MAY-2026,UJ9810,0,0,0,0,0,0,0,0,0,0,1,0,0
09-MAY-2026,UJ9815,0,0,0,0,0,0,0,0,0,0,1,0,0
09-MAY-2026,UJ9818,953082,0,953082,79423.5,0,0,0,0,0,0,1,0,0
09-MAY-2026,UJ9821,16540866,0,16540866,1378405.5,0,0,0,0,0,349113.6,1,0,0
09-MAY-2026,UJA2028,0,0,0,0,0,0,0,0,0,0,1,0,0
09-MAY-2026,UJB2002,2246723.15,0,2246723.15,182551,0,0,0,0,0,0,1,0,0
09-MAY-2026,UJB2007,2383288.17,0,2383288.17,196275.5,0,0,0,0,0,0,1,0,0
09-MAY-2026,UJB2017,772414.46,0,772414.46,62497.5,0,0,0,0,0,0,1,0,0
09-MAY-2026,UJB5015,0,0,0,0,0,0,0,0,0,0,1,0,0
09-MAY-2026,UJB5093,0,0,0,0,0,0,0,0,0,0,1,0,0
09-MAY-2026,UJB5119,0,0,0,0,0,0,0,0,0,0,1,0,0
09-MAY-2026,UJB5126,0,0,0,0,0,0,0,0,0,0,1,0,0
09-MAY-2026,UJB5129,3857810,0,3857810,471796,0,0,0,0,0,0,1,0,0
09-MAY-2026,UJB5131,0,0,0,0,0,0,0,0,0,0,1,0,0
09-MAY-2026,UJB5133,0,0,0,0,0,0,0,0,0,0,1,0,0
09-MAY-2026,UJB5134,0,0,0,0,0,0,0,0,0,0,1,0,0
09-MAY-2026,UJB5136,0,0,0,0,0,0,0,0,0,0,1,0,0
09-MAY-2026,UJB5138,0,0,0,0,0,0,0,0,0,0,1,0,0
09-MAY-2026,UJB5160,0,0,0,0,0,0,0,0,0,0,1,0,0
09-MAY-2026,UJB5169,200475.6,0,200475.6,16270,0,0,0,0,0,0,1,0,0
09-MAY-2026,UJB5171,0,0,0,0,0,0,0,0,0,0,1,0,0
09-MAY-2026,UJB5183,146628,0,146628,12219,0,0,0,0,0,0,1,0,0
09-MAY-2026,UJB5198,71406,0,71406,5950.5,0,0,0,0,0,0,1,0,0
09-MAY-2026,UJB5201,0,0,0,0,0,0,0,0,0,0,1,0,0
09-MAY-2026,UJB5203,0,0,0,0,0,0,0,0,0,0,1,0,0
09-MAY-2026,UJB5204,0,0,0,0,0,0,0,0,0,0,1,0,0
09-MAY-2026,UJB5206,0,0,0,0,0,0,0,0,0,0,1,0,0
09-MAY-2026,UJB5207,2000376,0,2000376,166698,0,0,0,0,0,0,1,0,0
09-MAY-2026,UJB5211,348052.79,0,348052.79,23600,0,0,0,0,0,0,1,0,0
09-MAY-2026,UJB5213,0,0,0,0,0,0,0,0,0,0,1,0,0
09-MAY-2026,UJB5216,0,0,0,0,0,0,0,0,0,0,1,0,0
09-MAY-2026,UJB5217,174026.4,0,174026.4,11800,0,0,0,0,0,0,1,0,0
09-MAY-2026,UJB5220,261039.59,0,261039.59,17700,0,0,0,0,0,0,1,0,0
09-MAY-2026,UJB5231,142812,0,142812,11901,0,0,0,0,0,0,1,0,0
09-MAY-2026,UP10191,71406,0,71406,5950.5,0,0,0,0,0,0,1,0,0
09-MAY-2026,UP10196,0,0,0,0,0,0,0,0,0,0,1,0,0
09-MAY-2026,UP10202,0,0,0,0,0,0,0,0,0,0,1,0,0
09-MAY-2026,UP10339,0,0,0,0,0,0,0,0,0,0,1,0,0
09-MAY-2026,UP10345,0,0,0,0,0,0,0,0,0,0,1,0,0
09-MAY-2026,UP1243,0,0,0,0,0,0,0,0,0,0,1,0,0
09-MAY-2026,UP1278,0,0,0,0,0,0,0,0,0,0,1,0,0
09-MAY-2026,V33,0,0,0,0,0,0,0,0,0,0,1,0,0
09-MAY-2026,VJ1030,0,0,0,0,0,0,0,0,0,0,1,0,0
09-MAY-2026,VJ1191,0,0,0,0,0,0,0,0,0,0,1,0,0
09-MAY-2026,VJ1204,253656,0,253656,21138,0,0,0,0,0,0,1,0,0
09-MAY-2026,VJ1356,34566,0,34566,2880.5,0,0,0,0,0,0,1,0,0
09-MAY-2026,VS10766,0,0,0,0,0,0,0,0,0,0,1,0,0
09-MAY-2026,VS1299,0,0,0,0,0,0,0,0,0,0,1,0,0
09-MAY-2026,VS1398,156504,0,156504,19563,0,0,0,0,0,0,1,0,0
09-MAY-2026,VVA1207,0,0,0,0,0,0,0,0,0,0,1,0,0
09-MAY-2026,VVA1872,291348,0,291348,24279,0,0,0,0,0,0,1,0,0
09-MAY-2026,VVA1878,0,0,0,0,0,0,0,0,0,0,1,0,0
09-MAY-2026,X41525,0,0,0,0,0,0,0,0,0,0,1,0,0
09-MAY-2026,X41685,0,0,0,0,0,0,0,0,0,0,1,0,0
09-MAY-2026,X41686,0,0,0,0,0,0,0,0,0,0,1,0,0
09-MAY-2026,X41712,0,0,0,0,0,0,0,0,0,0,1,0,0
09-MAY-2026,X531698,0,0,0,0,0,0,0,0,0,0,1,0,0
09-MAY-2026,X89001,0,0,0,0,0,0,0,0,0,0,1,0,0
09-MAY-2026,X89218,0,0,0,0,0,0,0,0,0,0,1,0,0
09-MAY-2026,X95083,0,0,0,0,0,0,0,0,0,0,1,0,0
09-MAY-2026,X95091,0,0,0,0,0,0,0,0,0,0,1,0,0
09-MAY-2026,X95150,0,0,0,0,0,0,0,0,0,0,1,0,0
09-MAY-2026,X95291,0,0,0,0,0,0,0,0,0,0,1,0,0
09-MAY-2026,X95307,1333584,0,1333584,111132,0,0,0,0,0,0,1,0,0
09-MAY-2026,X95325,161101.2,0,161101.2,12074,0,0,0,0,0,0,1,0,0
