09-MAY-2026,00784,0,0,0,0,0,0,0,0,0,0,0,0
09-MAY-2026,01089,1577681,0,1577681,131238,0,0,0,0,0,0,0,0
09-MAY-2026,00184,0,0,0,0,0,0,0,0,0,0,0,0
09-MAY-2026,00487,0,0,0,0,0,0,0,0,0,0,0,0
09-MAY-2026,00657,0,0,0,0,0,0,0,0,0,0,0,0
09-MAY-2026,01059,5131439.15,0,5131439.15,457935,0,0,0,0,0,0,0,0
09-MAY-2026,01303,45854653.51,800,45855453.51,4115650,0,0,0,0,0,0,0,0
09-MAY-2026,00203,0,0,0,0,0,0,0,0,0,0,0,0
09-MAY-2026,00743,0,0,0,0,0,0,0,0,0,0,0,0
09-MAY-2026,00888,0,0,0,0,0,0,0,0,0,0,0,0
09-MAY-2026,00967,8442493.64,0,8442493.64,770600,0,0,0,0,0,0,0,0
09-MAY-2026,00834,0,0,0,0,0,0,0,0,0,0,0,0
09-MAY-2026,00922,0,0,0,0,0,0,0,0,0,0,0,0
09-MAY-2026,00048,98175.15,0,98175.15,8065,0,0,0,0,0,0,0,0
09-MAY-2026,NCDXJAI01,0,0,0,0,0,0,0,0,0,0,0,0
09-MAY-2026,00320,0,0,0,0,0,0,0,0,0,0,0,0
09-MAY-2026,00636,0,0,0,0,0,0,0,0,0,0,0,0
09-MAY-2026,01278,0,0,0,0,0,0,0,0,0,0,0,0
09-MAY-2026,01311,0,0,0,0,0,0,0,0,0,0,0,0
09-MAY-2026,00021,283602867.73,-4839750,278763117.73,23585608,0,0,545472,0,0,0,0,0
09-MAY-2026,00655,0,0,0,0,0,0,0,0,0,0,0,0
09-MAY-2026,NCDXCHI01,0,0,0,0,0,0,0,0,0,0,0,0
