09-MAY-2026,01252,0,0,0,0,0,0,0,0,0,0,2,0,0,0,0,20260509-0,115005834,120005834,120005834,0,0,20260509-0
09-MAY-2026,AHMCA199,891048,0,891048,74254,0,0,0,0,0,0,1,0,0,891048,74254,20260509-0,54569.19,54569.19,54569.19,965302,910732.81,20260509-0
09-MAY-2026,AHMCB167,690984,0,690984,84384,0,0,0,0,0,0,1,0,0,690984,84384,20260509-0,1678846.47,1678846.47,1678846.47,775368,0,20260509-0
09-MAY-2026,AHMCC175,788640,0,788640,98580,0,0,0,0,0,0,1,0,0,788640,98580,20260509-0,5963430.07,5963430.07,5963430.07,887220,0,20260509-0
09-MAY-2026,AHMCD164,159734.14,0,159734.14,12346,0,0,0,0,0,0,1,0,0,159734.14,12346,20260509-0,303998.9,303998.9,303998.9,172080.14,0,20260509-0
09-MAY-2026,AHMCF108,0,0,0,0,0,0,0,0,0,0,1,0,0,0,0,20260509-0,83.34,83.34,83.34,0,0,20260509-0
09-MAY-2026,AHMCH140,1323350,0,1323350,122825,0,0,0,0,0,0,1,0,0,1323350,122825,20260509-0,826981.62,826981.62,826981.62,1446175,619193.38,20260509-0
09-MAY-2026,AHMCH155,216360,0,216360,18030,0,0,0,0,0,0,1,0,0,216360,18030,20260509-0,315678.43,315678.43,315678.43,234390,0,20260509-0
09-MAY-2026,AHMCK280,131440,0,131440,16430,0,0,0,0,0,0,1,0,0,131440,16430,20260509-0,1114685.86,1114685.86,1114685.86,147870,0,20260509-0
09-MAY-2026,AHMCP175,132996,0,132996,11083,0,0,0,0,0,0,1,0,0,132996,11083,20260509-0,362517.97,362517.97,362517.97,144079,0,20260509-0
09-MAY-2026,AHMCP338,2078934,0,2078934,173244.5,0,0,0,0,0,0,1,0,0,2078934,173244.5,20260509-0,2492818.9,2492818.9,2492818.9,2252178.5,0,20260509-0
09-MAY-2026,AHMCR220,0,0,0,0,0,0,0,0,0,0,1,0,0,0,0,20260509-0,203996.95,203996.95,203996.95,0,0,20260509-0
09-MAY-2026,AHMCS575,67470,0,67470,5622.5,0,0,0,0,0,0,1,0,0,67470,5622.5,20260509-0,211834.96,211834.96,211834.96,73092.5,0,20260509-0
09-MAY-2026,AHMCU123,0,0,0,0,0,0,0,0,0,0,1,0,0,0,0,20260509-0,7519.56,7519.56,7519.56,0,0,20260509-0
09-MAY-2026,AHMCV165,0,0,0,0,0,0,0,0,0,0,1,0,0,0,0,20260509-0,397.98,397.98,397.98,0,0,20260509-0
09-MAY-2026,AKA173,82008,0,82008,6834,0,0,0,0,0,0,1,0,0,82008,6834,20260509-0,86160.11,86160.11,86160.11,88842,2681.89,20260509-0
09-MAY-2026,AKA417,41004,0,41004,3417,0,0,0,0,0,0,1,0,0,41004,3417,20260509-0,104525.95,104525.95,104525.95,44421,0,20260509-0
09-MAY-2026,AKA445,166176,0,166176,13848,0,0,0,0,0,0,1,0,0,166176,13848,20260509-0,517941.71,517941.71,517941.71,180024,0,20260509-0
09-MAY-2026,AKA460,250488,0,250488,20874,0,0,0,0,0,0,1,0,0,250488,20874,20260509-0,481214.71,481214.71,481214.71,271362,0,20260509-0
09-MAY-2026,AKG110,205020,0,205020,17085,0,0,0,0,0,0,1,0,0,205020,17085,20260509-0,790372.92,790372.92,790372.92,222105,0,20260509-0
09-MAY-2026,AKJ081,4838472,0,4838472,403206,0,0,0,0,0,0,1,0,0,4838472,403206,20260509-0,205972.43,205972.43,205972.43,5241678,5035705.57,20260509-0
09-MAY-2026,AKJ122,1148112,0,1148112,95676,0,0,0,0,0,0,1,0,0,1148112,95676,20260509-0,31360.36,31360.36,31360.36,1243788,1212427.64,20260509-0
09-MAY-2026,AKK111,446994,0,446994,89292,0,0,0,0,0,0,1,0,0,446994,89292,20260509-0,595221,595221,595221,536286,0,20260509-0
09-MAY-2026,AKK140,41544,0,41544,3462,0,0,0,0,0,0,1,0,0,41544,3462,20260509-0,45644.63,45644.63,45644.63,45006,0,20260509-0
09-MAY-2026,AKM384,415440,0,415440,34620,0,0,0,0,0,0,1,0,0,415440,34620,20260509-0,507790.09,507790.09,507790.09,450060,0,20260509-0
09-MAY-2026,AKR292,415440,0,415440,34620,0,0,0,0,0,0,1,0,0,415440,34620,20260509-0,1135839.3,1135839.3,1135839.3,450060,0,20260509-0
09-MAY-2026,AKR412,205020,0,205020,17085,0,0,0,0,0,0,1,0,0,205020,17085,20260509-0,249405.15,249405.15,249405.15,222105,0,20260509-0
09-MAY-2026,AKS343,574056,0,574056,47838,0,0,0,0,0,0,1,0,0,574056,47838,20260509-0,726191.81,726191.81,726191.81,621894,0,20260509-0
09-MAY-2026,AKS601,2163725.87,0,2163725.87,170373,0,0,0,0,0,0,1,0,0,2163725.87,170373,20260509-0,14108168.59,14108168.59,14108168.59,2334098.87,0,20260509-0
09-MAY-2026,AKS697,41544,0,41544,3462,0,0,0,0,0,0,1,0,0,41544,3462,20260509-0,73817.56,73817.56,73817.56,45006,0,20260509-0
09-MAY-2026,AKS822,705361.03,0,705361.03,56252,0,0,0,0,0,0,1,0,0,705361.03,56252,20260509-0,3539485.9,3539485.9,3539485.9,761613.03,0,20260509-0
09-MAY-2026,AKV205,450504,0,450504,37542,0,0,0,0,0,0,1,0,0,450504,37542,20260509-0,1256689.13,1256689.13,1256689.13,488046,0,20260509-0
09-MAY-2026,AMP103,100765.86,0,100765.86,8036,0,0,0,0,0,0,1,0,0,100765.86,8036,20260509-0,313922.61,313922.61,313922.61,108801.86,0,20260509-0
09-MAY-2026,AURGS9D104,164556,0,164556,13713,0,0,0,0,0,0,1,0,0,164556,13713,20260509-0,185679.79,185679.79,185679.79,178269,0,20260509-0
09-MAY-2026,AURGS9O101,41004,0,41004,3417,0,0,0,0,0,0,1,0,0,41004,3417,20260509-0,0,0,0,44421,44421,20260509-0
09-MAY-2026,AURGS9S113,124632,0,124632,10386,0,0,0,0,0,0,1,0,0,124632,10386,20260509-0,268019.06,268019.06,268019.06,135018,0,20260509-0
09-MAY-2026,BMM198,150240,0,150240,12520,0,0,0,0,0,0,1,0,0,150240,12520,20260509-0,496550.67,496550.67,496550.67,162760,0,20260509-0
09-MAY-2026,BMS053,206100,0,206100,17175,0,0,0,0,0,0,1,0,0,206100,17175,20260509-0,254419.47,254419.47,254419.47,223275,0,20260509-0
09-MAY-2026,BMV075,206069.13,0,206069.13,16226,0,0,0,0,0,0,1,0,0,206069.13,16226,20260509-0,248831.29,248831.29,248831.29,222295.13,0,20260509-0
09-MAY-2026,DIRB24S103,41544,0,41544,3462,0,0,0,0,0,0,1,0,0,41544,3462,20260509-0,154759.12,154759.12,154759.12,45006,0,20260509-0
09-MAY-2026,DIRB81A106,41544,0,41544,3462,0,0,0,0,0,0,1,0,0,41544,3462,20260509-0,78915.27,78915.27,78915.27,45006,0,20260509-0
09-MAY-2026,DIRB81V101,82008,0,82008,6834,0,0,0,0,0,0,1,0,0,82008,6834,20260509-0,85824.62,85824.62,85824.62,88842,3017.38,20260509-0
09-MAY-2026,DIRC21K104,705361.03,0,705361.03,56252,0,0,0,0,0,0,1,0,0,705361.03,56252,20260509-0,1277125.97,1277125.97,1277125.97,761613.03,0,20260509-0
09-MAY-2026,DIRC21R111,808395.59,0,808395.59,64365,0,0,0,0,0,0,1,0,0,808395.59,64365,20260509-0,1188030.17,1188030.17,1188030.17,872760.59,0,20260509-0
09-MAY-2026,DIRW70P112,334188,0,334188,27849,0,0,0,0,0,0,1,0,0,334188,27849,20260509-0,979902.33,979902.33,979902.33,362037,0,20260509-0
09-MAY-2026,E933255,25920,0,25920,3240,0,0,0,0,0,0,1,0,0,25920,3240,20260509-0,0,0,0,29160,29160,20260509-0
09-MAY-2026,ERROR,25920,0,25920,3240,0,0,0,0,0,0,1,0,0,25920,3240,20260509-0,0,0,0,29160,29160,20260509-0
09-MAY-2026,FPB22K121,233646,0,233646,19470.5,0,0,0,0,0,0,1,0,0,233646,19470.5,20260509-0,318931.23,318931.23,318931.23,253116.5,0,20260509-0
09-MAY-2026,GBN10S527,143109,0,143109,17130,0,0,0,0,0,0,1,0,0,143109,17130,20260509-0,325140.53,325140.53,325140.53,160239,0,20260509-0
09-MAY-2026,GBN21B051,1111968,0,1111968,92664,0,0,0,0,0,0,1,0,0,1111968,92664,20260509-0,899183.21,899183.21,899183.21,1204632,305448.79,20260509-0
09-MAY-2026,GBN21S066,1725948,0,1725948,143829,0,0,0,0,0,0,1,0,0,1725948,143829,20260509-0,1457242.42,1457242.42,1457242.42,1869777,412534.58,20260509-0
09-MAY-2026,GBN21S192,1517148,0,1517148,126429,0,0,0,0,0,0,1,0,0,1517148,126429,20260509-0,1486342.27,1486342.27,1486342.27,1643577,157234.73,20260509-0
09-MAY-2026,GBN488A116,872424,0,872424,72702,0,0,0,0,0,0,1,0,0,872424,72702,20260509-0,899717.1,899717.1,899717.1,945126,45408.9,20260509-0
09-MAY-2026,GBN503A104,83088,0,83088,6924,0,0,0,0,0,0,1,0,0,83088,6924,20260509-0,0,0,0,90012,90012,20260509-0
09-MAY-2026,GBN503A106,83088,0,83088,6924,0,0,0,0,0,0,1,0,0,83088,6924,20260509-0,0,0,0,90012,90012,20260509-0
09-MAY-2026,GBN503N104,370116,0,370116,30843,0,0,0,0,0,0,1,0,0,370116,30843,20260509-0,264409.54,264409.54,264409.54,400959,136549.46,20260509-0
09-MAY-2026,GBN503V111,83088,0,83088,6924,0,0,0,0,0,0,1,0,0,83088,6924,20260509-0,0,0,0,90012,90012,20260509-0
09-MAY-2026,GBN503V115,0,0,0,0,0,0,0,0,0,0,1,0,0,0,0,20260509-0,115874.56,115874.56,115874.56,0,0,20260509-0
09-MAY-2026,GJBG1P106,937776,0,937776,78148,0,0,0,0,0,0,1,0,0,937776,78148,20260509-0,1194096.04,1194096.04,1194096.04,1015924,0,20260509-0
09-MAY-2026,GJBG1S103,472290,0,472290,39357.5,0,0,0,0,0,0,1,0,0,472290,39357.5,20260509-0,641761.37,641761.37,641761.37,511647.5,0,20260509-0
09-MAY-2026,GJBG1S112,872250,0,872250,72687.5,0,0,0,0,0,0,1,0,0,872250,72687.5,20260509-0,1103680.37,1103680.37,1103680.37,944937.5,0,20260509-0
09-MAY-2026,GKOHNH111,774935.34,0,774935.34,62165,0,0,0,0,0,0,1,0,0,774935.34,62165,20260509-0,0,0,0,837100.34,837100.34,20260509-0
09-MAY-2026,GNP13C22,541296,0,541296,45108,0,0,0,0,0,0,1,0,0,541296,45108,20260509-0,573828.57,573828.57,573828.57,586404,12575.43,20260509-0
09-MAY-2026,GNP13C76,206640,0,206640,17220,0,0,0,0,0,0,1,0,0,206640,17220,20260509-0,285814.09,285814.09,285814.09,223860,0,20260509-0
09-MAY-2026,GNP19J101,0,0,0,0,0,0,0,0,0,0,1,0,0,0,0,20260509-0,45812.31,45812.31,45812.31,0,0,20260509-0
09-MAY-2026,GNP22S190,249264,0,249264,20772,0,0,0,0,0,0,1,0,0,249264,20772,20260509-0,0,0,0,270036,270036,20260509-0
09-MAY-2026,GNP28R325,2624256,0,2624256,218688,0,0,0,0,0,0,1,0,0,2624256,218688,20260509-0,3324727.39,3324727.39,3324727.39,2842944,0,20260509-0
09-MAY-2026,GNP28V304,2419236,0,2419236,201603,0,0,0,0,0,0,1,0,0,2419236,201603,20260509-0,2969388.6,2969388.6,2969388.6,2620839,0,20260509-0
09-MAY-2026,GNP32A101,83088,0,83088,6924,0,0,0,0,0,0,1,0,0,83088,6924,20260509-0,188319.75,188319.75,188319.75,90012,0,20260509-0
09-MAY-2026,GNP32A130,0,0,0,0,0,0,0,0,0,0,1,0,0,0,0,20260509-0,81184.51,81184.51,81184.51,0,0,20260509-0
09-MAY-2026,GNP32N102,1149732,0,1149732,95811,0,0,0,0,0,0,1,0,0,1149732,95811,20260509-0,1761144,1761144,1761144,1245543,0,20260509-0
09-MAY-2026,GNP32S126,41544,0,41544,3462,0,0,0,0,0,0,1,0,0,41544,3462,20260509-0,251777.53,251777.53,251777.53,45006,0,20260509-0
09-MAY-2026,GNP3B51,41544,0,41544,3462,0,0,0,0,0,0,1,0,0,41544,3462,20260509-0,0,0,0,45006,45006,20260509-0
09-MAY-2026,GNP3D011,41004,0,41004,3417,0,0,0,0,0,0,1,0,0,41004,3417,20260509-0,138951.85,138951.85,138951.85,44421,0,20260509-0
09-MAY-2026,GNP50M106,0,0,0,0,0,0,0,0,0,0,1,0,0,0,0,20260509-0,28562.97,28562.97,28562.97,0,0,20260509-0
09-MAY-2026,GNP64D014,533592,0,533592,44466,0,0,0,0,0,0,1,0,0,533592,44466,20260509-0,1809112.34,1809112.34,1809112.34,578058,0,20260509-0
09-MAY-2026,GNP73A131,134352,0,134352,11196,0,0,0,0,0,0,1,0,0,134352,11196,20260509-0,258686.76,258686.76,258686.76,145548,0,20260509-0
09-MAY-2026,GNP73D113,42156,0,42156,3513,0,0,0,0,0,0,1,0,0,42156,3513,20260509-0,124461.6,124461.6,124461.6,45669,0,20260509-0
09-MAY-2026,GNP73D156,168012,0,168012,14001,0,0,0,0,0,0,1,0,0,168012,14001,20260509-0,219223.98,219223.98,219223.98,182013,0,20260509-0
09-MAY-2026,GNP73M134,33588,0,33588,2799,0,0,0,0,0,0,1,0,0,33588,2799,20260509-0,80812,80812,80812,36387,0,20260509-0
09-MAY-2026,GNP73P155,145044,0,145044,12087,0,0,0,0,0,0,1,0,0,145044,12087,20260509-0,288300.57,288300.57,288300.57,157131,0,20260509-0
09-MAY-2026,GNP73S080,207720,0,207720,17310,0,0,0,0,0,0,1,0,0,207720,17310,20260509-0,249177.5,249177.5,249177.5,225030,0,20260509-0
09-MAY-2026,GNP75D120,123012,0,123012,10251,0,0,0,0,0,0,1,0,0,123012,10251,20260509-0,188916.35,188916.35,188916.35,133263,0,20260509-0
09-MAY-2026,GNP75M166,1119767.99,0,1119767.99,88781,0,0,0,0,0,0,1,0,0,1119767.99,88781,20260509-0,1332759.63,1332759.63,1332759.63,1208548.99,0,20260509-0
09-MAY-2026,GNP7S19,0,0,0,0,0,0,0,0,0,0,1,0,0,0,0,20260509-0,105844.57,105844.57,105844.57,0,0,20260509-0
09-MAY-2026,GORWA349,5984820,0,5984820,498735,0,0,0,0,0,0,1,0,0,5984820,498735,20260509-0,14803567.96,14803567.96,14803567.96,6483555,0,20260509-0
09-MAY-2026,GPU181G101,249264,0,249264,20772,0,0,0,0,0,0,1,0,0,249264,20772,20260509-0,388724.44,388724.44,388724.44,270036,0,20260509-0
09-MAY-2026,GPU181P105,41004,0,41004,3417,0,0,0,0,0,0,1,0,0,41004,3417,20260509-0,45509.93,45509.93,45509.93,44421,0,20260509-0
09-MAY-2026,GPU181S105,41004,0,41004,3417,0,0,0,0,0,0,1,0,0,41004,3417,20260509-0,190872.76,190872.76,190872.76,44421,0,20260509-0
09-MAY-2026,GPU2J040,105885,0,105885,34395,0,0,0,0,0,0,1,0,0,105885,34395,20260509-0,264995.59,264995.59,264995.59,140280,0,20260509-0
09-MAY-2026,GPU33A114,262032,0,262032,21836,0,0,0,0,0,0,1,0,0,262032,21836,20260509-0,499025.07,499025.07,499025.07,283868,0,20260509-0
09-MAY-2026,GPU33A116,262032,0,262032,21836,0,0,0,0,0,0,1,0,0,262032,21836,20260509-0,874994.83,874994.83,874994.83,283868,0,20260509-0
09-MAY-2026,GPU33D014,83088,0,83088,6924,0,0,0,0,0,0,1,0,0,83088,6924,20260509-0,32856.65,32856.65,32856.65,90012,57155.35,20260509-0
09-MAY-2026,GPU33J007,345120,0,345120,28760,0,0,0,0,0,0,1,0,0,345120,28760,20260509-0,857163.03,857163.03,857163.03,373880,0,20260509-0
09-MAY-2026,GPU33K011,151788,0,151788,12649,0,0,0,0,0,0,1,0,0,151788,12649,20260509-0,516066.42,516066.42,516066.42,164437,0,20260509-0
09-MAY-2026,GPU33K107,151788,0,151788,12649,0,0,0,0,0,0,1,0,0,151788,12649,20260509-0,323230.93,323230.93,323230.93,164437,0,20260509-0
09-MAY-2026,GPU33L003,41544,0,41544,3462,0,0,0,0,0,0,1,0,0,41544,3462,20260509-0,75121.82,75121.82,75121.82,45006,0,20260509-0
09-MAY-2026,GPU33M015,151788,0,151788,12649,0,0,0,0,0,0,1,0,0,151788,12649,20260509-0,396850.84,396850.84,396850.84,164437,0,20260509-0
09-MAY-2026,GPU33M017,41544,0,41544,3462,0,0,0,0,0,0,1,0,0,41544,3462,20260509-0,59609.73,59609.73,59609.73,45006,0,20260509-0
09-MAY-2026,GPU33M037,151788,0,151788,12649,0,0,0,0,0,0,1,0,0,151788,12649,20260509-0,223133.51,223133.51,223133.51,164437,0,20260509-0
09-MAY-2026,GPU33M038,262032,0,262032,21836,0,0,0,0,0,0,1,0,0,262032,21836,20260509-0,547710.45,547710.45,547710.45,283868,0,20260509-0
09-MAY-2026,GPU33M109,193332,0,193332,16111,0,0,0,0,0,0,1,0,0,193332,16111,20260509-0,460592.72,460592.72,460592.72,209443,0,20260509-0
09-MAY-2026,GPU33N012,83088,0,83088,6924,0,0,0,0,0,0,1,0,0,83088,6924,20260509-0,129625.7,129625.7,129625.7,90012,0,20260509-0
09-MAY-2026,GPU33P115,75894,0,75894,6324.5,0,0,0,0,0,0,1,0,0,75894,6324.5,20260509-0,105607.79,105607.79,105607.79,82218.5,0,20260509-0
09-MAY-2026,GPU33P116,151788,0,151788,12649,0,0,0,0,0,0,1,0,0,151788,12649,20260509-0,250378.28,250378.28,250378.28,164437,0,20260509-0
09-MAY-2026,GPU33P117,151788,0,151788,12649,0,0,0,0,0,0,1,0,0,151788,12649,20260509-0,243466.72,243466.72,243466.72,164437,0,20260509-0
09-MAY-2026,GPU33R007,345120,0,345120,28760,0,0,0,0,0,0,1,0,0,345120,28760,20260509-0,708602.06,708602.06,708602.06,373880,0,20260509-0
09-MAY-2026,GPU33R109,117438,0,117438,9786.5,0,0,0,0,0,0,1,0,0,117438,9786.5,20260509-0,259447.41,259447.41,259447.41,127224.5,0,20260509-0
09-MAY-2026,GPU33R110,151788,0,151788,12649,0,0,0,0,0,0,1,0,0,151788,12649,20260509-0,254585.73,254585.73,254585.73,164437,0,20260509-0
09-MAY-2026,GPU33R112,117438,0,117438,9786.5,0,0,0,0,0,0,1,0,0,117438,9786.5,20260509-0,155745.43,155745.43,155745.43,127224.5,0,20260509-0
09-MAY-2026,GPU33R114,151788,0,151788,12649,0,0,0,0,0,0,1,0,0,151788,12649,20260509-0,270143.1,270143.1,270143.1,164437,0,20260509-0
09-MAY-2026,GPU33R115,75894,0,75894,6324.5,0,0,0,0,0,0,1,0,0,75894,6324.5,20260509-0,173568.87,173568.87,173568.87,82218.5,0,20260509-0
09-MAY-2026,GPU33S046,234876,0,234876,19573,0,0,0,0,0,0,1,0,0,234876,19573,20260509-0,284884.72,284884.72,284884.72,254449,0,20260509-0
09-MAY-2026,GPU33S057,151788,0,151788,12649,0,0,0,0,0,0,1,0,0,151788,12649,20260509-0,258534.16,258534.16,258534.16,164437,0,20260509-0
09-MAY-2026,GPU33S119,110244,0,110244,9187,0,0,0,0,0,0,1,0,0,110244,9187,20260509-0,207657.99,207657.99,207657.99,119431,0,20260509-0
09-MAY-2026,GPU33T101,151788,0,151788,12649,0,0,0,0,0,0,1,0,0,151788,12649,20260509-0,244052.01,244052.01,244052.01,164437,0,20260509-0
09-MAY-2026,GPU33V104,220488,0,220488,18374,0,0,0,0,0,0,1,0,0,220488,18374,20260509-0,388032.71,388032.71,388032.71,238862,0,20260509-0
09-MAY-2026,GPU33V109,151788,0,151788,12649,0,0,0,0,0,0,1,0,0,151788,12649,20260509-0,225998.08,225998.08,225998.08,164437,0,20260509-0
09-MAY-2026,GPUR022,287388,0,287388,23949,0,0,0,0,0,0,1,0,0,287388,23949,20260509-0,1048845.77,1048845.77,1048845.77,311337,0,20260509-0
09-MAY-2026,HCA010,3259847.39,0,3259847.39,296198,0,0,0,0,0,0,1,0,0,3259847.39,296198,20260509-0,0,0,0,3556045.39,3556045.39,20260509-0
09-MAY-2026,HCA1141,755070,0,755070,62922.5,0,0,0,0,0,0,1,0,0,755070,62922.5,20260509-0,1052381.33,1052381.33,1052381.33,817992.5,0,20260509-0
09-MAY-2026,HCA1144,2113182,0,2113182,207169,0,0,0,0,0,0,1,0,0,2113182,207169,20260509-0,3560920.46,3560920.46,3560920.46,2320351,0,20260509-0
09-MAY-2026,HCA1159,60638,0,60638,6148.5,0,0,0,0,0,0,1,0,0,60638,6148.5,20260509-0,110426.21,110426.21,110426.21,66786.5,0,20260509-0
09-MAY-2026,HCA1166,1984992,0,1984992,165416,0,0,0,0,0,0,1,0,0,1984992,165416,20260509-0,3006444.19,3006444.19,3006444.19,2150408,0,20260509-0
09-MAY-2026,HCH025,1107108,0,1107108,92259,0,0,0,0,0,0,1,0,0,1107108,92259,20260509-0,1891136.47,1891136.47,1891136.47,1199367,0,20260509-0
09-MAY-2026,HCK101,315456,0,315456,39432,0,0,0,0,0,0,1,0,0,315456,39432,20260509-0,446730.6,446730.6,446730.6,354888,0,20260509-0
09-MAY-2026,HCM083,1107108,0,1107108,92259,0,0,0,0,0,0,1,0,0,1107108,92259,20260509-0,1891036.45,1891036.45,1891036.45,1199367,0,20260509-0
09-MAY-2026,HCP058,1149282,0,1149282,124931,0,0,0,0,0,0,1,0,0,1149282,124931,20260509-0,1939194.04,1939194.04,1939194.04,1274213,0,20260509-0
09-MAY-2026,HCS164,158208,0,158208,13184,0,0,0,0,0,0,1,0,0,158208,13184,20260509-0,247922.91,247922.91,247922.91,171392,0,20260509-0
09-MAY-2026,HOB502,10182990.64,0,10182990.64,866301.5,0,0,0,0,0,0,1,0,0,10182990.64,866301.5,20260509-0,140683.14,140683.14,140683.14,11049292.14,10908609,20260509-0
09-MAY-2026,HOIBJ802,0,0,0,0,0,0,0,0,0,0,1,0,0,33588,2799,20260509-0,0,0,0,36387,36387,20260509-0
09-MAY-2026,HOIBK303,132996,0,132996,11083,0,0,0,0,0,0,1,0,0,132996,11083,20260509-0,162940.76,162940.76,162940.76,144079,0,20260509-0
09-MAY-2026,HOIBN894,34350,0,34350,2862.5,0,0,0,0,0,0,1,0,0,34350,2862.5,20260509-0,0,0,0,37212.5,37212.5,20260509-0
09-MAY-2026,HYD4O541,4121382.61,0,4121382.61,324520,0,0,0,0,0,0,1,0,0,4121382.61,324520,20260509-0,8021937.89,8021937.89,8021937.89,4445902.61,0,20260509-0
09-MAY-2026,HYD5R358,0,0,0,0,0,0,0,0,0,0,1,0,0,0,0,20260509-0,.48,.48,.48,0,0,20260509-0
09-MAY-2026,HYD5V205,2717367.92,0,2717367.92,221030,0,0,0,0,0,0,1,0,0,2717367.92,221030,20260509-0,6975668.15,6975668.15,6975668.15,2938397.92,0,20260509-0
09-MAY-2026,HYD92S124,906892.75,0,906892.75,72324,0,0,0,0,0,0,1,0,0,906892.75,72324,20260509-0,1874754.87,1874754.87,1874754.87,979216.75,0,20260509-0
09-MAY-2026,INDC1R115,82008,0,82008,6834,0,0,0,0,0,0,1,0,0,82008,6834,20260509-0,127528.98,127528.98,127528.98,88842,0,20260509-0
09-MAY-2026,INSW152,217440,0,217440,18120,0,0,0,0,0,0,1,0,0,217440,18120,20260509-0,100447.11,100447.11,100447.11,235560,135112.89,20260509-0
09-MAY-2026,INSWN107,415440,0,415440,34620,0,0,0,0,0,0,1,0,0,415440,34620,20260509-0,595579.43,595579.43,595579.43,450060,0,20260509-0
09-MAY-2026,INSWP122,246024,0,246024,20502,0,0,0,0,0,0,1,0,0,246024,20502,20260509-0,334195.14,334195.14,334195.14,266526,0,20260509-0
09-MAY-2026,INSWS119,265992,0,265992,22166,0,0,0,0,0,0,1,0,0,265992,22166,20260509-0,336447,336447,336447,288158,0,20260509-0
09-MAY-2026,INSWV110,1968192,0,1968192,164016,0,0,0,0,0,0,1,0,0,1968192,164016,20260509-0,2943596.48,2943596.48,2943596.48,2132208,0,20260509-0
09-MAY-2026,JMRBS102,197620,0,197620,18659,0,0,0,0,0,0,1,0,0,197620,18659,20260509-0,241022.1,241022.1,241022.1,216279,0,20260509-0
09-MAY-2026,JPBKM090,12963546,0,12963546,1080295.5,0,0,0,0,0,0,1,0,0,12963546,1080295.5,20260509-0,15029508.99,15029508.99,15029508.99,14043841.5,0,20260509-0
09-MAY-2026,JPCD9P108,2563860,0,2563860,213655,0,0,0,0,0,0,1,0,0,2563860,213655,20260509-0,2278042.12,2278042.12,2278042.12,2777515,499472.88,20260509-0
09-MAY-2026,JPGMN105,82008,0,82008,6834,0,0,0,0,0,0,1,0,0,82008,6834,20260509-0,29629.33,29629.33,29629.33,88842,59212.67,20260509-0
09-MAY-2026,JPKGK021,0,0,0,0,0,0,0,0,0,0,1,0,0,0,0,20260509-0,.18,.18,.18,0,0,20260509-0
09-MAY-2026,JPKT1A101,239601.2,0,239601.2,18519,0,0,0,0,0,0,1,0,0,239601.2,18519,20260509-0,377980.52,377980.52,377980.52,258120.2,0,20260509-0
09-MAY-2026,JPKTA263,150240,0,150240,12520,0,0,0,0,0,0,1,0,0,150240,12520,20260509-0,268475.99,268475.99,268475.99,162760,0,20260509-0
09-MAY-2026,JPKTA486,468035.34,0,468035.34,36590,0,0,0,0,0,0,1,0,0,468035.34,36590,20260509-0,1418325.3,1418325.3,1418325.3,504625.34,0,20260509-0
09-MAY-2026,JPKTD060,2163296.14,0,2163296.14,179309.5,0,0,0,0,0,0,1,0,0,2163296.14,179309.5,20260509-0,2789451.93,2789451.93,2789451.93,2342605.64,0,20260509-0
09-MAY-2026,JPKTD136,3396307.38,0,3396307.38,266135,0,0,0,0,0,0,1,0,0,3396307.38,266135,20260509-0,6052484.98,6052484.98,6052484.98,3662442.38,0,20260509-0
09-MAY-2026,JPKTN254,3274549.78,0,3274549.78,253093,0,0,0,0,0,0,1,0,0,3274549.78,253093,20260509-0,4597226.77,4597226.77,4597226.77,3527642.78,0,20260509-0
09-MAY-2026,JPKTP138,300480,0,300480,25040,0,0,0,0,0,0,1,0,0,300480,25040,20260509-0,1171481.42,1171481.42,1171481.42,325520,0,20260509-0
09-MAY-2026,JPKTR368,199494,0,199494,16624.5,0,0,0,0,0,0,1,0,0,199494,16624.5,20260509-0,455628.52,455628.52,455628.52,216118.5,0,20260509-0
09-MAY-2026,JPKTR418,4206720,0,4206720,350560,0,0,0,0,0,0,1,0,0,4206720,350560,20260509-0,8027156.06,8027156.06,8027156.06,4557280,0,20260509-0
09-MAY-2026,JPKTR449,1198006.02,0,1198006.02,92595,0,0,0,0,0,0,1,0,0,1198006.02,92595,20260509-0,1936699.12,1936699.12,1936699.12,1290601.02,0,20260509-0
09-MAY-2026,JPKTS561,79867.07,0,79867.07,6173,0,0,0,0,0,0,1,0,0,79867.07,6173,20260509-0,234717.6,234717.6,234717.6,86040.07,0,20260509-0
09-MAY-2026,JPKTS605,3034948.58,0,3034948.58,234574,0,0,0,0,0,0,1,0,0,3034948.58,234574,20260509-0,5147707.77,5147707.77,5147707.77,3269522.58,0,20260509-0
09-MAY-2026,JPKTS637,2038567.22,0,2038567.22,161194,0,0,0,0,0,0,1,0,0,2038567.22,161194,20260509-0,3407865.73,3407865.73,3407865.73,2199761.22,0,20260509-0
09-MAY-2026,JPKTS639,0,0,0,0,0,0,0,0,0,0,1,0,0,0,0,20260509-0,921689.97,921689.97,921689.97,0,0,20260509-0
09-MAY-2026,JPKTU103,0,0,0,0,0,0,0,0,0,0,1,0,0,0,0,20260509-0,76968.2,76968.2,76968.2,0,0,20260509-0
09-MAY-2026,JPP1330,1137817.07,0,1137817.07,94335.5,0,0,0,0,0,0,1,0,0,1137817.07,94335.5,20260509-0,2747467.71,2747467.71,2747467.71,1232152.57,0,20260509-0
09-MAY-2026,JPPR3A247,1463928,0,1463928,121994,0,0,0,0,0,0,1,0,0,1463928,121994,20260509-0,1326681.39,1326681.39,1326681.39,1585922,259240.61,20260509-0
09-MAY-2026,JPPR3C161,3767142,0,3767142,313928.5,0,0,0,0,0,0,1,0,0,3767142,313928.5,20260509-0,3447413.37,3447413.37,3447413.37,4081070.5,633657.13,20260509-0
09-MAY-2026,JPPR3D180,132996,0,132996,11083,0,0,0,0,0,0,1,0,0,132996,11083,20260509-0,308712,308712,308712,144079,0,20260509-0
09-MAY-2026,JPPR3H173,23220204,0,23220204,1935017,0,0,0,0,0,0,1,0,0,23220204,1935017,20260509-0,19392944.4,19392944.4,19392944.4,25155221,5762276.6,20260509-0
09-MAY-2026,JPPR3P205,446550,0,446550,37212.5,0,0,0,0,0,0,1,0,0,446550,37212.5,20260509-0,996532.77,996532.77,996532.77,483762.5,0,20260509-0
09-MAY-2026,JPPR3S286,472290,0,472290,39357.5,0,0,0,0,0,0,1,0,0,472290,39357.5,20260509-0,0,0,0,511647.5,511647.5,20260509-0
09-MAY-2026,JPSHU101,337350,0,337350,28112.5,0,0,0,0,0,0,1,0,0,337350,28112.5,20260509-0,2006250.4,2006250.4,2006250.4,365462.5,0,20260509-0
09-MAY-2026,JPT6R103,137400,0,137400,11450,0,0,0,0,0,0,1,0,0,137400,11450,20260509-0,118714.52,118714.52,118714.52,148850,30135.48,20260509-0
09-MAY-2026,JPUDD148,67470,0,67470,5622.5,0,0,0,0,0,0,1,0,0,67470,5622.5,20260509-0,386395.1,386395.1,386395.1,73092.5,0,20260509-0
09-MAY-2026,JPV989,269880,0,269880,22490,0,0,0,0,0,0,1,0,0,269880,22490,20260509-0,323923.6,323923.6,323923.6,292370,0,20260509-0
09-MAY-2026,LTRA178,6571775.98,0,6571775.98,523641,0,0,0,0,0,0,1,0,0,6571775.98,523641,20260509-0,2952265.54,2952265.54,2952265.54,7095416.98,4143151.44,20260509-0
09-MAY-2026,LTRR069,309103.7,0,309103.7,24339,0,0,0,0,0,0,1,0,0,309103.7,24339,20260509-0,382967.48,382967.48,382967.48,333442.7,0,20260509-0
09-MAY-2026,MJOC107,33588,0,33588,2799,0,0,0,0,0,0,1,0,0,33588,2799,20260509-0,0,0,0,36387,36387,20260509-0
09-MAY-2026,MLKB009,0,0,0,0,0,0,0,0,0,0,1,0,0,0,0,20260509-0,50990.46,50990.46,50990.46,0,0,20260509-0
09-MAY-2026,MLKM033,0,0,0,0,0,0,0,0,0,0,1,0,0,0,0,20260509-0,0,391216.58,391216.58,0,0,20260509-0
09-MAY-2026,NHGD015,1768555.65,0,1768555.65,142647.5,0,0,0,0,0,0,1,0,0,1768555.65,142647.5,20260509-0,2304441.44,2304441.44,2304441.44,1911203.15,0,20260509-0
09-MAY-2026,NHGD017,1768555.65,0,1768555.65,142647.5,0,0,0,0,0,0,1,0,0,1768555.65,142647.5,20260509-0,2254623.69,2254623.69,2254623.69,1911203.15,0,20260509-0
09-MAY-2026,NHGN103,1768555.65,0,1768555.65,142647.5,0,0,0,0,0,0,1,0,0,1768555.65,142647.5,20260509-0,3102607.47,3102607.47,3102607.47,1911203.15,0,20260509-0
09-MAY-2026,PCGK2A106,1734552.83,0,1734552.83,142180,0,0,0,0,0,0,1,0,0,1734552.83,142180,20260509-0,11212148.49,11212148.49,11212148.49,1876732.83,0,20260509-0
09-MAY-2026,PCGK5P101,71622,0,71622,5968.5,0,0,0,0,0,0,1,0,0,71622,5968.5,20260509-0,86743.8,86743.8,86743.8,77590.5,0,20260509-0
09-MAY-2026,PCHNBHA300,75132,0,75132,6261,0,0,0,0,0,0,1,0,0,75132,6261,20260509-0,89341.71,89341.71,89341.71,81393,0,20260509-0
09-MAY-2026,PCHNBHG184,200850,0,200850,16737.5,0,0,0,0,0,0,1,0,0,200850,16737.5,20260509-0,362083.12,362083.12,362083.12,217587.5,0,20260509-0
09-MAY-2026,PCHNBHH155,0,0,0,0,0,0,0,0,0,0,1,0,0,0,0,20260509-0,190893.85,190893.85,190893.85,0,0,20260509-0
09-MAY-2026,PCHNBHJ148,33588,0,33588,2799,0,0,0,0,0,0,1,0,0,33588,2799,20260509-0,68522.09,68522.09,68522.09,36387,0,20260509-0
09-MAY-2026,PCHNBHR264,67176,0,67176,5598,0,0,0,0,0,0,1,0,0,67176,5598,20260509-0,244717.52,244717.52,244717.52,72774,0,20260509-0
09-MAY-2026,PCHNBHS408,134352,0,134352,11196,0,0,0,0,0,0,1,0,0,134352,11196,20260509-0,220978.49,220978.49,220978.49,145548,0,20260509-0
09-MAY-2026,PCHNJLR135,305382,0,305382,25448.5,0,0,0,0,0,0,1,0,0,305382,25448.5,20260509-0,403566.55,403566.55,403566.55,330830.5,0,20260509-0
09-MAY-2026,PCHNJLR194,71622,0,71622,5968.5,0,0,0,0,0,0,1,0,0,71622,5968.5,20260509-0,153322.62,153322.62,153322.62,77590.5,0,20260509-0
09-MAY-2026,RPR17P97,450978.99,0,450978.99,36274,0,0,0,0,0,0,1,0,0,450978.99,36274,20260509-0,105311.91,105311.91,105311.91,487252.99,381941.08,20260509-0
09-MAY-2026,TRP298,34350,0,34350,2862.5,0,0,0,0,0,0,1,0,0,34350,2862.5,20260509-0,126511.65,126511.65,126511.65,37212.5,0,20260509-0
09-MAY-2026,VADA238,415440,0,415440,34620,0,0,0,0,0,0,1,0,0,415440,34620,20260509-0,436085.24,436085.24,436085.24,450060,13974.76,20260509-0
09-MAY-2026,VADB131,2465784,0,2465784,205482,0,0,0,0,0,0,1,0,0,2465784,205482,20260509-0,754706.15,754706.15,754706.15,2671266,1916559.85,20260509-0
09-MAY-2026,VADM246,1578672,0,1578672,131556,0,0,0,0,0,0,1,0,0,1578672,131556,20260509-0,481920.56,481920.56,481920.56,1710228,1228307.44,20260509-0
09-MAY-2026,VICPBP101,218484,0,218484,18207,0,0,0,0,0,0,1,0,0,218484,18207,20260509-0,378243.06,378243.06,378243.06,236691,0,20260509-0
