09-MAY-2026,01274,0,0,0,0,0,0,0,0,0,0,2,0,0
09-MAY-2026,11561B010,410832,0,410832,34236,0,0,0,0,0,0,1,0,0
09-MAY-2026,11561G004,0,0,0,0,0,0,0,0,0,0,1,0,0
09-MAY-2026,11561M014,0,0,0,0,0,0,0,0,0,0,1,0,0
09-MAY-2026,11561P010,1043360,0,1043360,130420,0,0,0,0,0,0,1,0,0
09-MAY-2026,11561R007,0,0,0,0,0,0,0,0,0,0,1,0,0
09-MAY-2026,11561R010,8946746.42,0,8946746.42,741635.5,0,0,0,0,0,0,1,0,0
09-MAY-2026,11561S006,0,0,0,0,0,0,0,0,0,0,1,0,0
09-MAY-2026,227000001,0,0,0,0,0,0,0,0,0,0,1,0,0
09-MAY-2026,227000010,0,0,0,0,0,0,0,0,0,0,1,0,0
09-MAY-2026,227000011,0,0,0,0,0,0,0,0,0,0,1,0,0
09-MAY-2026,227000018,68472,0,68472,5706,0,0,0,0,0,0,1,0,0
09-MAY-2026,227000074,0,0,0,0,0,0,0,0,0,0,1,0,0
09-MAY-2026,227000085,579541.8,0,579541.8,48077,0,0,0,0,0,0,1,0,0
09-MAY-2026,227000111,168709.8,0,168709.8,13841,0,0,0,0,0,0,1,0,0
09-MAY-2026,227000613,237181.8,0,237181.8,19547,0,0,0,0,0,0,1,0,0
09-MAY-2026,227000632,5532017.76,0,5532017.76,481265,0,0,0,0,0,0,1,0,0
09-MAY-2026,227000646,0,0,0,0,0,0,0,0,0,0,1,0,0
09-MAY-2026,227000666,0,0,0,0,0,0,0,0,0,0,1,0,0
09-MAY-2026,227000679,237181.8,0,237181.8,19547,0,0,0,0,0,0,1,0,0
09-MAY-2026,227000686,0,0,0,0,0,0,0,0,0,0,1,0,0
09-MAY-2026,227000699,237181.8,0,237181.8,19547,0,0,0,0,0,0,1,0,0
09-MAY-2026,227000701,0,0,0,0,0,0,0,0,0,0,1,0,0
09-MAY-2026,227000705,131660,0,131660,16457.5,0,0,0,0,0,0,1,0,0
09-MAY-2026,22700A030,4457459.32,0,4457459.32,363350,0,0,0,0,0,0,1,0,0
09-MAY-2026,22700B029,0,0,0,0,0,0,0,0,0,0,1,0,0
09-MAY-2026,22700D031,0,0,0,0,0,0,0,0,0,0,1,0,0
09-MAY-2026,22700D034,0,0,0,0,0,0,0,0,0,0,1,0,0
09-MAY-2026,22700D040,0,0,0,0,0,0,0,0,0,0,1,0,0
09-MAY-2026,22700G010,0,0,0,0,0,0,0,0,0,0,1,0,0
09-MAY-2026,22700G020,1740263.95,0,1740263.95,118000,0,0,0,0,0,0,1,0,0
09-MAY-2026,22700G026,122220,0,122220,10185,0,0,0,0,0,0,1,0,0
09-MAY-2026,22700H036,0,0,0,0,0,0,0,0,0,0,1,0,0
09-MAY-2026,22700H038,1263213.01,0,1263213.01,104177,0,0,0,0,0,0,1,0,0
09-MAY-2026,22700H040,0,0,0,0,0,0,0,0,0,0,1,0,0
09-MAY-2026,22700I007,0,0,0,0,0,0,0,0,0,0,1,0,0
09-MAY-2026,22700K034,0,0,0,0,0,0,0,0,0,0,1,0,0
09-MAY-2026,22700K040,448140,0,448140,37345,0,0,0,0,0,0,1,0,0
09-MAY-2026,22700L005,5323080,0,5323080,443590,0,0,0,0,0,0,1,0,0
09-MAY-2026,22700N020,0,0,0,0,0,0,0,0,0,0,1,0,0
09-MAY-2026,22700P040,0,0,0,0,0,0,0,0,0,0,1,0,0
09-MAY-2026,22700R042,0,0,0,0,0,0,0,0,0,0,1,0,0
09-MAY-2026,22700R045,0,0,0,0,0,0,0,0,0,0,1,0,0
09-MAY-2026,22700S082,0,0,0,0,0,0,0,0,0,0,1,0,0
09-MAY-2026,22700V034,0,0,0,0,0,0,0,0,0,0,1,0,0
09-MAY-2026,28510H004,675724.46,0,675724.46,54440,0,0,0,0,0,0,1,0,0
09-MAY-2026,4066,0,0,0,0,0,0,0,0,0,0,1,0,0
09-MAY-2026,571482,0,0,0,0,0,0,0,0,0,0,1,0,0
