09-MAY-2026,704023,3036253.43,0.00,3036253.43,240380.00,C
09-MAY-2026,704043,0.00,0.00,0.00,81000.00,C
09-MAY-2026,7045009,200475.60,0.00,200475.60,16270.00,C
09-MAY-2026,999V0017,42276.00,0.00,42276.00,3523.00,C
09-MAY-2026,999V0019,408144.00,0.00,408144.00,34012.00,C
09-MAY-2026,999V0033,539760.00,0.00,539760.00,44980.00,C
09-MAY-2026,999V0034,747813.43,0.00,747813.43,59200.50,C
09-MAY-2026,999V0059,1015374.00,0.00,1015374.00,84614.50,C
09-MAY-2026,999V0061,337350.00,0.00,337350.00,28112.50,C
09-MAY-2026,999V0065,371916.00,0.00,371916.00,30993.00,C
09-MAY-2026,999V0071,202410.00,0.00,202410.00,16867.50,C
09-MAY-2026,999V0078,238638.00,0.00,238638.00,19886.50,C
09-MAY-2026,999V0083,337350.00,0.00,337350.00,28112.50,C
09-MAY-2026,999V3736,100237.80,0.00,100237.80,8135.00,C
09-MAY-2026,999V5004,134940.00,0.00,134940.00,11245.00,C
09-MAY-2026,999V5007,83952.00,0.00,83952.00,6996.00,C
09-MAY-2026,A073,1990317.46,0.00,1990317.46,232126.67,C
09-MAY-2026,B9990113,126828.00,0.00,126828.00,10569.00,C
09-MAY-2026,B9990249,17945994.77,0.00,17945994.77,1257706.00,C
09-MAY-2026,B9990343,195776.90,0.00,195776.90,16130.00,C
09-MAY-2026,B9990450,161101.20,0.00,161101.20,12074.00,C
09-MAY-2026,B9990455,17982668.44,0.00,17982668.44,1455170.50,C
09-MAY-2026,B9990504,379530.00,0.00,379530.00,106130.00,C
09-MAY-2026,B9990593,3331080.00,0.00,3331080.00,277590.00,C
09-MAY-2026,B9990594,592704.00,0.00,592704.00,49392.00,C
09-MAY-2026,B999A5013,269880.00,0.00,269880.00,22490.00,C
09-MAY-2026,B999A5020,134940.00,0.00,134940.00,11245.00,C
09-MAY-2026,B999A5088,212126.60,0.00,212126.60,29500.00,C
09-MAY-2026,B999A5141,142908.00,0.00,142908.00,38440.00,C
09-MAY-2026,B999A5155,203700.00,0.00,203700.00,16975.00,C
09-MAY-2026,B999A5167,203412.00,0.00,203412.00,19551.00,C
09-MAY-2026,D005,67470.00,0.00,67470.00,5622.50,C
09-MAY-2026,JKW0217,21610290.00,0.00,21610290.00,1892949.17,C
09-MAY-2026,K001,6755151.49,0.00,6755151.49,823065.00,C
09-MAY-2026,K003,60320.00,0.00,60320.00,12013.50,C
09-MAY-2026,MK015,24357785.68,0.00,24357785.68,5757705.00,C
09-MAY-2026,MU1042,3996097.60,0.00,3996097.60,360807.50,C
09-MAY-2026,MU1050,2427804.00,0.00,2427804.00,202317.00,C
09-MAY-2026,MU1204,142513.80,0.00,142513.80,11658.00,C
09-MAY-2026,MU208,23956834.48,0.00,23956834.48,5775865.00,C
09-MAY-2026,MU426,589050.90,0.00,589050.90,48390.00,C
09-MAY-2026,MU470,7016646.08,0.00,7016646.08,569450.00,C
09-MAY-2026,MU817,5998991.43,0.00,5998991.43,659406.00,C
09-MAY-2026,P051,135281.49,0.00,135281.49,10650.00,C
09-MAY-2026,SVN004,1988254.81,0.00,1988254.81,162140.00,C
