09-MAY-2026,01293,0,0,0,0,0,0,0,0,0,0,2,0,0
09-MAY-2026,0900129,0,0,0,0,0,0,0,0,0,0,1,0,0
09-MAY-2026,0990015,0,0,0,0,0,0,0,0,0,0,1,0,0
09-MAY-2026,0990038,2755419.15,0,2755419.15,229502,0,0,0,0,0,0,1,0,0
09-MAY-2026,0990110,244440,0,244440,20370,0,0,0,0,0,0,1,0,0
09-MAY-2026,0990212,40740,0,40740,3395,0,0,0,0,0,0,1,0,0
09-MAY-2026,0990229,84552,0,84552,7046,0,0,0,0,0,0,1,0,0
09-MAY-2026,2080863,200475.6,0,200475.6,16270,0,0,0,0,0,0,1,0,0
09-MAY-2026,2081251,0,0,0,0,0,0,0,0,0,0,1,0,0
09-MAY-2026,2312499,0,0,0,0,0,0,0,0,0,0,1,0,0
09-MAY-2026,2360136,0,0,0,0,0,0,0,0,0,0,1,0,0
09-MAY-2026,2401234,0,0,0,0,0,0,0,0,0,0,1,0,0
09-MAY-2026,2500098,0,0,0,0,0,0,0,0,0,0,1,0,0
09-MAY-2026,2500338,0,0,0,0,0,0,0,0,0,0,1,0,0
09-MAY-2026,7790009,0,0,0,0,0,0,0,0,0,0,1,0,0
09-MAY-2026,A1722,100237.8,0,100237.8,8135,0,0,0,0,0,0,1,0,0
09-MAY-2026,B151,40740,0,40740,3395,0,0,0,0,0,0,1,0,0
09-MAY-2026,C198,0,0,0,0,0,0,0,0,0,0,1,0,0
09-MAY-2026,E137,0,0,0,0,0,0,0,0,0,0,1,0,0
09-MAY-2026,EG8083,73314,0,73314,6109.5,0,0,0,0,0,0,1,0,0
09-MAY-2026,EK3990,612912,0,612912,51076,0,0,0,0,0,0,1,0,0
09-MAY-2026,EK7682,0,0,0,0,0,0,0,0,0,0,1,0,0
09-MAY-2026,EY2952,261039.59,0,261039.59,17700,0,0,0,0,0,0,1,0,0
09-MAY-2026,G2322,0,0,0,0,0,0,0,0,0,0,1,0,0
09-MAY-2026,M1943,0,0,0,0,0,0,0,0,0,0,1,0,0
09-MAY-2026,R250,0,0,0,0,0,0,0,0,0,0,1,0,0
