09-MAY-2026,00171,0,0,0,0,0,0,0,0,0,0,2,0,0
09-MAY-2026,AHDM072,0,0,0,0,0,0,0,0,0,0,1,0,0
09-MAY-2026,AHDN045,0,0,0,0,0,0,0,0,0,0,1,0,0
09-MAY-2026,AHDN121,0,0,0,0,0,0,0,0,0,0,1,0,0
09-MAY-2026,AHP1672,0,0,0,0,0,0,0,0,0,0,1,0,0
09-MAY-2026,AHPH002,0,0,0,0,0,0,0,0,0,0,1,0,0
09-MAY-2026,AHPH005,84552,0,84552,7046,0,0,0,0,0,0,1,0,0
09-MAY-2026,AHPH013,0,0,0,0,0,0,0,0,0,0,1,0,0
09-MAY-2026,AHPH032,84552,0,84552,7046,0,0,0,0,0,0,1,0,0
09-MAY-2026,AHPH300,0,0,0,0,0,0,0,0,0,0,1,0,0
09-MAY-2026,AHPH655,0,0,0,0,0,0,0,0,0,0,1,0,0
09-MAY-2026,AHPH665,0,0,0,0,0,0,0,0,0,0,1,0,0
09-MAY-2026,AHPH751,0,0,0,0,0,0,0,0,0,0,1,0,0
09-MAY-2026,AHPH821,0,0,0,0,0,0,0,0,0,0,1,0,0
09-MAY-2026,AHPP005,0,0,0,0,0,0,0,0,0,0,1,0,0
09-MAY-2026,AHPP290,0,0,0,0,0,0,0,0,0,0,1,0,0
09-MAY-2026,AHTP003,0,0,0,0,0,0,0,0,0,0,1,0,0
09-MAY-2026,AHTP1672,0,0,0,0,0,0,0,0,0,0,1,0,0
09-MAY-2026,AHTP1895,9532058,0,9532058,890134.5,0,0,0,0,0,0,1,0,0
09-MAY-2026,AHTP1950,0,0,0,0,0,0,0,0,0,0,1,0,0
09-MAY-2026,AHTP1981,0,0,0,0,0,0,0,0,0,0,1,0,0
09-MAY-2026,AHTP1982,444528,0,444528,37044,0,0,0,0,0,0,1,0,0
09-MAY-2026,AHTP1983,444528,0,444528,37044,0,0,0,0,0,0,1,0,0
09-MAY-2026,AHTP2018,0,0,0,0,0,0,0,0,0,0,1,0,0
09-MAY-2026,D136,0,0,0,0,0,0,0,0,0,0,1,0,0
09-MAY-2026,D139,0,0,0,0,0,0,0,0,0,0,1,0,0
09-MAY-2026,P178,0,0,0,0,0,0,0,0,0,0,1,0,0
09-MAY-2026,S209,0,0,0,0,0,0,0,0,0,0,1,0,0
09-MAY-2026,S313,0,0,0,0,0,0,0,0,0,0,1,0,0
09-MAY-2026,T23,106427513.84,0,106427513.84,9138909,0,0,0,0,0,4789660.6,1,0,0
