09-MAY-2026,108HN,370440.00,0.00,370440.00,111370.00,C
09-MAY-2026,2OGR2,5948040.00,0.00,5948040.00,495670.00,C
09-MAY-2026,46MT8,200475.60,0.00,200475.60,16270.00,C
09-MAY-2026,5VCW9,2739360.00,0.00,2739360.00,271960.00,C
09-MAY-2026,984W2,28349945.67,0.00,28349945.67,2347532.50,C
09-MAY-2026,98C25,27365013.96,0.00,27365013.96,2256103.00,C
09-MAY-2026,A0RZI,18621720.00,0.00,18621720.00,1551810.00,C
09-MAY-2026,A16M1,66870.00,0.00,66870.00,20754.00,C
09-MAY-2026,A17HW,4397314.90,0.00,4397314.90,524423.00,C
09-MAY-2026,B091A,174026.40,0.00,174026.40,11800.00,C
09-MAY-2026,C084L,23278590.80,0.00,23278590.80,1715600.00,C
09-MAY-2026,DH5F0,248114.40,0.00,248114.40,17974.00,C
09-MAY-2026,F00VU,73314.00,0.00,73314.00,6109.50,C
09-MAY-2026,F017P,51896308.97,0.00,51896308.97,5215487.00,C
09-MAY-2026,G06EY,6389233.72,0.00,6389233.72,530877.50,C
09-MAY-2026,G0AHZ,518803.20,0.00,518803.20,41882.50,C
09-MAY-2026,G0AQ6,44494425.00,0.00,44494425.00,3751145.00,C
09-MAY-2026,G0BYV,202410.00,0.00,202410.00,16867.50,C
09-MAY-2026,H09CZ,148176.00,0.00,148176.00,12348.00,C
09-MAY-2026,HI004,34566.00,0.00,34566.00,2880.50,C
09-MAY-2026,I01O7,1442060.00,0.00,1442060.00,180257.50,C
09-MAY-2026,I02BR,7974930.00,0.00,7974930.00,1091840.00,C
09-MAY-2026,J07EG,3789328.00,0.00,3789328.00,473666.00,C
09-MAY-2026,J0BJG,2191796.40,0.00,2191796.40,184885.50,C
09-MAY-2026,K0BQO,3185784.00,0.00,3185784.00,439982.00,C
09-MAY-2026,K0K6D,967070.96,0.00,967070.96,150240.00,C
09-MAY-2026,K0M2P,714060.00,0.00,714060.00,59505.00,C
09-MAY-2026,KEO72,20388247.16,0.00,20388247.16,1890987.50,C
09-MAY-2026,KU1Y0,219942.00,0.00,219942.00,18328.50,C
09-MAY-2026,M0IIK,952452.00,0.00,952452.00,86271.00,C
09-MAY-2026,M0REY,276528.00,0.00,276528.00,23044.00,C
09-MAY-2026,M0RJJ,463798.74,0.00,463798.74,38838.00,C
09-MAY-2026,M11AJ,842202.00,0.00,842202.00,95833.50,C
09-MAY-2026,N0JM3,189030.00,0.00,189030.00,15752.50,C
09-MAY-2026,R0MEK,5186160.00,0.00,5186160.00,674580.00,C
09-MAY-2026,R0RPY,10096500.00,0.00,10096500.00,841375.00,C
09-MAY-2026,RV426,87013.20,0.00,87013.20,5900.00,C
09-MAY-2026,RV763,1076007.59,0.00,1076007.59,85614.00,C
09-MAY-2026,S146S,12979572.00,0.00,12979572.00,1290721.00,C
09-MAY-2026,S1678,396290.40,0.00,396290.40,30322.00,C
09-MAY-2026,S1KGP,7328032.62,0.00,7328032.62,510688.00,C
09-MAY-2026,S1NSP,4186200.00,0.00,4186200.00,348850.00,C
09-MAY-2026,S1R8I,345660.00,0.00,345660.00,28805.00,C
09-MAY-2026,S1SU5,957145.17,0.00,957145.17,64900.00,C
09-MAY-2026,S1TN8,4080080.00,0.00,4080080.00,432387.50,C
09-MAY-2026,S1V9J,1533460.79,0.00,1533460.79,122384.00,C
09-MAY-2026,T064R,3382037.15,0.00,3382037.15,266250.00,C
09-MAY-2026,V0AW9,1303091.42,0.00,1303091.42,251482.27,C
09-MAY-2026,V0DQ9,40740.00,0.00,40740.00,3395.00,C
09-MAY-2026,V0IOV,5969399.47,0.00,5969399.47,471885.50,C
09-MAY-2026,V1ZA5,320654.40,0.00,320654.40,24019.00,C
09-MAY-2026,WEOAB,1228933.88,0.00,1228933.88,99085.50,C
09-MAY-2026,WF8TQ,1498271.12,0.00,1498271.12,107500.00,C
09-MAY-2026,WFKWN,1975770.00,0.00,1975770.00,216647.50,C
09-MAY-2026,X16YM,522079.19,0.00,522079.19,35400.00,C
09-MAY-2026,X17W2,42276.00,0.00,42276.00,3523.00,C
09-MAY-2026,X4FB6,34236.00,0.00,34236.00,12353.00,C
09-MAY-2026,X72MX,517570.28,0.00,517570.28,37103.00,C
09-MAY-2026,XA5K9,7139684.58,0.00,7139684.58,576270.00,C
09-MAY-2026,XB5RD,345660.00,0.00,345660.00,28805.00,C
09-MAY-2026,XE95O,34236.00,0.00,34236.00,2853.00,C
09-MAY-2026,XEWYK,494680.79,0.00,494680.79,35819.00,C
09-MAY-2026,XLZFR,586512.00,0.00,586512.00,48876.00,C
09-MAY-2026,XSXKP,1878527.95,0.00,1878527.95,129522.00,C
09-MAY-2026,XUBQP,0.00,0.00,0.00,79300.00,C
09-MAY-2026,XVDFZ,1462835.98,0.00,1462835.98,143192.00,C
09-MAY-2026,XW64C,40740.00,0.00,40740.00,3395.00,C
09-MAY-2026,XW666,40740.00,0.00,40740.00,3395.00,C
09-MAY-2026,Y5UFN,71406.00,0.00,71406.00,16450.50,C
09-MAY-2026,Y6CO3,148176.00,0.00,148176.00,12348.00,C
09-MAY-2026,Y7COQ,198412.95,0.00,198412.95,16200.00,C
09-MAY-2026,YBILW,795672.00,0.00,795672.00,66306.00,C
09-MAY-2026,YC7VM,678184.00,0.00,678184.00,84773.00,C
09-MAY-2026,YG7OE,148176.00,0.00,148176.00,12348.00,C
09-MAY-2026,YI2VU,4080080.00,0.00,4080080.00,432387.50,C
09-MAY-2026,YJ0OL,87013.20,0.00,87013.20,5900.00,C
09-MAY-2026,YJ70X,499126.35,0.00,499126.35,40605.00,C
09-MAY-2026,YLWNK,34566.00,0.00,34566.00,2880.50,C
09-MAY-2026,YTVIW,219942.00,0.00,219942.00,18328.50,C
09-MAY-2026,YVA7T,368892.00,0.00,368892.00,30741.00,C
09-MAY-2026,YVYRC,2212804.00,0.00,2212804.00,288254.00,C
09-MAY-2026,YXK0H,1843816.97,0.00,1843816.97,152404.50,C
09-MAY-2026,Z2CE9,219582.00,0.00,219582.00,18298.50,C
09-MAY-2026,ZD588,4028240.36,0.00,4028240.36,331518.00,C
09-MAY-2026,ZDJ2D,7054509.59,0.00,7054509.59,634365.50,C
09-MAY-2026,ZIEXH,494145.60,0.00,494145.60,40742.50,C
09-MAY-2026,ZM9GR,75306.00,0.00,75306.00,6275.50,C
09-MAY-2026,ZQKF5,676407.43,0.00,676407.43,53250.00,C
09-MAY-2026,ZU124,6285345.24,0.00,6285345.24,575470.50,C
09-MAY-2026,ZUCPJ,357030.00,0.00,357030.00,59752.50,C
