09-MAY-2026,PRO_01297,1095477.94,0.00,1095477.94,88796.00,P
09-MAY-2026,BCG50,70547.00,0.00,70547.00,5706.00,C
09-MAY-2026,BDP349,2171496.00,0.00,2171496.00,254824.00,C
09-MAY-2026,DSS23,821147.40,0.00,821147.40,67774.50,C
09-MAY-2026,G659,73314.00,0.00,73314.00,14299.50,C
09-MAY-2026,GAF874,34236.00,0.00,34236.00,2853.00,C
09-MAY-2026,MLW322,73314.00,0.00,73314.00,6109.50,C
09-MAY-2026,RAV370,71406.00,0.00,71406.00,5950.50,C
09-MAY-2026,RAV400,2336508.00,0.00,2336508.00,194709.00,C
09-MAY-2026,RBR145,158419.20,0.00,158419.20,11850.50,C
09-MAY-2026,RBR161,348052.79,0.00,348052.79,23600.00,C
09-MAY-2026,RBR213,287532.00,0.00,287532.00,23961.00,C
09-MAY-2026,RBR264,71406.00,0.00,71406.00,5950.50,C
09-MAY-2026,RBR404,71406.00,0.00,71406.00,5950.50,C
09-MAY-2026,RBR81,437976.00,0.00,437976.00,36498.00,C
09-MAY-2026,RBR85,34236.00,0.00,34236.00,2853.00,C
09-MAY-2026,RBR90,584604.00,0.00,584604.00,48717.00,C
09-MAY-2026,RDP894,726808.00,0.00,726808.00,77922.50,C
09-MAY-2026,RMS552,1128120.00,0.00,1128120.00,110467.50,C
09-MAY-2026,SNM502,342360.00,0.00,342360.00,28530.00,C
09-MAY-2026,SULG07,410832.00,0.00,410832.00,69236.00,C
09-MAY-2026,SULG10,1932502.01,0.00,1932502.01,159196.50,C
09-MAY-2026,YNR153,276528.00,0.00,276528.00,23044.00,C
09-MAY-2026,YNR87,8432702.40,0.00,8432702.40,601186.00,C
09-MAY-2026,Z3KT91,73113.15,0.00,73113.15,17760.00,C
