09-MAY-2026,01284,0,0,0,0,0,0,0,0,0,0,2,0,0
09-MAY-2026,A010,0,0,0,0,0,0,0,0,0,0,1,0,0
09-MAY-2026,A012,0,0,0,0,0,0,0,0,0,0,1,0,0
09-MAY-2026,A1024,0,0,0,0,0,0,0,0,0,0,1,0,0
09-MAY-2026,A1040,0,0,0,0,0,0,0,0,0,0,1,0,0
09-MAY-2026,A1055,0,0,0,0,0,0,0,0,0,0,1,0,0
09-MAY-2026,A1226,0,0,0,0,0,0,0,0,0,0,1,0,0
09-MAY-2026,A1306,0,0,0,0,0,0,0,0,0,0,1,0,0
09-MAY-2026,A1350,0,0,0,0,0,0,0,0,0,0,1,0,0
09-MAY-2026,A1406,0,0,0,0,0,0,0,0,0,0,1,0,0
09-MAY-2026,A1443,0,0,0,0,0,0,0,0,0,0,1,0,0
09-MAY-2026,A1531,0,0,0,0,0,0,0,0,0,0,1,0,0
09-MAY-2026,A1546,0,0,0,0,0,0,0,0,0,0,1,0,0
09-MAY-2026,A1583,0,0,0,0,0,0,0,0,0,0,1,0,0
09-MAY-2026,A1805,0,0,0,0,0,0,0,0,0,0,1,0,0
09-MAY-2026,A2110,0,0,0,0,0,0,0,0,0,0,1,0,0
09-MAY-2026,A331,0,0,0,0,0,0,0,0,0,0,1,0,0
09-MAY-2026,A3744,0,0,0,0,0,0,0,0,0,0,1,0,0
09-MAY-2026,A3828,0,0,0,0,0,0,0,0,0,0,1,0,0
09-MAY-2026,A3835,73314,0,73314,6109.5,0,0,0,0,0,0,1,0,0
09-MAY-2026,A3838,146628,0,146628,12219,0,0,0,0,0,0,1,0,0
09-MAY-2026,A3841,146628,0,146628,12219,0,0,0,0,0,0,1,0,0
09-MAY-2026,A4222,4248039.48,0,4248039.48,289150.5,0,0,0,0,0,0,1,0,0
09-MAY-2026,A4243,0,0,0,0,0,0,0,0,0,0,1,0,0
09-MAY-2026,A4367,642654,0,642654,53554.5,0,0,0,0,0,0,1,0,0
09-MAY-2026,A4515,0,0,0,0,0,0,0,0,0,0,1,0,0
09-MAY-2026,A4580,1914290.35,0,1914290.35,129800,0,0,0,0,0,0,1,0,0
09-MAY-2026,A4600,0,0,0,0,0,0,0,0,0,0,1,0,0
09-MAY-2026,A4603,0,0,0,0,0,0,0,0,0,0,1,0,0
09-MAY-2026,A4642,148176,0,148176,12348,0,0,0,0,0,0,1,0,0
09-MAY-2026,A4653,12080276.4,0,12080276.4,1003987.5,0,0,0,0,0,0,1,0,0
09-MAY-2026,A4669,0,0,0,0,0,0,0,0,0,0,1,0,0
09-MAY-2026,A4678,720309.59,0,720309.59,55972.5,0,0,0,0,0,0,1,0,0
09-MAY-2026,A4686,0,0,0,0,0,0,0,0,0,0,1,0,0
09-MAY-2026,A4752,0,0,0,0,0,0,0,0,0,0,1,0,0
09-MAY-2026,A508,0,0,0,0,0,0,0,0,0,0,1,0,0
09-MAY-2026,A5202,0,0,0,0,0,0,0,0,0,0,1,0,0
09-MAY-2026,A5221,174026.4,0,174026.4,11800,0,0,0,0,0,0,1,0,0
09-MAY-2026,A5496,0,0,0,0,0,0,0,0,0,0,1,0,0
09-MAY-2026,A5643,0,0,0,0,0,0,0,0,0,0,1,0,0
09-MAY-2026,A5654,0,0,0,0,0,0,0,0,0,0,1,0,0
09-MAY-2026,A5858,0,0,0,0,0,0,0,0,0,0,1,0,0
09-MAY-2026,A6080,0,0,0,0,0,0,0,0,0,0,1,0,0
09-MAY-2026,A7016,0,0,0,0,0,0,0,0,0,0,1,0,0
09-MAY-2026,A7242,7838648.35,0,7838648.35,623496.5,0,0,0,0,0,0,1,0,0
09-MAY-2026,A7243,1481760,0,1481760,123480,0,0,0,0,0,0,1,0,0
09-MAY-2026,A7256,2223421.19,0,2223421.19,177178.5,0,0,0,0,0,0,1,0,0
09-MAY-2026,A7283,10800362.72,0,10800362.72,966412.5,0,0,0,0,0,0,1,0,0
09-MAY-2026,A872,0,0,0,0,0,0,0,0,0,0,1,0,0
09-MAY-2026,AH1013,0,0,0,0,0,0,0,0,0,0,1,0,0
09-MAY-2026,AH1031,0,0,0,0,0,0,0,0,0,0,1,0,0
09-MAY-2026,AH1057,380226,0,380226,31685.5,0,0,0,0,0,0,1,0,0
09-MAY-2026,AH106,488106,0,488106,40675.5,0,0,0,0,0,0,1,0,0
09-MAY-2026,AH1062,0,0,0,0,0,0,0,0,0,0,1,0,0
09-MAY-2026,AH1078,0,0,0,0,0,0,0,0,0,0,1,0,0
09-MAY-2026,AH1080,0,0,0,0,0,0,0,0,0,0,1,0,0
09-MAY-2026,AH1083,0,0,0,0,0,0,0,0,0,0,1,0,0
09-MAY-2026,AH1084,0,0,0,0,0,0,0,0,0,0,1,0,0
09-MAY-2026,AH1099,10224255.72,0,10224255.72,829770,0,0,0,0,0,0,1,0,0
09-MAY-2026,AH1100,0,0,0,0,0,0,0,0,0,0,1,0,0
09-MAY-2026,AH1119,0,0,0,0,0,0,0,0,0,0,1,0,0
09-MAY-2026,AH1140,0,0,0,0,0,0,0,0,0,0,1,0,0
09-MAY-2026,AH1159,898014.91,0,898014.91,73075,0,0,0,0,0,0,1,0,0
09-MAY-2026,AH1161,0,0,0,0,0,0,0,0,0,0,1,0,0
09-MAY-2026,AH1162,0,0,0,0,0,0,0,0,0,0,1,0,0
09-MAY-2026,AH1175,0,0,0,0,0,0,0,0,0,0,1,0,0
09-MAY-2026,AH1178,0,0,0,0,0,0,0,0,0,0,1,0,0
09-MAY-2026,AH1180,162960,0,162960,13580,0,0,0,0,0,0,1,0,0
09-MAY-2026,AH1185,1002120,0,1002120,83510,0,0,0,0,0,0,1,0,0
09-MAY-2026,AH1187,0,0,0,0,0,0,0,0,0,0,1,0,0
09-MAY-2026,AH1188,521680,0,521680,65210,0,0,0,0,0,0,1,0,0
09-MAY-2026,AH1199,1096831.99,0,1096831.99,31435,0,0,0,0,0,0,1,0,0
09-MAY-2026,AH1208,0,0,0,0,0,0,0,0,0,0,1,0,0
09-MAY-2026,AH1211,0,0,0,0,0,0,0,0,0,0,1,0,0
09-MAY-2026,AH1212,40740,0,40740,3395,0,0,0,0,0,0,1,0,0
09-MAY-2026,AH1234,0,0,0,0,0,0,0,0,0,0,1,0,0
09-MAY-2026,AH1285,0,0,0,0,0,0,0,0,0,0,1,0,0
09-MAY-2026,AH1288,0,0,0,0,0,0,0,0,0,0,1,0,0
09-MAY-2026,AH1291,0,0,0,0,0,0,0,0,0,0,1,0,0
09-MAY-2026,AH1407,162960,0,162960,13580,0,0,0,0,0,0,1,0,0
09-MAY-2026,AH1415,599364.16,0,599364.16,48740,0,0,0,0,0,0,1,0,0
09-MAY-2026,AH388,0,0,0,0,0,0,0,0,0,0,1,0,0
09-MAY-2026,AH544,0,0,0,0,0,0,0,0,0,0,1,0,0
09-MAY-2026,AH584,313008,0,313008,39126,0,0,0,0,0,0,1,0,0
09-MAY-2026,AH588,0,0,0,0,0,0,0,0,0,0,1,0,0
09-MAY-2026,AH590,0,0,0,0,0,0,0,0,0,0,1,0,0
09-MAY-2026,AH619,0,0,0,0,0,0,0,0,0,0,1,0,0
09-MAY-2026,AH624,0,0,0,0,0,0,0,0,0,0,1,0,0
09-MAY-2026,AH630,203700,0,203700,16975,0,0,0,0,0,0,1,0,0
09-MAY-2026,AH635,0,0,0,0,0,0,0,0,0,0,1,0,0
09-MAY-2026,AH644,0,0,0,0,0,0,0,0,0,0,1,0,0
09-MAY-2026,AH649,0,0,0,0,0,0,0,0,0,0,1,0,0
09-MAY-2026,AH661,0,0,0,0,0,0,0,0,0,0,1,0,0
09-MAY-2026,AH662,0,0,0,0,0,0,0,0,0,0,1,0,0
09-MAY-2026,AH690,0,0,0,0,0,0,0,0,0,0,1,0,0
09-MAY-2026,AH758,0,0,0,0,0,0,0,0,0,0,1,0,0
