09-MAY-2026,01296,21124878.96,0,21124878.96,1781532,0,0,0,0,0,0,2,0,0,21124878.96,1781532,20260509-0,48500000,53500000,53500000,22534285.96,0,20260509-0
09-MAY-2026,DBS7481,0,0,0,0,0,0,0,0,0,0,1,0,0,0,0,20260509-0,2255.58,2255.58,2255.58,0,0,20260509-0
09-MAY-2026,DBS7545,775912.27,0,775912.27,62729,0,0,0,0,0,0,1,0,0,775912.27,62729,20260509-0,2110616.05,2110616.05,2110616.05,838641.27,0,20260509-0
09-MAY-2026,DBS7754,0,0,0,0,0,0,0,0,0,0,1,0,0,0,0,20260509-0,3593.05,3593.05,3593.05,0,0,20260509-0
09-MAY-2026,DBS8625,71622,0,71622,5968.5,0,0,0,0,0,0,1,0,0,71622,5968.5,20260509-0,77760,77760,77760,77590.5,0,20260509-0
09-MAY-2026,DVJ3886,750407.06,0,750407.06,60725,0,0,0,0,0,0,1,0,0,750407.06,60725,20260509-0,890645.96,890645.96,890645.96,811132.06,0,20260509-0
09-MAY-2026,DVJ449,34350,0,34350,2862.5,0,0,0,0,0,0,1,0,0,34350,2862.5,20260509-0,42131.9,42131.9,42131.9,37212.5,0,20260509-0
09-MAY-2026,DVJ5830,1854622.17,0,1854622.17,146034,0,0,0,0,0,0,1,0,0,1854622.17,146034,20260509-0,2326060.54,2326060.54,2326060.54,2000656.17,0,20260509-0
09-MAY-2026,DVJ6236,0,0,0,0,0,0,0,0,0,0,1,0,0,1125,0,20260509-0,2121.87,2121.87,2121.87,1125,0,20260509-0
09-MAY-2026,DVJ6331,0,0,0,0,0,0,0,0,0,0,1,0,0,0,0,20260509-0,339.24,339.24,339.24,0,0,20260509-0
09-MAY-2026,DVJ7163,0,0,0,0,0,0,0,0,0,0,1,0,0,0,0,20260509-0,1688.78,1688.78,1688.78,0,0,20260509-0
09-MAY-2026,DVJ7640,302292,0,302292,25191,0,0,0,0,0,0,1,0,0,302292,25191,20260509-0,334461,334461,334461,327483,0,20260509-0
09-MAY-2026,DVJ8361,0,0,0,0,0,0,0,0,0,0,1,0,0,0,0,20260509-0,846.92,846.92,846.92,0,0,20260509-0
09-MAY-2026,GSH15,0,0,0,0,0,0,0,0,0,0,1,0,0,0,0,20260509-0,405286.63,405286.63,405286.63,0,0,20260509-0
09-MAY-2026,GSH16,0,0,0,0,0,0,0,0,0,0,1,0,0,0,0,20260509-0,404131.76,404131.76,404131.76,0,0,20260509-0
09-MAY-2026,GSH28,0,0,0,0,0,0,0,0,0,0,1,0,0,0,0,20260509-0,401133.18,401133.18,401133.18,0,0,20260509-0
09-MAY-2026,I11525,290088,0,290088,24174,0,0,0,0,0,0,1,0,0,290088,24174,20260509-0,347718.22,347718.22,347718.22,314262,0,20260509-0
09-MAY-2026,I11677,0,0,0,0,0,0,0,0,0,0,1,0,0,0,0,20260509-0,662.24,662.24,662.24,0,0,20260509-0
09-MAY-2026,I12142,41544,0,41544,3462,0,0,0,0,0,0,1,0,0,41544,3462,20260509-0,48947.67,48947.67,48947.67,45006,0,20260509-0
09-MAY-2026,I12270,103034.57,0,103034.57,8113,0,0,0,0,0,0,1,0,0,103034.57,8113,20260509-0,112846.61,112846.61,112846.61,111147.57,0,20260509-0
09-MAY-2026,I12994,0,0,0,0,0,0,0,0,0,0,1,0,0,0,0,20260509-0,405405.98,405405.98,405405.98,0,0,20260509-0
09-MAY-2026,I13267,375780,0,375780,31315,0,0,0,0,0,0,1,0,0,375780,31315,20260509-0,408626.5,408626.5,408626.5,407095,0,20260509-0
09-MAY-2026,I13547,0,0,0,0,0,0,0,0,0,0,1,0,0,0,0,20260509-0,201964.75,201964.75,201964.75,0,0,20260509-0
09-MAY-2026,RAG08,7442215.64,0,7442215.64,614045,0,0,0,0,0,0,1,0,0,7442215.64,614045,20260509-0,3818770,3818770,3818770,8056260.64,4237490.64,20260509-0
