09-MAY-2026,01241,0,0,0,0,0,0,0,0,0,0,2,0,0
09-MAY-2026,60G01,1965508.18,0,1965508.18,185174,0,0,0,0,0,0,1,0,0
09-MAY-2026,A31,0,0,0,0,0,0,0,0,0,0,1,0,0
09-MAY-2026,A32,537816,0,537816,44818,0,0,0,0,0,0,1,0,0
09-MAY-2026,A43,6095931.45,0,6095931.45,539298,0,0,0,0,0,0,1,0,0
09-MAY-2026,A436,132996,0,132996,11083,0,0,0,0,0,0,1,0,0
09-MAY-2026,A632,269880,0,269880,22490,0,0,0,0,0,0,1,0,0
09-MAY-2026,D260,41544,0,41544,3462,0,0,0,0,0,0,1,0,0
09-MAY-2026,IH159,67176,0,67176,5598,0,0,0,0,0,0,1,0,0
09-MAY-2026,IH511,682080,0,682080,56840,0,0,0,0,0,0,1,0,0
09-MAY-2026,J36,994283.99,0,994283.99,87203,0,0,0,0,0,0,1,0,0
09-MAY-2026,K35,661464,0,661464,55122,0,0,0,0,0,0,1,0,0
09-MAY-2026,M166,949632,0,949632,79136,0,0,0,0,0,0,1,0,0
09-MAY-2026,M714,1970844,0,1970844,164237,0,0,0,0,0,0,1,0,0
09-MAY-2026,M91,238626.49,0,238626.49,47645,0,0,0,0,0,0,1,0,0
09-MAY-2026,N103,1667310,0,1667310,138942.5,0,0,0,0,0,0,1,0,0
09-MAY-2026,N108,66498,0,66498,5541.5,0,0,0,0,0,0,1,0,0
09-MAY-2026,N305,674700,0,674700,56225,0,0,0,0,0,0,1,0,0
09-MAY-2026,NH112,177329.71,0,177329.71,14286,0,0,0,0,0,0,1,0,0
09-MAY-2026,O49,66498,0,66498,5541.5,0,0,0,0,0,0,1,0,0
09-MAY-2026,P10,299687.15,0,299687.15,24339,0,0,0,0,0,0,1,0,0
09-MAY-2026,P102,1238658.22,0,1238658.22,103933.5,0,0,0,0,0,0,1,0,0
09-MAY-2026,P231,929207.94,0,929207.94,74076,0,0,0,0,0,0,1,0,0
09-MAY-2026,P397,944580,0,944580,78715,0,0,0,0,0,0,1,0,0
09-MAY-2026,P399,1994940,0,1994940,166245,0,0,0,0,0,0,1,0,0
09-MAY-2026,P447,664980,0,664980,55415,0,0,0,0,0,0,1,0,0
09-MAY-2026,P57,83631,0,83631,11139.5,0,0,0,0,0,0,1,0,0
09-MAY-2026,R176,0,0,0,0,0,0,0,0,0,0,1,0,0
09-MAY-2026,R324,0,0,0,0,0,0,0,0,0,0,1,0,0
09-MAY-2026,R393,795763.7,0,795763.7,65262.5,0,0,0,0,0,0,1,0,0
09-MAY-2026,R695,0,0,0,0,0,0,0,0,0,0,1,0,0
09-MAY-2026,R780,1312530,0,1312530,109377.5,0,0,0,0,0,0,1,0,0
09-MAY-2026,R855,0,0,0,0,0,0,0,0,0,0,1,0,0
09-MAY-2026,S15,5447203.17,0,5447203.17,451300,0,0,0,0,0,0,1,0,0
09-MAY-2026,S1525,4361070,0,4361070,363422.5,0,0,0,0,0,0,1,0,0
09-MAY-2026,S1582,3019216.72,0,3019216.72,263962.5,0,0,0,0,0,0,1,0,0
09-MAY-2026,S192,0,0,0,0,0,0,0,0,0,0,1,0,0
09-MAY-2026,S31,0,0,0,0,0,0,0,0,0,0,1,0,0
09-MAY-2026,S365,0,0,0,0,0,0,0,0,0,0,1,0,0
09-MAY-2026,S378,132996,0,132996,11083,0,0,0,0,0,0,1,0,0
09-MAY-2026,S423,544812,0,544812,45401,0,0,0,0,0,0,1,0,0
09-MAY-2026,S425,1089630,0,1089630,90802.5,0,0,0,0,0,0,1,0,0
09-MAY-2026,V255,217566,0,217566,18130.5,0,0,0,0,0,0,1,0,0
09-MAY-2026,V303,899061.46,0,899061.46,73017,0,0,0,0,0,0,1,0,0
09-MAY-2026,V70,1329960,0,1329960,110830,0,0,0,0,0,0,1,0,0
09-MAY-2026,WA00239,77434,0,77434,6173,0,0,0,0,0,0,1,0,0
09-MAY-2026,WA00455,153630,0,153630,12802.5,0,0,0,0,0,0,1,0,0
09-MAY-2026,WA0080,0,0,0,0,0,0,0,0,0,0,1,0,0
09-MAY-2026,WA1083,67470,0,67470,5622.5,0,0,0,0,0,0,1,0,0
09-MAY-2026,WA1093,0,0,0,0,0,0,0,0,0,0,1,0,0
09-MAY-2026,WA1239,587772,0,587772,48981,0,0,0,0,0,0,1,0,0
09-MAY-2026,WA1257,201528,0,201528,16794,0,0,0,0,0,0,1,0,0
09-MAY-2026,WA1259,269880,0,269880,22490,0,0,0,0,0,0,1,0,0
09-MAY-2026,WA1269,772524,0,772524,64377,0,0,0,0,0,0,1,0,0
09-MAY-2026,WA1301,66498,0,66498,5541.5,0,0,0,0,0,0,1,0,0
09-MAY-2026,WA1312,66498,0,66498,5541.5,0,0,0,0,0,0,1,0,0
09-MAY-2026,WA1314,0,0,0,0,0,0,0,0,0,0,1,0,0
09-MAY-2026,Y51,67470,0,67470,5622.5,0,0,0,0,0,0,1,0,0
09-MAY-2026,Y55,0,0,0,0,0,0,0,0,0,0,1,0,0
