09-MAY-2026,00008,0,0,0,0,0,0,0,0,0,0,0,0
09-MAY-2026,00051,0,0,0,0,0,0,0,0,0,0,0,0
09-MAY-2026,00067,145657436.16,0,145657436.16,16250905.5,0,0,0,0,0,1248825.6,0,0
09-MAY-2026,00068,0,0,0,0,0,0,0,0,0,0,0,0
09-MAY-2026,00092,0,0,0,0,0,0,0,0,0,0,0,0
09-MAY-2026,00094,12520831.69,0,12520831.69,1026537.5,0,0,0,0,0,0,0,0
09-MAY-2026,00130,283812,0,283812,23651,0,0,0,0,0,0,0,0
09-MAY-2026,00142,10694741.68,175,10694916.68,888218.5,0,0,0,0,0,0,0,0
09-MAY-2026,00171,116248247.23,0,116248247.23,10208510,0,0,0,0,0,4789660.6,0,0
09-MAY-2026,00187,0,0,0,0,0,0,0,0,0,0,0,0
09-MAY-2026,00331,6944498.24,0,6944498.24,577658,0,0,0,0,0,0,0,0
09-MAY-2026,00333,0,0,0,0,0,0,0,0,0,0,0,0
09-MAY-2026,00335,21745686.36,0,21745686.36,1967522.5,0,0,0,0,0,0,0,0
09-MAY-2026,00357,147744,0,147744,48048,0,0,0,0,0,0,0,0
09-MAY-2026,00359,0,0,0,0,0,0,0,0,0,0,0,0
09-MAY-2026,00470,0,0,0,0,0,0,0,0,0,0,0,0
09-MAY-2026,00481,23350739,0,23350739,2371754.5,0,0,346680,0,0,0,0,0
09-MAY-2026,00495,0,0,0,0,0,0,0,0,0,0,0,0
09-MAY-2026,00536,64543654.13,0,64543654.13,5401799,0,0,184896,0,0,0,0,0
09-MAY-2026,00547,238926,0,238926,19910.5,0,0,0,0,0,0,0,0
09-MAY-2026,00622,1744848,0,1744848,145404,0,0,0,0,0,0,0,0
09-MAY-2026,00732,899061.46,0,899061.46,73017,0,0,0,0,0,0,0,0
09-MAY-2026,00890,0,0,0,0,0,0,0,0,0,0,0,0
09-MAY-2026,00991,0,0,0,0,0,0,0,0,0,0,0,0
09-MAY-2026,01007,40085995.02,0,40085995.02,3392121,0,0,86166,0,0,0,0,0
09-MAY-2026,01075,422361.99,0,422361.99,34077.5,0,0,0,0,0,0,0,0
09-MAY-2026,01236,135663208.11,0,135663208.11,15533777,0,0,179118,0,0,0,0,0
09-MAY-2026,01241,44896315.18,0,44896315.18,3833040,0,0,0,0,0,0,0,0
09-MAY-2026,01257,52576,0,52576,6572,0,0,0,0,0,0,0,0
09-MAY-2026,01267,277341529.22,-404450,276937079.22,30870932.5,0,0,57780,0,0,3465140.6,0,0
09-MAY-2026,01269,0,0,0,0,0,0,0,0,0,0,0,0
09-MAY-2026,01271,32330409.85,125,32330534.85,2759689,0,0,0,0,0,0,0,0
09-MAY-2026,01272,7223689.15,0,7223689.15,597127.5,0,0,0,0,0,0,0,0
09-MAY-2026,01283,147976915.45,0,147976915.45,12618118.5,0,0,5778,0,0,0,0,0
09-MAY-2026,01287,81378165.34,0,81378165.34,7524653,0,0,224334,0,0,0,0,0
09-MAY-2026,01288,0,0,0,0,0,0,0,0,0,0,0,0
09-MAY-2026,01294,0,0,0,0,0,0,0,0,0,0,0,0
09-MAY-2026,01304,0,0,0,0,0,0,0,0,0,0,0,0
09-MAY-2026,01313,8041734,0,8041734,906736.5,0,0,0,0,0,0,0,0
09-MAY-2026,01319,0,0,0,0,0,0,0,0,0,0,0,0
09-MAY-2026,01321,0,0,0,0,0,0,0,0,0,0,0,0
09-MAY-2026,01322,0,0,0,0,0,0,0,0,0,0,0,0
09-MAY-2026,NCDXTIM01,12585450.07,0,12585450.07,1237740,0,0,0,0,0,0,0,0
