09-MAY-2026,01297,1081476,0,1081476,90123,0,0,0,0,0,0,2,0,0,1081476,90123,20260509-0,69381872.6,74381872.6,74458672.6,1171599,0,20260509-0
09-MAY-2026,BCG50,71450,0,71450,5725,0,0,0,0,0,0,1,0,0,71450,5725,20260509-0,5067.56,5067.56,5067.56,77175,72107.44,20260509-0
09-MAY-2026,BDP349,2130084,0,2130084,177507,0,0,75114,0,0,0,1,0,0,2130084,177507,20260509-0,2582556.74,2582556.74,2582556.74,2307591,0,20260509-0
09-MAY-2026,DSS23,819031.7,0,819031.7,66833,0,0,0,0,0,0,1,0,0,819031.7,66833,20260509-0,539386.09,539386.09,539386.09,885864.7,346478.61,20260509-0
09-MAY-2026,G659,71622,0,71622,5968.5,0,0,0,0,0,0,1,0,0,71622,5968.5,20260509-0,86176.59,86176.59,86176.59,77590.5,0,20260509-0
09-MAY-2026,GAF874,34350,0,34350,2862.5,0,0,0,0,0,0,1,0,0,34350,2862.5,20260509-0,0,0,0,37212.5,37212.5,20260509-0
09-MAY-2026,MLW322,71622,0,71622,5968.5,0,0,0,0,0,0,1,0,0,71622,5968.5,20260509-0,0,0,0,77590.5,77590.5,20260509-0
09-MAY-2026,RAV370,72522,0,72522,6043.5,0,0,0,0,0,0,1,0,0,72522,6043.5,20260509-0,93565,93565,93565,78565.5,0,20260509-0
09-MAY-2026,RAV400,2296404,0,2296404,191367,0,0,0,0,0,0,1,0,0,2296404,191367,20260509-0,0,0,0,2487771,2487771,20260509-0
09-MAY-2026,RBR145,152389.07,0,152389.07,12216.5,0,0,0,0,0,0,1,0,0,152389.07,12216.5,20260509-0,424691.07,424691.07,424691.07,164605.57,0,20260509-0
09-MAY-2026,RBR161,319468.27,0,319468.27,24692,0,0,0,0,0,0,1,0,0,319468.27,24692,20260509-0,346315.54,346315.54,346315.54,344160.27,0,20260509-0
09-MAY-2026,RBR213,289188,0,289188,24099,0,0,0,0,0,0,1,0,0,289188,24099,20260509-0,551561.5,551561.5,551561.5,313287,0,20260509-0
09-MAY-2026,RBR264,72522,0,72522,6043.5,0,0,0,0,0,0,1,0,0,72522,6043.5,20260509-0,80320.5,80320.5,80320.5,78565.5,0,20260509-0
09-MAY-2026,RBR404,72522,0,72522,6043.5,0,0,0,0,0,0,1,0,0,72522,6043.5,20260509-0,96466,96466,96466,78565.5,0,20260509-0
09-MAY-2026,RBR81,430632,0,430632,35886,0,0,0,0,0,0,1,0,0,430632,35886,20260509-0,497988.02,497988.02,497988.02,466518,0,20260509-0
09-MAY-2026,RBR85,34350,0,34350,2862.5,0,0,0,0,0,0,1,0,0,34350,2862.5,20260509-0,47188,47188,47188,37212.5,0,20260509-0
09-MAY-2026,RBR90,573876,0,573876,47823,0,0,0,0,0,0,1,0,0,573876,47823,20260509-0,729689.03,729689.03,729689.03,621699,0,20260509-0
09-MAY-2026,RDP894,718900,0,718900,71957,0,0,0,0,0,0,1,0,0,718900,71957,20260509-0,1060037.1,1060037.1,1060037.1,790857,0,20260509-0
09-MAY-2026,RMS552,1105020,0,1105020,108285,0,0,0,0,0,0,1,0,0,1062541.86,104384,20260509-0,464473.5,464473.5,464473.5,1166925.86,702452.36,20260509-0
09-MAY-2026,SNM502,343500,0,343500,28625,0,0,0,0,0,0,1,0,0,343500,28625,20260509-0,182450.5,182450.5,182450.5,372125,189674.5,20260509-0
09-MAY-2026,SULG07,412200,0,412200,34350,0,0,0,0,0,0,1,0,0,412200,34350,20260509-0,443820,443820,443820,446550,2730,20260509-0
09-MAY-2026,SULG10,1888689.11,0,1888689.11,151139,0,0,0,0,0,0,1,0,0,1888689.11,151139,20260509-0,1662705.64,1662705.64,1662705.64,2039828.11,377122.47,20260509-0
09-MAY-2026,YNR153,268704,0,268704,22392,0,0,0,0,0,0,1,0,0,268704,22392,20260509-0,363073.74,363073.74,363073.74,291096,0,20260509-0
09-MAY-2026,YNR87,7919205.82,0,7919205.82,625670,0,0,0,0,0,0,1,0,0,7919205.82,625670,20260509-0,3967300.28,3967300.28,3967300.28,8544875.82,4577575.54,20260509-0
09-MAY-2026,Z3KT91,68580,0,68580,5715,0,0,11430,0,0,0,1,0,0,68580,5715,20260509-0,106895,106895,106895,74295,0,20260509-0
