09-MAY-2026,00220,0,0,0,0,0,0,0,0,0,0,2,0,0
09-MAY-2026,A1013680,0,0,0,0,0,0,0,0,0,0,1,0,0
09-MAY-2026,A1022970,97696.13,0,97696.13,8036,0,0,0,0,0,0,1,0,0
09-MAY-2026,A10824,67938,0,67938,5661.5,0,0,0,0,0,0,1,0,0
09-MAY-2026,A109218,0,0,0,0,0,0,0,0,0,0,1,0,0
09-MAY-2026,A118320,99895.72,0,99895.72,8113,0,0,0,0,0,0,1,0,0
09-MAY-2026,A1204421,0,0,0,0,0,0,0,0,0,0,1,0,0
09-MAY-2026,A1280194,0,0,0,0,0,0,0,0,0,0,1,0,0
09-MAY-2026,A1309586,34350,0,34350,2862.5,0,0,0,0,0,0,1,0,0
09-MAY-2026,A1313238,0,0,0,0,0,0,0,0,0,0,1,0,0
09-MAY-2026,A131459,72522,0,72522,6043.5,0,0,0,0,0,0,1,0,0
09-MAY-2026,A1422632,1802880,0,1802880,150240,0,0,0,0,0,0,1,0,0
09-MAY-2026,A1440638,0,0,0,0,0,0,0,0,0,0,1,0,0
09-MAY-2026,A1442140,0,0,0,0,0,0,0,0,0,0,1,0,0
09-MAY-2026,A1449336,67176,0,67176,5598,0,0,0,0,0,0,1,0,0
09-MAY-2026,A1450420,2761571.99,0,2761571.99,229291.5,0,0,0,0,0,0,1,0,0
09-MAY-2026,A150313,0,0,0,0,0,0,0,0,0,0,1,0,0
09-MAY-2026,A19529,0,0,0,0,0,0,0,0,0,0,1,0,0
09-MAY-2026,A197407,0,0,0,0,0,0,0,0,0,0,1,0,0
09-MAY-2026,A225890,570996,0,570996,47583,0,0,0,0,0,0,1,0,0
09-MAY-2026,A263135,0,0,0,0,0,0,0,0,0,0,1,0,0
09-MAY-2026,A265794,83088,0,83088,6924,0,0,0,0,0,0,1,0,0
09-MAY-2026,A33469,155610,0,155610,12967.5,0,0,0,0,0,0,1,0,0
09-MAY-2026,A406431,0,0,0,0,0,0,0,0,0,0,1,0,0
09-MAY-2026,A407790,143244,0,143244,11937,0,0,0,0,0,0,1,0,0
09-MAY-2026,A41095,2772648,0,2772648,231054,0,0,0,0,0,0,1,0,0
09-MAY-2026,A415651,202410,0,202410,16867.5,0,0,0,0,0,0,1,0,0
09-MAY-2026,A50094225,0,0,0,0,0,0,0,0,0,0,1,0,0
09-MAY-2026,A508327,0,0,0,0,0,0,0,0,0,0,1,0,0
09-MAY-2026,A51075405,71622,0,71622,5968.5,0,0,0,0,0,0,1,0,0
09-MAY-2026,A51524246,303923.99,0,303923.99,24487.5,0,0,0,0,0,0,1,0,0
09-MAY-2026,A52248850,34350,0,34350,2862.5,0,0,0,0,0,0,1,0,0
09-MAY-2026,A52638111,154867.99,0,154867.99,12346,0,0,0,0,0,0,1,0,0
09-MAY-2026,A52678084,41544,0,41544,3462,0,0,0,0,0,0,1,0,0
09-MAY-2026,A52709942,66498,0,66498,5541.5,0,0,0,0,0,0,1,0,0
09-MAY-2026,A53231150,144144,0,144144,12012,0,0,0,0,0,0,1,0,0
09-MAY-2026,A53478,33588,0,33588,2799,0,0,0,0,0,0,1,0,0
09-MAY-2026,A53792795,82008,0,82008,6834,0,0,0,0,0,0,1,0,0
09-MAY-2026,A538900,309735.98,0,309735.98,24692,0,0,0,0,0,0,1,0,0
09-MAY-2026,A543925,0,0,0,0,0,0,0,0,0,0,1,0,0
09-MAY-2026,A54567960,0,0,0,0,0,0,0,0,0,0,1,0,0
09-MAY-2026,A54695560,0,0,0,0,0,0,0,0,0,0,1,0,0
09-MAY-2026,A54840,295284,0,295284,24607,0,0,0,0,0,0,1,0,0
09-MAY-2026,A55041741,71622,0,71622,5968.5,0,0,0,0,0,0,1,0,0
09-MAY-2026,A552720,0,0,0,0,0,0,0,0,0,0,1,0,0
09-MAY-2026,A556199,0,0,0,0,0,0,0,0,0,0,1,0,0
09-MAY-2026,A568428,0,0,0,0,0,0,0,0,0,0,1,0,0
09-MAY-2026,A57879,0,0,0,0,0,0,0,0,0,0,1,0,0
09-MAY-2026,A58370771,71622,0,71622,5968.5,0,0,0,0,0,0,1,0,0
09-MAY-2026,A60360654,302794,0,302794,24953,0,0,0,0,0,0,1,0,0
09-MAY-2026,A605248,1668240,0,1668240,139020,0,0,0,0,0,0,1,0,0
09-MAY-2026,A60589800,26288,0,26288,3286,0,0,0,0,0,0,1,0,0
09-MAY-2026,A61150632,71622,0,71622,5968.5,0,0,0,0,0,0,1,0,0
09-MAY-2026,A61527810,75120,0,75120,6260,0,0,0,0,0,0,1,0,0
09-MAY-2026,A62134116,41544,0,41544,3462,0,0,0,0,0,0,1,0,0
09-MAY-2026,A62959824,0,0,0,0,0,0,0,0,0,0,1,0,0
09-MAY-2026,A63219084,0,0,0,0,0,0,0,0,0,0,1,0,0
09-MAY-2026,A69105,25920,0,25920,3240,0,0,0,0,0,0,1,0,0
09-MAY-2026,A69529,72522,0,72522,6043.5,0,0,0,0,0,0,1,0,0
09-MAY-2026,A783084,223776,0,223776,18648,0,0,0,0,0,0,1,0,0
09-MAY-2026,A816373,144144,0,144144,12012,0,0,0,0,0,0,1,0,0
09-MAY-2026,A83528,0,0,0,0,0,0,0,0,0,0,1,0,0
09-MAY-2026,A86822,67938,0,67938,5661.5,0,0,0,0,0,0,1,0,0
09-MAY-2026,A874784,144144,0,144144,12012,0,0,0,0,0,0,1,0,0
09-MAY-2026,A926041,68700,0,68700,5725,0,0,0,0,0,0,1,0,0
09-MAY-2026,A950253,0,0,0,0,0,0,0,0,0,0,1,0,0
09-MAY-2026,A95285,41544,0,41544,3462,0,0,0,0,0,0,1,0,0
09-MAY-2026,A96779,0,0,0,0,0,0,0,0,0,0,1,0,0
09-MAY-2026,AAAA071155,41004,0,41004,3417,0,0,0,0,0,0,1,0,0
09-MAY-2026,AAAA137496,0,0,0,0,0,0,0,0,0,0,1,0,0
09-MAY-2026,AAAA193790,68700,0,68700,5725,0,0,0,0,0,0,1,0,0
09-MAY-2026,AAAA234657,0,0,0,0,0,0,0,0,0,0,1,0,0
09-MAY-2026,AAAA274079,525760,0,525760,65720,0,0,0,0,0,0,1,0,0
09-MAY-2026,AAAA394428,0,0,0,0,0,0,0,0,0,0,1,0,0
09-MAY-2026,AAAA395718,67470,0,67470,5622.5,0,0,0,0,0,0,1,0,0
09-MAY-2026,AAAA428004,145044,0,145044,12087,0,0,0,0,0,0,1,0,0
09-MAY-2026,AAAA570438,0,0,0,0,0,0,0,0,0,0,1,0,0
09-MAY-2026,AAAA906104,144144,0,144144,12012,0,0,0,0,0,0,1,0,0
09-MAY-2026,AAAB028785,0,0,0,0,0,0,0,0,0,0,1,0,0
09-MAY-2026,AAAB047279,371736,0,371736,30978,0,0,0,0,0,0,1,0,0
09-MAY-2026,AAAB058112,0,0,0,0,0,0,0,0,0,0,1,0,0
09-MAY-2026,AAAB187264,271752,0,271752,22646,0,0,0,0,0,0,1,0,0
09-MAY-2026,AAAB214673,495240,0,495240,41270,0,0,0,0,0,0,1,0,0
09-MAY-2026,AAAB583330,206100,0,206100,17175,0,0,0,0,0,0,1,0,0
09-MAY-2026,AAAB690185,77434,0,77434,6173,0,0,0,0,0,0,1,0,0
09-MAY-2026,AAAB799958,0,0,0,0,0,0,0,0,0,0,1,0,0
09-MAY-2026,AAAB918081,41544,0,41544,3462,0,0,0,0,0,0,1,0,0
09-MAY-2026,AAAC120277,0,0,0,0,0,0,0,0,0,0,1,0,0
09-MAY-2026,AAAC133253,171517.72,0,171517.72,14081.5,0,0,0,0,0,0,1,0,0
09-MAY-2026,AAAC146529,1502400,0,1502400,125200,0,0,0,0,0,0,1,0,0
09-MAY-2026,AAAC464425,72522,0,72522,6043.5,0,0,0,0,0,0,1,0,0
09-MAY-2026,AAAC479397,34350,0,34350,2862.5,0,0,0,0,0,0,1,0,0
09-MAY-2026,AAAC769658,143244,0,143244,11937,0,0,0,0,0,0,1,0,0
09-MAY-2026,AAAC810176,0,0,0,0,0,0,0,0,0,0,1,0,0
09-MAY-2026,AAAD267674,0,0,0,0,0,0,0,0,0,0,1,0,0
09-MAY-2026,AAAD409403,75120,0,75120,6260,0,0,0,0,0,0,1,0,0
09-MAY-2026,AAAD636272,41004,0,41004,3417,0,0,0,0,0,0,1,0,0
09-MAY-2026,AAAD824864,0,0,0,0,0,0,0,0,0,0,1,0,0
09-MAY-2026,AAAD965883,0,0,0,0,0,0,0,0,0,0,1,0,0
09-MAY-2026,AAAE291112,399690,0,399690,33307.5,0,0,0,0,0,0,1,0,0
09-MAY-2026,AAAE334507,0,0,0,0,0,0,0,0,0,0,1,0,0
09-MAY-2026,AAAE409714,309735.98,0,309735.98,24692,0,0,0,0,0,0,1,0,0
09-MAY-2026,AAAE722932,300480,0,300480,25040,0,0,0,0,0,0,1,0,0
09-MAY-2026,AAAE984417,900312,0,900312,75026,0,0,0,0,0,0,1,0,0
09-MAY-2026,AAAF075278,26288,0,26288,3286,0,0,0,0,0,0,1,0,0
09-MAY-2026,AAAF273196,0,0,0,0,0,0,0,0,0,0,1,0,0
09-MAY-2026,AAAF284395,143244,0,143244,11937,0,0,0,0,0,0,1,0,0
09-MAY-2026,AAAF337208,615060,0,615060,51255,0,0,0,0,0,0,1,0,0
09-MAY-2026,AAAF391588,68700,0,68700,5725,0,0,0,0,0,0,1,0,0
09-MAY-2026,AAAF535810,0,0,0,0,0,0,0,0,0,0,1,0,0
09-MAY-2026,AAAF632401,0,0,0,0,0,0,0,0,0,0,1,0,0
09-MAY-2026,AAAF693489,143244,0,143244,11937,0,0,0,0,0,0,1,0,0
09-MAY-2026,AAAF782023,41004,0,41004,3417,0,0,0,0,0,0,1,0,0
09-MAY-2026,AAAF816389,0,0,0,0,0,0,0,0,0,0,1,0,0
09-MAY-2026,AAAG598234,300480,0,300480,25040,0,0,0,0,0,0,1,0,0
09-MAY-2026,AAAG917528,0,0,0,0,0,0,0,0,0,0,1,0,0
09-MAY-2026,AAAG949678,0,0,0,0,0,0,0,0,0,0,1,0,0
09-MAY-2026,AAAH042720,721350,0,721350,60112.5,0,0,0,0,0,0,1,0,0
09-MAY-2026,AAAH551219,0,0,0,0,0,0,0,0,0,0,1,0,0
09-MAY-2026,AAAH730722,0,0,0,0,0,0,0,0,0,0,1,0,0
09-MAY-2026,AAAH961005,0,0,0,0,0,0,0,0,0,0,1,0,0
09-MAY-2026,AAAI020194,71622,0,71622,5968.5,0,0,0,0,0,0,1,0,0
09-MAY-2026,AAAI281399,33588,0,33588,2799,0,0,0,0,0,0,1,0,0
09-MAY-2026,AAAI509119,790050,0,790050,65837.5,0,0,0,0,0,0,1,0,0
09-MAY-2026,AAAI595235,0,0,0,0,0,0,0,0,0,0,1,0,0
09-MAY-2026,AAAI774342,34350,0,34350,2862.5,0,0,0,0,0,0,1,0,0
09-MAY-2026,AAAI818523,0,0,0,0,0,0,0,0,0,0,1,0,0
09-MAY-2026,AAAI975352,0,0,0,0,0,0,0,0,0,0,1,0,0
09-MAY-2026,AAAJ146496,403056,0,403056,33588,0,0,0,0,0,0,1,0,0
09-MAY-2026,AAAJ326531,276940.62,0,276940.62,35083.5,0,0,0,0,0,0,1,0,0
09-MAY-2026,AAAJ441397,0,0,0,0,0,0,0,0,0,0,1,0,0
09-MAY-2026,AAAJ654166,0,0,0,0,0,0,0,0,0,0,1,0,0
09-MAY-2026,AAAJ749957,0,0,0,0,0,0,0,0,0,0,1,0,0
09-MAY-2026,AAAK016174,144144,0,144144,12012,0,0,0,0,0,0,1,0,0
09-MAY-2026,AAAK038162,71622,0,71622,5968.5,0,0,0,0,0,0,1,0,0
09-MAY-2026,AAAK506012,0,0,0,0,0,0,0,0,0,0,1,0,0
09-MAY-2026,AAAK673447,0,0,0,0,0,0,0,0,0,0,1,0,0
09-MAY-2026,AAAK753591,0,0,0,0,0,0,0,0,0,0,1,0,0
09-MAY-2026,AAAK821085,0,0,0,0,0,0,0,0,0,0,1,0,0
09-MAY-2026,AAAK966769,0,0,0,0,0,0,0,0,0,0,1,0,0
09-MAY-2026,AAAL007736,0,0,0,0,0,0,0,0,0,0,1,0,0
09-MAY-2026,AAAL135579,171750,0,171750,14312.5,0,0,0,0,0,0,1,0,0
09-MAY-2026,AAAL156593,71622,0,71622,5968.5,0,0,0,0,0,0,1,0,0
09-MAY-2026,AAAL300438,75120,0,75120,6260,0,0,0,0,0,0,1,0,0
09-MAY-2026,AAAL654943,101820,0,101820,8485,0,0,0,0,0,0,1,0,0
09-MAY-2026,AAAM050367,725220,0,725220,60435,0,0,0,0,0,0,1,0,0
09-MAY-2026,AAAM257794,0,0,0,0,0,0,0,0,0,0,1,0,0
09-MAY-2026,AAAM351734,0,0,0,0,0,0,0,0,0,0,1,0,0
09-MAY-2026,AAAM558466,75120,0,75120,6260,0,0,0,0,0,0,1,0,0
09-MAY-2026,AAAM698211,799165.74,0,799165.74,64904,0,0,0,0,0,0,1,0,0
09-MAY-2026,AAAM702844,0,0,0,0,0,0,0,0,0,0,1,0,0
09-MAY-2026,AAAM730869,232301.99,0,232301.99,18519,0,0,0,0,0,0,1,0,0
09-MAY-2026,AAAM978609,309735.98,0,309735.98,24692,0,0,0,0,0,0,1,0,0
09-MAY-2026,AAAN089052,0,0,0,0,0,0,0,0,0,0,1,0,0
09-MAY-2026,AAAN105008,0,0,0,0,0,0,0,0,0,0,1,0,0
09-MAY-2026,AAAN132099,0,0,0,0,0,0,0,0,0,0,1,0,0
09-MAY-2026,AAAN194028,144144,0,144144,12012,0,0,0,0,0,0,1,0,0
09-MAY-2026,AAAN447884,0,0,0,0,0,0,0,0,0,0,1,0,0
09-MAY-2026,AAAN747956,75120,0,75120,6260,0,0,0,0,0,0,1,0,0
09-MAY-2026,AAAN827084,77434,0,77434,6173,0,0,0,0,0,0,1,0,0
09-MAY-2026,AAAN892417,0,0,0,0,0,0,0,0,0,0,1,0,0
09-MAY-2026,AAAO297097,72522,0,72522,6043.5,0,0,0,0,0,0,1,0,0
09-MAY-2026,AAAO669364,51840,0,51840,6480,0,0,0,0,0,0,1,0,0
09-MAY-2026,AAAP466019,858750,0,858750,71562.5,0,0,0,0,0,0,1,0,0
09-MAY-2026,AAAP468368,0,0,0,0,0,0,0,0,0,0,1,0,0
09-MAY-2026,AAAP551363,41004,0,41004,3417,0,0,0,0,0,0,1,0,0
09-MAY-2026,AAAP759149,34350,0,34350,2862.5,0,0,0,0,0,0,1,0,0
09-MAY-2026,AAAP872616,100086,0,100086,8340.5,0,0,0,0,0,0,1,0,0
09-MAY-2026,AAAQ108412,136170,0,136170,11347.5,0,0,0,0,0,0,1,0,0
09-MAY-2026,AAAQ235849,217566,0,217566,18130.5,0,0,0,0,0,0,1,0,0
09-MAY-2026,AAAQ335648,0,0,0,0,0,0,0,0,0,0,1,0,0
09-MAY-2026,AAAQ374293,0,0,0,0,0,0,0,0,0,0,1,0,0
09-MAY-2026,AAAQ482793,0,0,0,0,0,0,0,0,0,0,1,0,0
09-MAY-2026,AAAQ647548,0,0,0,0,0,0,0,0,0,0,1,0,0
09-MAY-2026,AAAQ801005,169318.13,0,169318.13,14004.5,0,0,0,0,0,0,1,0,0
09-MAY-2026,AABC489620,224176,0,224176,18401.5,0,0,0,0,0,0,1,0,0
09-MAY-2026,AABG036990,0,0,0,0,0,0,0,0,0,0,1,0,0
09-MAY-2026,AABG103768,645498,0,645498,53791.5,0,0,0,0,0,0,1,0,0
09-MAY-2026,AABJ505140,72522,0,72522,6043.5,0,0,0,0,0,0,1,0,0
09-MAY-2026,AABK146422,0,0,0,0,0,0,0,0,0,0,1,0,0
09-MAY-2026,AABK500720,0,0,0,0,0,0,0,0,0,0,1,0,0
09-MAY-2026,AABL445799,0,0,0,0,0,0,0,0,0,0,1,0,0
09-MAY-2026,AABL522670,0,0,0,0,0,0,0,0,0,0,1,0,0
09-MAY-2026,AABL645037,0,0,0,0,0,0,0,0,0,0,1,0,0
09-MAY-2026,AABL837212,195084,0,195084,18417,0,0,0,0,0,0,1,0,0
09-MAY-2026,AABM126282,2637795.43,0,2637795.43,216972,0,0,0,0,0,0,1,0,0
09-MAY-2026,AABM206829,99895.72,0,99895.72,8113,0,0,0,0,0,0,1,0,0
09-MAY-2026,AABM246999,33588,0,33588,2799,0,0,0,0,0,0,1,0,0
09-MAY-2026,AABM434206,216666,0,216666,18055.5,0,0,0,0,0,0,1,0,0
09-MAY-2026,AABM554108,0,0,0,0,0,0,0,0,0,0,1,0,0
09-MAY-2026,AABM729736,0,0,0,0,0,0,0,0,0,0,1,0,0
09-MAY-2026,AABM826021,941955.24,0,941955.24,89207,0,0,0,0,0,0,1,0,0
09-MAY-2026,AABM875861,0,0,0,0,0,0,0,0,0,0,1,0,0
09-MAY-2026,AABM929726,0,0,0,0,0,0,0,0,0,0,1,0,0
09-MAY-2026,AABR349675,1283247.19,0,1283247.19,104930,0,0,0,0,0,0,1,0,0
09-MAY-2026,AABU176686,1502400,0,1502400,125200,0,0,0,0,0,0,1,0,0
09-MAY-2026,AABU192694,97696.13,0,97696.13,8036,0,0,0,0,0,0,1,0,0
09-MAY-2026,AABU244463,72522,0,72522,6043.5,0,0,0,0,0,0,1,0,0
09-MAY-2026,AABW583546,83088,0,83088,6924,0,0,0,0,0,0,1,0,0
09-MAY-2026,AABX532164,0,0,0,0,0,0,0,0,0,0,1,0,0
09-MAY-2026,AABX666989,33588,0,33588,2799,0,0,0,0,0,0,1,0,0
09-MAY-2026,AABX680483,143244,0,143244,11937,0,0,0,0,0,0,1,0,0
09-MAY-2026,AABY636859,1758530.29,0,1758530.29,144648,0,0,0,0,0,0,1,0,0
09-MAY-2026,AABY752962,67176,0,67176,5598,0,0,0,0,0,0,1,0,0
09-MAY-2026,AABY831044,71622,0,71622,5968.5,0,0,0,0,0,0,1,0,0
09-MAY-2026,AABY875035,464603.97,0,464603.97,37038,0,0,0,0,0,0,1,0,0
09-MAY-2026,AABY876992,774339.95,0,774339.95,61730,0,0,0,0,0,0,1,0,0
09-MAY-2026,AABY888737,0,0,0,0,0,0,0,0,0,0,1,0,0
09-MAY-2026,AABZ039022,74592,0,74592,6216,0,0,0,0,0,0,1,0,0
09-MAY-2026,AABZ182701,41544,0,41544,3462,0,0,0,0,0,0,1,0,0
09-MAY-2026,AABZ269288,214866,0,214866,17905.5,0,0,0,0,0,0,1,0,0
09-MAY-2026,AABZ369935,67938,0,67938,5661.5,0,0,0,0,0,0,1,0,0
09-MAY-2026,AABZ376848,0,0,0,0,0,0,0,0,0,0,1,0,0
09-MAY-2026,AABZ382316,0,0,0,0,0,0,0,0,0,0,1,0,0
09-MAY-2026,AABZ688596,976961.27,0,976961.27,80360,0,0,0,0,0,0,1,0,0
09-MAY-2026,AABZ689027,68700,0,68700,5725,0,0,0,0,0,0,1,0,0
09-MAY-2026,AABZ827955,150240,0,150240,12520,0,0,0,0,0,0,1,0,0
09-MAY-2026,AACA092331,71622,0,71622,5968.5,0,0,0,0,0,0,1,0,0
09-MAY-2026,AACA240216,71622,0,71622,5968.5,0,0,0,0,0,0,1,0,0
09-MAY-2026,AACA306817,1242096.89,0,1242096.89,101180,0,0,0,0,0,0,1,0,0
09-MAY-2026,AACA513282,0,0,0,0,0,0,0,0,0,0,1,0,0
09-MAY-2026,AACA847161,82008,0,82008,6834,0,0,0,0,0,0,1,0,0
09-MAY-2026,AACA897322,34350,0,34350,2862.5,0,0,0,0,0,0,1,0,0
09-MAY-2026,AACA902085,0,0,0,0,0,0,0,0,0,0,1,0,0
09-MAY-2026,AACB000817,0,0,0,0,0,0,0,0,0,0,1,0,0
09-MAY-2026,AACB035447,0,0,0,0,0,0,0,0,0,0,1,0,0
09-MAY-2026,AACB153351,0,0,0,0,0,0,0,0,0,0,1,0,0
09-MAY-2026,AACB287881,0,0,0,0,0,0,0,0,0,0,1,0,0
09-MAY-2026,AACB327366,0,0,0,0,0,0,0,0,0,0,1,0,0
09-MAY-2026,AACB554571,315456,0,315456,39432,0,0,0,0,0,0,1,0,0
09-MAY-2026,AACB555641,259200,0,259200,32400,0,0,0,0,0,0,1,0,0
09-MAY-2026,AACB557055,466560,0,466560,58320,0,0,0,0,0,0,1,0,0
09-MAY-2026,AACB586734,467186.25,0,467186.25,38721.5,0,0,0,0,0,0,1,0,0
09-MAY-2026,AACB634729,77434,0,77434,6173,0,0,0,0,0,0,1,0,0
09-MAY-2026,AACB653018,227674,0,227674,18693,0,0,0,0,0,0,1,0,0
09-MAY-2026,AACB686305,1587333.52,0,1587333.52,129423,0,0,0,0,0,0,1,0,0
09-MAY-2026,AACB744008,503743.72,0,503743.72,41767,0,0,0,0,0,0,1,0,0
09-MAY-2026,AACB779270,177732,0,177732,14811,0,0,0,0,0,0,1,0,0
09-MAY-2026,AACB781051,33588,0,33588,2799,0,0,0,0,0,0,1,0,0
09-MAY-2026,AACB800025,0,0,0,0,0,0,0,0,0,0,1,0,0
09-MAY-2026,AACB860961,671760,0,671760,55980,0,0,0,0,0,0,1,0,0
09-MAY-2026,AACB889185,145044,0,145044,12087,0,0,0,0,0,0,1,0,0
09-MAY-2026,AACB915368,171517.72,0,171517.72,14081.5,0,0,0,0,0,0,1,0,0
09-MAY-2026,AACB997952,72522,0,72522,6043.5,0,0,0,0,0,0,1,0,0
09-MAY-2026,AACC020536,0,0,0,0,0,0,0,0,0,0,1,0,0
09-MAY-2026,AACC116442,0,0,0,0,0,0,0,0,0,0,1,0,0
09-MAY-2026,AACC175344,100764,0,100764,8397,0,0,0,0,0,0,1,0,0
09-MAY-2026,AACC243609,67176,0,67176,5598,0,0,0,0,0,0,1,0,0
09-MAY-2026,AACC244608,731478,0,731478,60956.5,0,0,0,0,0,0,1,0,0
09-MAY-2026,AACC300907,0,0,0,0,0,0,0,0,0,0,1,0,0
09-MAY-2026,AACC334801,103050,0,103050,8587.5,0,0,0,0,0,0,1,0,0
09-MAY-2026,AACC404345,2275500,0,2275500,222025,0,0,0,0,0,0,1,0,0
09-MAY-2026,AACC406264,77434,0,77434,6173,0,0,0,0,0,0,1,0,0
09-MAY-2026,AACC424695,147642,0,147642,12303.5,0,0,0,0,0,0,1,0,0
09-MAY-2026,AACC451345,154867.99,0,154867.99,12346,0,0,0,0,0,0,1,0,0
09-MAY-2026,AACC469741,135114,0,135114,11259.5,0,0,0,0,0,0,1,0,0
09-MAY-2026,AACC515613,0,0,0,0,0,0,0,0,0,0,1,0,0
09-MAY-2026,AACC547590,97696.13,0,97696.13,8036,0,0,0,0,0,0,1,0,0
09-MAY-2026,AACC607862,33588,0,33588,2799,0,0,0,0,0,0,1,0,0
09-MAY-2026,AACC648816,0,0,0,0,0,0,0,0,0,0,1,0,0
09-MAY-2026,AACC716291,154867.99,0,154867.99,12346,0,0,0,0,0,0,1,0,0
09-MAY-2026,AACC808886,0,0,0,0,0,0,0,0,0,0,1,0,0
09-MAY-2026,AACC811141,0,0,0,0,0,0,0,0,0,0,1,0,0
09-MAY-2026,AACC913032,0,0,0,0,0,0,0,0,0,0,1,0,0
09-MAY-2026,AACD063056,82008,0,82008,6834,0,0,0,0,0,0,1,0,0
09-MAY-2026,AACD075636,0,0,0,0,0,0,0,0,0,0,1,0,0
09-MAY-2026,AACD099119,71622,0,71622,5968.5,0,0,0,0,0,0,1,0,0
09-MAY-2026,AACD132955,0,0,0,0,0,0,0,0,0,0,1,0,0
09-MAY-2026,AACD220733,0,0,0,0,0,0,0,0,0,0,1,0,0
09-MAY-2026,AACD280146,0,0,0,0,0,0,0,0,0,0,1,0,0
09-MAY-2026,AACD339300,187218,0,187218,15601.5,0,0,0,0,0,0,1,0,0
09-MAY-2026,AACD724259,0,0,0,0,0,0,0,0,0,0,1,0,0
09-MAY-2026,AACD733328,67470,0,67470,5622.5,0,0,0,0,0,0,1,0,0
09-MAY-2026,AACD747933,66498,0,66498,5541.5,0,0,0,0,0,0,1,0,0
09-MAY-2026,AACE217443,911374.49,0,911374.49,74687,0,0,0,0,0,0,1,0,0
09-MAY-2026,AACE333350,77434,0,77434,6173,0,0,0,0,0,0,1,0,0
09-MAY-2026,AACE337720,0,0,0,0,0,0,0,0,0,0,1,0,0
09-MAY-2026,AACE438330,99895.72,0,99895.72,8113,0,0,0,0,0,0,1,0,0
09-MAY-2026,AACE440340,1000116,0,1000116,83343,0,0,0,0,0,0,1,0,0
09-MAY-2026,AACE441915,0,0,0,0,0,0,0,0,0,0,1,0,0
09-MAY-2026,AACE476325,1316377.92,0,1316377.92,104941,0,0,0,0,0,0,1,0,0
09-MAY-2026,AACE568244,217566,0,217566,18130.5,0,0,0,0,0,0,1,0,0
09-MAY-2026,AACE570924,0,0,0,0,0,0,0,0,0,0,1,0,0
09-MAY-2026,AACE606837,72522,0,72522,6043.5,0,0,0,0,0,0,1,0,0
09-MAY-2026,AACE661952,0,0,0,0,0,0,0,0,0,0,1,0,0
09-MAY-2026,AACE850322,418960.24,0,418960.24,34143,0,0,0,0,0,0,1,0,0
09-MAY-2026,AACE867812,154867.99,0,154867.99,12346,0,0,0,0,0,0,1,0,0
09-MAY-2026,AACF016566,0,0,0,0,0,0,0,0,0,0,1,0,0
09-MAY-2026,AACF045179,214866,0,214866,17905.5,0,0,0,0,0,0,1,0,0
09-MAY-2026,AACF046622,449815.72,0,449815.72,37273,0,0,0,0,0,0,1,0,0
09-MAY-2026,AACF184410,0,0,0,0,0,0,0,0,0,0,1,0,0
09-MAY-2026,AACF279666,145044,0,145044,12087,0,0,0,0,0,0,1,0,0
09-MAY-2026,AACF307641,429732,0,429732,35811,0,0,0,0,0,0,1,0,0
09-MAY-2026,AACF526136,71622,0,71622,5968.5,0,0,0,0,0,0,1,0,0
09-MAY-2026,AACF730549,308126.12,0,308126.12,25292,0,0,0,0,0,0,1,0,0
09-MAY-2026,AACF858453,0,0,0,0,0,0,0,0,0,0,1,0,0
09-MAY-2026,AACF881172,503154,0,503154,41929.5,0,0,0,0,0,0,1,0,0
09-MAY-2026,AACG075748,72522,0,72522,6043.5,0,0,0,0,0,0,1,0,0
09-MAY-2026,AACG077570,290808,0,290808,24234,0,0,0,0,0,0,1,0,0
09-MAY-2026,AACG316474,652650,0,652650,54387.5,0,0,0,0,0,0,1,0,0
09-MAY-2026,AACG460466,346838.12,0,346838.12,28518,0,0,0,0,0,0,1,0,0
09-MAY-2026,AACG472679,71622,0,71622,5968.5,0,0,0,0,0,0,1,0,0
09-MAY-2026,AACG605641,971870.99,0,971870.99,109341.5,0,0,0,0,0,0,1,0,0
09-MAY-2026,AACG912942,52576,0,52576,6572,0,0,0,0,0,0,1,0,0
09-MAY-2026,AACG936561,0,0,0,0,0,0,0,0,0,0,1,0,0
09-MAY-2026,AACH257586,276240,0,276240,23020,0,0,0,0,0,0,1,0,0
09-MAY-2026,ABKR1210,0,0,0,0,0,0,0,0,0,0,1,0,0
09-MAY-2026,ABNH4872,0,0,0,0,0,0,0,0,0,0,1,0,0
09-MAY-2026,AIIJ1220,41544,0,41544,3462,0,0,0,0,0,0,1,0,0
09-MAY-2026,AINE1270,78864,0,78864,9858,0,0,0,0,0,0,1,0,0
09-MAY-2026,AINE1670,0,0,0,0,0,0,0,0,0,0,1,0,0
09-MAY-2026,AJMR4048,631879.72,0,631879.72,52445,0,0,0,0,0,0,1,0,0
09-MAY-2026,AJMR4050,108180,0,108180,9015,0,0,0,0,0,0,1,0,0
09-MAY-2026,AJMRBL1171,72522,0,72522,6043.5,0,0,0,0,0,0,1,0,0
09-MAY-2026,AKES2829,0,0,0,0,0,0,0,0,0,0,1,0,0
09-MAY-2026,ALWR2185,0,0,0,0,0,0,0,0,0,0,1,0,0
09-MAY-2026,AMRHM1214,144144,0,144144,12012,0,0,0,0,0,0,1,0,0
09-MAY-2026,AMUC1012,0,0,0,0,0,0,0,0,0,0,1,0,0
09-MAY-2026,ARRN043,164016,0,164016,13668,0,0,0,0,0,0,1,0,0
09-MAY-2026,ARRN048,0,0,0,0,0,0,0,0,0,0,1,0,0
09-MAY-2026,ARUR1043,124632,0,124632,10386,0,0,0,0,0,0,1,0,0
09-MAY-2026,ASUI1152,164016,0,164016,13668,0,0,0,0,0,0,1,0,0
09-MAY-2026,B114046,0,0,0,0,0,0,0,0,0,0,1,0,0
09-MAY-2026,B156686,75120,0,75120,6260,0,0,0,0,0,0,1,0,0
09-MAY-2026,B219743,71622,0,71622,5968.5,0,0,0,0,0,0,1,0,0
09-MAY-2026,B2221,2404500,0,2404500,200375,0,0,0,0,0,0,1,0,0
09-MAY-2026,B232045,377382,0,377382,31448.5,0,0,0,0,0,0,1,0,0
09-MAY-2026,B248802,0,0,0,0,0,0,0,0,0,0,1,0,0
09-MAY-2026,B253378,143244,0,143244,11937,0,0,0,0,0,0,1,0,0
09-MAY-2026,B282035,132996,0,132996,11083,0,0,0,0,0,0,1,0,0
09-MAY-2026,B28425,369733.99,0,369733.99,30251.5,0,0,0,0,0,0,1,0,0
09-MAY-2026,B286173,0,0,0,0,0,0,0,0,0,0,1,0,0
09-MAY-2026,B301911,67176,0,67176,5598,0,0,0,0,0,0,1,0,0
09-MAY-2026,B31535,210304,0,210304,26288,0,0,0,0,0,0,1,0,0
09-MAY-2026,B316374,67938,0,67938,5661.5,0,0,0,0,0,0,1,0,0
09-MAY-2026,B34476,41544,0,41544,3462,0,0,0,0,0,0,1,0,0
09-MAY-2026,B346490,0,0,0,0,0,0,0,0,0,0,1,0,0
09-MAY-2026,B34964,0,0,0,0,0,0,0,0,0,0,1,0,0
09-MAY-2026,B380832,83088,0,83088,6924,0,0,0,0,0,0,1,0,0
09-MAY-2026,B402843,0,0,0,0,0,0,0,0,0,0,1,0,0
09-MAY-2026,B408311,1374000,0,1374000,114500,0,0,0,0,0,0,1,0,0
09-MAY-2026,B482167,0,0,0,0,0,0,0,0,0,0,1,0,0
09-MAY-2026,B491460,0,0,0,0,0,0,0,0,0,0,1,0,0
09-MAY-2026,B51427103,0,0,0,0,0,0,0,0,0,0,1,0,0
09-MAY-2026,B52912,392984.1,0,392984.1,32221,0,0,0,0,0,0,1,0,0
09-MAY-2026,B53707,34350,0,34350,2862.5,0,0,0,0,0,0,1,0,0
09-MAY-2026,B59895237,72522,0,72522,6043.5,0,0,0,0,0,0,1,0,0
09-MAY-2026,B61782,0,0,0,0,0,0,0,0,0,0,1,0,0
09-MAY-2026,B62319445,68700,0,68700,5725,0,0,0,0,0,0,1,0,0
09-MAY-2026,B72748,71622,0,71622,5968.5,0,0,0,0,0,0,1,0,0
09-MAY-2026,B84313,0,0,0,0,0,0,0,0,0,0,1,0,0
09-MAY-2026,BBKI1020,41544,0,41544,3462,0,0,0,0,0,0,1,0,0
09-MAY-2026,BBLM36897,41004,0,41004,3417,0,0,0,0,0,0,1,0,0
09-MAY-2026,BBUV2285,132996,0,132996,11083,0,0,0,0,0,0,1,0,0
09-MAY-2026,BHDT1067,72522,0,72522,6043.5,0,0,0,0,0,0,1,0,0
09-MAY-2026,BHGD178,459975.98,0,459975.98,37212,0,0,0,0,0,0,1,0,0
09-MAY-2026,BHGY1010,0,0,0,0,0,0,0,0,0,0,1,0,0
09-MAY-2026,BHOA1557,0,0,0,0,0,0,0,0,0,0,1,0,0
09-MAY-2026,BHWH1020,337350,0,337350,28112.5,0,0,0,0,0,0,1,0,0
09-MAY-2026,BHWH1026,269880,0,269880,22490,0,0,0,0,0,0,1,0,0
09-MAY-2026,BKNR3593,0,0,0,0,0,0,0,0,0,0,1,0,0
09-MAY-2026,BKNR3624,0,0,0,0,0,0,0,0,0,0,1,0,0
09-MAY-2026,BKNR4222,0,0,0,0,0,0,0,0,0,0,1,0,0
09-MAY-2026,BKNR5081,858750,0,858750,71562.5,0,0,0,0,0,0,1,0,0
09-MAY-2026,C104731,469374,0,469374,39114.5,0,0,0,0,0,0,1,0,0
09-MAY-2026,C112321,116124,0,116124,9677,0,0,0,0,0,0,1,0,0
09-MAY-2026,C171252,525840,0,525840,43820,0,0,0,0,0,0,1,0,0
09-MAY-2026,C198206,72522,0,72522,6043.5,0,0,0,0,0,0,1,0,0
09-MAY-2026,C34704,0,0,0,0,0,0,0,0,0,0,1,0,0
09-MAY-2026,C55390950,0,0,0,0,0,0,0,0,0,0,1,0,0
09-MAY-2026,C60889317,0,0,0,0,0,0,0,0,0,0,1,0,0
09-MAY-2026,C63415378,0,0,0,0,0,0,0,0,0,0,1,0,0
09-MAY-2026,C64701,150240,0,150240,12520,0,0,0,0,0,0,1,0,0
09-MAY-2026,C96655,0,0,0,0,0,0,0,0,0,0,1,0,0
09-MAY-2026,CCDG1001,0,0,0,0,0,0,0,0,0,0,1,0,0
09-MAY-2026,CCDGA1830,1551810,0,1551810,129317.5,0,0,0,0,0,0,1,0,0
09-MAY-2026,CCMT1082,272340,0,272340,22695,0,0,0,0,0,0,1,0,0
09-MAY-2026,CHHT1029,0,0,0,0,0,0,0,0,0,0,1,0,0
09-MAY-2026,CNBC3535,0,0,0,0,0,0,0,0,0,0,1,0,0
09-MAY-2026,D116736,0,0,0,0,0,0,0,0,0,0,1,0,0
09-MAY-2026,D117013,154867.99,0,154867.99,12346,0,0,0,0,0,0,1,0,0
09-MAY-2026,D122106,290808,0,290808,24234,0,0,0,0,0,0,1,0,0
09-MAY-2026,D122334,0,0,0,0,0,0,0,0,0,0,1,0,0
09-MAY-2026,D158863,0,0,0,0,0,0,0,0,0,0,1,0,0
09-MAY-2026,D183966,71622,0,71622,5968.5,0,0,0,0,0,0,1,0,0
09-MAY-2026,D21050,0,0,0,0,0,0,0,0,0,0,1,0,0
09-MAY-2026,D254700,0,0,0,0,0,0,0,0,0,0,1,0,0
09-MAY-2026,D260860,2296224,0,2296224,191352,0,0,0,0,0,0,1,0,0
09-MAY-2026,D263418,176472,0,176472,16866,0,0,0,0,0,0,1,0,0
09-MAY-2026,D283892,0,0,0,0,0,0,0,0,0,0,1,0,0
09-MAY-2026,D29633,0,0,0,0,0,0,0,0,0,0,1,0,0
09-MAY-2026,D331059,0,0,0,0,0,0,0,0,0,0,1,0,0
09-MAY-2026,D332655,34350,0,34350,2862.5,0,0,0,0,0,0,1,0,0
09-MAY-2026,D359627,0,0,0,0,0,0,0,0,0,0,1,0,0
09-MAY-2026,D372475,0,0,0,0,0,0,0,0,0,0,1,0,0
09-MAY-2026,D410993,75354,0,75354,6279.5,0,0,0,0,0,0,1,0,0
09-MAY-2026,D42591,0,0,0,0,0,0,0,0,0,0,1,0,0
09-MAY-2026,D427121,33588,0,33588,2799,0,0,0,0,0,0,1,0,0
09-MAY-2026,D43390,0,0,0,0,0,0,0,0,0,0,1,0,0
09-MAY-2026,D44195,415440,0,415440,34620,0,0,0,0,0,0,1,0,0
09-MAY-2026,D465080,539466,0,539466,44955.5,0,0,0,0,0,0,1,0,0
09-MAY-2026,D473884,703845.43,0,703845.43,58230.5,0,0,0,0,0,0,1,0,0
09-MAY-2026,D488204,71622,0,71622,5968.5,0,0,0,0,0,0,1,0,0
09-MAY-2026,D50067249,382541.99,0,382541.99,31039,0,0,0,0,0,0,1,0,0
09-MAY-2026,D51564,123012,0,123012,10251,0,0,0,0,0,0,1,0,0
09-MAY-2026,D559802,0,0,0,0,0,0,0,0,0,0,1,0,0
09-MAY-2026,D560841,75120,0,75120,6260,0,0,0,0,0,0,1,0,0
09-MAY-2026,D58112639,788640,0,788640,98580,0,0,0,0,0,0,1,0,0
09-MAY-2026,D58752315,0,0,0,0,0,0,0,0,0,0,1,0,0
09-MAY-2026,D58793601,288288,0,288288,24024,0,0,0,0,0,0,1,0,0
09-MAY-2026,D59088000,158208,0,158208,13184,0,0,0,0,0,0,1,0,0
09-MAY-2026,D59832284,0,0,0,0,0,0,0,0,0,0,1,0,0
09-MAY-2026,D60691090,268704,0,268704,22392,0,0,0,0,0,0,1,0,0
09-MAY-2026,D61163694,227674,0,227674,18693,0,0,0,0,0,0,1,0,0
09-MAY-2026,D61540787,377914,0,377914,31213,0,0,0,0,0,0,1,0,0
09-MAY-2026,D62320535,536225.97,0,536225.97,43006.5,0,0,0,0,0,0,1,0,0
09-MAY-2026,D63470369,72522,0,72522,6043.5,0,0,0,0,0,0,1,0,0
09-MAY-2026,D92083,343500,0,343500,28625,0,0,0,0,0,0,1,0,0
09-MAY-2026,DABD1073,41004,0,41004,3417,0,0,0,0,0,0,1,0,0
09-MAY-2026,DARKA2388,0,0,0,0,0,0,0,0,0,0,1,0,0
09-MAY-2026,DAVC1056,72522,0,72522,6043.5,0,0,0,0,0,0,1,0,0
09-MAY-2026,DDCU1402,41544,0,41544,3462,0,0,0,0,0,0,1,0,0
09-MAY-2026,DDWK1328,34350,0,34350,2862.5,0,0,0,0,0,0,1,0,0
09-MAY-2026,DELP5588,2327430,0,2327430,193952.5,0,0,0,0,0,0,1,0,0
09-MAY-2026,DHEY1016,0,0,0,0,0,0,0,0,0,0,1,0,0
09-MAY-2026,DHMW1216,136170,0,136170,11347.5,0,0,0,0,0,0,1,0,0
09-MAY-2026,DIYD29096,7830726,0,7830726,652560.5,0,0,0,0,0,0,1,0,0
09-MAY-2026,DIYD29097,68700,0,68700,5725,0,0,0,0,0,0,1,0,0
09-MAY-2026,DIYD4441,0,0,0,0,0,0,0,0,0,0,1,0,0
09-MAY-2026,DIYD47308,2748150,0,2748150,229012.5,0,0,0,0,0,0,1,0,0
09-MAY-2026,DIYD72647,0,0,0,0,0,0,0,0,0,0,1,0,0
09-MAY-2026,DIYD82130,222762,0,222762,18563.5,0,0,0,0,0,0,1,0,0
09-MAY-2026,DIYD83309,145044,0,145044,12087,0,0,0,0,0,0,1,0,0
09-MAY-2026,DQGV1057,604584,0,604584,50382,0,0,0,0,0,0,1,0,0
09-MAY-2026,E9858,7242710.94,0,7242710.94,595126,0,0,0,0,0,0,1,0,0
09-MAY-2026,ERRORACCT,25920,0,25920,3240,0,0,0,0,0,0,1,0,0
09-MAY-2026,F7305,330192,0,330192,27516,0,0,0,0,0,0,1,0,0
09-MAY-2026,G100621,199791.43,0,199791.43,16226,0,0,0,0,0,0,1,0,0
09-MAY-2026,G131594,0,0,0,0,0,0,0,0,0,0,1,0,0
09-MAY-2026,G134215,41004,0,41004,3417,0,0,0,0,0,0,1,0,0
09-MAY-2026,G143005,0,0,0,0,0,0,0,0,0,0,1,0,0
09-MAY-2026,G146854,0,0,0,0,0,0,0,0,0,0,1,0,0
09-MAY-2026,G175054,0,0,0,0,0,0,0,0,0,0,1,0,0
09-MAY-2026,G190400,0,0,0,0,0,0,0,0,0,0,1,0,0
09-MAY-2026,G30092,68700,0,68700,5725,0,0,0,0,0,0,1,0,0
09-MAY-2026,G48480,155610,0,155610,12967.5,0,0,0,0,0,0,1,0,0
09-MAY-2026,G51059234,0,0,0,0,0,0,0,0,0,0,1,0,0
09-MAY-2026,G56287320,41004,0,41004,3417,0,0,0,0,0,0,1,0,0
09-MAY-2026,G57127569,290088,0,290088,24174,0,0,0,0,0,0,1,0,0
09-MAY-2026,G63098779,145044,0,145044,12087,0,0,0,0,0,0,1,0,0
09-MAY-2026,G96061,0,0,0,0,0,0,0,0,0,0,1,0,0
09-MAY-2026,GARR1030,68700,0,68700,5725,0,0,0,0,0,0,1,0,0
09-MAY-2026,GARR1081,0,0,0,0,0,0,0,0,0,0,1,0,0
09-MAY-2026,GHNS347,77434,0,77434,6173,0,0,0,0,0,0,1,0,0
09-MAY-2026,GIGUA1015,137400,0,137400,11450,0,0,0,0,0,0,1,0,0
09-MAY-2026,H139780,0,0,0,0,0,0,0,0,0,0,1,0,0
09-MAY-2026,H174806,363922,0,363922,30047,0,0,0,0,0,0,1,0,0
09-MAY-2026,H211533,75120,0,75120,6260,0,0,0,0,0,0,1,0,0
09-MAY-2026,H226358,97696.13,0,97696.13,8036,0,0,0,0,0,0,1,0,0
09-MAY-2026,H255696,0,0,0,0,0,0,0,0,0,0,1,0,0
09-MAY-2026,H290065,611568,0,611568,50964,0,0,0,0,0,0,1,0,0
09-MAY-2026,H48948,0,0,0,0,0,0,0,0,0,0,1,0,0
09-MAY-2026,H50445,0,0,0,0,0,0,0,0,0,0,1,0,0
09-MAY-2026,H53452995,0,0,0,0,0,0,0,0,0,0,1,0,0
09-MAY-2026,H53699583,464603.97,0,464603.97,37038,0,0,0,0,0,0,1,0,0
09-MAY-2026,H53985365,292300,0,292300,24078.5,0,0,0,0,0,0,1,0,0
09-MAY-2026,H54895381,150240,0,150240,12520,0,0,0,0,0,0,1,0,0
09-MAY-2026,H57131852,41004,0,41004,3417,0,0,0,0,0,0,1,0,0
09-MAY-2026,H58010634,67938,0,67938,5661.5,0,0,0,0,0,0,1,0,0
09-MAY-2026,H58702321,0,0,0,0,0,0,0,0,0,0,1,0,0
09-MAY-2026,H59606716,232301.99,0,232301.99,18519,0,0,0,0,0,0,1,0,0
09-MAY-2026,H60604131,0,0,0,0,0,0,0,0,0,0,1,0,0
09-MAY-2026,H61494592,0,0,0,0,0,0,0,0,0,0,1,0,0
09-MAY-2026,H72511,72522,0,72522,6043.5,0,0,0,0,0,0,1,0,0
09-MAY-2026,H87019,141222,0,141222,11768.5,0,0,0,0,0,0,1,0,0
09-MAY-2026,HAHT1002,67470,0,67470,5622.5,0,0,0,0,0,0,1,0,0
09-MAY-2026,HHSU1018,103050,0,103050,8587.5,0,0,0,0,0,0,1,0,0
09-MAY-2026,HSAS1077,0,0,0,0,0,0,0,0,0,0,1,0,0
09-MAY-2026,I2871,134352,0,134352,11196,0,0,0,0,0,0,1,0,0
09-MAY-2026,I58227805,390322.13,0,390322.13,35661.5,0,0,0,0,0,0,1,0,0
09-MAY-2026,I62362941,144144,0,144144,12012,0,0,0,0,0,0,1,0,0
09-MAY-2026,I75117,0,0,0,0,0,0,0,0,0,0,1,0,0
09-MAY-2026,IIAJ1116,100086,0,100086,8340.5,0,0,0,0,0,0,1,0,0
09-MAY-2026,IIAJ1191,169758,0,169758,14146.5,0,0,0,0,0,0,1,0,0
09-MAY-2026,J149072,119310,0,119310,12102.5,0,0,0,0,0,0,1,0,0
09-MAY-2026,J234871,0,0,0,0,0,0,0,0,0,0,1,0,0
09-MAY-2026,J23490,75120,0,75120,6260,0,0,0,0,0,0,1,0,0
09-MAY-2026,J24732,124632,0,124632,10386,0,0,0,0,0,0,1,0,0
09-MAY-2026,J29130,217566,0,217566,18130.5,0,0,0,0,0,0,1,0,0
09-MAY-2026,J374534,143244,0,143244,11937,0,0,0,0,0,0,1,0,0
09-MAY-2026,J44449,0,0,0,0,0,0,0,0,0,0,1,0,0
09-MAY-2026,J53448735,504954,0,504954,42079.5,0,0,0,0,0,0,1,0,0
09-MAY-2026,J54525974,0,0,0,0,0,0,0,0,0,0,1,0,0
09-MAY-2026,J58261997,34350,0,34350,2862.5,0,0,0,0,0,0,1,0,0
09-MAY-2026,J59506744,71622,0,71622,5968.5,0,0,0,0,0,0,1,0,0
09-MAY-2026,J60596825,67176,0,67176,5598,0,0,0,0,0,0,1,0,0
09-MAY-2026,J62165399,305107.99,0,305107.99,24866,0,0,0,0,0,0,1,0,0
09-MAY-2026,J62783467,359910,0,359910,29992.5,0,0,0,0,0,0,1,0,0
09-MAY-2026,J97900,0,0,0,0,0,0,0,0,0,0,1,0,0
09-MAY-2026,JAIP17376,0,0,0,0,0,0,0,0,0,0,1,0,0
09-MAY-2026,JAIP19342,67470,0,67470,5622.5,0,0,0,0,0,0,1,0,0
09-MAY-2026,JAIP19480,0,0,0,0,0,0,0,0,0,0,1,0,0
09-MAY-2026,JAIP19674,72522,0,72522,6043.5,0,0,0,0,0,0,1,0,0
09-MAY-2026,JAIP21614,0,0,0,0,0,0,0,0,0,0,1,0,0
09-MAY-2026,JAIP21928,0,0,0,0,0,0,0,0,0,0,1,0,0
09-MAY-2026,JAIP8726,134940,0,134940,11245,0,0,0,0,0,0,1,0,0
09-MAY-2026,JJBC1485,34350,0,34350,2862.5,0,0,0,0,0,0,1,0,0
09-MAY-2026,JJGU1140,124632,0,124632,10386,0,0,0,0,0,0,1,0,0
09-MAY-2026,JJLI1137,68700,0,68700,5725,0,0,0,0,0,0,1,0,0
09-MAY-2026,JJTN012,0,0,0,0,0,0,0,0,0,0,1,0,0
09-MAY-2026,JL1597,4208599.91,0,4208599.91,345120,0,0,0,0,0,0,1,0,0
09-MAY-2026,JOD12639,242954,0,242954,21341.5,0,0,0,0,0,0,1,0,0
09-MAY-2026,JOD13651,981588,0,981588,81799,0,0,0,0,0,0,1,0,0
09-MAY-2026,JOD16851,67470,0,67470,5622.5,0,0,0,0,0,0,1,0,0
09-MAY-2026,JOD18977,72522,0,72522,6043.5,0,0,0,0,0,0,1,0,0
09-MAY-2026,JOD20166,290088,0,290088,24174,0,0,0,0,0,0,1,0,0
09-MAY-2026,JOD20948,0,0,0,0,0,0,0,0,0,0,1,0,0
09-MAY-2026,JPRT1847,132996,0,132996,11083,0,0,0,0,0,0,1,0,0
09-MAY-2026,JPRT2582,0,0,0,0,0,0,0,0,0,0,1,0,0
09-MAY-2026,JUJA3242,311946,0,311946,25995.5,0,0,0,0,0,0,1,0,0
09-MAY-2026,K112545,1141350,0,1141350,95112.5,0,0,0,0,0,0,1,0,0
09-MAY-2026,K125197,286488,0,286488,23874,0,0,0,0,0,0,1,0,0
09-MAY-2026,K152278,0,0,0,0,0,0,0,0,0,0,1,0,0
09-MAY-2026,K154498,0,0,0,0,0,0,0,0,0,0,1,0,0
09-MAY-2026,K192801,150240,0,150240,12520,0,0,0,0,0,0,1,0,0
09-MAY-2026,K208627,842517.97,0,842517.97,68251,0,0,0,0,0,0,1,0,0
09-MAY-2026,K228790,164016,0,164016,13668,0,0,0,0,0,0,1,0,0
09-MAY-2026,K248486,456984,0,456984,38082,0,0,0,0,0,0,1,0,0
09-MAY-2026,K32271,72522,0,72522,6043.5,0,0,0,0,0,0,1,0,0
09-MAY-2026,K329590,371700,0,371700,30975,0,0,0,0,0,0,1,0,0
09-MAY-2026,K332890,0,0,0,0,0,0,0,0,0,0,1,0,0
09-MAY-2026,K368172,0,0,0,0,0,0,0,0,0,0,1,0,0
09-MAY-2026,K36958,0,0,0,0,0,0,0,0,0,0,1,0,0
09-MAY-2026,K429439,71622,0,71622,5968.5,0,0,0,0,0,0,1,0,0
09-MAY-2026,K430417,41004,0,41004,3417,0,0,0,0,0,0,1,0,0
09-MAY-2026,K499690,0,0,0,0,0,0,0,0,0,0,1,0,0
09-MAY-2026,K50393456,0,0,0,0,0,0,0,0,0,0,1,0,0
09-MAY-2026,K50954986,68700,0,68700,5725,0,0,0,0,0,0,1,0,0
09-MAY-2026,K50989139,67176,0,67176,5598,0,0,0,0,0,0,1,0,0
09-MAY-2026,K52596838,872952,0,872952,72746,0,0,0,0,0,0,1,0,0
09-MAY-2026,K53397649,69336,0,69336,5778,0,0,11556,0,0,0,1,0,0
09-MAY-2026,K534568,567852,0,567852,47321,0,0,0,0,0,0,1,0,0
09-MAY-2026,K539581,34350,0,34350,2862.5,0,0,0,0,0,0,1,0,0
09-MAY-2026,K54432522,139992,0,139992,11666,0,0,0,0,0,0,1,0,0
09-MAY-2026,K55626533,0,0,0,0,0,0,0,0,0,0,1,0,0
09-MAY-2026,K55903487,0,0,0,0,0,0,0,0,0,0,1,0,0
09-MAY-2026,K56373132,41004,0,41004,3417,0,0,0,0,0,0,1,0,0
09-MAY-2026,K570205,0,0,0,0,0,0,0,0,0,0,1,0,0
09-MAY-2026,K57149308,100764,0,100764,8397,0,0,0,0,0,0,1,0,0
09-MAY-2026,K57256667,446007.71,0,446007.71,36396,0,0,0,0,0,0,1,0,0
09-MAY-2026,K582636,83088,0,83088,6924,0,0,0,0,0,0,1,0,0
09-MAY-2026,K637718,0,0,0,0,0,0,0,0,0,0,1,0,0
09-MAY-2026,K656718,1296396,0,1296396,108033,0,0,0,0,0,0,1,0,0
09-MAY-2026,K6702,195392.25,0,195392.25,16072,0,0,0,0,0,0,1,0,0
09-MAY-2026,K69578,41544,0,41544,3462,0,0,0,0,0,0,1,0,0
09-MAY-2026,K80302,643272.12,0,643272.12,52941,0,0,0,0,0,0,1,0,0
09-MAY-2026,K88534,412200,0,412200,34350,0,0,0,0,0,0,1,0,0
09-MAY-2026,KAJW1058,0,0,0,0,0,0,0,0,0,0,1,0,0
09-MAY-2026,KHAYA1190,52576,0,52576,6572,0,0,0,0,0,0,1,0,0
09-MAY-2026,KIKS1001,215766,0,215766,17980.5,0,0,0,0,0,0,1,0,0
09-MAY-2026,KKLE1276,440088,0,440088,49818,0,0,0,0,0,0,1,0,0
09-MAY-2026,KKLE1536,171750,0,171750,14312.5,0,0,0,0,0,0,1,0,0
09-MAY-2026,KKLE5318,33588,0,33588,2799,0,0,0,0,0,0,1,0,0
09-MAY-2026,KKLE5996,0,0,0,0,0,0,0,0,0,0,1,0,0
09-MAY-2026,KLGP753,0,0,0,0,0,0,0,0,0,0,1,0,0
09-MAY-2026,KNKG1782,71622,0,71622,5968.5,0,0,0,0,0,0,1,0,0
09-MAY-2026,KNKM1142,41544,0,41544,3462,0,0,0,0,0,0,1,0,0
09-MAY-2026,L146929,71622,0,71622,5968.5,0,0,0,0,0,0,1,0,0
09-MAY-2026,L51603,0,0,0,0,0,0,0,0,0,0,1,0,0
09-MAY-2026,L55000651,1007640,0,1007640,83970,0,0,0,0,0,0,1,0,0
09-MAY-2026,L58589309,154867.99,0,154867.99,12346,0,0,0,0,0,0,1,0,0
09-MAY-2026,L83372,0,0,0,0,0,0,0,0,0,0,1,0,0
09-MAY-2026,L96890,674964,0,674964,56247,0,0,0,0,0,0,1,0,0
09-MAY-2026,LUDH3238,282042,0,282042,23503.5,0,0,0,0,0,0,1,0,0
09-MAY-2026,M1065577,0,0,0,0,0,0,0,0,0,0,1,0,0
09-MAY-2026,M107146,0,0,0,0,0,0,0,0,0,0,1,0,0
09-MAY-2026,M1085757,361710,0,361710,30142.5,0,0,0,0,0,0,1,0,0
09-MAY-2026,M113801,0,0,0,0,0,0,0,0,0,0,1,0,0
09-MAY-2026,M117118,344448.25,0,344448.25,28213.5,0,0,0,0,0,0,1,0,0
09-MAY-2026,M170087,0,0,0,0,0,0,0,0,0,0,1,0,0
09-MAY-2026,M173610,155520,0,155520,19440,0,0,0,0,0,0,1,0,0
09-MAY-2026,M181239,67470,0,67470,5622.5,0,0,0,0,0,0,1,0,0
09-MAY-2026,M209447,0,0,0,0,0,0,0,0,0,0,1,0,0
09-MAY-2026,M247758,124092,0,124092,10341,0,0,0,0,0,0,1,0,0
09-MAY-2026,M251357,0,0,0,0,0,0,0,0,0,0,1,0,0
09-MAY-2026,M256361,41004,0,41004,3417,0,0,0,0,0,0,1,0,0
09-MAY-2026,M256929,751200,0,751200,62600,0,0,0,0,0,0,1,0,0
09-MAY-2026,M310790,1231631.15,0,1231631.15,102001,0,0,0,0,0,0,1,0,0
09-MAY-2026,M325297,673482,0,673482,56123.5,0,0,0,0,0,0,1,0,0
09-MAY-2026,M374760,446896,0,446896,55862,0,0,0,0,0,0,1,0,0
09-MAY-2026,M401836,293088.38,0,293088.38,24108,0,0,0,0,0,0,1,0,0
09-MAY-2026,M441321,0,0,0,0,0,0,0,0,0,0,1,0,0
09-MAY-2026,M494866,0,0,0,0,0,0,0,0,0,0,1,0,0
09-MAY-2026,M501314,690282,0,690282,57523.5,0,0,0,0,0,0,1,0,0
09-MAY-2026,M50230059,40452.49,0,40452.49,12433,0,0,0,0,0,0,1,0,0
09-MAY-2026,M50399436,0,0,0,0,0,0,0,0,0,0,1,0,0
09-MAY-2026,M50493577,1041941.99,0,1041941.99,85989,0,0,0,0,0,0,1,0,0
09-MAY-2026,M50701832,77434,0,77434,6173,0,0,0,0,0,0,1,0,0
09-MAY-2026,M50720,101820,0,101820,8485,0,0,0,0,0,0,1,0,0
09-MAY-2026,M51518359,143244,0,143244,11937,0,0,0,0,0,0,1,0,0
09-MAY-2026,M51526809,0,0,0,0,0,0,0,0,0,0,1,0,0
09-MAY-2026,M51690635,33588,0,33588,2799,0,0,0,0,0,0,1,0,0
09-MAY-2026,M52326518,71622,0,71622,5968.5,0,0,0,0,0,0,1,0,0
09-MAY-2026,M52469873,420120,0,420120,35010,0,0,0,0,0,0,1,0,0
09-MAY-2026,M53682509,4145670,0,4145670,377872.5,0,0,0,0,0,0,1,0,0
09-MAY-2026,M53872912,0,0,0,0,0,0,0,0,0,0,1,0,0
09-MAY-2026,M54884631,0,0,0,0,0,0,0,0,0,0,1,0,0
09-MAY-2026,M551900,67938,0,67938,5661.5,0,0,0,0,0,0,1,0,0
09-MAY-2026,M55519368,0,0,0,0,0,0,0,0,0,0,1,0,0
09-MAY-2026,M558036,33588,0,33588,2799,0,0,0,0,0,0,1,0,0
09-MAY-2026,M57159035,0,0,0,0,0,0,0,0,0,0,1,0,0
09-MAY-2026,M591279,214866,0,214866,17905.5,0,0,0,0,0,0,1,0,0
09-MAY-2026,M59940577,0,0,0,0,0,0,0,0,0,0,1,0,0
09-MAY-2026,M61905308,286488,0,286488,23874,0,0,0,0,0,0,1,0,0
09-MAY-2026,M62517477,1214460,0,1214460,101205,0,0,0,0,0,0,1,0,0
09-MAY-2026,M62731290,332352,0,332352,27696,0,0,0,0,0,0,1,0,0
09-MAY-2026,M63209708,195392.25,0,195392.25,16072,0,0,0,0,0,0,1,0,0
09-MAY-2026,M633438,33588,0,33588,2799,0,0,0,0,0,0,1,0,0
09-MAY-2026,M659,358110,0,358110,29842.5,0,0,0,0,0,0,1,0,0
09-MAY-2026,M672594,150240,0,150240,12520,0,0,0,0,0,0,1,0,0
09-MAY-2026,M791819,77434,0,77434,6173,0,0,0,0,0,0,1,0,0
09-MAY-2026,M83851,141439.72,0,141439.72,11575,0,0,0,0,0,0,1,0,0
09-MAY-2026,M850555,41544,0,41544,3462,0,0,0,0,0,0,1,0,0
09-MAY-2026,M86503,51597.55,0,51597.55,16149,0,0,0,0,0,0,1,0,0
09-MAY-2026,M977853,0,0,0,0,0,0,0,0,0,0,1,0,0
09-MAY-2026,MDAE1035,0,0,0,0,0,0,0,0,0,0,1,0,0
09-MAY-2026,MDAEA1014,0,0,0,0,0,0,0,0,0,0,1,0,0
09-MAY-2026,MHMT2415,33588,0,33588,2799,0,0,0,0,0,0,1,0,0
09-MAY-2026,MHMT2517,33588,0,33588,2799,0,0,0,0,0,0,1,0,0
09-MAY-2026,MJMJA1023,202410,0,202410,16867.5,0,0,0,0,0,0,1,0,0
09-MAY-2026,MJMJA1025,0,0,0,0,0,0,0,0,0,0,1,0,0
09-MAY-2026,MLAP1064,0,0,0,0,0,0,0,0,0,0,1,0,0
09-MAY-2026,MLAP1104,0,0,0,0,0,0,0,0,0,0,1,0,0
09-MAY-2026,MOGM1002,0,0,0,0,0,0,0,0,0,0,1,0,0
09-MAY-2026,MOOO1075,0,0,0,0,0,0,0,0,0,0,1,0,0
09-MAY-2026,MPQE1012,0,0,0,0,0,0,0,0,0,0,1,0,0
09-MAY-2026,MVD8041,77434,0,77434,6173,0,0,0,0,0,0,1,0,0
09-MAY-2026,MVD8097,0,0,0,0,0,0,0,0,0,0,1,0,0
09-MAY-2026,N102146,0,0,0,0,0,0,0,0,0,0,1,0,0
09-MAY-2026,N108635,1691365.73,0,1691365.73,211968,0,0,0,0,0,0,1,0,0
09-MAY-2026,N124165,0,0,0,0,0,0,0,0,0,0,1,0,0
09-MAY-2026,N164299,336642,0,336642,28053.5,0,0,0,0,0,0,1,0,0
09-MAY-2026,N180504,300480,0,300480,25040,0,0,0,0,0,0,1,0,0
09-MAY-2026,N206658,201528,0,201528,16794,0,0,0,0,0,0,1,0,0
09-MAY-2026,N285396,68700,0,68700,5725,0,0,0,0,0,0,1,0,0
09-MAY-2026,N30073,838740.88,0,838740.88,68598,0,0,0,0,0,0,1,0,0
09-MAY-2026,N311306,71622,0,71622,5968.5,0,0,0,0,0,0,1,0,0
09-MAY-2026,N321154,0,0,0,0,0,0,0,0,0,0,1,0,0
09-MAY-2026,N333162,0,0,0,0,0,0,0,0,0,0,1,0,0
09-MAY-2026,N372289,172417.72,0,172417.72,14156.5,0,0,0,0,0,0,1,0,0
09-MAY-2026,N405953,0,0,0,0,0,0,0,0,0,0,1,0,0
09-MAY-2026,N411401,1236600,0,1236600,103050,0,0,0,0,0,0,1,0,0
09-MAY-2026,N462319,352459.83,0,352459.83,28495,0,0,0,0,0,0,1,0,0
09-MAY-2026,N51257,1084075.93,0,1084075.93,86422,0,0,0,0,0,0,1,0,0
09-MAY-2026,N51879089,0,0,0,0,0,0,0,0,0,0,1,0,0
09-MAY-2026,N528223,214866,0,214866,17905.5,0,0,0,0,0,0,1,0,0
09-MAY-2026,N54673277,0,0,0,0,0,0,0,0,0,0,1,0,0
09-MAY-2026,N54860,0,0,0,0,0,0,0,0,0,0,1,0,0
09-MAY-2026,N56845,34350,0,34350,2862.5,0,0,0,0,0,0,1,0,0
09-MAY-2026,N57245995,0,0,0,0,0,0,0,0,0,0,1,0,0
09-MAY-2026,N57752759,0,0,0,0,0,0,0,0,0,0,1,0,0
09-MAY-2026,N58788007,0,0,0,0,0,0,0,0,0,0,1,0,0
09-MAY-2026,N60120,99895.72,0,99895.72,8113,0,0,0,0,0,0,1,0,0
09-MAY-2026,N60573235,0,0,0,0,0,0,0,0,0,0,1,0,0
09-MAY-2026,N61683922,15723727.05,0,15723727.05,1275978,0,0,0,0,0,0,1,0,0
09-MAY-2026,N62677775,66498,0,66498,5541.5,0,0,0,0,0,0,1,0,0
09-MAY-2026,N71344,0,0,0,0,0,0,0,0,0,0,1,0,0
09-MAY-2026,N72570,0,0,0,0,0,0,0,0,0,0,1,0,0
09-MAY-2026,N80495,0,0,0,0,0,0,0,0,0,0,1,0,0
09-MAY-2026,N82890,0,0,0,0,0,0,0,0,0,0,1,0,0
09-MAY-2026,NAB11,0,0,0,0,0,0,0,0,0,0,1,0,0
09-MAY-2026,NARH1001,0,0,0,0,0,0,0,0,0,0,1,0,0
09-MAY-2026,NARH1007,0,0,0,0,0,0,0,0,0,0,1,0,0
09-MAY-2026,NARH1008,0,0,0,0,0,0,0,0,0,0,1,0,0
09-MAY-2026,NARH1027,0,0,0,0,0,0,0,0,0,0,1,0,0
09-MAY-2026,NARH1035,33588,0,33588,2799,0,0,0,0,0,0,1,0,0
09-MAY-2026,NARH1043,0,0,0,0,0,0,0,0,0,0,1,0,0
09-MAY-2026,NARH1045,0,0,0,0,0,0,0,0,0,0,1,0,0
09-MAY-2026,NARH1047,0,0,0,0,0,0,0,0,0,0,1,0,0
09-MAY-2026,NATAA1091,71622,0,71622,5968.5,0,0,0,0,0,0,1,0,0
09-MAY-2026,NAZI1273,77434,0,77434,6173,0,0,0,0,0,0,1,0,0
09-MAY-2026,O21571,0,0,0,0,0,0,0,0,0,0,1,0,0
09-MAY-2026,OOPAA2736,0,0,0,0,0,0,0,0,0,0,1,0,0
09-MAY-2026,P104500,332352,0,332352,27696,0,0,0,0,0,0,1,0,0
09-MAY-2026,P105074,41004,0,41004,3417,0,0,0,0,0,0,1,0,0
09-MAY-2026,P116677,0,0,0,0,0,0,0,0,0,0,1,0,0
09-MAY-2026,P116935,0,0,0,0,0,0,0,0,0,0,1,0,0
09-MAY-2026,P118194,232301.99,0,232301.99,18519,0,0,0,0,0,0,1,0,0
09-MAY-2026,P120638,0,0,0,0,0,0,0,0,0,0,1,0,0
09-MAY-2026,P128193,0,0,0,0,0,0,0,0,0,0,1,0,0
09-MAY-2026,P129700,0,0,0,0,0,0,0,0,0,0,1,0,0
09-MAY-2026,P133886,0,0,0,0,0,0,0,0,0,0,1,0,0
09-MAY-2026,P155003,66498,0,66498,5541.5,0,0,0,0,0,0,1,0,0
09-MAY-2026,P160478,0,0,0,0,0,0,0,0,0,0,1,0,0
09-MAY-2026,P162766,0,0,0,0,0,0,0,0,0,0,1,0,0
09-MAY-2026,P163048,0,0,0,0,0,0,0,0,0,0,1,0,0
09-MAY-2026,P172069,0,0,0,0,0,0,0,0,0,0,1,0,0
09-MAY-2026,P184965,174852,0,174852,16731,0,0,0,0,0,0,1,0,0
09-MAY-2026,P189597,34350,0,34350,2862.5,0,0,0,0,0,0,1,0,0
09-MAY-2026,P208959,0,0,0,0,0,0,0,0,0,0,1,0,0
09-MAY-2026,P255292,33588,0,33588,2799,0,0,0,0,0,0,1,0,0
09-MAY-2026,P296418,72522,0,72522,6043.5,0,0,0,0,0,0,1,0,0
09-MAY-2026,P309645,82008,0,82008,6834,0,0,0,0,0,0,1,0,0
09-MAY-2026,P323133,0,0,0,0,0,0,0,0,0,0,1,0,0
09-MAY-2026,P334327,0,0,0,0,0,0,0,0,0,0,1,0,0
09-MAY-2026,P507473,0,0,0,0,0,0,0,0,0,0,1,0,0
09-MAY-2026,P509462,2020973.93,0,2020973.93,164217,0,0,0,0,0,0,1,0,0
09-MAY-2026,P50954174,0,0,0,0,0,0,0,0,0,0,1,0,0
09-MAY-2026,P51181284,1548679.91,0,1548679.91,123460,0,0,0,0,0,0,1,0,0
09-MAY-2026,P51593233,33588,0,33588,2799,0,0,0,0,0,0,1,0,0
09-MAY-2026,P51633260,166176,0,166176,13848,0,0,0,0,0,0,1,0,0
09-MAY-2026,P52081805,0,0,0,0,0,0,0,0,0,0,1,0,0
09-MAY-2026,P52170454,150240,0,150240,12520,0,0,0,0,0,0,1,0,0
09-MAY-2026,P52321956,0,0,0,0,0,0,0,0,0,0,1,0,0
09-MAY-2026,P53274333,3338688,0,3338688,327432,0,0,0,0,0,0,1,0,0
09-MAY-2026,P53486188,0,0,0,0,0,0,0,0,0,0,1,0,0
09-MAY-2026,P55336079,154867.99,0,154867.99,12346,0,0,0,0,0,0,1,0,0
09-MAY-2026,P563704,72522,0,72522,6043.5,0,0,0,0,0,0,1,0,0
09-MAY-2026,P56424262,97696.13,0,97696.13,8036,0,0,0,0,0,0,1,0,0
09-MAY-2026,P56660795,141768,0,141768,11814,0,0,0,0,0,0,1,0,0
09-MAY-2026,P57324637,134352,0,134352,11196,0,0,0,0,0,0,1,0,0
09-MAY-2026,P60646515,0,0,0,0,0,0,0,0,0,0,1,0,0
09-MAY-2026,P62096007,0,0,0,0,0,0,0,0,0,0,1,0,0
09-MAY-2026,P63201175,41544,0,41544,3462,0,0,0,0,0,0,1,0,0
09-MAY-2026,P69310,0,0,0,0,0,0,0,0,0,0,1,0,0
09-MAY-2026,P694478,291037.99,0,291037.99,23693.5,0,0,0,0,0,0,1,0,0
09-MAY-2026,P704606,0,0,0,0,0,0,0,0,0,0,1,0,0
09-MAY-2026,P729909,134940,0,134940,11245,0,0,0,0,0,0,1,0,0
09-MAY-2026,P740004,33588,0,33588,2799,0,0,0,0,0,0,1,0,0
09-MAY-2026,P74370,0,0,0,0,0,0,0,0,0,0,1,0,0
09-MAY-2026,P76518,0,0,0,0,0,0,0,0,0,0,1,0,0
09-MAY-2026,P7694,368148,0,368148,30679,0,0,0,0,0,0,1,0,0
09-MAY-2026,P77290,77434,0,77434,6173,0,0,0,0,0,0,1,0,0
09-MAY-2026,P81289,0,0,0,0,0,0,0,0,0,0,1,0,0
09-MAY-2026,P826667,313462.13,0,313462.13,26016.5,0,0,0,0,0,0,1,0,0
09-MAY-2026,P83141,0,0,0,0,0,0,0,0,0,0,1,0,0
09-MAY-2026,P84025,41004,0,41004,3417,0,0,0,0,0,0,1,0,0
09-MAY-2026,P942398,0,0,0,0,0,0,0,0,0,0,1,0,0
09-MAY-2026,P943509,0,0,0,0,0,0,0,0,0,0,1,0,0
09-MAY-2026,PAEA1145,0,0,0,0,0,0,0,0,0,0,1,0,0
09-MAY-2026,PENT1597,225360,0,225360,18780,0,0,0,0,0,0,1,0,0
09-MAY-2026,PIYJ1006,0,0,0,0,0,0,0,0,0,0,1,0,0
09-MAY-2026,PNPJ1001,66498,0,66498,5541.5,0,0,0,0,0,0,1,0,0
09-MAY-2026,PPFJ1151,0,0,0,0,0,0,0,0,0,0,1,0,0
09-MAY-2026,PPSU12427,362610,0,362610,30217.5,0,0,0,0,0,0,1,0,0
09-MAY-2026,PRJR2300,34350,0,34350,2862.5,0,0,0,0,0,0,1,0,0
09-MAY-2026,PRMU1015,0,0,0,0,0,0,0,0,0,0,1,0,0
09-MAY-2026,PSTN1070,652650,0,652650,54387.5,0,0,0,0,0,0,1,0,0
09-MAY-2026,PSTN1071,412200,0,412200,34350,0,0,0,0,0,0,1,0,0
09-MAY-2026,PTLK1583,232301.99,0,232301.99,18519,0,0,0,0,0,0,1,0,0
09-MAY-2026,PTM4313,411120,0,411120,34260,0,0,0,0,0,0,1,0,0
09-MAY-2026,PTOY1074,0,0,0,0,0,0,0,0,0,0,1,0,0
09-MAY-2026,PUHR1170,0,0,0,0,0,0,0,0,0,0,1,0,0
09-MAY-2026,PUNT1165,139992,0,139992,11666,0,0,0,0,0,0,1,0,0
09-MAY-2026,PVCP010,0,0,0,0,0,0,0,0,0,0,1,0,0
09-MAY-2026,R103747,51840,0,51840,6480,0,0,0,0,0,0,1,0,0
09-MAY-2026,R107273,0,0,0,0,0,0,0,0,0,0,1,0,0
09-MAY-2026,R1108647,71622,0,71622,5968.5,0,0,0,0,0,0,1,0,0
09-MAY-2026,R118470,269466,0,269466,22455.5,0,0,0,0,0,0,1,0,0
09-MAY-2026,R123763,0,0,0,0,0,0,0,0,0,0,1,0,0
09-MAY-2026,R133832,0,0,0,0,0,0,0,0,0,0,1,0,0
09-MAY-2026,R158947,600960,0,600960,50080,0,0,0,0,0,0,1,0,0
09-MAY-2026,R160987,99895.72,0,99895.72,8113,0,0,0,0,0,0,1,0,0
09-MAY-2026,R163288,145044,0,145044,12087,0,0,0,0,0,0,1,0,0
09-MAY-2026,R166317,143244,0,143244,11937,0,0,0,0,0,0,1,0,0
09-MAY-2026,R2029,99895.72,0,99895.72,8113,0,0,0,0,0,0,1,0,0
09-MAY-2026,R204503,0,0,0,0,0,0,0,0,0,0,1,0,0
09-MAY-2026,R212973,0,0,0,0,0,0,0,0,0,0,1,0,0
09-MAY-2026,R222361,167940,0,167940,13995,0,0,0,0,0,0,1,0,0
09-MAY-2026,R226809,0,0,0,0,0,0,0,0,0,0,1,0,0
09-MAY-2026,R227886,0,0,0,0,0,0,0,0,0,0,1,0,0
09-MAY-2026,R249581,225076,0,225076,18476.5,0,0,0,0,0,0,1,0,0
09-MAY-2026,R254104,0,0,0,0,0,0,0,0,0,0,1,0,0
09-MAY-2026,R256149,0,0,0,0,0,0,0,0,0,0,1,0,0
09-MAY-2026,R258606,810268.51,0,810268.51,67101,0,0,0,0,0,0,1,0,0
09-MAY-2026,R280670,0,0,0,0,0,0,0,0,0,0,1,0,0
09-MAY-2026,R289811,0,0,0,0,0,0,0,0,0,0,1,0,0
09-MAY-2026,R326951,0,0,0,0,0,0,0,0,0,0,1,0,0
09-MAY-2026,R339964,0,0,0,0,0,0,0,0,0,0,1,0,0
09-MAY-2026,R350659,0,0,0,0,0,0,0,0,0,0,1,0,0
09-MAY-2026,R366361,247644,0,247644,20637,0,0,0,0,0,0,1,0,0
09-MAY-2026,R391451,0,0,0,0,0,0,0,0,0,0,1,0,0
09-MAY-2026,R42730,471510,0,471510,39292.5,0,0,0,0,0,0,1,0,0
09-MAY-2026,R42813,882594,0,882594,77869.5,0,0,0,0,0,0,1,0,0
09-MAY-2026,R43413,217566,0,217566,18130.5,0,0,0,0,0,0,1,0,0
09-MAY-2026,R440733,0,0,0,0,0,0,0,0,0,0,1,0,0
09-MAY-2026,R461121,71622,0,71622,5968.5,0,0,0,0,0,0,1,0,0
09-MAY-2026,R5181,0,0,0,0,0,0,0,0,0,0,1,0,0
09-MAY-2026,R52711592,83088,0,83088,6924,0,0,0,0,0,0,1,0,0
09-MAY-2026,R543288,108708,0,108708,9059,0,0,0,0,0,0,1,0,0
09-MAY-2026,R54460642,72522,0,72522,6043.5,0,0,0,0,0,0,1,0,0
09-MAY-2026,R549004,0,0,0,0,0,0,0,0,0,0,1,0,0
09-MAY-2026,R55179899,0,0,0,0,0,0,0,0,0,0,1,0,0
09-MAY-2026,R55234644,0,0,0,0,0,0,0,0,0,0,1,0,0
09-MAY-2026,R55366011,0,0,0,0,0,0,0,0,0,0,1,0,0
09-MAY-2026,R55462069,0,0,0,0,0,0,0,0,0,0,1,0,0
09-MAY-2026,R55475075,427770,0,427770,35647.5,0,0,0,0,0,0,1,0,0
09-MAY-2026,R56542232,0,0,0,0,0,0,0,0,0,0,1,0,0
09-MAY-2026,R57741015,143244,0,143244,11937,0,0,0,0,0,0,1,0,0
09-MAY-2026,R577980,171517.72,0,171517.72,14081.5,0,0,0,0,0,0,1,0,0
09-MAY-2026,R58002394,202410,0,202410,16867.5,0,0,0,0,0,0,1,0,0
09-MAY-2026,R58694812,0,0,0,0,0,0,0,0,0,0,1,0,0
09-MAY-2026,R59397629,0,0,0,0,0,0,0,0,0,0,1,0,0
09-MAY-2026,R59445761,33588,0,33588,2799,0,0,0,0,0,0,1,0,0
09-MAY-2026,R59922385,41004,0,41004,3417,0,0,0,0,0,0,1,0,0
09-MAY-2026,R60059083,133968,0,133968,11164,0,0,0,0,0,0,1,0,0
09-MAY-2026,R60180603,145044,0,145044,12087,0,0,0,0,0,0,1,0,0
09-MAY-2026,R60251082,435852,0,435852,36321,0,0,0,0,0,0,1,0,0
09-MAY-2026,R62470541,0,0,0,0,0,0,0,0,0,0,1,0,0
09-MAY-2026,R62574832,0,0,0,0,0,0,0,0,0,0,1,0,0
09-MAY-2026,R62784376,581616,0,581616,48468,0,0,0,0,0,0,1,0,0
09-MAY-2026,R63337711,0,0,0,0,0,0,0,0,0,0,1,0,0
09-MAY-2026,R674113,0,0,0,0,0,0,0,0,0,0,1,0,0
09-MAY-2026,R699652,0,0,0,0,0,0,0,0,0,0,1,0,0
09-MAY-2026,R71302,504116.12,0,504116.12,41624.5,0,0,0,0,0,0,1,0,0
09-MAY-2026,R744019,66498,0,66498,5541.5,0,0,0,0,0,0,1,0,0
09-MAY-2026,R776166,150240,0,150240,12520,0,0,0,0,0,0,1,0,0
09-MAY-2026,R845789,71622,0,71622,5968.5,0,0,0,0,0,0,1,0,0
09-MAY-2026,R854122,499478.59,0,499478.59,40565,0,0,0,0,0,0,1,0,0
09-MAY-2026,R864953,1227474,0,1227474,102289.5,0,0,0,0,0,0,1,0,0
09-MAY-2026,R89046,0,0,0,0,0,0,0,0,0,0,1,0,0
09-MAY-2026,R906672,41544,0,41544,3462,0,0,0,0,0,0,1,0,0
09-MAY-2026,R930737,33588,0,33588,2799,0,0,0,0,0,0,1,0,0
09-MAY-2026,R980257,77434,0,77434,6173,0,0,0,0,0,0,1,0,0
09-MAY-2026,RAUM1252,41544,0,41544,3462,0,0,0,0,0,0,1,0,0
09-MAY-2026,RAUN1086,492879.82,0,492879.82,40334,0,0,0,0,0,0,1,0,0
09-MAY-2026,RAUN1100,195392.25,0,195392.25,16072,0,0,0,0,0,0,1,0,0
09-MAY-2026,RAUN1127,97696.13,0,97696.13,8036,0,0,0,0,0,0,1,0,0
09-MAY-2026,RAUN1161,195392.25,0,195392.25,16072,0,0,0,0,0,0,1,0,0
09-MAY-2026,RAUN1208,299687.15,0,299687.15,24339,0,0,0,0,0,0,1,0,0
09-MAY-2026,RAUN1221,195392.25,0,195392.25,16072,0,0,0,0,0,0,1,0,0
09-MAY-2026,RBRS7652,145044,0,145044,12087,0,0,0,0,0,0,1,0,0
09-MAY-2026,RBRS7672,290088,0,290088,24174,0,0,0,0,0,0,1,0,0
09-MAY-2026,RBRS8032,0,0,0,0,0,0,0,0,0,0,1,0,0
09-MAY-2026,REUO1007,34350,0,34350,2862.5,0,0,0,0,0,0,1,0,0
09-MAY-2026,RHGM1017,71622,0,71622,5968.5,0,0,0,0,0,0,1,0,0
09-MAY-2026,RJIL1077,67470,0,67470,5622.5,0,0,0,0,0,0,1,0,0
09-MAY-2026,RJPR2540,0,0,0,0,0,0,0,0,0,0,1,0,0
09-MAY-2026,RNRW1003,124632,0,124632,10386,0,0,0,0,0,0,1,0,0
09-MAY-2026,RRWY1115,67470,0,67470,5622.5,0,0,0,0,0,0,1,0,0
09-MAY-2026,RTRH1001,622080,0,622080,51840,0,0,0,0,0,0,1,0,0
09-MAY-2026,RVAW1080,72522,0,72522,6043.5,0,0,0,0,0,0,1,0,0
09-MAY-2026,S1063217,0,0,0,0,0,0,0,0,0,0,1,0,0
09-MAY-2026,S1098263,0,0,0,0,0,0,0,0,0,0,1,0,0
09-MAY-2026,S1117221,0,0,0,0,0,0,0,0,0,0,1,0,0
09-MAY-2026,S1174715,71622,0,71622,5968.5,0,0,0,0,0,0,1,0,0
09-MAY-2026,S1191971,0,0,0,0,0,0,0,0,0,0,1,0,0
09-MAY-2026,S1251317,78864,0,78864,9858,0,0,0,0,0,0,1,0,0
09-MAY-2026,S126825,0,0,0,0,0,0,0,0,0,0,1,0,0
09-MAY-2026,S1305670,33588,0,33588,2799,0,0,0,0,0,0,1,0,0
09-MAY-2026,S133577,265992,0,265992,22166,0,0,0,0,0,0,1,0,0
09-MAY-2026,S1367492,792342,0,792342,66028.5,0,0,0,0,0,0,1,0,0
09-MAY-2026,S1369917,1083455.76,0,1083455.76,88704,0,0,0,0,0,0,1,0,0
09-MAY-2026,S1377829,272340,0,272340,22695,0,0,0,0,0,0,1,0,0
09-MAY-2026,S137925,67470,0,67470,5622.5,0,0,0,0,0,0,1,0,0
09-MAY-2026,S1421794,0,0,0,0,0,0,0,0,0,0,1,0,0
09-MAY-2026,S146924,625968,0,625968,52164,0,0,0,0,0,0,1,0,0
09-MAY-2026,S1486447,633150,0,633150,52762.5,0,0,0,0,0,0,1,0,0
09-MAY-2026,S1493354,0,0,0,0,0,0,0,0,0,0,1,0,0
09-MAY-2026,S1516326,33588,0,33588,2799,0,0,0,0,0,0,1,0,0
09-MAY-2026,S152206,75120,0,75120,6260,0,0,0,0,0,0,1,0,0
09-MAY-2026,S1608728,214866,0,214866,17905.5,0,0,0,0,0,0,1,0,0
09-MAY-2026,S161405,0,0,0,0,0,0,0,0,0,0,1,0,0
09-MAY-2026,S162183,72522,0,72522,6043.5,0,0,0,0,0,0,1,0,0
09-MAY-2026,S1640633,72522,0,72522,6043.5,0,0,0,0,0,0,1,0,0
09-MAY-2026,S164217,100764,0,100764,8397,0,0,0,0,0,0,1,0,0
09-MAY-2026,S165646,149056,0,149056,12141.5,0,0,0,0,0,0,1,0,0
09-MAY-2026,S170976,0,0,0,0,0,0,0,0,0,0,1,0,0
09-MAY-2026,S174243,0,0,0,0,0,0,0,0,0,0,1,0,0
09-MAY-2026,S178582,0,0,0,0,0,0,0,0,0,0,1,0,0
09-MAY-2026,S179426,0,0,0,0,0,0,0,0,0,0,1,0,0
09-MAY-2026,S1839864,72522,0,72522,6043.5,0,0,0,0,0,0,1,0,0
09-MAY-2026,S1921,976961.27,0,976961.27,80360,0,0,0,0,0,0,1,0,0
09-MAY-2026,S195443,731478,0,731478,60956.5,0,0,0,0,0,0,1,0,0
09-MAY-2026,S195884,0,0,0,0,0,0,0,0,0,0,1,0,0
09-MAY-2026,S1973497,269880,0,269880,22490,0,0,0,0,0,0,1,0,0
09-MAY-2026,S1994784,0,0,0,0,0,0,0,0,0,0,1,0,0
09-MAY-2026,S1997771,268704,0,268704,22392,0,0,0,0,0,0,1,0,0
09-MAY-2026,S200205,0,0,0,0,0,0,0,0,0,0,1,0,0
09-MAY-2026,S2028101,0,0,0,0,0,0,0,0,0,0,1,0,0
09-MAY-2026,S203744,0,0,0,0,0,0,0,0,0,0,1,0,0
09-MAY-2026,S20595,0,0,0,0,0,0,0,0,0,0,1,0,0
09-MAY-2026,S207940,471276,0,471276,39273,0,0,0,0,0,0,1,0,0
09-MAY-2026,S2080915,269106,0,269106,22425.5,0,0,5778,0,0,0,1,0,0
09-MAY-2026,S208870,0,0,0,0,0,0,0,0,0,0,1,0,0
09-MAY-2026,S2108956,83088,0,83088,6924,0,0,0,0,0,0,1,0,0
09-MAY-2026,S243970,0,0,0,0,0,0,0,0,0,0,1,0,0
09-MAY-2026,S250357,244444,0,244444,21170.5,0,0,0,0,0,0,1,0,0
09-MAY-2026,S252165,449887.72,0,449887.72,37279,0,0,0,0,0,0,1,0,0
09-MAY-2026,S252483,34350,0,34350,2862.5,0,0,0,0,0,0,1,0,0
09-MAY-2026,S271665,0,0,0,0,0,0,0,0,0,0,1,0,0
09-MAY-2026,S274584,33588,0,33588,2799,0,0,0,0,0,0,1,0,0
09-MAY-2026,S308764,143244,0,143244,11937,0,0,0,0,0,0,1,0,0
09-MAY-2026,S324323,285180,0,285180,23765,0,0,0,0,0,0,1,0,0
09-MAY-2026,S368481,0,0,0,0,0,0,0,0,0,0,1,0,0
09-MAY-2026,S378495,0,0,0,0,0,0,0,0,0,0,1,0,0
09-MAY-2026,S404124,0,0,0,0,0,0,0,0,0,0,1,0,0
09-MAY-2026,S439261,0,0,0,0,0,0,0,0,0,0,1,0,0
09-MAY-2026,S440792,1109268,0,1109268,92439,0,0,0,0,0,0,1,0,0
09-MAY-2026,S456306,0,0,0,0,0,0,0,0,0,0,1,0,0
09-MAY-2026,S493499,150240,0,150240,12520,0,0,0,0,0,0,1,0,0
09-MAY-2026,S496862,77434,0,77434,6173,0,0,0,0,0,0,1,0,0
09-MAY-2026,S51617774,0,0,0,0,0,0,0,0,0,0,1,0,0
09-MAY-2026,S51690985,289807.99,0,289807.99,23591,0,0,0,0,0,0,1,0,0
09-MAY-2026,S51867820,215766,0,215766,17980.5,0,0,0,0,0,0,1,0,0
09-MAY-2026,S51895003,0,0,0,0,0,0,0,0,0,0,1,0,0
09-MAY-2026,S52453919,0,0,0,0,0,0,0,0,0,0,1,0,0
09-MAY-2026,S52655733,832920,0,832920,69410,0,0,0,0,0,0,1,0,0
09-MAY-2026,S52721001,0,0,0,0,0,0,0,0,0,0,1,0,0
09-MAY-2026,S53251638,68700,0,68700,5725,0,0,0,0,0,0,1,0,0
09-MAY-2026,S53903405,0,0,0,0,0,0,0,0,0,0,1,0,0
09-MAY-2026,S53920210,604584,0,604584,50382,0,0,0,0,0,0,1,0,0
09-MAY-2026,S541750,0,0,0,0,0,0,0,0,0,0,1,0,0
09-MAY-2026,S562686,0,0,0,0,0,0,0,0,0,0,1,0,0
09-MAY-2026,S56866360,0,0,0,0,0,0,0,0,0,0,1,0,0
09-MAY-2026,S57679511,134352,0,134352,11196,0,0,0,0,0,0,1,0,0
09-MAY-2026,S58004157,0,0,0,0,0,0,0,0,0,0,1,0,0
09-MAY-2026,S59048458,17746.5,0,17746.5,5661.5,0,0,0,0,0,0,1,0,0
09-MAY-2026,S59266664,0,0,0,0,0,0,0,0,0,0,1,0,0
09-MAY-2026,S59326518,68700,0,68700,5725,0,0,0,0,0,0,1,0,0
09-MAY-2026,S59467274,0,0,0,0,0,0,0,0,0,0,1,0,0
09-MAY-2026,S59539723,0,0,0,0,0,0,0,0,0,0,1,0,0
09-MAY-2026,S59564319,436644,0,436644,36387,0,0,0,0,0,0,1,0,0
09-MAY-2026,S59650969,507654,0,507654,42304.5,0,0,0,0,0,0,1,0,0
09-MAY-2026,S59834626,0,0,0,0,0,0,0,0,0,0,1,0,0
09-MAY-2026,S60021814,144144,0,144144,12012,0,0,0,0,0,0,1,0,0
09-MAY-2026,S60049882,72522,0,72522,6043.5,0,0,0,0,0,0,1,0,0
09-MAY-2026,S60177772,0,0,0,0,0,0,0,0,0,0,1,0,0
09-MAY-2026,S60245933,0,0,0,0,0,0,0,0,0,0,1,0,0
09-MAY-2026,S60610289,0,0,0,0,0,0,0,0,0,0,1,0,0
09-MAY-2026,S61086316,75120,0,75120,6260,0,0,0,0,0,0,1,0,0
09-MAY-2026,S61269853,427694.24,0,427694.24,34591,0,0,0,0,0,0,1,0,0
09-MAY-2026,S61851691,71622,0,71622,5968.5,0,0,0,0,0,0,1,0,0
09-MAY-2026,S62197318,0,0,0,0,0,0,0,0,0,0,1,0,0
09-MAY-2026,S62722790,395240,0,395240,37318,0,0,0,0,0,0,1,0,0
09-MAY-2026,S62743038,600960,0,600960,50080,0,0,0,0,0,0,1,0,0
09-MAY-2026,S62899652,0,0,0,0,0,0,0,0,0,0,1,0,0
09-MAY-2026,S62977536,287388,0,287388,23949,0,0,0,0,0,0,1,0,0
09-MAY-2026,S63087254,41004,0,41004,3417,0,0,0,0,0,0,1,0,0
09-MAY-2026,S63214001,97696.13,0,97696.13,8036,0,0,0,0,0,0,1,0,0
09-MAY-2026,S63369575,33588,0,33588,2799,0,0,0,0,0,0,1,0,0
09-MAY-2026,S643770,0,0,0,0,0,0,0,0,0,0,1,0,0
09-MAY-2026,S714754,0,0,0,0,0,0,0,0,0,0,1,0,0
09-MAY-2026,S716799,0,0,0,0,0,0,0,0,0,0,1,0,0
09-MAY-2026,S784310,132996,0,132996,11083,0,0,0,0,0,0,1,0,0
09-MAY-2026,S836128,0,0,0,0,0,0,0,0,0,0,1,0,0
09-MAY-2026,S846703,0,0,0,0,0,0,0,0,0,0,1,0,0
09-MAY-2026,S862422,0,0,0,0,0,0,0,0,0,0,1,0,0
09-MAY-2026,S876656,0,0,0,0,0,0,0,0,0,0,1,0,0
09-MAY-2026,S912468,303923.99,0,303923.99,24487.5,0,0,0,0,0,0,1,0,0
09-MAY-2026,S952222,0,0,0,0,0,0,0,0,0,0,1,0,0
09-MAY-2026,S965088,33588,0,33588,2799,0,0,0,0,0,0,1,0,0
09-MAY-2026,S990382,0,0,0,0,0,0,0,0,0,0,1,0,0
09-MAY-2026,SAMS007,524601.98,0,524601.98,42597.5,0,0,0,0,0,0,1,0,0
09-MAY-2026,SEBU8028,0,0,0,0,0,0,0,0,0,0,1,0,0
09-MAY-2026,SHCI1017,0,0,0,0,0,0,0,0,0,0,1,0,0
09-MAY-2026,SHCI1035,34350,0,34350,2862.5,0,0,0,0,0,0,1,0,0
09-MAY-2026,SHNL1029,0,0,0,0,0,0,0,0,0,0,1,0,0
09-MAY-2026,SIIE1010,0,0,0,0,0,0,0,0,0,0,1,0,0
09-MAY-2026,SIJN1006,0,0,0,0,0,0,0,0,0,0,1,0,0
09-MAY-2026,SIPY1037,41544,0,41544,3462,0,0,0,0,0,0,1,0,0
09-MAY-2026,SIVO1134,134940,0,134940,11245,0,0,0,0,0,0,1,0,0
09-MAY-2026,SMAWA3831,71622,0,71622,5968.5,0,0,0,0,0,0,1,0,0
09-MAY-2026,SNWA1003,0,0,0,0,0,0,0,0,0,0,1,0,0
09-MAY-2026,SPAH1039,77434,0,77434,6173,0,0,0,0,0,0,1,0,0
09-MAY-2026,SPAW1017,71622,0,71622,5968.5,0,0,0,0,0,0,1,0,0
09-MAY-2026,SPSB1014,164016,0,164016,13668,0,0,0,0,0,0,1,0,0
09-MAY-2026,SPSB1015,928944,0,928944,77412,0,0,0,0,0,0,1,0,0
09-MAY-2026,SQAR1310,0,0,0,0,0,0,0,0,0,0,1,0,0
09-MAY-2026,SSZR1438,0,0,0,0,0,0,0,0,0,0,1,0,0
09-MAY-2026,STKHA1015,82008,0,82008,6834,0,0,0,0,0,0,1,0,0
09-MAY-2026,SUEC1007,1349400,0,1349400,112450,0,0,0,0,0,0,1,0,0
09-MAY-2026,SUIO1039,33588,0,33588,2799,0,0,0,0,0,0,1,0,0
09-MAY-2026,T13763,512353.56,0,512353.56,42167.5,0,0,0,0,0,0,1,0,0
09-MAY-2026,T146446,72522,0,72522,6043.5,0,0,0,0,0,0,1,0,0
09-MAY-2026,T19528,26288,0,26288,3286,0,0,0,0,0,0,1,0,0
09-MAY-2026,T21023,164016,0,164016,13668,0,0,0,0,0,0,1,0,0
09-MAY-2026,T43301,124632,0,124632,10386,0,0,0,0,0,0,1,0,0
09-MAY-2026,T60528076,171750,0,171750,14312.5,0,0,0,0,0,0,1,0,0
09-MAY-2026,TTHM1263,71622,0,71622,5968.5,0,0,0,0,0,0,1,0,0
09-MAY-2026,U11213,0,0,0,0,0,0,0,0,0,0,1,0,0
09-MAY-2026,U12549,71622,0,71622,5968.5,0,0,0,0,0,0,1,0,0
09-MAY-2026,U55087211,0,0,0,0,0,0,0,0,0,0,1,0,0
09-MAY-2026,U9057,0,0,0,0,0,0,0,0,0,0,1,0,0
09-MAY-2026,V102932,132996,0,132996,11083,0,0,0,0,0,0,1,0,0
09-MAY-2026,V144473,0,0,0,0,0,0,0,0,0,0,1,0,0
09-MAY-2026,V1486,0,0,0,0,0,0,0,0,0,0,1,0,0
09-MAY-2026,V149967,0,0,0,0,0,0,0,0,0,0,1,0,0
09-MAY-2026,V150664,184016,0,184016,23002,0,0,0,0,0,0,1,0,0
09-MAY-2026,V204224,235116,0,235116,19593,0,0,0,0,0,0,1,0,0
09-MAY-2026,V226954,600960,0,600960,50080,0,0,0,0,0,0,1,0,0
09-MAY-2026,V276457,0,0,0,0,0,0,0,0,0,0,1,0,0
09-MAY-2026,V345313,453236,0,453236,38865,0,0,0,0,0,0,1,0,0
09-MAY-2026,V38836,0,0,0,0,0,0,0,0,0,0,1,0,0
09-MAY-2026,V47611,0,0,0,0,0,0,0,0,0,0,1,0,0
09-MAY-2026,V51350296,300342,0,300342,25028.5,0,0,0,0,0,0,1,0,0
09-MAY-2026,V52044,33588,0,33588,2799,0,0,0,0,0,0,1,0,0
09-MAY-2026,V52122061,176940,0,176940,14745,0,0,0,0,0,0,1,0,0
09-MAY-2026,V521409,0,0,0,0,0,0,0,0,0,0,1,0,0
09-MAY-2026,V523615,360810,0,360810,30067.5,0,0,0,0,0,0,1,0,0
09-MAY-2026,V52439358,0,0,0,0,0,0,0,0,0,0,1,0,0
09-MAY-2026,V53726,0,0,0,0,0,0,0,0,0,0,1,0,0
09-MAY-2026,V552669,26288,0,26288,3286,0,0,0,0,0,0,1,0,0
09-MAY-2026,V55394697,71622,0,71622,5968.5,0,0,0,0,0,0,1,0,0
09-MAY-2026,V57558042,0,0,0,0,0,0,0,0,0,0,1,0,0
09-MAY-2026,V582814,0,0,0,0,0,0,0,0,0,0,1,0,0
09-MAY-2026,V589735,34464,0,34464,11164,0,0,0,0,0,0,1,0,0
09-MAY-2026,V59248325,0,0,0,0,0,0,0,0,0,0,1,0,0
09-MAY-2026,V60449,298111.99,0,298111.99,24283,0,0,0,0,0,0,1,0,0
09-MAY-2026,V60672326,97696.13,0,97696.13,8036,0,0,0,0,0,0,1,0,0
09-MAY-2026,V60827519,77434,0,77434,6173,0,0,0,0,0,0,1,0,0
09-MAY-2026,V61942113,507166,0,507166,41984,0,0,0,0,0,0,1,0,0
09-MAY-2026,V62943771,287388,0,287388,23949,0,0,0,0,0,0,1,0,0
09-MAY-2026,V63255219,221578,0,221578,18185,0,0,0,0,0,0,1,0,0
09-MAY-2026,V64563,359010,0,359010,29917.5,0,0,0,0,0,0,1,0,0
09-MAY-2026,V73687,0,0,0,0,0,0,0,0,0,0,1,0,0
09-MAY-2026,V77489,870264,0,870264,72522,0,0,0,0,0,0,1,0,0
09-MAY-2026,V81669,0,0,0,0,0,0,0,0,0,0,1,0,0
09-MAY-2026,V86198,0,0,0,0,0,0,0,0,0,0,1,0,0
09-MAY-2026,V90276,0,0,0,0,0,0,0,0,0,0,1,0,0
09-MAY-2026,VAUD1651,287028,0,287028,23919,0,0,0,0,0,0,1,0,0
09-MAY-2026,VIBY1056,1189037.71,0,1189037.71,98595,0,0,0,0,0,0,1,0,0
09-MAY-2026,VIBY1088,207720,0,207720,17310,0,0,0,0,0,0,1,0,0
09-MAY-2026,VIGJ5295,0,0,0,0,0,0,0,0,0,0,1,0,0
09-MAY-2026,VIGJ8670,68700,0,68700,5725,0,0,0,0,0,0,1,0,0
09-MAY-2026,VINT131,0,0,0,0,0,0,0,0,0,0,1,0,0
09-MAY-2026,VINT136,67176,0,67176,5598,0,0,0,0,0,0,1,0,0
09-MAY-2026,VIRO1066,0,0,0,0,0,0,0,0,0,0,1,0,0
09-MAY-2026,VIRO1223,67938,0,67938,5661.5,0,0,0,0,0,0,1,0,0
09-MAY-2026,VLVI1006,0,0,0,0,0,0,0,0,0,0,1,0,0
09-MAY-2026,VRCBR1519,0,0,0,0,0,0,0,0,0,0,1,0,0
09-MAY-2026,Y19578,0,0,0,0,0,0,0,0,0,0,1,0,0
09-MAY-2026,Y54572763,232301.99,0,232301.99,18519,0,0,0,0,0,0,1,0,0
09-MAY-2026,Y54947840,670209.53,0,670209.53,54620,0,0,0,0,0,0,1,0,0
09-MAY-2026,Y61263107,0,0,0,0,0,0,0,0,0,0,1,0,0
09-MAY-2026,Z5368,0,0,0,0,0,0,0,0,0,0,1,0,0
