09-MAY-2026,01284,0,0,0,0,0,0,0,0,0,0,2,0,0
09-MAY-2026,A3835,71622,0,71622,5968.5,0,0,0,0,0,0,1,0,0
09-MAY-2026,A3838,143244,0,143244,11937,0,0,0,0,0,0,1,0,0
09-MAY-2026,A3841,143244,0,143244,11937,0,0,0,0,0,0,1,0,0
09-MAY-2026,A4222,3789353.77,0,3789353.77,302347.5,0,0,0,0,0,0,1,0,0
09-MAY-2026,A4367,652698,0,652698,54391.5,0,0,0,0,0,0,1,0,0
09-MAY-2026,A4580,1703547.9,0,1703547.9,135806,0,0,0,0,0,0,1,0,0
09-MAY-2026,A4603,0,0,0,0,0,0,0,0,0,0,1,0,0
09-MAY-2026,A4642,150240,0,150240,12520,0,0,0,0,0,0,1,0,0
09-MAY-2026,A4653,12073729.99,0,12073729.99,1005584.5,0,0,0,0,0,0,1,0,0
09-MAY-2026,A4678,684833.99,0,684833.99,56230,0,0,0,0,0,0,1,0,0
09-MAY-2026,A5221,154867.99,0,154867.99,12346,0,0,0,0,0,0,1,0,0
09-MAY-2026,A5643,0,0,0,0,0,0,0,0,0,0,1,0,0
09-MAY-2026,A7242,7710549.9,0,7710549.9,636389.5,0,0,0,0,0,0,1,0,0
09-MAY-2026,A7243,1502400,0,1502400,125200,0,0,0,0,0,0,1,0,0
09-MAY-2026,A7256,2189765.97,0,2189765.97,180801.5,0,0,0,0,0,0,1,0,0
09-MAY-2026,A7283,10953588.7,0,10953588.7,976816,0,0,0,0,0,0,1,0,0
09-MAY-2026,AH1057,369468,0,369468,30789,0,0,0,0,0,0,1,0,0
09-MAY-2026,AH106,474678,0,474678,39556.5,0,0,0,0,0,0,1,0,0
09-MAY-2026,AH1078,0,0,0,0,0,0,0,0,0,0,1,0,0
09-MAY-2026,AH1083,0,0,0,0,0,0,0,0,0,0,1,0,0
09-MAY-2026,AH1099,10189363.16,0,10189363.16,827526,0,0,0,0,0,0,1,0,0
09-MAY-2026,AH1159,894662.27,0,894662.27,72863,0,0,0,0,0,0,1,0,0
09-MAY-2026,AH1180,164016,0,164016,13668,0,0,0,0,0,0,1,0,0
09-MAY-2026,AH1185,998676,0,998676,83223,0,0,0,0,0,0,1,0,0
09-MAY-2026,AH1188,525760,0,525760,65720,0,0,0,0,0,0,1,0,0
09-MAY-2026,AH1199,275795.72,0,275795.72,25703,0,0,0,0,0,0,1,0,0
09-MAY-2026,AH1212,41004,0,41004,3417,0,0,0,0,0,0,1,0,0
09-MAY-2026,AH1285,0,0,0,0,0,0,0,0,0,0,1,0,0
09-MAY-2026,AH1407,164016,0,164016,13668,0,0,0,0,0,0,1,0,0
09-MAY-2026,AH1415,597174.71,0,597174.71,48601,0,0,0,0,0,0,1,0,0
09-MAY-2026,AH584,315456,0,315456,39432,0,0,0,0,0,0,1,0,0
09-MAY-2026,AH588,0,0,0,0,0,0,0,0,0,0,1,0,0
09-MAY-2026,AH619,0,0,0,0,0,0,0,0,0,0,1,0,0
09-MAY-2026,AH630,205020,0,205020,17085,0,0,0,0,0,0,1,0,0
09-MAY-2026,AH662,0,0,0,0,0,0,0,0,0,0,1,0,0
09-MAY-2026,AH690,0,0,0,0,0,0,0,0,0,0,1,0,0
