09-MAY-2026,01272,0,0,0,0,0,0,0,0,0,0,2,0,0
09-MAY-2026,3D101,83700,0,83700,6975,0,0,0,0,0,0,1,0,0
09-MAY-2026,AA7036,0,0,0,0,0,0,0,0,0,0,1,0,0
09-MAY-2026,C1351,0,0,0,0,0,0,0,0,0,0,1,0,0
09-MAY-2026,C1355,41004,0,41004,3417,0,0,0,0,0,0,1,0,0
09-MAY-2026,C1371,0,0,0,0,0,0,0,0,0,0,1,0,0
09-MAY-2026,H10196,0,0,0,0,0,0,0,0,0,0,1,0,0
09-MAY-2026,H4083,0,0,0,0,0,0,0,0,0,0,1,0,0
09-MAY-2026,H7164,0,0,0,0,0,0,0,0,0,0,1,0,0
09-MAY-2026,H9474,0,0,0,0,0,0,0,0,0,0,1,0,0
09-MAY-2026,H9764,0,0,0,0,0,0,0,0,0,0,1,0,0
09-MAY-2026,I6001,600960,0,600960,50080,0,0,0,0,0,0,1,0,0
09-MAY-2026,N1459,1265405.99,0,1265405.99,105450.5,0,0,0,0,0,0,1,0,0
09-MAY-2026,N1542,0,0,0,0,0,0,0,0,0,0,1,0,0
09-MAY-2026,N1586,3164847.73,0,3164847.73,259314,0,0,0,0,0,0,1,0,0
09-MAY-2026,N1725,134352,0,134352,11196,0,0,0,0,0,0,1,0,0
09-MAY-2026,N1739,0,0,0,0,0,0,0,0,0,0,1,0,0
09-MAY-2026,N1741,869451.43,0,869451.43,72031,0,0,0,0,0,0,1,0,0
09-MAY-2026,N1742,0,0,0,0,0,0,0,0,0,0,1,0,0
09-MAY-2026,N5329,0,0,0,0,0,0,0,0,0,0,1,0,0
09-MAY-2026,N5403,0,0,0,0,0,0,0,0,0,0,1,0,0
09-MAY-2026,RJ1008,1063968,0,1063968,88664,0,0,0,0,0,0,1,0,0
09-MAY-2026,U5707,0,0,0,0,0,0,0,0,0,0,1,0,0
09-MAY-2026,Y5122,0,0,0,0,0,0,0,0,0,0,1,0,0
