09-MAY-2026,00094,0,0,0,0,0,0,0,0,0,0,2,0,0
09-MAY-2026,A7KR5008,0,0,0,0,0,0,0,0,0,0,1,0,0
09-MAY-2026,AKXX130,899061.46,0,899061.46,73017,0,0,0,0,0,0,1,0,0
09-MAY-2026,ARXX5101,195392.25,0,195392.25,16072,0,0,0,0,0,0,1,0,0
09-MAY-2026,CO1R5028,0,0,0,0,0,0,0,0,0,0,1,0,0
09-MAY-2026,COG1Q59,82008,0,82008,6834,0,0,0,0,0,0,1,0,0
09-MAY-2026,HEHO5017,0,0,0,0,0,0,0,0,0,0,1,0,0
09-MAY-2026,HEHOA02,5594160.17,0,5594160.17,454328,0,0,0,0,0,0,1,0,0
09-MAY-2026,HMXX84,0,0,0,0,0,0,0,0,0,0,1,0,0
09-MAY-2026,HOOL5121,77760,0,77760,9720,0,0,0,0,0,0,1,0,0
09-MAY-2026,K01BR20,2431397.17,0,2431397.17,200500,0,0,0,0,0,0,1,0,0
09-MAY-2026,K10BR733,931086,0,931086,77590.5,0,0,0,0,0,0,1,0,0
09-MAY-2026,K50P1D30,499478.59,0,499478.59,40565,0,0,0,0,0,0,1,0,0
09-MAY-2026,K50P2D01,0,0,0,0,0,0,0,0,0,0,1,0,0
09-MAY-2026,K50R1A35,0,0,0,0,0,0,0,0,0,0,1,0,0
09-MAY-2026,MPXX5094,0,0,0,0,0,0,0,0,0,0,1,0,0
09-MAY-2026,N121K01,175015.72,0,175015.72,14373,0,0,0,0,0,0,1,0,0
09-MAY-2026,N2035002,99895.72,0,99895.72,8113,0,0,0,0,0,0,1,0,0
09-MAY-2026,N2035004,1198748.61,0,1198748.61,97356,0,0,0,0,0,0,1,0,0
09-MAY-2026,N2595012,0,0,0,0,0,0,0,0,0,0,1,0,0
09-MAY-2026,O1645097,41544,0,41544,3462,0,0,0,0,0,0,1,0,0
09-MAY-2026,O85S07,0,0,0,0,0,0,0,0,0,0,1,0,0
09-MAY-2026,TMXXQ186,295284,0,295284,24607,0,0,0,0,0,0,1,0,0
