09-MAY-2026,01238,0,0,0,0,0,0,0,0,0,0,2,0,0
09-MAY-2026,2363493,0,0,0,0,0,0,0,0,0,0,1,0,0
09-MAY-2026,2924190,3430998.36,0,3430998.36,281984,0,0,0,0,0,0,1,0,0
09-MAY-2026,3534165,6350248.25,0,6350248.25,522340,0,0,0,0,0,0,1,0,0
09-MAY-2026,3787,412200,0,412200,34350,0,0,0,0,0,0,1,0,0
09-MAY-2026,4286745,0,0,0,0,0,0,0,0,0,0,1,0,0
09-MAY-2026,4478,6140856,0,6140856,511738,0,0,0,0,0,0,1,0,0
09-MAY-2026,4539,8001240,0,8001240,666770,0,0,0,0,0,0,1,0,0
09-MAY-2026,4539773,369468,0,369468,30789,0,0,0,0,0,0,1,0,0
09-MAY-2026,4722,7018896,0,7018896,877362,0,0,0,0,0,0,1,0,0
09-MAY-2026,4896128,295287.97,0,295287.97,24185,0,0,0,0,0,0,1,0,0
09-MAY-2026,5124979,1070191.96,0,1070191.96,86944,0,0,0,0,0,0,1,0,0
09-MAY-2026,5325151,0,0,0,0,0,0,0,0,0,0,1,0,0
09-MAY-2026,5530698,0,0,0,0,0,0,0,0,0,0,1,0,0
09-MAY-2026,5536859,72522,0,72522,6043.5,0,0,0,0,0,0,1,0,0
09-MAY-2026,5568663,149056,0,149056,12141.5,0,0,0,0,0,0,1,0,0
09-MAY-2026,5810,99895.72,0,99895.72,8113,0,0,0,0,0,0,1,0,0
09-MAY-2026,6493524,0,0,0,0,0,0,0,0,0,0,1,0,0
09-MAY-2026,7202866,132996,0,132996,11083,0,0,0,0,0,0,1,0,0
09-MAY-2026,7685004,286488,0,286488,23874,0,0,0,0,0,0,1,0,0
09-MAY-2026,8041458,0,0,0,0,0,0,0,0,0,0,1,0,0
09-MAY-2026,8194195,0,0,0,0,0,0,0,0,0,0,1,0,0
09-MAY-2026,8868461,0,0,0,0,0,0,0,0,0,0,1,0,0
