09-MAY-2026,01268,0,0,0,0,0,0,0,0,0,0,2,0,0
09-MAY-2026,52L104,0,0,0,0,0,0,0,0,0,0,1,0,0
09-MAY-2026,52L325,0,0,0,0,0,0,0,0,0,0,1,0,0
09-MAY-2026,A1100001,830880,0,830880,69240,0,0,0,0,0,0,1,0,0
09-MAY-2026,A1100009,71622,0,71622,5968.5,0,0,0,0,0,0,1,0,0
09-MAY-2026,A1100035,0,0,0,0,0,0,0,0,0,0,1,0,0
09-MAY-2026,A1100042,124632,0,124632,10386,0,0,0,0,0,0,1,0,0
09-MAY-2026,A3820215,0,0,0,0,0,0,0,0,0,0,1,0,0
09-MAY-2026,A3820266,82548,0,82548,6879,0,0,0,0,0,0,1,0,0
09-MAY-2026,A5820050,309735.98,0,309735.98,24692,0,0,0,0,0,0,1,0,0
09-MAY-2026,B004525,0,0,0,0,0,0,0,0,0,0,1,0,0
09-MAY-2026,B0802223,279846,0,279846,23320.5,0,0,0,0,0,0,1,0,0
09-MAY-2026,B2700009,1614420,0,1614420,134535,0,0,0,0,0,0,1,0,0
09-MAY-2026,BDJ242,0,0,0,0,0,0,0,0,0,0,1,0,0
09-MAY-2026,BHL1253,0,0,0,0,0,0,0,0,0,0,1,0,0
09-MAY-2026,BHL3008,0,0,0,0,0,0,0,0,0,0,1,0,0
09-MAY-2026,BHL3028,72522,0,72522,6043.5,0,0,0,0,0,0,1,0,0
09-MAY-2026,CHA2879,138798,0,138798,11566.5,0,0,0,0,0,0,1,0,0
09-MAY-2026,D009738,0,0,0,0,0,0,0,0,0,0,1,0,0
09-MAY-2026,D0102569,0,0,0,0,0,0,0,0,0,0,1,0,0
09-MAY-2026,D0251775,64923.23,0,64923.23,5968.5,0,0,0,0,0,0,1,0,0
09-MAY-2026,D0253151,2497392.93,0,2497392.93,202825,0,0,0,0,0,0,1,0,0
09-MAY-2026,D0352464,286488,0,286488,23874,0,0,0,0,0,0,1,0,0
09-MAY-2026,D4670084,0,0,0,0,0,0,0,0,0,0,1,0,0
09-MAY-2026,D4670118,0,0,0,0,0,0,0,0,0,0,1,0,0
09-MAY-2026,EC003,58167402,0,58167402,4847283.5,0,0,11556,0,0,0,1,0,0
09-MAY-2026,EC004,0,0,0,0,0,0,0,0,0,0,1,0,0
09-MAY-2026,ECC03,0,0,0,0,0,0,0,0,0,0,1,0,0
09-MAY-2026,ERO1110,7073623.13,0,7073623.13,576877,0,0,0,0,0,0,1,0,0
09-MAY-2026,ERO597,0,0,0,0,0,0,0,0,0,0,1,0,0
09-MAY-2026,F3890020,10903198.13,0,10903198.13,908494.5,0,0,0,0,0,0,1,0,0
09-MAY-2026,F5180216,71622,0,71622,5968.5,0,0,0,0,0,0,1,0,0
09-MAY-2026,F6850730,0,0,0,0,0,0,0,0,0,0,1,0,0
09-MAY-2026,G325001,9928906.85,0,9928906.85,3181057,0,0,0,0,0,0,1,0,0
09-MAY-2026,G5930016,26114295.36,0,26114295.36,2160320.5,0,0,0,0,0,0,1,0,0
09-MAY-2026,G5930019,702636,0,702636,58553,0,0,0,0,0,0,1,0,0
09-MAY-2026,HRO912,41004,0,41004,3417,0,0,0,0,0,0,1,0,0
09-MAY-2026,HV04231,0,0,0,0,0,0,0,0,0,0,1,0,0
09-MAY-2026,HV04903,75120,0,75120,6260,0,0,0,0,0,0,1,0,0
09-MAY-2026,HV05059,895636.51,0,895636.51,74215,0,0,0,0,0,0,1,0,0
09-MAY-2026,HV06371,0,0,0,0,0,0,0,0,0,0,1,0,0
09-MAY-2026,HV08492,41004,0,41004,3417,0,0,0,0,0,0,1,0,0
09-MAY-2026,IND1916,1036800,0,1036800,129600,0,0,0,0,0,0,1,0,0
09-MAY-2026,IND918,72522,0,72522,6043.5,0,0,0,0,0,0,1,0,0
09-MAY-2026,JJR1675,681858.45,0,681858.45,56953.5,0,0,0,0,0,0,1,0,0
09-MAY-2026,JJR1858,0,0,0,0,0,0,0,0,0,0,1,0,0
09-MAY-2026,JJR4653,0,0,0,0,0,0,0,0,0,0,1,0,0
09-MAY-2026,JJR563,599454,0,599454,49954.5,0,0,0,0,0,0,1,0,0
09-MAY-2026,JJR5838,199791.43,0,199791.43,16226,0,0,0,0,0,0,1,0,0
09-MAY-2026,JJR6224,82008,0,82008,6834,0,0,0,0,0,0,1,0,0
09-MAY-2026,KLK11836,32277814.96,0,32277814.96,2638445,0,0,0,0,0,0,1,0,0
09-MAY-2026,KLK15004,10248380.82,0,10248380.82,838824,0,0,0,0,0,0,1,0,0
09-MAY-2026,KTT1877,844458,0,844458,70371.5,0,0,0,0,0,0,1,0,0
09-MAY-2026,KTT2018,1844870.59,0,1844870.59,152681,0,0,0,0,0,0,1,0,0
09-MAY-2026,KTT2041,100086,0,100086,8340.5,0,0,0,0,0,0,1,0,0
09-MAY-2026,KTT2270,0,0,0,0,0,0,0,0,0,0,1,0,0
09-MAY-2026,KTT2392,531123.43,0,531123.43,43837,0,0,0,0,0,0,1,0,0
09-MAY-2026,KTT2428,0,0,0,0,0,0,0,0,0,0,1,0,0
09-MAY-2026,KTT2864,67470,0,67470,5622.5,0,0,0,0,0,0,1,0,0
09-MAY-2026,KTT2937,150240,0,150240,12520,0,0,0,0,0,0,1,0,0
09-MAY-2026,KTT2950,0,0,0,0,0,0,0,0,0,0,1,0,0
09-MAY-2026,KTT3170,77434,0,77434,6173,0,0,0,0,0,0,1,0,0
09-MAY-2026,KTT3191,55370,0,55370,5537,0,0,0,0,0,0,1,0,0
09-MAY-2026,KTT3396,0,0,0,0,0,0,0,0,0,0,1,0,0
09-MAY-2026,KTT3548,1306323.95,0,1306323.95,106062,0,0,0,0,0,0,1,0,0
09-MAY-2026,KTT3585,1914600,0,1914600,159550,0,0,0,0,0,0,1,0,0
09-MAY-2026,KTT3605,826320,0,826320,68860,0,0,0,0,0,0,1,0,0
09-MAY-2026,KTT3610,765083.97,0,765083.97,62078,0,0,0,0,0,0,1,0,0
09-MAY-2026,KTT3614,135114,0,135114,11259.5,0,0,0,0,0,0,1,0,0
09-MAY-2026,KTT3651,0,0,0,0,0,0,0,0,0,0,1,0,0
09-MAY-2026,KTT3661,227674,0,227674,18693,0,0,0,0,0,0,1,0,0
09-MAY-2026,KTT3804,265992,0,265992,22166,0,0,0,0,0,0,1,0,0
09-MAY-2026,KTT3822,305107.99,0,305107.99,24866,0,0,0,0,0,0,1,0,0
09-MAY-2026,KTT3882,41004,0,41004,3417,0,0,0,0,0,0,1,0,0
09-MAY-2026,KTT3911,195320.48,0,195320.48,24779,0,0,0,0,0,0,1,0,0
09-MAY-2026,KTT3916,1226695.72,0,1226695.72,102013,0,0,0,0,0,0,1,0,0
09-MAY-2026,KTT3932,154867.99,0,154867.99,12346,0,0,0,0,0,0,1,0,0
09-MAY-2026,KTT4012,150240,0,150240,12520,0,0,0,0,0,0,1,0,0
09-MAY-2026,KTT562,0,0,0,0,0,0,0,0,0,0,1,0,0
09-MAY-2026,KTT645,0,0,0,0,0,0,0,0,0,0,1,0,0
09-MAY-2026,KTT646,77434,0,77434,6173,0,0,0,0,0,0,1,0,0
09-MAY-2026,KTT802,169290,0,169290,14107.5,0,0,0,0,0,0,1,0,0
09-MAY-2026,KTT807,199791.43,0,199791.43,16226,0,0,0,0,0,0,1,0,0
09-MAY-2026,KTT808,0,0,0,0,0,0,0,0,0,0,1,0,0
09-MAY-2026,L120614,1630761,0,1630761,140107.5,0,0,0,0,0,0,1,0,0
09-MAY-2026,L120883,1424850,0,1424850,118737.5,0,0,0,0,0,0,1,0,0
09-MAY-2026,L120968,861420,0,861420,82013.5,0,0,0,0,0,0,1,0,0
09-MAY-2026,L120970,1124859,0,1124859,97908.5,0,0,0,0,0,0,1,0,0
09-MAY-2026,L121295,3564792.87,0,3564792.87,296219.5,0,0,0,0,0,0,1,0,0
09-MAY-2026,L3540026,0,0,0,0,0,0,0,0,0,0,1,0,0
09-MAY-2026,L5130590,0,0,0,0,0,0,0,0,0,0,1,0,0
09-MAY-2026,L5170159,71622,0,71622,5968.5,0,0,0,0,0,0,1,0,0
09-MAY-2026,L5170510,286488,0,286488,23874,0,0,0,0,0,0,1,0,0
09-MAY-2026,L7880002,214866,0,214866,17905.5,0,0,0,0,0,0,1,0,0
09-MAY-2026,M0110216,0,0,0,0,0,0,0,0,0,0,1,0,0
09-MAY-2026,MDN127,560040,0,560040,46670,0,0,0,0,0,0,1,0,0
09-MAY-2026,MI100,0,0,0,0,0,0,0,0,0,0,1,0,0
09-MAY-2026,MI18,232301.99,0,232301.99,18519,0,0,0,0,0,0,1,0,0
09-MAY-2026,MI322,990443.97,0,990443.97,80858,0,0,0,0,0,0,1,0,0
09-MAY-2026,MI789,309735.98,0,309735.98,24692,0,0,0,0,0,0,1,0,0
09-MAY-2026,MI882,464603.97,0,464603.97,37038,0,0,0,0,0,0,1,0,0
09-MAY-2026,MI978,77434,0,77434,6173,0,0,0,0,0,0,1,0,0
09-MAY-2026,N1580031,869898,0,869898,72491.5,0,0,0,0,0,0,1,0,0
09-MAY-2026,N1580033,432576,0,432576,36048,0,0,0,0,0,0,1,0,0
09-MAY-2026,N2270077,0,0,0,0,0,0,0,0,0,0,1,0,0
09-MAY-2026,N2280056,97696.13,0,97696.13,8036,0,0,0,0,0,0,1,0,0
09-MAY-2026,N2280061,0,0,0,0,0,0,0,0,0,0,1,0,0
09-MAY-2026,N3080014,99895.72,0,99895.72,8113,0,0,0,0,0,0,1,0,0
09-MAY-2026,N3410009,42156,0,42156,3513,0,0,0,0,0,0,1,0,0
09-MAY-2026,N3410041,83088,0,83088,6924,0,0,0,0,0,0,1,0,0
09-MAY-2026,N3410053,985759.63,0,985759.63,80668,0,0,0,0,0,0,1,0,0
09-MAY-2026,N3410114,127884,0,127884,10657,0,0,0,0,0,0,1,0,0
09-MAY-2026,N3410171,490260,0,490260,40855,0,0,0,0,0,0,1,0,0
09-MAY-2026,N3410172,82008,0,82008,6834,0,0,0,0,0,0,1,0,0
09-MAY-2026,N3730009,144144,0,144144,12012,0,0,0,0,0,0,1,0,0
09-MAY-2026,N5410033,6919128,0,6919128,576594,0,0,0,0,0,0,1,0,0
09-MAY-2026,N5410034,7733069.58,0,7733069.58,626152,0,0,0,0,0,0,1,0,0
09-MAY-2026,N6650002,0,0,0,0,0,0,0,0,0,0,1,0,0
09-MAY-2026,ND007,99895.72,0,99895.72,8113,0,0,0,0,0,0,1,0,0
09-MAY-2026,ND171,328032,0,328032,27336,0,0,0,0,0,0,1,0,0
09-MAY-2026,ND183,0,0,0,0,0,0,0,0,0,0,1,0,0
09-MAY-2026,PND065,33588,0,33588,2799,0,0,0,0,0,0,1,0,0
09-MAY-2026,PND169,33588,0,33588,2799,0,0,0,0,0,0,1,0,0
09-MAY-2026,R3960047,75120,0,75120,6260,0,0,0,0,0,0,1,0,0
09-MAY-2026,R5150008,40482000,0,40482000,3373500,0,0,0,0,0,0,1,0,0
09-MAY-2026,R6820043,101820,0,101820,8485,0,0,0,0,0,0,1,0,0
09-MAY-2026,R6820163,101820,0,101820,8485,0,0,0,0,0,0,1,0,0
09-MAY-2026,R6820198,392480,0,392480,49060,0,0,0,0,0,0,1,0,0
09-MAY-2026,R6870030,0,0,0,0,0,0,0,0,0,0,1,0,0
09-MAY-2026,R6880079,0,0,0,0,0,0,0,0,0,0,1,0,0
09-MAY-2026,R7940003,4780524,0,4780524,398377,0,0,0,0,0,0,1,0,0
09-MAY-2026,R7940104,0,0,0,0,0,0,0,0,0,0,1,0,0
09-MAY-2026,R7940116,265992,0,265992,22166,0,0,0,0,0,0,1,0,0
09-MAY-2026,R8720002,154867.99,0,154867.99,12346,0,0,0,0,0,0,1,0,0
09-MAY-2026,R8720003,3132479.91,0,3132479.91,256003,0,0,0,0,0,0,1,0,0
09-MAY-2026,R872B102,435420,0,435420,36285,0,0,0,0,0,0,1,0,0
09-MAY-2026,R9080003,0,0,0,0,0,0,0,0,0,0,1,0,0
09-MAY-2026,RU040,0,0,0,0,0,0,0,0,0,0,1,0,0
09-MAY-2026,S8710008,0,0,0,0,0,0,0,0,0,0,1,0,0
09-MAY-2026,SAL1046,599374.3,0,599374.3,48678,0,0,0,0,0,0,1,0,0
09-MAY-2026,SHN076,0,0,0,0,0,0,0,0,0,0,1,0,0
09-MAY-2026,SJP075,199494,0,199494,16624.5,0,0,0,0,0,0,1,0,0
09-MAY-2026,SJS1475,0,0,0,0,0,0,0,0,0,0,1,0,0
09-MAY-2026,SJS1656,67470,0,67470,5622.5,0,0,0,0,0,0,1,0,0
09-MAY-2026,SJS1709,0,0,0,0,0,0,0,0,0,0,1,0,0
09-MAY-2026,SJS1936,3009906,0,3009906,250825.5,0,0,0,0,0,0,1,0,0
09-MAY-2026,SJS2038,19838940,0,19838940,1653245,0,0,34290,0,0,0,1,0,0
09-MAY-2026,SJS2238,2659920,0,2659920,221660,0,0,0,0,0,0,1,0,0
09-MAY-2026,SJS2308,67470,0,67470,5622.5,0,0,0,0,0,0,1,0,0
09-MAY-2026,SJS784,944580,0,944580,78715,0,0,0,0,0,0,1,0,0
09-MAY-2026,SJS807,66498,0,66498,5541.5,0,0,0,0,0,0,1,0,0
09-MAY-2026,T4351023,0,0,0,0,0,0,0,0,0,0,1,0,0
09-MAY-2026,TAXHC1,0,0,0,0,0,0,0,0,0,0,1,0,0
09-MAY-2026,TAXSF1,13485921.83,0,13485921.83,1095255,0,0,0,0,0,0,1,0,0
09-MAY-2026,TAXSI3,492048,0,492048,41004,0,0,0,0,0,0,1,0,0
09-MAY-2026,U4530026,0,0,0,0,0,0,0,0,0,0,1,0,0
09-MAY-2026,V0132649,0,0,0,0,0,0,0,0,0,0,1,0,0
09-MAY-2026,V0133653,293088.38,0,293088.38,24108,0,0,0,0,0,0,1,0,0
09-MAY-2026,V0133702,172417.72,0,172417.72,14156.5,0,0,0,0,0,0,1,0,0
09-MAY-2026,V0134265,143244,0,143244,11937,0,0,0,0,0,0,1,0,0
09-MAY-2026,V0136610,0,0,0,0,0,0,0,0,0,0,1,0,0
09-MAY-2026,V01W0031,0,0,0,0,0,0,0,0,0,0,1,0,0
09-MAY-2026,V5990022,33588,0,33588,2799,0,0,0,0,0,0,1,0,0
09-MAY-2026,V6050750,195392.25,0,195392.25,16072,0,0,0,0,0,0,1,0,0
09-MAY-2026,V6051771,2930883.81,0,2930883.81,241080,0,0,0,0,0,0,1,0,0
09-MAY-2026,V6052122,19879247.74,0,19879247.74,1614487,0,0,0,0,0,0,1,0,0
09-MAY-2026,V6053020,0,0,0,0,0,0,0,0,0,0,1,0,0
09-MAY-2026,V6054555,195392.25,0,195392.25,16072,0,0,0,0,0,0,1,0,0
09-MAY-2026,V6055050,0,0,0,0,0,0,0,0,0,0,1,0,0
09-MAY-2026,V6055236,7747874.14,0,7747874.14,631274,0,0,0,0,0,0,1,0,0
09-MAY-2026,V6055545,293088.38,0,293088.38,24108,0,0,0,0,0,0,1,0,0
09-MAY-2026,V8000132,399582.87,0,399582.87,32452,0,0,0,0,0,0,1,0,0
09-MAY-2026,V8000150,0,0,0,0,0,0,0,0,0,0,1,0,0
09-MAY-2026,V8000990,47729293.77,0,47729293.77,4271044,0,0,0,0,0,0,1,0,0
09-MAY-2026,V8001045,6369434.47,0,6369434.47,520596,0,0,0,0,0,0,1,0,0
09-MAY-2026,V8001130,0,0,0,0,0,0,0,0,0,0,1,0,0
09-MAY-2026,V8001420,981360.45,0,981360.45,80514,0,0,0,0,0,0,1,0,0
09-MAY-2026,V8001429,0,0,0,0,0,0,0,0,0,0,1,0,0
09-MAY-2026,V8001436,118978,0,118978,9635,0,0,0,0,0,0,1,0,0
09-MAY-2026,V8890037,0,0,0,0,0,0,0,0,0,0,1,0,0
09-MAY-2026,VA1350,0,0,0,0,0,0,0,0,0,0,1,0,0
09-MAY-2026,VA1394,147642,0,147642,12303.5,0,0,0,0,0,0,1,0,0
09-MAY-2026,VA1670,362610,0,362610,30217.5,0,0,0,0,0,0,1,0,0
09-MAY-2026,VA2470,72522,0,72522,6043.5,0,0,0,0,0,0,1,0,0
09-MAY-2026,VA2970,435132,0,435132,36261,0,0,0,0,0,0,1,0,0
09-MAY-2026,VA3273,0,0,0,0,0,0,0,0,0,0,1,0,0
09-MAY-2026,VA3501,1792488,0,1792488,149374,0,0,0,0,0,0,1,0,0
09-MAY-2026,VA555,1942728,0,1942728,161894,0,0,0,0,0,0,1,0,0
09-MAY-2026,VILP996,0,0,0,0,0,0,0,0,0,0,1,0,0
09-MAY-2026,VVBB02,2178612,0,2178612,181551,0,0,0,0,0,0,1,0,0
09-MAY-2026,VVBM07,0,0,0,0,0,0,0,0,0,0,1,0,0
09-MAY-2026,VVBS02,758808,0,758808,63234,0,0,0,0,0,0,1,0,0
09-MAY-2026,W9420010,369733.99,0,369733.99,30251.5,0,0,0,0,0,0,1,0,0
09-MAY-2026,WLL041,41004,0,41004,3417,0,0,0,0,0,0,1,0,0
09-MAY-2026,Y1510214,667896,0,667896,55658,0,0,0,0,0,0,1,0,0
09-MAY-2026,Y1510229,67470,0,67470,5622.5,0,0,0,0,0,0,1,0,0
09-MAY-2026,Y300900,67470,0,67470,5622.5,0,0,0,0,0,0,1,0,0
09-MAY-2026,Y4970073,71622,0,71622,5968.5,0,0,0,0,0,0,1,0,0
09-MAY-2026,Y4970075,286488,0,286488,23874,0,0,0,0,0,0,1,0,0
09-MAY-2026,Y4970102,143244,0,143244,11937,0,0,0,0,0,0,1,0,0
