09-MAY-2026,00021,36456681.97,-4839625,31617056.97,3130019.5,0,0,0,0,0,0,2,0,0
09-MAY-2026,AP34,3440970,0,3440970,286747.5,0,0,0,0,0,0,1,0,0
09-MAY-2026,CAD3764,25127939.84,0,25127939.84,2084760.5,0,0,0,0,0,0,1,0,0
09-MAY-2026,CAD3785,2197705.78,0,2197705.78,178486,0,0,0,0,0,0,1,0,0
09-MAY-2026,CAD3920,998957.17,0,998957.17,81130,0,0,0,0,0,0,1,0,0
09-MAY-2026,CAD4033,0,0,0,0,0,0,0,0,0,0,1,0,0
09-MAY-2026,CAD5483,0,0,0,0,0,0,0,0,0,0,1,0,0
09-MAY-2026,CI30202,99895.72,0,99895.72,8113,0,0,0,0,0,0,1,0,0
09-MAY-2026,CT60142,134940,0,134940,11245,0,0,0,0,0,0,1,0,0
09-MAY-2026,CT60242,77434,0,77434,6173,0,0,0,0,0,0,1,0,0
09-MAY-2026,CT60256,1250678.59,0,1250678.59,103165,0,0,0,0,0,0,1,0,0
09-MAY-2026,DER502,0,0,0,0,0,0,0,0,0,0,1,0,0
09-MAY-2026,DKX0088,0,0,0,0,0,0,0,0,0,0,1,0,0
09-MAY-2026,DN70002,0,0,0,0,0,0,0,0,0,0,1,0,0
09-MAY-2026,DT13797,173055,0,173055,18591.5,0,0,0,0,0,0,1,0,0
09-MAY-2026,DWL0017,123552,0,123552,10296,0,0,0,0,0,0,1,0,0
09-MAY-2026,EIE0049,67470,0,67470,5622.5,0,0,0,0,0,0,1,0,0
09-MAY-2026,EIE0177,134940,0,134940,11245,0,0,0,0,0,0,1,0,0
09-MAY-2026,EIE0292,2516430,0,2516430,209702.5,0,0,0,0,0,0,1,0,0
09-MAY-2026,EIE0296,5270184,0,5270184,456090,0,0,0,0,0,0,1,0,0
09-MAY-2026,EIE0378,3566575.99,0,3566575.99,418237,0,0,0,0,0,0,1,0,0
09-MAY-2026,EOW0423,0,0,0,0,0,0,0,0,0,0,1,0,0
09-MAY-2026,EOW0822,0,0,0,0,0,0,0,0,0,0,1,0,0
09-MAY-2026,EOW0884,0,0,0,0,0,0,0,0,0,0,1,0,0
09-MAY-2026,EST0781,0,0,0,0,0,0,0,0,0,0,1,0,0
09-MAY-2026,ETB0008,0,0,0,0,0,0,0,0,0,0,1,0,0
09-MAY-2026,ETB0026,0,0,0,0,0,0,0,0,0,0,1,0,0
09-MAY-2026,EWA0449,100764,0,100764,8397,0,0,0,0,0,0,1,0,0
09-MAY-2026,EWA2111,0,0,0,0,0,0,0,0,0,0,1,0,0
09-MAY-2026,EWI0163,16706052,0,16706052,1392171,0,0,0,0,0,0,1,0,0
09-MAY-2026,EZ90135,33588,0,33588,2799,0,0,0,0,0,0,1,0,0
09-MAY-2026,EZ90205,0,0,0,0,0,0,0,0,0,0,1,0,0
09-MAY-2026,EZ90273,0,0,0,0,0,0,0,0,0,0,1,0,0
09-MAY-2026,EZ90352,857212.88,0,857212.88,80566,0,0,0,0,0,0,1,0,0
09-MAY-2026,EZ90356,0,0,0,0,0,0,0,0,0,0,1,0,0
09-MAY-2026,FFM0272,552048,0,552048,69006,0,0,0,0,0,0,1,0,0
09-MAY-2026,FFM0821,420608,0,420608,52576,0,0,0,0,0,0,1,0,0
09-MAY-2026,FFM0822,578336,0,578336,72292,0,0,0,0,0,0,1,0,0
09-MAY-2026,FFM0851,149184,0,149184,12432,0,0,0,0,0,0,1,0,0
09-MAY-2026,FFQ0051,0,0,0,0,0,0,0,0,0,0,1,0,0
09-MAY-2026,FOA5045,0,0,0,0,0,0,0,0,0,0,1,0,0
09-MAY-2026,FQC1009,0,0,0,0,0,0,0,0,0,0,1,0,0
09-MAY-2026,GA80033,0,0,0,0,0,0,0,0,0,0,1,0,0
09-MAY-2026,GB56069,77434,0,77434,6173,0,0,0,0,0,0,1,0,0
09-MAY-2026,GB57874,118438,0,118438,9590,0,0,0,0,0,0,1,0,0
09-MAY-2026,GB59870,0,0,0,0,0,0,0,0,0,0,1,0,0
09-MAY-2026,GN30003,41544,0,41544,3462,0,0,0,0,0,0,1,0,0
09-MAY-2026,GN30037,0,0,0,0,0,0,0,0,0,0,1,0,0
09-MAY-2026,GN30045,0,0,0,0,0,0,0,0,0,0,1,0,0
09-MAY-2026,GN30048,163748,0,163748,12604,0,0,0,0,0,0,1,0,0
09-MAY-2026,GN30055,122744,0,122744,9187,0,0,0,0,0,0,1,0,0
09-MAY-2026,GO50002,286488,0,286488,23874,0,0,0,0,0,0,1,0,0
09-MAY-2026,GO50003,429732,0,429732,35811,0,0,0,0,0,0,1,0,0
09-MAY-2026,GO50059,71622,0,71622,5968.5,0,0,0,0,0,0,1,0,0
09-MAY-2026,GO50121,0,0,0,0,0,0,0,0,0,0,1,0,0
09-MAY-2026,GO50130,164016,0,164016,13668,0,0,0,0,0,0,1,0,0
09-MAY-2026,GO50153,210642,0,210642,17553.5,0,0,0,0,0,0,1,0,0
09-MAY-2026,GO50202,102288,0,102288,8524,0,0,0,0,0,0,1,0,0
09-MAY-2026,GT40143,0,0,0,0,0,0,0,0,0,0,1,0,0
09-MAY-2026,GT40165,0,0,0,0,0,0,0,0,0,0,1,0,0
09-MAY-2026,HAP0040,97696.13,0,97696.13,8036,0,0,0,0,0,0,1,0,0
09-MAY-2026,HD10002,0,0,0,0,0,0,0,0,0,0,1,0,0
09-MAY-2026,HD10042,72522,0,72522,6043.5,0,0,0,0,0,0,1,0,0
09-MAY-2026,HKV0021,359508,0,359508,29959,0,0,0,0,0,0,1,0,0
09-MAY-2026,HN40007,713538,0,713538,69319.5,0,0,0,0,0,0,1,0,0
09-MAY-2026,HN40008,303576,0,303576,25298,0,0,0,0,0,0,1,0,0
09-MAY-2026,HN40009,303576,0,303576,25298,0,0,0,0,0,0,1,0,0
09-MAY-2026,HN40010,162046,0,162046,15694.5,0,0,0,0,0,0,1,0,0
09-MAY-2026,HN40011,26288,0,26288,3286,0,0,0,0,0,0,1,0,0
09-MAY-2026,HN40014,0,0,0,0,0,0,0,0,0,0,1,0,0
09-MAY-2026,HN40015,34350,0,34350,2862.5,0,0,0,0,0,0,1,0,0
09-MAY-2026,HN40017,103050,0,103050,8587.5,0,0,0,0,0,0,1,0,0
09-MAY-2026,HPO2676,37404,0,37404,3417,0,0,0,0,0,0,1,0,0
09-MAY-2026,HQA0780,111125,0,111125,14185.5,0,0,0,0,0,0,1,0,0
09-MAY-2026,HQA2586,2930883.81,0,2930883.81,241080,0,0,0,0,0,0,1,0,0
09-MAY-2026,HQA3114,976961.27,0,976961.27,80360,0,0,0,0,0,0,1,0,0
09-MAY-2026,HQM0116,799165.74,0,799165.74,64904,0,0,0,0,0,0,1,0,0
09-MAY-2026,HT10611,539723.97,0,539723.97,43298,0,0,0,0,0,0,1,0,0
09-MAY-2026,HT10910,211108,0,211108,17312.5,0,0,0,0,0,0,1,0,0
09-MAY-2026,HT19801,0,0,0,0,0,0,0,0,0,0,1,0,0
09-MAY-2026,HYD2616,42156,0,42156,3513,0,0,0,0,0,0,1,0,0
09-MAY-2026,IG10030,0,0,0,0,0,0,0,0,0,0,1,0,0
09-MAY-2026,IU10012,0,0,0,0,0,0,0,0,0,0,1,0,0
09-MAY-2026,IUD0004,1054900,0,1054900,80150,0,0,0,0,0,0,1,0,0
09-MAY-2026,IUD0011,1268175,0,1268175,97325,0,0,0,0,0,0,1,0,0
09-MAY-2026,J504,52019808.25,-625,52019183.25,4334493.5,0,0,0,0,0,0,1,0,0
09-MAY-2026,JHX1543,71622,0,71622,5968.5,0,0,0,0,0,0,1,0,0
09-MAY-2026,JHX2981,664980,0,664980,55415,0,0,0,0,0,0,1,0,0
09-MAY-2026,JN30045,0,0,0,0,0,0,0,0,0,0,1,0,0
09-MAY-2026,JRI0025,42156,0,42156,3513,0,0,0,0,0,0,1,0,0
09-MAY-2026,JU93839,72522,0,72522,6043.5,0,0,0,0,0,0,1,0,0
09-MAY-2026,JU94278,0,0,0,0,0,0,0,0,0,0,1,0,0
09-MAY-2026,JY34,3705990,0,3705990,308832.5,0,0,0,0,0,0,1,0,0
09-MAY-2026,KAH0988,855312,0,855312,71276,0,0,0,0,0,0,1,0,0
09-MAY-2026,KAH1252,709024,0,709024,58805.5,0,0,0,0,0,0,1,0,0
09-MAY-2026,KAH4147,0,0,0,0,0,0,0,0,0,0,1,0,0
09-MAY-2026,KCU0090,0,0,0,0,0,0,0,0,0,0,1,0,0
09-MAY-2026,KFE2792,0,0,0,0,0,0,0,0,0,0,1,0,0
09-MAY-2026,KQJ0111,1165528,0,1165528,99318,0,0,0,0,0,0,1,0,0
09-MAY-2026,KSF0047,0,0,0,0,0,0,0,0,0,0,1,0,0
09-MAY-2026,LGK0035,0,0,0,0,0,0,0,0,0,0,1,0,0
09-MAY-2026,LHH1917,138120,0,138120,11510,0,0,0,0,0,0,1,0,0
09-MAY-2026,LHU0040,0,0,0,0,0,0,0,0,0,0,1,0,0
09-MAY-2026,LID0666,49034476.4,0,49034476.4,4036562.5,0,0,554688,0,0,0,1,0,0
09-MAY-2026,LID2051,0,0,0,0,0,0,0,0,0,0,1,0,0
09-MAY-2026,LKA7145,0,0,0,0,0,0,0,0,0,0,1,0,0
09-MAY-2026,LKA7403,0,0,0,0,0,0,0,0,0,0,1,0,0
09-MAY-2026,LWE0113,0,0,0,0,0,0,0,0,0,0,1,0,0
09-MAY-2026,LWE0122,67176,0,67176,5598,0,0,0,0,0,0,1,0,0
09-MAY-2026,LWE0134,0,0,0,0,0,0,0,0,0,0,1,0,0
09-MAY-2026,MCB0970,0,0,0,0,0,0,0,0,0,0,1,0,0
09-MAY-2026,MHV47,134352,0,134352,11196,0,0,0,0,0,0,1,0,0
09-MAY-2026,MYI0003,0,0,0,0,0,0,0,0,0,0,1,0,0
09-MAY-2026,MZD0007,406452,0,406452,44763,0,0,0,0,0,0,1,0,0
09-MAY-2026,NNC55,0,0,0,0,0,0,0,0,0,0,1,0,0
09-MAY-2026,NNN3293,0,0,0,0,0,0,0,0,0,0,1,0,0
09-MAY-2026,NNN3511,7958400.55,0,7958400.55,664980,0,0,0,0,0,0,1,0,0
09-MAY-2026,NNN3711,8448647.07,0,8448647.07,711975,0,0,0,0,0,0,1,0,0
09-MAY-2026,NNN3855,132996,0,132996,11083,0,0,0,0,0,0,1,0,0
09-MAY-2026,NNN4286,1144280,0,1144280,143995,0,0,0,0,0,0,1,0,0
09-MAY-2026,NNN5161,0,0,0,0,0,0,0,0,0,0,1,0,0
09-MAY-2026,NPK0183,217566,0,217566,18130.5,0,0,0,0,0,0,1,0,0
09-MAY-2026,NTS01,3582690,0,3582690,306898,0,0,0,0,0,0,1,0,0
09-MAY-2026,NYB0007,0,0,0,0,0,0,0,0,0,0,1,0,0
09-MAY-2026,OBR0046,0,0,0,0,0,0,0,0,0,0,1,0,0
09-MAY-2026,OFG6271,429732,0,429732,35811,0,0,0,0,0,0,1,0,0
09-MAY-2026,OFG6831,204618,0,204618,17051.5,0,0,0,0,0,0,1,0,0
09-MAY-2026,OFG7314,0,0,0,0,0,0,0,0,0,0,1,0,0
09-MAY-2026,ONA0059,1790500,0,1790500,128812.5,0,0,0,0,0,0,1,0,0
09-MAY-2026,OPA0245,523471.99,0,523471.99,43063,0,0,0,0,0,0,1,0,0
09-MAY-2026,OWA1721,0,0,0,0,0,0,0,0,0,0,1,0,0
09-MAY-2026,OWO0013,5677584,0,5677584,473132,0,0,0,0,0,0,1,0,0
09-MAY-2026,P075,6606788,0,6606788,561519,0,0,0,0,0,0,1,0,0
09-MAY-2026,QGU0395,41544,0,41544,3462,0,0,0,0,0,0,1,0,0
09-MAY-2026,RDF0005,0,0,0,0,0,0,0,0,0,0,1,0,0
09-MAY-2026,RNN0621,166788,0,166788,13899,0,0,0,0,0,0,1,0,0
09-MAY-2026,RQQ1050,75120,0,75120,6260,0,0,0,0,0,0,1,0,0
09-MAY-2026,SAT0056,206100,0,206100,17175,0,0,0,0,0,0,1,0,0
09-MAY-2026,SAT0295,100764,0,100764,8397,0,0,0,0,0,0,1,0,0
09-MAY-2026,SAT1052,0,0,0,0,0,0,0,0,0,0,1,0,0
09-MAY-2026,SBM0343,150240,0,150240,12520,0,0,0,0,0,0,1,0,0
09-MAY-2026,SRP0290,0,0,0,0,0,0,0,0,0,0,1,0,0
09-MAY-2026,SRP0305,0,0,0,0,0,0,0,0,0,0,1,0,0
09-MAY-2026,SSB2487,0,0,0,0,0,0,0,0,0,0,1,0,0
09-MAY-2026,SUK21,0,0,0,0,0,0,0,0,0,0,1,0,0
09-MAY-2026,SUM0567,0,0,0,0,0,0,0,0,0,0,1,0,0
09-MAY-2026,SXF0075,77434,0,77434,6173,0,0,0,0,0,0,1,0,0
09-MAY-2026,SXF0081,145044,0,145044,12087,0,0,0,0,0,0,1,0,0
09-MAY-2026,SXF0099,75120,0,75120,6260,0,0,0,0,0,0,1,0,0
09-MAY-2026,SXX0066,235704,0,235704,19642,0,0,0,0,0,0,1,0,0
09-MAY-2026,THA0225,299687.15,0,299687.15,24339,0,0,0,0,0,0,1,0,0
09-MAY-2026,THD0007,132996,0,132996,11083,0,0,0,0,0,0,1,0,0
09-MAY-2026,UIM0488,71622,0,71622,5968.5,0,0,0,0,0,0,1,0,0
09-MAY-2026,UIM5914,0,0,0,0,0,0,0,0,0,0,1,0,0
09-MAY-2026,UKK0023,499478.59,0,499478.59,40565,0,0,0,0,0,0,1,0,0
09-MAY-2026,VBB0033,67470,0,67470,5622.5,0,0,0,0,0,0,1,0,0
09-MAY-2026,VLC0035,4705950,0,4705950,392162.5,0,0,0,0,0,0,1,0,0
09-MAY-2026,VOS0324,202410,0,202410,16867.5,0,0,0,0,0,0,1,0,0
09-MAY-2026,WJK0384,877110,0,877110,73092.5,0,0,0,0,0,0,1,0,0
09-MAY-2026,WMA0015,8844234,0,8844234,737019.5,0,0,0,0,0,0,1,0,0
09-MAY-2026,WNP1110,1547766,0,1547766,128980.5,0,0,0,0,0,0,1,0,0
09-MAY-2026,WNP1146,585942,500,586442,48828.5,0,0,0,0,0,0,1,0,0
09-MAY-2026,XAA1130,1122804,0,1122804,93567,0,0,0,0,0,0,1,0,0
09-MAY-2026,XDV0002,0,0,0,0,0,0,0,0,0,0,1,0,0
09-MAY-2026,XDV0013,0,0,0,0,0,0,0,0,0,0,1,0,0
09-MAY-2026,XJS0065,0,0,0,0,0,0,0,0,0,0,1,0,0
09-MAY-2026,XJS0100,0,0,0,0,0,0,0,0,0,0,1,0,0
09-MAY-2026,XKK1334,0,0,0,0,0,0,0,0,0,0,1,0,0
09-MAY-2026,XNQ0004,0,0,0,0,0,0,0,0,0,0,1,0,0
09-MAY-2026,XNT1563,0,0,0,0,0,0,0,0,0,0,1,0,0
09-MAY-2026,YCT0040,0,0,0,0,0,0,0,0,0,0,1,0,0
09-MAY-2026,YCT0074,0,0,0,0,0,0,0,0,0,0,1,0,0
09-MAY-2026,YCT0096,0,0,0,0,0,0,0,0,0,0,1,0,0
09-MAY-2026,YLQ0419,0,0,0,0,0,0,0,0,0,0,1,0,0
09-MAY-2026,YNR0646,0,0,0,0,0,0,0,0,0,0,1,0,0
09-MAY-2026,YPZ0546,195392.25,0,195392.25,16072,0,0,0,0,0,0,1,0,0
09-MAY-2026,ZCV0068,295287.97,0,295287.97,24185,0,0,0,0,0,0,1,0,0
09-MAY-2026,ZCV0288,167556,0,167556,13963,0,0,0,0,0,0,1,0,0
09-MAY-2026,ZJB0003,694954.13,0,694954.13,57807.5,0,0,0,0,0,0,1,0,0
09-MAY-2026,ZJB0006,1004736.38,0,1004736.38,83412,0,0,0,0,0,0,1,0,0
09-MAY-2026,ZLE0069,0,0,0,0,0,0,0,0,0,0,1,0,0
09-MAY-2026,ZLE0070,0,0,0,0,0,0,0,0,0,0,1,0,0
09-MAY-2026,ZPJ0276,0,0,0,0,0,0,0,0,0,0,1,0,0
