09-MAY-2026,01276,0,0,0,0,0,0,0,0,0,0,2,0,0,0,0,20260509-0,44000000,49000000,49000000,0,0,20260509-0
09-MAY-2026,AA5236,232256.14,0,232256.14,18389.5,0,0,0,0,0,0,1,0,0,232256.14,18389.5,20260509-0,0,0,0,250645.64,250645.64,20260509-0
09-MAY-2026,AA5721,71622,0,71622,5968.5,0,0,0,0,0,0,1,0,0,71622,5968.5,20260509-0,0,0,0,77590.5,77590.5,20260509-0
09-MAY-2026,AB10849,1055604,0,1055604,87967,0,0,0,0,0,0,1,0,0,1204115.34,97930,20260509-0,0,0,0,1302045.34,1302045.34,20260509-0
09-MAY-2026,AB15719,8774244.78,0,8774244.78,725508.5,0,0,0,0,0,0,1,0,0,8774244.78,725508.5,20260509-0,31441502.04,31441502.04,31441502.04,9499753.28,0,20260509-0
09-MAY-2026,AB3126,164016,0,164016,13668,0,0,0,0,0,0,1,0,0,164016,13668,20260509-0,212454,212454,212454,177684,0,20260509-0
09-MAY-2026,AG3911,5907318,0,5907318,492276.5,0,0,0,0,0,0,1,0,0,5907318,492276.5,20260509-0,7533942.82,7533942.82,7533942.82,6399594.5,0,20260509-0
09-MAY-2026,AH1253,71622,0,71622,5968.5,0,0,0,0,0,0,1,0,0,71622,5968.5,20260509-0,98623.8,98623.8,98623.8,77590.5,0,20260509-0
09-MAY-2026,AJ3816,798670.68,0,798670.68,61730,0,0,0,0,0,0,1,0,0,798670.68,61730,20260509-0,264687.22,264687.22,264687.22,860400.68,595713.46,20260509-0
09-MAY-2026,AJ7034,740754,0,740754,61729.5,0,0,0,0,0,0,1,0,0,740754,61729.5,20260509-0,941382.2,941382.2,941382.2,802483.5,0,20260509-0
09-MAY-2026,AK29711,150240,0,150240,12520,0,0,0,0,0,0,1,0,0,150240,12520,20260509-0,217976,217976,217976,162760,0,20260509-0
09-MAY-2026,AM16802,41004,0,41004,3417,0,0,0,0,0,0,1,0,0,41004,3417,20260509-0,27169.32,27169.32,27169.32,44421,17251.68,20260509-0
09-MAY-2026,AR202,143244,0,143244,11937,0,0,0,0,0,0,1,0,0,143244,11937,20260509-0,0,0,0,155181,155181,20260509-0
09-MAY-2026,AS15249,751200,0,751200,62600,0,0,0,0,0,0,1,0,0,751200,62600,20260509-0,899762.41,899762.41,899762.41,813800,0,20260509-0
09-MAY-2026,AS2025,0,0,0,0,0,0,0,0,0,0,1,0,0,67470,5622.5,20260509-0,0,0,0,73092.5,73092.5,20260509-0
09-MAY-2026,AT2910,66498,0,66498,5541.5,0,0,0,0,0,0,1,0,0,66498,5541.5,20260509-0,83823.3,83823.3,83823.3,72039.5,0,20260509-0
09-MAY-2026,AV4546,33588,0,33588,2799,0,0,0,0,0,0,1,0,0,33588,2799,20260509-0,42776.8,42776.8,42776.8,36387,0,20260509-0
09-MAY-2026,BA1251,455904,0,455904,37992,0,0,0,0,0,0,1,0,0,455904,37992,20260509-0,44459.59,44459.59,44459.59,493896,449436.41,20260509-0
09-MAY-2026,BJ1897,69336,0,69336,5778,0,0,11556,0,0,0,1,0,0,69336,5778,20260509-0,101293.5,101293.5,101293.5,75114,0,20260509-0
09-MAY-2026,BR3543,299580,0,299580,24965,0,0,0,0,0,0,1,0,0,299580,24965,20260509-0,344669.05,344669.05,344669.05,324545,0,20260509-0
09-MAY-2026,CK1551,34350,0,34350,2862.5,0,0,0,0,0,0,1,0,0,34350,2862.5,20260509-0,41771.95,41771.95,41771.95,37212.5,0,20260509-0
09-MAY-2026,CL416,383616,0,383616,31968,0,0,0,0,0,0,1,0,0,383616,31968,20260509-0,457484.65,457484.65,457484.65,415584,0,20260509-0
09-MAY-2026,DC1658,315630,0,315630,26302.5,0,0,0,0,0,0,1,0,0,315630,26302.5,20260509-0,397531.03,397531.03,397531.03,341932.5,0,20260509-0
09-MAY-2026,DD204,991770,0,991770,82647.5,0,0,0,0,0,0,1,0,0,991770,82647.5,20260509-0,1287056.65,1287056.65,1287056.65,1074417.5,0,20260509-0
09-MAY-2026,DG9523,6013980,0,6013980,501165,0,0,0,0,0,0,1,0,0,6013980,501165,20260509-0,7751226.29,7751226.29,7751226.29,6515145,0,20260509-0
09-MAY-2026,DP6404,596378.14,0,596378.14,48733,0,0,0,0,0,0,1,0,0,596378.14,48733,20260509-0,685176.8,685176.8,685176.8,645111.14,0,20260509-0
09-MAY-2026,DV568,68700,0,68700,5725,0,0,0,0,0,0,1,0,0,68700,5725,20260509-0,87228.9,87228.9,87228.9,74425,0,20260509-0
09-MAY-2026,GG2060,435132,0,435132,36261,0,0,0,0,0,0,1,0,0,435132,36261,20260509-0,391782.6,391782.6,391782.6,471393,79610.4,20260509-0
09-MAY-2026,JF271,214866,0,214866,17905.5,0,0,0,0,0,0,1,0,0,214866,17905.5,20260509-0,295871.4,295871.4,295871.4,232771.5,0,20260509-0
09-MAY-2026,JG2712,67176,0,67176,5598,0,0,0,0,0,0,1,0,0,67176,5598,20260509-0,79104.93,79104.93,79104.93,72774,0,20260509-0
09-MAY-2026,JS6133,101526,0,101526,8460.5,0,0,0,0,0,0,1,0,0,101526,8460.5,20260509-0,0,0,0,109986.5,109986.5,20260509-0
09-MAY-2026,KA6766,72522,0,72522,6043.5,0,0,0,0,0,0,1,0,0,72522,6043.5,20260509-0,99595.65,99595.65,99595.65,78565.5,0,20260509-0
09-MAY-2026,KD3281,169290,0,169290,14107.5,0,0,0,0,0,0,1,0,0,169290,14107.5,20260509-0,212533.75,212533.75,212533.75,183397.5,0,20260509-0
09-MAY-2026,KG3651,66498,0,66498,5541.5,0,0,0,0,0,0,1,0,0,34350,2862.5,20260509-0,0,0,0,37212.5,37212.5,20260509-0
09-MAY-2026,KG4841,103034.57,0,103034.57,8113,0,0,0,0,0,0,1,0,0,103034.57,8113,20260509-0,124415.64,124415.64,124415.64,111147.57,0,20260509-0
09-MAY-2026,KH412,66498,0,66498,5541.5,0,0,0,0,0,0,1,0,0,66498,5541.5,20260509-0,79808.3,79808.3,79808.3,72039.5,0,20260509-0
09-MAY-2026,KI427,7846398,0,7846398,653866.5,0,0,0,0,0,0,1,0,0,7846398,653866.5,20260509-0,11826422.57,11826422.57,11826422.57,8500264.5,0,20260509-0
09-MAY-2026,KP4671,201531.72,0,201531.72,16072,0,0,0,0,0,0,1,0,0,201531.72,16072,20260509-0,236893.8,236893.8,236893.8,217603.72,0,20260509-0
09-MAY-2026,KR10641,100765.86,0,100765.86,8036,0,0,0,0,0,0,1,0,0,100765.86,8036,20260509-0,118446.9,118446.9,118446.9,108801.86,0,20260509-0
09-MAY-2026,LB372,123012,0,123012,10251,0,0,0,0,0,0,1,0,0,123012,10251,20260509-0,159340.5,159340.5,159340.5,133263,0,20260509-0
09-MAY-2026,LB793,103050,0,103050,8587.5,0,0,0,0,0,0,1,0,0,103050,8587.5,20260509-0,130265.85,130265.85,130265.85,111637.5,0,20260509-0
09-MAY-2026,LG1015,134352,0,134352,11196,0,0,0,0,0,0,1,0,0,134352,11196,20260509-0,160539.89,160539.89,160539.89,145548,0,20260509-0
09-MAY-2026,LS3111,100764,0,100764,8397,0,0,0,0,0,0,1,0,0,100764,8397,20260509-0,113449.7,113449.7,113449.7,109161,0,20260509-0
09-MAY-2026,MA4902,66498,0,66498,5541.5,0,0,0,0,0,0,1,0,0,66498,5541.5,20260509-0,0,0,0,72039.5,72039.5,20260509-0
09-MAY-2026,MA635,71622,0,71622,5968.5,0,0,0,0,0,0,1,0,0,71622,5968.5,20260509-0,0,0,0,77590.5,77590.5,20260509-0
09-MAY-2026,MB13030,79867.07,0,79867.07,6173,0,0,0,0,0,0,1,0,0,79867.07,6173,20260509-0,109583.91,109583.91,109583.91,86040.07,0,20260509-0
09-MAY-2026,MB2938,26288,0,26288,3286,0,0,0,0,0,0,1,0,0,26288,3286,20260509-0,0,0,0,29574,29574,20260509-0
09-MAY-2026,MJ4930,1374516,0,1374516,114543,0,0,0,0,0,0,1,0,0,1374516,114543,20260509-0,1744999.3,1744999.3,1744999.3,1489059,0,20260509-0
09-MAY-2026,MJ5308,83088,0,83088,6924,0,0,0,0,0,0,1,0,0,83088,6924,20260509-0,95415.86,95415.86,95415.86,90012,0,20260509-0
09-MAY-2026,MJ5449,3336012,0,3336012,278001,0,0,0,0,0,0,1,0,0,3336012,278001,20260509-0,4042509.9,4042509.9,4042509.9,3614013,0,20260509-0
09-MAY-2026,MT2606,11645155.62,0,11645155.62,947656,0,0,0,0,0,0,1,0,0,11645155.62,947656,20260509-0,31282820.98,31282820.98,31282820.98,12592811.62,0,20260509-0
09-MAY-2026,MT4235,33588,0,33588,2799,0,0,0,0,0,0,1,0,0,33588,2799,20260509-0,42776.8,42776.8,42776.8,36387,0,20260509-0
09-MAY-2026,MT764,6476530.02,0,6476530.02,614228,0,0,0,0,0,0,1,0,0,6476530.02,614228,20260509-0,12966765.32,12966765.32,12966765.32,7090758.02,0,20260509-0
09-MAY-2026,MV3276,79867.07,0,79867.07,6173,0,0,0,0,0,0,1,0,0,79867.07,6173,20260509-0,91873.91,91873.91,91873.91,86040.07,0,20260509-0
09-MAY-2026,NK6080,41544,0,41544,3462,0,0,0,0,0,0,1,0,0,41544,3462,20260509-0,48342.26,48342.26,48342.26,45006,0,20260509-0
09-MAY-2026,NM2328,247644,0,247644,20637,0,0,0,0,0,0,1,0,0,247644,20637,20260509-0,275115.59,275115.59,275115.59,268281,0,20260509-0
09-MAY-2026,NM4499,334608,0,334608,27884,0,0,0,0,0,0,1,0,0,334608,27884,20260509-0,384560.44,384560.44,384560.44,362492,0,20260509-0
09-MAY-2026,NV1976,33588,0,33588,2799,0,0,0,0,0,0,1,0,0,33588,2799,20260509-0,42776.8,42776.8,42776.8,36387,0,20260509-0
09-MAY-2026,PD1243,101057.24,0,101057.24,8421.5,0,0,0,0,0,0,1,0,0,101057.24,8421.5,20260509-0,127327.78,127327.78,127327.78,109478.74,0,20260509-0
09-MAY-2026,PD4177,403063.44,0,403063.44,32144,0,0,0,0,0,0,1,0,0,403063.44,32144,20260509-0,473787.6,473787.6,473787.6,435207.44,0,20260509-0
09-MAY-2026,PG10731,41004,0,41004,3417,0,0,0,0,0,0,1,0,0,41004,3417,20260509-0,72363.5,72363.5,72363.5,44421,0,20260509-0
09-MAY-2026,PH1265,179394,0,179394,14949.5,0,0,0,0,0,0,1,0,0,179394,14949.5,20260509-0,217038.25,217038.25,217038.25,194343.5,0,20260509-0
09-MAY-2026,PJ3797,605286,0,605286,50440.5,0,0,0,0,0,0,1,0,0,605286,50440.5,20260509-0,672729.01,672729.01,672729.01,655726.5,0,20260509-0
09-MAY-2026,PJ4778,859464,0,859464,71622,0,0,0,0,0,0,1,0,0,859464,71622,20260509-0,1000878.95,1000878.95,1000878.95,931086,0,20260509-0
09-MAY-2026,PM7355,67176,0,67176,5598,0,0,0,0,0,0,1,0,0,67176,5598,20260509-0,85553.6,85553.6,85553.6,72774,0,20260509-0
09-MAY-2026,PP5712,0,0,0,0,0,0,0,0,0,0,1,0,0,0,0,20260509-0,6380,6380,6380,0,0,20260509-0
09-MAY-2026,PP9324,103680,0,103680,12960,0,0,0,0,0,0,1,0,0,103680,12960,20260509-0,134659.8,134659.8,134659.8,116640,0,20260509-0
09-MAY-2026,PR3676,337350,0,337350,28112.5,0,0,0,0,0,0,1,0,0,337350,28112.5,20260509-0,422779.5,422779.5,422779.5,365462.5,0,20260509-0
09-MAY-2026,PR5740,435132,0,435132,36261,0,0,0,0,0,0,1,0,0,435132,36261,20260509-0,597573.9,597573.9,597573.9,471393,0,20260509-0
09-MAY-2026,RB18804,132996,0,132996,11083,0,0,0,0,0,0,1,0,0,132996,11083,20260509-0,145721.95,145721.95,145721.95,144079,0,20260509-0
09-MAY-2026,RG17347,739182,0,739182,61598.5,0,0,0,0,0,0,1,0,0,739182,61598.5,20260509-0,845234.14,845234.14,845234.14,800780.5,0,20260509-0
09-MAY-2026,RK10097,290088,0,290088,24174,0,0,0,0,0,0,1,0,0,290088,24174,20260509-0,398382.6,398382.6,398382.6,314262,0,20260509-0
09-MAY-2026,RK20820,145044,0,145044,12087,0,0,0,0,0,0,1,0,0,145044,12087,20260509-0,199191.3,199191.3,199191.3,157131,0,20260509-0
09-MAY-2026,RK20891,787590,0,787590,82602.5,0,0,0,0,0,0,1,0,0,787590,82602.5,20260509-0,1114429.15,1114429.15,1114429.15,870192.5,0,20260509-0
09-MAY-2026,RK26670,49810.5,0,49810.5,8460.5,0,0,0,0,0,0,1,0,0,49810.5,8460.5,20260509-0,68213.2,68213.2,68213.2,58271,0,20260509-0
09-MAY-2026,RL1929,2783448,0,2783448,231954,0,0,0,0,0,0,1,0,0,2783448,231954,20260509-0,3567448.5,3567448.5,3567448.5,3015402,0,20260509-0
09-MAY-2026,RL2689,103034.57,0,103034.57,8113,0,0,0,0,0,0,1,0,0,103034.57,8113,20260509-0,124415.64,124415.64,124415.64,111147.57,0,20260509-0
09-MAY-2026,RM9798,68700,0,68700,5725,0,0,0,0,0,0,1,0,0,68700,5725,20260509-0,86843.9,86843.9,86843.9,74425,0,20260509-0
09-MAY-2026,RN11775,83088,0,83088,6924,0,0,0,0,0,0,1,0,0,83088,6924,20260509-0,106491,106491,106491,90012,0,20260509-0
09-MAY-2026,RN13891,67176,0,67176,5598,0,0,0,0,0,0,1,0,0,67176,5598,20260509-0,85553.6,85553.6,85553.6,72774,0,20260509-0
09-MAY-2026,RP8053,75120,0,75120,6260,0,0,0,0,0,0,1,0,0,75120,6260,20260509-0,108988,108988,108988,81380,0,20260509-0
09-MAY-2026,RR7306,103034.57,0,103034.57,8113,0,0,0,0,0,0,1,0,0,103034.57,8113,20260509-0,138715.64,138715.64,138715.64,111147.57,0,20260509-0
09-MAY-2026,RS14093,0,0,0,0,0,0,0,0,0,0,1,0,0,0,0,20260509-0,330,330,330,0,0,20260509-0
09-MAY-2026,RS5472,41004,0,41004,3417,0,0,0,0,0,0,1,0,0,41004,3417,20260509-0,49263.5,49263.5,49263.5,44421,0,20260509-0
09-MAY-2026,SA17318,1274049.65,0,1274049.65,102534,0,0,0,0,0,0,1,0,0,2476622.22,203370.5,20260509-0,3246478.38,3246478.38,3246478.38,2679992.72,0,20260509-0
09-MAY-2026,SC8481,34350,0,34350,2862.5,0,0,0,0,0,0,1,0,0,34350,2862.5,20260509-0,41276.95,41276.95,41276.95,37212.5,0,20260509-0
09-MAY-2026,SF428,167940,0,167940,13995,0,0,0,0,0,0,1,0,0,167940,13995,20260509-0,24396.95,24396.95,24396.95,181935,157538.05,20260509-0
09-MAY-2026,SI2599,377850,0,377850,31487.5,0,0,0,0,0,0,1,0,0,377850,31487.5,20260509-0,313656.01,313656.01,313656.01,409337.5,95681.49,20260509-0
09-MAY-2026,SJ11749,154987.07,0,154987.07,12433,0,0,0,0,0,0,1,0,0,154987.07,12433,20260509-0,212626.85,212626.85,212626.85,167420.07,0,20260509-0
09-MAY-2026,SJ9394,67176,0,67176,5598,0,0,0,0,0,0,1,0,0,67176,5598,20260509-0,85553.6,85553.6,85553.6,72774,0,20260509-0
09-MAY-2026,SK27604,167940,0,167940,13995,0,0,0,0,0,0,1,0,0,167940,13995,20260509-0,213884,213884,213884,181935,0,20260509-0
09-MAY-2026,SM17964,101820,0,101820,8485,0,0,0,0,0,0,1,0,0,101820,8485,20260509-0,127977.85,127977.85,127977.85,110305,0,20260509-0
09-MAY-2026,SM19975,79867.07,0,79867.07,6173,0,0,0,0,0,0,1,0,0,79867.07,6173,20260509-0,109583.91,109583.91,109583.91,86040.07,0,20260509-0
09-MAY-2026,SR12181,0,0,0,0,0,0,0,0,0,0,1,0,0,0,0,20260509-0,26730,26730,26730,0,0,20260509-0
09-MAY-2026,SS107150,195084,0,195084,18417,0,0,0,0,0,0,1,0,0,195084,18417,20260509-0,0,0,0,213501,213501,20260509-0
09-MAY-2026,TC164,640458,0,640458,53371.5,0,0,0,0,0,0,1,0,0,640458,53371.5,20260509-0,110847.43,110847.43,110847.43,693829.5,582982.07,20260509-0
09-MAY-2026,TM2108,337350,0,337350,28112.5,0,0,0,0,0,0,1,0,0,337350,28112.5,20260509-0,402897.9,402897.9,402897.9,365462.5,0,20260509-0
09-MAY-2026,UK1313,33588,0,33588,2799,0,0,0,0,0,0,1,0,0,33588,2799,20260509-0,42776.8,42776.8,42776.8,36387,0,20260509-0
09-MAY-2026,VA3557,199494,0,199494,16624.5,0,0,0,0,0,0,1,0,0,199494,16624.5,20260509-0,251469.9,251469.9,251469.9,216118.5,0,20260509-0
09-MAY-2026,VB1366,132996,0,132996,11083,0,0,0,0,0,0,1,0,0,132996,11083,20260509-0,142084.14,142084.14,142084.14,144079,1994.86,20260509-0
09-MAY-2026,VK5657,1410722.05,0,1410722.05,112504,0,0,0,0,0,0,1,0,0,1410722.05,112504,20260509-0,1658256.6,1658256.6,1658256.6,1523226.05,0,20260509-0
09-MAY-2026,VL999,872424,0,872424,72702,0,0,0,0,0,0,1,0,0,872424,72702,20260509-0,1129045.5,1129045.5,1129045.5,945126,0,20260509-0
09-MAY-2026,VM3537,1079520,0,1079520,89960,0,0,0,0,0,0,1,0,0,1079520,89960,20260509-0,1352894.4,1352894.4,1352894.4,1169480,0,20260509-0
09-MAY-2026,VP6262,105152,0,105152,13144,0,0,0,0,0,0,1,0,0,105152,13144,20260509-0,134701.6,134701.6,134701.6,118296,0,20260509-0
09-MAY-2026,VP8291,0,0,0,2862.5,0,0,0,0,0,0,1,0,0,0,2862.5,20260509-0,5878.22,5878.22,5878.22,2862.5,0,20260509-0
09-MAY-2026,VS7551,1315908,0,1315908,109659,0,0,0,0,0,0,1,0,0,1315908,109659,20260509-0,1441835.78,1441835.78,1441835.78,1425567,0,20260509-0
09-MAY-2026,VS9688,0,0,0,0,0,0,0,0,0,0,1,0,0,0,0,20260509-0,3300,3300,3300,0,0,20260509-0
09-MAY-2026,YG597,66498,0,66498,5541.5,0,0,0,0,0,0,1,0,0,66498,5541.5,20260509-0,83823.3,83823.3,83823.3,72039.5,0,20260509-0
