09-MAY-2026,01268,0,0,0,0,0,0,0,0,0,0,2,0,0,0,0,20260509-0,236506313.87,241506313.87,265362360.49,0,0,20260509-0
09-MAY-2026,52L104,0,0,0,0,0,0,0,0,0,0,1,0,0,0,0,20260509-0,161420.29,161420.29,161420.29,0,0,20260509-0
09-MAY-2026,52L325,0,0,0,0,0,0,0,0,0,0,1,0,0,0,0,20260509-0,1435364.29,1435364.29,1435364.29,0,0,20260509-0
09-MAY-2026,A1100001,830880,0,830880,69240,0,0,0,0,0,0,1,0,0,830880,69240,20260509-0,1175746,1175746,1175746,900120,0,20260509-0
09-MAY-2026,A1100009,71622,0,71622,5968.5,0,0,0,0,0,0,1,0,0,71622,5968.5,20260509-0,78858,78858,78858,77590.5,0,20260509-0
09-MAY-2026,A1100042,124632,0,124632,10386,0,0,0,0,0,0,1,0,0,124632,10386,20260509-0,226105,226105,226105,135018,0,20260509-0
09-MAY-2026,A3820215,0,0,0,0,0,0,0,0,0,0,1,0,0,0,0,20260509-0,90442,90442,90442,0,0,20260509-0
09-MAY-2026,A3820266,82548,0,82548,6879,0,0,0,0,0,0,1,0,0,82548,6879,20260509-0,90090,90090,90090,89427,0,20260509-0
09-MAY-2026,A5820050,319468.27,0,319468.27,24692,0,0,0,0,0,0,1,0,0,319468.27,24692,20260509-0,398487.18,398487.18,398487.18,344160.27,0,20260509-0
09-MAY-2026,B0802223,279846,0,279846,23320.5,0,0,0,0,0,0,1,0,0,279846,23320.5,20260509-0,327858.5,327858.5,327858.5,303166.5,0,20260509-0
09-MAY-2026,B2700009,1614420,0,1614420,134535,0,0,0,0,0,0,1,0,0,1614420,134535,20260509-0,1761526,1761526,1761526,1748955,0,20260509-0
09-MAY-2026,BHL3028,72522,0,72522,6043.5,0,0,0,0,0,0,1,0,0,72522,6043.5,20260509-0,90541.5,90541.5,90541.5,78565.5,0,20260509-0
09-MAY-2026,CHA2879,138798,0,138798,11566.5,0,0,0,0,0,0,1,0,0,138798,11566.5,20260509-0,91217.6,91217.6,91217.6,150364.5,59146.9,20260509-0
09-MAY-2026,D009738,0,0,0,0,0,0,0,0,0,0,1,0,0,0,0,20260509-0,164.62,164.62,164.62,0,0,20260509-0
09-MAY-2026,D0251775,71612.14,0,71612.14,5968.5,0,0,0,0,0,0,1,0,0,71612.14,5968.5,20260509-0,89649.6,89649.6,89649.6,77580.64,0,20260509-0
09-MAY-2026,D0253151,2575864.13,0,2575864.13,202825,0,0,0,0,0,0,1,0,0,2575864.13,202825,20260509-0,3175128.83,3175128.83,3175128.83,2778689.13,0,20260509-0
09-MAY-2026,D0352464,286488,0,286488,23874,0,0,0,0,0,0,1,0,0,286488,23874,20260509-0,358632,358632,358632,310362,0,20260509-0
09-MAY-2026,EC003,58167402,0,58167402,4847283.5,0,0,11556,0,0,0,1,0,0,0,0,0,75929579.78,190976280.39,0,0,0,0
09-MAY-2026,EC004,0,0,0,0,0,0,0,0,0,0,1,0,0,0,0,0,42937904.34,42937904.34,0,0,0,0
09-MAY-2026,ECC03,0,0,0,0,0,0,0,0,0,0,1,0,0,0,0,20260509-0,100000,100000,100000,0,0,20260509-0
09-MAY-2026,ERO1110,7274641.91,0,7274641.91,576877,0,0,0,0,0,0,1,0,0,7274641.91,576877,20260509-0,8007040.47,8007040.47,8007040.47,7851518.91,0,20260509-0
09-MAY-2026,F3890020,10906267.86,0,10906267.86,908494.5,0,0,0,0,0,0,1,0,0,10906267.86,908494.5,20260509-0,12425308,12425308,12425308,11814762.36,0,20260509-0
09-MAY-2026,F5180216,71622,0,71622,5968.5,0,0,0,0,0,0,1,0,0,71622,5968.5,20260509-0,89658,89658,89658,77590.5,0,20260509-0
09-MAY-2026,F6850730,0,0,0,0,0,0,0,0,0,0,1,0,0,638172,53181,20260509-0,912205.05,912205.05,912205.05,691353,0,20260509-0
09-MAY-2026,G325001,9984420.39,0,9984420.39,3181057,0,0,0,0,0,0,1,0,0,9984420.39,3181057,20260509-0,76396104.13,76396104.13,76396104.13,13165477.39,0,20260509-0
09-MAY-2026,G5930016,26442760.17,0,26442760.17,2160320.5,0,0,0,0,0,0,1,0,0,26442760.17,2160320.5,20260509-0,28465989.36,28465989.36,28465989.36,28603080.67,137091.31,20260509-0
09-MAY-2026,G5930019,702636,0,702636,58553,0,0,0,0,0,0,1,0,0,702636,58553,20260509-0,0,0,0,761189,761189,20260509-0
09-MAY-2026,HRO912,41004,0,41004,3417,0,0,0,0,0,0,1,0,0,41004,3417,20260509-0,48285,48285,48285,44421,0,20260509-0
09-MAY-2026,HV04903,75120,0,75120,6260,0,0,0,0,0,0,1,0,0,75120,6260,20260509-0,90330,90330,90330,81380,0,20260509-0
09-MAY-2026,HV05059,907915.44,0,907915.44,74215,0,0,0,0,0,0,1,0,0,907915.44,74215,20260509-0,1162944,1162944,1162944,982130.44,0,20260509-0
09-MAY-2026,HV06371,0,0,0,0,0,0,0,0,0,0,1,0,0,0,0,20260509-0,1200,1200,1200,0,0,20260509-0
09-MAY-2026,HV08492,41004,0,41004,3417,0,0,0,0,0,0,1,0,0,41004,3417,20260509-0,48285,48285,48285,44421,0,20260509-0
09-MAY-2026,IND1916,1036800,0,1036800,129600,0,0,0,0,0,0,1,0,0,1036800,129600,20260509-0,1170180,1170180,1170180,1166400,0,20260509-0
09-MAY-2026,IND918,72522,0,72522,6043.5,0,0,0,0,0,0,1,0,0,72522,6043.5,20260509-0,90241.5,90241.5,90241.5,78565.5,0,20260509-0
09-MAY-2026,JJR1675,683441.88,0,683441.88,56953.5,0,0,0,0,0,0,1,0,0,683441.88,56953.5,20260509-0,788601.19,788601.19,788601.19,740395.38,0,20260509-0
09-MAY-2026,JJR1858,0,0,0,0,0,0,0,0,0,0,1,0,0,0,0,20260509-0,1300,1300,1300,0,0,20260509-0
09-MAY-2026,JJR563,599454,0,599454,49954.5,0,0,0,0,0,0,1,0,0,599454,49954.5,20260509-0,706359.26,706359.26,706359.26,649408.5,0,20260509-0
09-MAY-2026,JJR5838,206069.13,0,206069.13,16226,0,0,0,0,0,0,1,0,0,206069.13,16226,20260509-0,226210.31,226210.31,226210.31,222295.13,0,20260509-0
09-MAY-2026,JJR6224,82008,0,82008,6834,0,0,0,0,0,0,1,0,0,82008,6834,20260509-0,96570,96570,96570,88842,0,20260509-0
09-MAY-2026,KLK11836,33217591.6,0,33217591.6,2638445,0,0,0,0,0,0,1,0,0,33217591.6,2638445,20260509-0,41667692.57,41667692.57,51140412.82,35856036.6,0,20260509-0
09-MAY-2026,KLK15004,10570397.71,0,10570397.71,838824,0,0,0,0,0,0,1,0,0,10570397.71,838824,20260509-0,13663035.26,13663035.26,13663035.26,11409221.71,0,20260509-0
09-MAY-2026,KTT1877,844458,0,844458,70371.5,0,0,0,0,0,0,1,0,0,844458,70371.5,20260509-0,124785.58,124785.58,124785.58,914829.5,790043.92,20260509-0
09-MAY-2026,KTT2018,1860564.83,0,1860564.83,152681,0,0,0,0,0,0,1,0,0,1860564.83,152681,20260509-0,2358215.77,2358215.77,2358215.77,2013245.83,0,20260509-0
09-MAY-2026,KTT2041,100086,0,100086,8340.5,0,0,0,0,0,0,1,0,0,100086,8340.5,20260509-0,82923.16,82923.16,82923.16,108426.5,25503.34,20260509-0
09-MAY-2026,KTT2392,537401.13,0,537401.13,43837,0,0,0,0,0,0,1,0,0,537401.13,43837,20260509-0,638965.52,638965.52,638965.52,581238.13,0,20260509-0
09-MAY-2026,KTT2428,0,0,0,0,0,0,0,0,0,0,1,0,0,0,0,20260509-0,1143569.22,1143569.22,1143569.22,0,0,20260509-0
09-MAY-2026,KTT2864,67470,0,67470,5622.5,0,0,0,0,0,0,1,0,0,67470,5622.5,20260509-0,73619,73619,73619,73092.5,0,20260509-0
09-MAY-2026,KTT2937,150240,0,150240,12520,0,0,0,0,0,0,1,0,0,150240,12520,20260509-0,200110,200110,200110,162760,0,20260509-0
09-MAY-2026,KTT3170,79867.07,0,79867.07,6173,0,0,0,0,0,0,1,0,0,79867.07,6173,20260509-0,83521.8,83521.8,83521.8,86040.07,2518.27,20260509-0
09-MAY-2026,KTT3191,55370,0,55370,5537,0,0,0,0,0,0,1,0,0,55370,5537,20260509-0,60786,60786,60786,60907,121,20260509-0
09-MAY-2026,KTT3548,1330654.68,0,1330654.68,106062,0,0,0,0,0,0,1,0,0,1330654.68,106062,20260509-0,1564852.17,1564852.17,1564852.17,1436716.68,0,20260509-0
09-MAY-2026,KTT3585,1914600,0,1914600,159550,0,0,0,0,0,0,1,0,0,1914600,159550,20260509-0,2429594,2429594,2429594,2074150,0,20260509-0
09-MAY-2026,KTT3605,826320,0,826320,68860,0,0,0,0,0,0,1,0,0,826320,68860,20260509-0,1069280,1069280,1069280,895180,0,20260509-0
09-MAY-2026,KTT3610,779682.41,0,779682.41,62078,0,0,0,0,0,0,1,0,0,779682.41,62078,20260509-0,994050.78,994050.78,994050.78,841760.41,0,20260509-0
09-MAY-2026,KTT3614,135114,0,135114,11259.5,0,0,0,0,0,0,1,0,0,135114,11259.5,20260509-0,156138.5,156138.5,156138.5,146373.5,0,20260509-0
09-MAY-2026,KTT3661,230107.07,0,230107.07,18693,0,0,0,0,0,0,1,0,0,230107.07,18693,20260509-0,273658.04,273658.04,273658.04,248800.07,0,20260509-0
09-MAY-2026,KTT3804,265992,0,265992,22166,0,0,0,0,0,0,1,0,0,265992,22166,20260509-0,329212,329212,329212,288158,0,20260509-0
09-MAY-2026,KTT3822,309974.14,0,309974.14,24866,0,0,0,0,0,0,1,0,0,309974.14,24866,20260509-0,397403.59,397403.59,397403.59,334840.14,0,20260509-0
09-MAY-2026,KTT3882,41004,0,41004,3417,0,0,0,0,0,0,1,0,0,41004,3417,20260509-0,48285,48285,48285,44421,0,20260509-0
09-MAY-2026,KTT3911,203199.99,0,203199.99,24779,0,0,0,0,0,0,1,0,0,203199.99,24779,20260509-0,218172.84,218172.84,218172.84,227978.99,9806.15,20260509-0
09-MAY-2026,KTT3916,1229834.57,0,1229834.57,102013,0,0,0,0,0,0,1,0,0,1229834.57,102013,20260509-0,1598405.15,1598405.15,1598405.15,1331847.57,0,20260509-0
09-MAY-2026,KTT3932,159734.14,0,159734.14,12346,0,0,0,0,0,0,1,0,0,159734.14,12346,20260509-0,199243.59,199243.59,199243.59,172080.14,0,20260509-0
09-MAY-2026,KTT4012,150240,0,150240,12520,0,0,0,0,0,0,1,0,0,150240,12520,20260509-0,198160,198160,198160,162760,0,20260509-0
09-MAY-2026,KTT646,79867.07,0,79867.07,6173,0,0,0,0,0,0,1,0,0,79867.07,6173,20260509-0,99621.8,99621.8,99621.8,86040.07,0,20260509-0
09-MAY-2026,KTT802,169290,0,169290,14107.5,0,0,0,0,0,0,1,0,0,169290,14107.5,20260509-0,193212.5,193212.5,193212.5,183397.5,0,20260509-0
09-MAY-2026,KTT807,206069.13,0,206069.13,16226,0,0,0,0,0,0,1,0,0,206069.13,16226,20260509-0,254010.31,254010.31,254010.31,222295.13,0,20260509-0
09-MAY-2026,L120614,1630761,0,1630761,140107.5,0,0,0,0,0,0,1,0,0,1630761,140107.5,20260509-0,2107811.28,2107811.28,2107811.28,1770868.5,0,20260509-0
09-MAY-2026,L120883,1424850,0,1424850,118737.5,0,0,0,0,0,0,1,0,0,1424850,118737.5,20260509-0,1650517,1650517,1650517,1543587.5,0,20260509-0
09-MAY-2026,L120968,861420,0,861420,82013.5,0,0,0,0,0,0,1,0,0,861420,82013.5,20260509-0,997582.5,997582.5,997582.5,943433.5,0,20260509-0
09-MAY-2026,L120970,1124859,0,1124859,97908.5,0,0,0,0,0,0,1,0,0,1124859,97908.5,20260509-0,1352207,1352207,1352207,1222767.5,0,20260509-0
09-MAY-2026,L121295,3577348.26,0,3577348.26,296219.5,0,0,0,0,0,0,1,0,0,3577348.26,296219.5,20260509-0,4554998.11,4554998.11,4554998.11,3873567.76,0,20260509-0
09-MAY-2026,L5170159,71622,0,71622,5968.5,0,0,0,0,0,0,1,0,0,71622,5968.5,20260509-0,27607.09,27607.09,27607.09,77590.5,49983.41,20260509-0
09-MAY-2026,L5170510,286488,0,286488,23874,0,0,0,0,0,0,1,0,0,286488,23874,20260509-0,358632,358632,358632,310362,0,20260509-0
09-MAY-2026,L7880002,214866,0,214866,17905.5,0,0,0,0,0,0,1,0,0,214866,17905.5,20260509-0,261942.75,261942.75,261942.75,232771.5,0,20260509-0
09-MAY-2026,MDN127,560040,0,560040,46670,0,0,0,0,0,0,1,0,0,560040,46670,20260509-0,200194.88,200194.88,200194.88,606710,406515.12,20260509-0
09-MAY-2026,MI18,239601.2,0,239601.2,18519,0,0,0,0,0,0,1,0,0,239601.2,18519,20260509-0,298865.39,298865.39,298865.39,258120.2,0,20260509-0
09-MAY-2026,MI322,1005042.41,0,1005042.41,80858,0,0,0,0,0,0,1,0,0,1005042.41,80858,20260509-0,1289790.78,1289790.78,1289790.78,1085900.41,0,20260509-0
09-MAY-2026,MI789,319468.27,0,319468.27,24692,0,0,0,0,0,0,1,0,0,319468.27,24692,20260509-0,398487.18,398487.18,398487.18,344160.27,0,20260509-0
09-MAY-2026,MI882,479202.41,0,479202.41,37038,0,0,0,0,0,0,1,0,0,479202.41,37038,20260509-0,597730.78,597730.78,597730.78,516240.41,0,20260509-0
09-MAY-2026,MI978,79867.07,0,79867.07,6173,0,0,0,0,0,0,1,0,0,79867.07,6173,20260509-0,99621.8,99621.8,99621.8,86040.07,0,20260509-0
09-MAY-2026,N1580031,869898,0,869898,72491.5,0,0,0,0,0,0,1,0,0,869898,72491.5,20260509-0,1003223,1003223,1003223,942389.5,0,20260509-0
09-MAY-2026,N1580033,432576,0,432576,36048,0,0,0,0,0,0,1,0,0,432576,36048,20260509-0,496106,496106,496106,468624,0,20260509-0
09-MAY-2026,N2280056,100765.86,0,100765.86,8036,0,0,0,0,0,0,1,0,0,100765.86,8036,20260509-0,131479,131479,131479,108801.86,0,20260509-0
09-MAY-2026,N3080014,103034.57,0,103034.57,8113,0,0,0,0,0,0,1,0,0,103034.57,8113,20260509-0,0,0,0,111147.57,111147.57,20260509-0
09-MAY-2026,N3410009,42156,0,42156,3513,0,0,0,0,0,0,1,0,0,42156,3513,20260509-0,25512.4,25512.4,25512.4,45669,20156.6,20260509-0
09-MAY-2026,N3410041,83088,0,83088,6924,0,0,0,0,0,0,1,0,0,83088,6924,20260509-0,96810,96810,96810,90012,0,20260509-0
09-MAY-2026,N3410053,1016733.43,0,1016733.43,80668,0,0,0,0,0,0,1,0,0,1016733.43,80668,20260509-0,1184090.6,1184090.6,1184090.6,1097401.43,0,20260509-0
09-MAY-2026,N3410114,127884,0,127884,10657,0,0,0,0,0,0,1,0,0,127884,10657,20260509-0,130077.14,130077.14,130077.14,138541,8463.86,20260509-0
09-MAY-2026,N3410171,490260,0,490260,40855,0,0,0,0,0,0,1,0,0,490260,40855,20260509-0,566759,566759,566759,531115,0,20260509-0
09-MAY-2026,N3410172,82008,0,82008,6834,0,0,0,0,0,0,1,0,0,82008,6834,20260509-0,96570,96570,96570,88842,0,20260509-0
09-MAY-2026,N3730009,144144,0,144144,12012,0,0,0,0,0,0,1,0,0,144144,12012,20260509-0,179030.81,179030.81,179030.81,156156,0,20260509-0
09-MAY-2026,N5410033,6919128,0,6919128,576594,0,0,0,0,0,0,1,0,0,6919128,576594,20260509-0,7257112,7257112,7257112,7495722,238610,20260509-0
09-MAY-2026,N5410034,7976052.27,0,7976052.27,626152,0,0,0,0,0,0,1,0,0,7976052.27,626152,20260509-0,8510307.9,8510307.9,8510307.9,8602204.27,91896.37,20260509-0
09-MAY-2026,ND007,103034.57,0,103034.57,8113,0,0,0,0,0,0,1,0,0,103034.57,8113,20260509-0,127005.15,127005.15,127005.15,111147.57,0,20260509-0
09-MAY-2026,ND171,328032,0,328032,27336,0,0,0,0,0,0,1,0,0,328032,27336,20260509-0,386280,386280,386280,355368,0,20260509-0
09-MAY-2026,PND065,33588,0,33588,2799,0,0,0,0,0,0,1,0,0,33588,2799,20260509-0,38888,38888,38888,36387,0,20260509-0
09-MAY-2026,PND169,33588,0,33588,2799,0,0,0,0,0,0,1,0,0,33588,2799,20260509-0,38888,38888,38888,36387,0,20260509-0
09-MAY-2026,R3960047,75120,0,75120,6260,0,0,0,0,0,0,1,0,0,75120,6260,20260509-0,83980,83980,83980,81380,0,20260509-0
09-MAY-2026,R5150008,40482000,0,40482000,3373500,0,0,0,0,0,0,1,0,0,40806000,3373500,20260509-0,0,0,0,44179500,44179500,20260509-0
09-MAY-2026,R6820043,101820,0,101820,8485,0,0,0,0,0,0,1,0,0,101820,8485,20260509-0,116343.5,116343.5,116343.5,110305,0,20260509-0
09-MAY-2026,R6820163,101820,0,101820,8485,0,0,0,0,0,0,1,0,0,101820,8485,20260509-0,116343.5,116343.5,116343.5,110305,0,20260509-0
09-MAY-2026,R6820198,392480,0,392480,49060,0,0,0,0,0,0,1,0,0,392480,49060,20260509-0,459162.5,459162.5,459162.5,441540,0,20260509-0
09-MAY-2026,R7940003,4780524,0,4780524,398377,0,0,0,0,0,0,1,0,0,4780524,398377,20260509-0,5653581.21,5653581.21,5653581.21,5178901,0,20260509-0
09-MAY-2026,R7940116,265992,0,265992,22166,0,0,0,0,0,0,1,0,0,265992,22166,20260509-0,304812,304812,304812,288158,0,20260509-0
09-MAY-2026,R8720002,159734.14,0,159734.14,12346,0,0,0,0,0,0,1,0,0,159734.14,12346,20260509-0,199243.59,199243.59,199243.59,172080.14,0,20260509-0
09-MAY-2026,R8720003,3176275.22,0,3176275.22,256003,0,0,0,0,0,0,1,0,0,3176275.22,256003,20260509-0,4728224.39,4728224.39,4728224.39,3432278.22,0,20260509-0
09-MAY-2026,R872B102,435420,0,435420,36285,0,0,0,0,0,0,1,0,0,435420,36285,20260509-0,550058,550058,550058,471705,0,20260509-0
09-MAY-2026,S8710008,0,0,0,0,0,0,0,0,0,0,1,0,0,0,0,20260509-0,134.63,134.63,134.63,0,0,20260509-0
09-MAY-2026,SAL1046,618207.39,0,618207.39,48678,0,0,0,0,0,0,1,0,0,618207.39,48678,20260509-0,762030.92,762030.92,762030.92,666885.39,0,20260509-0
09-MAY-2026,SJP075,199494,0,199494,16624.5,0,0,0,0,0,0,1,0,0,199494,16624.5,20260509-0,0,0,0,216118.5,216118.5,20260509-0
09-MAY-2026,SJS1656,67470,0,67470,5622.5,0,0,0,0,0,0,1,0,0,67470,5622.5,20260509-0,76869,76869,76869,73092.5,0,20260509-0
09-MAY-2026,SJS1936,3009906,0,3009906,250825.5,0,0,0,0,0,0,1,0,0,3009906,250825.5,20260509-0,3441123,3441123,3441123,3260731.5,0,20260509-0
09-MAY-2026,SJS2038,19838940,0,19838940,1653245,0,0,34290,0,0,0,1,0,0,19838940,1653245,20260509-0,25197380.66,25197380.66,25197380.66,21492185,0,20260509-0
09-MAY-2026,SJS2238,2659920,0,2659920,221660,0,0,0,0,0,0,1,0,0,2659920,221660,20260509-0,2855262.08,2855262.08,2855262.08,2881580,26317.92,20260509-0
09-MAY-2026,SJS2308,67470,0,67470,5622.5,0,0,0,0,0,0,1,0,0,67470,5622.5,20260509-0,63390.89,63390.89,63390.89,73092.5,9701.61,20260509-0
09-MAY-2026,SJS784,944580,0,944580,78715,0,0,0,0,0,0,1,0,0,944580,78715,20260509-0,0,0,0,1023295,1023295,20260509-0
09-MAY-2026,SJS807,66498,0,66498,5541.5,0,0,0,0,0,0,1,0,0,66498,5541.5,20260509-0,76203,76203,76203,72039.5,0,20260509-0
09-MAY-2026,T4351023,0,0,0,0,0,0,0,0,0,0,1,0,0,0,0,20260509-0,709055.39,709055.39,709055.39,0,0,20260509-0
09-MAY-2026,TAXSF1,13909666.31,0,13909666.31,1095255,0,0,0,0,0,0,1,0,0,13909666.31,1095255,20260509-0,17284595.7,17284595.7,17284595.7,15004921.31,0,20260509-0
09-MAY-2026,TAXSI3,492048,0,492048,41004,0,0,0,0,0,0,1,0,0,492048,41004,20260509-0,579420,579420,579420,533052,0,20260509-0
09-MAY-2026,V0133653,302297.58,0,302297.58,24108,0,0,0,0,0,0,1,0,0,302297.58,24108,20260509-0,394437,394437,394437,326405.58,0,20260509-0
09-MAY-2026,V0133702,175556.57,0,175556.57,14156.5,0,0,0,0,0,0,1,0,0,175556.57,14156.5,20260509-0,144417.63,144417.63,144417.63,189713.07,45295.44,20260509-0
09-MAY-2026,V0134265,143244,0,143244,11937,0,0,0,0,0,0,1,0,0,143244,11937,20260509-0,179316,179316,179316,155181,0,20260509-0
09-MAY-2026,V5990022,33588,0,33588,2799,0,0,0,0,0,0,1,0,0,33588,2799,20260509-0,38888,38888,38888,36387,0,20260509-0
09-MAY-2026,V6050750,201531.72,0,201531.72,16072,0,0,0,0,0,0,1,0,0,201531.72,16072,20260509-0,262958,262958,262958,217603.72,0,20260509-0
09-MAY-2026,V6051771,3022975.83,0,3022975.83,241080,0,0,0,0,0,0,1,0,0,3022975.83,241080,20260509-0,3248947.69,3248947.69,3248947.69,3264055.83,15108.14,20260509-0
09-MAY-2026,V6052122,20503878.48,0,20503878.48,1614487,0,0,0,0,0,0,1,0,0,20503878.48,1614487,20260509-0,22510857.45,22510857.45,22510857.45,22118365.48,0,20260509-0
09-MAY-2026,V6053020,0,0,0,0,0,0,0,0,0,0,1,0,0,0,0,20260509-0,1885793.48,1885793.48,1885793.48,0,0,20260509-0
09-MAY-2026,V6054555,201531.72,0,201531.72,16072,0,0,0,0,0,0,1,0,0,201531.72,16072,20260509-0,262958,262958,262958,217603.72,0,20260509-0
09-MAY-2026,V6055050,0,0,0,0,0,0,0,0,0,0,1,0,0,0,0,20260509-0,1869775.61,1869775.61,1869775.61,0,0,20260509-0
09-MAY-2026,V6055236,7991322,0,7991322,631274,0,0,0,0,0,0,1,0,0,7991322,631274,20260509-0,10839678.89,10839678.89,10839678.89,8622596,0,20260509-0
09-MAY-2026,V6055545,302297.58,0,302297.58,24108,0,0,0,0,0,0,1,0,0,302297.58,24108,20260509-0,324894.77,324894.77,324894.77,326405.58,1510.81,20260509-0
09-MAY-2026,V8000132,412138.26,0,412138.26,32452,0,0,0,0,0,0,1,0,0,412138.26,32452,20260509-0,452420.61,452420.61,452420.61,444590.26,0,20260509-0
09-MAY-2026,V8000150,0,0,0,0,0,0,0,0,0,0,1,0,0,0,0,20260509-0,0,10159873.6,12613226.56,0,0,20260509-0
09-MAY-2026,V8000990,47848514.33,0,47848514.33,4271044,0,0,0,0,0,0,1,0,0,47848514.33,4271044,20260509-0,10567642,10567642,10567642,52119558.33,41551916.33,20260509-0
09-MAY-2026,V8001045,6564043.04,0,6564043.04,520596,0,0,0,0,0,0,1,0,0,6564043.04,520596,20260509-0,7636919.51,7636919.51,7636919.51,7084639.04,0,20260509-0
09-MAY-2026,V8001130,0,0,0,0,0,0,0,0,0,0,1,0,0,0,0,20260509-0,2553581.33,2553581.33,2553581.33,0,0,20260509-0
09-MAY-2026,V8001420,1012196.02,0,1012196.02,80514,0,0,0,0,0,0,1,0,0,1012196.02,80514,20260509-0,1273042.31,1273042.31,1273042.31,1092710.02,0,20260509-0
09-MAY-2026,V8001436,121411.07,0,121411.07,9635,0,0,0,0,0,0,1,0,0,121411.07,9635,20260509-0,148026.8,148026.8,148026.8,131046.07,0,20260509-0
09-MAY-2026,V8890037,0,0,0,0,0,0,0,0,0,0,1,0,0,0,0,20260509-0,3200,3200,3200,0,0,20260509-0
09-MAY-2026,VA1394,147642,0,147642,12303.5,0,0,0,0,0,0,1,0,0,147642,12303.5,20260509-0,189621.5,189621.5,189621.5,159945.5,0,20260509-0
09-MAY-2026,VA1670,362610,0,362610,30217.5,0,0,0,0,0,0,1,0,0,362610,30217.5,20260509-0,440407.5,440407.5,440407.5,392827.5,0,20260509-0
09-MAY-2026,VA2470,72522,0,72522,6043.5,0,0,0,0,0,0,1,0,0,72522,6043.5,20260509-0,28354.22,28354.22,28354.22,78565.5,50211.28,20260509-0
09-MAY-2026,VA2970,435132,0,435132,36261,0,0,0,0,0,0,1,0,0,435132,36261,20260509-0,543249,543249,543249,471393,0,20260509-0
09-MAY-2026,VA3501,1792488,0,1792488,149374,0,0,0,0,0,0,1,0,0,1792488,149374,20260509-0,1095739.66,1095739.66,1095739.66,1941862,846122.34,20260509-0
09-MAY-2026,VA555,1942728,0,1942728,161894,0,0,0,0,0,0,1,0,0,1942728,161894,20260509-0,274439.28,274439.28,274439.28,2104622,1830182.72,20260509-0
09-MAY-2026,VVBB02,2178612,0,2178612,181551,0,0,0,0,0,0,1,0,0,2178612,181551,20260509-0,2560305,2560305,2560305,2360163,0,20260509-0
09-MAY-2026,VVBS02,758808,0,758808,63234,0,0,0,0,0,0,1,0,0,758808,63234,20260509-0,878058,878058,878058,822042,0,20260509-0
09-MAY-2026,W9420010,374600.14,0,374600.14,30251.5,0,0,0,0,0,0,1,0,0,374600.14,30251.5,20260509-0,468217.59,468217.59,468217.59,404851.64,0,20260509-0
09-MAY-2026,WLL041,41004,0,41004,3417,0,0,0,0,0,0,1,0,0,41004,3417,20260509-0,48285,48285,48285,44421,0,20260509-0
09-MAY-2026,Y1510214,667896,0,667896,55658,0,0,0,0,0,0,1,0,0,667896,55658,20260509-0,764028,764028,764028,723554,0,20260509-0
09-MAY-2026,Y1510229,67470,0,67470,5622.5,0,0,0,0,0,0,1,0,0,67470,5622.5,20260509-0,76869,76869,76869,73092.5,0,20260509-0
09-MAY-2026,Y300900,67470,0,67470,5622.5,0,0,0,0,0,0,1,0,0,67470,5622.5,20260509-0,73619,73619,73619,73092.5,0,20260509-0
09-MAY-2026,Y4970073,71622,0,71622,5968.5,0,0,0,0,0,0,1,0,0,71622,5968.5,20260509-0,89658,89658,89658,77590.5,0,20260509-0
09-MAY-2026,Y4970075,286488,0,286488,23874,0,0,0,0,0,0,1,0,0,286488,23874,20260509-0,358632,358632,358632,310362,0,20260509-0
09-MAY-2026,Y4970102,143244,0,143244,11937,0,0,0,0,0,0,1,0,0,143244,11937,20260509-0,56498.65,56498.65,56498.65,155181,98682.35,20260509-0
