09-MAY-2026,01252,0,0,0,0,0,0,0,0,0,0,2,0,0
09-MAY-2026,AHMCA199,891048,0,891048,74254,0,0,0,0,0,0,1,0,0
09-MAY-2026,AHMCB167,690984,0,690984,84384,0,0,0,0,0,0,1,0,0
09-MAY-2026,AHMCC175,788640,0,788640,98580,0,0,0,0,0,0,1,0,0
09-MAY-2026,AHMCD164,154867.99,0,154867.99,12346,0,0,0,0,0,0,1,0,0
09-MAY-2026,AHMCF108,0,0,0,0,0,0,0,0,0,0,1,0,0
09-MAY-2026,AHMCH140,1323350,0,1323350,122825,0,0,0,0,0,0,1,0,0
09-MAY-2026,AHMCH155,216360,0,216360,18030,0,0,0,0,0,0,1,0,0
09-MAY-2026,AHMCK280,131440,0,131440,16430,0,0,0,0,0,0,1,0,0
09-MAY-2026,AHMCN237,0,0,0,0,0,0,0,0,0,0,1,0,0
09-MAY-2026,AHMCP175,132996,0,132996,11083,0,0,0,0,0,0,1,0,0
09-MAY-2026,AHMCP338,2078934,0,2078934,173244.5,0,0,0,0,0,0,1,0,0
09-MAY-2026,AHMCR220,0,0,0,0,0,0,0,0,0,0,1,0,0
09-MAY-2026,AHMCS575,67470,0,67470,5622.5,0,0,0,0,0,0,1,0,0
09-MAY-2026,AHMCU123,0,0,0,0,0,0,0,0,0,0,1,0,0
09-MAY-2026,AHMCV165,0,0,0,0,0,0,0,0,0,0,1,0,0
09-MAY-2026,AKA173,82008,0,82008,6834,0,0,0,0,0,0,1,0,0
09-MAY-2026,AKA417,41004,0,41004,3417,0,0,0,0,0,0,1,0,0
09-MAY-2026,AKA445,166176,0,166176,13848,0,0,0,0,0,0,1,0,0
09-MAY-2026,AKA460,250488,0,250488,20874,0,0,0,0,0,0,1,0,0
09-MAY-2026,AKG110,205020,0,205020,17085,0,0,0,0,0,0,1,0,0
09-MAY-2026,AKJ081,4838472,0,4838472,403206,0,0,0,0,0,0,1,0,0
09-MAY-2026,AKJ122,1148112,0,1148112,95676,0,0,0,0,0,0,1,0,0
09-MAY-2026,AKK111,446994,0,446994,89292,0,0,0,0,0,0,1,0,0
09-MAY-2026,AKK140,41544,0,41544,3462,0,0,0,0,0,0,1,0,0
09-MAY-2026,AKM384,415440,0,415440,34620,0,0,0,0,0,0,1,0,0
09-MAY-2026,AKR292,415440,0,415440,34620,0,0,0,0,0,0,1,0,0
09-MAY-2026,AKR321,0,0,0,0,0,0,0,0,0,0,1,0,0
09-MAY-2026,AKR412,205020,0,205020,17085,0,0,0,0,0,0,1,0,0
09-MAY-2026,AKS343,574056,0,574056,47838,0,0,0,0,0,0,1,0,0
09-MAY-2026,AKS601,2097810.06,0,2097810.06,170373,0,0,0,0,0,0,1,0,0
09-MAY-2026,AKS697,41544,0,41544,3462,0,0,0,0,0,0,1,0,0
09-MAY-2026,AKS822,683872.89,0,683872.89,56252,0,0,0,0,0,0,1,0,0
09-MAY-2026,AKV189,0,0,0,0,0,0,0,0,0,0,1,0,0
09-MAY-2026,AKV205,450504,0,450504,37542,0,0,0,0,0,0,1,0,0
09-MAY-2026,AMP103,97696.13,0,97696.13,8036,0,0,0,0,0,0,1,0,0
09-MAY-2026,AURGS9D104,164556,0,164556,13713,0,0,0,0,0,0,1,0,0
09-MAY-2026,AURGS9M114,0,0,0,0,0,0,0,0,0,0,1,0,0
09-MAY-2026,AURGS9O101,41004,0,41004,3417,0,0,0,0,0,0,1,0,0
09-MAY-2026,AURGS9S113,124632,0,124632,10386,0,0,0,0,0,0,1,0,0
09-MAY-2026,BMM198,150240,0,150240,12520,0,0,0,0,0,0,1,0,0
09-MAY-2026,BMS053,206100,0,206100,17175,0,0,0,0,0,0,1,0,0
09-MAY-2026,BMV075,199791.43,0,199791.43,16226,0,0,0,0,0,0,1,0,0
09-MAY-2026,DIRA66J101,0,0,0,0,0,0,0,0,0,0,1,0,0
09-MAY-2026,DIRB24S103,41544,0,41544,3462,0,0,0,0,0,0,1,0,0
09-MAY-2026,DIRB81A106,41544,0,41544,3462,0,0,0,0,0,0,1,0,0
09-MAY-2026,DIRB81V101,82008,0,82008,6834,0,0,0,0,0,0,1,0,0
09-MAY-2026,DIRC21K104,683872.89,0,683872.89,56252,0,0,0,0,0,0,1,0,0
09-MAY-2026,DIRC21R111,783768.61,0,783768.61,64365,0,0,0,0,0,0,1,0,0
09-MAY-2026,DIRW70P112,334188,0,334188,27849,0,0,0,0,0,0,1,0,0
09-MAY-2026,E933255,25920,0,25920,3240,0,0,0,0,0,0,1,0,0
09-MAY-2026,ERROR,25920,0,25920,3240,0,0,0,0,0,0,1,0,0
09-MAY-2026,FPB22K121,233646,0,233646,19470.5,0,0,0,0,0,0,1,0,0
09-MAY-2026,GBN10S527,143109,0,143109,17130,0,0,0,0,0,0,1,0,0
09-MAY-2026,GBN21B051,1111968,0,1111968,92664,0,0,0,0,0,0,1,0,0
09-MAY-2026,GBN21S066,1725948,0,1725948,143829,0,0,0,0,0,0,1,0,0
09-MAY-2026,GBN21S192,1517148,0,1517148,126429,0,0,0,0,0,0,1,0,0
09-MAY-2026,GBN488A116,872424,0,872424,72702,0,0,0,0,0,0,1,0,0
09-MAY-2026,GBN503A104,83088,0,83088,6924,0,0,0,0,0,0,1,0,0
09-MAY-2026,GBN503A106,83088,0,83088,6924,0,0,0,0,0,0,1,0,0
09-MAY-2026,GBN503N104,370116,0,370116,30843,0,0,0,0,0,0,1,0,0
09-MAY-2026,GBN503V111,83088,0,83088,6924,0,0,0,0,0,0,1,0,0
09-MAY-2026,GBN503V115,0,0,0,0,0,0,0,0,0,0,1,0,0
09-MAY-2026,GJBG1P106,937776,0,937776,78148,0,0,0,0,0,0,1,0,0
09-MAY-2026,GJBG1S103,472290,0,472290,39357.5,0,0,0,0,0,0,1,0,0
09-MAY-2026,GJBG1S112,872250,0,872250,72687.5,0,0,0,0,0,0,1,0,0
09-MAY-2026,GKOHNH111,762769.98,0,762769.98,62165,0,0,0,0,0,0,1,0,0
09-MAY-2026,GNP13C22,541296,0,541296,45108,0,0,0,0,0,0,1,0,0
09-MAY-2026,GNP13C76,206640,0,206640,17220,0,0,0,0,0,0,1,0,0
09-MAY-2026,GNP19J101,0,0,0,0,0,0,0,0,0,0,1,0,0
09-MAY-2026,GNP22S190,249264,0,249264,20772,0,0,0,0,0,0,1,0,0
09-MAY-2026,GNP28G25,0,0,0,0,0,0,0,0,0,0,1,0,0
09-MAY-2026,GNP28R325,2624256,0,2624256,218688,0,0,0,0,0,0,1,0,0
09-MAY-2026,GNP28V304,2419236,0,2419236,201603,0,0,0,0,0,0,1,0,0
09-MAY-2026,GNP32A101,83088,0,83088,6924,0,0,0,0,0,0,1,0,0
09-MAY-2026,GNP32A130,0,0,0,0,0,0,0,0,0,0,1,0,0
09-MAY-2026,GNP32N102,1149732,0,1149732,95811,0,0,0,0,0,0,1,0,0
09-MAY-2026,GNP32S126,41544,0,41544,3462,0,0,0,0,0,0,1,0,0
09-MAY-2026,GNP3B51,41544,0,41544,3462,0,0,0,0,0,0,1,0,0
09-MAY-2026,GNP3D011,41004,0,41004,3417,0,0,0,0,0,0,1,0,0
09-MAY-2026,GNP50M106,0,0,0,0,0,0,0,0,0,0,1,0,0
09-MAY-2026,GNP64D014,533592,0,533592,44466,0,0,0,0,0,0,1,0,0
09-MAY-2026,GNP73A131,134352,0,134352,11196,0,0,0,0,0,0,1,0,0
09-MAY-2026,GNP73D113,42156,0,42156,3513,0,0,0,0,0,0,1,0,0
09-MAY-2026,GNP73D156,168012,0,168012,14001,0,0,0,0,0,0,1,0,0
09-MAY-2026,GNP73M134,33588,0,33588,2799,0,0,0,0,0,0,1,0,0
09-MAY-2026,GNP73P155,145044,0,145044,12087,0,0,0,0,0,0,1,0,0
09-MAY-2026,GNP73S080,207720,0,207720,17310,0,0,0,0,0,0,1,0,0
09-MAY-2026,GNP75D120,123012,0,123012,10251,0,0,0,0,0,0,1,0,0
09-MAY-2026,GNP75M166,1085655.35,0,1085655.35,88781,0,0,0,0,0,0,1,0,0
09-MAY-2026,GNP7S19,0,0,0,0,0,0,0,0,0,0,1,0,0
09-MAY-2026,GORWA349,5984820,0,5984820,498735,0,0,0,0,0,0,1,0,0
09-MAY-2026,GPU181G101,249264,0,249264,20772,0,0,0,0,0,0,1,0,0
09-MAY-2026,GPU181H102,0,0,0,0,0,0,0,0,0,0,1,0,0
09-MAY-2026,GPU181P105,41004,0,41004,3417,0,0,0,0,0,0,1,0,0
09-MAY-2026,GPU181S105,41004,0,41004,3417,0,0,0,0,0,0,1,0,0
09-MAY-2026,GPU2J040,105885,0,105885,34395,0,0,0,0,0,0,1,0,0
09-MAY-2026,GPU33A114,262032,0,262032,21836,0,0,0,0,0,0,1,0,0
09-MAY-2026,GPU33A116,262032,0,262032,21836,0,0,0,0,0,0,1,0,0
09-MAY-2026,GPU33D014,83088,0,83088,6924,0,0,0,0,0,0,1,0,0
09-MAY-2026,GPU33J007,345120,0,345120,28760,0,0,0,0,0,0,1,0,0
09-MAY-2026,GPU33K011,151788,0,151788,12649,0,0,0,0,0,0,1,0,0
09-MAY-2026,GPU33K107,151788,0,151788,12649,0,0,0,0,0,0,1,0,0
09-MAY-2026,GPU33L003,41544,0,41544,3462,0,0,0,0,0,0,1,0,0
09-MAY-2026,GPU33M015,151788,0,151788,12649,0,0,0,0,0,0,1,0,0
09-MAY-2026,GPU33M017,41544,0,41544,3462,0,0,0,0,0,0,1,0,0
09-MAY-2026,GPU33M037,151788,0,151788,12649,0,0,0,0,0,0,1,0,0
09-MAY-2026,GPU33M038,262032,0,262032,21836,0,0,0,0,0,0,1,0,0
09-MAY-2026,GPU33M109,193332,0,193332,16111,0,0,0,0,0,0,1,0,0
09-MAY-2026,GPU33N012,83088,0,83088,6924,0,0,0,0,0,0,1,0,0
09-MAY-2026,GPU33P115,75894,0,75894,6324.5,0,0,0,0,0,0,1,0,0
09-MAY-2026,GPU33P116,151788,0,151788,12649,0,0,0,0,0,0,1,0,0
09-MAY-2026,GPU33P117,151788,0,151788,12649,0,0,0,0,0,0,1,0,0
09-MAY-2026,GPU33R007,345120,0,345120,28760,0,0,0,0,0,0,1,0,0
09-MAY-2026,GPU33R109,117438,0,117438,9786.5,0,0,0,0,0,0,1,0,0
09-MAY-2026,GPU33R110,151788,0,151788,12649,0,0,0,0,0,0,1,0,0
09-MAY-2026,GPU33R112,117438,0,117438,9786.5,0,0,0,0,0,0,1,0,0
09-MAY-2026,GPU33R114,151788,0,151788,12649,0,0,0,0,0,0,1,0,0
09-MAY-2026,GPU33R115,75894,0,75894,6324.5,0,0,0,0,0,0,1,0,0
09-MAY-2026,GPU33S046,234876,0,234876,19573,0,0,0,0,0,0,1,0,0
09-MAY-2026,GPU33S057,151788,0,151788,12649,0,0,0,0,0,0,1,0,0
09-MAY-2026,GPU33S119,110244,0,110244,9187,0,0,0,0,0,0,1,0,0
09-MAY-2026,GPU33T101,151788,0,151788,12649,0,0,0,0,0,0,1,0,0
09-MAY-2026,GPU33V104,220488,0,220488,18374,0,0,0,0,0,0,1,0,0
09-MAY-2026,GPU33V109,151788,0,151788,12649,0,0,0,0,0,0,1,0,0
09-MAY-2026,GPUR022,287388,0,287388,23949,0,0,0,0,0,0,1,0,0
09-MAY-2026,HCA010,3241014.3,0,3241014.3,296198,0,0,0,0,0,0,1,0,0
09-MAY-2026,HCA1141,755070,0,755070,62922.5,0,0,0,0,0,0,1,0,0
09-MAY-2026,HCA1144,2113182,0,2113182,207169,0,0,0,0,0,0,1,0,0
09-MAY-2026,HCA1159,60638,0,60638,6148.5,0,0,0,0,0,0,1,0,0
09-MAY-2026,HCA1166,1984992,0,1984992,165416,0,0,0,0,0,0,1,0,0
09-MAY-2026,HCH025,1107108,0,1107108,92259,0,0,0,0,0,0,1,0,0
09-MAY-2026,HCK101,315456,0,315456,39432,0,0,0,0,0,0,1,0,0
09-MAY-2026,HCM083,1107108,0,1107108,92259,0,0,0,0,0,0,1,0,0
09-MAY-2026,HCP058,1149282,0,1149282,124931,0,0,0,0,0,0,1,0,0
09-MAY-2026,HCS164,158208,0,158208,13184,0,0,0,0,0,0,1,0,0
09-MAY-2026,HOB502,10134318.85,0,10134318.85,866301.5,0,0,0,0,0,0,1,0,0
09-MAY-2026,HOIBG1739,0,0,0,0,0,0,0,0,0,0,1,0,0
09-MAY-2026,HOIBJ802,0,0,0,0,0,0,0,0,0,0,1,0,0
09-MAY-2026,HOIBK303,132996,0,132996,11083,0,0,0,0,0,0,1,0,0
09-MAY-2026,HOIBN894,34350,0,34350,2862.5,0,0,0,0,0,0,1,0,0
09-MAY-2026,HOIBS6011,0,0,0,0,0,0,0,0,0,0,1,0,0
09-MAY-2026,HYD4K589,0,0,0,0,0,0,0,0,0,0,1,0,0
09-MAY-2026,HYD4O541,3995828.69,0,3995828.69,324520,0,0,0,0,0,0,1,0,0
09-MAY-2026,HYD4V377,0,0,0,0,0,0,0,0,0,0,1,0,0
09-MAY-2026,HYD5R358,0,0,0,0,0,0,0,0,0,0,1,0,0
09-MAY-2026,HYD5V205,2671321.9,0,2671321.9,221030,0,0,0,0,0,0,1,0,0
09-MAY-2026,HYD92S124,879265.14,0,879265.14,72324,0,0,0,0,0,0,1,0,0
09-MAY-2026,INA1276,0,0,0,0,0,0,0,0,0,0,1,0,0
09-MAY-2026,INDC1R115,82008,0,82008,6834,0,0,0,0,0,0,1,0,0
09-MAY-2026,INSW152,217440,0,217440,18120,0,0,0,0,0,0,1,0,0
09-MAY-2026,INSWG104,0,0,0,0,0,0,0,0,0,0,1,0,0
09-MAY-2026,INSWN107,415440,0,415440,34620,0,0,0,0,0,0,1,0,0
09-MAY-2026,INSWP105,0,0,0,0,0,0,0,0,0,0,1,0,0
09-MAY-2026,INSWP122,246024,0,246024,20502,0,0,0,0,0,0,1,0,0
09-MAY-2026,INSWS119,265992,0,265992,22166,0,0,0,0,0,0,1,0,0
09-MAY-2026,INSWV110,1968192,0,1968192,164016,0,0,0,0,0,0,1,0,0
09-MAY-2026,JMMU01V047,0,0,0,0,0,0,0,0,0,0,1,0,0
09-MAY-2026,JMRBS102,197620,0,197620,18659,0,0,0,0,0,0,1,0,0
09-MAY-2026,JPBKM090,12963546,0,12963546,1080295.5,0,0,0,0,0,0,1,0,0
09-MAY-2026,JPCD9P108,2563860,0,2563860,213655,0,0,0,0,0,0,1,0,0
09-MAY-2026,JPDCD102,0,0,0,0,0,0,0,0,0,0,1,0,0
09-MAY-2026,JPGMN105,82008,0,82008,6834,0,0,0,0,0,0,1,0,0
09-MAY-2026,JPKGK021,0,0,0,0,0,0,0,0,0,0,1,0,0
09-MAY-2026,JPKT1A101,232301.99,0,232301.99,18519,0,0,0,0,0,0,1,0,0
09-MAY-2026,JPKTA263,150240,0,150240,12520,0,0,0,0,0,0,1,0,0
09-MAY-2026,JPKTA486,455869.98,0,455869.98,36590,0,0,0,0,0,0,1,0,0
09-MAY-2026,JPKTD060,2158429.99,0,2158429.99,179309.5,0,0,0,0,0,0,1,0,0
09-MAY-2026,JPKTD086,0,0,0,0,0,0,0,0,0,0,1,0,0
09-MAY-2026,JPKTD136,3311149.83,0,3311149.83,266135,0,0,0,0,0,0,1,0,0
09-MAY-2026,JPKTN254,3174793.81,0,3174793.81,253093,0,0,0,0,0,0,1,0,0
09-MAY-2026,JPKTP138,300480,0,300480,25040,0,0,0,0,0,0,1,0,0
09-MAY-2026,JPKTR368,199494,0,199494,16624.5,0,0,0,0,0,0,1,0,0
09-MAY-2026,JPKTR418,4206720,0,4206720,350560,0,0,0,0,0,0,1,0,0
09-MAY-2026,JPKTR449,1161509.93,0,1161509.93,92595,0,0,0,0,0,0,1,0,0
09-MAY-2026,JPKTS561,77434,0,77434,6173,0,0,0,0,0,0,1,0,0
09-MAY-2026,JPKTS605,2942491.82,0,2942491.82,234574,0,0,0,0,0,0,1,0,0
09-MAY-2026,JPKTS637,1994771.91,0,1994771.91,161194,0,0,0,0,0,0,1,0,0
09-MAY-2026,JPKTS638,0,0,0,0,0,0,0,0,0,0,1,0,0
09-MAY-2026,JPKTS639,0,0,0,0,0,0,0,0,0,0,1,0,0
09-MAY-2026,JPKTU103,0,0,0,0,0,0,0,0,0,0,1,0,0
09-MAY-2026,JPP1330,1135384,0,1135384,94335.5,0,0,0,0,0,0,1,0,0
09-MAY-2026,JPPR3A247,1463928,0,1463928,121994,0,0,0,0,0,0,1,0,0
09-MAY-2026,JPPR3C161,3767142,0,3767142,313928.5,0,0,0,0,0,0,1,0,0
09-MAY-2026,JPPR3D180,132996,0,132996,11083,0,0,0,0,0,0,1,0,0
09-MAY-2026,JPPR3H173,23220204,0,23220204,1935017,0,0,0,0,0,0,1,0,0
09-MAY-2026,JPPR3P205,446550,0,446550,37212.5,0,0,0,0,0,0,1,0,0
09-MAY-2026,JPPR3S286,472290,0,472290,39357.5,0,0,0,0,0,0,1,0,0
09-MAY-2026,JPSDJ102,0,0,0,0,0,0,0,0,0,0,1,0,0
09-MAY-2026,JPSHU101,337350,0,337350,28112.5,0,0,0,0,0,0,1,0,0
09-MAY-2026,JPT6R103,137400,0,137400,11450,0,0,0,0,0,0,1,0,0
09-MAY-2026,JPUDD148,67470,0,67470,5622.5,0,0,0,0,0,0,1,0,0
09-MAY-2026,JPV989,269880,0,269880,22490,0,0,0,0,0,0,1,0,0
09-MAY-2026,LTRA178,6403942.09,0,6403942.09,523641,0,0,0,0,0,0,1,0,0
09-MAY-2026,LTRR069,299687.15,0,299687.15,24339,0,0,0,0,0,0,1,0,0
09-MAY-2026,MJOC107,33588,0,33588,2799,0,0,0,0,0,0,1,0,0
09-MAY-2026,MLKB009,0,0,0,0,0,0,0,0,0,0,1,0,0
09-MAY-2026,MLKL004,0,0,0,0,0,0,0,0,0,0,1,0,0
09-MAY-2026,NHGD015,1737167.17,0,1737167.17,142647.5,0,0,0,0,0,0,1,0,0
09-MAY-2026,NHGD017,1737167.17,0,1737167.17,142647.5,0,0,0,0,0,0,1,0,0
09-MAY-2026,NHGN103,1737167.17,0,1737167.17,142647.5,0,0,0,0,0,0,1,0,0
09-MAY-2026,PCGK2A106,1718858.59,0,1718858.59,142180,0,0,0,0,0,0,1,0,0
09-MAY-2026,PCGK5P101,71622,0,71622,5968.5,0,0,0,0,0,0,1,0,0
09-MAY-2026,PCHNBHA300,75132,0,75132,6261,0,0,0,0,0,0,1,0,0
09-MAY-2026,PCHNBHD166,0,0,0,0,0,0,0,0,0,0,1,0,0
09-MAY-2026,PCHNBHG184,200850,0,200850,16737.5,0,0,0,0,0,0,1,0,0
09-MAY-2026,PCHNBHH155,0,0,0,0,0,0,0,0,0,0,1,0,0
09-MAY-2026,PCHNBHJ148,33588,0,33588,2799,0,0,0,0,0,0,1,0,0
09-MAY-2026,PCHNBHR264,67176,0,67176,5598,0,0,0,0,0,0,1,0,0
09-MAY-2026,PCHNBHS408,134352,0,134352,11196,0,0,0,0,0,0,1,0,0
09-MAY-2026,PCHNJLR135,305382,0,305382,25448.5,0,0,0,0,0,0,1,0,0
09-MAY-2026,PCHNJLR194,71622,0,71622,5968.5,0,0,0,0,0,0,1,0,0
09-MAY-2026,RPR17P97,441631.56,0,441631.56,36274,0,0,0,0,0,0,1,0,0
09-MAY-2026,TRP298,34350,0,34350,2862.5,0,0,0,0,0,0,1,0,0
09-MAY-2026,VADA238,415440,0,415440,34620,0,0,0,0,0,0,1,0,0
09-MAY-2026,VADB131,2465784,0,2465784,205482,0,0,0,0,0,0,1,0,0
09-MAY-2026,VADM246,1578672,0,1578672,131556,0,0,0,0,0,0,1,0,0
09-MAY-2026,VICPBP101,218484,0,218484,18207,0,0,0,0,0,0,1,0,0
