09-MAY-2026,00844,0,0,0,0,0,0,0,0,0,0,2,0,0
09-MAY-2026,18R505,748831.99,0,748831.99,61843,0,0,0,0,0,0,1,0,0
09-MAY-2026,3550,77434,0,77434,6173,0,0,0,0,0,0,1,0,0
09-MAY-2026,43061,13964227.72,0,13964227.72,1161153,0,0,0,0,0,0,1,0,0
09-MAY-2026,43367,300480,0,300480,25040,0,0,0,0,0,0,1,0,0
09-MAY-2026,BKNS6274,901440,0,901440,75120,0,0,0,0,0,0,1,0,0
09-MAY-2026,BKNS8547,472290,0,472290,39357.5,0,0,0,0,0,0,1,0,0
09-MAY-2026,BPM2487,0,0,0,0,0,0,0,0,0,0,1,0,0
09-MAY-2026,BTDE6049,1010688,0,1010688,84224,0,0,0,0,0,0,1,0,0
09-MAY-2026,BTDE6768,0,0,0,0,0,0,0,0,0,0,1,0,0
09-MAY-2026,BTDE8439,33588,0,33588,2799,0,0,0,0,0,0,1,0,0
09-MAY-2026,BTDE9831,880722,0,880722,78687,0,0,0,0,0,0,1,0,0
09-MAY-2026,BTDE9895,873288,0,873288,72774,0,0,0,0,0,0,1,0,0
09-MAY-2026,BW2232,0,0,0,0,0,0,0,0,0,0,1,0,0
09-MAY-2026,BWS9382,72522,0,72522,6043.5,0,0,0,0,0,0,1,0,0
09-MAY-2026,DPKE1447,0,0,0,0,0,0,0,0,0,0,1,0,0
09-MAY-2026,DTHS20464,1006641.94,0,1006641.94,80249,0,0,0,0,0,0,1,0,0
09-MAY-2026,DTHS51359,415440,0,415440,34620,0,0,0,0,0,0,1,0,0
09-MAY-2026,DTHS7283,0,0,0,0,0,0,0,0,0,0,1,0,0
09-MAY-2026,DTNI4927,34350,0,34350,2862.5,0,0,0,0,0,0,1,0,0
09-MAY-2026,DTNI52843,1126800,0,1126800,93900,0,0,0,0,0,0,1,0,0
09-MAY-2026,DTNI94550,830880,0,830880,69240,0,0,0,0,0,0,1,0,0
09-MAY-2026,DTS09797,335880,0,335880,27990,0,0,0,0,0,0,1,0,0
09-MAY-2026,DTSM02990,26288,0,26288,3286,0,0,0,0,0,0,1,0,0
09-MAY-2026,GAM002,0,0,0,0,0,0,0,0,0,0,1,0,0
09-MAY-2026,GAM056,274800,0,274800,22900,0,0,0,0,0,0,1,0,0
09-MAY-2026,GAM099,535914,0,535914,51139.5,0,0,46224,0,0,0,1,0,0
09-MAY-2026,GAPE4928,269880,0,269880,22490,0,0,0,0,0,0,1,0,0
09-MAY-2026,GBS0473,0,0,0,0,0,0,0,0,0,0,1,0,0
09-MAY-2026,GBS2391,394320,0,394320,49290,0,0,0,0,0,0,1,0,0
09-MAY-2026,GBS3501,0,0,0,0,0,0,0,0,0,0,1,0,0
09-MAY-2026,GBS5225,0,0,0,0,0,0,0,0,0,0,1,0,0
09-MAY-2026,GBS7196,0,0,0,0,0,0,0,0,0,0,1,0,0
09-MAY-2026,GBS9987,0,0,0,0,0,0,0,0,0,0,1,0,0
09-MAY-2026,GO25491,0,0,0,0,0,0,0,0,0,0,1,0,0
09-MAY-2026,GO27861,82008,0,82008,6834,0,0,0,0,0,0,1,0,0
09-MAY-2026,GO52716,929207.94,0,929207.94,74076,0,0,0,0,0,0,1,0,0
09-MAY-2026,GO750620,0,0,0,0,0,0,0,0,0,0,1,0,0
09-MAY-2026,GO94290,0,0,0,0,0,0,0,0,0,0,1,0,0
09-MAY-2026,GO96644,0,0,0,0,0,0,0,0,0,0,1,0,0
09-MAY-2026,GRJ3733,0,0,0,0,0,0,0,0,0,0,1,0,0
09-MAY-2026,GRJ5471,602455.72,0,602455.72,52153,0,0,0,0,0,0,1,0,0
09-MAY-2026,GW5318,33588,0,33588,2799,0,0,0,0,0,0,1,0,0
09-MAY-2026,HOE33001,175130.12,0,175130.12,14209,0,0,0,0,0,0,1,0,0
09-MAY-2026,HOS1650,1352160,0,1352160,112680,0,0,0,0,0,0,1,0,0
09-MAY-2026,HOS5572,0,0,0,0,0,0,0,0,0,0,1,0,0
09-MAY-2026,HSRE5339,299687.15,0,299687.15,24339,0,0,0,0,0,0,1,0,0
09-MAY-2026,HYDE2747,0,0,0,0,0,0,0,0,0,0,1,0,0
09-MAY-2026,INHDP628,100086,0,100086,8340.5,0,0,0,0,0,0,1,0,0
09-MAY-2026,JD1127,67470,0,67470,5622.5,0,0,0,0,0,0,1,0,0
09-MAY-2026,JD1555,0,0,0,0,0,0,0,0,0,0,1,0,0
09-MAY-2026,JDP234,0,0,0,0,0,0,0,0,0,0,1,0,0
09-MAY-2026,JDQ029,367434,0,367434,30619.5,0,0,0,0,0,0,1,0,0
09-MAY-2026,JDQ030,1416870,0,1416870,118072.5,0,0,0,0,0,0,1,0,0
09-MAY-2026,JLDS5898,0,0,0,0,0,0,0,0,0,0,1,0,0
09-MAY-2026,K1819,232301.99,0,232301.99,18519,0,0,0,0,0,0,1,0,0
09-MAY-2026,K2440,301020,0,301020,25085,0,0,0,0,0,0,1,0,0
09-MAY-2026,K2721,913968,0,913968,76164,0,0,0,0,0,0,1,0,0
09-MAY-2026,K2753,1003494,0,1003494,83624.5,0,0,0,0,0,0,1,0,0
09-MAY-2026,K5124,0,0,0,0,0,0,0,0,0,0,1,0,0
09-MAY-2026,K5203,1980436.13,0,1980436.13,164931,0,0,0,0,0,0,1,0,0
09-MAY-2026,K5300,0,0,0,0,0,0,0,0,0,0,1,0,0
09-MAY-2026,KBS287,33588,0,33588,2799,0,0,0,0,0,0,1,0,0
09-MAY-2026,KHK596,152026,0,152026,12389,0,0,0,0,0,0,1,0,0
09-MAY-2026,KJP03,663240,0,663240,55270,0,0,0,0,0,0,1,0,0
09-MAY-2026,KJP04,0,0,0,0,0,0,0,0,0,0,1,0,0
09-MAY-2026,KK298,302292,0,302292,25191,0,0,0,0,0,0,1,0,0
09-MAY-2026,KMJ29,232301.99,0,232301.99,18519,0,0,0,0,0,0,1,0,0
09-MAY-2026,KMJ396,77434,0,77434,6173,0,0,0,0,0,0,1,0,0
09-MAY-2026,KMJ57,0,0,0,0,0,0,0,0,0,0,1,0,0
09-MAY-2026,KMJ756,134940,0,134940,11245,0,0,0,0,0,0,1,0,0
09-MAY-2026,KMJ757,687649.98,0,687649.98,55905,0,0,0,0,0,0,1,0,0
09-MAY-2026,KN646,72522,0,72522,6043.5,0,0,0,0,0,0,1,0,0
09-MAY-2026,KRH466,77434,0,77434,6173,0,0,0,0,0,0,1,0,0
09-MAY-2026,KSB3019,150240,0,150240,12520,0,0,0,0,0,0,1,0,0
09-MAY-2026,KSB6031,1352160,0,1352160,112680,0,0,0,0,0,0,1,0,0
09-MAY-2026,KSB9705,976560,0,976560,81380,0,0,0,0,0,0,1,0,0
09-MAY-2026,KTE0097,0,0,0,0,0,0,0,0,0,0,1,0,0
09-MAY-2026,KTE0235,1568409.54,0,1568409.54,128773,0,0,0,0,0,0,1,0,0
09-MAY-2026,KTE0598,172704,0,172704,14392,0,0,17334,0,0,0,1,0,0
09-MAY-2026,KTE0802,981187.99,0,981187.99,81206,0,0,0,0,0,0,1,0,0
09-MAY-2026,KTE2285,232301.99,0,232301.99,18519,0,0,0,0,0,0,1,0,0
09-MAY-2026,KTE2290,290808,0,290808,24234,0,0,0,0,0,0,1,0,0
09-MAY-2026,KTE2611,227674,0,227674,18693,0,0,0,0,0,0,1,0,0
09-MAY-2026,KTE3433,77434,0,77434,6173,0,0,0,0,0,0,1,0,0
09-MAY-2026,KTE4237,0,0,0,0,0,0,0,0,0,0,1,0,0
09-MAY-2026,KTE5390,762769.98,0,762769.98,62165,0,0,0,0,0,0,1,0,0
09-MAY-2026,KTE6612,0,0,0,0,0,0,0,0,0,0,1,0,0
09-MAY-2026,KTE7280,0,0,0,0,0,0,0,0,0,0,1,0,0
09-MAY-2026,KTE7607,0,0,0,0,0,0,0,0,0,0,1,0,0
09-MAY-2026,KTE8698,227674,0,227674,18693,0,0,0,0,0,0,1,0,0
09-MAY-2026,KTE8889,774005.96,0,774005.96,61982,0,0,0,0,0,0,1,0,0
09-MAY-2026,KTE9491,1051680,0,1051680,87640,0,0,0,0,0,0,1,0,0
09-MAY-2026,KTE9802,217416,0,217416,18118,0,0,0,0,0,0,1,0,0
09-MAY-2026,NG10191,983688,0,983688,81974,0,0,51498,0,0,0,1,0,0
09-MAY-2026,NG10239,41004,0,41004,3417,0,0,0,0,0,0,1,0,0
09-MAY-2026,NGAE3357,319410,0,319410,26617.5,0,0,0,0,0,0,1,0,0
09-MAY-2026,NGAE5043,0,0,0,0,0,0,0,0,0,0,1,0,0
09-MAY-2026,NGAK5001,0,0,0,0,0,0,0,0,0,0,1,0,0
09-MAY-2026,NGE8549,248184,0,248184,20682,0,0,0,0,0,0,1,0,0
09-MAY-2026,NGE9165,160522,0,160522,13097,0,0,0,0,0,0,1,0,0
09-MAY-2026,NKS125,66498,0,66498,5541.5,0,0,0,0,0,0,1,0,0
09-MAY-2026,NSE1726,170226,0,170226,14185.5,0,0,0,0,0,0,1,0,0
09-MAY-2026,PTR143,944286,0,944286,78690.5,0,0,0,0,0,0,1,0,0
09-MAY-2026,PTR1433,0,0,0,0,0,0,0,0,0,0,1,0,0
09-MAY-2026,PTR183,742170,0,742170,61847.5,0,0,0,0,0,0,1,0,0
09-MAY-2026,PTR1834,404820,0,404820,33735,0,0,0,0,0,0,1,0,0
09-MAY-2026,PTR1835,742170,0,742170,61847.5,0,0,0,0,0,0,1,0,0
09-MAY-2026,PTR1836,674700,0,674700,56225,0,0,0,0,0,0,1,0,0
09-MAY-2026,PUSS5289,77434,0,77434,6173,0,0,0,0,0,0,1,0,0
09-MAY-2026,RT1046,574598.59,0,574598.59,46825,0,0,0,0,0,0,1,0,0
09-MAY-2026,RT1455,249264,0,249264,20772,0,0,0,0,0,0,1,0,0
09-MAY-2026,RT2238,67176,0,67176,5598,0,0,0,0,0,0,1,0,0
09-MAY-2026,RT2302,118338,0,118338,12021.5,0,0,0,0,0,0,1,0,0
09-MAY-2026,RT2462,0,0,0,0,0,0,0,0,0,0,1,0,0
09-MAY-2026,RTE4482,0,0,0,0,0,0,0,0,0,0,1,0,0
09-MAY-2026,RTE6435,139092,0,139092,11591,0,0,0,0,0,0,1,0,0
09-MAY-2026,RTE8918,283301.71,0,283301.71,23117,0,0,0,0,0,0,1,0,0
09-MAY-2026,RTE9677,1585152.89,0,1585152.89,129768,0,0,0,0,0,0,1,0,0
09-MAY-2026,RTS0515,33588,0,33588,2799,0,0,0,0,0,0,1,0,0
09-MAY-2026,RTV1001,328032,0,328032,27336,0,0,0,0,0,0,1,0,0
09-MAY-2026,RTV1014,1412887.72,0,1412887.72,117529,0,0,0,0,0,0,1,0,0
09-MAY-2026,SHPE97658,0,0,0,0,0,0,0,0,0,0,1,0,0
09-MAY-2026,UNE3890,0,0,0,0,0,0,0,0,0,0,1,0,0
09-MAY-2026,YNS0901,1366043.97,0,1366043.97,112158,0,0,0,0,0,0,1,0,0
09-MAY-2026,YNS7583,99895.72,0,99895.72,8113,0,0,0,0,0,0,1,0,0
