09-MAY-2026,01277,0,0,0,0,0,0,0,0,0,0,2,0,0
09-MAY-2026,AJ810,1300711.7,0,1300711.7,107341.5,0,0,0,0,0,0,1,0,0
09-MAY-2026,AU27,1349400,0,1349400,112450,0,0,0,0,0,0,1,0,0
09-MAY-2026,B1001,302794,0,302794,24953,0,0,0,0,0,0,1,0,0
09-MAY-2026,B1408,71622,0,71622,5968.5,0,0,0,0,0,0,1,0,0
09-MAY-2026,B1605,0,0,0,0,0,0,0,0,0,0,1,0,0
09-MAY-2026,B1619,72522,0,72522,6043.5,0,0,0,0,0,0,1,0,0
09-MAY-2026,B1628,0,0,0,0,0,0,0,0,0,0,1,0,0
09-MAY-2026,B1652,154867.99,0,154867.99,12346,0,0,0,0,0,0,1,0,0
09-MAY-2026,B1786,71622,0,71622,5968.5,0,0,0,0,0,0,1,0,0
09-MAY-2026,B1825,154867.99,0,154867.99,12346,0,0,0,0,0,0,1,0,0
09-MAY-2026,B5241,143244,0,143244,11937,0,0,0,0,0,0,1,0,0
09-MAY-2026,B5256,0,0,0,0,0,0,0,0,0,0,1,0,0
09-MAY-2026,B5258,175015.72,0,175015.72,14373,0,0,0,0,0,0,1,0,0
09-MAY-2026,B7526,0,0,0,0,0,0,0,0,0,0,1,0,0
09-MAY-2026,B7643,347862,0,347862,28988.5,0,0,0,0,0,0,1,0,0
09-MAY-2026,BF31,41761,4850,46611,6173,0,0,0,0,0,0,1,0,0
09-MAY-2026,BNF07,0,0,0,0,0,0,0,0,0,0,1,0,0
09-MAY-2026,BNF23,0,0,0,0,0,0,0,0,0,0,1,0,0
09-MAY-2026,DF30,0,0,0,0,0,0,0,0,0,0,1,0,0
09-MAY-2026,FPO001,0,0,0,0,0,0,0,0,0,0,1,0,0
09-MAY-2026,FPO002,157668,0,157668,13139,0,0,0,0,0,0,1,0,0
09-MAY-2026,FPO003,0,0,0,0,0,0,0,0,0,0,1,0,0
09-MAY-2026,FPO004,0,0,0,0,0,0,0,0,0,0,1,0,0
09-MAY-2026,FPO008,0,0,0,0,0,0,0,0,0,0,1,0,0
09-MAY-2026,FPO009,0,0,0,0,0,0,0,0,0,0,1,0,0
09-MAY-2026,FPO010,0,0,0,0,0,0,0,0,0,0,1,0,0
09-MAY-2026,FPO011,0,0,0,0,0,0,0,0,0,0,1,0,0
09-MAY-2026,FPO013,0,0,0,0,0,0,0,0,0,0,1,0,0
09-MAY-2026,FPO014,0,0,0,0,0,0,0,0,0,0,1,0,0
09-MAY-2026,FPO015,0,0,0,0,0,0,0,0,0,0,1,0,0
09-MAY-2026,FPO017,0,0,0,0,0,0,0,0,0,0,1,0,0
09-MAY-2026,FPO018,0,0,0,0,0,0,0,0,0,0,1,0,0
09-MAY-2026,FPO019,60636.22,0,60636.22,6148.5,0,0,0,0,0,0,1,0,0
09-MAY-2026,FPO020,0,0,0,0,0,0,0,0,0,0,1,0,0
09-MAY-2026,FPO021,0,0,0,0,0,0,0,0,0,0,1,0,0
09-MAY-2026,FPO022,0,0,0,0,0,0,0,0,0,0,1,0,0
09-MAY-2026,FPO023,0,0,0,0,0,0,0,0,0,0,1,0,0
09-MAY-2026,FPO026,0,0,0,0,0,0,0,0,0,0,1,0,0
09-MAY-2026,FPO037,0,0,0,0,0,0,0,0,0,0,1,0,0
09-MAY-2026,FPO040,0,0,0,0,0,0,0,0,0,0,1,0,0
09-MAY-2026,FPO043,0,0,0,0,0,0,0,0,0,0,1,0,0
09-MAY-2026,FPO046,0,0,0,0,0,0,0,0,0,0,1,0,0
09-MAY-2026,FPO047,0,0,0,0,0,0,0,0,0,0,1,0,0
09-MAY-2026,FPO048,0,0,0,0,0,0,0,0,0,0,1,0,0
09-MAY-2026,FPO050,0,0,0,0,0,0,0,0,0,0,1,0,0
09-MAY-2026,FPO052,75120,0,75120,6260,0,0,0,0,0,0,1,0,0
09-MAY-2026,GSF15,0,0,0,0,0,0,0,0,0,0,1,0,0
09-MAY-2026,IND04173,97696.13,0,97696.13,8036,0,0,0,0,0,0,1,0,0
09-MAY-2026,IS0744,2293980,0,2293980,191165,0,0,0,0,0,0,1,0,0
09-MAY-2026,IS11453,249264,0,249264,20772,0,0,0,0,0,0,1,0,0
09-MAY-2026,IS14525,0,0,0,0,0,0,0,0,0,0,1,0,0
09-MAY-2026,IS18119,272340,0,272340,22695,0,0,0,0,0,0,1,0,0
09-MAY-2026,IS5050,0,0,0,0,0,0,0,0,0,0,1,0,0
09-MAY-2026,IS7334,214212,0,214212,17851,0,0,0,0,0,0,1,0,0
09-MAY-2026,IS8418,184602,0,184602,15383.5,0,0,0,0,0,0,1,0,0
09-MAY-2026,ISP1300,1016970,0,1016970,84747.5,0,0,0,0,0,0,1,0,0
09-MAY-2026,ISPL2538,830880,0,830880,69240,0,0,0,0,0,0,1,0,0
09-MAY-2026,ISPL2587,75120,0,75120,6260,0,0,0,0,0,0,1,0,0
09-MAY-2026,J99,21696960,0,21696960,1808080,0,0,1714500,0,0,0,1,0,0
09-MAY-2026,LY54,1836059.15,0,1836059.15,190188,0,0,0,0,0,0,1,0,0
09-MAY-2026,MCF31,0,0,0,0,0,0,0,0,0,0,1,0,0
09-MAY-2026,PA5009,214866,0,214866,17905.5,0,0,0,0,0,0,1,0,0
09-MAY-2026,PAS132,0,0,0,0,0,0,0,0,0,0,1,0,0
09-MAY-2026,PAS2602,169290,0,169290,14107.5,0,0,0,0,0,0,1,0,0
09-MAY-2026,PAS44,0,0,0,0,0,0,0,0,0,0,1,0,0
09-MAY-2026,PAS6003,0,0,0,0,0,0,0,0,0,0,1,0,0
09-MAY-2026,RB13,82008,0,82008,6834,0,0,0,0,0,0,1,0,0
09-MAY-2026,RP16,0,0,0,0,0,0,0,0,0,0,1,0,0
09-MAY-2026,SF06,0,0,0,0,0,0,0,0,0,0,1,0,0
09-MAY-2026,SM66,0,0,0,0,0,0,0,0,0,0,1,0,0
09-MAY-2026,SS580,411102,0,411102,36418.5,0,0,0,0,0,0,1,0,0
09-MAY-2026,SS582,278962,0,278962,22967,0,0,0,0,0,0,1,0,0
09-MAY-2026,SS614,72522,0,72522,6043.5,0,0,0,0,0,0,1,0,0
09-MAY-2026,SUSPE1234N,0,0,0,0,0,0,0,0,0,0,1,0,0
09-MAY-2026,SVF30,0,0,0,0,0,0,0,0,0,0,1,0,0
09-MAY-2026,TF01,1055640,0,1055640,87970,0,0,0,0,0,0,1,0,0
09-MAY-2026,UF11,0,0,0,0,0,0,0,0,0,0,1,0,0
09-MAY-2026,VT569,0,0,0,0,0,0,0,0,0,0,1,0,0
09-MAY-2026,XA95,75120,0,75120,6260,0,0,0,0,0,0,1,0,0
09-MAY-2026,XS00707,150240,0,150240,12520,0,0,0,0,0,0,1,0,0
09-MAY-2026,Y50,0,0,0,0,0,0,0,0,0,0,1,0,0
09-MAY-2026,Y51,934503.43,0,934503.43,102664,0,0,0,0,0,0,1,0,0
09-MAY-2026,Y52,0,0,0,0,0,0,0,0,0,0,1,0,0
