09-MAY-2026,AA5236,227389.99,0.00,227389.99,18389.50,C
09-MAY-2026,AA5721,71622.00,0.00,71622.00,5968.50,C
09-MAY-2026,AB10849,1055604.00,0.00,1055604.00,219867.00,C
09-MAY-2026,AB15719,8736578.61,0.00,8736578.61,725508.50,C
09-MAY-2026,AB3126,164016.00,0.00,164016.00,13668.00,C
09-MAY-2026,AG3911,5907318.00,0.00,5907318.00,492276.50,C
09-MAY-2026,AH1253,71622.00,0.00,71622.00,5968.50,C
09-MAY-2026,AJ3816,774339.95,0.00,774339.95,61730.00,C
09-MAY-2026,AJ7034,740754.00,0.00,740754.00,61729.50,C
09-MAY-2026,AK29711,150240.00,0.00,150240.00,12520.00,C
09-MAY-2026,AM16802,41004.00,0.00,41004.00,3417.00,C
09-MAY-2026,AR202,143244.00,0.00,143244.00,11937.00,C
09-MAY-2026,AS15249,751200.00,0.00,751200.00,62600.00,C
09-MAY-2026,AS2025,0.00,0.00,0.00,19550.00,C
09-MAY-2026,AT2910,66498.00,0.00,66498.00,5541.50,C
09-MAY-2026,AV4546,33588.00,0.00,33588.00,2799.00,C
09-MAY-2026,BA1251,455904.00,0.00,455904.00,37992.00,C
09-MAY-2026,BJ1897,69336.00,0.00,69336.00,17334.00,C
09-MAY-2026,BR3543,299580.00,0.00,299580.00,24965.00,C
09-MAY-2026,CK1551,34350.00,0.00,34350.00,2862.50,C
09-MAY-2026,CL416,383616.00,0.00,383616.00,32668.00,C
09-MAY-2026,DC1658,315630.00,0.00,315630.00,26302.50,C
09-MAY-2026,DD204,991770.00,0.00,991770.00,106197.50,C
09-MAY-2026,DG9523,6013980.00,0.00,6013980.00,501165.00,C
09-MAY-2026,DP6404,591511.99,0.00,591511.99,48733.00,C
09-MAY-2026,DV568,68700.00,0.00,68700.00,9425.00,C
09-MAY-2026,GG2060,435132.00,0.00,435132.00,46161.00,C
09-MAY-2026,JF271,214866.00,0.00,214866.00,17905.50,C
09-MAY-2026,JG2712,67176.00,0.00,67176.00,5598.00,C
09-MAY-2026,JS6133,101526.00,0.00,101526.00,12560.50,C
09-MAY-2026,KA6766,72522.00,0.00,72522.00,6043.50,C
09-MAY-2026,KD3281,169290.00,0.00,169290.00,14107.50,C
09-MAY-2026,KG3651,66498.00,0.00,66498.00,5541.50,C
09-MAY-2026,KG4841,99895.72,0.00,99895.72,8113.00,C
09-MAY-2026,KH412,66498.00,0.00,66498.00,5541.50,C
09-MAY-2026,KI427,7846398.00,0.00,7846398.00,1115466.50,C
09-MAY-2026,KP4671,195392.25,0.00,195392.25,16072.00,C
09-MAY-2026,KR10641,97696.13,0.00,97696.13,8036.00,C
09-MAY-2026,LB372,123012.00,0.00,123012.00,10251.00,C
09-MAY-2026,LB793,103050.00,0.00,103050.00,8587.50,C
09-MAY-2026,LG1015,134352.00,0.00,134352.00,11196.00,C
09-MAY-2026,LS3111,100764.00,0.00,100764.00,8397.00,C
09-MAY-2026,MA4902,66498.00,0.00,66498.00,5541.50,C
09-MAY-2026,MA635,71622.00,0.00,71622.00,5968.50,C
09-MAY-2026,MB13030,77434.00,0.00,77434.00,6173.00,C
09-MAY-2026,MB2938,26288.00,0.00,26288.00,3286.00,C
09-MAY-2026,MJ4930,1374516.00,0.00,1374516.00,114543.00,C
09-MAY-2026,MJ5308,83088.00,0.00,83088.00,6924.00,C
09-MAY-2026,MJ5449,3336012.00,0.00,3336012.00,278001.00,C
09-MAY-2026,MT2606,11427786.14,0.00,11427786.14,947656.00,C
09-MAY-2026,MT4235,33588.00,0.00,33588.00,2799.00,C
09-MAY-2026,MT764,6440033.93,0.00,6440033.93,614228.00,C
09-MAY-2026,MV3276,77434.00,0.00,77434.00,6173.00,C
09-MAY-2026,NK6080,41544.00,0.00,41544.00,3862.00,C
09-MAY-2026,NM2328,247644.00,0.00,247644.00,25837.00,C
09-MAY-2026,NM4499,334608.00,0.00,334608.00,27884.00,C
09-MAY-2026,NV1976,33588.00,0.00,33588.00,2799.00,C
09-MAY-2026,PD1243,91880.80,0.00,91880.80,8421.50,C
09-MAY-2026,PD4177,390784.51,0.00,390784.51,32144.00,C
09-MAY-2026,PG10731,41004.00,0.00,41004.00,20917.00,C
09-MAY-2026,PH1265,179394.00,0.00,179394.00,14949.50,C
09-MAY-2026,PJ3797,605286.00,0.00,605286.00,54190.50,C
09-MAY-2026,PJ4778,859464.00,0.00,859464.00,71622.00,C
09-MAY-2026,PM7355,67176.00,0.00,67176.00,5598.00,C
09-MAY-2026,PP5712,0.00,0.00,0.00,5800.00,C
09-MAY-2026,PP9324,103680.00,0.00,103680.00,12960.00,C
09-MAY-2026,PR3676,337350.00,0.00,337350.00,28112.50,C
09-MAY-2026,PR5740,435132.00,0.00,435132.00,36261.00,C
09-MAY-2026,RB18804,132996.00,0.00,132996.00,11083.00,C
09-MAY-2026,RG17347,739182.00,0.00,739182.00,61598.50,C
09-MAY-2026,RK10097,290088.00,0.00,290088.00,24174.00,C
09-MAY-2026,RK20820,145044.00,0.00,145044.00,12087.00,C
09-MAY-2026,RK20891,787590.00,0.00,787590.00,82602.50,C
09-MAY-2026,RK26670,49810.50,0.00,49810.50,8460.50,C
09-MAY-2026,RL1929,2783448.00,0.00,2783448.00,231954.00,C
09-MAY-2026,RL2689,99895.72,0.00,99895.72,8113.00,C
09-MAY-2026,RM9798,68700.00,0.00,68700.00,5725.00,C
09-MAY-2026,RN11775,83088.00,0.00,83088.00,6924.00,C
09-MAY-2026,RN13891,67176.00,0.00,67176.00,5598.00,C
09-MAY-2026,RP8053,75120.00,0.00,75120.00,6260.00,C
09-MAY-2026,RR7306,99895.72,0.00,99895.72,16863.00,C
09-MAY-2026,RS14093,0.00,0.00,0.00,300.00,C
09-MAY-2026,RS5472,41004.00,0.00,41004.00,3417.00,C
09-MAY-2026,SA17318,1242661.17,0.00,1242661.17,288759.00,C
09-MAY-2026,SC8481,34350.00,0.00,34350.00,2862.50,C
09-MAY-2026,SF428,167940.00,0.00,167940.00,13995.00,C
09-MAY-2026,SI2599,377850.00,0.00,377850.00,31487.50,C
09-MAY-2026,SJ11749,152554.00,0.00,152554.00,12433.00,C
09-MAY-2026,SJ9394,67176.00,0.00,67176.00,5598.00,C
09-MAY-2026,SK27604,167940.00,0.00,167940.00,13995.00,C
09-MAY-2026,SM17964,101820.00,0.00,101820.00,8485.00,C
09-MAY-2026,SM19975,77434.00,0.00,77434.00,6173.00,C
09-MAY-2026,SR12181,0.00,0.00,0.00,24300.00,C
09-MAY-2026,SS107150,195084.00,0.00,195084.00,18417.00,C
09-MAY-2026,TC164,640458.00,0.00,640458.00,53371.50,C
09-MAY-2026,TM2108,337350.00,0.00,337350.00,28112.50,C
09-MAY-2026,UK1313,33588.00,0.00,33588.00,2799.00,C
09-MAY-2026,VA3557,199494.00,0.00,199494.00,16624.50,C
09-MAY-2026,VB1366,132996.00,0.00,132996.00,11083.00,C
09-MAY-2026,VK5657,1367745.78,0.00,1367745.78,112504.00,C
09-MAY-2026,VL999,872424.00,0.00,872424.00,72702.00,C
09-MAY-2026,VM3537,1079520.00,0.00,1079520.00,89960.00,C
09-MAY-2026,VP6262,105152.00,0.00,105152.00,13144.00,C
09-MAY-2026,VP8291,0.00,0.00,0.00,2862.50,C
09-MAY-2026,VS7551,1315908.00,0.00,1315908.00,111859.00,C
09-MAY-2026,VS9688,0.00,0.00,0.00,3000.00,C
09-MAY-2026,YG597,66498.00,0.00,66498.00,5541.50,C
