09-MAY-2026,01262,0,0,0,0,0,0,0,0,0,0,2,0,0
09-MAY-2026,108HN,375600,0,375600,31300,0,0,0,0,0,0,1,0,0
09-MAY-2026,1NIK9,0,0,0,0,0,0,0,0,0,0,1,0,0
09-MAY-2026,2OGR2,5986584,0,5986584,498882,0,0,0,0,0,0,1,0,0
09-MAY-2026,46MT8,199791.43,0,199791.43,16226,0,0,0,0,0,0,1,0,0
09-MAY-2026,5VCW9,2705920,0,2705920,269000,0,0,0,0,0,0,1,0,0
09-MAY-2026,984W2,28110564,0,28110564,2342547,0,0,0,0,0,0,1,0,0
09-MAY-2026,98C25,26837802,0,26837802,2236483.5,0,0,0,0,0,0,1,0,0
09-MAY-2026,A0NSN,0,0,0,0,0,0,0,0,0,0,1,0,0
09-MAY-2026,A0RZI,18621720,0,18621720,1551810,0,0,0,0,0,0,1,0,0
09-MAY-2026,A16M1,63531,0,63531,20637,0,0,0,0,0,0,1,0,0
09-MAY-2026,A17HW,4424224.76,0,4424224.76,527972,0,0,0,0,0,0,1,0,0
09-MAY-2026,B091A,154867.99,0,154867.99,12346,0,0,0,0,0,0,1,0,0
09-MAY-2026,B097R,0,0,0,0,0,0,0,0,0,0,1,0,0
09-MAY-2026,C084L,21804243.21,0,21804243.21,1770568,0,0,0,0,0,0,1,0,0
09-MAY-2026,DH5F0,229987.99,0,229987.99,18606,0,0,0,0,0,0,1,0,0
09-MAY-2026,F00VU,71622,0,71622,5968.5,0,0,0,0,0,0,1,0,0
09-MAY-2026,F017P,50121277.07,0,50121277.07,5290314.5,0,0,0,0,0,0,1,0,0
09-MAY-2026,F01JP,0,0,0,0,0,0,0,0,0,0,1,0,0
09-MAY-2026,G06EY,6368850,0,6368850,530737.5,0,0,0,0,0,0,1,0,0
09-MAY-2026,G0AHZ,508906,0,508906,42129,0,0,0,0,0,0,1,0,0
09-MAY-2026,G0AQ6,44539353,0,44539353,3753439,0,0,0,0,0,0,1,0,0
09-MAY-2026,G0BYV,202410,0,202410,16867.5,0,0,0,0,0,0,1,0,0
09-MAY-2026,H09CZ,150240,0,150240,12520,0,0,0,0,0,0,1,0,0
09-MAY-2026,HI004,33588,0,33588,2799,0,0,0,0,0,0,1,0,0
09-MAY-2026,I01O7,1434800,0,1434800,179350,0,0,0,0,0,0,1,0,0
09-MAY-2026,I02BR,7668090,0,7668090,1069970,0,0,0,0,0,0,1,0,0
09-MAY-2026,J07EG,3736160,0,3736160,467020,0,0,0,0,0,0,1,0,0
09-MAY-2026,J0BJG,2163618,0,2163618,180301.5,0,0,0,0,0,0,1,0,0
09-MAY-2026,K0BQO,3230160,0,3230160,269180,0,0,0,0,0,0,1,0,0
09-MAY-2026,K0K6D,791694.92,0,791694.92,155195,0,0,0,0,0,0,1,0,0
09-MAY-2026,K0M2P,725220,0,725220,60435,0,0,0,0,0,0,1,0,0
09-MAY-2026,KEO72,20538190.25,0,20538190.25,1909720.5,0,0,0,0,0,0,1,0,0
09-MAY-2026,KU1Y0,214866,0,214866,17905.5,0,0,0,0,0,0,1,0,0
09-MAY-2026,M0IIK,954684,0,954684,79557,0,0,0,0,0,0,1,0,0
09-MAY-2026,M0REY,268704,0,268704,22392,0,0,0,0,0,0,1,0,0
09-MAY-2026,M0RJJ,434782.11,0,434782.11,39653,0,0,0,0,0,0,1,0,0
09-MAY-2026,M11AJ,851154,0,851154,70929.5,0,0,0,0,0,0,1,0,0
09-MAY-2026,N0JM3,187980,0,187980,15665,0,0,0,0,0,0,1,0,0
09-MAY-2026,P0TNV,0,0,0,0,0,0,0,0,0,0,1,0,0
09-MAY-2026,R0J4W,0,0,0,0,0,0,0,0,0,0,1,0,0
09-MAY-2026,R0MEK,5258400,0,5258400,438200,0,0,0,0,0,0,1,0,0
09-MAY-2026,R0RPY,10086480,0,10086480,840540,0,0,0,0,0,0,1,0,0
09-MAY-2026,RV426,77434,0,77434,6173,0,0,0,0,0,0,1,0,0
09-MAY-2026,RV763,1058621.99,0,1058621.99,87379,0,0,0,0,0,0,1,0,0
09-MAY-2026,S146S,12863796,0,12863796,1071983,0,0,208626,0,0,0,1,0,0
09-MAY-2026,S1678,380227.99,0,380227.99,31126,0,0,0,0,0,0,1,0,0
09-MAY-2026,S1KGP,6631555.65,0,6631555.65,531922,0,0,0,0,0,0,1,0,0
09-MAY-2026,S1NSP,4193208,0,4193208,349434,0,0,0,0,0,0,1,0,0
09-MAY-2026,S1OLG,0,0,0,0,0,0,0,0,0,0,1,0,0
09-MAY-2026,S1R8I,335880,0,335880,27990,0,0,0,0,0,0,1,0,0
09-MAY-2026,S1SU5,851773.95,0,851773.95,67903,0,0,0,0,0,0,1,0,0
09-MAY-2026,S1TN8,4099130,0,4099130,434697.5,0,0,0,0,0,0,1,0,0
09-MAY-2026,S1V9J,1511655.98,0,1511655.98,124852,0,0,0,0,0,0,1,0,0
09-MAY-2026,T064R,3324900,0,3324900,277075,0,0,0,0,0,0,1,0,0
09-MAY-2026,V0AW9,1298644.32,0,1298644.32,105469,0,0,0,0,0,0,1,0,0
09-MAY-2026,V0DQ9,41004,0,41004,3417,0,0,0,0,0,0,1,0,0
09-MAY-2026,V0H2A,0,0,0,0,0,0,0,0,0,0,1,0,0
09-MAY-2026,V0IOV,5861237.12,0,5861237.12,482962,0,0,0,0,0,0,1,0,0
09-MAY-2026,V1YFC,0,0,0,0,0,0,0,0,0,0,1,0,0
09-MAY-2026,V1ZA5,298111.99,0,298111.99,24283,0,0,0,0,0,0,1,0,0
09-MAY-2026,WAPD4,0,0,0,0,0,0,0,0,0,0,1,0,0
09-MAY-2026,WEOAB,1183381.99,0,1183381.99,98055.5,0,0,0,0,0,0,1,0,0
09-MAY-2026,WF8TQ,1383757.95,0,1383757.95,112235,0,0,0,0,0,0,1,0,0
09-MAY-2026,WFKWN,1974174,0,1974174,164514.5,0,0,0,0,0,0,1,0,0
09-MAY-2026,X14JQ,0,0,0,0,0,0,0,0,0,0,1,0,0
09-MAY-2026,X16YM,464603.97,0,464603.97,37038,0,0,0,0,0,0,1,0,0
09-MAY-2026,X17W2,41544,0,41544,3462,0,0,0,0,0,0,1,0,0
09-MAY-2026,X4FB6,34350,0,34350,2862.5,0,0,0,0,0,0,1,0,0
09-MAY-2026,X4LQJ,0,0,0,0,0,0,0,0,0,0,1,0,0
09-MAY-2026,X72MX,477081.98,0,477081.98,38637.5,0,0,0,0,0,0,1,0,0
09-MAY-2026,XA5K9,7081380,0,7081380,590115,0,0,0,0,0,0,1,0,0
09-MAY-2026,XB5RD,335880,0,335880,27990,0,0,0,0,0,0,1,0,0
09-MAY-2026,XE95O,34350,0,34350,2862.5,0,0,0,0,0,0,1,0,0
09-MAY-2026,XEWYK,452979.98,0,452979.98,36629,0,0,0,0,0,0,1,0,0
09-MAY-2026,XI9GX,0,0,0,0,0,0,0,0,0,0,1,0,0
09-MAY-2026,XLZFR,572976,0,572976,47748,0,0,0,0,0,0,1,0,0
09-MAY-2026,XSXKP,1683031.91,0,1683031.91,134656,0,0,0,0,0,0,1,0,0
09-MAY-2026,XUBQP,0,0,0,0,0,0,0,0,0,0,1,0,0
09-MAY-2026,XVDFZ,1375299.95,0,1375299.95,111810,0,0,0,0,0,0,1,0,0
09-MAY-2026,XW64C,41004,0,41004,3417,0,0,0,0,0,0,1,0,0
09-MAY-2026,XW666,41004,0,41004,3417,0,0,0,0,0,0,1,0,0
09-MAY-2026,Y5UFN,72522,0,72522,6043.5,0,0,0,0,0,0,1,0,0
09-MAY-2026,Y6CO3,150240,0,150240,12520,0,0,0,0,0,0,1,0,0
09-MAY-2026,Y7COQ,197591.84,0,197591.84,16149,0,0,0,0,0,0,1,0,0
09-MAY-2026,YBILW,797436,0,797436,66453,0,0,0,0,0,0,1,0,0
09-MAY-2026,YC7VM,683488,0,683488,85436,0,0,0,0,0,0,1,0,0
09-MAY-2026,YG7OE,150240,0,150240,12520,0,0,0,0,0,0,1,0,0
09-MAY-2026,YI2VU,4099130,0,4099130,434697.5,0,0,0,0,0,0,1,0,0
09-MAY-2026,YJ0OL,77434,0,77434,6173,0,0,0,0,0,0,1,0,0
09-MAY-2026,YJ70X,497279,0,497279,40488,0,0,0,0,0,0,1,0,0
09-MAY-2026,YLWNK,33588,0,33588,2799,0,0,0,0,0,0,1,0,0
09-MAY-2026,YLYNU,0,0,0,0,0,0,0,0,0,0,1,0,0
09-MAY-2026,YSP8R,0,0,0,0,0,0,0,0,0,0,1,0,0
09-MAY-2026,YTVIW,214866,0,214866,17905.5,0,0,0,0,0,0,1,0,0
09-MAY-2026,YUH75,0,0,0,0,0,0,0,0,0,0,1,0,0
09-MAY-2026,YVA7T,368604,0,368604,30717,0,0,0,0,0,0,1,0,0
09-MAY-2026,YVYRC,2224432,0,2224432,263586,0,0,23112,0,0,0,1,0,0
09-MAY-2026,YXK0H,1843518,0,1843518,153626.5,0,0,0,0,0,0,1,0,0
09-MAY-2026,Z2CE9,222762,0,222762,18563.5,0,0,0,0,0,0,1,0,0
09-MAY-2026,ZD588,3869911.92,0,3869911.92,317735.5,0,0,0,0,0,0,1,0,0
09-MAY-2026,ZDJ2D,6993880.84,0,6993880.84,580018,0,0,57780,0,0,0,1,0,0
09-MAY-2026,ZIEXH,497673.43,0,497673.43,41049.5,0,0,0,0,0,0,1,0,0
09-MAY-2026,ZM9GR,74592,0,74592,6216,0,0,0,0,0,0,1,0,0
09-MAY-2026,ZO4DO,0,0,0,0,0,0,0,0,0,0,1,0,0
09-MAY-2026,ZQKF5,664980,0,664980,55415,0,0,0,0,0,0,1,0,0
09-MAY-2026,ZU124,6170663.41,0,6170663.41,506918,0,0,0,0,0,0,1,0,0
09-MAY-2026,ZUCPJ,362610,0,362610,30217.5,0,0,0,0,0,0,1,0,0
09-MAY-2026,ZWFKE,0,0,0,0,0,0,0,0,0,0,1,0,0
