09-MAY-2026,00067,0,0,0,0,0,0,0,0,0,0,2,0,0
09-MAY-2026,0058,0,0,0,0,0,0,0,0,0,0,1,0,0
09-MAY-2026,04960,75120,0,75120,6260,0,0,0,0,0,0,1,0,0
09-MAY-2026,0520,715440,0,715440,77980,0,0,0,0,0,0,1,0,0
09-MAY-2026,10950,0,0,0,0,0,0,0,0,0,0,1,0,0
09-MAY-2026,1150,51840,0,51840,6480,0,0,0,0,0,0,1,0,0
09-MAY-2026,140013,41004,0,41004,3417,0,0,0,0,0,0,1,0,0
09-MAY-2026,15481,864474,0,864474,72039.5,0,0,0,0,0,0,1,0,0
09-MAY-2026,15973,5740398.15,0,5740398.15,473536,0,0,0,0,0,0,1,0,0
09-MAY-2026,15974,205020,0,205020,17085,0,0,0,0,0,0,1,0,0
09-MAY-2026,15984,0,0,0,0,0,0,0,0,0,0,1,0,0
09-MAY-2026,21626,1172996,0,1172996,118561,0,0,0,0,0,0,1,0,0
09-MAY-2026,22714,1074330,0,1074330,89527.5,0,0,0,0,0,0,1,0,0
09-MAY-2026,23993,1150493,0,1150493,122778.5,0,0,0,0,0,0,1,0,0
09-MAY-2026,25281,0,0,0,0,0,0,0,0,0,0,1,0,0
09-MAY-2026,25666,0,0,0,0,0,0,0,0,0,0,1,0,0
09-MAY-2026,27881,443496,0,443496,36958,0,0,0,0,0,0,1,0,0
09-MAY-2026,36414,0,0,0,0,0,0,0,0,0,0,1,0,0
09-MAY-2026,38214,578336,0,578336,72292,0,0,0,0,0,0,1,0,0
09-MAY-2026,38282,358110,0,358110,29842.5,0,0,0,0,0,0,1,0,0
09-MAY-2026,38737,323886,0,323886,39054.5,0,0,0,0,0,0,1,0,0
09-MAY-2026,39825,0,0,0,0,0,0,0,0,0,0,1,0,0
09-MAY-2026,39884,0,0,0,0,0,0,0,0,0,0,1,0,0
09-MAY-2026,39905,2864880,0,2864880,238740,0,0,0,0,0,0,1,0,0
09-MAY-2026,43700,1084358.99,0,1084358.99,94638,0,0,0,0,0,0,1,0,0
09-MAY-2026,43702,0,0,0,0,0,0,0,0,0,0,1,0,0
09-MAY-2026,44830,3956412,0,3956412,329701,0,0,0,0,0,0,1,0,0
09-MAY-2026,45452,0,0,0,0,0,0,0,0,0,0,1,0,0
09-MAY-2026,60809,64324680,0,64324680,6923650,0,0,0,0,0,1248825.6,1,0,0
09-MAY-2026,65303,203052,0,203052,16921,0,0,0,0,0,0,1,0,0
09-MAY-2026,74940,3517060.57,0,3517060.57,289296,0,0,0,0,0,0,1,0,0
09-MAY-2026,74943,830880,0,830880,69240,0,0,0,0,0,0,1,0,0
09-MAY-2026,76553,1486647.94,0,1486647.94,131049.5,0,0,0,0,0,0,1,0,0
09-MAY-2026,76557,1104096,0,1104096,138012,0,0,0,0,0,0,1,0,0
09-MAY-2026,76563,0,0,0,0,0,0,0,0,0,0,1,0,0
09-MAY-2026,85326,41544,0,41544,3462,0,0,0,0,0,0,1,0,0
09-MAY-2026,90089,0,0,0,0,0,0,0,0,0,0,1,0,0
09-MAY-2026,90425,0,0,0,0,0,0,0,0,0,0,1,0,0
09-MAY-2026,95128,66498,0,66498,5541.5,0,0,0,0,0,0,1,0,0
09-MAY-2026,98715,1354688,0,1354688,146846,0,0,0,0,0,0,1,0,0
09-MAY-2026,BB0046,531720,0,531720,60740,0,0,0,0,0,0,1,0,0
09-MAY-2026,BB0052,0,0,0,0,0,0,0,0,0,0,1,0,0
09-MAY-2026,BB0135,0,0,0,0,0,0,0,0,0,0,1,0,0
09-MAY-2026,BB10040,68700,0,68700,5725,0,0,0,0,0,0,1,0,0
09-MAY-2026,BB10080,143244,0,143244,11937,0,0,0,0,0,0,1,0,0
09-MAY-2026,BP0027,71622,0,71622,5968.5,0,0,0,0,0,0,1,0,0
09-MAY-2026,DC10065,414720,0,414720,34560,0,0,0,0,0,0,1,0,0
09-MAY-2026,DH10013,1450440,0,1450440,120870,0,0,0,0,0,0,1,0,0
09-MAY-2026,DHS009,358110,0,358110,29842.5,0,0,0,0,0,0,1,0,0
09-MAY-2026,EUA001,6336062.38,0,6336062.38,1324575,0,0,0,0,0,0,1,0,0
09-MAY-2026,HH0008,0,0,0,0,0,0,0,0,0,0,1,0,0
09-MAY-2026,HO10163,293538.01,0,293538.01,62252,0,0,0,0,0,0,1,0,0
09-MAY-2026,HO10404,235772.98,0,235772.98,37212,0,0,0,0,0,0,1,0,0
09-MAY-2026,HO10430,3262427.12,0,3262427.12,756329,0,0,0,0,0,0,1,0,0
09-MAY-2026,HTS10002,97542,0,97542,9208.5,0,0,0,0,0,0,1,0,0
09-MAY-2026,HTS10006,77434,0,77434,6173,0,0,0,0,0,0,1,0,0
09-MAY-2026,MI10013,41004,0,41004,3417,0,0,0,0,0,0,1,0,0
09-MAY-2026,MP10007,572976,0,572976,47748,0,0,0,0,0,0,1,0,0
09-MAY-2026,MP10022,0,0,0,0,0,0,0,0,0,0,1,0,0
09-MAY-2026,MP10026,876899.99,0,876899.99,72235.5,0,0,0,0,0,0,1,0,0
09-MAY-2026,MP10032,143244,0,143244,11937,0,0,0,0,0,0,1,0,0
09-MAY-2026,MU0861,25384426.3,0,25384426.3,2084849,0,0,0,0,0,0,1,0,0
09-MAY-2026,NKL10082,466755.43,0,466755.43,38473,0,0,0,0,0,0,1,0,0
09-MAY-2026,NSS10006,34350,0,34350,2862.5,0,0,0,0,0,0,1,0,0
09-MAY-2026,NSS10027,0,0,0,0,0,0,0,0,0,0,1,0,0
09-MAY-2026,NSS10041,0,0,0,0,0,0,0,0,0,0,1,0,0
09-MAY-2026,NSS10042,0,0,0,0,0,0,0,0,0,0,1,0,0
09-MAY-2026,PR10094,210420,0,210420,17535,0,0,0,0,0,0,1,0,0
09-MAY-2026,RA0023,438642,0,438642,36553.5,0,0,0,0,0,0,1,0,0
09-MAY-2026,RA0028,1240344,0,1240344,103362,0,0,0,0,0,0,1,0,0
09-MAY-2026,RB0010,1889910,0,1889910,220522.5,0,0,0,0,0,0,1,0,0
09-MAY-2026,RB10006,68700,0,68700,5725,0,0,0,0,0,0,1,0,0
09-MAY-2026,RB10033,68700,0,68700,5725,0,0,0,0,0,0,1,0,0
09-MAY-2026,RSE081,0,0,0,0,0,0,0,0,0,0,1,0,0
09-MAY-2026,SI0044,286488,0,286488,23874,0,0,0,0,0,0,1,0,0
09-MAY-2026,SVE015,71622,0,71622,5968.5,0,0,0,0,0,0,1,0,0
09-MAY-2026,UA0012,1272084,0,1272084,106007,0,0,0,0,0,0,1,0,0
09-MAY-2026,UA10003,5298077.3,0,5298077.3,1416840,0,0,0,0,0,0,1,0,0
09-MAY-2026,UA10006,0,0,0,0,0,0,0,0,0,0,1,0,0
09-MAY-2026,US10003,269880,0,269880,22490,0,0,0,0,0,0,1,0,0
09-MAY-2026,YT10003,0,0,0,0,0,0,0,0,0,0,1,0,0
09-MAY-2026,YT10007,51840,0,51840,6480,0,0,0,0,0,0,1,0,0
