09-MAY-2026,AA2827,67176.00,0.00,67176.00,5598.00,C
09-MAY-2026,AA2834,67176.00,0.00,67176.00,5598.00,C
09-MAY-2026,AA6286,195392.25,0.00,195392.25,16072.00,C
09-MAY-2026,AA6300,549600.00,0.00,549600.00,45800.00,C
09-MAY-2026,AAD691,2907500.00,0.00,2907500.00,229000.00,C
09-MAY-2026,AAN328,67176.00,0.00,67176.00,5598.00,C
09-MAY-2026,AAR072,100764.00,0.00,100764.00,8397.00,C
09-MAY-2026,AAR211,199494.00,0.00,199494.00,16624.50,C
09-MAY-2026,AAS101,2349710.22,0.00,2349710.22,190759.00,C
09-MAY-2026,AAS174,207720.00,0.00,207720.00,17310.00,C
09-MAY-2026,AAV401,985759.63,0.00,985759.63,80668.00,C
09-MAY-2026,AB3517,755700.00,0.00,755700.00,62975.00,C
09-MAY-2026,BB4005,403017.00,800.00,403817.00,65285.00,C
09-MAY-2026,BM5002,1281930.00,0.00,1281930.00,106827.50,C
09-MAY-2026,BS0002,480900.00,0.00,480900.00,40075.00,C
09-MAY-2026,BS0075,2059476.00,0.00,2059476.00,171623.00,C
09-MAY-2026,BS0077,274800.00,0.00,274800.00,22900.00,C
09-MAY-2026,MA4069,7514274.00,0.00,7514274.00,626189.50,C
09-MAY-2026,MA4120,41544.00,0.00,41544.00,3462.00,C
09-MAY-2026,MA4143,3996726.00,0.00,3996726.00,333060.50,C
09-MAY-2026,MA4152,2163006.00,0.00,2163006.00,264708.00,C
09-MAY-2026,MA4162,2807748.00,0.00,2807748.00,540834.00,C
09-MAY-2026,MA4165,7417812.00,0.00,7417812.00,618151.00,C
09-MAY-2026,MA4181,456984.00,0.00,456984.00,38082.00,C
09-MAY-2026,MA4187,410040.00,0.00,410040.00,34170.00,C
09-MAY-2026,MA4195,2673528.00,0.00,2673528.00,222794.00,C
09-MAY-2026,MA4204,166176.00,0.00,166176.00,13848.00,C
09-MAY-2026,PRO_01303,4433574.44,0.00,4433574.44,361761.00,P
