09-MAY-2026,01007,0,0,0,0,0,0,0,0,0,0,2,0,0
09-MAY-2026,10563,11025717.08,0,11025717.08,910579.5,0,0,0,0,0,0,1,0,0
09-MAY-2026,1572,0,0,0,0,0,0,0,0,0,0,1,0,0
09-MAY-2026,3680,0,0,0,0,0,0,0,0,0,0,1,0,0
09-MAY-2026,3919,33588,0,33588,2799,0,0,0,0,0,0,1,0,0
09-MAY-2026,6748,0,0,0,0,0,0,0,0,0,0,1,0,0
09-MAY-2026,7885,168595.72,0,168595.72,13838,0,0,0,0,0,0,1,0,0
09-MAY-2026,9545084674,0,0,0,0,0,0,0,0,0,0,1,0,0
09-MAY-2026,A02189,0,0,0,0,0,0,0,0,0,0,1,0,0
09-MAY-2026,A124059,71622,0,71622,5968.5,0,0,0,0,0,0,1,0,0
09-MAY-2026,A141300,0,0,0,0,0,0,0,0,0,0,1,0,0
09-MAY-2026,A6155070,0,0,0,0,0,0,0,0,0,0,1,0,0
09-MAY-2026,A684673,145044,0,145044,12087,0,0,0,0,0,0,1,0,0
09-MAY-2026,A78754,41004,0,41004,3417,0,0,0,0,0,0,1,0,0
09-MAY-2026,A810232,332490,0,332490,27707.5,0,0,0,0,0,0,1,0,0
09-MAY-2026,A810330,0,0,0,0,0,0,0,0,0,0,1,0,0
09-MAY-2026,A82733,0,0,0,0,0,0,0,0,0,0,1,0,0
09-MAY-2026,A82744,4307848,0,4307848,360160,0,0,0,0,0,0,1,0,0
09-MAY-2026,A82747,4694472,0,4694472,391206,0,0,0,0,0,0,1,0,0
09-MAY-2026,A82748,3863592,0,3863592,321966,0,0,0,0,0,0,1,0,0
09-MAY-2026,A82749,41544,0,41544,3462,0,0,0,0,0,0,1,0,0
09-MAY-2026,A84505,1627786.51,0,1627786.51,135470,0,0,0,0,0,0,1,0,0
09-MAY-2026,A84510,638059.72,0,638059.72,52960,0,0,0,0,0,0,1,0,0
09-MAY-2026,A84513,1416843.98,0,1416843.98,116951,0,0,0,0,0,0,1,0,0
09-MAY-2026,A84515,78816.11,0,78816.11,6924,0,0,0,0,0,0,1,0,0
09-MAY-2026,A84522,231192,0,231192,19266,0,0,0,0,0,0,1,0,0
09-MAY-2026,A84525,67176,0,67176,5598,0,0,0,0,0,0,1,0,0
09-MAY-2026,A84526,0,0,0,0,0,0,0,0,0,0,1,0,0
09-MAY-2026,A917131,0,0,0,0,0,0,0,0,0,0,1,0,0
09-MAY-2026,A917235,147384,0,147384,12282,0,0,0,0,0,0,1,0,0
09-MAY-2026,A917236,2483045.99,0,2483045.99,206081,0,0,0,0,0,0,1,0,0
09-MAY-2026,A91771,65962.33,0,65962.33,5541.5,0,0,0,0,0,0,1,0,0
09-MAY-2026,A91777,1805335.52,0,1805335.52,216578,0,0,0,0,0,0,1,0,0
09-MAY-2026,A91780,1093579.96,0,1093579.96,88893,0,0,0,0,0,0,1,0,0
09-MAY-2026,A98495,1219987.96,0,1219987.96,99427,0,0,0,0,0,0,1,0,0
09-MAY-2026,B102025,0,0,0,0,0,0,0,0,0,0,1,0,0
09-MAY-2026,B1039103,235194,0,235194,19599.5,0,0,5778,0,0,0,1,0,0
09-MAY-2026,B103915,2490838.11,0,2490838.11,206625,0,0,45720,0,0,0,1,0,0
09-MAY-2026,B1039293,0,0,0,0,0,0,0,0,0,0,1,0,0
09-MAY-2026,B1039317,0,0,0,0,0,0,0,0,0,0,1,0,0
09-MAY-2026,B10715,199632.04,0,199632.04,16737.5,0,0,0,0,0,0,1,0,0
09-MAY-2026,B15601,298111.99,0,298111.99,24283,0,0,0,0,0,0,1,0,0
09-MAY-2026,B172115,0,0,0,0,0,0,0,0,0,0,1,0,0
09-MAY-2026,B17281,35180,0,35180,3518,0,0,0,0,0,0,1,0,0
09-MAY-2026,B231144,0,0,0,0,0,0,0,0,0,0,1,0,0
09-MAY-2026,B231146,0,0,0,0,0,0,0,0,0,0,1,0,0
09-MAY-2026,B231151,0,0,0,0,0,0,0,0,0,0,1,0,0
09-MAY-2026,B231155,0,0,0,0,0,0,0,0,0,0,1,0,0
09-MAY-2026,B231161,249264,0,249264,20772,0,0,0,0,0,0,1,0,0
09-MAY-2026,B2331151,0,0,0,0,0,0,0,0,0,0,1,0,0
09-MAY-2026,B26811,0,0,0,0,0,0,0,0,0,0,1,0,0
09-MAY-2026,B28919,67470,0,67470,5622.5,0,0,0,0,0,0,1,0,0
09-MAY-2026,B28957,0,0,0,0,0,0,0,0,0,0,1,0,0
09-MAY-2026,B33111,345408,0,345408,28784,0,0,34668,0,0,0,1,0,0
09-MAY-2026,B33765,0,0,0,0,0,0,0,0,0,0,1,0,0
09-MAY-2026,B36292,143244,0,143244,11937,0,0,0,0,0,0,1,0,0
09-MAY-2026,B44906,0,0,0,0,0,0,0,0,0,0,1,0,0
09-MAY-2026,B449100,0,0,0,0,0,0,0,0,0,0,1,0,0
09-MAY-2026,B44973,0,0,0,0,0,0,0,0,0,0,1,0,0
09-MAY-2026,B45228,0,0,0,0,0,0,0,0,0,0,1,0,0
09-MAY-2026,B45307,206100,0,206100,17175,0,0,0,0,0,0,1,0,0
09-MAY-2026,B46402,0,0,0,0,0,0,0,0,0,0,1,0,0
09-MAY-2026,B46403,214866,0,214866,17905.5,0,0,0,0,0,0,1,0,0
09-MAY-2026,REF7806,0,0,0,0,0,0,0,0,0,0,1,0,0
09-MAY-2026,SUSPE1234N,0,0,0,0,0,0,0,0,0,0,1,0,0
