09-MAY-2026,00011,0,0,0,0,0,0,0,0,0,0,2,0,0,0,0,20260509-0,35000000,40000000,40000000,0,0,20260509-0
09-MAY-2026,1011830,0,0,0,0,0,0,0,0,0,0,1,0,0,0,0,20260509-0,9240.61,9240.61,9240.61,0,0,20260509-0
09-MAY-2026,1012198,0,0,0,0,0,0,0,0,0,0,1,0,0,0,0,20260509-0,75685.09,75685.09,75685.09,0,0,20260509-0
09-MAY-2026,1131330,0,0,0,0,0,0,0,0,0,0,1,0,0,0,0,20260509-0,380,380,380,0,0,20260509-0
09-MAY-2026,119443,0,0,0,0,0,0,0,0,0,0,1,0,0,0,0,20260509-0,637.15,637.15,637.15,0,0,20260509-0
09-MAY-2026,119509,0,0,0,0,0,0,0,0,0,0,1,0,0,0,0,20260509-0,341.49,341.49,341.49,0,0,20260509-0
09-MAY-2026,119576,0,0,0,0,0,0,0,0,0,0,1,0,0,0,0,20260509-0,51.6,51.6,51.6,0,0,20260509-0
09-MAY-2026,119582,0,0,0,0,0,0,0,0,0,0,1,0,0,0,0,20260509-0,364.31,364.31,364.31,0,0,20260509-0
09-MAY-2026,119584,0,0,0,0,0,0,0,0,0,0,1,0,0,0,0,20260509-0,570.57,570.57,570.57,0,0,20260509-0
09-MAY-2026,119586,0,0,0,0,0,0,0,0,0,0,1,0,0,0,0,20260509-0,290.22,290.22,290.22,0,0,20260509-0
09-MAY-2026,119595,0,0,0,0,0,0,0,0,0,0,1,0,0,0,0,20260509-0,344.86,344.86,344.86,0,0,20260509-0
09-MAY-2026,119599,0,0,0,0,0,0,0,0,0,0,1,0,0,0,0,20260509-0,99.9,99.9,99.9,0,0,20260509-0
09-MAY-2026,119600,0,0,0,0,0,0,0,0,0,0,1,0,0,0,0,20260509-0,335.16,335.16,335.16,0,0,20260509-0
09-MAY-2026,119603,0,0,0,0,0,0,0,0,0,0,1,0,0,0,0,20260509-0,548.15,548.15,548.15,0,0,20260509-0
09-MAY-2026,119617,0,0,0,0,0,0,0,0,0,0,1,0,0,0,0,20260509-0,538.98,538.98,538.98,0,0,20260509-0
09-MAY-2026,119619,0,0,0,0,0,0,0,0,0,0,1,0,0,0,0,20260509-0,707.93,707.93,707.93,0,0,20260509-0
09-MAY-2026,119632,0,0,0,0,0,0,0,0,0,0,1,0,0,0,0,20260509-0,1049.62,1049.62,1049.62,0,0,20260509-0
09-MAY-2026,119633,0,0,0,0,0,0,0,0,0,0,1,0,0,0,0,20260509-0,463.48,463.48,463.48,0,0,20260509-0
09-MAY-2026,119635,0,0,0,0,0,0,0,0,0,0,1,0,0,0,0,20260509-0,277.75,277.75,277.75,0,0,20260509-0
09-MAY-2026,125571,0,0,0,0,0,0,0,0,0,0,1,0,0,0,0,20260509-0,61.47,61.47,61.47,0,0,20260509-0
09-MAY-2026,1271112,0,0,0,0,0,0,0,0,0,0,1,0,0,0,0,20260509-0,1953.48,1953.48,1953.48,0,0,20260509-0
09-MAY-2026,131590,0,0,0,0,0,0,0,0,0,0,1,0,0,0,0,20260509-0,315.84,315.84,315.84,0,0,20260509-0
09-MAY-2026,134205,0,0,0,0,0,0,0,0,0,0,1,0,0,0,0,20260509-0,179.54,179.54,179.54,0,0,20260509-0
09-MAY-2026,135617,0,0,0,0,0,0,0,0,0,0,1,0,0,0,0,20260509-0,929.36,929.36,929.36,0,0,20260509-0
09-MAY-2026,1361273,0,0,0,0,0,0,0,0,0,0,1,0,0,0,0,20260509-0,101,101,101,0,0,20260509-0
09-MAY-2026,137539,0,0,0,0,0,0,0,0,0,0,1,0,0,0,0,20260509-0,10.34,10.34,10.34,0,0,20260509-0
09-MAY-2026,142083,0,0,0,0,0,0,0,0,0,0,1,0,0,0,0,20260509-0,1.7,1.7,1.7,0,0,20260509-0
09-MAY-2026,142084,0,0,0,0,0,0,0,0,0,0,1,0,0,0,0,20260509-0,1.7,1.7,1.7,0,0,20260509-0
09-MAY-2026,142094,0,0,0,0,0,0,0,0,0,0,1,0,0,0,0,20260509-0,464.62,464.62,464.62,0,0,20260509-0
09-MAY-2026,142179,0,0,0,0,0,0,0,0,0,0,1,0,0,0,0,20260509-0,95.7,95.7,95.7,0,0,20260509-0
09-MAY-2026,142186,0,0,0,0,0,0,0,0,0,0,1,0,0,0,0,20260509-0,3572.64,3572.64,3572.64,0,0,20260509-0
09-MAY-2026,142596,0,0,0,0,0,0,0,0,0,0,1,0,0,0,0,20260509-0,317.92,317.92,317.92,0,0,20260509-0
09-MAY-2026,143595,0,0,0,0,0,0,0,0,0,0,1,0,0,0,0,20260509-0,613.73,613.73,613.73,0,0,20260509-0
09-MAY-2026,1481079,0,0,0,0,0,0,0,0,0,0,1,0,0,0,0,20260509-0,252.71,252.71,252.71,0,0,20260509-0
09-MAY-2026,1481088,0,0,0,0,0,0,0,0,0,0,1,0,0,0,0,20260509-0,59.29,59.29,59.29,0,0,20260509-0
09-MAY-2026,1481130,0,0,0,0,0,0,0,0,0,0,1,0,0,0,0,20260509-0,62.93,62.93,62.93,0,0,20260509-0
09-MAY-2026,1481147,0,0,0,0,0,0,0,0,0,0,1,0,0,0,0,20260509-0,494.24,494.24,494.24,0,0,20260509-0
09-MAY-2026,1481174,0,0,0,0,0,0,0,0,0,0,1,0,0,0,0,20260509-0,2483.3,2483.3,2483.3,0,0,20260509-0
09-MAY-2026,1481176,0,0,0,0,0,0,0,0,0,0,1,0,0,0,0,20260509-0,42.83,42.83,42.83,0,0,20260509-0
09-MAY-2026,1481178,0,0,0,0,0,0,0,0,0,0,1,0,0,0,0,20260509-0,137.08,137.08,137.08,0,0,20260509-0
09-MAY-2026,148791,0,0,0,0,0,0,0,0,0,0,1,0,0,0,0,20260509-0,361.72,361.72,361.72,0,0,20260509-0
09-MAY-2026,148801,0,0,0,0,0,0,0,0,0,0,1,0,0,0,0,20260509-0,278.71,278.71,278.71,0,0,20260509-0
09-MAY-2026,148885,0,0,0,0,0,0,0,0,0,0,1,0,0,0,0,20260509-0,35.88,35.88,35.88,0,0,20260509-0
09-MAY-2026,152139,0,0,0,0,0,0,0,0,0,0,1,0,0,0,0,20260509-0,100,100,100,0,0,20260509-0
09-MAY-2026,152144,0,0,0,0,0,0,0,0,0,0,1,0,0,0,0,20260509-0,100,100,100,0,0,20260509-0
09-MAY-2026,152702,0,0,0,0,0,0,0,0,0,0,1,0,0,0,0,20260509-0,99,99,99,0,0,20260509-0
09-MAY-2026,154064,0,0,0,0,0,0,0,0,0,0,1,0,0,0,0,20260509-0,767.28,767.28,767.28,0,0,20260509-0
09-MAY-2026,161290,0,0,0,0,0,0,0,0,0,0,1,0,0,0,0,20260509-0,695.36,695.36,695.36,0,0,20260509-0
09-MAY-2026,163098,0,0,0,0,0,0,0,0,0,0,1,0,0,0,0,20260509-0,817.82,817.82,817.82,0,0,20260509-0
09-MAY-2026,172132,0,0,0,0,0,0,0,0,0,0,1,0,0,0,0,20260509-0,1522.37,1522.37,1522.37,0,0,20260509-0
09-MAY-2026,193985,0,0,0,0,0,0,0,0,0,0,1,0,0,0,0,20260509-0,318.18,318.18,318.18,0,0,20260509-0
09-MAY-2026,196035,0,0,0,0,0,0,0,0,0,0,1,0,0,0,0,20260509-0,100,100,100,0,0,20260509-0
09-MAY-2026,200385,0,0,0,0,0,0,0,0,0,0,1,0,0,0,0,20260509-0,2318.08,2318.08,2318.08,0,0,20260509-0
09-MAY-2026,201640,0,0,0,0,0,0,0,0,0,0,1,0,0,0,0,20260509-0,67.57,67.57,67.57,0,0,20260509-0
09-MAY-2026,215052,0,0,0,0,0,0,0,0,0,0,1,0,0,0,0,20260509-0,174.95,174.95,174.95,0,0,20260509-0
09-MAY-2026,215217,0,0,0,0,0,0,0,0,0,0,1,0,0,0,0,20260509-0,75.76,75.76,75.76,0,0,20260509-0
09-MAY-2026,215219,0,0,0,0,0,0,0,0,0,0,1,0,0,0,0,20260509-0,1255.17,1255.17,1255.17,0,0,20260509-0
09-MAY-2026,223846,0,0,0,0,0,0,0,0,0,0,1,0,0,0,0,20260509-0,663.39,663.39,663.39,0,0,20260509-0
09-MAY-2026,225001,0,0,0,0,0,0,0,0,0,0,1,0,0,0,0,20260509-0,737.53,737.53,737.53,0,0,20260509-0
09-MAY-2026,227003,0,0,0,0,0,0,0,0,0,0,1,0,0,0,0,20260509-0,100,100,100,0,0,20260509-0
09-MAY-2026,238108,0,0,0,0,0,0,0,0,0,0,1,0,0,0,0,20260509-0,2841.67,2841.67,2841.67,0,0,20260509-0
09-MAY-2026,238112,0,0,0,0,0,0,0,0,0,0,1,0,0,0,0,20260509-0,1373.9,1373.9,1373.9,0,0,20260509-0
09-MAY-2026,2381481,0,0,0,0,0,0,0,0,0,0,1,0,0,0,0,20260509-0,1692.94,1692.94,1692.94,0,0,20260509-0
09-MAY-2026,2381482,0,0,0,0,0,0,0,0,0,0,1,0,0,0,0,20260509-0,1952.16,1952.16,1952.16,0,0,20260509-0
09-MAY-2026,2381483,0,0,0,0,0,0,0,0,0,0,1,0,0,0,0,20260509-0,1159.52,1159.52,1159.52,0,0,20260509-0
09-MAY-2026,2381491,0,0,0,0,0,0,0,0,0,0,1,0,0,0,0,20260509-0,714.99,714.99,714.99,0,0,20260509-0
09-MAY-2026,238294,0,0,0,0,0,0,0,0,0,0,1,0,0,0,0,20260509-0,1973.07,1973.07,1973.07,0,0,20260509-0
09-MAY-2026,238508,0,0,0,0,0,0,0,0,0,0,1,0,0,0,0,20260509-0,613.12,613.12,613.12,0,0,20260509-0
09-MAY-2026,238571,0,0,0,0,0,0,0,0,0,0,1,0,0,0,0,20260509-0,1054.04,1054.04,1054.04,0,0,20260509-0
09-MAY-2026,255406,2060691.3,0,2060691.3,162260,0,0,0,0,0,0,1,0,0,2060691.3,162260,20260509-0,3195922.02,3195922.02,3195922.02,2222951.3,0,20260509-0
09-MAY-2026,262229,0,0,0,0,0,0,0,0,0,0,1,0,0,0,0,20260509-0,351,351,351,0,0,20260509-0
09-MAY-2026,262249,0,0,0,0,0,0,0,0,0,0,1,0,0,0,0,20260509-0,555.03,555.03,555.03,0,0,20260509-0
09-MAY-2026,270017,0,0,0,0,0,0,0,0,0,0,1,0,0,0,0,20260509-0,1352.97,1352.97,1352.97,0,0,20260509-0
09-MAY-2026,283026,0,0,0,0,0,0,0,0,0,0,1,0,0,0,0,20260509-0,29.74,29.74,29.74,0,0,20260509-0
09-MAY-2026,283048,0,0,0,0,0,0,0,0,0,0,1,0,0,0,0,20260509-0,296.52,296.52,296.52,0,0,20260509-0
09-MAY-2026,283341,0,0,0,0,0,0,0,0,0,0,1,0,0,0,0,20260509-0,51.95,51.95,51.95,0,0,20260509-0
09-MAY-2026,283365,0,0,0,0,0,0,0,0,0,0,1,0,0,0,0,20260509-0,134.25,134.25,134.25,0,0,20260509-0
09-MAY-2026,299235,0,0,0,0,0,0,0,0,0,0,1,0,0,0,0,20260509-0,362.78,362.78,362.78,0,0,20260509-0
09-MAY-2026,299242,0,0,0,0,0,0,0,0,0,0,1,0,0,0,0,20260509-0,101.35,101.35,101.35,0,0,20260509-0
09-MAY-2026,329005,0,0,0,0,0,0,0,0,0,0,1,0,0,0,0,20260509-0,363.54,363.54,363.54,0,0,20260509-0
09-MAY-2026,356045,0,0,0,0,0,0,0,0,0,0,1,0,0,0,0,20260509-0,433.28,433.28,433.28,0,0,20260509-0
09-MAY-2026,358076,0,0,0,0,0,0,0,0,0,0,1,0,0,0,0,20260509-0,203.2,203.2,203.2,0,0,20260509-0
09-MAY-2026,374097,0,0,0,0,0,0,0,0,0,0,1,0,0,0,0,20260509-0,949,949,949,0,0,20260509-0
09-MAY-2026,399055,0,0,0,0,0,0,0,0,0,0,1,0,0,0,0,20260509-0,31.56,31.56,31.56,0,0,20260509-0
09-MAY-2026,399062,0,0,0,0,0,0,0,0,0,0,1,0,0,0,0,20260509-0,822.08,822.08,822.08,0,0,20260509-0
09-MAY-2026,484003,0,0,0,0,0,0,0,0,0,0,1,0,0,0,0,20260509-0,677.62,677.62,677.62,0,0,20260509-0
09-MAY-2026,492063,0,0,0,0,0,0,0,0,0,0,1,0,0,0,0,20260509-0,10204.74,10204.74,10204.74,0,0,20260509-0
09-MAY-2026,523178,0,0,0,0,0,0,0,0,0,0,1,0,0,0,0,20260509-0,792.12,792.12,792.12,0,0,20260509-0
09-MAY-2026,531010,0,0,0,0,0,0,0,0,0,0,1,0,0,0,0,20260509-0,374.27,374.27,374.27,0,0,20260509-0
09-MAY-2026,531032,0,0,0,0,0,0,0,0,0,0,1,0,0,0,0,20260509-0,142.33,142.33,142.33,0,0,20260509-0
09-MAY-2026,610057,0,0,0,0,0,0,0,0,0,0,1,0,0,0,0,20260509-0,789.39,789.39,789.39,0,0,20260509-0
09-MAY-2026,679003,0,0,0,0,0,0,0,0,0,0,1,0,0,0,0,20260509-0,756.29,756.29,756.29,0,0,20260509-0
09-MAY-2026,707001,0,0,0,0,0,0,0,0,0,0,1,0,0,0,0,20260509-0,46.34,46.34,46.34,0,0,20260509-0
09-MAY-2026,850023,0,0,0,0,0,0,0,0,0,0,1,0,0,0,0,20260509-0,83.65,83.65,83.65,0,0,20260509-0
09-MAY-2026,850043,0,0,0,0,0,0,0,0,0,0,1,0,0,0,0,20260509-0,23.2,23.2,23.2,0,0,20260509-0
09-MAY-2026,850052,0,0,0,0,0,0,0,0,0,0,1,0,0,0,0,20260509-0,816.92,816.92,816.92,0,0,20260509-0
09-MAY-2026,850105,0,0,0,0,0,0,0,0,0,0,1,0,0,0,0,20260509-0,741.41,741.41,741.41,0,0,20260509-0
09-MAY-2026,868083,0,0,0,0,0,0,0,0,0,0,1,0,0,0,0,20260509-0,250.5,250.5,250.5,0,0,20260509-0
09-MAY-2026,868122,0,0,0,0,0,0,0,0,0,0,1,0,0,0,0,20260509-0,28.64,28.64,28.64,0,0,20260509-0
09-MAY-2026,868180,0,0,0,0,0,0,0,0,0,0,1,0,0,0,0,20260509-0,79.97,79.97,79.97,0,0,20260509-0
09-MAY-2026,868251,0,0,0,0,0,0,0,0,0,0,1,0,0,0,0,20260509-0,232.23,232.23,232.23,0,0,20260509-0
09-MAY-2026,868262,0,0,0,0,0,0,0,0,0,0,1,0,0,0,0,20260509-0,2315.73,2315.73,2315.73,0,0,20260509-0
09-MAY-2026,868281,0,0,0,0,0,0,0,0,0,0,1,0,0,0,0,20260509-0,739.43,739.43,739.43,0,0,20260509-0
09-MAY-2026,868314,0,0,0,0,0,0,0,0,0,0,1,0,0,0,0,20260509-0,719.61,719.61,719.61,0,0,20260509-0
09-MAY-2026,868315,0,0,0,0,0,0,0,0,0,0,1,0,0,0,0,20260509-0,384.87,384.87,384.87,0,0,20260509-0
09-MAY-2026,868321,0,0,0,0,0,0,0,0,0,0,1,0,0,0,0,20260509-0,388.61,388.61,388.61,0,0,20260509-0
09-MAY-2026,868381,0,0,0,0,0,0,0,0,0,0,1,0,0,0,0,20260509-0,29.33,29.33,29.33,0,0,20260509-0
09-MAY-2026,868382,0,0,0,0,0,0,0,0,0,0,1,0,0,0,0,20260509-0,596.41,596.41,596.41,0,0,20260509-0
09-MAY-2026,868383,0,0,0,0,0,0,0,0,0,0,1,0,0,0,0,20260509-0,1561.09,1561.09,1561.09,0,0,20260509-0
09-MAY-2026,868384,0,0,0,0,0,0,0,0,0,0,1,0,0,0,0,20260509-0,97.08,97.08,97.08,0,0,20260509-0
09-MAY-2026,868387,0,0,0,0,0,0,0,0,0,0,1,0,0,0,0,20260509-0,751.35,751.35,751.35,0,0,20260509-0
09-MAY-2026,868389,0,0,0,0,0,0,0,0,0,0,1,0,0,0,0,20260509-0,442.26,442.26,442.26,0,0,20260509-0
09-MAY-2026,868392,0,0,0,0,0,0,0,0,0,0,1,0,0,0,0,20260509-0,16.29,16.29,16.29,0,0,20260509-0
09-MAY-2026,868396,0,0,0,0,0,0,0,0,0,0,1,0,0,0,0,20260509-0,365.84,365.84,365.84,0,0,20260509-0
09-MAY-2026,868437,0,0,0,0,0,0,0,0,0,0,1,0,0,0,0,20260509-0,608.13,608.13,608.13,0,0,20260509-0
09-MAY-2026,868533,0,0,0,0,0,0,0,0,0,0,1,0,0,0,0,20260509-0,2214.02,2214.02,2214.02,0,0,20260509-0
09-MAY-2026,868897,0,0,0,0,0,0,0,0,0,0,1,0,0,0,0,20260509-0,49,49,49,0,0,20260509-0
09-MAY-2026,869468,0,0,0,0,0,0,0,0,0,0,1,0,0,0,0,20260509-0,1343.19,1343.19,1343.19,0,0,20260509-0
09-MAY-2026,870152,0,0,0,0,0,0,0,0,0,0,1,0,0,0,0,20260509-0,11.49,11.49,11.49,0,0,20260509-0
09-MAY-2026,870228,0,0,0,0,0,0,0,0,0,0,1,0,0,0,0,20260509-0,149.65,149.65,149.65,0,0,20260509-0
09-MAY-2026,870357,0,0,0,0,0,0,0,0,0,0,1,0,0,0,0,20260509-0,468.65,468.65,468.65,0,0,20260509-0
09-MAY-2026,870508,0,0,0,0,0,0,0,0,0,0,1,0,0,0,0,20260509-0,166.3,166.3,166.3,0,0,20260509-0
09-MAY-2026,871045,0,0,0,0,0,0,0,0,0,0,1,0,0,0,0,20260509-0,282.07,282.07,282.07,0,0,20260509-0
09-MAY-2026,871186,0,0,0,0,0,0,0,0,0,0,1,0,0,0,0,20260509-0,584.19,584.19,584.19,0,0,20260509-0
09-MAY-2026,871901,0,0,0,0,0,0,0,0,0,0,1,0,0,0,0,20260509-0,1277.01,1277.01,1277.01,0,0,20260509-0
09-MAY-2026,872067,0,0,0,0,0,0,0,0,0,0,1,0,0,0,0,20260509-0,366.16,366.16,366.16,0,0,20260509-0
09-MAY-2026,872127,0,0,0,0,0,0,0,0,0,0,1,0,0,0,0,20260509-0,44.08,44.08,44.08,0,0,20260509-0
09-MAY-2026,872300,0,0,0,0,0,0,0,0,0,0,1,0,0,0,0,20260509-0,30.75,30.75,30.75,0,0,20260509-0
09-MAY-2026,872447,0,0,0,0,0,0,0,0,0,0,1,0,0,0,0,20260509-0,1598.87,1598.87,1598.87,0,0,20260509-0
09-MAY-2026,872701,0,0,0,0,0,0,0,0,0,0,1,0,0,0,0,20260509-0,639.18,639.18,639.18,0,0,20260509-0
09-MAY-2026,872955,124092,0,124092,10341,0,0,0,0,0,0,1,0,0,124092,10341,20260509-0,230000,230000,230000,134433,0,20260509-0
09-MAY-2026,873845,0,0,0,0,0,0,0,0,0,0,1,0,0,0,0,20260509-0,723.39,723.39,723.39,0,0,20260509-0
09-MAY-2026,874122,0,0,0,0,0,0,0,0,0,0,1,0,0,0,0,20260509-0,295.21,295.21,295.21,0,0,20260509-0
09-MAY-2026,874335,0,0,0,0,0,0,0,0,0,0,1,0,0,0,0,20260509-0,28.85,28.85,28.85,0,0,20260509-0
09-MAY-2026,874671,0,0,0,0,0,0,0,0,0,0,1,0,0,0,0,20260509-0,49,49,49,0,0,20260509-0
09-MAY-2026,875000,0,0,0,0,0,0,0,0,0,0,1,0,0,0,0,20260509-0,14.59,14.59,14.59,0,0,20260509-0
09-MAY-2026,875456,0,0,0,0,0,0,0,0,0,0,1,0,0,0,0,20260509-0,554.35,554.35,554.35,0,0,20260509-0
09-MAY-2026,876825,0,0,0,0,0,0,0,0,0,0,1,0,0,0,0,20260509-0,950.87,950.87,950.87,0,0,20260509-0
09-MAY-2026,878755,0,0,0,0,0,0,0,0,0,0,1,0,0,0,0,20260509-0,244.27,244.27,244.27,0,0,20260509-0
09-MAY-2026,880914,0,0,0,0,0,0,0,0,0,0,1,0,0,0,0,20260509-0,12632.04,12632.04,12632.04,0,0,20260509-0
09-MAY-2026,881629,0,0,0,0,0,0,0,0,0,0,1,0,0,0,0,20260509-0,699.12,699.12,699.12,0,0,20260509-0
09-MAY-2026,883519,0,0,0,0,0,0,0,0,0,0,1,0,0,0,0,20260509-0,1434.23,1434.23,1434.23,0,0,20260509-0
09-MAY-2026,883670,0,0,0,0,0,0,0,0,0,0,1,0,0,0,0,20260509-0,1286.69,1286.69,1286.69,0,0,20260509-0
09-MAY-2026,883789,0,0,0,0,0,0,0,0,0,0,1,0,0,0,0,20260509-0,78.2,78.2,78.2,0,0,20260509-0
09-MAY-2026,885071,0,0,0,0,0,0,0,0,0,0,1,0,0,0,0,20260509-0,137.94,137.94,137.94,0,0,20260509-0
09-MAY-2026,889055,0,0,0,0,0,0,0,0,0,0,1,0,0,0,0,20260509-0,89.86,89.86,89.86,0,0,20260509-0
09-MAY-2026,889546,0,0,0,0,0,0,0,0,0,0,1,0,0,0,0,20260509-0,21.55,21.55,21.55,0,0,20260509-0
09-MAY-2026,890108,343500,0,343500,28625,0,0,0,0,0,0,1,0,0,343500,28625,20260509-0,499435.41,499435.41,499435.41,372125,0,20260509-0
09-MAY-2026,890463,66498,0,66498,5541.5,0,0,0,0,0,0,1,0,0,66498,5541.5,20260509-0,0,0,0,72039.5,72039.5,20260509-0
09-MAY-2026,894400,0,0,0,0,0,0,0,0,0,0,1,0,0,0,0,20260509-0,39.86,39.86,39.86,0,0,20260509-0
09-MAY-2026,895375,0,0,0,0,0,0,0,0,0,0,1,0,0,0,0,20260509-0,394.73,394.73,394.73,0,0,20260509-0
09-MAY-2026,897029,0,0,0,0,0,0,0,0,0,0,1,0,0,0,0,20260509-0,692.17,692.17,692.17,0,0,20260509-0
09-MAY-2026,897401,375564,0,375564,31297,0,0,0,0,0,0,1,0,0,375564,31297,20260509-0,458461,458461,458461,406861,0,20260509-0
09-MAY-2026,901148,0,0,0,0,0,0,0,0,0,0,1,0,0,0,0,20260509-0,263.57,263.57,263.57,0,0,20260509-0
09-MAY-2026,932050,72522,0,72522,6043.5,0,0,0,0,0,0,1,0,0,72522,6043.5,20260509-0,165504.12,165504.12,165504.12,78565.5,0,20260509-0
09-MAY-2026,934852,215766,0,215766,17980.5,0,0,0,0,0,0,1,0,0,215766,17980.5,20260509-0,254128.25,254128.25,254128.25,233746.5,0,20260509-0
09-MAY-2026,936930,407280,0,407280,33940,0,0,0,0,0,0,1,0,0,407280,33940,20260509-0,445000,445000,445000,441220,0,20260509-0
09-MAY-2026,939240,0,0,0,0,0,0,0,0,0,0,1,0,0,0,0,20260509-0,31811.78,31811.78,31811.78,0,0,20260509-0
09-MAY-2026,946299,17113488,0,17113488,2139186,0,0,0,0,0,0,1,0,0,17113488,2139186,20260509-0,19642150.15,19642150.15,19642150.15,19252674,0,20260509-0
09-MAY-2026,946951,0,0,0,0,0,0,0,0,0,0,1,0,0,0,0,20260509-0,.65,.65,.65,0,0,20260509-0
09-MAY-2026,947787,67176,0,67176,5598,0,0,0,0,0,0,1,0,0,67176,5598,20260509-0,73476,73476,73476,72774,0,20260509-0
09-MAY-2026,954590,71622,0,71622,5968.5,0,0,0,0,0,0,1,0,0,71622,5968.5,20260509-0,79732.08,79732.08,79732.08,77590.5,0,20260509-0
09-MAY-2026,954596,82548,0,82548,6879,0,0,0,0,0,0,1,0,0,82548,6879,20260509-0,91000,91000,91000,89427,0,20260509-0
09-MAY-2026,976361,0,0,0,0,0,0,0,0,0,0,1,0,0,0,0,20260509-0,78887.19,78887.19,78887.19,0,0,20260509-0
09-MAY-2026,995210,0,0,0,0,0,0,0,0,0,0,1,0,0,0,0,20260509-0,12087.12,12087.12,12087.12,0,0,20260509-0
09-MAY-2026,J1449,201528,0,201528,16794,0,0,0,0,0,0,1,0,0,201528,16794,20260509-0,220428,220428,220428,218322,0,20260509-0
09-MAY-2026,SUSPE1234N,0,0,0,0,0,0,0,0,0,0,1,0,0,0,0,20260509-0,5000,5000,5000,0,0,20260509-0
