09-MAY-2026,01279,0,0,0,0,0,0,0,0,0,0,2,0,0
09-MAY-2026,10100468,0,0,0,0,0,0,0,0,0,0,1,0,0
09-MAY-2026,10105914,0,0,0,0,0,0,0,0,0,0,1,0,0
09-MAY-2026,10112738,0,0,0,0,0,0,0,0,0,0,1,0,0
09-MAY-2026,10122385,0,0,0,0,0,0,0,0,0,0,1,0,0
09-MAY-2026,10901027,0,0,0,0,0,0,0,0,0,0,1,0,0
09-MAY-2026,11815887,0,0,0,0,0,0,0,0,0,0,1,0,0
09-MAY-2026,12105541,0,0,0,0,0,0,0,0,0,0,1,0,0
09-MAY-2026,12105628,0,0,0,0,0,0,0,0,0,0,1,0,0
09-MAY-2026,12107440,128232,0,128232,16029,0,0,0,0,0,0,1,0,0
09-MAY-2026,12900295,0,0,0,0,0,0,0,0,0,0,1,0,0
09-MAY-2026,13109955,0,0,0,0,0,0,0,0,0,0,1,0,0
09-MAY-2026,13300468,0,0,0,0,0,0,0,0,0,0,1,0,0
09-MAY-2026,13800805,0,0,0,0,0,0,0,0,0,0,1,0,0
09-MAY-2026,14000509,0,0,0,0,0,0,0,0,0,0,1,0,0
09-MAY-2026,14200243,0,0,0,0,0,0,0,0,0,0,1,0,0
09-MAY-2026,14308019,0,0,0,0,0,0,0,0,0,0,1,0,0
09-MAY-2026,14500003,0,0,0,0,0,0,0,0,0,0,1,0,0
09-MAY-2026,14500052,0,0,0,0,0,0,0,0,0,0,1,0,0
09-MAY-2026,14700204,0,0,0,0,0,0,0,0,0,0,1,0,0
09-MAY-2026,15200939,0,0,0,0,0,0,0,0,0,0,1,0,0
09-MAY-2026,15302858,0,0,0,0,0,0,0,0,0,0,1,0,0
09-MAY-2026,15400828,0,0,0,0,0,0,0,0,0,0,1,0,0
09-MAY-2026,16201245,0,0,0,0,0,0,0,0,0,0,1,0,0
09-MAY-2026,16309009,0,0,0,0,0,0,0,0,0,0,1,0,0
09-MAY-2026,17701433,0,0,0,0,0,0,0,0,0,0,1,0,0
09-MAY-2026,17701616,0,0,0,0,0,0,0,0,0,0,1,0,0
09-MAY-2026,17701628,0,0,0,0,0,0,0,0,0,0,1,0,0
09-MAY-2026,19100470,0,0,0,0,0,0,0,0,0,0,1,0,0
09-MAY-2026,24101463,0,0,0,0,0,0,0,0,0,0,1,0,0
09-MAY-2026,25701105,0,0,0,0,0,0,0,0,0,0,1,0,0
09-MAY-2026,28810022,0,0,0,0,0,0,0,0,0,0,1,0,0
09-MAY-2026,31500473,0,0,0,0,0,0,0,0,0,0,1,0,0
09-MAY-2026,31700122,0,0,0,0,0,0,0,0,0,0,1,0,0
09-MAY-2026,45007559,0,0,0,0,0,0,0,0,0,0,1,0,0
09-MAY-2026,45027311,0,0,0,0,0,0,0,0,0,0,1,0,0
09-MAY-2026,45030061,0,0,0,0,0,0,0,0,0,0,1,0,0
09-MAY-2026,45035503,0,0,0,0,0,0,0,0,0,0,1,0,0
09-MAY-2026,45047318,0,0,0,0,0,0,0,0,0,0,1,0,0
09-MAY-2026,45049675,0,0,0,0,0,0,0,0,0,0,1,0,0
09-MAY-2026,45050507,0,0,0,0,0,0,0,0,0,0,1,0,0
09-MAY-2026,45050592,0,0,0,0,0,0,0,0,0,0,1,0,0
09-MAY-2026,45051880,0,0,0,0,0,0,0,0,0,0,1,0,0
09-MAY-2026,45053193,0,0,0,0,0,0,0,0,0,0,1,0,0
09-MAY-2026,45057408,0,0,0,0,0,0,0,0,0,0,1,0,0
09-MAY-2026,45059314,0,0,0,0,0,0,0,0,0,0,1,0,0
09-MAY-2026,45072828,0,0,0,0,0,0,0,0,0,0,1,0,0
09-MAY-2026,45090336,0,0,0,0,0,0,0,0,0,0,1,0,0
09-MAY-2026,45093688,0,0,0,0,0,0,0,0,0,0,1,0,0
09-MAY-2026,45095512,0,0,0,0,0,0,0,0,0,0,1,0,0
09-MAY-2026,45102089,0,0,0,0,0,0,0,0,0,0,1,0,0
09-MAY-2026,45110063,0,0,0,0,0,0,0,0,0,0,1,0,0
09-MAY-2026,45112506,0,0,0,0,0,0,0,0,0,0,1,0,0
09-MAY-2026,45136022,0,0,0,0,0,0,0,0,0,0,1,0,0
09-MAY-2026,45149234,0,0,0,0,0,0,0,0,0,0,1,0,0
09-MAY-2026,45149600,0,0,0,0,0,0,0,0,0,0,1,0,0
09-MAY-2026,45150099,0,0,0,0,0,0,0,0,0,0,1,0,0
09-MAY-2026,45152247,0,0,0,0,0,0,0,0,0,0,1,0,0
09-MAY-2026,45194595,0,0,0,0,0,0,0,0,0,0,1,0,0
09-MAY-2026,45202852,0,0,0,0,0,0,0,0,0,0,1,0,0
09-MAY-2026,45213470,0,0,0,0,0,0,0,0,0,0,1,0,0
09-MAY-2026,45225149,128232,0,128232,16029,0,0,0,0,0,0,1,0,0
09-MAY-2026,45235210,41544,0,41544,3462,0,0,0,0,0,0,1,0,0
09-MAY-2026,45246118,0,0,0,0,0,0,0,0,0,0,1,0,0
09-MAY-2026,45463597,0,0,0,0,0,0,0,0,0,0,1,0,0
09-MAY-2026,45475298,0,0,0,0,0,0,0,0,0,0,1,0,0
09-MAY-2026,45523848,0,0,0,0,0,0,0,0,0,0,1,0,0
09-MAY-2026,45573026,0,0,0,0,0,0,0,0,0,0,1,0,0
09-MAY-2026,45587955,0,0,0,0,0,0,0,0,0,0,1,0,0
09-MAY-2026,45605071,0,0,0,0,0,0,0,0,0,0,1,0,0
09-MAY-2026,45611859,0,0,0,0,0,0,0,0,0,0,1,0,0
09-MAY-2026,45623206,0,0,0,0,0,0,0,0,0,0,1,0,0
09-MAY-2026,45632169,0,0,0,0,0,0,0,0,0,0,1,0,0
09-MAY-2026,45634591,0,0,0,0,0,0,0,0,0,0,1,0,0
09-MAY-2026,45635785,0,0,0,0,0,0,0,0,0,0,1,0,0
09-MAY-2026,45648156,0,0,0,0,0,0,0,0,0,0,1,0,0
09-MAY-2026,45650379,0,0,0,0,0,0,0,0,0,0,1,0,0
09-MAY-2026,45701012,0,0,0,0,0,0,0,0,0,0,1,0,0
09-MAY-2026,45701158,0,0,0,0,0,0,0,0,0,0,1,0,0
09-MAY-2026,45718485,0,0,0,0,0,0,0,0,0,0,1,0,0
09-MAY-2026,45735523,0,0,0,0,0,0,0,0,0,0,1,0,0
09-MAY-2026,45744776,0,0,0,0,0,0,0,0,0,0,1,0,0
09-MAY-2026,45768936,0,0,0,0,0,0,0,0,0,0,1,0,0
09-MAY-2026,45769139,0,0,0,0,0,0,0,0,0,0,1,0,0
09-MAY-2026,45769951,0,0,0,0,0,0,0,0,0,0,1,0,0
09-MAY-2026,45770452,0,0,0,0,0,0,0,0,0,0,1,0,0
09-MAY-2026,45770966,0,0,0,0,0,0,0,0,0,0,1,0,0
09-MAY-2026,45771503,0,0,0,0,0,0,0,0,0,0,1,0,0
09-MAY-2026,45772476,0,0,0,0,0,0,0,0,0,0,1,0,0
09-MAY-2026,45773560,0,0,0,0,0,0,0,0,0,0,1,0,0
09-MAY-2026,45778742,0,0,0,0,0,0,0,0,0,0,1,0,0
09-MAY-2026,45779169,0,0,0,0,0,0,0,0,0,0,1,0,0
09-MAY-2026,45780681,375294,0,375294,37846.5,0,0,0,0,0,0,1,0,0
09-MAY-2026,45782383,0,0,0,0,0,0,0,0,0,0,1,0,0
09-MAY-2026,45783123,0,0,0,0,0,0,0,0,0,0,1,0,0
09-MAY-2026,45785552,664980,0,664980,55415,0,0,0,0,0,0,1,0,0
09-MAY-2026,45792008,0,0,0,0,0,0,0,0,0,0,1,0,0
09-MAY-2026,45792017,0,0,0,0,0,0,0,0,0,0,1,0,0
09-MAY-2026,45792792,0,0,0,0,0,0,0,0,0,0,1,0,0
09-MAY-2026,45795144,0,0,0,0,0,0,0,0,0,0,1,0,0
09-MAY-2026,45808271,0,0,0,0,0,0,0,0,0,0,1,0,0
09-MAY-2026,45855021,147642,0,147642,12303.5,0,0,0,0,0,0,1,0,0
09-MAY-2026,45880945,0,0,0,0,0,0,0,0,0,0,1,0,0
09-MAY-2026,45893158,0,0,0,0,0,0,0,0,0,0,1,0,0
09-MAY-2026,45908488,2014380,0,2014380,167865,0,0,0,0,0,0,1,0,0
09-MAY-2026,45940755,0,0,0,0,0,0,0,0,0,0,1,0,0
09-MAY-2026,50001349,0,0,0,0,0,0,0,0,0,0,1,0,0
09-MAY-2026,50002650,0,0,0,0,0,0,0,0,0,0,1,0,0
09-MAY-2026,50004046,0,0,0,0,0,0,0,0,0,0,1,0,0
09-MAY-2026,50004509,0,0,0,0,0,0,0,0,0,0,1,0,0
09-MAY-2026,50005008,0,0,0,0,0,0,0,0,0,0,1,0,0
09-MAY-2026,50058107,0,0,0,0,0,0,0,0,0,0,1,0,0
09-MAY-2026,50059344,0,0,0,0,0,0,0,0,0,0,1,0,0
09-MAY-2026,50059369,0,0,0,0,0,0,0,0,0,0,1,0,0
09-MAY-2026,50060055,537228,0,537228,44769,0,0,0,0,0,0,1,0,0
09-MAY-2026,50060171,0,0,0,0,0,0,0,0,0,0,1,0,0
09-MAY-2026,50060971,0,0,0,0,0,0,0,0,0,0,1,0,0
09-MAY-2026,50061187,0,0,0,0,0,0,0,0,0,0,1,0,0
09-MAY-2026,50062131,0,0,0,0,0,0,0,0,0,0,1,0,0
09-MAY-2026,50064462,0,0,0,0,0,0,0,0,0,0,1,0,0
09-MAY-2026,50065215,0,0,0,0,0,0,0,0,0,0,1,0,0
09-MAY-2026,50066065,0,0,0,0,0,0,0,0,0,0,1,0,0
09-MAY-2026,50070180,0,0,0,0,0,0,0,0,0,0,1,0,0
09-MAY-2026,50070983,0,0,0,0,0,0,0,0,0,0,1,0,0
09-MAY-2026,50071397,0,0,0,0,0,0,0,0,0,0,1,0,0
09-MAY-2026,50071400,0,0,0,0,0,0,0,0,0,0,1,0,0
09-MAY-2026,50071498,0,0,0,0,0,0,0,0,0,0,1,0,0
09-MAY-2026,50072060,0,0,0,0,0,0,0,0,0,0,1,0,0
09-MAY-2026,50074384,0,0,0,0,0,0,0,0,0,0,1,0,0
09-MAY-2026,50074875,22528488,0,22528488,1877374,0,0,0,0,0,0,1,0,0
09-MAY-2026,50076454,0,0,0,0,0,0,0,0,0,0,1,0,0
09-MAY-2026,50077589,0,0,0,0,0,0,0,0,0,0,1,0,0
09-MAY-2026,50078080,12965220,0,12965220,1160149,0,0,63558,0,0,0,1,0,0
09-MAY-2026,50078090,0,0,0,0,0,0,0,0,0,0,1,0,0
09-MAY-2026,50079265,0,0,0,0,0,0,0,0,0,0,1,0,0
09-MAY-2026,50079422,0,0,0,0,0,0,0,0,0,0,1,0,0
09-MAY-2026,50079829,23773041,0,23773041,2446278.5,0,0,0,0,0,0,1,0,0
09-MAY-2026,50080483,0,0,0,0,0,0,0,0,0,0,1,0,0
09-MAY-2026,50080577,0,0,0,0,0,0,0,0,0,0,1,0,0
09-MAY-2026,50081209,0,0,0,0,0,0,0,0,0,0,1,0,0
09-MAY-2026,50082100,0,0,0,0,0,0,0,0,0,0,1,0,0
09-MAY-2026,50082395,0,0,0,0,0,0,0,0,0,0,1,0,0
09-MAY-2026,50082424,0,0,0,0,0,0,0,0,0,0,1,0,0
09-MAY-2026,50082883,0,0,0,0,0,0,0,0,0,0,1,0,0
09-MAY-2026,50184613,3004800,0,3004800,250400,0,0,0,0,0,0,1,0,0
09-MAY-2026,50186869,0,0,0,0,0,0,0,0,0,0,1,0,0
09-MAY-2026,50186937,0,0,0,0,0,0,0,0,0,0,1,0,0
09-MAY-2026,50187043,0,0,0,0,0,0,0,0,0,0,1,0,0
09-MAY-2026,50187104,0,0,0,0,0,0,0,0,0,0,1,0,0
09-MAY-2026,50187697,0,0,0,0,0,0,0,0,0,0,1,0,0
09-MAY-2026,50189437,0,0,0,0,0,0,0,0,0,0,1,0,0
09-MAY-2026,50189813,0,0,0,0,0,0,0,0,0,0,1,0,0
09-MAY-2026,50189874,0,0,0,0,0,0,0,0,0,0,1,0,0
09-MAY-2026,50190131,0,0,0,0,0,0,0,0,0,0,1,0,0
09-MAY-2026,50192796,0,0,0,0,0,0,0,0,0,0,1,0,0
09-MAY-2026,50192805,874235.67,0,874235.67,69843,0,0,0,0,0,0,1,0,0
09-MAY-2026,60002215,0,0,0,0,0,0,0,0,0,0,1,0,0
09-MAY-2026,60004729,66498,0,66498,5541.5,0,0,0,0,0,0,1,0,0
09-MAY-2026,60007010,0,0,0,0,0,0,0,0,0,0,1,0,0
09-MAY-2026,60010262,0,0,0,0,0,0,0,0,0,0,1,0,0
09-MAY-2026,60014566,0,0,0,0,0,0,0,0,0,0,1,0,0
09-MAY-2026,60019377,0,0,0,0,0,0,0,0,0,0,1,0,0
09-MAY-2026,60023689,0,0,0,0,0,0,0,0,0,0,1,0,0
09-MAY-2026,60036505,0,0,0,0,0,0,0,0,0,0,1,0,0
09-MAY-2026,60042836,0,0,0,0,0,0,0,0,0,0,1,0,0
09-MAY-2026,60060514,0,0,0,0,0,0,0,0,0,0,1,0,0
09-MAY-2026,60062926,0,0,0,0,0,0,0,0,0,0,1,0,0
09-MAY-2026,60064859,0,0,0,0,0,0,0,0,0,0,1,0,0
09-MAY-2026,60065693,1103418,0,1103418,91951.5,0,0,0,0,0,0,1,0,0
09-MAY-2026,60066023,0,0,0,0,0,0,0,0,0,0,1,0,0
09-MAY-2026,60075926,0,0,0,0,0,0,0,0,0,0,1,0,0
09-MAY-2026,60082232,0,0,0,0,0,0,0,0,0,0,1,0,0
09-MAY-2026,60087952,0,0,0,0,0,0,0,0,0,0,1,0,0
09-MAY-2026,60088650,0,0,0,0,0,0,0,0,0,0,1,0,0
09-MAY-2026,60092829,0,0,0,0,0,0,0,0,0,0,1,0,0
09-MAY-2026,60112918,0,0,0,0,0,0,0,0,0,0,1,0,0
09-MAY-2026,60121603,0,0,0,0,0,0,0,0,0,0,1,0,0
09-MAY-2026,60123072,0,0,0,0,0,0,0,0,0,0,1,0,0
09-MAY-2026,60128201,0,0,0,0,0,0,0,0,0,0,1,0,0
09-MAY-2026,60128690,0,0,0,0,0,0,0,0,0,0,1,0,0
09-MAY-2026,60139662,0,0,0,0,0,0,0,0,0,0,1,0,0
09-MAY-2026,60140097,0,0,0,0,0,0,0,0,0,0,1,0,0
09-MAY-2026,60145711,0,0,0,0,0,0,0,0,0,0,1,0,0
09-MAY-2026,60146811,0,0,0,0,0,0,0,0,0,0,1,0,0
09-MAY-2026,60151890,0,0,0,0,0,0,0,0,0,0,1,0,0
09-MAY-2026,60153556,0,0,0,0,0,0,0,0,0,0,1,0,0
09-MAY-2026,60157332,0,0,0,0,0,0,0,0,0,0,1,0,0
09-MAY-2026,60158334,0,0,0,0,0,0,0,0,0,0,1,0,0
09-MAY-2026,60158524,0,0,0,0,0,0,0,0,0,0,1,0,0
09-MAY-2026,60163265,0,0,0,0,0,0,0,0,0,0,1,0,0
09-MAY-2026,60166296,0,0,0,0,0,0,0,0,0,0,1,0,0
09-MAY-2026,60171899,0,0,0,0,0,0,0,0,0,0,1,0,0
09-MAY-2026,60175337,0,0,0,0,0,0,0,0,0,0,1,0,0
09-MAY-2026,60182701,0,0,0,0,0,0,0,0,0,0,1,0,0
09-MAY-2026,60183120,0,0,0,0,0,0,0,0,0,0,1,0,0
09-MAY-2026,60187139,0,0,0,0,0,0,0,0,0,0,1,0,0
09-MAY-2026,60192578,0,0,0,0,0,0,0,0,0,0,1,0,0
09-MAY-2026,60193563,1661974,0,1661974,149374.5,0,0,5778,0,0,0,1,0,0
09-MAY-2026,60195391,0,0,0,0,0,0,0,0,0,0,1,0,0
09-MAY-2026,60196244,0,0,0,0,0,0,0,0,0,0,1,0,0
09-MAY-2026,60198375,0,0,0,0,0,0,0,0,0,0,1,0,0
09-MAY-2026,60200880,0,0,0,0,0,0,0,0,0,0,1,0,0
09-MAY-2026,60207066,0,0,0,0,0,0,0,0,0,0,1,0,0
09-MAY-2026,60207999,0,0,0,0,0,0,0,0,0,0,1,0,0
09-MAY-2026,60208722,75120,0,75120,6260,0,0,0,0,0,0,1,0,0
09-MAY-2026,60210689,0,0,0,0,0,0,0,0,0,0,1,0,0
09-MAY-2026,60211716,588376.35,0,588376.35,48293,0,0,0,0,0,0,1,0,0
09-MAY-2026,60213865,0,0,0,0,0,0,0,0,0,0,1,0,0
09-MAY-2026,60214738,0,0,0,0,0,0,0,0,0,0,1,0,0
09-MAY-2026,60219328,0,0,0,0,0,0,0,0,0,0,1,0,0
09-MAY-2026,60223155,0,0,0,0,0,0,0,0,0,0,1,0,0
09-MAY-2026,60226364,0,0,0,0,0,0,0,0,0,0,1,0,0
09-MAY-2026,60232743,0,0,0,0,0,0,0,0,0,0,1,0,0
09-MAY-2026,60234843,0,0,0,0,0,0,0,0,0,0,1,0,0
09-MAY-2026,60238253,0,0,0,0,0,0,0,0,0,0,1,0,0
09-MAY-2026,60255758,0,0,0,0,0,0,0,0,0,0,1,0,0
09-MAY-2026,60260355,0,0,0,0,0,0,0,0,0,0,1,0,0
09-MAY-2026,60261525,0,0,0,0,0,0,0,0,0,0,1,0,0
09-MAY-2026,60271612,0,0,0,0,0,0,0,0,0,0,1,0,0
09-MAY-2026,60272134,0,0,0,0,0,0,0,0,0,0,1,0,0
09-MAY-2026,60274369,0,0,0,0,0,0,0,0,0,0,1,0,0
09-MAY-2026,60275291,0,0,0,0,0,0,0,0,0,0,1,0,0
09-MAY-2026,60276648,0,0,0,0,0,0,0,0,0,0,1,0,0
09-MAY-2026,60278523,0,0,0,0,0,0,0,0,0,0,1,0,0
09-MAY-2026,65002003,0,0,0,0,0,0,0,0,0,0,1,0,0
09-MAY-2026,65002027,0,0,0,0,0,0,0,0,0,0,1,0,0
09-MAY-2026,65003242,0,0,0,0,0,0,0,0,0,0,1,0,0
09-MAY-2026,65004491,0,0,0,0,0,0,0,0,0,0,1,0,0
09-MAY-2026,65004836,0,0,0,0,0,0,0,0,0,0,1,0,0
09-MAY-2026,70199239,0,0,0,0,0,0,0,0,0,0,1,0,0
09-MAY-2026,70250001,0,0,0,0,0,0,0,0,0,0,1,0,0
09-MAY-2026,70272125,0,0,0,0,0,0,0,0,0,0,1,0,0
09-MAY-2026,70272697,221365.99,0,221365.99,17887.5,0,0,0,0,0,0,1,0,0
09-MAY-2026,70280548,0,0,0,0,0,0,0,0,0,0,1,0,0
09-MAY-2026,70285481,0,0,0,0,0,0,0,0,0,0,1,0,0
09-MAY-2026,80002136,0,0,0,0,0,0,0,0,0,0,1,0,0
09-MAY-2026,80006411,0,0,0,0,0,0,0,0,0,0,1,0,0
09-MAY-2026,80007344,0,0,0,0,0,0,0,0,0,0,1,0,0
09-MAY-2026,80013378,0,0,0,0,0,0,0,0,0,0,1,0,0
09-MAY-2026,80013783,0,0,0,0,0,0,0,0,0,0,1,0,0
09-MAY-2026,80019168,0,0,0,0,0,0,0,0,0,0,1,0,0
09-MAY-2026,80021267,0,0,0,0,0,0,0,0,0,0,1,0,0
09-MAY-2026,80021306,0,0,0,0,0,0,0,0,0,0,1,0,0
09-MAY-2026,80022635,0,0,0,0,0,0,0,0,0,0,1,0,0
09-MAY-2026,80023442,0,0,0,0,0,0,0,0,0,0,1,0,0
09-MAY-2026,80025151,0,0,0,0,0,0,0,0,0,0,1,0,0
09-MAY-2026,80025568,3149244,0,3149244,262437,0,0,0,0,0,0,1,0,0
09-MAY-2026,80025569,2712204,0,2712204,226017,0,0,0,0,0,0,1,0,0
09-MAY-2026,80026343,0,0,0,0,0,0,0,0,0,0,1,0,0
09-MAY-2026,80026624,0,0,0,0,0,0,0,0,0,0,1,0,0
09-MAY-2026,80028556,0,0,0,0,0,0,0,0,0,0,1,0,0
09-MAY-2026,80031520,399582.87,0,399582.87,32452,0,0,0,0,0,0,1,0,0
09-MAY-2026,80032240,0,0,0,0,0,0,0,0,0,0,1,0,0
09-MAY-2026,80033657,0,0,0,0,0,0,0,0,0,0,1,0,0
09-MAY-2026,80033749,0,0,0,0,0,0,0,0,0,0,1,0,0
09-MAY-2026,80036344,0,0,0,0,0,0,0,0,0,0,1,0,0
09-MAY-2026,80043057,0,0,0,0,0,0,0,0,0,0,1,0,0
09-MAY-2026,80049056,0,0,0,0,0,0,0,0,0,0,1,0,0
09-MAY-2026,80059332,0,0,0,0,0,0,0,0,0,0,1,0,0
09-MAY-2026,80062733,0,0,0,0,0,0,0,0,0,0,1,0,0
09-MAY-2026,80063021,0,0,0,0,0,0,0,0,0,0,1,0,0
09-MAY-2026,80065543,0,0,0,0,0,0,0,0,0,0,1,0,0
09-MAY-2026,80069876,0,0,0,0,0,0,0,0,0,0,1,0,0
09-MAY-2026,80072421,0,0,0,0,0,0,0,0,0,0,1,0,0
09-MAY-2026,80079508,0,0,0,0,0,0,0,0,0,0,1,0,0
09-MAY-2026,80081375,0,0,0,0,0,0,0,0,0,0,1,0,0
09-MAY-2026,80083379,0,0,0,0,0,0,0,0,0,0,1,0,0
09-MAY-2026,80085254,0,0,0,0,0,0,0,0,0,0,1,0,0
09-MAY-2026,80087260,82548,0,82548,6879,0,0,0,0,0,0,1,0,0
09-MAY-2026,80087689,0,0,0,0,0,0,0,0,0,0,1,0,0
09-MAY-2026,80089323,0,0,0,0,0,0,0,0,0,0,1,0,0
09-MAY-2026,80091130,0,0,0,0,0,0,0,0,0,0,1,0,0
09-MAY-2026,80094275,0,0,0,0,0,0,0,0,0,0,1,0,0
09-MAY-2026,80095989,0,0,0,0,0,0,0,0,0,0,1,0,0
09-MAY-2026,80097994,72522,0,72522,6043.5,0,0,0,0,0,0,1,0,0
09-MAY-2026,80098617,83088,0,83088,6924,0,0,0,0,0,0,1,0,0
09-MAY-2026,80101179,0,0,0,0,0,0,0,0,0,0,1,0,0
09-MAY-2026,80102416,0,0,0,0,0,0,0,0,0,0,1,0,0
09-MAY-2026,80102539,0,0,0,0,0,0,0,0,0,0,1,0,0
09-MAY-2026,80102843,0,0,0,0,0,0,0,0,0,0,1,0,0
09-MAY-2026,80103354,0,0,0,0,0,0,0,0,0,0,1,0,0
09-MAY-2026,80104095,0,0,0,0,0,0,0,0,0,0,1,0,0
09-MAY-2026,80105050,0,0,0,0,0,0,0,0,0,0,1,0,0
09-MAY-2026,80105660,0,0,0,0,0,0,0,0,0,0,1,0,0
09-MAY-2026,80107621,0,0,0,0,0,0,0,0,0,0,1,0,0
09-MAY-2026,80108318,0,0,0,0,0,0,0,0,0,0,1,0,0
09-MAY-2026,80108636,0,0,0,0,0,0,0,0,0,0,1,0,0
09-MAY-2026,80111226,0,0,0,0,0,0,0,0,0,0,1,0,0
09-MAY-2026,80111334,0,0,0,0,0,0,0,0,0,0,1,0,0
09-MAY-2026,80111663,0,0,0,0,0,0,0,0,0,0,1,0,0
09-MAY-2026,80114913,0,0,0,0,0,0,0,0,0,0,1,0,0
09-MAY-2026,80117479,0,0,0,0,0,0,0,0,0,0,1,0,0
09-MAY-2026,80118220,0,0,0,0,0,0,0,0,0,0,1,0,0
09-MAY-2026,80121974,72522,0,72522,6043.5,0,0,0,0,0,0,1,0,0
09-MAY-2026,80123316,0,0,0,0,0,0,0,0,0,0,1,0,0
09-MAY-2026,80123677,0,0,0,0,0,0,0,0,0,0,1,0,0
09-MAY-2026,80125630,0,0,0,0,0,0,0,0,0,0,1,0,0
09-MAY-2026,80129410,0,0,0,0,0,0,0,0,0,0,1,0,0
09-MAY-2026,80129801,0,0,0,0,0,0,0,0,0,0,1,0,0
09-MAY-2026,80131171,0,0,0,0,0,0,0,0,0,0,1,0,0
09-MAY-2026,80133842,0,0,0,0,0,0,0,0,0,0,1,0,0
09-MAY-2026,80135793,0,0,0,0,0,0,0,0,0,0,1,0,0
09-MAY-2026,80137837,0,0,0,0,0,0,0,0,0,0,1,0,0
09-MAY-2026,80138254,0,0,0,0,0,0,0,0,0,0,1,0,0
09-MAY-2026,80139030,0,0,0,0,0,0,0,0,0,0,1,0,0
09-MAY-2026,80142939,0,0,0,0,0,0,0,0,0,0,1,0,0
09-MAY-2026,80145400,0,0,0,0,0,0,0,0,0,0,1,0,0
09-MAY-2026,80146814,0,0,0,0,0,0,0,0,0,0,1,0,0
09-MAY-2026,80149296,0,0,0,0,0,0,0,0,0,0,1,0,0
09-MAY-2026,80149376,0,0,0,0,0,0,0,0,0,0,1,0,0
09-MAY-2026,80152039,0,0,0,0,0,0,0,0,0,0,1,0,0
09-MAY-2026,80152638,0,0,0,0,0,0,0,0,0,0,1,0,0
09-MAY-2026,80157754,72522,0,72522,6043.5,0,0,0,0,0,0,1,0,0
09-MAY-2026,80159279,0,0,0,0,0,0,0,0,0,0,1,0,0
09-MAY-2026,80159752,0,0,0,0,0,0,0,0,0,0,1,0,0
09-MAY-2026,80160500,0,0,0,0,0,0,0,0,0,0,1,0,0
09-MAY-2026,80162143,0,0,0,0,0,0,0,0,0,0,1,0,0
09-MAY-2026,80165135,0,0,0,0,0,0,0,0,0,0,1,0,0
09-MAY-2026,80170278,0,0,0,0,0,0,0,0,0,0,1,0,0
09-MAY-2026,80172328,0,0,0,0,0,0,0,0,0,0,1,0,0
09-MAY-2026,80174391,0,0,0,0,0,0,0,0,0,0,1,0,0
09-MAY-2026,80180133,0,0,0,0,0,0,0,0,0,0,1,0,0
09-MAY-2026,80180454,0,0,0,0,0,0,0,0,0,0,1,0,0
09-MAY-2026,80182038,0,0,0,0,0,0,0,0,0,0,1,0,0
09-MAY-2026,80185404,0,0,0,0,0,0,0,0,0,0,1,0,0
09-MAY-2026,80185751,0,0,0,0,0,0,0,0,0,0,1,0,0
09-MAY-2026,80186427,0,0,0,0,0,0,0,0,0,0,1,0,0
09-MAY-2026,80189242,0,0,0,0,0,0,0,0,0,0,1,0,0
09-MAY-2026,80189539,0,0,0,0,0,0,0,0,0,0,1,0,0
09-MAY-2026,80190283,0,0,0,0,0,0,0,0,0,0,1,0,0
09-MAY-2026,80190778,0,0,0,0,0,0,0,0,0,0,1,0,0
09-MAY-2026,80191806,0,0,0,0,0,0,0,0,0,0,1,0,0
09-MAY-2026,80193701,0,0,0,0,0,0,0,0,0,0,1,0,0
09-MAY-2026,80194192,0,0,0,0,0,0,0,0,0,0,1,0,0
09-MAY-2026,80194590,0,0,0,0,0,0,0,0,0,0,1,0,0
09-MAY-2026,80197646,0,0,0,0,0,0,0,0,0,0,1,0,0
09-MAY-2026,80200086,0,0,0,0,0,0,0,0,0,0,1,0,0
09-MAY-2026,80201238,0,0,0,0,0,0,0,0,0,0,1,0,0
09-MAY-2026,80201388,0,0,0,0,0,0,0,0,0,0,1,0,0
09-MAY-2026,80201821,0,0,0,0,0,0,0,0,0,0,1,0,0
09-MAY-2026,80204472,0,0,0,0,0,0,0,0,0,0,1,0,0
09-MAY-2026,80205235,0,0,0,0,0,0,0,0,0,0,1,0,0
09-MAY-2026,80205802,0,0,0,0,0,0,0,0,0,0,1,0,0
09-MAY-2026,80207002,0,0,0,0,0,0,0,0,0,0,1,0,0
09-MAY-2026,80210042,0,0,0,0,0,0,0,0,0,0,1,0,0
09-MAY-2026,80215656,0,0,0,0,0,0,0,0,0,0,1,0,0
09-MAY-2026,80216311,0,0,0,0,0,0,0,0,0,0,1,0,0
09-MAY-2026,80217529,0,0,0,0,0,0,0,0,0,0,1,0,0
09-MAY-2026,80219169,0,0,0,0,0,0,0,0,0,0,1,0,0
09-MAY-2026,80221258,0,0,0,0,0,0,0,0,0,0,1,0,0
09-MAY-2026,80221456,0,0,0,0,0,0,0,0,0,0,1,0,0
09-MAY-2026,80222173,0,0,0,0,0,0,0,0,0,0,1,0,0
09-MAY-2026,80222618,0,0,0,0,0,0,0,0,0,0,1,0,0
09-MAY-2026,80222815,0,0,0,0,0,0,0,0,0,0,1,0,0
09-MAY-2026,80223088,0,0,0,0,0,0,0,0,0,0,1,0,0
09-MAY-2026,80223355,0,0,0,0,0,0,0,0,0,0,1,0,0
09-MAY-2026,EA890405,0,0,0,0,0,0,0,0,0,0,1,0,0
09-MAY-2026,EA890601,0,0,0,0,0,0,0,0,0,0,1,0,0
09-MAY-2026,EA890671,0,0,0,0,0,0,0,0,0,0,1,0,0
09-MAY-2026,EA890837,0,0,0,0,0,0,0,0,0,0,1,0,0
09-MAY-2026,EA891415,0,0,0,0,0,0,0,0,0,0,1,0,0
09-MAY-2026,EA891793,0,0,0,0,0,0,0,0,0,0,1,0,0
09-MAY-2026,EA893232,71622,0,71622,5968.5,0,0,0,0,0,0,1,0,0
09-MAY-2026,EB007033,0,0,0,0,0,0,0,0,0,0,1,0,0
09-MAY-2026,EB007740,77434,0,77434,6173,0,0,0,0,0,0,1,0,0
09-MAY-2026,EB009873,0,0,0,0,0,0,0,0,0,0,1,0,0
09-MAY-2026,EB011655,0,0,0,0,0,0,0,0,0,0,1,0,0
09-MAY-2026,EB013562,0,0,0,0,0,0,0,0,0,0,1,0,0
09-MAY-2026,EX228002,0,0,0,0,0,0,0,0,0,0,1,0,0
09-MAY-2026,EX436941,0,0,0,0,0,0,0,0,0,0,1,0,0
09-MAY-2026,EX600198,0,0,0,0,0,0,0,0,0,0,1,0,0
09-MAY-2026,EX602629,0,0,0,0,0,0,0,0,0,0,1,0,0
09-MAY-2026,EX711934,0,0,0,0,0,0,0,0,0,0,1,0,0
09-MAY-2026,EX714217,0,0,0,0,0,0,0,0,0,0,1,0,0
09-MAY-2026,EX716208,0,0,0,0,0,0,0,0,0,0,1,0,0
09-MAY-2026,EX723427,0,0,0,0,0,0,0,0,0,0,1,0,0
09-MAY-2026,EX726287,0,0,0,0,0,0,0,0,0,0,1,0,0
09-MAY-2026,EX728964,0,0,0,0,0,0,0,0,0,0,1,0,0
