09-MAY-2026,01276,0,0,0,0,0,0,0,0,0,0,2,0,0
09-MAY-2026,AA5236,227389.99,0,227389.99,18389.5,0,0,0,0,0,0,1,0,0
09-MAY-2026,AA5721,71622,0,71622,5968.5,0,0,0,0,0,0,1,0,0
09-MAY-2026,AB039,0,0,0,0,0,0,0,0,0,0,1,0,0
09-MAY-2026,AB10849,1055604,0,1055604,87967,0,0,0,0,0,0,1,0,0
09-MAY-2026,AB15719,8736578.61,0,8736578.61,725508.5,0,0,0,0,0,0,1,0,0
09-MAY-2026,AB3126,164016,0,164016,13668,0,0,0,0,0,0,1,0,0
09-MAY-2026,AG3911,5907318,0,5907318,492276.5,0,0,0,0,0,0,1,0,0
09-MAY-2026,AH1253,71622,0,71622,5968.5,0,0,0,0,0,0,1,0,0
09-MAY-2026,AJ3816,774339.95,0,774339.95,61730,0,0,0,0,0,0,1,0,0
09-MAY-2026,AJ7034,740754,0,740754,61729.5,0,0,0,0,0,0,1,0,0
09-MAY-2026,AK17211,0,0,0,0,0,0,0,0,0,0,1,0,0
09-MAY-2026,AK23118,0,0,0,0,0,0,0,0,0,0,1,0,0
09-MAY-2026,AK29711,150240,0,150240,12520,0,0,0,0,0,0,1,0,0
09-MAY-2026,AK29715,0,0,0,0,0,0,0,0,0,0,1,0,0
09-MAY-2026,AM16802,41004,0,41004,3417,0,0,0,0,0,0,1,0,0
09-MAY-2026,AR202,143244,0,143244,11937,0,0,0,0,0,0,1,0,0
09-MAY-2026,AS15249,751200,0,751200,62600,0,0,0,0,0,0,1,0,0
09-MAY-2026,AS17612,0,0,0,0,0,0,0,0,0,0,1,0,0
09-MAY-2026,AS2025,0,0,0,0,0,0,0,0,0,0,1,0,0
09-MAY-2026,AS27791,0,0,0,0,0,0,0,0,0,0,1,0,0
09-MAY-2026,AT2910,66498,0,66498,5541.5,0,0,0,0,0,0,1,0,0
09-MAY-2026,AV4512,0,0,0,0,0,0,0,0,0,0,1,0,0
09-MAY-2026,AV4546,33588,0,33588,2799,0,0,0,0,0,0,1,0,0
09-MAY-2026,BA1251,455904,0,455904,37992,0,0,0,0,0,0,1,0,0
09-MAY-2026,BJ1897,69336,0,69336,5778,0,0,11556,0,0,0,1,0,0
09-MAY-2026,BK3605,0,0,0,0,0,0,0,0,0,0,1,0,0
09-MAY-2026,BR3543,299580,0,299580,24965,0,0,0,0,0,0,1,0,0
09-MAY-2026,BS3171,0,0,0,0,0,0,0,0,0,0,1,0,0
09-MAY-2026,CA935,0,0,0,0,0,0,0,0,0,0,1,0,0
09-MAY-2026,CK1500,0,0,0,0,0,0,0,0,0,0,1,0,0
09-MAY-2026,CK1551,34350,0,34350,2862.5,0,0,0,0,0,0,1,0,0
09-MAY-2026,CL416,383616,0,383616,31968,0,0,0,0,0,0,1,0,0
09-MAY-2026,DC1658,315630,0,315630,26302.5,0,0,0,0,0,0,1,0,0
09-MAY-2026,DD204,991770,0,991770,82647.5,0,0,0,0,0,0,1,0,0
09-MAY-2026,DG9523,6013980,0,6013980,501165,0,0,0,0,0,0,1,0,0
09-MAY-2026,DK6028,0,0,0,0,0,0,0,0,0,0,1,0,0
09-MAY-2026,DP6404,591511.99,0,591511.99,48733,0,0,0,0,0,0,1,0,0
09-MAY-2026,DS4270,0,0,0,0,0,0,0,0,0,0,1,0,0
09-MAY-2026,DS6806,0,0,0,0,0,0,0,0,0,0,1,0,0
09-MAY-2026,DV568,68700,0,68700,5725,0,0,0,0,0,0,1,0,0
09-MAY-2026,GG2060,435132,0,435132,36261,0,0,0,0,0,0,1,0,0
09-MAY-2026,GK4668,0,0,0,0,0,0,0,0,0,0,1,0,0
09-MAY-2026,HL466,0,0,0,0,0,0,0,0,0,0,1,0,0
09-MAY-2026,JF271,214866,0,214866,17905.5,0,0,0,0,0,0,1,0,0
09-MAY-2026,JG2712,67176,0,67176,5598,0,0,0,0,0,0,1,0,0
09-MAY-2026,JK2629,0,0,0,0,0,0,0,0,0,0,1,0,0
09-MAY-2026,JP4115,0,0,0,0,0,0,0,0,0,0,1,0,0
09-MAY-2026,JS6133,101526,0,101526,8460.5,0,0,0,0,0,0,1,0,0
09-MAY-2026,KA10021,0,0,0,0,0,0,0,0,0,0,1,0,0
09-MAY-2026,KA6766,72522,0,72522,6043.5,0,0,0,0,0,0,1,0,0
09-MAY-2026,KD3281,169290,0,169290,14107.5,0,0,0,0,0,0,1,0,0
09-MAY-2026,KG3651,66498,0,66498,5541.5,0,0,0,0,0,0,1,0,0
09-MAY-2026,KG4841,99895.72,0,99895.72,8113,0,0,0,0,0,0,1,0,0
09-MAY-2026,KH412,66498,0,66498,5541.5,0,0,0,0,0,0,1,0,0
09-MAY-2026,KI427,7846398,0,7846398,653866.5,0,0,0,0,0,0,1,0,0
09-MAY-2026,KP4671,195392.25,0,195392.25,16072,0,0,0,0,0,0,1,0,0
09-MAY-2026,KR10641,97696.13,0,97696.13,8036,0,0,0,0,0,0,1,0,0
09-MAY-2026,LB372,123012,0,123012,10251,0,0,0,0,0,0,1,0,0
09-MAY-2026,LB793,103050,0,103050,8587.5,0,0,0,0,0,0,1,0,0
09-MAY-2026,LG1015,134352,0,134352,11196,0,0,0,0,0,0,1,0,0
09-MAY-2026,LR925,0,0,0,0,0,0,0,0,0,0,1,0,0
09-MAY-2026,LS3111,100764,0,100764,8397,0,0,0,0,0,0,1,0,0
09-MAY-2026,MA12583,0,0,0,0,0,0,0,0,0,0,1,0,0
09-MAY-2026,MA4902,66498,0,66498,5541.5,0,0,0,0,0,0,1,0,0
09-MAY-2026,MA635,71622,0,71622,5968.5,0,0,0,0,0,0,1,0,0
09-MAY-2026,MB13030,77434,0,77434,6173,0,0,0,0,0,0,1,0,0
09-MAY-2026,MB15831,0,0,0,0,0,0,0,0,0,0,1,0,0
09-MAY-2026,MB22903,0,0,0,0,0,0,0,0,0,0,1,0,0
09-MAY-2026,MB2938,26288,0,26288,3286,0,0,0,0,0,0,1,0,0
09-MAY-2026,MF717,0,0,0,0,0,0,0,0,0,0,1,0,0
09-MAY-2026,MG11112,0,0,0,0,0,0,0,0,0,0,1,0,0
09-MAY-2026,MJ4930,1374516,0,1374516,114543,0,0,0,0,0,0,1,0,0
09-MAY-2026,MJ5308,83088,0,83088,6924,0,0,0,0,0,0,1,0,0
09-MAY-2026,MJ5449,3336012,0,3336012,278001,0,0,0,0,0,0,1,0,0
09-MAY-2026,MP6916,0,0,0,0,0,0,0,0,0,0,1,0,0
09-MAY-2026,MR10464,0,0,0,0,0,0,0,0,0,0,1,0,0
09-MAY-2026,MT2606,11427786.14,0,11427786.14,947656,0,0,0,0,0,0,1,0,0
09-MAY-2026,MT4235,33588,0,33588,2799,0,0,0,0,0,0,1,0,0
09-MAY-2026,MT764,6440033.93,0,6440033.93,614228,0,0,0,0,0,0,1,0,0
09-MAY-2026,MV3276,77434,0,77434,6173,0,0,0,0,0,0,1,0,0
09-MAY-2026,NC1115,0,0,0,0,0,0,0,0,0,0,1,0,0
09-MAY-2026,NK6080,41544,0,41544,3462,0,0,0,0,0,0,1,0,0
09-MAY-2026,NK6434,0,0,0,0,0,0,0,0,0,0,1,0,0
09-MAY-2026,NK7763,0,0,0,0,0,0,0,0,0,0,1,0,0
09-MAY-2026,NM2328,247644,0,247644,20637,0,0,0,0,0,0,1,0,0
09-MAY-2026,NM4499,334608,0,334608,27884,0,0,0,0,0,0,1,0,0
09-MAY-2026,NV1960,0,0,0,0,0,0,0,0,0,0,1,0,0
09-MAY-2026,NV1976,33588,0,33588,2799,0,0,0,0,0,0,1,0,0
09-MAY-2026,NV914,0,0,0,0,0,0,0,0,0,0,1,0,0
09-MAY-2026,OB137,0,0,0,0,0,0,0,0,0,0,1,0,0
09-MAY-2026,PB7210,0,0,0,0,0,0,0,0,0,0,1,0,0
09-MAY-2026,PD1243,91880.8,0,91880.8,8421.5,0,0,0,0,0,0,1,0,0
09-MAY-2026,PD4177,390784.51,0,390784.51,32144,0,0,0,0,0,0,1,0,0
09-MAY-2026,PG10731,41004,0,41004,3417,0,0,0,0,0,0,1,0,0
09-MAY-2026,PG10828,0,0,0,0,0,0,0,0,0,0,1,0,0
09-MAY-2026,PG6209,0,0,0,0,0,0,0,0,0,0,1,0,0
09-MAY-2026,PH1265,179394,0,179394,14949.5,0,0,0,0,0,0,1,0,0
09-MAY-2026,PJ3797,605286,0,605286,50440.5,0,0,0,0,0,0,1,0,0
09-MAY-2026,PJ4778,859464,0,859464,71622,0,0,0,0,0,0,1,0,0
09-MAY-2026,PM7355,67176,0,67176,5598,0,0,0,0,0,0,1,0,0
09-MAY-2026,PP015,0,0,0,0,0,0,0,0,0,0,1,0,0
09-MAY-2026,PP5712,0,0,0,0,0,0,0,0,0,0,1,0,0
09-MAY-2026,PP6954,0,0,0,0,0,0,0,0,0,0,1,0,0
09-MAY-2026,PP9324,103680,0,103680,12960,0,0,0,0,0,0,1,0,0
09-MAY-2026,PR3676,337350,0,337350,28112.5,0,0,0,0,0,0,1,0,0
09-MAY-2026,PR5740,435132,0,435132,36261,0,0,0,0,0,0,1,0,0
09-MAY-2026,RB14360,0,0,0,0,0,0,0,0,0,0,1,0,0
09-MAY-2026,RB18762,0,0,0,0,0,0,0,0,0,0,1,0,0
09-MAY-2026,RB18804,132996,0,132996,11083,0,0,0,0,0,0,1,0,0
09-MAY-2026,RC2338,0,0,0,0,0,0,0,0,0,0,1,0,0
09-MAY-2026,RG16089,0,0,0,0,0,0,0,0,0,0,1,0,0
09-MAY-2026,RG17347,739182,0,739182,61598.5,0,0,0,0,0,0,1,0,0
09-MAY-2026,RH2251,0,0,0,0,0,0,0,0,0,0,1,0,0
09-MAY-2026,RK10097,290088,0,290088,24174,0,0,0,0,0,0,1,0,0
09-MAY-2026,RK20820,145044,0,145044,12087,0,0,0,0,0,0,1,0,0
09-MAY-2026,RK20891,787590,0,787590,82602.5,0,0,0,0,0,0,1,0,0
09-MAY-2026,RK26670,49810.5,0,49810.5,8460.5,0,0,0,0,0,0,1,0,0
09-MAY-2026,RL1929,2783448,0,2783448,231954,0,0,0,0,0,0,1,0,0
09-MAY-2026,RL2689,99895.72,0,99895.72,8113,0,0,0,0,0,0,1,0,0
09-MAY-2026,RM9798,68700,0,68700,5725,0,0,0,0,0,0,1,0,0
09-MAY-2026,RN11775,83088,0,83088,6924,0,0,0,0,0,0,1,0,0
09-MAY-2026,RN13891,67176,0,67176,5598,0,0,0,0,0,0,1,0,0
09-MAY-2026,RP8053,75120,0,75120,6260,0,0,0,0,0,0,1,0,0
09-MAY-2026,RR7306,99895.72,0,99895.72,8113,0,0,0,0,0,0,1,0,0
09-MAY-2026,RR7355,0,0,0,0,0,0,0,0,0,0,1,0,0
09-MAY-2026,RS14093,0,0,0,0,0,0,0,0,0,0,1,0,0
09-MAY-2026,RS5472,41004,0,41004,3417,0,0,0,0,0,0,1,0,0
09-MAY-2026,RV5454,0,0,0,0,0,0,0,0,0,0,1,0,0
09-MAY-2026,SA17318,1242661.17,0,1242661.17,102534,0,0,0,0,0,0,1,0,0
09-MAY-2026,SA9746,0,0,0,0,0,0,0,0,0,0,1,0,0
09-MAY-2026,SC12150,0,0,0,0,0,0,0,0,0,0,1,0,0
09-MAY-2026,SC8481,34350,0,34350,2862.5,0,0,0,0,0,0,1,0,0
09-MAY-2026,SD12884,0,0,0,0,0,0,0,0,0,0,1,0,0
09-MAY-2026,SF428,167940,0,167940,13995,0,0,0,0,0,0,1,0,0
09-MAY-2026,SH6973,0,0,0,0,0,0,0,0,0,0,1,0,0
09-MAY-2026,SI2599,377850,0,377850,31487.5,0,0,0,0,0,0,1,0,0
09-MAY-2026,SJ11749,152554,0,152554,12433,0,0,0,0,0,0,1,0,0
09-MAY-2026,SJ9394,67176,0,67176,5598,0,0,0,0,0,0,1,0,0
09-MAY-2026,SK13047,0,0,0,0,0,0,0,0,0,0,1,0,0
09-MAY-2026,SK20464,0,0,0,0,0,0,0,0,0,0,1,0,0
09-MAY-2026,SK21531,0,0,0,0,0,0,0,0,0,0,1,0,0
09-MAY-2026,SK27604,167940,0,167940,13995,0,0,0,0,0,0,1,0,0
09-MAY-2026,SM17964,101820,0,101820,8485,0,0,0,0,0,0,1,0,0
09-MAY-2026,SM19975,77434,0,77434,6173,0,0,0,0,0,0,1,0,0
09-MAY-2026,SR12181,0,0,0,0,0,0,0,0,0,0,1,0,0
09-MAY-2026,SR9476,0,0,0,0,0,0,0,0,0,0,1,0,0
09-MAY-2026,SS107150,195084,0,195084,18417,0,0,0,0,0,0,1,0,0
09-MAY-2026,SS113544,0,0,0,0,0,0,0,0,0,0,1,0,0
09-MAY-2026,TC164,640458,0,640458,53371.5,0,0,0,0,0,0,1,0,0
09-MAY-2026,TM2108,337350,0,337350,28112.5,0,0,0,0,0,0,1,0,0
09-MAY-2026,UK1313,33588,0,33588,2799,0,0,0,0,0,0,1,0,0
09-MAY-2026,VA3557,199494,0,199494,16624.5,0,0,0,0,0,0,1,0,0
09-MAY-2026,VB1366,132996,0,132996,11083,0,0,0,0,0,0,1,0,0
09-MAY-2026,VK5657,1367745.78,0,1367745.78,112504,0,0,0,0,0,0,1,0,0
09-MAY-2026,VL999,872424,0,872424,72702,0,0,0,0,0,0,1,0,0
09-MAY-2026,VM3537,1079520,0,1079520,89960,0,0,0,0,0,0,1,0,0
09-MAY-2026,VP6262,105152,0,105152,13144,0,0,0,0,0,0,1,0,0
09-MAY-2026,VP8291,0,0,0,2862.5,0,0,0,0,0,0,1,0,0
09-MAY-2026,VS7551,1315908,0,1315908,109659,0,0,0,0,0,0,1,0,0
09-MAY-2026,VS9688,0,0,0,0,0,0,0,0,0,0,1,0,0
09-MAY-2026,YG597,66498,0,66498,5541.5,0,0,0,0,0,0,1,0,0
