09-MAY-2026,00011,0,0,0,0,0,0,0,0,0,0,2,0,0
09-MAY-2026,1011830,0,0,0,0,0,0,0,0,0,0,1,0,0
09-MAY-2026,1012198,0,0,0,0,0,0,0,0,0,0,1,0,0
09-MAY-2026,1131330,0,0,0,0,0,0,0,0,0,0,1,0,0
09-MAY-2026,119443,0,0,0,0,0,0,0,0,0,0,1,0,0
09-MAY-2026,119509,0,0,0,0,0,0,0,0,0,0,1,0,0
09-MAY-2026,119576,0,0,0,0,0,0,0,0,0,0,1,0,0
09-MAY-2026,119582,0,0,0,0,0,0,0,0,0,0,1,0,0
09-MAY-2026,119584,0,0,0,0,0,0,0,0,0,0,1,0,0
09-MAY-2026,119586,0,0,0,0,0,0,0,0,0,0,1,0,0
09-MAY-2026,119595,0,0,0,0,0,0,0,0,0,0,1,0,0
09-MAY-2026,119599,0,0,0,0,0,0,0,0,0,0,1,0,0
09-MAY-2026,119600,0,0,0,0,0,0,0,0,0,0,1,0,0
09-MAY-2026,119603,0,0,0,0,0,0,0,0,0,0,1,0,0
09-MAY-2026,119617,0,0,0,0,0,0,0,0,0,0,1,0,0
09-MAY-2026,119619,0,0,0,0,0,0,0,0,0,0,1,0,0
09-MAY-2026,119632,0,0,0,0,0,0,0,0,0,0,1,0,0
09-MAY-2026,119633,0,0,0,0,0,0,0,0,0,0,1,0,0
09-MAY-2026,119635,0,0,0,0,0,0,0,0,0,0,1,0,0
09-MAY-2026,125571,0,0,0,0,0,0,0,0,0,0,1,0,0
09-MAY-2026,1271112,0,0,0,0,0,0,0,0,0,0,1,0,0
09-MAY-2026,131590,0,0,0,0,0,0,0,0,0,0,1,0,0
09-MAY-2026,134205,0,0,0,0,0,0,0,0,0,0,1,0,0
09-MAY-2026,135617,0,0,0,0,0,0,0,0,0,0,1,0,0
09-MAY-2026,1361273,0,0,0,0,0,0,0,0,0,0,1,0,0
09-MAY-2026,137539,0,0,0,0,0,0,0,0,0,0,1,0,0
09-MAY-2026,142083,0,0,0,0,0,0,0,0,0,0,1,0,0
09-MAY-2026,142084,0,0,0,0,0,0,0,0,0,0,1,0,0
09-MAY-2026,142094,0,0,0,0,0,0,0,0,0,0,1,0,0
09-MAY-2026,142179,0,0,0,0,0,0,0,0,0,0,1,0,0
09-MAY-2026,142186,0,0,0,0,0,0,0,0,0,0,1,0,0
09-MAY-2026,142596,0,0,0,0,0,0,0,0,0,0,1,0,0
09-MAY-2026,143595,0,0,0,0,0,0,0,0,0,0,1,0,0
09-MAY-2026,1481079,0,0,0,0,0,0,0,0,0,0,1,0,0
09-MAY-2026,1481088,0,0,0,0,0,0,0,0,0,0,1,0,0
09-MAY-2026,1481130,0,0,0,0,0,0,0,0,0,0,1,0,0
09-MAY-2026,1481147,0,0,0,0,0,0,0,0,0,0,1,0,0
09-MAY-2026,1481174,0,0,0,0,0,0,0,0,0,0,1,0,0
09-MAY-2026,1481176,0,0,0,0,0,0,0,0,0,0,1,0,0
09-MAY-2026,1481178,0,0,0,0,0,0,0,0,0,0,1,0,0
09-MAY-2026,148791,0,0,0,0,0,0,0,0,0,0,1,0,0
09-MAY-2026,148801,0,0,0,0,0,0,0,0,0,0,1,0,0
09-MAY-2026,148885,0,0,0,0,0,0,0,0,0,0,1,0,0
09-MAY-2026,152139,0,0,0,0,0,0,0,0,0,0,1,0,0
09-MAY-2026,152144,0,0,0,0,0,0,0,0,0,0,1,0,0
09-MAY-2026,152702,0,0,0,0,0,0,0,0,0,0,1,0,0
09-MAY-2026,154064,0,0,0,0,0,0,0,0,0,0,1,0,0
09-MAY-2026,161290,0,0,0,0,0,0,0,0,0,0,1,0,0
09-MAY-2026,163098,0,0,0,0,0,0,0,0,0,0,1,0,0
09-MAY-2026,172132,0,0,0,0,0,0,0,0,0,0,1,0,0
09-MAY-2026,193985,0,0,0,0,0,0,0,0,0,0,1,0,0
09-MAY-2026,196035,0,0,0,0,0,0,0,0,0,0,1,0,0
09-MAY-2026,200385,0,0,0,0,0,0,0,0,0,0,1,0,0
09-MAY-2026,201640,0,0,0,0,0,0,0,0,0,0,1,0,0
09-MAY-2026,215052,0,0,0,0,0,0,0,0,0,0,1,0,0
09-MAY-2026,215217,0,0,0,0,0,0,0,0,0,0,1,0,0
09-MAY-2026,215219,0,0,0,0,0,0,0,0,0,0,1,0,0
09-MAY-2026,223846,0,0,0,0,0,0,0,0,0,0,1,0,0
09-MAY-2026,225001,0,0,0,0,0,0,0,0,0,0,1,0,0
09-MAY-2026,227003,0,0,0,0,0,0,0,0,0,0,1,0,0
09-MAY-2026,238108,0,0,0,0,0,0,0,0,0,0,1,0,0
09-MAY-2026,238112,0,0,0,0,0,0,0,0,0,0,1,0,0
09-MAY-2026,2381481,0,0,0,0,0,0,0,0,0,0,1,0,0
09-MAY-2026,2381482,0,0,0,0,0,0,0,0,0,0,1,0,0
09-MAY-2026,2381483,0,0,0,0,0,0,0,0,0,0,1,0,0
09-MAY-2026,2381491,0,0,0,0,0,0,0,0,0,0,1,0,0
09-MAY-2026,238294,0,0,0,0,0,0,0,0,0,0,1,0,0
09-MAY-2026,238508,0,0,0,0,0,0,0,0,0,0,1,0,0
09-MAY-2026,238571,0,0,0,0,0,0,0,0,0,0,1,0,0
09-MAY-2026,255406,1997914.35,0,1997914.35,162260,0,0,0,0,0,0,1,0,0
09-MAY-2026,262229,0,0,0,0,0,0,0,0,0,0,1,0,0
09-MAY-2026,262249,0,0,0,0,0,0,0,0,0,0,1,0,0
09-MAY-2026,270017,0,0,0,0,0,0,0,0,0,0,1,0,0
09-MAY-2026,283026,0,0,0,0,0,0,0,0,0,0,1,0,0
09-MAY-2026,283048,0,0,0,0,0,0,0,0,0,0,1,0,0
09-MAY-2026,283341,0,0,0,0,0,0,0,0,0,0,1,0,0
09-MAY-2026,283365,0,0,0,0,0,0,0,0,0,0,1,0,0
09-MAY-2026,299235,0,0,0,0,0,0,0,0,0,0,1,0,0
09-MAY-2026,299242,0,0,0,0,0,0,0,0,0,0,1,0,0
09-MAY-2026,329005,0,0,0,0,0,0,0,0,0,0,1,0,0
09-MAY-2026,356045,0,0,0,0,0,0,0,0,0,0,1,0,0
09-MAY-2026,358076,0,0,0,0,0,0,0,0,0,0,1,0,0
09-MAY-2026,374097,0,0,0,0,0,0,0,0,0,0,1,0,0
09-MAY-2026,399055,0,0,0,0,0,0,0,0,0,0,1,0,0
09-MAY-2026,399062,0,0,0,0,0,0,0,0,0,0,1,0,0
09-MAY-2026,484003,0,0,0,0,0,0,0,0,0,0,1,0,0
09-MAY-2026,492063,0,0,0,0,0,0,0,0,0,0,1,0,0
09-MAY-2026,523178,0,0,0,0,0,0,0,0,0,0,1,0,0
09-MAY-2026,531010,0,0,0,0,0,0,0,0,0,0,1,0,0
09-MAY-2026,531032,0,0,0,0,0,0,0,0,0,0,1,0,0
09-MAY-2026,610057,0,0,0,0,0,0,0,0,0,0,1,0,0
09-MAY-2026,679003,0,0,0,0,0,0,0,0,0,0,1,0,0
09-MAY-2026,707001,0,0,0,0,0,0,0,0,0,0,1,0,0
09-MAY-2026,850023,0,0,0,0,0,0,0,0,0,0,1,0,0
09-MAY-2026,850043,0,0,0,0,0,0,0,0,0,0,1,0,0
09-MAY-2026,850052,0,0,0,0,0,0,0,0,0,0,1,0,0
09-MAY-2026,850105,0,0,0,0,0,0,0,0,0,0,1,0,0
09-MAY-2026,868083,0,0,0,0,0,0,0,0,0,0,1,0,0
09-MAY-2026,868122,0,0,0,0,0,0,0,0,0,0,1,0,0
09-MAY-2026,868180,0,0,0,0,0,0,0,0,0,0,1,0,0
09-MAY-2026,868251,0,0,0,0,0,0,0,0,0,0,1,0,0
09-MAY-2026,868262,0,0,0,0,0,0,0,0,0,0,1,0,0
09-MAY-2026,868281,0,0,0,0,0,0,0,0,0,0,1,0,0
09-MAY-2026,868314,0,0,0,0,0,0,0,0,0,0,1,0,0
09-MAY-2026,868315,0,0,0,0,0,0,0,0,0,0,1,0,0
09-MAY-2026,868321,0,0,0,0,0,0,0,0,0,0,1,0,0
09-MAY-2026,868381,0,0,0,0,0,0,0,0,0,0,1,0,0
09-MAY-2026,868382,0,0,0,0,0,0,0,0,0,0,1,0,0
09-MAY-2026,868383,0,0,0,0,0,0,0,0,0,0,1,0,0
09-MAY-2026,868384,0,0,0,0,0,0,0,0,0,0,1,0,0
09-MAY-2026,868387,0,0,0,0,0,0,0,0,0,0,1,0,0
09-MAY-2026,868389,0,0,0,0,0,0,0,0,0,0,1,0,0
09-MAY-2026,868392,0,0,0,0,0,0,0,0,0,0,1,0,0
09-MAY-2026,868396,0,0,0,0,0,0,0,0,0,0,1,0,0
09-MAY-2026,868437,0,0,0,0,0,0,0,0,0,0,1,0,0
09-MAY-2026,868533,0,0,0,0,0,0,0,0,0,0,1,0,0
09-MAY-2026,868897,0,0,0,0,0,0,0,0,0,0,1,0,0
09-MAY-2026,869468,0,0,0,0,0,0,0,0,0,0,1,0,0
09-MAY-2026,870152,0,0,0,0,0,0,0,0,0,0,1,0,0
09-MAY-2026,870228,0,0,0,0,0,0,0,0,0,0,1,0,0
09-MAY-2026,870357,0,0,0,0,0,0,0,0,0,0,1,0,0
09-MAY-2026,870508,0,0,0,0,0,0,0,0,0,0,1,0,0
09-MAY-2026,871045,0,0,0,0,0,0,0,0,0,0,1,0,0
09-MAY-2026,871186,0,0,0,0,0,0,0,0,0,0,1,0,0
09-MAY-2026,871901,0,0,0,0,0,0,0,0,0,0,1,0,0
09-MAY-2026,872067,0,0,0,0,0,0,0,0,0,0,1,0,0
09-MAY-2026,872127,0,0,0,0,0,0,0,0,0,0,1,0,0
09-MAY-2026,872300,0,0,0,0,0,0,0,0,0,0,1,0,0
09-MAY-2026,872447,0,0,0,0,0,0,0,0,0,0,1,0,0
09-MAY-2026,872701,0,0,0,0,0,0,0,0,0,0,1,0,0
09-MAY-2026,872955,124092,0,124092,10341,0,0,0,0,0,0,1,0,0
09-MAY-2026,873845,0,0,0,0,0,0,0,0,0,0,1,0,0
09-MAY-2026,874122,0,0,0,0,0,0,0,0,0,0,1,0,0
09-MAY-2026,874335,0,0,0,0,0,0,0,0,0,0,1,0,0
09-MAY-2026,874671,0,0,0,0,0,0,0,0,0,0,1,0,0
09-MAY-2026,875000,0,0,0,0,0,0,0,0,0,0,1,0,0
09-MAY-2026,875456,0,0,0,0,0,0,0,0,0,0,1,0,0
09-MAY-2026,876825,0,0,0,0,0,0,0,0,0,0,1,0,0
09-MAY-2026,878755,0,0,0,0,0,0,0,0,0,0,1,0,0
09-MAY-2026,880914,0,0,0,0,0,0,0,0,0,0,1,0,0
09-MAY-2026,881629,0,0,0,0,0,0,0,0,0,0,1,0,0
09-MAY-2026,883519,0,0,0,0,0,0,0,0,0,0,1,0,0
09-MAY-2026,883670,0,0,0,0,0,0,0,0,0,0,1,0,0
09-MAY-2026,883789,0,0,0,0,0,0,0,0,0,0,1,0,0
09-MAY-2026,885071,0,0,0,0,0,0,0,0,0,0,1,0,0
09-MAY-2026,889055,0,0,0,0,0,0,0,0,0,0,1,0,0
09-MAY-2026,889546,0,0,0,0,0,0,0,0,0,0,1,0,0
09-MAY-2026,890108,343500,0,343500,28625,0,0,0,0,0,0,1,0,0
09-MAY-2026,890463,66498,0,66498,5541.5,0,0,0,0,0,0,1,0,0
09-MAY-2026,894400,0,0,0,0,0,0,0,0,0,0,1,0,0
09-MAY-2026,895375,0,0,0,0,0,0,0,0,0,0,1,0,0
09-MAY-2026,897029,0,0,0,0,0,0,0,0,0,0,1,0,0
09-MAY-2026,897401,375564,0,375564,31297,0,0,0,0,0,0,1,0,0
09-MAY-2026,901148,0,0,0,0,0,0,0,0,0,0,1,0,0
09-MAY-2026,932050,72522,0,72522,6043.5,0,0,0,0,0,0,1,0,0
09-MAY-2026,934852,215766,0,215766,17980.5,0,0,0,0,0,0,1,0,0
09-MAY-2026,936930,407280,0,407280,33940,0,0,0,0,0,0,1,0,0
09-MAY-2026,939240,0,0,0,0,0,0,0,0,0,0,1,0,0
09-MAY-2026,946299,17113488,0,17113488,2139186,0,0,0,0,0,0,1,0,0
09-MAY-2026,946951,0,0,0,0,0,0,0,0,0,0,1,0,0
09-MAY-2026,947787,67176,0,67176,5598,0,0,0,0,0,0,1,0,0
09-MAY-2026,954590,71622,0,71622,5968.5,0,0,0,0,0,0,1,0,0
09-MAY-2026,954596,82548,0,82548,6879,0,0,0,0,0,0,1,0,0
09-MAY-2026,966514,0,0,0,0,0,0,0,0,0,0,1,0,0
09-MAY-2026,976361,0,0,0,0,0,0,0,0,0,0,1,0,0
09-MAY-2026,995210,0,0,0,0,0,0,0,0,0,0,1,0,0
09-MAY-2026,C677,0,0,0,0,0,0,0,0,0,0,1,0,0
09-MAY-2026,J1449,201528,0,201528,16794,0,0,0,0,0,0,1,0,0
09-MAY-2026,SUSPE1234N,0,0,0,0,0,0,0,0,0,0,1,0,0
