09-MAY-2026,01277,0,0,0,0,0,0,0,0,0,0,2,0,0,0,0,20260509-0,12000000,17000000,17000000,0,0,20260509-0
09-MAY-2026,AJ810,1311149.77,0,1311149.77,107341.5,0,0,0,0,0,0,1,0,0,1311149.77,107341.5,20260509-0,1500001.05,1500001.05,1500001.05,1418491.27,0,20260509-0
09-MAY-2026,AU27,1349400,0,1349400,112450,0,0,0,0,0,0,1,0,0,1349400,112450,20260509-0,2007757.94,2007757.94,2007757.94,1461850,0,20260509-0
09-MAY-2026,B1001,305227.07,0,305227.07,24953,0,0,0,0,0,0,1,0,0,305227.07,24953,20260509-0,317441.9,317441.9,317441.9,330180.07,12738.17,20260509-0
09-MAY-2026,B1408,71622,0,71622,5968.5,0,0,0,0,0,0,1,0,0,71622,5968.5,20260509-0,86839.5,86839.5,86839.5,77590.5,0,20260509-0
09-MAY-2026,B1619,72522,0,72522,6043.5,0,0,0,0,0,0,1,0,0,72522,6043.5,20260509-0,2065.58,2065.58,2065.58,78565.5,76499.92,20260509-0
09-MAY-2026,B1652,159734.14,0,159734.14,12346,0,0,0,0,0,0,1,0,0,159734.14,12346,20260509-0,390890.23,390890.23,390890.23,172080.14,0,20260509-0
09-MAY-2026,B1786,71622,0,71622,5968.5,0,0,0,0,0,0,1,0,0,71622,5968.5,20260509-0,86937.65,86937.65,86937.65,77590.5,0,20260509-0
09-MAY-2026,B1825,159734.14,0,159734.14,12346,0,0,0,0,0,0,1,0,0,159734.14,12346,20260509-0,727039.12,727039.12,727039.12,172080.14,0,20260509-0
09-MAY-2026,B5241,143244,0,143244,11937,0,0,0,0,0,0,1,0,0,143244,11937,20260509-0,173679,173679,173679,155181,0,20260509-0
09-MAY-2026,B5256,0,0,0,0,0,0,0,0,0,0,1,0,0,0,0,20260509-0,35887.17,35887.17,35887.17,0,0,20260509-0
09-MAY-2026,B5258,178154.57,0,178154.57,14373,0,0,0,0,0,0,1,0,0,178154.57,14373,20260509-0,218953.8,218953.8,218953.8,192527.57,0,20260509-0
09-MAY-2026,B7526,0,0,0,0,0,0,0,0,0,0,1,0,0,0,0,20260509-0,20937.64,20937.64,20937.64,0,0,20260509-0
09-MAY-2026,B7643,347862,0,347862,28988.5,0,0,0,0,0,0,1,0,0,347862,28988.5,20260509-0,403880.04,403880.04,403880.04,376850.5,0,20260509-0
09-MAY-2026,BF31,57055.68,4850,61905.68,6173,0,0,0,0,0,0,1,0,0,61905.68,6173,20260509-0,122573.12,122573.12,122573.12,63228.86,0,20260509-0
09-MAY-2026,BNF07,0,0,0,0,0,0,0,0,0,0,1,0,0,0,0,20260509-0,386.4,386.4,386.4,0,0,20260509-0
09-MAY-2026,BNF23,0,0,0,0,0,0,0,0,0,0,1,0,0,0,0,20260509-0,9920.65,9920.65,9920.65,0,0,20260509-0
09-MAY-2026,DF30,0,0,0,0,0,0,0,0,0,0,1,0,0,0,0,20260509-0,4848.19,4848.19,4848.19,0,0,20260509-0
09-MAY-2026,FPO001,0,0,0,0,0,0,0,0,0,0,1,0,0,0,0,20260509-0,37240.22,37240.22,37240.22,0,0,20260509-0
09-MAY-2026,FPO002,157668,0,157668,13139,0,0,0,0,0,0,1,0,0,157668,13139,20260509-0,410618.5,410618.5,410618.5,170807,0,20260509-0
09-MAY-2026,FPO003,0,0,0,0,0,0,0,0,0,0,1,0,0,0,0,20260509-0,2865.93,2865.93,2865.93,0,0,20260509-0
09-MAY-2026,FPO004,0,0,0,0,0,0,0,0,0,0,1,0,0,0,0,20260509-0,16315.7,16315.7,16315.7,0,0,20260509-0
09-MAY-2026,FPO008,0,0,0,0,0,0,0,0,0,0,1,0,0,0,0,20260509-0,13837.05,13837.05,13837.05,0,0,20260509-0
09-MAY-2026,FPO009,0,0,0,0,0,0,0,0,0,0,1,0,0,0,0,20260509-0,39944.39,39944.39,39944.39,0,0,20260509-0
09-MAY-2026,FPO010,0,0,0,0,0,0,0,0,0,0,1,0,0,0,0,20260509-0,1.36,1.36,1.36,0,0,20260509-0
09-MAY-2026,FPO011,0,0,0,0,0,0,0,0,0,0,1,0,0,0,0,20260509-0,24398.37,24398.37,24398.37,0,0,20260509-0
09-MAY-2026,FPO013,0,0,0,0,0,0,0,0,0,0,1,0,0,0,0,20260509-0,769.04,769.04,769.04,0,0,20260509-0
09-MAY-2026,FPO014,0,0,0,0,0,0,0,0,0,0,1,0,0,0,0,20260509-0,9636.47,9636.47,9636.47,0,0,20260509-0
09-MAY-2026,FPO015,0,0,0,0,0,0,0,0,0,0,1,0,0,0,0,20260509-0,96393.68,96393.68,96393.68,0,0,20260509-0
09-MAY-2026,FPO017,0,0,0,0,0,0,0,0,0,0,1,0,0,0,0,20260509-0,4565.84,4565.84,4565.84,0,0,20260509-0
09-MAY-2026,FPO018,0,0,0,0,0,0,0,0,0,0,1,0,0,0,0,20260509-0,10275.65,10275.65,10275.65,0,0,20260509-0
09-MAY-2026,FPO019,60638,0,60638,6148.5,0,0,0,0,0,0,1,0,0,60638,6148.5,20260509-0,272046.95,272046.95,272046.95,66786.5,0,20260509-0
09-MAY-2026,FPO020,0,0,0,0,0,0,0,0,0,0,1,0,0,0,0,20260509-0,10799.94,10799.94,10799.94,0,0,20260509-0
09-MAY-2026,FPO021,0,0,0,0,0,0,0,0,0,0,1,0,0,0,0,20260509-0,1092.12,1092.12,1092.12,0,0,20260509-0
09-MAY-2026,FPO022,0,0,0,0,0,0,0,0,0,0,1,0,0,0,0,20260509-0,2971.44,2971.44,2971.44,0,0,20260509-0
09-MAY-2026,FPO023,0,0,0,0,0,0,0,0,0,0,1,0,0,0,0,20260509-0,8162.66,8162.66,8162.66,0,0,20260509-0
09-MAY-2026,FPO026,0,0,0,0,0,0,0,0,0,0,1,0,0,0,0,20260509-0,9986.25,9986.25,9986.25,0,0,20260509-0
09-MAY-2026,FPO037,0,0,0,0,0,0,0,0,0,0,1,0,0,0,0,20260509-0,272997.69,272997.69,272997.69,0,0,20260509-0
09-MAY-2026,FPO040,0,0,0,0,0,0,0,0,0,0,1,0,0,0,0,20260509-0,1869.42,1869.42,1869.42,0,0,20260509-0
09-MAY-2026,FPO043,0,0,0,0,0,0,0,0,0,0,1,0,0,0,0,20260509-0,9912.64,9912.64,9912.64,0,0,20260509-0
09-MAY-2026,FPO046,0,0,0,0,0,0,0,0,0,0,1,0,0,0,0,20260509-0,1340.63,1340.63,1340.63,0,0,20260509-0
09-MAY-2026,FPO047,0,0,0,0,0,0,0,0,0,0,1,0,0,0,0,20260509-0,8015.39,8015.39,8015.39,0,0,20260509-0
09-MAY-2026,FPO048,0,0,0,0,0,0,0,0,0,0,1,0,0,0,0,20260509-0,20395.62,20395.62,20395.62,0,0,20260509-0
09-MAY-2026,FPO050,0,0,0,0,0,0,0,0,0,0,1,0,0,0,0,20260509-0,21260.01,21260.01,21260.01,0,0,20260509-0
09-MAY-2026,FPO052,75120,0,75120,6260,0,0,0,0,0,0,1,0,0,75120,6260,20260509-0,103980.64,103980.64,103980.64,81380,0,20260509-0
09-MAY-2026,GSF15,0,0,0,0,0,0,0,0,0,0,1,0,0,0,0,20260509-0,8914.65,8914.65,8914.65,0,0,20260509-0
09-MAY-2026,IND04173,100765.86,0,100765.86,8036,0,0,0,0,0,0,1,0,0,100765.86,8036,20260509-0,179567.62,179567.62,179567.62,108801.86,0,20260509-0
09-MAY-2026,IS0744,2293980,0,2293980,191165,0,0,0,0,0,0,1,0,0,2293980,191165,20260509-0,2592704.95,2592704.95,2592704.95,2485145,0,20260509-0
09-MAY-2026,IS11453,249264,0,249264,20772,0,0,0,0,0,0,1,0,0,249264,20772,20260509-0,556762.45,556762.45,556762.45,270036,0,20260509-0
09-MAY-2026,IS14525,0,0,0,0,0,0,0,0,0,0,1,0,0,0,0,20260509-0,118384.12,118384.12,118384.12,0,0,20260509-0
09-MAY-2026,IS18119,272340,0,272340,22695,0,0,0,0,0,0,1,0,0,272340,22695,20260509-0,295399,295399,295399,295035,0,20260509-0
09-MAY-2026,IS5050,0,0,0,0,0,0,0,0,0,0,1,0,0,0,0,20260509-0,55982.74,55982.74,55982.74,0,0,20260509-0
09-MAY-2026,IS7334,214212,0,214212,17851,0,0,0,0,0,0,1,0,0,214212,17851,20260509-0,399936.11,399936.11,399936.11,232063,0,20260509-0
09-MAY-2026,IS8418,184602,0,184602,15383.5,0,0,0,0,0,0,1,0,0,184602,15383.5,20260509-0,972369.52,972369.52,972369.52,199985.5,0,20260509-0
09-MAY-2026,ISP1300,1016970,0,1016970,84747.5,0,0,0,0,0,0,1,0,0,1016970,84747.5,20260509-0,1738402.5,1738402.5,1738402.5,1101717.5,0,20260509-0
09-MAY-2026,ISPL2538,830880,0,830880,69240,0,0,0,0,0,0,1,0,0,830880,69240,20260509-0,1617971.78,1617971.78,1617971.78,900120,0,20260509-0
09-MAY-2026,ISPL2587,75120,0,75120,6260,0,0,0,0,0,0,1,0,0,75120,6260,20260509-0,188825.97,188825.97,188825.97,81380,0,20260509-0
09-MAY-2026,J99,21696960,0,21696960,1808080,0,0,1714500,0,0,0,1,0,0,21696960,1808080,20260509-0,24053032.14,24053032.14,24053032.14,23505040,0,20260509-0
09-MAY-2026,LY54,1845475.7,0,1845475.7,190188,0,0,0,0,0,0,1,0,0,1845475.7,190188,20260509-0,15679307.8,15679307.8,15679307.8,2035663.7,0,20260509-0
09-MAY-2026,MCF31,0,0,0,0,0,0,0,0,0,0,1,0,0,0,0,20260509-0,2191.28,2191.28,2191.28,0,0,20260509-0
09-MAY-2026,PA5009,214866,0,214866,17905.5,0,0,0,0,0,0,1,0,0,214866,17905.5,20260509-0,247300.43,247300.43,247300.43,232771.5,0,20260509-0
09-MAY-2026,PAS2602,169290,0,169290,14107.5,0,0,0,0,0,0,1,0,0,169290,14107.5,20260509-0,253211.4,253211.4,253211.4,183397.5,0,20260509-0
09-MAY-2026,PAS44,0,0,0,0,0,0,0,0,0,0,1,0,0,0,0,20260509-0,621.11,621.11,621.11,0,0,20260509-0
09-MAY-2026,PAS6003,0,0,0,0,0,0,0,0,0,0,1,0,0,0,0,20260509-0,100000,100000,100000,0,0,20260509-0
09-MAY-2026,RB13,82008,0,82008,6834,0,0,0,0,0,0,1,0,0,82008,6834,20260509-0,154616,154616,154616,88842,0,20260509-0
09-MAY-2026,SF06,0,0,0,0,0,0,0,0,0,0,1,0,0,0,0,20260509-0,1500,1500,1500,0,0,20260509-0
09-MAY-2026,SS580,411102,0,411102,36418.5,0,0,0,0,0,0,1,0,0,411102,36418.5,20260509-0,500917.84,500917.84,500917.84,447520.5,0,20260509-0
09-MAY-2026,SS582,281395.07,0,281395.07,22967,0,0,0,0,0,0,1,0,0,281395.07,22967,20260509-0,384583.71,384583.71,384583.71,304362.07,0,20260509-0
09-MAY-2026,SS614,72522,0,72522,6043.5,0,0,0,0,0,0,1,0,0,72522,6043.5,20260509-0,125121.45,125121.45,125121.45,78565.5,0,20260509-0
09-MAY-2026,SUSPE1234N,0,0,0,0,0,0,0,0,0,0,1,0,0,0,0,20260509-0,12013,12013,12013,0,0,20260509-0
09-MAY-2026,SVF30,0,0,0,0,0,0,0,0,0,0,1,0,0,0,0,20260509-0,10904.82,10904.82,10904.82,0,0,20260509-0
09-MAY-2026,TF01,1055640,0,1055640,87970,0,0,0,0,0,0,1,0,0,1055640,87970,20260509-0,1571190.42,1571190.42,1571190.42,1143610,0,20260509-0
09-MAY-2026,UF11,0,0,0,0,0,0,0,0,0,0,1,0,0,0,0,20260509-0,1933.7,1933.7,1933.7,0,0,20260509-0
09-MAY-2026,VT569,0,0,0,0,0,0,0,0,0,0,1,0,0,0,0,20260509-0,6454.41,6454.41,6454.41,0,0,20260509-0
09-MAY-2026,XA95,75120,0,75120,6260,0,0,0,0,0,0,1,0,0,75120,6260,20260509-0,205148.54,205148.54,205148.54,81380,0,20260509-0
09-MAY-2026,XS00707,150240,0,150240,12520,0,0,0,0,0,0,1,0,0,150240,12520,20260509-0,214063,214063,214063,162760,0,20260509-0
09-MAY-2026,Y50,0,0,0,0,0,0,0,0,0,0,1,0,0,0,0,20260509-0,2272131.3,2530709.19,2530709.19,0,0,20260509-0
09-MAY-2026,Y51,940781.13,0,940781.13,102664,0,0,0,0,0,0,1,0,0,940781.13,102664,20260509-0,9524171.84,9524171.84,9524171.84,1043445.13,0,20260509-0
09-MAY-2026,Y52,0,0,0,0,0,0,0,0,0,0,1,0,0,0,0,20260509-0,2258215.66,2371990.86,2371990.86,0,0,20260509-0
