09-MAY-2026,12107440,128232.00,0.00,128232.00,16029.00,C
09-MAY-2026,45150099,0.00,0.00,0.00,1900.00,C
09-MAY-2026,45225149,128232.00,0.00,128232.00,47529.00,C
09-MAY-2026,45235210,41544.00,0.00,41544.00,3462.00,C
09-MAY-2026,45780681,375294.00,0.00,375294.00,37846.50,C
09-MAY-2026,45785552,664980.00,0.00,664980.00,55415.00,C
09-MAY-2026,45855021,147642.00,0.00,147642.00,12303.50,C
09-MAY-2026,45908488,2014380.00,0.00,2014380.00,167865.00,C
09-MAY-2026,50060055,537228.00,0.00,537228.00,44769.00,C
09-MAY-2026,50074875,22528488.00,0.00,22528488.00,1877374.00,C
09-MAY-2026,50078080,12965220.00,0.00,12965220.00,1223707.00,C
09-MAY-2026,50079829,23773041.00,0.00,23773041.00,2446278.50,C
09-MAY-2026,50184613,3004800.00,0.00,3004800.00,250400.00,C
09-MAY-2026,50192805,874235.67,0.00,874235.67,69843.00,C
09-MAY-2026,60004729,66498.00,0.00,66498.00,8691.50,C
09-MAY-2026,60065693,1103418.00,0.00,1103418.00,91951.50,C
09-MAY-2026,60193563,1661974.00,0.00,1661974.00,155152.50,C
09-MAY-2026,60208722,75120.00,0.00,75120.00,6260.00,C
09-MAY-2026,60210689,0.00,0.00,0.00,3150.00,C
09-MAY-2026,60211716,588376.35,0.00,588376.35,48293.00,C
09-MAY-2026,70272697,221365.99,0.00,221365.99,17887.50,C
09-MAY-2026,80025568,3149244.00,0.00,3149244.00,262437.00,C
09-MAY-2026,80025569,2712204.00,0.00,2712204.00,226017.00,C
09-MAY-2026,80031520,399582.87,0.00,399582.87,32452.00,C
09-MAY-2026,80087260,82548.00,0.00,82548.00,6879.00,C
09-MAY-2026,80097994,72522.00,0.00,72522.00,49243.50,C
09-MAY-2026,80098617,83088.00,0.00,83088.00,6924.00,C
09-MAY-2026,80121974,72522.00,0.00,72522.00,6043.50,C
09-MAY-2026,80157754,72522.00,0.00,72522.00,6043.50,C
09-MAY-2026,EA893232,71622.00,0.00,71622.00,5968.50,C
09-MAY-2026,EB007740,77434.00,0.00,77434.00,6173.00,C
