09-MAY-2026,01295,0,0,0,0,0,0,0,0,0,0,2,0,0
09-MAY-2026,A1248,0,0,0,0,0,0,0,0,0,0,1,0,0
09-MAY-2026,A1723,0,0,0,0,0,0,0,0,0,0,1,0,0
09-MAY-2026,A313,0,0,0,0,0,0,0,0,0,0,1,0,0
09-MAY-2026,A314,0,0,0,0,0,0,0,0,0,0,1,0,0
09-MAY-2026,A3497,0,0,0,0,0,0,0,0,0,0,1,0,0
09-MAY-2026,A5195,0,0,0,0,0,0,0,0,0,0,1,0,0
09-MAY-2026,A5210,0,0,0,0,0,0,0,0,0,0,1,0,0
09-MAY-2026,A5232,0,0,0,0,0,0,0,0,0,0,1,0,0
09-MAY-2026,A5233,0,0,0,0,0,0,0,0,0,0,1,0,0
09-MAY-2026,A5272,0,0,0,0,0,0,0,0,0,0,1,0,0
09-MAY-2026,A5422,0,0,0,0,0,0,0,0,0,0,1,0,0
09-MAY-2026,A5603,0,0,0,0,0,0,0,0,0,0,1,0,0
09-MAY-2026,A5777,4121280,0,4121280,515160,0,0,0,0,0,0,1,0,0
09-MAY-2026,A733,0,0,0,0,0,0,0,0,0,0,1,0,0
09-MAY-2026,BE701,0,0,0,0,0,0,0,0,0,0,1,0,0
09-MAY-2026,BH812,337350,0,337350,28112.5,0,0,0,0,0,0,1,0,0
09-MAY-2026,BJ383,0,0,0,0,0,0,0,0,0,0,1,0,0
09-MAY-2026,BK525,0,0,0,0,0,0,0,0,0,0,1,0,0
09-MAY-2026,EAA1665,71622,0,71622,5968.5,0,0,0,0,0,0,1,0,0
09-MAY-2026,EAA184,77434,0,77434,6173,0,0,0,0,0,0,1,0,0
09-MAY-2026,EAA732,0,0,0,0,0,0,0,0,0,0,1,0,0
09-MAY-2026,EAA808,0,0,0,0,0,0,0,0,0,0,1,0,0
09-MAY-2026,VT502,40482000,0,40482000,3373500,0,0,0,0,0,0,1,0,0
09-MAY-2026,VT615,0,0,0,0,0,0,0,0,0,0,1,0,0
09-MAY-2026,VT622,0,0,0,0,0,0,0,0,0,0,1,0,0
09-MAY-2026,VT691,0,0,0,0,0,0,0,0,0,0,1,0,0
09-MAY-2026,VT709,0,0,0,0,0,0,0,0,0,0,1,0,0
