09-MAY-2026,01152,0,0,0,0,0,0,0,0,0,0,2,0,0
09-MAY-2026,01AH016,0,0,0,0,0,0,0,0,0,0,1,0,0
09-MAY-2026,01AH070,3989880,0,3989880,332490,0,0,0,0,0,0,1,0,0
09-MAY-2026,01AT125,0,0,0,0,0,0,0,0,0,0,1,0,0
09-MAY-2026,03FD011,0,0,0,0,0,0,0,0,0,0,1,0,0
09-MAY-2026,07FD367,296982,0,296982,24748.5,0,0,0,0,0,0,1,0,0
09-MAY-2026,07FD429,0,0,0,0,0,0,0,0,0,0,1,0,0
09-MAY-2026,14FD060,0,0,0,0,0,0,0,0,0,0,1,0,0
09-MAY-2026,ATS121,217566,0,217566,18130.5,0,0,0,0,0,0,1,0,0
09-MAY-2026,FD1071,2239795.72,0,2239795.72,203281,0,0,0,0,0,0,1,0,0
09-MAY-2026,FD1080,0,0,0,0,0,0,0,0,0,0,1,0,0
09-MAY-2026,FD1163,0,0,0,0,0,0,0,0,0,0,1,0,0
09-MAY-2026,FD1171,0,0,0,0,0,0,0,0,0,0,1,0,0
09-MAY-2026,FD234,0,0,0,0,0,0,0,0,0,0,1,0,0
09-MAY-2026,FDE1027,0,0,0,0,0,0,0,0,0,0,1,0,0
09-MAY-2026,FDE1048,0,0,0,0,0,0,0,0,0,0,1,0,0
09-MAY-2026,FDE1112,0,0,0,0,0,0,0,0,0,0,1,0,0
09-MAY-2026,FDE1175,0,0,0,0,0,0,0,0,0,0,1,0,0
09-MAY-2026,FDE1445,0,0,0,0,0,0,0,0,0,0,1,0,0
09-MAY-2026,FDE1630,0,0,0,0,0,0,0,0,0,0,1,0,0
09-MAY-2026,FDE443,0,0,0,0,0,0,0,0,0,0,1,0,0
09-MAY-2026,FDI026,0,0,0,0,0,0,0,0,0,0,1,0,0
