09-MAY-2026,BBSL1305,306690,0,306690,25557.5,0,0,0,0,0,0,1,0,0,306690,25557.5,20260509-0,122264.6,122264.6,122264.6,332247.5,209982.9,20260509-0
09-MAY-2026,BBSL2036,134940,0,134940,11245,0,0,0,0,0,0,1,0,0,134940,11245,20260509-0,103715.09,103715.09,103715.09,146185,42469.91,20260509-0
09-MAY-2026,BBSL2416,2370150,0,2370150,197512.5,0,0,0,0,0,0,1,0,0,2370150,197512.5,20260509-0,5241665,5241665,5241665,2567662.5,0,20260509-0
09-MAY-2026,BBSL2476,0,0,0,0,0,0,0,0,0,0,1,0,0,0,0,20260509-0,328513.56,328513.56,328513.56,0,0,20260509-0
09-MAY-2026,BBSL5599,441216,0,441216,36768,0,0,0,0,0,0,1,0,0,441216,36768,20260509-0,697172.25,697172.25,697172.25,477984,0,20260509-0
09-MAY-2026,BDAP17,0,0,0,0,0,0,0,0,0,0,1,0,0,0,0,20260509-0,538218.81,538218.81,538218.81,0,0,20260509-0
09-MAY-2026,BHIN1440,68700,0,68700,5725,0,0,0,0,0,0,1,0,0,68700,5725,20260509-0,29739.72,29739.72,29739.72,74425,44685.28,20260509-0
09-MAY-2026,BRSC538,34668,0,34668,2889,0,0,5778,0,0,0,1,0,0,34668,2889,20260509-0,60575,60575,60575,37557,0,20260509-0
09-MAY-2026,BTVP3327,0,0,0,0,0,0,0,0,0,0,1,0,0,0,0,20260509-0,573.8,573.8,573.8,0,0,20260509-0
09-MAY-2026,BW5769,83700,0,83700,6975,0,0,0,0,0,0,1,0,0,83700,6975,20260509-0,183704.44,183704.44,183704.44,90675,0,20260509-0
09-MAY-2026,BWDJ1388,603619.07,0,603619.07,49819,0,0,0,0,0,0,1,0,0,603619.07,49819,20260509-0,1022733.68,1022733.68,1022733.68,653438.07,0,20260509-0
09-MAY-2026,BWDJ1506,171708,0,171708,14309,0,0,0,0,0,0,1,0,0,171708,14309,20260509-0,274581.67,274581.67,274581.67,186017,0,20260509-0
09-MAY-2026,BWKS120160,217566,0,217566,18130.5,0,0,0,0,0,0,1,0,0,217566,18130.5,20260509-0,335335,335335,335335,235696.5,0,20260509-0
09-MAY-2026,BWLM0124,0,0,0,0,0,0,0,0,0,0,1,0,0,0,0,20260509-0,1961.16,1961.16,1961.16,0,0,20260509-0
09-MAY-2026,CAPG012,71622,0,71622,5968.5,0,0,0,0,0,0,1,0,0,71622,5968.5,20260509-0,110418.75,110418.75,110418.75,77590.5,0,20260509-0
09-MAY-2026,CATR039,337350,0,337350,28112.5,0,0,0,0,0,0,1,0,0,337350,28112.5,20260509-0,780981.65,780981.65,780981.65,365462.5,0,20260509-0
09-MAY-2026,CATR040,337350,0,337350,28112.5,0,0,0,0,0,0,1,0,0,337350,28112.5,20260509-0,780981.65,780981.65,780981.65,365462.5,0,20260509-0
09-MAY-2026,CAVP520,71622,0,71622,5968.5,0,0,0,0,0,0,1,0,0,71622,5968.5,20260509-0,7799.02,7799.02,7799.02,77590.5,69791.48,20260509-0
09-MAY-2026,CL4381,0,0,0,0,0,0,0,0,0,0,1,0,0,0,0,20260509-0,1,1,1,0,0,20260509-0
09-MAY-2026,CL4770,0,0,0,0,0,0,0,0,0,0,1,0,0,0,0,20260509-0,55955.56,55955.56,55955.56,0,0,20260509-0
09-MAY-2026,CNH100,412138.26,0,412138.26,32452,0,0,0,0,0,0,1,0,0,412138.26,32452,20260509-0,352586.91,352586.91,352586.91,444590.26,92003.35,20260509-0
09-MAY-2026,CP0383,0,0,0,0,0,0,0,0,0,0,1,0,0,0,0,20260509-0,110657.08,110657.08,110657.08,0,0,20260509-0
09-MAY-2026,CP0465,0,0,0,0,0,0,0,0,0,0,1,0,0,0,0,20260509-0,172675.87,172675.87,172675.87,0,0,20260509-0
09-MAY-2026,CP1001,214866,0,214866,17905.5,0,0,0,0,0,0,1,0,0,214866,17905.5,20260509-0,0,0,0,232771.5,232771.5,20260509-0
09-MAY-2026,CP1012,71622,0,71622,5968.5,0,0,0,0,0,0,1,0,0,71622,5968.5,20260509-0,159566.01,159566.01,159566.01,77590.5,0,20260509-0
09-MAY-2026,CP7002,143244,0,143244,11937,0,0,0,0,0,0,1,0,0,143244,11937,20260509-0,208420.34,208420.34,208420.34,155181,0,20260509-0
09-MAY-2026,CPTR2113,337056,0,337056,28088,0,0,0,0,0,0,1,0,0,337056,28088,20260509-0,350947.7,350947.7,350947.7,365144,14196.3,20260509-0
09-MAY-2026,CPTRGS12,67176,0,67176,5598,0,0,0,0,0,0,1,0,0,67176,5598,20260509-0,151470.97,151470.97,151470.97,72774,0,20260509-0
09-MAY-2026,CPTRMA71,2428920,0,2428920,202410,0,0,0,0,0,0,1,0,0,2428920,202410,20260509-0,3824672.23,3824672.23,3824672.23,2631330,0,20260509-0
09-MAY-2026,CPTRMCH3,134940,0,134940,11245,0,0,0,0,0,0,1,0,0,134940,11245,20260509-0,228468.07,228468.07,228468.07,146185,0,20260509-0
09-MAY-2026,CPTRMG24,2496390,0,2496390,208032.5,0,0,0,0,0,0,1,0,0,2496390,208032.5,20260509-0,3307022.15,3307022.15,3307022.15,2704422.5,0,20260509-0
09-MAY-2026,CPTRMK10,603342,0,603342,50278.5,0,0,0,0,0,0,1,0,0,603342,50278.5,20260509-0,885255.46,885255.46,885255.46,653620.5,0,20260509-0
09-MAY-2026,CPTRPR14,1416870,0,1416870,118072.5,0,0,0,0,0,0,1,0,0,1416870,118072.5,20260509-0,2450009.95,2450009.95,2450009.95,1534942.5,0,20260509-0
09-MAY-2026,CPTRSGH10,134940,0,134940,11245,0,0,0,0,0,0,1,0,0,134940,11245,20260509-0,209319.36,209319.36,209319.36,146185,0,20260509-0
09-MAY-2026,CPTRSK194,6814470,0,6814470,567872.5,0,0,0,0,0,0,1,0,0,6814470,567872.5,20260509-0,11074009.21,11074009.21,11074009.21,7382342.5,0,20260509-0
09-MAY-2026,CPTRSN6,1956630,0,1956630,163052.5,0,0,0,0,0,0,1,0,0,1956630,163052.5,20260509-0,3161353.67,3161353.67,3161353.67,2119682.5,0,20260509-0
09-MAY-2026,DELA1315,0,0,0,0,0,0,0,0,0,0,1,0,0,0,0,20260509-0,7440.67,7440.67,7440.67,0,0,20260509-0
09-MAY-2026,DPHS0115,421288.27,0,421288.27,33177,0,0,0,0,0,0,1,0,0,421288.27,33177,20260509-0,651798.07,651798.07,651798.07,454465.27,0,20260509-0
09-MAY-2026,DPHS0120,0,0,0,0,0,0,0,0,0,0,1,0,0,0,0,20260509-0,90118.47,90118.47,90118.47,0,0,20260509-0
09-MAY-2026,DPHS0121,239601.2,0,239601.2,18519,0,0,0,0,0,0,1,0,0,239601.2,18519,20260509-0,346372.01,346372.01,346372.01,258120.2,0,20260509-0
09-MAY-2026,DPHS0126,319468.27,0,319468.27,24692,0,0,0,0,0,0,1,0,0,319468.27,24692,20260509-0,668233.23,668233.23,668233.23,344160.27,0,20260509-0
09-MAY-2026,DPHS0127,79867.07,0,79867.07,6173,0,0,0,0,0,0,1,0,0,79867.07,6173,20260509-0,166633.29,166633.29,166633.29,86040.07,0,20260509-0
09-MAY-2026,DPHS0130,261554.14,0,261554.14,20831,0,0,0,0,0,0,1,0,0,261554.14,20831,20260509-0,395461.9,395461.9,395461.9,282385.14,0,20260509-0
09-MAY-2026,DPHS0131,466805.34,0,466805.34,36487.5,0,0,0,0,0,0,1,0,0,466805.34,36487.5,20260509-0,752879.01,752879.01,752879.01,503292.84,0,20260509-0
09-MAY-2026,DPHS0159,956793.61,0,956793.61,75389.5,0,0,0,0,0,0,1,0,0,956793.61,75389.5,20260509-0,1439718.94,1439718.94,1439718.94,1032183.11,0,20260509-0
09-MAY-2026,DPHS1201,2792276.7,0,2792276.7,220625,0,0,0,0,0,0,1,0,0,2792276.7,220625,20260509-0,3980066.8,3980066.8,3980066.8,3012901.7,0,20260509-0
09-MAY-2026,DPHS1206,1499372.95,0,1499372.95,118191.5,0,0,0,0,0,0,1,0,0,1499372.95,118191.5,20260509-0,2578057.78,2578057.78,2578057.78,1617564.45,0,20260509-0
09-MAY-2026,DPHS1208,1119746.54,0,1119746.54,89451.5,0,0,0,0,0,0,1,0,0,1119746.54,89451.5,20260509-0,1047855.93,1047855.93,1047855.93,1209198.04,161342.11,20260509-0
09-MAY-2026,DPHS1209,308301.2,0,308301.2,24244,0,0,0,0,0,0,1,0,0,308301.2,24244,20260509-0,483853.54,483853.54,483853.54,332545.2,0,20260509-0
09-MAY-2026,DPHS1210,375600,0,375600,31300,0,0,0,0,0,0,1,0,0,375600,31300,20260509-0,21746.99,21746.99,21746.99,406900,385153.01,20260509-0
09-MAY-2026,DPHS1211,455638.27,0,455638.27,36039.5,0,0,0,0,0,0,1,0,0,455638.27,36039.5,20260509-0,686457.09,686457.09,686457.09,491677.77,0,20260509-0
09-MAY-2026,DPHS1213,154987.07,0,154987.07,12433,0,0,0,0,0,0,1,0,0,154987.07,12433,20260509-0,236819.49,236819.49,236819.49,167420.07,0,20260509-0
09-MAY-2026,DPHS1220,1183997.75,0,1183997.75,93358,0,0,0,0,0,0,1,0,0,1183997.75,93358,20260509-0,1693613.08,1693613.08,1693613.08,1277355.75,0,20260509-0
09-MAY-2026,DPHS1221,273951.2,0,273951.2,21381.5,0,0,0,0,0,0,1,0,0,273951.2,21381.5,20260509-0,446328.14,446328.14,446328.14,295332.7,0,20260509-0
09-MAY-2026,DPHS1222,649722.41,0,649722.41,51248,0,0,0,0,0,0,1,0,0,649722.41,51248,20260509-0,945572.63,945572.63,945572.63,700970.41,0,20260509-0
09-MAY-2026,DPHS1223,265706.14,0,265706.14,21177,0,0,0,0,0,0,1,0,0,265706.14,21177,20260509-0,278871.18,278871.18,278871.18,286883.14,8011.96,20260509-0
09-MAY-2026,DPHS1225,808226.54,0,808226.54,63491.5,0,0,0,0,0,0,1,0,0,808226.54,63491.5,20260509-0,1184531.9,1184531.9,1184531.9,871718.04,0,20260509-0
09-MAY-2026,DPHS1227,592657.48,0,592657.48,46010,0,0,0,0,0,0,1,0,0,592657.48,46010,20260509-0,1214153.67,1214153.67,1214153.67,638667.48,0,20260509-0
09-MAY-2026,DPHS1228,79867.07,0,79867.07,6173,0,0,0,0,0,0,1,0,0,79867.07,6173,20260509-0,125834.01,125834.01,125834.01,86040.07,0,20260509-0
09-MAY-2026,DPHS1232,868681.48,0,868681.48,69012,0,0,0,0,0,0,1,0,0,868681.48,69012,20260509-0,1012420.29,1012420.29,1012420.29,937693.48,0,20260509-0
09-MAY-2026,DPHS1237,75120,0,75120,6260,0,0,0,0,0,0,1,0,0,75120,6260,20260509-0,153614.52,153614.52,153614.52,81380,0,20260509-0
09-MAY-2026,DPHS1238,159734.14,0,159734.14,12346,0,0,0,0,0,0,1,0,0,159734.14,12346,20260509-0,266477.3,266477.3,266477.3,172080.14,0,20260509-0
09-MAY-2026,DPHS1239,0,0,0,0,0,0,0,0,0,0,1,0,0,0,0,20260509-0,144022.27,144022.27,144022.27,0,0,20260509-0
09-MAY-2026,DPHS1241,273951.2,0,273951.2,21381.5,0,0,0,0,0,0,1,0,0,273951.2,21381.5,20260509-0,432066.82,432066.82,432066.82,295332.7,0,20260509-0
09-MAY-2026,DPHS1247,75120,0,75120,6260,0,0,0,0,0,0,1,0,0,75120,6260,20260509-0,183749.77,183749.77,183749.77,81380,0,20260509-0
09-MAY-2026,DPHS1250,79867.07,0,79867.07,6173,0,0,0,0,0,0,1,0,0,79867.07,6173,20260509-0,120863.38,120863.38,120863.38,86040.07,0,20260509-0
09-MAY-2026,DPHS1254,79867.07,0,79867.07,6173,0,0,0,0,0,0,1,0,0,79867.07,6173,20260509-0,176191.59,176191.59,176191.59,86040.07,0,20260509-0
09-MAY-2026,DPHS1257,159734.14,0,159734.14,12346,0,0,0,0,0,0,1,0,0,159734.14,12346,20260509-0,351324.05,351324.05,351324.05,172080.14,0,20260509-0
09-MAY-2026,DPHS1258,0,0,0,0,0,0,0,0,0,0,1,0,0,0,0,20260509-0,.65,.65,.65,0,0,20260509-0
09-MAY-2026,DPJJ1296,274614,0,274614,22884.5,0,0,0,0,0,0,1,0,0,274614,22884.5,20260509-0,184610.08,184610.08,184610.08,297498.5,112888.42,20260509-0
09-MAY-2026,DPLP1379,0,0,0,0,0,0,0,0,0,0,1,0,0,0,0,20260509-0,405.56,405.56,405.56,0,0,20260509-0
09-MAY-2026,DSN0380,82008,0,82008,6834,0,0,0,0,0,0,1,0,0,82008,6834,20260509-0,126157.78,126157.78,126157.78,88842,0,20260509-0
09-MAY-2026,DSN0474,306324,0,306324,25527,0,0,0,0,0,0,1,0,0,306324,25527,20260509-0,517367.63,517367.63,517367.63,331851,0,20260509-0
09-MAY-2026,DSNT1501,75120,0,75120,6260,0,0,0,0,0,0,1,0,0,75120,6260,20260509-0,150455.6,150455.6,150455.6,81380,0,20260509-0
09-MAY-2026,DSS375,0,0,0,0,0,0,0,0,0,0,1,0,0,0,0,20260509-0,249812.5,249812.5,249812.5,0,0,20260509-0
09-MAY-2026,DTBJAM224,0,0,0,0,0,0,0,0,0,0,1,0,0,0,0,20260509-0,341960,341960,341960,0,0,20260509-0
09-MAY-2026,DTBJAM354,0,0,0,0,0,0,0,0,0,0,1,0,0,0,0,20260509-0,341960,341960,341960,0,0,20260509-0
09-MAY-2026,DVYT0600,139560,0,139560,11630,0,0,0,0,0,0,1,0,0,139560,11630,20260509-0,214412.4,214412.4,214412.4,151190,0,20260509-0
09-MAY-2026,E191357,1072683.61,0,1072683.61,85047,0,0,0,0,0,0,1,0,0,1072683.61,85047,20260509-0,1521525.26,1521525.26,1521525.26,1157730.61,0,20260509-0
09-MAY-2026,E191460,0,0,0,0,0,0,0,0,0,0,1,0,0,0,0,20260509-0,73083.15,73083.15,73083.15,0,0,20260509-0
09-MAY-2026,E192111,0,0,0,0,0,0,0,0,0,0,1,0,0,0,0,20260509-0,5157.45,5157.45,5157.45,0,0,20260509-0
09-MAY-2026,E195097,103050,0,103050,8587.5,0,0,0,0,0,0,1,0,0,103050,8587.5,20260509-0,413936.25,413936.25,413936.25,111637.5,0,20260509-0
09-MAY-2026,DELD947,67470,0,67470,5622.5,0,0,0,0,0,0,1,0,0,67470,5622.5,20260509-0,104659.68,104659.68,104659.68,73092.5,0,20260509-0
09-MAY-2026,DIRJ0550,472518,0,472518,39376.5,0,0,0,0,0,0,1,0,0,472518,39376.5,20260509-0,896141.51,896141.51,896141.51,511894.5,0,20260509-0
09-MAY-2026,DLBN1209,0,0,0,0,0,0,0,0,0,0,1,0,0,0,0,20260509-0,438018.08,438018.08,438018.08,0,0,20260509-0
09-MAY-2026,DLDAT1209,0,0,0,0,0,0,0,0,0,0,1,0,0,0,0,20260509-0,37842.47,37842.47,37842.47,0,0,20260509-0
09-MAY-2026,DLQA1212,33588,0,33588,2799,0,0,0,0,0,0,1,0,0,33588,2799,20260509-0,227312.78,227312.78,227312.78,36387,0,20260509-0
09-MAY-2026,DLSH1598,0,0,0,0,0,0,0,0,0,0,1,0,0,0,0,20260509-0,1828.8,1828.8,1828.8,0,0,20260509-0
09-MAY-2026,DLSO1269,575676,0,575676,47973,0,0,0,0,0,0,1,0,0,575676,47973,20260509-0,862079.51,862079.51,862079.51,623649,0,20260509-0
09-MAY-2026,DLYRA1204,0,0,0,0,0,0,0,0,0,0,1,0,0,0,0,20260509-0,5426.6,5426.6,5426.6,0,0,20260509-0
09-MAY-2026,DNLS1218,0,0,0,0,0,0,0,0,0,0,1,0,0,0,0,20260509-0,114752.11,114752.11,114752.11,0,0,20260509-0
09-MAY-2026,01240,0,0,0,0,0,0,0,0,0,0,2,0,0,0,0,20260509-0,415000000,420000000,420000000,0,0,20260509-0
09-MAY-2026,AASH1433,144144,0,144144,12012,0,0,0,0,0,0,1,0,0,144144,12012,20260509-0,245556.84,245556.84,245556.84,156156,0,20260509-0
09-MAY-2026,AASH1799,26288,0,26288,3286,0,0,0,0,0,0,1,0,0,26288,3286,20260509-0,81382.5,81382.5,81382.5,29574,0,20260509-0
09-MAY-2026,AASH1904,71622,0,71622,5968.5,0,0,0,0,0,0,1,0,0,71622,5968.5,20260509-0,99133.37,99133.37,99133.37,77590.5,0,20260509-0
09-MAY-2026,ABQR127,901440,0,901440,75120,0,0,0,0,0,0,1,0,0,901440,75120,20260509-0,1392516.67,1392516.67,1392516.67,976560,0,20260509-0
09-MAY-2026,AGG1271,71622,0,71622,5968.5,0,0,0,0,0,0,1,0,0,71622,5968.5,20260509-0,85180.58,85180.58,85180.58,77590.5,0,20260509-0
09-MAY-2026,AJAJ005,0,0,0,0,0,0,0,0,0,0,1,0,0,0,0,20260509-0,232.54,232.54,232.54,0,0,20260509-0
09-MAY-2026,AJMY953,133968,0,133968,11164,0,0,0,0,0,0,1,0,0,133968,11164,20260509-0,205711.28,205711.28,205711.28,145132,0,20260509-0
09-MAY-2026,AKCB1333,0,0,0,0,0,0,0,0,0,0,1,0,0,0,0,20260509-0,29417.25,29417.25,29417.25,0,0,20260509-0
09-MAY-2026,AMDNJ1205,287388,0,287388,23949,0,0,0,0,0,0,1,0,0,287388,23949,20260509-0,441631.67,441631.67,441631.67,311337,0,20260509-0
09-MAY-2026,AMTL1201,319729,0,319729,26317,0,0,0,0,0,0,1,0,0,319729,26317,20260509-0,0,0,0,346046,346046,20260509-0
09-MAY-2026,ANIL1978,165096,0,165096,13758,0,0,0,0,0,0,1,0,0,165096,13758,20260509-0,252387.78,252387.78,252387.78,178854,0,20260509-0
09-MAY-2026,ANKM1372,0,0,0,0,0,0,0,0,0,0,1,0,0,0,0,20260509-0,5816.82,5816.82,5816.82,0,0,20260509-0
09-MAY-2026,ANRC0787,34350,0,34350,2862.5,0,0,0,0,0,0,1,0,0,34350,2862.5,20260509-0,0,0,0,37212.5,37212.5,20260509-0
09-MAY-2026,APSJ1271,504648,0,504648,42054,0,0,0,0,0,0,1,0,0,504648,42054,20260509-0,2793850.58,2793850.58,2793850.58,546702,0,20260509-0
09-MAY-2026,ARMA1802,41544,0,41544,3462,0,0,0,0,0,0,1,0,0,41544,3462,20260509-0,63396.67,63396.67,63396.67,45006,0,20260509-0
09-MAY-2026,ARP4100,0,0,0,0,0,0,0,0,0,0,1,0,0,0,0,20260509-0,5644.44,5644.44,5644.44,0,0,20260509-0
09-MAY-2026,ASEEM9,2940354,0,2940354,255829.5,0,0,0,0,0,0,1,0,0,2940354,255829.5,20260509-0,0,0,0,3196183.5,3196183.5,20260509-0
09-MAY-2026,AUAA1481,67176,0,67176,5598,0,0,0,0,0,0,1,0,0,67176,5598,20260509-0,5779.34,5779.34,5779.34,72774,66994.66,20260509-0
09-MAY-2026,AUSF148705,0,0,0,0,0,0,0,0,0,0,1,0,0,0,0,20260509-0,55555.56,55555.56,55555.56,0,0,20260509-0
09-MAY-2026,AUSF150041,123552,0,123552,10296,0,0,0,0,0,0,1,0,0,123552,10296,20260509-0,188977.84,188977.84,188977.84,133848,0,20260509-0
09-MAY-2026,AUSF186567,68700,0,68700,5725,0,0,0,0,0,0,1,0,0,68700,5725,20260509-0,104104.72,104104.72,104104.72,74425,0,20260509-0
09-MAY-2026,AUSF84788,100764,0,100764,8397,0,0,0,0,0,0,1,0,0,100764,8397,20260509-0,90748.4,90748.4,90748.4,109161,18412.6,20260509-0
09-MAY-2026,AUSF86204,0,0,0,0,0,0,0,0,0,0,1,0,0,0,0,20260509-0,50768.61,50768.61,50768.61,0,0,20260509-0
09-MAY-2026,AYFC1240,369468,0,369468,30789,0,0,0,0,0,0,1,0,0,369468,30789,20260509-0,560619.58,560619.58,560619.58,400257,0,20260509-0
09-MAY-2026,AZMG1201,1840856.54,0,1840856.54,149544,0,0,0,0,0,0,1,0,0,1840856.54,149544,20260509-0,2577276.99,2577276.99,2577276.99,1990400.54,0,20260509-0
09-MAY-2026,EBOM882869,0,0,0,0,0,0,0,0,0,0,1,0,0,0,0,20260509-0,1111.11,1111.11,1111.11,0,0,20260509-0
09-MAY-2026,EHYD705635,67470,0,67470,5622.5,0,0,0,0,0,0,1,0,0,67470,5622.5,20260509-0,411814.09,411814.09,411814.09,73092.5,0,20260509-0
09-MAY-2026,EHYD706665,0,0,0,0,0,0,0,0,0,0,1,0,0,0,0,20260509-0,144.44,144.44,144.44,0,0,20260509-0
09-MAY-2026,EHYD732283,0,0,0,0,0,0,0,0,0,0,1,0,0,0,0,20260509-0,788.99,788.99,788.99,0,0,20260509-0
09-MAY-2026,ETHN816141,1277040,0,1277040,106420,0,0,0,0,0,0,1,0,0,1277040,106420,20260509-0,1873032.26,1873032.26,1873032.26,1383460,0,20260509-0
09-MAY-2026,EBOM894558,0,0,0,0,0,0,0,0,0,0,1,0,0,0,0,20260509-0,2020,2020,2020,0,0,20260509-0
09-MAY-2026,EBOM905668,0,0,0,0,0,0,0,0,0,0,1,0,0,0,0,20260509-0,3542.78,3542.78,3542.78,0,0,20260509-0
09-MAY-2026,EBOM913800,0,0,0,0,0,0,0,0,0,0,1,0,0,0,0,20260509-0,283.33,283.33,283.33,0,0,20260509-0
09-MAY-2026,EBOM920268,0,0,0,0,0,0,0,0,0,0,1,0,0,0,0,20260509-0,12701.41,12701.41,12701.41,0,0,20260509-0
09-MAY-2026,EBOM921651,0,0,0,0,0,0,0,0,0,0,1,0,0,0,0,20260509-0,2534.58,2534.58,2534.58,0,0,20260509-0
09-MAY-2026,EBOM921734,0,0,0,0,0,0,0,0,0,0,1,0,0,0,0,20260509-0,2500,2500,2500,0,0,20260509-0
09-MAY-2026,ETHN838902,242535.72,0,242535.72,19489,0,0,0,0,0,0,1,0,0,242535.72,19489,20260509-0,359482.5,359482.5,359482.5,262024.72,0,20260509-0
09-MAY-2026,ETHN848871,0,0,0,0,0,0,0,0,0,0,1,0,0,0,0,20260509-0,1577.23,1577.23,1577.23,0,0,20260509-0
09-MAY-2026,EBOM935407,0,0,0,0,0,0,0,0,0,0,1,0,0,0,0,20260509-0,532.65,532.65,532.65,0,0,20260509-0
09-MAY-2026,EBOM938521,0,0,0,0,0,0,0,0,0,0,1,0,0,0,0,20260509-0,2525,2525,2525,0,0,20260509-0
09-MAY-2026,EBOM991878,0,0,0,0,0,0,0,0,0,0,1,0,0,0,0,20260509-0,17243.8,17243.8,17243.8,0,0,20260509-0
09-MAY-2026,EHYD835217,0,0,0,0,0,0,0,0,0,0,1,0,0,0,0,20260509-0,425.28,425.28,425.28,0,0,20260509-0
09-MAY-2026,ETHN870828,0,0,0,0,0,0,0,0,0,0,1,0,0,0,0,20260509-0,45577.78,45577.78,45577.78,0,0,20260509-0
09-MAY-2026,EHYD040809,0,0,0,0,0,0,0,0,0,0,1,0,0,0,0,20260509-0,622.22,622.22,622.22,0,0,20260509-0
09-MAY-2026,ETHN381135,0,0,0,0,0,0,0,0,0,0,1,0,0,0,0,20260509-0,11.24,11.24,11.24,0,0,20260509-0
09-MAY-2026,ETHN388134,0,0,0,0,0,0,0,0,0,0,1,0,0,0,0,20260509-0,.37,.37,.37,0,0,20260509-0
09-MAY-2026,EWFH875461,68700,0,68700,5725,0,0,0,0,0,0,1,0,0,68700,5725,20260509-0,104859.44,104859.44,104859.44,74425,0,20260509-0
09-MAY-2026,FBD400,72522,0,72522,6043.5,0,0,0,0,0,0,1,0,0,72522,6043.5,20260509-0,110575.83,110575.83,110575.83,78565.5,0,20260509-0
09-MAY-2026,FNSF1302,0,0,0,0,0,0,0,0,0,0,1,0,0,0,0,20260509-0,295814.35,295814.35,295814.35,0,0,20260509-0
09-MAY-2026,GAIM9203,0,0,0,0,0,0,0,0,0,0,1,0,0,0,0,20260509-0,3984.23,3984.23,3984.23,0,0,20260509-0
09-MAY-2026,GF1738,0,0,0,0,0,0,0,0,0,0,1,0,0,0,0,20260509-0,384131.08,384131.08,384131.08,0,0,20260509-0
09-MAY-2026,GFCA768,41544,0,41544,3462,0,0,0,0,0,0,1,0,0,41544,3462,20260509-0,62920,62920,62920,45006,0,20260509-0
09-MAY-2026,GFSJ010,296874,0,296874,24739.5,0,0,0,0,0,0,1,0,0,296874,24739.5,20260509-0,451970.28,451970.28,451970.28,321613.5,0,20260509-0
09-MAY-2026,GHYAN001,0,0,0,0,0,0,0,0,0,0,1,0,0,0,0,20260509-0,1645.3,1645.3,1645.3,0,0,20260509-0
09-MAY-2026,GHYAN008,0,0,0,0,0,0,0,0,0,0,1,0,0,0,0,20260509-0,19503.46,19503.46,19503.46,0,0,20260509-0
09-MAY-2026,GHYAN151,0,0,0,0,0,0,0,0,0,0,1,0,0,0,0,20260509-0,36074,36074,36074,0,0,20260509-0
09-MAY-2026,GHYAT1220,0,0,0,0,0,0,0,0,0,0,1,0,0,0,0,20260509-0,925.89,925.89,925.89,0,0,20260509-0
09-MAY-2026,EHYDE90387,100765.86,0,100765.86,8036,0,0,0,0,0,0,1,0,0,100765.86,8036,20260509-0,128429.21,128429.21,128429.21,108801.86,0,20260509-0
09-MAY-2026,ELTE1532,217566,0,217566,18130.5,0,0,0,0,0,0,1,0,0,217566,18130.5,20260509-0,334343.75,334343.75,334343.75,235696.5,0,20260509-0
09-MAY-2026,ETHN406240,0,0,0,0,0,0,0,0,0,0,1,0,0,0,0,20260509-0,1666.66,1666.66,1666.66,0,0,20260509-0
09-MAY-2026,ETHN425740,0,0,0,0,0,0,0,0,0,0,1,0,0,0,0,20260509-0,98002.98,98002.98,98002.98,0,0,20260509-0
09-MAY-2026,ETHN429764,0,0,0,0,0,0,0,0,0,0,1,0,0,0,0,20260509-0,3779.92,3779.92,3779.92,0,0,20260509-0
09-MAY-2026,ETHN435522,41004,0,41004,3417,0,0,0,0,0,0,1,0,0,41004,3417,20260509-0,63799.12,63799.12,63799.12,44421,0,20260509-0
09-MAY-2026,H30120,21418500,0,21418500,1784875,0,0,0,0,0,0,1,0,0,21418500,1784875,20260509-0,175910.31,175910.31,175910.31,23203375,23027464.69,20260509-0
09-MAY-2026,H30273,30168120,0,30168120,2514010,0,0,0,0,0,0,1,0,0,30168120,2514010,20260509-0,0,0,0,32682130,32682130,20260509-0
09-MAY-2026,H30410,9536367.31,0,9536367.31,754207,0,0,0,0,0,0,1,0,0,9536367.31,754207,20260509-0,12740620.22,12740620.22,12740620.22,10290574.31,0,20260509-0
09-MAY-2026,H30424,13225848,0,13225848,1102154,0,0,0,0,0,0,1,0,0,13225848,1102154,20260509-0,1419071.9,1419071.9,1419071.9,14328002,12908930.1,20260509-0
09-MAY-2026,H30435,22366680,0,22366680,1863890,0,0,0,0,0,0,1,0,0,22366680,1863890,20260509-0,2635229.28,2635229.28,2635229.28,24230570,21595340.72,20260509-0
09-MAY-2026,H42755,1035688.27,0,1035688.27,84377,0,0,0,0,0,0,1,0,0,1035688.27,84377,20260509-0,60183.1,60183.1,60183.1,1120065.27,1059882.17,20260509-0
09-MAY-2026,HJTH176,293252,0,293252,25533,0,0,0,0,0,0,1,0,0,293252,25533,20260509-0,626009.17,626009.17,626009.17,318785,0,20260509-0
09-MAY-2026,HJTH279,225782,0,225782,19910.5,0,0,0,0,0,0,1,0,0,225782,19910.5,20260509-0,350807.59,350807.59,350807.59,245692.5,0,20260509-0
09-MAY-2026,HMPK1251,66498,0,66498,5541.5,0,0,0,0,0,0,1,0,0,66498,5541.5,20260509-0,94600.37,94600.37,94600.37,72039.5,0,20260509-0
09-MAY-2026,HPKS1022,0,0,0,0,0,0,0,0,0,0,1,0,0,0,0,20260509-0,26016.38,26016.38,26016.38,0,0,20260509-0
09-MAY-2026,EMUM147019,0,0,0,0,0,0,0,0,0,0,1,0,0,0,0,20260509-0,219009.04,219009.04,219009.04,0,0,20260509-0
09-MAY-2026,EMUM389107,71622,0,71622,5968.5,0,0,0,0,0,0,1,0,0,71622,5968.5,20260509-0,328645.63,328645.63,328645.63,77590.5,0,20260509-0
09-MAY-2026,EMUM645935,72522,0,72522,6043.5,0,0,0,0,0,0,1,0,0,72522,6043.5,20260509-0,94583.33,94583.33,94583.33,78565.5,0,20260509-0
09-MAY-2026,EMUM682153,0,0,0,0,0,0,0,0,0,0,1,0,0,0,0,20260509-0,8.38,8.38,8.38,0,0,20260509-0
09-MAY-2026,GMTP1401,751200,0,751200,62600,0,0,0,0,0,0,1,0,0,751200,62600,20260509-0,2635271.25,2635271.25,2635271.25,813800,0,20260509-0
09-MAY-2026,GOBT4477,302297.58,0,302297.58,24108,0,0,0,0,0,0,1,0,0,302297.58,24108,20260509-0,619291,619291,619291,326405.58,0,20260509-0
09-MAY-2026,H1519,302297.58,0,302297.58,24108,0,0,0,0,0,0,1,0,0,302297.58,24108,20260509-0,599479.16,599479.16,599479.16,326405.58,0,20260509-0
09-MAY-2026,H30002,30971478,0,30971478,2580956.5,0,0,0,0,0,0,1,0,0,30971478,2580956.5,20260509-0,51040296.99,51040296.99,51076883.79,33552434.5,0,20260509-0
09-MAY-2026,H30081,18226050,0,18226050,1518837.5,0,0,0,0,0,0,1,0,0,18226050,1518837.5,20260509-0,25055126.79,25055126.79,25055126.79,19744887.5,0,20260509-0
09-MAY-2026,H30102,8231340,0,8231340,685945,0,0,0,0,0,0,1,0,0,8231340,685945,20260509-0,11125999.59,11125999.59,11125999.59,8917285,0,20260509-0
09-MAY-2026,H30109,6159840,0,6159840,513320,0,0,0,0,0,0,1,0,0,6159840,513320,20260509-0,0,0,0,6673160,6673160,20260509-0
09-MAY-2026,EMUM728207,377063.43,0,377063.43,74511,0,0,0,0,0,0,1,0,0,377063.43,74511,20260509-0,761860.46,761860.46,761860.46,451574.43,0,20260509-0
09-MAY-2026,EMUM795107,71622,0,71622,5968.5,0,0,0,0,0,0,1,0,0,71622,5968.5,20260509-0,319336.6,319336.6,319336.6,77590.5,0,20260509-0
09-MAY-2026,EHYD313474,0,0,0,0,0,0,0,0,0,0,1,0,0,0,0,20260509-0,336.05,336.05,336.05,0,0,20260509-0
09-MAY-2026,EMUM845022,0,0,0,0,0,0,0,0,0,0,1,0,0,0,0,20260509-0,178.03,178.03,178.03,0,0,20260509-0
09-MAY-2026,EMUM893621,469708.27,0,469708.27,37212,0,0,0,0,0,0,1,0,0,469708.27,37212,20260509-0,691453.02,691453.02,691453.02,506920.27,0,20260509-0
09-MAY-2026,EMUM951717,201528,0,201528,16794,0,0,0,0,0,0,1,0,0,201528,16794,20260509-0,269792.11,269792.11,269792.11,218322,0,20260509-0
09-MAY-2026,ENU149,189976,0,189976,18022,0,0,0,0,0,0,1,0,0,189976,18022,20260509-0,383775.56,383775.56,383775.56,207998,0,20260509-0
09-MAY-2026,EBOM791874,687000,0,687000,57250,0,0,0,0,0,0,1,0,0,687000,57250,20260509-0,1026732.25,1026732.25,1026732.25,744250,0,20260509-0
09-MAY-2026,EBOM805189,0,0,0,0,0,0,0,0,0,0,1,0,0,0,0,20260509-0,57.54,57.54,57.54,0,0,20260509-0
09-MAY-2026,EHYD354822,0,0,0,0,0,0,0,0,0,0,1,0,0,0,0,20260509-0,5304.1,5304.1,5304.1,0,0,20260509-0
09-MAY-2026,ETHN085751,1579284,0,1579284,131607,0,0,0,0,0,0,1,0,0,1579284,131607,20260509-0,2083245.02,2083245.02,2083245.02,1710891,0,20260509-0
09-MAY-2026,ETHN564130,0,0,0,0,0,0,0,0,0,0,1,0,0,0,0,20260509-0,20555.56,20555.56,20555.56,0,0,20260509-0
09-MAY-2026,ETHN586529,0,0,0,0,0,0,0,0,0,0,1,0,0,0,0,20260509-0,.51,.51,.51,0,0,20260509-0
09-MAY-2026,ETHN127150,0,0,0,0,0,0,0,0,0,0,1,0,0,0,0,20260509-0,401.28,401.28,401.28,0,0,20260509-0
09-MAY-2026,EBOM820321,0,0,0,0,0,0,0,0,0,0,1,0,0,0,0,20260509-0,661.93,661.93,661.93,0,0,20260509-0
09-MAY-2026,EBOM822293,0,0,0,0,0,0,0,0,0,0,1,0,0,0,0,20260509-0,3752.8,3752.8,3752.8,0,0,20260509-0
09-MAY-2026,EBOM834634,1126800,0,1126800,93900,0,0,0,0,0,0,1,0,0,1126800,93900,20260509-0,1696170.1,1696170.1,1696170.1,1220700,0,20260509-0
09-MAY-2026,ETHN181239,268704,0,268704,22392,0,0,0,0,0,0,1,0,0,268704,22392,20260509-0,336070.25,336070.25,336070.25,291096,0,20260509-0
09-MAY-2026,ETHN653245,71622,0,71622,5968.5,0,0,0,0,0,0,1,0,0,71622,5968.5,20260509-0,110061.25,110061.25,110061.25,77590.5,0,20260509-0
09-MAY-2026,EBOM845446,0,0,0,0,0,0,0,0,0,0,1,0,0,0,0,20260509-0,8555.56,8555.56,8555.56,0,0,20260509-0
09-MAY-2026,EBOM849862,68700,0,68700,5725,0,0,0,0,0,0,1,0,0,68700,5725,20260509-0,104787.22,104787.22,104787.22,74425,0,20260509-0
09-MAY-2026,EBOM849867,0,0,0,0,0,0,0,0,0,0,1,0,0,0,0,20260509-0,.11,.11,.11,0,0,20260509-0
09-MAY-2026,ETHN712845,619287.49,0,619287.49,48964,0,0,0,0,0,0,1,0,0,619287.49,48964,20260509-0,904506.2,904506.2,904506.2,668251.49,0,20260509-0
09-MAY-2026,EBOM854374,0,0,0,0,0,0,0,0,0,0,1,0,0,0,0,20260509-0,1.12,1.12,1.12,0,0,20260509-0
09-MAY-2026,ETHN237407,0,0,0,0,0,0,0,0,0,0,1,0,0,0,0,20260509-0,264.36,264.36,264.36,0,0,20260509-0
09-MAY-2026,ETHN253321,0,0,0,0,0,0,0,0,0,0,1,0,0,0,0,20260509-0,414114.88,414114.88,414114.88,0,0,20260509-0
09-MAY-2026,ETHN256028,0,0,0,0,0,0,0,0,0,0,1,0,0,0,0,20260509-0,115.92,115.92,115.92,0,0,20260509-0
09-MAY-2026,ETHN725087,0,0,0,0,0,0,0,0,0,0,1,0,0,0,0,20260509-0,8677.78,8677.78,8677.78,0,0,20260509-0
09-MAY-2026,ETHN730081,210264.64,0,210264.64,43472,0,0,0,0,0,0,1,0,0,210264.64,43472,20260509-0,440213.24,440213.24,440213.24,253736.64,0,20260509-0
09-MAY-2026,ETHN743632,42156,0,42156,3513,0,0,0,0,0,0,1,0,0,42156,3513,20260509-0,63765,63765,63765,45669,0,20260509-0
09-MAY-2026,EHYD671137,0,0,0,0,0,0,0,0,0,0,1,0,0,0,0,20260509-0,851.87,851.87,851.87,0,0,20260509-0
09-MAY-2026,EHYD676161,0,0,0,0,0,0,0,0,0,0,1,0,0,0,0,20260509-0,14444.44,14444.44,14444.44,0,0,20260509-0
09-MAY-2026,EBOM290203,33588,0,33588,2799,0,0,0,0,0,0,1,0,0,33588,2799,20260509-0,51328.33,51328.33,51328.33,36387,0,20260509-0
09-MAY-2026,EBOM693343,0,0,0,0,0,0,0,0,0,0,1,0,0,0,0,20260509-0,3362.87,3362.87,3362.87,0,0,20260509-0
09-MAY-2026,EBOM696247,225360,0,225360,18780,0,0,0,0,0,0,1,0,0,225360,18780,20260509-0,470253.33,470253.33,470253.33,244140,0,20260509-0
09-MAY-2026,EBOM412873,0,0,0,0,0,0,0,0,0,0,1,0,0,0,0,20260509-0,490.47,490.47,490.47,0,0,20260509-0
09-MAY-2026,EBOM501687,0,0,0,0,0,0,0,0,0,0,1,0,0,0,0,20260509-0,15575.18,15575.18,15575.18,0,0,20260509-0
09-MAY-2026,EBOM714274,0,0,0,0,0,0,0,0,0,0,1,0,0,0,0,20260509-0,65.55,65.55,65.55,0,0,20260509-0
09-MAY-2026,EBOM106687,0,0,0,0,0,0,0,0,0,0,1,0,0,0,0,20260509-0,807.46,807.46,807.46,0,0,20260509-0
09-MAY-2026,EBOM110486,0,0,0,0,0,0,0,0,0,0,1,0,0,0,0,20260509-0,2116.66,2116.66,2116.66,0,0,20260509-0
09-MAY-2026,EBOM515664,530911.07,0,530911.07,43760,0,0,0,0,0,0,1,0,0,530911.07,43760,20260509-0,768038.71,768038.71,768038.71,574671.07,0,20260509-0
09-MAY-2026,EBOM729501,83088,0,83088,6924,0,0,0,0,0,0,1,0,0,83088,6924,20260509-0,118122.15,118122.15,118122.15,90012,0,20260509-0
09-MAY-2026,EBOM116932,1118138.95,0,1118138.95,86422,0,0,0,0,0,0,1,0,0,1118138.95,86422,20260509-0,1379740.41,1379740.41,1379740.41,1204560.95,0,20260509-0
09-MAY-2026,EBOM441661,0,0,0,0,0,0,0,0,0,0,1,0,0,0,0,20260509-0,500,500,500,0,0,20260509-0
09-MAY-2026,EBOM734201,0,0,0,0,0,0,0,0,0,0,1,0,0,0,0,20260509-0,35573.88,35573.88,35573.88,0,0,20260509-0
09-MAY-2026,EBOM737771,0,0,0,0,0,0,0,0,0,0,1,0,0,0,0,20260509-0,404.75,404.75,404.75,0,0,20260509-0
09-MAY-2026,EBOM739228,0,0,0,0,0,0,0,0,0,0,1,0,0,0,0,20260509-0,121196.11,121196.11,121196.11,0,0,20260509-0
09-MAY-2026,EBOM125336,0,0,0,0,0,0,0,0,0,0,1,0,0,0,0,20260509-0,6579.42,6579.42,6579.42,0,0,20260509-0
09-MAY-2026,EBOM126030,0,0,0,0,0,0,0,0,0,0,1,0,0,0,0,20260509-0,888.89,888.89,888.89,0,0,20260509-0
09-MAY-2026,EBOM763350,67470,0,67470,5622.5,0,0,0,0,0,0,1,0,0,67470,5622.5,20260509-0,116729.52,116729.52,116729.52,73092.5,0,20260509-0
09-MAY-2026,EBOM462719,0,0,0,0,0,0,0,0,0,0,1,0,0,0,0,20260509-0,4.66,4.66,4.66,0,0,20260509-0
09-MAY-2026,EBOM463927,0,0,0,0,0,0,0,0,0,0,1,0,0,0,0,20260509-0,142283.58,142283.58,142283.58,0,0,20260509-0
09-MAY-2026,EBOM772584,0,0,0,0,0,0,0,0,0,0,1,0,0,0,0,20260509-0,708.64,708.64,708.64,0,0,20260509-0
09-MAY-2026,EBOM473597,0,0,0,0,0,0,0,0,0,0,1,0,0,450,0,20260509-0,900,900,900,450,0,20260509-0
09-MAY-2026,EBOM565527,0,0,0,0,0,0,0,0,0,0,1,0,0,0,0,20260509-0,.18,.18,.18,0,0,20260509-0
09-MAY-2026,EBOM746889,0,0,0,0,0,0,0,0,0,0,1,0,0,0,0,20260509-0,.01,.01,.01,0,0,20260509-0
09-MAY-2026,EBOM168961,0,0,0,0,0,0,0,0,0,0,1,0,0,0,0,20260509-0,4444.44,4444.44,4444.44,0,0,20260509-0
09-MAY-2026,EBOM483347,0,0,0,0,0,0,0,0,0,0,1,0,0,0,0,20260509-0,17.1,17.1,17.1,0,0,20260509-0
09-MAY-2026,EBOM488835,0,0,0,0,0,0,0,0,0,0,1,0,0,0,0,20260509-0,40878.92,40878.92,40878.92,0,0,20260509-0
09-MAY-2026,EBOM573400,0,0,0,0,0,0,0,0,0,0,1,0,0,0,0,20260509-0,833.33,833.33,833.33,0,0,20260509-0
09-MAY-2026,EBOM579285,0,0,0,0,0,0,0,0,0,0,1,0,0,0,0,20260509-0,5416.67,5416.67,5416.67,0,0,20260509-0
09-MAY-2026,EAOP0577,287028,0,287028,23919,0,0,0,0,0,0,1,0,0,287028,23919,20260509-0,441552.22,441552.22,441552.22,310947,0,20260509-0
09-MAY-2026,EAOP4242,51840,0,51840,6480,0,0,0,0,0,0,1,0,0,51840,6480,20260509-0,0,0,0,58320,58320,20260509-0
09-MAY-2026,EAOP554362,881280,0,881280,110160,0,0,0,0,0,0,1,0,0,881280,110160,20260509-0,1448595,1448595,1448595,991440,0,20260509-0
09-MAY-2026,EAOPE67380,134940,0,134940,11245,0,0,0,0,0,0,1,0,0,134940,11245,20260509-0,204291.39,204291.39,204291.39,146185,0,20260509-0
09-MAY-2026,EAOPE70764,83088,0,83088,6924,0,0,0,0,0,0,1,0,0,83088,6924,20260509-0,0,0,0,90012,90012,20260509-0
09-MAY-2026,EBOM180612,0,0,0,0,0,0,0,0,0,0,1,0,0,0,0,20260509-0,51510.64,51510.64,51510.64,0,0,20260509-0
09-MAY-2026,EBOM307101,539760,0,539760,44980,0,0,0,0,0,0,1,0,0,539760,44980,20260509-0,921105.31,921105.31,921105.31,584740,0,20260509-0
09-MAY-2026,EBOM310720,0,0,0,0,0,0,0,0,0,0,1,0,0,0,0,20260509-0,5.71,5.71,5.71,0,0,20260509-0
09-MAY-2026,EBOM596547,101526,0,101526,8460.5,0,0,0,0,0,0,1,0,0,101526,8460.5,20260509-0,153983.19,153983.19,153983.19,109986.5,0,20260509-0
09-MAY-2026,EAOPE7430,319468.27,0,319468.27,24692,0,0,0,0,0,0,1,0,0,319468.27,24692,20260509-0,289619.72,289619.72,289619.72,344160.27,54540.55,20260509-0
09-MAY-2026,EBOM001890,0,0,0,0,0,0,0,0,0,0,1,0,0,0,0,20260509-0,390.17,390.17,390.17,0,0,20260509-0
09-MAY-2026,EBOM196572,0,0,0,0,0,0,0,0,0,0,1,0,0,0,0,20260509-0,312.67,312.67,312.67,0,0,20260509-0
09-MAY-2026,EBOM321696,133968,0,133968,11164,0,0,0,0,0,0,1,0,0,133968,11164,20260509-0,269102.18,269102.18,269102.18,145132,0,20260509-0
09-MAY-2026,EBOM328310,100765.86,0,100765.86,8036,0,0,0,0,0,0,1,0,0,100765.86,8036,20260509-0,312349.1,312349.1,312349.1,108801.86,0,20260509-0
09-MAY-2026,EBOM618050,472290,0,472290,39357.5,0,0,0,0,0,0,1,0,0,472290,39357.5,20260509-0,817106.65,817106.65,817106.65,511647.5,0,20260509-0
09-MAY-2026,EBOM619347,0,0,0,0,0,0,0,0,0,0,1,0,0,0,0,20260509-0,3771.19,3771.19,3771.19,0,0,20260509-0
09-MAY-2026,EBOM026906,0,0,0,0,0,0,0,0,0,0,1,0,0,0,0,20260509-0,943.89,943.89,943.89,0,0,20260509-0
09-MAY-2026,EBOM226401,214866,0,214866,17905.5,0,0,0,0,0,0,1,0,0,214866,17905.5,20260509-0,304801.32,304801.32,304801.32,232771.5,0,20260509-0
09-MAY-2026,EBOM032039,0,0,0,0,0,0,0,0,0,0,1,0,0,0,0,20260509-0,4272.64,4272.64,4272.64,0,0,20260509-0
09-MAY-2026,EBOM039001,0,0,0,0,0,0,0,0,0,0,1,0,0,0,0,20260509-0,.11,.11,.11,0,0,20260509-0
09-MAY-2026,EBOM228109,0,0,0,0,0,0,0,0,0,0,1,0,0,0,0,20260509-0,3787.5,3787.5,3787.5,0,0,20260509-0
09-MAY-2026,EBOM231493,0,0,0,0,0,0,0,0,0,0,1,0,0,0,0,20260509-0,389.88,389.88,389.88,0,0,20260509-0
09-MAY-2026,EBOM232550,34350,0,34350,2862.5,0,0,0,0,0,0,1,0,0,34350,2862.5,20260509-0,63005.96,63005.96,63005.96,37212.5,0,20260509-0
09-MAY-2026,EBOM233452,0,0,0,0,0,0,0,0,0,0,1,0,0,0,0,20260509-0,183.42,183.42,183.42,0,0,20260509-0
09-MAY-2026,EBOM352621,0,0,0,0,0,0,0,0,0,0,1,0,0,0,0,20260509-0,5555.56,5555.56,5555.56,0,0,20260509-0
09-MAY-2026,EBOM246932,0,0,0,0,0,0,0,0,0,0,1,0,0,0,0,20260509-0,21731.11,21731.11,21731.11,0,0,20260509-0
09-MAY-2026,EBOM253716,0,0,0,0,0,0,0,0,0,0,1,0,0,0,0,20260509-0,16362,16362,16362,0,0,20260509-0
09-MAY-2026,EBOM671202,0,0,0,0,0,0,0,0,0,0,1,0,0,0,0,20260509-0,4448.35,4448.35,4448.35,0,0,20260509-0
09-MAY-2026,EBOM672971,0,0,0,0,0,0,0,0,0,0,1,0,0,0,0,20260509-0,4250,4250,4250,0,0,20260509-0
09-MAY-2026,EBOM674180,0,0,0,0,0,0,0,0,0,0,1,0,0,0,0,20260509-0,1202.1,1202.1,1202.1,0,0,20260509-0
09-MAY-2026,EBOM071448,0,0,0,0,0,0,0,0,0,0,1,0,0,0,0,20260509-0,19.68,19.68,19.68,0,0,20260509-0
09-MAY-2026,EBOM072520,0,0,0,0,0,0,0,0,0,0,1,0,0,0,0,20260509-0,8352.58,8352.58,8352.58,0,0,20260509-0
09-MAY-2026,EBOM074384,79867.07,0,79867.07,6173,0,0,0,0,0,0,1,0,0,79867.07,6173,20260509-0,169781.81,169781.81,169781.81,86040.07,0,20260509-0
09-MAY-2026,EBOM268305,0,0,0,0,0,0,0,0,0,0,1,0,0,0,0,20260509-0,10750,10750,10750,0,0,20260509-0
09-MAY-2026,EBOM379154,1031851.86,0,1031851.86,85626.5,0,0,0,0,0,0,1,0,0,1031851.86,85626.5,20260509-0,1581202.29,1581202.29,1581202.29,1117478.36,0,20260509-0
09-MAY-2026,EBOM385154,0,0,0,0,0,0,0,0,0,0,1,0,0,0,0,20260509-0,.36,.36,.36,0,0,20260509-0
09-MAY-2026,EBOM683728,71622,0,71622,5968.5,0,0,0,0,0,0,1,0,0,71622,5968.5,20260509-0,287911.02,287911.02,287911.02,77590.5,0,20260509-0
09-MAY-2026,EBOM275563,0,0,0,0,0,0,0,0,0,0,1,0,0,0,0,20260509-0,40091.46,40091.46,40091.46,0,0,20260509-0
09-MAY-2026,RAJVV1905,41544,0,41544,3462,0,0,0,0,0,0,1,0,0,41544,3462,20260509-0,57985.36,57985.36,57985.36,45006,0,20260509-0
09-MAY-2026,RAJVV871,79867.07,0,79867.07,6173,0,0,0,0,0,0,1,0,0,79867.07,6173,20260509-0,188766.12,188766.12,188766.12,86040.07,0,20260509-0
09-MAY-2026,RAJXX547,67176,0,67176,5598,0,0,0,0,0,0,1,0,0,67176,5598,20260509-0,123006,123006,123006,72774,0,20260509-0
09-MAY-2026,RAMM1548,0,0,0,0,0,0,0,0,0,0,1,0,0,0,0,20260509-0,50758.54,50758.54,50758.54,0,0,20260509-0
09-MAY-2026,RAMM1549,0,0,0,0,0,0,0,0,0,0,1,0,0,0,0,20260509-0,36282.51,36282.51,36282.51,0,0,20260509-0
09-MAY-2026,RAMM1550,0,0,0,0,0,0,0,0,0,0,1,0,0,0,0,20260509-0,51891.43,51891.43,51891.43,0,0,20260509-0
09-MAY-2026,RAMM1551,0,0,0,0,0,0,0,0,0,0,1,0,0,0,0,20260509-0,51610.29,51610.29,51610.29,0,0,20260509-0
09-MAY-2026,RAMM1639,0,0,0,0,0,0,0,0,0,0,1,0,0,0,0,20260509-0,17546,17546,17546,0,0,20260509-0
09-MAY-2026,RAUSF3292,0,0,0,0,0,0,0,0,0,0,1,0,0,0,0,20260509-0,136888.89,136888.89,136888.89,0,0,20260509-0
09-MAY-2026,RBAR2889,332490,0,332490,27707.5,0,0,0,0,0,0,1,0,0,332490,27707.5,20260509-0,624195.14,624195.14,624195.14,360197.5,0,20260509-0
09-MAY-2026,RBBL1210,0,0,0,0,0,0,0,0,0,0,1,0,0,0,0,20260509-0,3306.47,3306.47,3306.47,0,0,20260509-0
09-MAY-2026,SAJJ1202,0,0,0,0,0,0,0,0,0,0,1,0,0,0,0,20260509-0,57133.93,57133.93,57133.93,0,0,20260509-0
09-MAY-2026,SANS1261,147642,0,147642,12303.5,0,0,0,0,0,0,1,0,0,147642,12303.5,20260509-0,257339.44,257339.44,257339.44,159945.5,0,20260509-0
09-MAY-2026,SAP2024,1786223.09,0,1786223.09,141130.5,0,0,0,0,0,0,1,0,0,1786223.09,141130.5,20260509-0,2506361.74,2506361.74,2506361.74,1927353.59,0,20260509-0
09-MAY-2026,SDFC1239,150240,0,150240,12520,0,0,0,0,0,0,1,0,0,150240,12520,20260509-0,265969.66,265969.66,265969.66,162760,0,20260509-0
09-MAY-2026,MMGB1279,103034.57,0,103034.57,8113,0,0,0,0,0,0,1,0,0,103034.57,8113,20260509-0,2912.27,2912.27,2912.27,111147.57,108235.3,20260509-0
09-MAY-2026,MMPLA33,214866,0,214866,17905.5,0,0,0,0,0,0,1,0,0,214866,17905.5,20260509-0,330183.75,330183.75,330183.75,232771.5,0,20260509-0
09-MAY-2026,MOHI1957,201531.72,0,201531.72,16072,0,0,0,0,0,0,1,0,0,201531.72,16072,20260509-0,136857.97,136857.97,136857.97,217603.72,80745.75,20260509-0
09-MAY-2026,MONY1241,103034.57,0,103034.57,8113,0,0,0,0,0,0,1,0,0,103034.57,8113,20260509-0,405258.84,405258.84,405258.84,111147.57,0,20260509-0
09-MAY-2026,MOQ14846,0,0,0,0,0,0,0,0,0,0,1,0,0,0,0,20260509-0,1829.69,1829.69,1829.69,0,0,20260509-0
09-MAY-2026,SEJA580,539547.72,0,539547.72,44240,0,0,0,0,0,0,1,0,0,539547.72,44240,20260509-0,782213.75,782213.75,782213.75,583787.72,0,20260509-0
09-MAY-2026,SGV1426,604595.17,0,604595.17,48216,0,0,0,0,0,0,1,0,0,604595.17,48216,20260509-0,739798.2,739798.2,739798.2,652811.17,0,20260509-0
09-MAY-2026,SHAR0527,1121250,0,1121250,93437.5,0,0,0,0,0,0,1,0,0,1121250,93437.5,20260509-0,1828687.29,1828687.29,1828687.29,1214687.5,0,20260509-0
09-MAY-2026,SHAR1453,34350,0,34350,2862.5,0,0,0,0,0,0,1,0,0,34350,2862.5,20260509-0,92975,92975,92975,0,0,20260509-0
09-MAY-2026,SJEN1201,0,0,0,0,0,0,0,0,0,0,1,0,0,0,0,20260509-0,173747.15,173747.15,173747.15,0,0,20260509-0
09-MAY-2026,SJEN1211,71622,0,71622,5968.5,0,0,0,0,0,0,1,0,0,71622,5968.5,20260509-0,0,0,0,77590.5,77590.5,20260509-0
09-MAY-2026,SJTPL16,143244,0,143244,11937,0,0,0,0,0,0,1,0,0,143244,11937,20260509-0,0,0,0,155181,155181,20260509-0
09-MAY-2026,SKSV027,0,0,0,0,0,0,0,0,0,0,1,0,0,0,0,20260509-0,118819.08,118819.08,118819.08,0,0,20260509-0
09-MAY-2026,WRJYR012,0,0,0,0,0,0,0,0,0,0,1,0,0,0,0,20260509-0,21992.84,21992.84,21992.84,0,0,20260509-0
09-MAY-2026,XKA342,0,0,0,0,0,0,0,0,0,0,1,0,0,0,0,20260509-0,14991.11,14991.11,14991.11,0,0,20260509-0
09-MAY-2026,XMF52,216666,0,216666,18055.5,0,0,0,0,0,0,1,0,0,216666,18055.5,20260509-0,330324.58,330324.58,330324.58,234721.5,0,20260509-0
09-MAY-2026,XPA1038,72522,0,72522,6043.5,0,0,0,0,0,0,1,0,0,72522,6043.5,20260509-0,111447.92,111447.92,111447.92,78565.5,0,20260509-0
09-MAY-2026,MRDG1201,144144,0,144144,12012,0,0,0,0,0,0,1,0,0,144144,12012,20260509-0,219889.58,219889.58,219889.58,156156,0,20260509-0
09-MAY-2026,MTJN1426,249264,0,249264,20772,0,0,0,0,0,0,1,0,0,249264,20772,20260509-0,377260,377260,377260,270036,0,20260509-0
09-MAY-2026,MVGN1203,71622,0,71622,5968.5,0,0,0,0,0,0,1,0,0,71622,5968.5,20260509-0,47951.5,47951.5,47951.5,77590.5,29639,20260509-0
09-MAY-2026,MWTH0415,0,0,0,0,0,0,0,0,0,0,1,0,0,0,0,20260509-0,26012.53,26012.53,26012.53,0,0,20260509-0
09-MAY-2026,SLM00277,0,0,0,0,0,0,0,0,0,0,1,0,0,0,0,20260509-0,38159.91,38159.91,38159.91,0,0,20260509-0
09-MAY-2026,SMNL1223,687000,0,687000,57250,0,0,0,0,0,0,1,0,0,687000,57250,20260509-0,1306987.5,1306987.5,1306987.5,744250,0,20260509-0
09-MAY-2026,SMTJ006,581670.83,0,581670.83,46106.5,0,0,0,0,0,0,1,0,0,581670.83,46106.5,20260509-0,1366389.53,1366389.53,1366389.53,627777.33,0,20260509-0
09-MAY-2026,SNATH1916,100764,0,100764,8397,0,0,0,0,0,0,1,0,0,100764,8397,20260509-0,158897.92,158897.92,158897.92,109161,0,20260509-0
09-MAY-2026,MWTH0416,0,0,0,0,0,0,0,0,0,0,1,0,0,0,0,20260509-0,341960,341960,341960,0,0,20260509-0
09-MAY-2026,NAGATA708,328032,0,328032,27336,0,0,0,0,0,0,1,0,0,328032,27336,20260509-0,497091.11,497091.11,497091.11,355368,0,20260509-0
09-MAY-2026,NERI3542,0,0,0,0,0,0,0,0,0,0,1,0,0,0,0,20260509-0,87412.36,87412.36,87412.36,0,0,20260509-0
09-MAY-2026,NESE43,71622,0,71622,5968.5,0,0,0,0,0,0,1,0,0,71622,5968.5,20260509-0,47794.33,47794.33,47794.33,77590.5,29796.17,20260509-0
09-MAY-2026,NESH93,37980.55,0,37980.55,17175,0,0,0,0,0,0,1,0,0,37980.55,17175,20260509-0,152971.89,152971.89,152971.89,55155.55,0,20260509-0
09-MAY-2026,NESP1299,226609.07,0,226609.07,18401.5,0,0,0,0,0,0,1,0,0,226609.07,18401.5,20260509-0,0,0,0,245010.57,245010.57,20260509-0
09-MAY-2026,NESS0076,235704,0,235704,19642,0,0,0,0,0,0,1,0,0,235704,19642,20260509-0,418893.44,418893.44,418893.44,255346,0,20260509-0
09-MAY-2026,SOT0175,266964,0,266964,22247,0,0,0,0,0,0,1,0,0,266964,22247,20260509-0,513134.78,513134.78,513134.78,289211,0,20260509-0
09-MAY-2026,SOT0197,133968,0,133968,11164,0,0,0,0,0,0,1,0,0,133968,11164,20260509-0,228794.25,228794.25,228794.25,145132,0,20260509-0
09-MAY-2026,SOTH2509,0,0,0,0,0,0,0,0,0,0,1,0,0,0,0,20260509-0,323853.9,323853.9,323853.9,0,0,20260509-0
09-MAY-2026,SPNJ1481,2169659.13,0,2169659.13,179858.5,0,0,0,0,0,0,1,0,0,2169659.13,179858.5,20260509-0,3854637.28,3854637.28,3854637.28,2349517.63,0,20260509-0
09-MAY-2026,SRBS1235,79867.07,0,79867.07,6173,0,0,0,0,0,0,1,0,0,79867.07,6173,20260509-0,83530.06,83530.06,83530.06,86040.07,2510.01,20260509-0
09-MAY-2026,SRJB1204,79867.07,0,79867.07,6173,0,0,0,0,0,0,1,0,0,79867.07,6173,20260509-0,188514.12,188514.12,188514.12,86040.07,0,20260509-0
09-MAY-2026,SSMFN029,83088,0,83088,6924,0,0,0,0,0,0,1,0,0,83088,6924,20260509-0,125371.27,125371.27,125371.27,90012,0,20260509-0
09-MAY-2026,NHKM68956,122202,0,122202,20592,0,0,0,0,0,0,1,0,0,122202,20592,20260509-0,301690.28,301690.28,301690.28,142794,0,20260509-0
09-MAY-2026,NIPM1257,67470,0,67470,5622.5,0,0,0,0,0,0,1,0,0,67470,5622.5,20260509-0,895028.1,895028.1,895028.1,73092.5,0,20260509-0
09-MAY-2026,NISP1059,225360,0,225360,18780,0,0,0,0,0,0,1,0,0,225360,18780,20260509-0,349017.5,349017.5,349017.5,244140,0,20260509-0
09-MAY-2026,NJWL1467,66498,0,66498,5541.5,0,0,0,0,0,0,1,0,0,66498,5541.5,20260509-0,109504.52,109504.52,109504.52,72039.5,0,20260509-0
09-MAY-2026,SUBHS1976,0,0,0,0,0,0,0,0,0,0,1,0,0,0,0,20260509-0,37449.9,37449.9,37449.9,0,0,20260509-0
09-MAY-2026,SVRR3688,0,0,0,0,0,0,0,0,0,0,1,0,0,0,0,20260509-0,90212.9,90212.9,90212.9,0,0,20260509-0
09-MAY-2026,TIR1464,0,0,0,0,0,0,0,0,0,0,1,0,0,0,0,20260509-0,18308.49,18308.49,18308.49,0,0,20260509-0
09-MAY-2026,NSIB25,166248,0,166248,13854,0,0,0,0,0,0,1,0,0,166248,13854,20260509-0,86481.55,86481.55,86481.55,180102,93620.45,20260509-0
09-MAY-2026,NSIP1,0,0,0,0,0,0,0,0,0,0,1,0,0,0,0,20260509-0,29794.46,29794.46,29794.46,0,0,20260509-0
09-MAY-2026,NSTP1211,0,0,0,0,0,0,0,0,0,0,1,0,0,0,0,20260509-0,351561.72,351561.72,351561.72,0,0,20260509-0
09-MAY-2026,NVBR1284,0,0,0,0,0,0,0,0,0,0,1,0,0,0,0,20260509-0,371897.99,371897.99,371897.99,0,0,20260509-0
09-MAY-2026,NVNL0025,0,0,0,0,0,0,0,0,0,0,1,0,0,0,0,20260509-0,50.57,50.57,50.57,0,0,20260509-0
09-MAY-2026,OM1N682,0,0,0,0,0,0,0,0,0,0,1,0,0,0,0,20260509-0,2491.71,2491.71,2491.71,0,0,20260509-0
09-MAY-2026,OM61P1389,0,0,0,0,0,0,0,0,0,0,1,0,0,0,0,20260509-0,36281.18,36281.18,36281.18,0,0,20260509-0
09-MAY-2026,VALUE032,0,0,0,0,0,0,0,0,0,0,1,0,0,0,0,20260509-0,172080.58,172080.58,172080.58,0,0,20260509-0
09-MAY-2026,VDC6599,146365.07,0,146365.07,11714.5,0,0,0,0,0,0,1,0,0,146365.07,11714.5,20260509-0,94654.77,94654.77,94654.77,158079.57,63424.8,20260509-0
09-MAY-2026,VDC7177,332490,0,332490,27707.5,0,0,0,0,0,0,1,0,0,332490,27707.5,20260509-0,0,0,0,360197.5,360197.5,20260509-0
09-MAY-2026,VDK067,0,0,0,0,0,0,0,0,0,0,1,0,0,0,0,20260509-0,83.63,83.63,83.63,0,0,20260509-0
09-MAY-2026,VEDP0028,72522,0,72522,6043.5,0,0,0,0,0,0,1,0,0,72522,6043.5,20260509-0,111675.42,111675.42,111675.42,78565.5,0,20260509-0
09-MAY-2026,OMAG1203,71622,0,71622,5968.5,0,0,0,0,0,0,1,0,0,71622,5968.5,20260509-0,100149.08,100149.08,100149.08,77590.5,0,20260509-0
09-MAY-2026,OMAH0832,166176,0,166176,13848,0,0,0,0,0,0,1,0,0,166176,13848,20260509-0,472838.89,472838.89,472838.89,180024,0,20260509-0
09-MAY-2026,OMAH0851,429732,0,429732,35811,0,0,0,0,0,0,1,0,0,429732,35811,20260509-0,650250.71,650250.71,650250.71,465543,0,20260509-0
09-MAY-2026,OMAH0901,369468,0,369468,30789,0,0,0,0,0,0,1,0,0,369468,30789,20260509-0,440528.25,440528.25,440528.25,400257,0,20260509-0
09-MAY-2026,OMAH0939,68700,0,68700,5725,0,0,0,0,0,0,1,0,0,68700,5725,20260509-0,338381.03,338381.03,338381.03,74425,0,20260509-0
09-MAY-2026,OMAH10311,0,0,0,0,0,0,0,0,0,0,1,0,0,0,0,20260509-0,2222.22,2222.22,2222.22,0,0,20260509-0
09-MAY-2026,OMAH2105,134940,0,134940,11245,0,0,0,0,0,0,1,0,0,134940,11245,20260509-0,200169.9,200169.9,200169.9,146185,0,20260509-0
09-MAY-2026,OMAH2137,0,0,0,0,0,0,0,0,0,0,1,0,0,0,0,20260509-0,179133.73,179133.73,179133.73,0,0,20260509-0
09-MAY-2026,OMAH9005,150240,0,150240,12520,0,0,0,0,0,0,1,0,0,150240,12520,20260509-0,5941.36,5941.36,5941.36,162760,156818.64,20260509-0
09-MAY-2026,OMAHC0945,33588,0,33588,2799,0,0,0,0,0,0,1,0,0,33588,2799,20260509-0,52097.5,52097.5,52097.5,36387,0,20260509-0
09-MAY-2026,OMAHC1206,653160,0,653160,54430,0,0,0,0,0,0,1,0,0,653160,54430,20260509-0,911881.81,911881.81,911881.81,707590,0,20260509-0
09-MAY-2026,OMAHC1226,105152,0,105152,13144,0,0,0,0,0,0,1,0,0,105152,13144,20260509-0,304341.88,304341.88,304341.88,118296,0,20260509-0
09-MAY-2026,OMAHC1231,4917960.64,0,4917960.64,391878,0,0,0,0,0,0,1,0,0,4917960.64,391878,20260509-0,6411644,6411644,6411644,5309838.64,0,20260509-0
09-MAY-2026,OMBA1374,66498,0,66498,5541.5,0,0,0,0,0,0,1,0,0,66498,5541.5,20260509-0,142383.36,142383.36,142383.36,72039.5,0,20260509-0
09-MAY-2026,VETA9390,0,0,0,0,0,0,0,0,0,0,1,0,0,0,0,20260509-0,50046.3,50046.3,50046.3,0,0,20260509-0
09-MAY-2026,VINY3608,0,0,0,0,0,0,0,0,0,0,1,0,0,0,0,20260509-0,47380.48,47380.48,47380.48,0,0,20260509-0
09-MAY-2026,OMBB2751,72522,0,72522,6043.5,0,0,0,0,0,0,1,0,0,72522,6043.5,20260509-0,81046.27,81046.27,81046.27,78565.5,0,20260509-0
09-MAY-2026,OMBB2824,71622,0,71622,5968.5,0,0,0,0,0,0,1,0,0,71622,5968.5,20260509-0,102709.43,102709.43,102709.43,77590.5,0,20260509-0
09-MAY-2026,VLGL1310,0,0,0,0,0,0,0,0,0,0,1,0,0,0,0,20260509-0,72909.57,72909.57,72909.57,0,0,20260509-0
09-MAY-2026,VLUD1231,0,0,0,0,0,0,0,0,0,0,1,0,0,0,0,20260509-0,413746.71,413746.71,413746.71,0,0,20260509-0
09-MAY-2026,VNKG1219,1025580.81,0,1025580.81,79674,0,0,0,0,0,0,1,0,0,1025580.81,79674,20260509-0,1454070.54,1454070.54,1454070.54,1105254.81,0,20260509-0
09-MAY-2026,VNKG1343,948548.54,0,948548.54,75185,0,0,0,0,0,0,1,0,0,948548.54,75185,20260509-0,1649667.04,1649667.04,1649667.04,1023733.54,0,20260509-0
09-MAY-2026,VNYS2333,34350,0,34350,2862.5,0,0,0,0,0,0,1,0,0,34350,2862.5,20260509-0,52028.89,52028.89,52028.89,37212.5,0,20260509-0
09-MAY-2026,VRPR250,618300,0,618300,51525,0,0,0,0,0,0,1,0,0,618300,51525,20260509-0,888017.69,888017.69,888017.69,669825,0,20260509-0
09-MAY-2026,VRPR280,309150,0,309150,25762.5,0,0,0,0,0,0,1,0,0,309150,25762.5,20260509-0,234197.54,234197.54,234197.54,334912.5,100714.96,20260509-0
09-MAY-2026,INDA1561,138672,0,138672,11556,0,0,23112,0,0,0,1,0,0,138672,11556,20260509-0,122477.48,122477.48,122477.48,150228,27750.52,20260509-0
09-MAY-2026,INDA1570,446148,0,446148,37179,0,0,74358,0,0,0,1,0,0,446148,37179,20260509-0,238073.25,238073.25,238073.25,483327,245253.75,20260509-0
09-MAY-2026,INDA1983,277344,0,277344,23112,0,0,46224,0,0,0,1,0,0,277344,23112,20260509-0,117479.01,117479.01,117479.01,300456,182976.99,20260509-0
09-MAY-2026,INDA2083,208008,0,208008,17334,0,0,34668,0,0,0,1,0,0,208008,17334,20260509-0,172495.62,172495.62,172495.62,225342,52846.38,20260509-0
09-MAY-2026,INDOR3088,0,0,0,0,0,0,0,0,0,0,1,0,0,0,0,20260509-0,209141.5,209141.5,209141.5,0,0,20260509-0
09-MAY-2026,OMGL0987,217566,0,217566,18130.5,0,0,0,0,0,0,1,0,0,217566,18130.5,20260509-0,319325,319325,319325,235696.5,0,20260509-0
09-MAY-2026,OMGL2104,504954,0,504954,42079.5,0,0,0,0,0,0,1,0,0,504954,42079.5,20260509-0,770325.83,770325.83,770325.83,547033.5,0,20260509-0
09-MAY-2026,OMGL2263,290088,0,290088,24174,0,0,0,0,0,0,1,0,0,290088,24174,20260509-0,442628.33,442628.33,442628.33,314262,0,20260509-0
09-MAY-2026,OMGL2312,103034.57,0,103034.57,8113,0,0,0,0,0,0,1,0,0,103034.57,8113,20260509-0,295880.69,295880.69,295880.69,111147.57,0,20260509-0
09-MAY-2026,OMGL2661,33588,0,33588,2799,0,0,0,0,0,0,1,0,0,33588,2799,20260509-0,49270.83,49270.83,49270.83,36387,0,20260509-0
09-MAY-2026,OMGL2893,0,0,0,0,0,0,0,0,0,0,1,0,0,0,0,20260509-0,4327.78,4327.78,4327.78,0,0,20260509-0
09-MAY-2026,OMGL3029,144144,0,144144,12012,0,0,0,0,0,0,1,0,0,144144,12012,20260509-0,224757.36,224757.36,224757.36,156156,0,20260509-0
09-MAY-2026,OMGL3194,434232,0,434232,36186,0,0,0,0,0,0,1,0,0,434232,36186,20260509-0,667300.83,667300.83,667300.83,470418,0,20260509-0
09-MAY-2026,OMGL3202,72522,0,72522,6043.5,0,0,0,0,0,0,1,0,0,72522,6043.5,20260509-0,109302.69,109302.69,109302.69,78565.5,0,20260509-0
09-MAY-2026,OMID0038,230107.07,0,230107.07,18693,0,0,0,0,0,0,1,0,0,230107.07,18693,20260509-0,399540.64,399540.64,399540.64,248800.07,0,20260509-0
09-MAY-2026,OMID0788,421288.27,0,421288.27,33177,0,0,0,0,0,0,1,0,0,421288.27,33177,20260509-0,634027.37,634027.37,634027.37,454465.27,0,20260509-0
09-MAY-2026,OMID2089,145044,0,145044,12087,0,0,0,0,0,0,1,0,0,145044,12087,20260509-0,331792.5,331792.5,331792.5,157131,0,20260509-0
09-MAY-2026,OMID2834,576576,0,576576,48048,0,0,0,0,0,0,1,0,0,576576,48048,20260509-0,885812.17,885812.17,885812.17,624624,0,20260509-0
09-MAY-2026,RCHAN1745,607230,0,607230,50602.5,0,0,0,0,0,0,1,0,0,607230,50602.5,20260509-0,1062845.59,1062845.59,1062845.59,657832.5,0,20260509-0
09-MAY-2026,RCHAN2346,337350,0,337350,28112.5,0,0,0,0,0,0,1,0,0,337350,28112.5,20260509-0,790235.24,790235.24,790235.24,365462.5,0,20260509-0
09-MAY-2026,RCHAN2567,0,0,0,0,0,0,0,0,0,0,1,0,0,0,0,20260509-0,100000,100000,100000,0,0,20260509-0
09-MAY-2026,RCHAN2917,0,0,0,0,0,0,0,0,0,0,1,0,0,0,0,20260509-0,4054.48,4054.48,4054.48,0,0,20260509-0
09-MAY-2026,RCHAN2999,202410,0,202410,16867.5,0,0,0,0,0,0,1,0,0,202410,16867.5,20260509-0,589473.8,589473.8,589473.8,219277.5,0,20260509-0
09-MAY-2026,RCOCH2089,0,0,0,0,0,0,0,0,0,0,1,0,0,0,0,20260509-0,11333.33,11333.33,11333.33,0,0,20260509-0
09-MAY-2026,RCOCH2186,0,0,0,0,0,0,0,0,0,0,1,0,0,0,0,20260509-0,5555.56,5555.56,5555.56,0,0,20260509-0
09-MAY-2026,RCOCH2608,0,0,0,0,0,0,0,0,0,0,1,0,0,0,0,20260509-0,7168.36,7168.36,7168.36,0,0,20260509-0
09-MAY-2026,RCOCH2686,0,0,0,0,0,0,0,0,0,0,1,0,0,0,0,20260509-0,214878.67,214878.67,214878.67,0,0,20260509-0
09-MAY-2026,REMHYD0006,0,0,0,0,0,0,0,0,0,0,1,0,0,0,0,20260509-0,1903239.24,1903239.24,1903239.24,0,0,20260509-0
09-MAY-2026,INDOR4350,0,0,0,0,0,0,0,0,0,0,1,0,0,0,0,20260509-0,1389.56,1389.56,1389.56,0,0,20260509-0
09-MAY-2026,INDOR4374,0,0,0,0,0,0,0,0,0,0,1,0,0,0,0,20260509-0,83.78,83.78,83.78,0,0,20260509-0
09-MAY-2026,JAKJ1331,72522,0,72522,6043.5,0,0,0,0,0,0,1,0,0,72522,6043.5,20260509-0,139850.34,139850.34,139850.34,78565.5,0,20260509-0
09-MAY-2026,JAKJ1375,143244,0,143244,11937,0,0,0,0,0,0,1,0,0,143244,11937,20260509-0,220052.5,220052.5,220052.5,155181,0,20260509-0
09-MAY-2026,JBL2301,810664.3,0,810664.3,64442,0,0,0,0,0,0,1,0,0,810664.3,64442,20260509-0,1095265.62,1095265.62,1095265.62,875106.3,0,20260509-0
09-MAY-2026,JCF1295,33588,0,33588,2799,0,0,0,0,0,0,1,0,0,33588,2799,20260509-0,52097.5,52097.5,52097.5,36387,0,20260509-0
09-MAY-2026,JDC090,0,0,0,0,0,0,0,0,0,0,1,0,0,0,0,20260509-0,42481.14,42481.14,42481.14,0,0,20260509-0
09-MAY-2026,OMID4123,225360,0,225360,18780,0,0,0,0,0,0,1,0,0,225360,18780,20260509-0,348454.17,348454.17,348454.17,244140,0,20260509-0
09-MAY-2026,OMID4248,557458.27,0,557458.27,44524.5,0,0,0,0,0,0,1,0,0,557458.27,44524.5,20260509-0,843546.5,843546.5,843546.5,601982.77,0,20260509-0
09-MAY-2026,OMID4434,610454.14,0,610454.14,49906,0,0,0,0,0,0,1,0,0,610454.14,49906,20260509-0,844935.88,844935.88,844935.88,660360.14,0,20260509-0
09-MAY-2026,OMID4442,3833619.26,0,3833619.26,296304,0,0,0,0,0,0,1,0,0,3833619.26,296304,20260509-0,5117028.52,5117028.52,5117028.52,4129923.26,0,20260509-0
09-MAY-2026,OMID4543,619948.27,0,619948.27,49732,0,0,0,0,0,0,1,0,0,619948.27,49732,20260509-0,925684.61,925684.61,925684.61,669680.27,0,20260509-0
09-MAY-2026,OMID4625,75120,0,75120,6260,0,0,0,0,0,0,1,0,0,75120,6260,20260509-0,116064.72,116064.72,116064.72,81380,0,20260509-0
09-MAY-2026,OMIR1040,141618,0,141618,11801.5,0,0,0,0,0,0,1,0,0,141618,11801.5,20260509-0,66539.67,66539.67,66539.67,153419.5,86879.83,20260509-0
09-MAY-2026,OMIR2789,60638,0,60638,6148.5,0,0,0,0,0,0,1,0,0,60638,6148.5,20260509-0,122654.19,122654.19,122654.19,66786.5,0,20260509-0
09-MAY-2026,OMJN0600,0,0,0,0,0,0,0,0,0,0,1,0,0,0,0,20260509-0,1115623.88,1115623.88,1115623.88,0,0,20260509-0
09-MAY-2026,JDD607,809640,0,809640,67470,0,0,0,0,0,0,1,0,0,809640,67470,20260509-0,1634331.11,1634331.11,1634331.11,877110,0,20260509-0
09-MAY-2026,JDG476,0,0,0,0,0,0,0,0,0,0,1,0,0,0,0,20260509-0,37659.94,37659.94,37659.94,0,0,20260509-0
09-MAY-2026,JDJ1008,7979760,0,7979760,664980,0,0,0,0,0,0,1,0,0,7979760,664980,20260509-0,11142292.43,11142292.43,11142292.43,8644740,0,20260509-0
09-MAY-2026,JDJ569,33588,0,33588,2799,0,0,0,0,0,0,1,0,0,33588,2799,20260509-0,50965.42,50965.42,50965.42,36387,0,20260509-0
09-MAY-2026,JDM172,1022973.72,0,1022973.72,84525.5,0,0,0,0,0,0,1,0,0,1022973.72,84525.5,20260509-0,574952.24,574952.24,574952.24,1107499.22,532546.98,20260509-0
09-MAY-2026,JDS1074,0,0,0,0,0,0,0,0,0,0,1,0,0,0,0,20260509-0,11916.67,11916.67,11916.67,0,0,20260509-0
09-MAY-2026,JDS383,664980,0,664980,55415,0,0,0,0,0,0,1,0,0,664980,55415,20260509-0,0,0,0,720395,720395,20260509-0
09-MAY-2026,JDT165,132996,0,132996,11083,0,0,0,0,0,0,1,0,0,132996,11083,20260509-0,201268.89,201268.89,201268.89,144079,0,20260509-0
09-MAY-2026,JDYH176,103034.57,0,103034.57,8113,0,0,0,0,0,0,1,0,0,103034.57,8113,20260509-0,488078.81,488078.81,488078.81,111147.57,0,20260509-0
09-MAY-2026,JDYHJ01,3190968,0,3190968,265914,0,0,0,0,0,0,1,0,0,3190968,265914,20260509-0,5155431.3,5155431.3,5155431.3,3456882,0,20260509-0
09-MAY-2026,JDYHL07,384433.36,0,384433.36,30358,0,0,0,0,0,0,1,0,0,384433.36,30358,20260509-0,650049.32,650049.32,650049.32,414791.36,0,20260509-0
09-MAY-2026,JDZEH350,0,0,0,0,0,0,0,0,0,0,1,0,0,0,0,20260509-0,82107.71,82107.71,82107.71,0,0,20260509-0
09-MAY-2026,JDZHA03,11035356,0,11035356,919613,0,0,0,0,0,0,1,0,0,11035356,919613,20260509-0,3910471.95,3910471.95,3910471.95,11954969,8044497.05,20260509-0
09-MAY-2026,JDZLG22,138798,0,138798,11566.5,0,0,0,0,0,0,1,0,0,138798,11566.5,20260509-0,23394.78,23394.78,23394.78,150364.5,126969.72,20260509-0
09-MAY-2026,JDZMB114,2299032,0,2299032,191586,0,0,0,0,0,0,1,0,0,2299032,191586,20260509-0,3241523.59,3241523.59,3241523.59,2490618,0,20260509-0
09-MAY-2026,JDZMB170,3191298,0,3191298,265941.5,0,0,0,0,0,0,1,0,0,3191298,265941.5,20260509-0,4394917.91,4394917.91,4394917.91,3457239.5,0,20260509-0
09-MAY-2026,JDZMB52,752274,0,752274,62689.5,0,0,0,0,0,0,1,0,0,752274,62689.5,20260509-0,1036828.5,1036828.5,1036828.5,814963.5,0,20260509-0
09-MAY-2026,JDZMB61,2209560,0,2209560,184130,0,0,0,0,0,0,1,0,0,2209560,184130,20260509-0,3048582.49,3048582.49,3048582.49,2393690,0,20260509-0
09-MAY-2026,JDZMJ144,150240,0,150240,12520,0,0,0,0,0,0,1,0,0,150240,12520,20260509-0,492030.11,492030.11,492030.11,162760,0,20260509-0
09-MAY-2026,JDZMK57,711510,0,711510,59292.5,0,0,0,0,0,0,1,0,0,711510,59292.5,20260509-0,1103584.88,1103584.88,1103584.88,770802.5,0,20260509-0
09-MAY-2026,JDZMR45,0,0,0,0,0,0,0,0,0,0,1,0,0,0,0,20260509-0,102145.69,102145.69,102145.69,0,0,20260509-0
09-MAY-2026,JDZMU22,134940,0,134940,11245,0,0,0,0,0,0,1,0,0,134940,11245,20260509-0,293399.17,293399.17,293399.17,146185,0,20260509-0
09-MAY-2026,JDZSB99,143244,0,143244,11937,0,0,0,0,0,0,1,0,0,143244,11937,20260509-0,220122.5,220122.5,220122.5,155181,0,20260509-0
09-MAY-2026,OMJN2020,0,0,0,0,0,0,0,0,0,0,1,0,0,0,0,20260509-0,722947.14,722947.14,722947.14,0,0,20260509-0
09-MAY-2026,OMKO0065,1051231.07,0,1051231.07,87120,0,0,0,0,0,0,1,0,0,1051231.07,87120,20260509-0,1469382.67,1469382.67,1469382.67,1138351.07,0,20260509-0
09-MAY-2026,OMKO0107,279084,0,279084,23257,0,0,0,0,0,0,1,0,0,279084,23257,20260509-0,426692.44,426692.44,426692.44,302341,0,20260509-0
09-MAY-2026,OMKO0545,15426375.16,0,15426375.16,1283639,0,0,0,0,0,0,1,0,0,15426375.16,1283639,20260509-0,21239069.85,21239069.85,21239069.85,16710014.16,0,20260509-0
09-MAY-2026,OMKO0684,6967578,0,6967578,580631.5,0,0,297180,0,0,0,1,0,0,6967578,580631.5,20260509-0,9958509.23,9958509.23,9958509.23,7548209.5,0,20260509-0
09-MAY-2026,OMKO0885,559968,0,559968,46664,0,0,0,0,0,0,1,0,0,559968,46664,20260509-0,1327438.02,1327438.02,1327438.02,606632,0,20260509-0
09-MAY-2026,OMKO1005,0,0,0,0,0,0,0,0,0,0,1,0,0,0,0,20260509-0,44300.89,44300.89,44300.89,0,0,20260509-0
09-MAY-2026,OMKO1056,826320,0,826320,68860,0,0,0,0,0,0,1,0,0,826320,68860,20260509-0,1486200.74,1486200.74,1486200.74,895180,0,20260509-0
09-MAY-2026,OMKO7777,793290,0,793290,84805,0,0,0,0,0,0,1,0,0,793290,84805,20260509-0,2000672.58,2000672.58,2000672.58,878095,0,20260509-0
09-MAY-2026,OMMU2765,0,0,0,0,0,0,0,0,0,0,1,0,0,0,0,20260509-0,5000,5000,5000,0,0,20260509-0
09-MAY-2026,RETAI0974,0,0,0,0,0,0,0,0,0,0,1,0,0,0,0,20260509-0,61751.38,61751.38,61751.38,0,0,20260509-0
09-MAY-2026,RETAI2843,215766,0,215766,17980.5,0,0,0,0,0,0,1,0,0,215766,17980.5,20260509-0,331602.92,331602.92,331602.92,233746.5,0,20260509-0
09-MAY-2026,REX1348,240450,0,240450,20037.5,0,0,0,0,0,0,1,0,0,240450,20037.5,20260509-0,297378.04,297378.04,297378.04,260487.5,0,20260509-0
09-MAY-2026,RG1771,252254.93,0,252254.93,20177.5,0,0,0,0,0,0,1,0,0,252254.93,20177.5,20260509-0,408694.46,408694.46,408694.46,272432.43,0,20260509-0
09-MAY-2026,JDZTP32,66498,0,66498,5541.5,0,0,0,0,0,0,1,0,0,66498,5541.5,20260509-0,109504.52,109504.52,109504.52,72039.5,0,20260509-0
09-MAY-2026,JMN1049,0,0,0,0,0,0,0,0,0,0,1,0,0,0,0,20260509-0,341960,341960,341960,0,0,20260509-0
09-MAY-2026,JMNT187,525840,0,525840,43820,0,0,0,0,0,0,1,0,0,525840,43820,20260509-0,690784.29,690784.29,690784.29,569660,0,20260509-0
09-MAY-2026,JUN226,0,0,0,0,0,0,0,0,0,0,1,0,0,0,0,20260509-0,341960,341960,341960,0,0,20260509-0
09-MAY-2026,OMPRB1228,41004,0,41004,3417,0,0,0,0,0,0,1,0,0,41004,3417,20260509-0,60585.78,60585.78,60585.78,44421,0,20260509-0
09-MAY-2026,OMRI0374,927311.09,0,927311.09,73017,0,0,0,0,0,0,1,0,0,927311.09,73017,20260509-0,1395009.09,1395009.09,1395009.09,1000328.09,0,20260509-0
09-MAY-2026,OMRJ0653,79867.07,0,79867.07,6173,0,0,0,0,0,0,1,0,0,79867.07,6173,20260509-0,136462.57,136462.57,136462.57,86040.07,0,20260509-0
09-MAY-2026,OMUR2827,67470,0,67470,5622.5,0,0,0,0,0,0,1,0,0,67470,5622.5,20260509-0,110000.89,110000.89,110000.89,73092.5,0,20260509-0
09-MAY-2026,OMVA1234,71622,0,71622,5968.5,0,0,0,0,0,0,1,0,0,71622,5968.5,20260509-0,110061.25,110061.25,110061.25,77590.5,0,20260509-0
09-MAY-2026,RH0900,0,0,0,0,0,0,0,0,0,0,1,0,0,0,0,20260509-0,677.04,677.04,677.04,0,0,20260509-0
09-MAY-2026,RHSG1239,0,0,0,0,0,0,0,0,0,0,1,0,0,0,0,20260509-0,12873.43,12873.43,12873.43,0,0,20260509-0
09-MAY-2026,RJEE12108,1696824,0,1696824,141402,0,0,0,0,0,0,1,0,0,1696824,141402,20260509-0,2568641.11,2568641.11,2568641.11,1838226,0,20260509-0
09-MAY-2026,RJEE12376,0,0,0,0,0,0,0,0,0,0,1,0,0,0,0,20260509-0,442411.5,442411.5,442411.5,0,0,20260509-0
09-MAY-2026,RJEE12392,0,0,0,0,0,0,0,0,0,0,1,0,0,0,0,20260509-0,571992.54,571992.54,571992.54,0,0,20260509-0
09-MAY-2026,RJEE12393,494748,0,494748,41229,0,0,0,0,0,0,1,0,0,494748,41229,20260509-0,681775.25,681775.25,681775.25,535977,0,20260509-0
09-MAY-2026,RJEE12468,0,0,0,0,0,0,0,0,0,0,1,0,0,0,0,20260509-0,582320.55,582320.55,582320.55,0,0,20260509-0
09-MAY-2026,RJEE1309,456984,0,456984,38082,0,0,0,0,0,0,1,0,0,456984,38082,20260509-0,999291.94,999291.94,999291.94,495066,0,20260509-0
09-MAY-2026,RJHAN6924,0,0,0,0,0,0,0,0,0,0,1,0,0,0,0,20260509-0,26569.14,26569.14,26569.14,0,0,20260509-0
09-MAY-2026,JVSF1277,1714068.19,0,1714068.19,138144,0,0,0,0,0,0,1,0,0,1714068.19,138144,20260509-0,2941185.46,2941185.46,2941185.46,1852212.19,0,20260509-0
09-MAY-2026,JVSF1290,1101627.72,0,1101627.72,91080,0,0,0,0,0,0,1,0,0,1101627.72,91080,20260509-0,1749605.87,1749605.87,1749605.87,1192707.72,0,20260509-0
09-MAY-2026,JVSF1291,671760,0,671760,55980,0,0,0,0,0,0,1,0,0,671760,55980,20260509-0,1059319.44,1059319.44,1059319.44,727740,0,20260509-0
09-MAY-2026,JYST005,717985.48,0,717985.48,57534,0,0,0,0,0,0,1,0,0,717985.48,57534,20260509-0,1370356.65,1370356.65,1370356.65,775519.48,0,20260509-0
09-MAY-2026,KETN0100,206069.13,0,206069.13,16226,0,0,0,0,0,0,1,0,0,206069.13,16226,20260509-0,427421.55,427421.55,427421.55,222295.13,0,20260509-0
09-MAY-2026,KFST0411,0,0,0,0,0,0,0,0,0,0,1,0,0,0,0,20260509-0,8949.53,8949.53,8949.53,0,0,20260509-0
09-MAY-2026,KGPIL277,0,0,0,0,0,0,0,0,0,0,1,0,0,0,0,20260509-0,435870.17,435870.17,435870.17,0,0,20260509-0
09-MAY-2026,KGPIS555,0,0,0,0,0,0,0,0,0,0,1,0,0,0,0,20260509-0,3389.48,3389.48,3389.48,0,0,20260509-0
09-MAY-2026,KINJAS004,0,0,0,0,0,0,0,0,0,0,1,0,0,0,0,20260509-0,189236.67,189236.67,189236.67,0,0,20260509-0
09-MAY-2026,KJAI2410,0,0,0,0,0,0,0,0,0,0,1,0,0,0,0,20260509-0,9576.49,9576.49,9576.49,0,0,20260509-0
09-MAY-2026,KJBS1211,0,0,0,0,0,0,0,0,0,0,1,0,0,0,0,20260509-0,352907.88,352907.88,352907.88,0,0,20260509-0
09-MAY-2026,KJBS1255,0,0,0,0,0,0,0,0,0,0,1,0,0,0,0,20260509-0,94.55,94.55,94.55,0,0,20260509-0
09-MAY-2026,KJBSBD009,0,0,0,0,0,0,0,0,0,0,1,0,0,0,0,20260509-0,1163358.8,1163358.8,1163358.8,0,0,20260509-0
09-MAY-2026,PASHA786,0,0,0,0,0,0,0,0,0,0,1,0,0,0,0,20260509-0,11111.11,11111.11,11111.11,0,0,20260509-0
09-MAY-2026,PBFV1218,332490,0,332490,27707.5,0,0,0,0,0,0,1,0,0,332490,27707.5,20260509-0,436518.42,436518.42,436518.42,360197.5,0,20260509-0
09-MAY-2026,PCG3407,143244,0,143244,11937,0,0,0,0,0,0,1,0,0,143244,11937,20260509-0,438491.1,438491.1,438491.1,155181,0,20260509-0
09-MAY-2026,PCG3830,314721.2,0,314721.2,24779,0,0,0,0,0,0,1,0,0,314721.2,24779,20260509-0,470405.14,470405.14,470405.14,339500.2,0,20260509-0
09-MAY-2026,PCG4073,0,0,0,0,0,0,0,0,0,0,1,0,0,0,0,20260509-0,8290279.89,8290279.89,8290279.89,0,0,20260509-0
09-MAY-2026,PCG4150,711417.2,0,711417.2,57837,0,0,0,0,0,0,1,0,0,711417.2,57837,20260509-0,1074971.02,1074971.02,1074971.02,769254.2,0,20260509-0
09-MAY-2026,PCG4315,0,0,0,0,0,0,0,0,0,0,1,0,0,0,0,20260509-0,10474,10474,10474,0,0,20260509-0
09-MAY-2026,PCG4523,2655088,0,2655088,331886,0,0,0,0,0,0,1,0,0,2655088,331886,20260509-0,3765778.35,3765778.35,3765778.35,2986974,0,20260509-0
09-MAY-2026,PCG4810,143600,0,143600,11450,0,0,0,0,0,0,1,0,0,143600,11450,20260509-0,114045.56,114045.56,114045.56,155050,41004.44,20260509-0
09-MAY-2026,PCG5350,1255614,0,1255614,104634.5,0,0,0,0,0,0,1,0,0,1255614,104634.5,20260509-0,1756845.69,1756845.69,1756845.69,1360248.5,0,20260509-0
09-MAY-2026,PCG5390,0,0,0,0,0,0,0,0,0,0,1,0,0,0,0,20260509-0,50795.11,50795.11,50795.11,0,0,20260509-0
09-MAY-2026,PCGDE2431,0,0,0,0,0,0,0,0,0,0,1,0,0,0,0,20260509-0,63421.18,63421.18,63421.18,0,0,20260509-0
09-MAY-2026,RJHAN8724,0,0,0,0,0,0,0,0,0,0,1,0,0,0,0,20260509-0,30711.11,30711.11,30711.11,0,0,20260509-0
09-MAY-2026,RJYN0099,0,0,0,0,0,0,0,0,0,0,1,0,0,0,0,20260509-0,4.19,4.19,4.19,0,0,20260509-0
09-MAY-2026,RKBI111,79867.07,0,79867.07,6173,0,0,0,0,0,0,1,0,0,79867.07,6173,20260509-0,0,0,0,86040.07,86040.07,20260509-0
09-MAY-2026,RKKR1201,33588,0,33588,2799,0,0,0,0,0,0,1,0,0,33588,2799,20260509-0,50965.42,50965.42,50965.42,36387,0,20260509-0
09-MAY-2026,RMALL6891,492048,0,492048,41004,0,0,0,0,0,0,1,0,0,492048,41004,20260509-0,646675.34,646675.34,646675.34,533052,0,20260509-0
09-MAY-2026,RMALL6895,492048,0,492048,41004,0,0,0,0,0,0,1,0,0,492048,41004,20260509-0,756903.33,756903.33,756903.33,533052,0,20260509-0
09-MAY-2026,KMPM0038,309103.7,0,309103.7,24339,0,0,0,0,0,0,1,0,0,309103.7,24339,20260509-0,560952.99,560952.99,560952.99,333442.7,0,20260509-0
09-MAY-2026,KNTP1279,465486,0,465486,38790.5,0,0,0,0,0,0,1,0,0,465486,38790.5,20260509-0,766531.65,766531.65,766531.65,504276.5,0,20260509-0
09-MAY-2026,KNTP2213,1063968,0,1063968,88664,0,0,0,0,0,0,1,0,0,1063968,88664,20260509-0,0,0,0,1152632,1152632,20260509-0
09-MAY-2026,KNTP3232,0,0,0,0,0,0,0,0,0,0,1,0,0,0,0,20260509-0,9251.6,9251.6,9251.6,0,0,20260509-0
09-MAY-2026,KPAG12136,137702.57,0,137702.57,11002,0,0,5778,0,0,0,1,0,0,137702.57,11002,20260509-0,222282.78,222282.78,222282.78,148704.57,0,20260509-0
09-MAY-2026,KTKL1215,71622,0,71622,5968.5,0,0,0,0,0,0,1,0,0,71622,5968.5,20260509-0,110061.25,110061.25,110061.25,77590.5,0,20260509-0
09-MAY-2026,PM13388,405332.15,0,405332.15,32221,0,0,0,0,0,0,1,0,0,405332.15,32221,20260509-0,911917.39,911917.39,911917.39,437553.15,0,20260509-0
09-MAY-2026,PMBT1209,0,0,0,0,0,0,0,0,0,0,1,0,0,0,0,20260509-0,3444.44,3444.44,3444.44,0,0,20260509-0
09-MAY-2026,RMAR85,0,0,0,0,0,0,0,0,0,0,1,0,0,0,0,20260509-0,433.81,433.81,433.81,0,0,20260509-0
09-MAY-2026,RNNJ1019,580568.57,0,580568.57,47907.5,0,0,0,0,0,0,1,0,0,580568.57,47907.5,20260509-0,862003.07,862003.07,862003.07,628476.07,0,20260509-0
09-MAY-2026,RPL2000,0,0,0,0,0,0,0,0,0,0,1,0,0,0,0,20260509-0,157476.35,157476.35,157476.35,0,0,20260509-0
09-MAY-2026,RPUNA0402,0,0,0,0,0,0,0,0,0,0,1,0,0,0,0,20260509-0,1734.02,1734.02,1734.02,0,0,20260509-0
09-MAY-2026,LKO0315,0,0,0,0,0,0,0,0,0,0,1,0,0,0,0,20260509-0,341282.22,341282.22,341282.22,0,0,20260509-0
09-MAY-2026,LKO0317,0,0,0,0,0,0,0,0,0,0,1,0,0,0,0,20260509-0,314154.64,314154.64,314154.64,0,0,20260509-0
09-MAY-2026,MACT0271,916606.26,0,916606.26,74491,0,0,11556,0,0,0,1,0,0,916606.26,74491,20260509-0,1410841.17,1410841.17,1410841.17,991097.26,0,20260509-0
09-MAY-2026,PRME1256,52576,0,52576,6572,0,0,0,0,0,0,1,0,0,52576,6572,20260509-0,82342.5,82342.5,82342.5,59148,0,20260509-0
09-MAY-2026,PRMM8264,540081.2,0,540081.2,43559,0,0,0,0,0,0,1,0,0,540081.2,43559,20260509-0,1434957.77,1434957.77,1434957.77,583640.2,0,20260509-0
09-MAY-2026,PTMT1379,229320,0,229320,19110,0,0,0,0,0,0,1,0,0,229320,19110,20260509-0,420088.32,420088.32,420088.32,248430,0,20260509-0
09-MAY-2026,PXBGCDJ18,666336,0,666336,55528,0,0,0,0,0,0,1,0,0,666336,55528,20260509-0,1196558,1196558,1196558,721864,0,20260509-0
09-MAY-2026,PXBGCDP81,100765.86,0,100765.86,8036,0,0,0,0,0,0,1,0,0,100765.86,8036,20260509-0,148673.06,148673.06,148673.06,108801.86,0,20260509-0
09-MAY-2026,PXBGCDR57,0,0,0,0,0,0,0,0,0,0,1,0,0,0,0,20260509-0,20000,20000,20000,0,0,20260509-0
09-MAY-2026,PYDL1204,0,0,0,0,0,0,0,0,0,0,1,0,0,0,0,20260509-0,126497.22,126497.22,126497.22,0,0,20260509-0
09-MAY-2026,PYDL1208,309150,0,309150,25762.5,0,0,0,0,0,0,1,0,0,309150,25762.5,20260509-0,476693.75,476693.75,476693.75,334912.5,0,20260509-0
09-MAY-2026,PYDL1213,134940,0,134940,11245,0,0,0,0,0,0,1,0,0,134940,11245,20260509-0,213635.45,213635.45,213635.45,146185,0,20260509-0
09-MAY-2026,MAGP1301,75120,0,75120,6260,0,0,0,0,0,0,1,0,0,75120,6260,20260509-0,116339.17,116339.17,116339.17,81380,0,20260509-0
09-MAY-2026,MAHAVIR1,72522,0,72522,6043.5,0,0,0,0,0,0,1,0,0,72522,6043.5,20260509-0,514307.07,514307.07,514307.07,0,0,20260509-0
09-MAY-2026,MANH2013,0,0,0,0,0,0,0,0,0,0,1,0,0,0,0,20260509-0,2444.44,2444.44,2444.44,0,0,20260509-0
09-MAY-2026,MATR78692,0,0,0,0,0,0,0,0,0,0,1,0,0,0,0,20260509-0,4444.44,4444.44,4444.44,0,0,20260509-0
09-MAY-2026,MCND1222,0,0,0,0,0,0,0,0,0,0,1,0,0,0,0,20260509-0,9855.23,9855.23,9855.23,0,0,20260509-0
09-MAY-2026,MCY66008,0,0,0,0,0,0,0,0,0,0,1,0,0,0,0,20260509-0,1166.66,1166.66,1166.66,0,0,20260509-0
09-MAY-2026,PYDL1225,899088.41,0,899088.41,72028.5,0,0,0,0,0,0,1,0,0,899088.41,72028.5,20260509-0,1356814.3,1356814.3,1356814.3,971116.91,0,20260509-0
09-MAY-2026,PYDL1228,427488,0,427488,35624,0,0,0,0,0,0,1,0,0,427488,35624,20260509-0,1563664.66,1563664.66,1563664.66,463112,0,20260509-0
09-MAY-2026,PYDL1238,82008,0,82008,6834,0,0,0,0,0,0,1,0,0,82008,6834,20260509-0,119479.2,119479.2,119479.2,88842,0,20260509-0
09-MAY-2026,PZ7038,0,0,0,0,0,0,0,0,0,0,1,0,0,0,0,20260509-0,74676.12,74676.12,74676.12,0,0,20260509-0
09-MAY-2026,PZ995,712167.14,0,712167.14,56483,0,0,0,0,0,0,1,0,0,712167.14,56483,20260509-0,681813.33,681813.33,681813.33,768650.14,86836.81,20260509-0
09-MAY-2026,Q80353,0,0,0,0,0,0,0,0,0,0,1,0,0,0,0,20260509-0,1064.33,1064.33,1064.33,0,0,20260509-0
09-MAY-2026,QMM1136,71622,0,71622,5968.5,0,0,0,0,0,0,1,0,0,71622,5968.5,20260509-0,140171.63,140171.63,140171.63,77590.5,0,20260509-0
09-MAY-2026,QR0017,676920,0,676920,56410,0,0,22860,0,0,0,1,0,0,676920,56410,20260509-0,1484774.73,1484774.73,1484774.73,733330,0,20260509-0
09-MAY-2026,R4399,0,0,0,0,0,0,0,0,0,0,1,0,0,0,0,20260509-0,154392.8,154392.8,154392.8,0,0,20260509-0
09-MAY-2026,RAJDD3228,217566,0,217566,18130.5,0,0,0,0,0,0,1,0,0,217566,18130.5,20260509-0,339137.5,339137.5,339137.5,235696.5,0,20260509-0
09-MAY-2026,RAJDD3257,300480,0,300480,25040,0,0,0,0,0,0,1,0,0,300480,25040,20260509-0,445154.45,445154.45,445154.45,325520,0,20260509-0
09-MAY-2026,RAJDD3388,217566,0,217566,18130.5,0,0,0,0,0,0,1,0,0,217566,18130.5,20260509-0,345523.44,345523.44,345523.44,235696.5,0,20260509-0
09-MAY-2026,RAJDD3389,217566,0,217566,18130.5,0,0,0,0,0,0,1,0,0,217566,18130.5,20260509-0,398041.65,398041.65,398041.65,235696.5,0,20260509-0
09-MAY-2026,RAJE394,0,0,0,0,0,0,0,0,0,0,1,0,0,0,0,20260509-0,243571.69,243571.69,243571.69,0,0,20260509-0
09-MAY-2026,RAJGG002,0,0,0,0,0,0,0,0,0,0,1,0,0,0,0,20260509-0,1373623.44,1373623.44,1373623.44,0,0,20260509-0
09-MAY-2026,RAJGG113,0,0,0,0,0,0,0,0,0,0,1,0,0,0,0,20260509-0,5154.44,5154.44,5154.44,0,0,20260509-0
09-MAY-2026,RAJGG172,0,0,0,0,0,0,0,0,0,0,1,0,0,0,0,20260509-0,721807.22,721807.22,721807.22,0,0,20260509-0
09-MAY-2026,RAJGG283,0,0,0,0,0,0,0,0,0,0,1,0,0,0,0,20260509-0,28877.57,28877.57,28877.57,0,0,20260509-0
09-MAY-2026,RSH5419,79867.07,0,79867.07,6173,0,0,0,0,0,0,1,0,0,79867.07,6173,20260509-0,0,0,0,86040.07,86040.07,20260509-0
09-MAY-2026,RSHM8216,0,0,0,0,0,0,0,0,0,0,1,0,0,0,0,20260509-0,233624.44,233624.44,233624.44,0,0,20260509-0
09-MAY-2026,RTGG1255,201531.72,0,201531.72,16072,0,0,0,0,0,0,1,0,0,201531.72,16072,20260509-0,376464.29,376464.29,376464.29,217603.72,0,20260509-0
09-MAY-2026,RVJI1238,0,0,0,0,0,0,0,0,0,0,1,0,0,0,0,20260509-0,6205.67,6205.67,6205.67,0,0,20260509-0
09-MAY-2026,S3269,0,0,0,0,0,0,0,0,0,0,1,0,0,0,0,20260509-0,49233.33,49233.33,49233.33,0,0,20260509-0
09-MAY-2026,S5498,214866,0,214866,17905.5,0,0,0,0,0,0,1,0,0,214866,17905.5,20260509-0,321769.43,321769.43,321769.43,232771.5,0,20260509-0
09-MAY-2026,MCY91262,71622,0,71622,5968.5,0,0,0,0,0,0,1,0,0,71622,5968.5,20260509-0,110061.25,110061.25,110061.25,77590.5,0,20260509-0
09-MAY-2026,MCYS10009,0,0,0,0,0,0,0,0,0,0,1,0,0,0,0,20260509-0,2444.44,2444.44,2444.44,0,0,20260509-0
09-MAY-2026,MCYU41116,290088,0,290088,24174,0,0,0,0,0,0,1,0,0,290088,24174,20260509-0,0,0,0,314262,314262,20260509-0
09-MAY-2026,MDJAP1211,67470,0,67470,5622.5,0,0,0,0,0,0,1,0,0,67470,5622.5,20260509-0,108651.27,108651.27,108651.27,73092.5,0,20260509-0
09-MAY-2026,MISHI0131,0,0,0,0,0,0,0,0,0,0,1,0,0,0,0,20260509-0,61.84,61.84,61.84,0,0,20260509-0
09-MAY-2026,MKJH1253,0,0,0,0,0,0,0,0,0,0,1,0,0,0,0,20260509-0,421866.57,421866.57,421866.57,0,0,20260509-0
09-MAY-2026,MLSK1334,0,0,0,0,0,0,0,0,0,0,1,0,0,0,0,20260509-0,63736.11,63736.11,63736.11,0,0,20260509-0
09-MAY-2026,MLW3606,658764,0,658764,54897,0,0,0,0,0,0,1,0,0,658764,54897,20260509-0,744453.62,744453.62,744453.62,713661,0,20260509-0
09-MAY-2026,RAJH007,0,0,0,0,0,0,0,0,0,0,1,0,0,0,0,20260509-0,245652.42,245652.42,245652.42,0,0,20260509-0
09-MAY-2026,RAJH444,0,0,0,0,0,0,0,0,0,0,1,0,0,0,0,20260509-0,49118.89,49118.89,49118.89,0,0,20260509-0
09-MAY-2026,RAJH553,0,0,0,0,0,0,0,0,0,0,1,0,0,0,0,20260509-0,341960,341960,341960,0,0,20260509-0
09-MAY-2026,RAJH555,0,0,0,0,0,0,0,0,0,0,1,0,0,0,0,20260509-0,345396.61,345396.61,345396.61,0,0,20260509-0
09-MAY-2026,RAJH556,0,0,0,0,0,0,0,0,0,0,1,0,0,0,0,20260509-0,261753.61,261753.61,261753.61,0,0,20260509-0
09-MAY-2026,RAJJ518,0,0,0,0,0,0,0,0,0,0,1,0,0,0,0,20260509-0,85894.49,85894.49,85894.49,0,0,20260509-0
09-MAY-2026,RAJJ815,0,0,0,0,0,0,0,0,0,0,1,0,0,0,0,20260509-0,244485.25,244485.25,244485.25,0,0,20260509-0
09-MAY-2026,RAJJ859,0,0,0,0,0,0,0,0,0,0,1,0,0,0,0,20260509-0,184974.59,184974.59,184974.59,0,0,20260509-0
09-MAY-2026,RAJJ886,71622,0,71622,5968.5,0,0,0,0,0,0,1,0,0,71622,5968.5,20260509-0,110061.25,110061.25,110061.25,77590.5,0,20260509-0
09-MAY-2026,RAJJJ1245,0,0,0,0,0,0,0,0,0,0,1,0,0,0,0,20260509-0,106817.73,106817.73,106817.73,0,0,20260509-0
09-MAY-2026,RAJJK1889,0,0,0,0,0,0,0,0,0,0,1,0,0,0,0,20260509-0,3062.07,3062.07,3062.07,0,0,20260509-0
09-MAY-2026,RAJK028,0,0,0,0,0,0,0,0,0,0,1,0,0,0,0,20260509-0,304283.2,304283.2,304283.2,0,0,20260509-0
09-MAY-2026,RAJK432,0,0,0,0,0,0,0,0,0,0,1,0,0,0,0,20260509-0,9691.9,9691.9,9691.9,0,0,20260509-0
09-MAY-2026,RAJK494,0,0,0,0,0,0,0,0,0,0,1,0,0,0,0,20260509-0,341960,341960,341960,0,0,20260509-0
09-MAY-2026,RAJK741,0,0,0,0,0,0,0,0,0,0,1,0,0,0,0,20260509-0,30858.9,30858.9,30858.9,0,0,20260509-0
09-MAY-2026,RAJK783,0,0,0,0,0,0,0,0,0,0,1,0,0,0,0,20260509-0,139907.62,139907.62,139907.62,0,0,20260509-0
09-MAY-2026,RAJNN1268,41004,0,41004,3417,0,0,0,0,0,0,1,0,0,41004,3417,20260509-0,87807.75,87807.75,87807.75,44421,0,20260509-0
09-MAY-2026,RAJNN781,72522,0,72522,6043.5,0,0,0,0,0,0,1,0,0,72522,6043.5,20260509-0,0,0,0,78565.5,78565.5,20260509-0
09-MAY-2026,RAJOO1018,0,0,0,0,0,0,0,0,0,0,1,0,0,0,0,20260509-0,98603.1,98603.1,98603.1,0,0,20260509-0
09-MAY-2026,RAJP045,0,0,0,0,0,0,0,0,0,0,1,0,0,0,0,20260509-0,341960,341960,341960,0,0,20260509-0
09-MAY-2026,RAJS045,0,0,0,0,0,0,0,0,0,0,1,0,0,0,0,20260509-0,341960,341960,341960,0,0,20260509-0
09-MAY-2026,RAJUU688,75120,0,75120,6260,0,0,0,0,0,0,1,0,0,75120,6260,20260509-0,122298.38,122298.38,122298.38,81380,0,20260509-0
09-MAY-2026,RAJVC002,0,0,0,0,0,0,0,0,0,0,1,0,0,0,0,20260509-0,237021.99,237021.99,237021.99,0,0,20260509-0
09-MAY-2026,RAJVC004,0,0,0,0,0,0,0,0,0,0,1,0,0,0,0,20260509-0,212913.34,212913.34,212913.34,0,0,20260509-0
09-MAY-2026,RAJVC005,0,0,0,0,0,0,0,0,0,0,1,0,0,0,0,20260509-0,341960,341960,341960,0,0,20260509-0
09-MAY-2026,RAJVC006,0,0,0,0,0,0,0,0,0,0,1,0,0,0,0,20260509-0,144912.31,144912.31,144912.31,0,0,20260509-0
09-MAY-2026,RAJVC007,0,0,0,0,0,0,0,0,0,0,1,0,0,0,0,20260509-0,341960,341960,341960,0,0,20260509-0
09-MAY-2026,RAJVC008,0,0,0,0,0,0,0,0,0,0,1,0,0,0,0,20260509-0,341960,341960,341960,0,0,20260509-0
09-MAY-2026,RAJVC010,0,0,0,0,0,0,0,0,0,0,1,0,0,0,0,20260509-0,105963.05,105963.05,105963.05,0,0,20260509-0
09-MAY-2026,RAJVC011,0,0,0,0,0,0,0,0,0,0,1,0,0,0,0,20260509-0,20695.4,20695.4,20695.4,0,0,20260509-0
09-MAY-2026,RAJVT007,0,0,0,0,0,0,0,0,0,0,1,0,0,0,0,20260509-0,243815.57,243815.57,243815.57,0,0,20260509-0
