09-MAY-2026,01238,0,0,0,0,0,0,0,0,0,0,2,0,0
09-MAY-2026,1141562,0,0,0,0,0,0,0,0,0,0,1,0,0
09-MAY-2026,1143037,0,0,0,0,0,0,0,0,0,0,1,0,0
09-MAY-2026,1148320,0,0,0,0,0,0,0,0,0,0,1,0,0
09-MAY-2026,115742,0,0,0,0,0,0,0,0,0,0,1,0,0
09-MAY-2026,1255372,0,0,0,0,0,0,0,0,0,0,1,0,0
09-MAY-2026,128290,0,0,0,0,0,0,0,0,0,0,1,0,0
09-MAY-2026,1286914,0,0,0,0,0,0,0,0,0,0,1,0,0
09-MAY-2026,1293879,0,0,0,0,0,0,0,0,0,0,1,0,0
09-MAY-2026,1345471,0,0,0,0,0,0,0,0,0,0,1,0,0
09-MAY-2026,138253,0,0,0,0,0,0,0,0,0,0,1,0,0
09-MAY-2026,143623,0,0,0,0,0,0,0,0,0,0,1,0,0
09-MAY-2026,146826,0,0,0,0,0,0,0,0,0,0,1,0,0
09-MAY-2026,1475899,0,0,0,0,0,0,0,0,0,0,1,0,0
09-MAY-2026,1498181,0,0,0,0,0,0,0,0,0,0,1,0,0
09-MAY-2026,150518,0,0,0,0,0,0,0,0,0,0,1,0,0
09-MAY-2026,1517335,0,0,0,0,0,0,0,0,0,0,1,0,0
09-MAY-2026,155604,0,0,0,0,0,0,0,0,0,0,1,0,0
09-MAY-2026,1590777,0,0,0,0,0,0,0,0,0,0,1,0,0
09-MAY-2026,161577,0,0,0,0,0,0,0,0,0,0,1,0,0
09-MAY-2026,168055,0,0,0,0,0,0,0,0,0,0,1,0,0
09-MAY-2026,1788297,0,0,0,0,0,0,0,0,0,0,1,0,0
09-MAY-2026,1826151,0,0,0,0,0,0,0,0,0,0,1,0,0
09-MAY-2026,1859845,0,0,0,0,0,0,0,0,0,0,1,0,0
09-MAY-2026,1921996,0,0,0,0,0,0,0,0,0,0,1,0,0
09-MAY-2026,1951586,0,0,0,0,0,0,0,0,0,0,1,0,0
09-MAY-2026,2001319,0,0,0,0,0,0,0,0,0,0,1,0,0
09-MAY-2026,2002523,0,0,0,0,0,0,0,0,0,0,1,0,0
09-MAY-2026,2014760,0,0,0,0,0,0,0,0,0,0,1,0,0
09-MAY-2026,2028123,0,0,0,0,0,0,0,0,0,0,1,0,0
09-MAY-2026,2040810,0,0,0,0,0,0,0,0,0,0,1,0,0
09-MAY-2026,2078742,0,0,0,0,0,0,0,0,0,0,1,0,0
09-MAY-2026,2104207,0,0,0,0,0,0,0,0,0,0,1,0,0
09-MAY-2026,2107838,0,0,0,0,0,0,0,0,0,0,1,0,0
09-MAY-2026,2184222,0,0,0,0,0,0,0,0,0,0,1,0,0
09-MAY-2026,2322531,0,0,0,0,0,0,0,0,0,0,1,0,0
09-MAY-2026,2327902,0,0,0,0,0,0,0,0,0,0,1,0,0
09-MAY-2026,2345806,0,0,0,0,0,0,0,0,0,0,1,0,0
09-MAY-2026,2363493,0,0,0,0,0,0,0,0,0,0,1,0,0
09-MAY-2026,2366108,0,0,0,0,0,0,0,0,0,0,1,0,0
09-MAY-2026,2377956,0,0,0,0,0,0,0,0,0,0,1,0,0
09-MAY-2026,2455430,0,0,0,0,0,0,0,0,0,0,1,0,0
09-MAY-2026,2481073,0,0,0,0,0,0,0,0,0,0,1,0,0
09-MAY-2026,251856,0,0,0,0,0,0,0,0,0,0,1,0,0
09-MAY-2026,2525844,0,0,0,0,0,0,0,0,0,0,1,0,0
09-MAY-2026,2565557,0,0,0,0,0,0,0,0,0,0,1,0,0
09-MAY-2026,2583946,0,0,0,0,0,0,0,0,0,0,1,0,0
09-MAY-2026,2603508,0,0,0,0,0,0,0,0,0,0,1,0,0
09-MAY-2026,2674076,0,0,0,0,0,0,0,0,0,0,1,0,0
09-MAY-2026,267610,0,0,0,0,0,0,0,0,0,0,1,0,0
09-MAY-2026,2740915,0,0,0,0,0,0,0,0,0,0,1,0,0
09-MAY-2026,2787714,0,0,0,0,0,0,0,0,0,0,1,0,0
09-MAY-2026,283468,0,0,0,0,0,0,0,0,0,0,1,0,0
09-MAY-2026,2837087,0,0,0,0,0,0,0,0,0,0,1,0,0
09-MAY-2026,2924190,3430998.36,0,3430998.36,281984,0,0,0,0,0,0,1,0,0
09-MAY-2026,2968738,0,0,0,0,0,0,0,0,0,0,1,0,0
09-MAY-2026,2999385,0,0,0,0,0,0,0,0,0,0,1,0,0
09-MAY-2026,3001485,0,0,0,0,0,0,0,0,0,0,1,0,0
09-MAY-2026,3031891,0,0,0,0,0,0,0,0,0,0,1,0,0
09-MAY-2026,3117311,0,0,0,0,0,0,0,0,0,0,1,0,0
09-MAY-2026,3127281,0,0,0,0,0,0,0,0,0,0,1,0,0
09-MAY-2026,3183633,0,0,0,0,0,0,0,0,0,0,1,0,0
09-MAY-2026,321787,0,0,0,0,0,0,0,0,0,0,1,0,0
09-MAY-2026,3252507,0,0,0,0,0,0,0,0,0,0,1,0,0
09-MAY-2026,3281734,0,0,0,0,0,0,0,0,0,0,1,0,0
09-MAY-2026,3298797,0,0,0,0,0,0,0,0,0,0,1,0,0
09-MAY-2026,3357371,0,0,0,0,0,0,0,0,0,0,1,0,0
09-MAY-2026,3518909,0,0,0,0,0,0,0,0,0,0,1,0,0
09-MAY-2026,3534165,6350248.25,0,6350248.25,522340,0,0,0,0,0,0,1,0,0
09-MAY-2026,3615839,0,0,0,0,0,0,0,0,0,0,1,0,0
09-MAY-2026,3697791,0,0,0,0,0,0,0,0,0,0,1,0,0
09-MAY-2026,3787,412200,0,412200,34350,0,0,0,0,0,0,1,0,0
09-MAY-2026,395769,0,0,0,0,0,0,0,0,0,0,1,0,0
09-MAY-2026,3983118,0,0,0,0,0,0,0,0,0,0,1,0,0
09-MAY-2026,4106853,0,0,0,0,0,0,0,0,0,0,1,0,0
09-MAY-2026,410988,0,0,0,0,0,0,0,0,0,0,1,0,0
09-MAY-2026,4198742,0,0,0,0,0,0,0,0,0,0,1,0,0
09-MAY-2026,426328,0,0,0,0,0,0,0,0,0,0,1,0,0
09-MAY-2026,4286745,0,0,0,0,0,0,0,0,0,0,1,0,0
09-MAY-2026,4404583,0,0,0,0,0,0,0,0,0,0,1,0,0
09-MAY-2026,445962,0,0,0,0,0,0,0,0,0,0,1,0,0
09-MAY-2026,4478,6140856,0,6140856,511738,0,0,0,0,0,0,1,0,0
09-MAY-2026,4533008,0,0,0,0,0,0,0,0,0,0,1,0,0
09-MAY-2026,4539,8001240,0,8001240,666770,0,0,0,0,0,0,1,0,0
09-MAY-2026,4539773,369468,0,369468,30789,0,0,0,0,0,0,1,0,0
09-MAY-2026,4712296,0,0,0,0,0,0,0,0,0,0,1,0,0
09-MAY-2026,4720786,0,0,0,0,0,0,0,0,0,0,1,0,0
09-MAY-2026,4722,7018896,0,7018896,877362,0,0,0,0,0,0,1,0,0
09-MAY-2026,4805904,0,0,0,0,0,0,0,0,0,0,1,0,0
09-MAY-2026,4896128,295287.97,0,295287.97,24185,0,0,0,0,0,0,1,0,0
09-MAY-2026,4933944,0,0,0,0,0,0,0,0,0,0,1,0,0
09-MAY-2026,5078020,0,0,0,0,0,0,0,0,0,0,1,0,0
09-MAY-2026,5124979,1070191.96,0,1070191.96,86944,0,0,0,0,0,0,1,0,0
09-MAY-2026,5253489,0,0,0,0,0,0,0,0,0,0,1,0,0
09-MAY-2026,5325151,0,0,0,0,0,0,0,0,0,0,1,0,0
09-MAY-2026,534181,0,0,0,0,0,0,0,0,0,0,1,0,0
09-MAY-2026,5363772,0,0,0,0,0,0,0,0,0,0,1,0,0
09-MAY-2026,5444029,0,0,0,0,0,0,0,0,0,0,1,0,0
09-MAY-2026,5472,0,0,0,0,0,0,0,0,0,0,1,0,0
09-MAY-2026,5530698,0,0,0,0,0,0,0,0,0,0,1,0,0
09-MAY-2026,5536859,72522,0,72522,6043.5,0,0,0,0,0,0,1,0,0
09-MAY-2026,5568663,149056,0,149056,12141.5,0,0,0,0,0,0,1,0,0
09-MAY-2026,5582712,0,0,0,0,0,0,0,0,0,0,1,0,0
09-MAY-2026,5586763,0,0,0,0,0,0,0,0,0,0,1,0,0
09-MAY-2026,5602100,0,0,0,0,0,0,0,0,0,0,1,0,0
09-MAY-2026,566712,0,0,0,0,0,0,0,0,0,0,1,0,0
09-MAY-2026,5671459,0,0,0,0,0,0,0,0,0,0,1,0,0
09-MAY-2026,5695705,0,0,0,0,0,0,0,0,0,0,1,0,0
09-MAY-2026,5720169,0,0,0,0,0,0,0,0,0,0,1,0,0
09-MAY-2026,5755145,0,0,0,0,0,0,0,0,0,0,1,0,0
09-MAY-2026,5810,99895.72,0,99895.72,8113,0,0,0,0,0,0,1,0,0
09-MAY-2026,5852508,0,0,0,0,0,0,0,0,0,0,1,0,0
09-MAY-2026,585802,0,0,0,0,0,0,0,0,0,0,1,0,0
09-MAY-2026,595164,0,0,0,0,0,0,0,0,0,0,1,0,0
09-MAY-2026,5970260,0,0,0,0,0,0,0,0,0,0,1,0,0
09-MAY-2026,6002028,0,0,0,0,0,0,0,0,0,0,1,0,0
09-MAY-2026,6110808,0,0,0,0,0,0,0,0,0,0,1,0,0
09-MAY-2026,6129859,0,0,0,0,0,0,0,0,0,0,1,0,0
09-MAY-2026,6141724,0,0,0,0,0,0,0,0,0,0,1,0,0
09-MAY-2026,6187305,0,0,0,0,0,0,0,0,0,0,1,0,0
09-MAY-2026,619758,0,0,0,0,0,0,0,0,0,0,1,0,0
09-MAY-2026,6249914,0,0,0,0,0,0,0,0,0,0,1,0,0
09-MAY-2026,6313260,0,0,0,0,0,0,0,0,0,0,1,0,0
09-MAY-2026,642342,0,0,0,0,0,0,0,0,0,0,1,0,0
09-MAY-2026,6493524,0,0,0,0,0,0,0,0,0,0,1,0,0
09-MAY-2026,6496913,0,0,0,0,0,0,0,0,0,0,1,0,0
09-MAY-2026,651365,0,0,0,0,0,0,0,0,0,0,1,0,0
09-MAY-2026,6649195,0,0,0,0,0,0,0,0,0,0,1,0,0
09-MAY-2026,6693751,0,0,0,0,0,0,0,0,0,0,1,0,0
09-MAY-2026,6715955,0,0,0,0,0,0,0,0,0,0,1,0,0
09-MAY-2026,6825114,0,0,0,0,0,0,0,0,0,0,1,0,0
09-MAY-2026,6872504,0,0,0,0,0,0,0,0,0,0,1,0,0
09-MAY-2026,6877146,0,0,0,0,0,0,0,0,0,0,1,0,0
09-MAY-2026,6946027,0,0,0,0,0,0,0,0,0,0,1,0,0
09-MAY-2026,7085977,0,0,0,0,0,0,0,0,0,0,1,0,0
09-MAY-2026,7202866,132996,0,132996,11083,0,0,0,0,0,0,1,0,0
09-MAY-2026,7442032,0,0,0,0,0,0,0,0,0,0,1,0,0
09-MAY-2026,7529900,0,0,0,0,0,0,0,0,0,0,1,0,0
09-MAY-2026,7543755,0,0,0,0,0,0,0,0,0,0,1,0,0
09-MAY-2026,758498,0,0,0,0,0,0,0,0,0,0,1,0,0
09-MAY-2026,7609151,0,0,0,0,0,0,0,0,0,0,1,0,0
09-MAY-2026,764172,0,0,0,0,0,0,0,0,0,0,1,0,0
09-MAY-2026,7685004,286488,0,286488,23874,0,0,0,0,0,0,1,0,0
09-MAY-2026,777000,0,0,0,0,0,0,0,0,0,0,1,0,0
09-MAY-2026,7980056,0,0,0,0,0,0,0,0,0,0,1,0,0
09-MAY-2026,8041458,0,0,0,0,0,0,0,0,0,0,1,0,0
09-MAY-2026,8194195,0,0,0,0,0,0,0,0,0,0,1,0,0
09-MAY-2026,8311448,0,0,0,0,0,0,0,0,0,0,1,0,0
09-MAY-2026,8311834,0,0,0,0,0,0,0,0,0,0,1,0,0
09-MAY-2026,852308,0,0,0,0,0,0,0,0,0,0,1,0,0
09-MAY-2026,854143,0,0,0,0,0,0,0,0,0,0,1,0,0
09-MAY-2026,871687,0,0,0,0,0,0,0,0,0,0,1,0,0
09-MAY-2026,877188,0,0,0,0,0,0,0,0,0,0,1,0,0
09-MAY-2026,8868461,0,0,0,0,0,0,0,0,0,0,1,0,0
09-MAY-2026,908032,0,0,0,0,0,0,0,0,0,0,1,0,0
09-MAY-2026,918612,0,0,0,0,0,0,0,0,0,0,1,0,0
09-MAY-2026,926124,0,0,0,0,0,0,0,0,0,0,1,0,0
09-MAY-2026,926553,0,0,0,0,0,0,0,0,0,0,1,0,0
09-MAY-2026,939908,0,0,0,0,0,0,0,0,0,0,1,0,0
