09-MAY-2026,01275,0,0,0,0,0,0,0,0,0,0,2,0,0
09-MAY-2026,11507,0,0,0,0,0,0,0,0,0,0,1,0,0
09-MAY-2026,11714,0,0,0,0,0,0,0,0,0,0,1,0,0
09-MAY-2026,12200,0,0,0,0,0,0,0,0,0,0,1,0,0
09-MAY-2026,17498,0,0,0,0,0,0,0,0,0,0,1,0,0
09-MAY-2026,17889,0,0,0,0,0,0,0,0,0,0,1,0,0
09-MAY-2026,17944,0,0,0,0,0,0,0,0,0,0,1,0,0
09-MAY-2026,19042,0,0,0,0,0,0,0,0,0,0,1,0,0
09-MAY-2026,2002,0,0,0,0,0,0,0,0,0,0,1,0,0
09-MAY-2026,2012,0,0,0,0,0,0,0,0,0,0,1,0,0
09-MAY-2026,2013,150240,0,150240,12520,0,0,0,0,0,0,1,0,0
09-MAY-2026,26834,0,0,0,0,0,0,0,0,0,0,1,0,0
09-MAY-2026,3003,0,0,0,0,0,0,0,0,0,0,1,0,0
09-MAY-2026,3028,293088.38,0,293088.38,24108,0,0,0,0,0,0,1,0,0
09-MAY-2026,3044,0,0,0,0,0,0,0,0,0,0,1,0,0
09-MAY-2026,3051,0,0,0,0,0,0,0,0,0,0,1,0,0
09-MAY-2026,3053,0,0,0,0,0,0,0,0,0,0,1,0,0
09-MAY-2026,3068,4479174,0,4479174,406124.5,0,0,0,0,0,0,1,0,0
09-MAY-2026,30752,0,0,0,0,0,0,0,0,0,0,1,0,0
09-MAY-2026,31001,5506204.6,0,5506204.6,455751,0,0,0,0,0,0,1,0,0
09-MAY-2026,3126,0,0,0,0,0,0,0,0,0,0,1,0,0
09-MAY-2026,3146,0,0,0,0,0,0,0,0,0,0,1,0,0
09-MAY-2026,3161,70986,0,70986,22646,0,0,0,0,0,0,1,0,0
09-MAY-2026,32360,72522,0,72522,6043.5,0,0,0,0,0,0,1,0,0
09-MAY-2026,3241,34350,0,34350,2862.5,0,0,0,0,0,0,1,0,0
09-MAY-2026,3312,150240,0,150240,12520,0,0,0,0,0,0,1,0,0
09-MAY-2026,3320,0,0,0,0,0,0,0,0,0,0,1,0,0
09-MAY-2026,3482,3678524.5,0,3678524.5,472829.5,0,0,0,0,0,0,1,0,0
09-MAY-2026,3505,14362616.1,0,14362616.1,1176721,0,0,0,0,0,0,1,0,0
09-MAY-2026,3565,0,0,0,0,0,0,0,0,0,0,1,0,0
09-MAY-2026,3588,0,0,0,0,0,0,0,0,0,0,1,0,0
09-MAY-2026,3620,0,0,0,0,0,0,0,0,0,0,1,0,0
09-MAY-2026,4232,3645843.43,0,3645843.43,413951,0,0,0,0,0,0,1,0,0
09-MAY-2026,4238,12083849.22,0,12083849.22,1390238.5,0,0,0,0,0,0,1,0,0
09-MAY-2026,4247,0,0,0,0,0,0,0,0,0,0,1,0,0
09-MAY-2026,4302,813884,0,813884,85211,0,0,0,0,0,0,1,0,0
09-MAY-2026,4391,0,0,0,0,0,0,0,0,0,0,1,0,0
09-MAY-2026,4560,0,0,0,0,0,0,0,0,0,0,1,0,0
09-MAY-2026,4591,731096,0,731096,65306,0,0,0,0,0,0,1,0,0
09-MAY-2026,4592,0,0,0,0,0,0,0,0,0,0,1,0,0
09-MAY-2026,4731,0,0,0,0,0,0,0,0,0,0,1,0,0
09-MAY-2026,4739,1870416,0,1870416,155868,0,0,0,0,0,0,1,0,0
09-MAY-2026,4741,2454228,0,2454228,264999,0,0,0,0,0,0,1,0,0
09-MAY-2026,4743,0,0,0,0,0,0,0,0,0,0,1,0,0
09-MAY-2026,4760,463716,0,463716,38643,0,0,0,0,0,0,1,0,0
09-MAY-2026,4766,34350,0,34350,2862.5,0,0,0,0,0,0,1,0,0
09-MAY-2026,4770,293088.38,0,293088.38,24108,0,0,0,0,0,0,1,0,0
09-MAY-2026,4773,0,0,0,0,0,0,0,0,0,0,1,0,0
09-MAY-2026,5201,3779295.43,0,3779295.43,321090,0,0,0,0,0,0,1,0,0
09-MAY-2026,5330,0,0,0,0,0,0,0,0,0,0,1,0,0
09-MAY-2026,6641,0,0,0,0,0,0,0,0,0,0,1,0,0
09-MAY-2026,6679,0,0,0,0,0,0,0,0,0,0,1,0,0
09-MAY-2026,6763,0,0,0,0,0,0,0,0,0,0,1,0,0
09-MAY-2026,7161,395424,0,395424,68822,0,0,0,0,0,0,1,0,0
09-MAY-2026,7225,0,0,0,0,0,0,0,0,0,0,1,0,0
09-MAY-2026,7260,32749702.55,0,32749702.55,2975949,0,0,0,0,0,0,1,0,0
09-MAY-2026,7625,0,0,0,0,0,0,0,0,0,0,1,0,0
09-MAY-2026,7627,8517536,0,8517536,993070,0,0,0,0,0,0,1,0,0
09-MAY-2026,7666,0,0,0,0,0,0,0,0,0,0,1,0,0
09-MAY-2026,7691,0,0,0,0,0,0,0,0,0,0,1,0,0
09-MAY-2026,7693,1230120,0,1230120,102510,0,0,0,0,0,0,1,0,0
09-MAY-2026,7694,1645560,0,1645560,137130,0,0,0,0,0,0,1,0,0
09-MAY-2026,7801,0,0,0,0,0,0,0,0,0,0,1,0,0
