09-MAY-2026,00067,0,0,0,0,0,0,0,0,0,0,2,0,0,0,0,20260509-0,10000000,10000000,10000000,0,0,20260509-0
09-MAY-2026,0058,0,0,0,0,0,0,0,0,0,0,1,0,0,41544,3462,20260509-0,0,0,0,45006,45006,20260509-0
09-MAY-2026,04960,75120,0,75120,6260,0,0,0,0,0,0,1,0,0,75120,6260,20260509-0,127789,127789,127789,81380,0,20260509-0
09-MAY-2026,0520,715440,0,715440,77980,0,0,0,0,0,0,1,0,0,715440,77980,20260509-0,1049101.33,1049101.33,1049101.33,793420,0,20260509-0
09-MAY-2026,10950,0,0,0,0,0,0,0,0,0,0,1,0,0,0,0,20260509-0,45792.89,45792.89,45792.89,0,0,20260509-0
09-MAY-2026,1150,51840,0,51840,6480,0,0,0,0,0,0,1,0,0,51840,6480,20260509-0,91100.75,91100.75,91100.75,58320,0,20260509-0
09-MAY-2026,140013,41004,0,41004,3417,0,0,0,0,0,0,1,0,0,41004,3417,20260509-0,93857,93857,93857,44421,0,20260509-0
09-MAY-2026,15481,864474,0,864474,72039.5,0,0,0,0,0,0,1,0,0,864474,72039.5,20260509-0,1179741,1179741,1179741,936513.5,0,20260509-0
09-MAY-2026,15973,5792312.03,0,5792312.03,473536,0,0,0,0,0,0,1,0,0,5792312.03,473536,20260509-0,6836969.34,6836969.34,6836969.34,6265848.03,0,20260509-0
09-MAY-2026,15974,205020,0,205020,17085,0,0,0,0,0,0,1,0,0,205020,17085,20260509-0,1026951,1026951,1026951,222105,0,20260509-0
09-MAY-2026,15984,0,0,0,0,0,0,0,0,0,0,1,0,0,0,0,20260509-0,9110.64,9110.64,9110.64,0,0,20260509-0
09-MAY-2026,21626,1172996,0,1172996,118561,0,0,0,0,0,0,1,0,0,1172996,118561,20260509-0,3695902.15,3695902.15,3695902.15,1232409,0,20260509-0
09-MAY-2026,22714,1074330,0,1074330,89527.5,0,0,0,0,0,0,1,0,0,1074330,89527.5,20260509-0,1303233,1303233,1303233,1163857.5,0,20260509-0
09-MAY-2026,23993,1150493,0,1150493,122778.5,0,0,0,0,0,0,1,0,0,1150493,122778.5,20260509-0,1950045.31,1950045.31,1950045.31,1273271.5,0,20260509-0
09-MAY-2026,27881,443496,0,443496,36958,0,0,0,0,0,0,1,0,0,443496,36958,20260509-0,660907.57,660907.57,660907.57,480454,0,20260509-0
09-MAY-2026,36414,0,0,0,0,0,0,0,0,0,0,1,0,0,0,0,20260509-0,166509.25,166509.25,166509.25,0,0,20260509-0
09-MAY-2026,38214,578336,0,578336,72292,0,0,0,0,0,0,1,0,0,578336,72292,20260509-0,700018,700018,700018,650628,0,20260509-0
09-MAY-2026,38282,358110,0,358110,29842.5,0,0,0,0,0,0,1,0,0,358110,29842.5,20260509-0,636262.75,636262.75,636262.75,387952.5,0,20260509-0
09-MAY-2026,38737,323886,0,323886,39054.5,0,0,0,0,0,0,1,0,0,323886,39054.5,20260509-0,913970.5,913970.5,913970.5,362940.5,0,20260509-0
09-MAY-2026,39825,0,0,0,0,0,0,0,0,0,0,1,0,0,0,0,20260509-0,80019.34,80019.34,80019.34,0,0,20260509-0
09-MAY-2026,39884,0,0,0,0,0,0,0,0,0,0,1,0,0,0,0,20260509-0,1359611,1359611,1359611,0,0,20260509-0
09-MAY-2026,39905,2864880,0,2864880,238740,0,0,0,0,0,0,1,0,0,2864880,238740,20260509-0,3437824,3437824,3437824,3103620,0,20260509-0
09-MAY-2026,43700,1091658.2,0,1091658.2,94638,0,0,0,0,0,0,1,0,0,1091658.2,94638,20260509-0,6286200,6286968,6286968,1186296.2,0,20260509-0
09-MAY-2026,43702,0,0,0,0,0,0,0,0,0,0,1,0,0,0,0,20260509-0,6444964,6456344,6456344,0,0,20260509-0
09-MAY-2026,44830,3956412,0,3956412,329701,0,0,0,0,0,0,1,0,0,3956412,329701,20260509-0,6893417.6,6893417.6,6893417.6,4286113,0,20260509-0
09-MAY-2026,45452,0,0,0,0,0,0,0,0,0,0,1,0,0,0,0,20260509-0,355824.66,355824.66,355824.66,0,0,20260509-0
09-MAY-2026,60809,64324680,0,64324680,6923650,0,0,0,0,0,1248825.6,1,0,0,64324680,6923650,20260509-0,91086529.99,91086529.99,91086529.99,71248330,0,20260509-0
09-MAY-2026,65303,203052,0,203052,16921,0,0,0,0,0,0,1,0,0,203052,16921,20260509-0,253698,253698,253698,219973,0,20260509-0
09-MAY-2026,74940,3627571,0,3627571,289296,0,0,0,0,0,0,1,0,0,3627571,289296,20260509-0,7349824,7349824,7349824,3916867,0,20260509-0
09-MAY-2026,74943,830880,0,830880,69240,0,0,0,0,0,0,1,0,0,830880,69240,20260509-0,1556129,1556129,1556129,900120,0,20260509-0
09-MAY-2026,76553,1518277.88,0,1518277.88,131049.5,0,0,0,0,0,0,1,0,0,1518277.88,131049.5,20260509-0,2283984.05,2283984.05,2283984.05,1649327.38,0,20260509-0
09-MAY-2026,76557,1104096,0,1104096,138012,0,0,0,0,0,0,1,0,0,1104096,138012,20260509-0,1903984.12,1903984.12,1903984.12,1242108,0,20260509-0
09-MAY-2026,76563,0,0,0,0,0,0,0,0,0,0,1,0,0,0,0,20260509-0,576337,576337,576337,0,0,20260509-0
09-MAY-2026,85326,41544,0,41544,3462,0,0,0,0,0,0,1,0,0,41544,3462,20260509-0,66848.75,66848.75,66848.75,45006,0,20260509-0
09-MAY-2026,90089,0,0,0,0,0,0,0,0,0,0,1,0,0,0,0,20260509-0,371682.07,371682.07,371682.07,0,0,20260509-0
09-MAY-2026,95128,66498,0,66498,5541.5,0,0,0,0,0,0,1,0,0,66498,5541.5,20260509-0,490948,490948,490948,72039.5,0,20260509-0
09-MAY-2026,98715,1354688,0,1354688,146846,0,0,0,0,0,0,1,0,0,1354688,146846,20260509-0,2003270.97,2003270.97,2003270.97,1501534,0,20260509-0
09-MAY-2026,BB0046,531720,0,531720,60740,0,0,0,0,0,0,1,0,0,531720,60740,20260509-0,723060,723060,723060,592460,0,20260509-0
09-MAY-2026,BB0052,0,0,0,0,0,0,0,0,0,0,1,0,0,0,0,20260509-0,1093.1,1093.1,1093.1,0,0,20260509-0
09-MAY-2026,BB10040,68700,0,68700,5725,0,0,0,0,0,0,1,0,0,68700,5725,20260509-0,94988.5,94988.5,94988.5,74425,0,20260509-0
09-MAY-2026,BB10080,143244,0,143244,11937,0,0,0,0,0,0,1,0,0,143244,11937,20260509-0,189034.74,189034.74,189034.74,155181,0,20260509-0
09-MAY-2026,BP0027,71622,0,71622,5968.5,0,0,0,0,0,0,1,0,0,71622,5968.5,20260509-0,117868.83,117868.83,117868.83,77590.5,0,20260509-0
09-MAY-2026,DC10065,414720,0,414720,34560,0,0,0,0,0,0,1,0,0,414720,34560,20260509-0,487299.29,487299.29,487299.29,449280,0,20260509-0
09-MAY-2026,DH10013,1450440,0,1450440,120870,0,0,0,0,0,0,1,0,0,1450440,120870,20260509-0,2129000,2129000,2129000,1571310,0,20260509-0
09-MAY-2026,DHS009,358110,0,358110,29842.5,0,0,0,0,0,0,1,0,0,358110,29842.5,20260509-0,427567.5,427567.5,427567.5,387952.5,0,20260509-0
09-MAY-2026,EUA001,6651172.34,0,6651172.34,1324575,0,0,0,0,0,0,1,0,0,6651172.34,1324575,20260509-0,20174135.33,20174135.33,20174135.33,7975747.34,0,20260509-0
09-MAY-2026,HH0008,0,0,0,0,0,0,0,0,0,0,1,0,0,0,0,20260509-0,233079,233079,233079,0,0,20260509-0
09-MAY-2026,HO10163,286126.89,0,286126.89,62252,0,0,0,0,0,0,1,0,0,286126.89,62252,20260509-0,2368544.78,2368544.78,2368544.78,348378.89,0,20260509-0
09-MAY-2026,HO10404,246665.85,0,246665.85,37212,0,0,0,0,0,0,1,0,0,246665.85,37212,20260509-0,1539517,1539517,1539517,283877.85,0,20260509-0
09-MAY-2026,HO10430,3458631.49,0,3458631.49,756329,0,0,0,0,0,0,1,0,0,3458631.49,756329,20260509-0,12424327.2,12424327.2,12424327.2,4214960.49,0,20260509-0
09-MAY-2026,HTS10002,97542,0,97542,9208.5,0,0,0,0,0,0,1,0,0,97542,9208.5,20260509-0,123789.76,123789.76,123789.76,106750.5,0,20260509-0
09-MAY-2026,HTS10006,79867.07,0,79867.07,6173,0,0,0,0,0,0,1,0,0,79867.07,6173,20260509-0,62607.53,62607.53,62607.53,86040.07,23432.54,20260509-0
09-MAY-2026,MI10013,41004,0,41004,3417,0,0,0,0,0,0,1,0,0,41004,3417,20260509-0,196958.1,196958.1,196958.1,44421,0,20260509-0
09-MAY-2026,MP10007,572976,0,572976,47748,0,0,0,0,0,0,1,0,0,572976,47748,20260509-0,708332.28,708332.28,708332.28,620724,0,20260509-0
09-MAY-2026,MP10022,0,0,0,0,0,0,0,0,0,0,1,0,0,0,0,20260509-0,105459.68,105459.68,105459.68,0,0,20260509-0
09-MAY-2026,MP10026,884199.2,0,884199.2,72235.5,0,0,0,0,0,0,1,0,0,884199.2,72235.5,20260509-0,1094978.73,1094978.73,1094978.73,956434.7,0,20260509-0
09-MAY-2026,MP10032,143244,0,143244,11937,0,0,0,0,0,0,1,0,0,143244,11937,20260509-0,190952,190952,190952,155181,0,20260509-0
09-MAY-2026,MU0861,26034530.45,0,26034530.45,2084849,0,0,0,0,0,0,1,0,0,26034530.45,2084849,20260509-0,36211766.85,36211766.85,36211766.85,28119379.45,0,20260509-0
09-MAY-2026,NKL10082,473033.13,0,473033.13,38473,0,0,0,0,0,0,1,0,0,473033.13,38473,20260509-0,530309.2,530309.2,530309.2,511506.13,0,20260509-0
09-MAY-2026,NSS10006,34350,0,34350,2862.5,0,0,0,0,0,0,1,0,0,34350,2862.5,20260509-0,271114,271114,271114,37212.5,0,20260509-0
09-MAY-2026,NSS10027,0,0,0,0,0,0,0,0,0,0,1,0,0,0,0,20260509-0,124906,124906,124906,0,0,20260509-0
09-MAY-2026,PR10094,210420,0,210420,17535,0,0,0,0,0,0,1,0,0,210420,17535,20260509-0,679253.31,679253.31,679253.31,227955,0,20260509-0
09-MAY-2026,RA0023,438642,0,438642,36553.5,0,0,0,0,0,0,1,0,0,438642,36553.5,20260509-0,757572,757572,757572,475195.5,0,20260509-0
09-MAY-2026,RA0028,1240344,0,1240344,103362,0,0,0,0,0,0,1,0,0,1240344,103362,20260509-0,1743308.68,1743308.68,1743308.68,1343706,0,20260509-0
09-MAY-2026,RB0010,1889910,0,1889910,220522.5,0,0,0,0,0,0,1,0,0,1889910,220522.5,20260509-0,3663754.5,3663754.5,3663754.5,2110432.5,0,20260509-0
09-MAY-2026,RB10006,68700,0,68700,5725,0,0,0,0,0,0,1,0,0,68700,5725,20260509-0,127973,127973,127973,74425,0,20260509-0
09-MAY-2026,RB10033,68700,0,68700,5725,0,0,0,0,0,0,1,0,0,68700,5725,20260509-0,93019,93019,93019,74425,0,20260509-0
09-MAY-2026,SI0044,286488,0,286488,23874,0,0,0,0,0,0,1,0,0,286488,23874,20260509-0,357038,357038,357038,310362,0,20260509-0
09-MAY-2026,SVE015,71622,0,71622,5968.5,0,0,0,0,0,0,1,0,0,71622,5968.5,20260509-0,76187.31,76187.31,76187.31,77590.5,1403.19,20260509-0
09-MAY-2026,UA0012,1272084,0,1272084,106007,0,0,0,0,0,0,1,0,0,1272084,106007,20260509-0,1400000,1400000,1400000,1378091,0,20260509-0
09-MAY-2026,UA10003,5652717.47,0,5652717.47,1416840,0,0,0,0,0,0,1,0,0,5652717.47,1416840,20260509-0,12541975.73,12541975.73,12541975.73,7069557.47,0,20260509-0
09-MAY-2026,UA10006,0,0,0,0,0,0,0,0,0,0,1,0,0,0,0,20260509-0,998383,998383,998383,0,0,20260509-0
09-MAY-2026,US10003,269880,0,269880,22490,0,0,0,0,0,0,1,0,0,269880,22490,20260509-0,378599.91,378599.91,378599.91,292370,0,20260509-0
09-MAY-2026,YT10003,0,0,0,0,0,0,0,0,0,0,1,0,0,0,0,20260509-0,44858,44858,44858,0,0,20260509-0
09-MAY-2026,YT10007,51840,0,51840,6480,0,0,0,0,0,0,1,0,0,51840,6480,20260509-0,61512,61512,61512,58320,0,20260509-0
