09-MAY-2026,704023,2966502.51,0.00,2966502.51,241832.00,C
09-MAY-2026,704043,0.00,0.00,0.00,81000.00,C
09-MAY-2026,7045009,199791.43,0.00,199791.43,16226.00,C
09-MAY-2026,999V0017,41544.00,0.00,41544.00,3462.00,C
09-MAY-2026,999V0019,404232.00,0.00,404232.00,33686.00,C
09-MAY-2026,999V0033,539760.00,0.00,539760.00,44980.00,C
09-MAY-2026,999V0034,737502.00,0.00,737502.00,61458.50,C
09-MAY-2026,999V0059,1011462.00,0.00,1011462.00,84288.50,C
09-MAY-2026,999V0061,337350.00,0.00,337350.00,28112.50,C
09-MAY-2026,999V0065,370938.00,0.00,370938.00,30911.50,C
09-MAY-2026,999V0071,202410.00,0.00,202410.00,16867.50,C
09-MAY-2026,999V0078,235704.00,0.00,235704.00,19642.00,C
09-MAY-2026,999V0083,337350.00,0.00,337350.00,28112.50,C
09-MAY-2026,999V3736,99895.72,0.00,99895.72,8113.00,C
09-MAY-2026,999V5004,134940.00,0.00,134940.00,11245.00,C
09-MAY-2026,999V5007,84312.00,0.00,84312.00,7026.00,C
09-MAY-2026,A073,1982517.21,0.00,1982517.21,231637.67,C
09-MAY-2026,B9990113,124632.00,0.00,124632.00,10386.00,C
09-MAY-2026,B9990249,16210375.17,0.00,16210375.17,1301614.00,C
09-MAY-2026,B9990343,194758.83,0.00,194758.83,16072.00,C
09-MAY-2026,B9990450,152554.00,0.00,152554.00,12433.00,C
09-MAY-2026,B9990455,17737752.41,0.00,17737752.41,1472128.00,C
09-MAY-2026,B9990504,388428.00,0.00,388428.00,105547.50,C
09-MAY-2026,B9990593,3336780.00,0.00,3336780.00,278065.00,C
09-MAY-2026,B9990594,600960.00,0.00,600960.00,50080.00,C
09-MAY-2026,B999A5013,269880.00,0.00,269880.00,22490.00,C
09-MAY-2026,B999A5020,134940.00,0.00,134940.00,11245.00,C
09-MAY-2026,B999A5088,221744.58,0.00,221744.58,30865.00,C
09-MAY-2026,B999A5141,146229.00,0.00,146229.00,38159.00,C
09-MAY-2026,B999A5155,205020.00,0.00,205020.00,17085.00,C
09-MAY-2026,B999A5167,203640.00,0.00,203640.00,19570.00,C
09-MAY-2026,D005,67470.00,0.00,67470.00,5622.50,C
09-MAY-2026,JKW0217,21244290.00,0.00,21244290.00,1862449.17,C
09-MAY-2026,K001,6776938.00,0.00,6776938.00,826821.50,C
09-MAY-2026,K003,60638.00,0.00,60638.00,12048.50,C
09-MAY-2026,MK015,24274659.30,0.00,24274659.30,5752359.00,C
09-MAY-2026,MU1042,3943287.99,0.00,3943287.99,360833.00,C
09-MAY-2026,MU1050,2465748.00,0.00,2465748.00,205479.00,C
09-MAY-2026,MU1204,141439.72,0.00,141439.72,11575.00,C
09-MAY-2026,MU208,23875076.43,0.00,23875076.43,5770607.00,C
09-MAY-2026,MU426,586176.76,0.00,586176.76,48216.00,C
09-MAY-2026,MU470,6992700.21,0.00,6992700.21,567910.00,C
09-MAY-2026,MU817,5821272.56,0.00,5821272.56,662317.00,C
09-MAY-2026,P051,132996.00,0.00,132996.00,11083.00,C
09-MAY-2026,SVN004,1980317.62,0.00,1980317.62,161644.00,C
