09-MAY-2026,01243,0,0,0,0,0,0,0,0,0,0,2,0,0
09-MAY-2026,AAA707,0,0,0,0,0,0,0,0,0,0,1,0,0
09-MAY-2026,ACVA052,0,0,0,0,0,0,0,0,0,0,1,0,0
09-MAY-2026,ACVV059,0,0,0,0,0,0,0,0,0,0,1,0,0
09-MAY-2026,AZEN024,0,0,0,0,0,0,0,0,0,0,1,0,0
09-MAY-2026,AZES095,0,0,0,0,0,0,0,0,0,0,1,0,0
09-MAY-2026,CJP079,0,0,0,0,0,0,0,0,0,0,1,0,0
09-MAY-2026,CSH176,0,0,0,0,0,0,0,0,0,0,1,0,0
09-MAY-2026,CSP584,0,0,0,0,0,0,0,0,0,0,1,0,0
09-MAY-2026,EBK393,0,0,0,0,0,0,0,0,0,0,1,0,0
09-MAY-2026,EBP316,0,0,0,0,0,0,0,0,0,0,1,0,0
09-MAY-2026,EBV335,0,0,0,0,0,0,0,0,0,0,1,0,0
09-MAY-2026,ENK010,0,0,0,0,0,0,0,0,0,0,1,0,0
09-MAY-2026,ERC065,0,0,0,0,0,0,0,0,0,0,1,0,0
09-MAY-2026,EWA144,0,0,0,0,0,0,0,0,0,0,1,0,0
09-MAY-2026,EWA241,0,0,0,0,0,0,0,0,0,0,1,0,0
09-MAY-2026,EWB058,0,0,0,0,0,0,0,0,0,0,1,0,0
09-MAY-2026,EWD028,0,0,0,0,0,0,0,0,0,0,1,0,0
09-MAY-2026,EWD048,0,0,0,0,0,0,0,0,0,0,1,0,0
09-MAY-2026,EWD065,0,0,0,0,0,0,0,0,0,0,1,0,0
09-MAY-2026,EWG100,0,0,0,0,0,0,0,0,0,0,1,0,0
09-MAY-2026,EWN150,0,0,0,0,0,0,0,0,0,0,1,0,0
09-MAY-2026,EWO004,0,0,0,0,0,0,0,0,0,0,1,0,0
09-MAY-2026,EWS503,0,0,0,0,0,0,0,0,0,0,1,0,0
09-MAY-2026,FAS295,0,0,0,0,0,0,0,0,0,0,1,0,0
09-MAY-2026,FKS005,0,0,0,0,0,0,0,0,0,0,1,0,0
09-MAY-2026,FKV018,0,0,0,0,0,0,0,0,0,0,1,0,0
09-MAY-2026,FKV019,0,0,0,0,0,0,0,0,0,0,1,0,0
09-MAY-2026,GAB262,0,0,0,0,0,0,0,0,0,0,1,0,0
09-MAY-2026,GRG210,0,0,0,0,0,0,0,0,0,0,1,0,0
09-MAY-2026,GSP955,0,0,0,0,0,0,0,0,0,0,1,0,0
09-MAY-2026,HAS208,0,0,0,0,0,0,0,0,0,0,1,0,0
09-MAY-2026,JEA237,0,0,0,0,0,0,0,0,0,0,1,0,0
09-MAY-2026,JMM114,0,0,0,0,0,0,0,0,0,0,1,0,0
09-MAY-2026,JMP126,0,0,0,0,0,0,0,0,0,0,1,0,0
09-MAY-2026,JMR214,0,0,0,0,0,0,0,0,0,0,1,0,0
09-MAY-2026,JMS353,0,0,0,0,0,0,0,0,0,0,1,0,0
09-MAY-2026,JNB103,0,0,0,0,0,0,0,0,0,0,1,0,0
09-MAY-2026,JOA166,0,0,0,0,0,0,0,0,0,0,1,0,0
09-MAY-2026,JOA268,0,0,0,0,0,0,0,0,0,0,1,0,0
09-MAY-2026,JOJ069,0,0,0,0,0,0,0,0,0,0,1,0,0
09-MAY-2026,JOM313,0,0,0,0,0,0,0,0,0,0,1,0,0
09-MAY-2026,JOR136,0,0,0,0,0,0,0,0,0,0,1,0,0
09-MAY-2026,JOS207,0,0,0,0,0,0,0,0,0,0,1,0,0
09-MAY-2026,JOS209,0,0,0,0,0,0,0,0,0,0,1,0,0
09-MAY-2026,JPES147,0,0,0,0,0,0,0,0,0,0,1,0,0
09-MAY-2026,JTC093,0,0,0,0,0,0,0,0,0,0,1,0,0
09-MAY-2026,JTM031,0,0,0,0,0,0,0,0,0,0,1,0,0
09-MAY-2026,JWP087,0,0,0,0,0,0,0,0,0,0,1,0,0
09-MAY-2026,JXA094,0,0,0,0,0,0,0,0,0,0,1,0,0
09-MAY-2026,JXD086,0,0,0,0,0,0,0,0,0,0,1,0,0
09-MAY-2026,JXP052,0,0,0,0,0,0,0,0,0,0,1,0,0
09-MAY-2026,KGS402,0,0,0,0,0,0,0,0,0,0,1,0,0
09-MAY-2026,LGS401,0,0,0,0,0,0,0,0,0,0,1,0,0
09-MAY-2026,LHA686,0,0,0,0,0,0,0,0,0,0,1,0,0
09-MAY-2026,LHR215,0,0,0,0,0,0,0,0,0,0,1,0,0
09-MAY-2026,LHR400,0,0,0,0,0,0,0,0,0,0,1,0,0
09-MAY-2026,MTM190,0,0,0,0,0,0,0,0,0,0,1,0,0
09-MAY-2026,NSB064,0,0,0,0,0,0,0,0,0,0,1,0,0
09-MAY-2026,OAU032,0,0,0,0,0,0,0,0,0,0,1,0,0
09-MAY-2026,OET037,0,0,0,0,0,0,0,0,0,0,1,0,0
09-MAY-2026,OQB098,0,0,0,0,0,0,0,0,0,0,1,0,0
09-MAY-2026,OQD111,0,0,0,0,0,0,0,0,0,0,1,0,0
09-MAY-2026,OQP074,0,0,0,0,0,0,0,0,0,0,1,0,0
09-MAY-2026,OQR093,0,0,0,0,0,0,0,0,0,0,1,0,0
09-MAY-2026,OQR098,0,0,0,0,0,0,0,0,0,0,1,0,0
09-MAY-2026,OQS142,0,0,0,0,0,0,0,0,0,0,1,0,0
09-MAY-2026,OQS163,0,0,0,0,0,0,0,0,0,0,1,0,0
09-MAY-2026,OQS177,0,0,0,0,0,0,0,0,0,0,1,0,0
09-MAY-2026,OQS390,0,0,0,0,0,0,0,0,0,0,1,0,0
09-MAY-2026,OQV099,0,0,0,0,0,0,0,0,0,0,1,0,0
09-MAY-2026,OVD006,0,0,0,0,0,0,0,0,0,0,1,0,0
09-MAY-2026,OVM124,0,0,0,0,0,0,0,0,0,0,1,0,0
09-MAY-2026,QDY013,0,0,0,0,0,0,0,0,0,0,1,0,0
09-MAY-2026,QFI008,0,0,0,0,0,0,0,0,0,0,1,0,0
09-MAY-2026,QTB106,0,0,0,0,0,0,0,0,0,0,1,0,0
09-MAY-2026,QTV142,0,0,0,0,0,0,0,0,0,0,1,0,0
09-MAY-2026,QTV149,0,0,0,0,0,0,0,0,0,0,1,0,0
09-MAY-2026,QTY045,0,0,0,0,0,0,0,0,0,0,1,0,0
09-MAY-2026,QVS660,0,0,0,0,0,0,0,0,0,0,1,0,0
09-MAY-2026,SAT145,0,0,0,0,0,0,0,0,0,0,1,0,0
09-MAY-2026,SAV363,0,0,0,0,0,0,0,0,0,0,1,0,0
09-MAY-2026,SYR095,0,0,0,0,0,0,0,0,0,0,1,0,0
09-MAY-2026,TJP142,0,0,0,0,0,0,0,0,0,0,1,0,0
09-MAY-2026,TYP428,0,0,0,0,0,0,0,0,0,0,1,0,0
09-MAY-2026,VYJ198,0,0,0,0,0,0,0,0,0,0,1,0,0
09-MAY-2026,WBA212,0,0,0,0,0,0,0,0,0,0,1,0,0
09-MAY-2026,WJA178,0,0,0,0,0,0,0,0,0,0,1,0,0
09-MAY-2026,WJR396,0,0,0,0,0,0,0,0,0,0,1,0,0
09-MAY-2026,YPN137,0,0,0,0,0,0,0,0,0,0,1,0,0
09-MAY-2026,YXC010,0,0,0,0,0,0,0,0,0,0,1,0,0
09-MAY-2026,YXJ057,0,0,0,0,0,0,0,0,0,0,1,0,0
09-MAY-2026,YXN073,0,0,0,0,0,0,0,0,0,0,1,0,0
09-MAY-2026,YXN121,0,0,0,0,0,0,0,0,0,0,1,0,0
09-MAY-2026,YXR002,0,0,0,0,0,0,0,0,0,0,1,0,0
