09-MAY-2026,AHMCA199,891048.00,0.00,891048.00,80404.00,C
09-MAY-2026,AHMCB167,690984.00,0.00,690984.00,169260.92,C
09-MAY-2026,AHMCC175,788640.00,0.00,788640.00,98580.00,C
09-MAY-2026,AHMCD164,154867.99,0.00,154867.99,12346.00,C
09-MAY-2026,AHMCH140,1323350.00,0.00,1323350.00,122825.00,C
09-MAY-2026,AHMCH155,216360.00,0.00,216360.00,18030.00,C
09-MAY-2026,AHMCK280,131440.00,0.00,131440.00,16430.00,C
09-MAY-2026,AHMCP175,132996.00,0.00,132996.00,11083.00,C
09-MAY-2026,AHMCP338,2078934.00,0.00,2078934.00,173244.50,C
09-MAY-2026,AHMCS575,67470.00,0.00,67470.00,5622.50,C
09-MAY-2026,AKA173,82008.00,0.00,82008.00,6834.00,C
09-MAY-2026,AKA417,41004.00,0.00,41004.00,5817.00,C
09-MAY-2026,AKA445,166176.00,0.00,166176.00,21348.00,C
09-MAY-2026,AKA460,250488.00,0.00,250488.00,20874.00,C
09-MAY-2026,AKG110,205020.00,0.00,205020.00,21585.00,C
09-MAY-2026,AKJ081,4838472.00,0.00,4838472.00,403206.00,C
09-MAY-2026,AKJ122,1148112.00,0.00,1148112.00,95676.00,C
09-MAY-2026,AKK111,446994.00,0.00,446994.00,89292.00,C
09-MAY-2026,AKK140,41544.00,0.00,41544.00,5862.00,C
09-MAY-2026,AKM384,415440.00,0.00,415440.00,34620.00,C
09-MAY-2026,AKR292,415440.00,0.00,415440.00,34620.00,C
09-MAY-2026,AKR412,205020.00,0.00,205020.00,17085.00,C
09-MAY-2026,AKS343,574056.00,0.00,574056.00,47838.00,C
09-MAY-2026,AKS601,2097810.06,0.00,2097810.06,345099.00,C
09-MAY-2026,AKS697,41544.00,0.00,41544.00,3462.00,C
09-MAY-2026,AKS822,683872.89,0.00,683872.89,56252.00,C
09-MAY-2026,AKV205,450504.00,0.00,450504.00,37542.00,C
09-MAY-2026,AMP103,97696.13,0.00,97696.13,8036.00,C
09-MAY-2026,AURGS9D104,164556.00,0.00,164556.00,13713.00,C
09-MAY-2026,AURGS9O101,41004.00,0.00,41004.00,3417.00,C
09-MAY-2026,AURGS9S113,124632.00,0.00,124632.00,10386.00,C
09-MAY-2026,BMM198,150240.00,0.00,150240.00,12520.00,C
09-MAY-2026,BMS053,206100.00,0.00,206100.00,19225.00,C
09-MAY-2026,BMV075,199791.43,0.00,199791.43,16226.00,C
09-MAY-2026,DIRB24S103,41544.00,0.00,41544.00,3462.00,C
09-MAY-2026,DIRB81A106,41544.00,0.00,41544.00,3462.00,C
09-MAY-2026,DIRB81V101,82008.00,0.00,82008.00,6834.00,C
09-MAY-2026,DIRC21K104,683872.89,0.00,683872.89,56252.00,C
09-MAY-2026,DIRC21R111,783768.61,0.00,783768.61,64365.00,C
09-MAY-2026,DIRW70P112,334188.00,0.00,334188.00,27849.00,C
09-MAY-2026,E933255,25920.00,0.00,25920.00,3240.00,C
09-MAY-2026,ERROR,25920.00,0.00,25920.00,3240.00,C
09-MAY-2026,FPB22K121,233646.00,0.00,233646.00,19470.50,C
09-MAY-2026,GBN10S527,143109.00,0.00,143109.00,17130.00,C
09-MAY-2026,GBN21B051,1111968.00,0.00,1111968.00,92664.00,C
09-MAY-2026,GBN21S066,1725948.00,0.00,1725948.00,143829.00,C
09-MAY-2026,GBN21S192,1517148.00,0.00,1517148.00,126429.00,C
09-MAY-2026,GBN488A116,872424.00,0.00,872424.00,72702.00,C
09-MAY-2026,GBN503A104,83088.00,0.00,83088.00,6924.00,C
09-MAY-2026,GBN503A106,83088.00,0.00,83088.00,6924.00,C
09-MAY-2026,GBN503N104,370116.00,0.00,370116.00,30843.00,C
09-MAY-2026,GBN503V111,83088.00,0.00,83088.00,6924.00,C
09-MAY-2026,GJBG1P106,937776.00,0.00,937776.00,78148.00,C
09-MAY-2026,GJBG1S103,472290.00,0.00,472290.00,39357.50,C
09-MAY-2026,GJBG1S112,872250.00,0.00,872250.00,72687.50,C
09-MAY-2026,GKOHNH111,762769.98,0.00,762769.98,62165.00,C
09-MAY-2026,GNP13C22,541296.00,0.00,541296.00,45108.00,C
09-MAY-2026,GNP13C76,206640.00,0.00,206640.00,17220.00,C
09-MAY-2026,GNP22S190,249264.00,0.00,249264.00,20772.00,C
09-MAY-2026,GNP28R325,2624256.00,0.00,2624256.00,218688.00,C
09-MAY-2026,GNP28V304,2419236.00,0.00,2419236.00,201603.00,C
09-MAY-2026,GNP32A101,83088.00,0.00,83088.00,8324.00,C
09-MAY-2026,GNP32N102,1149732.00,0.00,1149732.00,95811.00,C
09-MAY-2026,GNP32S126,41544.00,0.00,41544.00,4962.00,C
09-MAY-2026,GNP3B51,41544.00,0.00,41544.00,3462.00,C
09-MAY-2026,GNP3D011,41004.00,0.00,41004.00,3417.00,C
09-MAY-2026,GNP64D014,533592.00,0.00,533592.00,44889.08,C
09-MAY-2026,GNP73A131,134352.00,0.00,134352.00,11196.00,C
09-MAY-2026,GNP73D113,42156.00,0.00,42156.00,3513.00,C
09-MAY-2026,GNP73D156,168012.00,0.00,168012.00,14001.00,C
09-MAY-2026,GNP73M134,33588.00,0.00,33588.00,2799.00,C
09-MAY-2026,GNP73P155,145044.00,0.00,145044.00,12087.00,C
09-MAY-2026,GNP73S080,207720.00,0.00,207720.00,17310.00,C
09-MAY-2026,GNP75D120,123012.00,0.00,123012.00,10251.00,C
09-MAY-2026,GNP75M166,1085655.35,0.00,1085655.35,88781.00,C
09-MAY-2026,GORWA349,5984820.00,0.00,5984820.00,498735.00,C
09-MAY-2026,GPU181G101,249264.00,0.00,249264.00,20772.00,C
09-MAY-2026,GPU181P105,41004.00,0.00,41004.00,3417.00,C
09-MAY-2026,GPU181S105,41004.00,0.00,41004.00,3417.00,C
09-MAY-2026,GPU2J040,105885.00,0.00,105885.00,34395.00,C
09-MAY-2026,GPU33A114,262032.00,0.00,262032.00,21836.00,C
09-MAY-2026,GPU33A116,262032.00,0.00,262032.00,21836.00,C
09-MAY-2026,GPU33D014,83088.00,0.00,83088.00,6924.00,C
09-MAY-2026,GPU33J007,345120.00,0.00,345120.00,28760.00,C
09-MAY-2026,GPU33K011,151788.00,0.00,151788.00,12649.00,C
09-MAY-2026,GPU33K107,151788.00,0.00,151788.00,12649.00,C
09-MAY-2026,GPU33L003,41544.00,0.00,41544.00,3462.00,C
09-MAY-2026,GPU33M015,151788.00,0.00,151788.00,12649.00,C
09-MAY-2026,GPU33M017,41544.00,0.00,41544.00,3462.00,C
09-MAY-2026,GPU33M037,151788.00,0.00,151788.00,12649.00,C
09-MAY-2026,GPU33M038,262032.00,0.00,262032.00,21836.00,C
09-MAY-2026,GPU33M109,193332.00,0.00,193332.00,16111.00,C
09-MAY-2026,GPU33N012,83088.00,0.00,83088.00,7824.00,C
09-MAY-2026,GPU33P115,75894.00,0.00,75894.00,6324.50,C
09-MAY-2026,GPU33P116,151788.00,0.00,151788.00,12649.00,C
09-MAY-2026,GPU33P117,151788.00,0.00,151788.00,12649.00,C
09-MAY-2026,GPU33R007,345120.00,0.00,345120.00,28760.00,C
09-MAY-2026,GPU33R109,117438.00,0.00,117438.00,9786.50,C
09-MAY-2026,GPU33R110,151788.00,0.00,151788.00,12649.00,C
09-MAY-2026,GPU33R112,117438.00,0.00,117438.00,9786.50,C
09-MAY-2026,GPU33R114,151788.00,0.00,151788.00,12649.00,C
09-MAY-2026,GPU33R115,75894.00,0.00,75894.00,6324.50,C
09-MAY-2026,GPU33S046,234876.00,0.00,234876.00,19573.00,C
09-MAY-2026,GPU33S057,151788.00,0.00,151788.00,12649.00,C
09-MAY-2026,GPU33S119,110244.00,0.00,110244.00,9187.00,C
09-MAY-2026,GPU33T101,151788.00,0.00,151788.00,12649.00,C
09-MAY-2026,GPU33V104,220488.00,0.00,220488.00,18374.00,C
09-MAY-2026,GPU33V109,151788.00,0.00,151788.00,12649.00,C
09-MAY-2026,GPUR022,287388.00,0.00,287388.00,23949.00,C
09-MAY-2026,HCA010,3241014.30,0.00,3241014.30,296198.00,C
09-MAY-2026,HCA1141,755070.00,0.00,755070.00,126322.50,C
09-MAY-2026,HCA1144,2113182.00,0.00,2113182.00,248778.68,C
09-MAY-2026,HCA1159,60638.00,0.00,60638.00,6148.50,C
09-MAY-2026,HCA1166,1984992.00,0.00,1984992.00,255649.33,C
09-MAY-2026,HCH025,1107108.00,0.00,1107108.00,92259.00,C
09-MAY-2026,HCK101,315456.00,0.00,315456.00,39432.00,C
09-MAY-2026,HCM083,1107108.00,0.00,1107108.00,92259.00,C
09-MAY-2026,HCP058,1149282.00,0.00,1149282.00,166571.00,C
09-MAY-2026,HCS164,158208.00,0.00,158208.00,13184.00,C
09-MAY-2026,HOB502,10134318.85,0.00,10134318.85,866301.50,C
09-MAY-2026,HOIBJ802,0.00,0.00,0.00,4100.00,C
09-MAY-2026,HOIBK303,132996.00,0.00,132996.00,11083.00,C
09-MAY-2026,HOIBN894,34350.00,0.00,34350.00,2862.50,C
09-MAY-2026,HYD4O541,3995828.69,0.00,3995828.69,324520.00,C
09-MAY-2026,HYD5V205,2671321.90,0.00,2671321.90,221030.00,C
09-MAY-2026,HYD92S124,879265.14,0.00,879265.14,72324.00,C
09-MAY-2026,INDC1R115,82008.00,0.00,82008.00,6834.00,C
09-MAY-2026,INSW152,217440.00,0.00,217440.00,18120.00,C
09-MAY-2026,INSWN107,415440.00,0.00,415440.00,34620.00,C
09-MAY-2026,INSWP122,246024.00,0.00,246024.00,20502.00,C
09-MAY-2026,INSWS119,265992.00,0.00,265992.00,22166.00,C
09-MAY-2026,INSWV110,1968192.00,0.00,1968192.00,164016.00,C
09-MAY-2026,JMRBS102,197620.00,0.00,197620.00,18659.00,C
09-MAY-2026,JPBKM090,12963546.00,0.00,12963546.00,1080295.50,C
09-MAY-2026,JPCD9P108,2563860.00,0.00,2563860.00,213655.00,C
09-MAY-2026,JPGMN105,82008.00,0.00,82008.00,6834.00,C
09-MAY-2026,JPKT1A101,232301.99,0.00,232301.99,18519.00,C
09-MAY-2026,JPKTA263,150240.00,0.00,150240.00,12520.00,C
09-MAY-2026,JPKTA486,455869.98,0.00,455869.98,36590.00,C
09-MAY-2026,JPKTD060,2158429.99,0.00,2158429.99,179309.50,C
09-MAY-2026,JPKTD136,3311149.83,0.00,3311149.83,266135.00,C
09-MAY-2026,JPKTN254,3174793.81,0.00,3174793.81,253093.00,C
09-MAY-2026,JPKTP138,300480.00,0.00,300480.00,55340.00,C
09-MAY-2026,JPKTR368,199494.00,0.00,199494.00,16624.50,C
09-MAY-2026,JPKTR418,4206720.00,0.00,4206720.00,350560.00,C
09-MAY-2026,JPKTR449,1161509.93,0.00,1161509.93,92595.00,C
09-MAY-2026,JPKTS561,77434.00,0.00,77434.00,6173.00,C
09-MAY-2026,JPKTS605,2942491.82,0.00,2942491.82,234574.00,C
09-MAY-2026,JPKTS637,1994771.91,0.00,1994771.91,161194.00,C
09-MAY-2026,JPKTU103,0.00,0.00,0.00,6700.00,C
09-MAY-2026,JPP1330,1135384.00,0.00,1135384.00,94335.50,C
09-MAY-2026,JPPR3A247,1463928.00,0.00,1463928.00,121994.00,C
09-MAY-2026,JPPR3C161,3767142.00,0.00,3767142.00,313928.50,C
09-MAY-2026,JPPR3D180,132996.00,0.00,132996.00,11083.00,C
09-MAY-2026,JPPR3H173,23220204.00,0.00,23220204.00,1935017.00,C
09-MAY-2026,JPPR3P205,446550.00,0.00,446550.00,37212.50,C
09-MAY-2026,JPPR3S286,472290.00,0.00,472290.00,39357.50,C
09-MAY-2026,JPSHU101,337350.00,0.00,337350.00,33645.83,C
09-MAY-2026,JPT6R103,137400.00,0.00,137400.00,11450.00,C
09-MAY-2026,JPUDD148,67470.00,0.00,67470.00,5622.50,C
09-MAY-2026,JPV989,269880.00,0.00,269880.00,22490.00,C
09-MAY-2026,LTRA178,6403942.09,0.00,6403942.09,523641.00,C
09-MAY-2026,LTRR069,299687.15,0.00,299687.15,41239.00,C
09-MAY-2026,MJOC107,33588.00,0.00,33588.00,2799.00,C
09-MAY-2026,MLKB009,0.00,0.00,0.00,11300.00,C
09-MAY-2026,MLKL004,0.00,0.00,0.00,28800.00,C
09-MAY-2026,NHGD015,1737167.17,0.00,1737167.17,142647.50,C
09-MAY-2026,NHGD017,1737167.17,0.00,1737167.17,142647.50,C
09-MAY-2026,NHGN103,1737167.17,0.00,1737167.17,142647.50,C
09-MAY-2026,PCGK2A106,1718858.59,0.00,1718858.59,142180.00,C
09-MAY-2026,PCGK5P101,71622.00,0.00,71622.00,5968.50,C
09-MAY-2026,PCHNBHA300,75132.00,0.00,75132.00,6261.00,C
09-MAY-2026,PCHNBHG184,200850.00,0.00,200850.00,19387.50,C
09-MAY-2026,PCHNBHJ148,33588.00,0.00,33588.00,2799.00,C
09-MAY-2026,PCHNBHR264,67176.00,0.00,67176.00,5598.00,C
09-MAY-2026,PCHNBHS408,134352.00,0.00,134352.00,11196.00,C
09-MAY-2026,PCHNJLR135,305382.00,0.00,305382.00,25448.50,C
09-MAY-2026,PCHNJLR194,71622.00,0.00,71622.00,5968.50,C
09-MAY-2026,RPR17P97,441631.56,0.00,441631.56,36274.00,C
09-MAY-2026,TRP298,34350.00,0.00,34350.00,2862.50,C
09-MAY-2026,VADA238,415440.00,0.00,415440.00,34620.00,C
09-MAY-2026,VADB131,2465784.00,0.00,2465784.00,205482.00,C
09-MAY-2026,VADM246,1578672.00,0.00,1578672.00,131556.00,C
09-MAY-2026,VICPBP101,218484.00,0.00,218484.00,30807.00,C
