09-MAY-2026,00647,0,0,0,0,0,0,0,0,0,0,2,0,0,0,0,20260509-0,4500000,9500000,9500000,0,0,20260509-0
09-MAY-2026,A00030652,0,0,0,0,0,0,0,0,0,0,1,0,0,0,0,20260509-0,.15,.15,.15,0,0,20260509-0
09-MAY-2026,A00111754,0,0,0,0,0,0,0,0,0,0,1,0,0,0,0,20260509-0,.2,.2,.2,0,0,20260509-0
09-MAY-2026,A00113121,0,0,0,0,0,0,0,0,0,0,1,0,0,0,0,20260509-0,.34,.34,.34,0,0,20260509-0
09-MAY-2026,A00117573,0,0,0,0,0,0,0,0,0,0,1,0,0,0,0,20260509-0,49.45,49.45,49.45,0,0,20260509-0
09-MAY-2026,A00117793,0,0,0,0,0,0,0,0,0,0,1,0,0,0,0,20260509-0,580.63,580.63,580.63,0,0,20260509-0
09-MAY-2026,A00119479,0,0,0,0,0,0,0,0,0,0,1,0,0,0,0,20260509-0,28145.13,28145.13,28145.13,0,0,20260509-0
09-MAY-2026,R049404,0,0,0,0,0,0,0,0,0,0,1,0,0,0,0,20260509-0,7476.3,7476.3,7476.3,0,0,20260509-0
09-MAY-2026,R292435,0,0,0,0,0,0,0,0,0,0,1,0,0,0,0,20260509-0,.05,.05,.05,0,0,20260509-0
09-MAY-2026,RS14137,0,0,0,0,0,0,0,0,0,0,1,0,0,0,0,20260509-0,.05,.05,.05,0,0,20260509-0
09-MAY-2026,RS17748,0,0,0,0,0,0,0,0,0,0,1,0,0,0,0,20260509-0,.18,.18,.18,0,0,20260509-0
09-MAY-2026,RS19990,0,0,0,0,0,0,0,0,0,0,1,0,0,0,0,20260509-0,123715.75,123715.75,123715.75,0,0,20260509-0
09-MAY-2026,RS20245,0,0,0,0,0,0,0,0,0,0,1,0,0,0,0,20260509-0,.19,.19,.19,0,0,20260509-0
09-MAY-2026,A00120828,0,0,0,0,0,0,0,0,0,0,1,0,0,0,0,20260509-0,.11,.11,.11,0,0,20260509-0
09-MAY-2026,A00122607,0,0,0,0,0,0,0,0,0,0,1,0,0,0,0,20260509-0,146.19,146.19,146.19,0,0,20260509-0
09-MAY-2026,A00123098,0,0,0,0,0,0,0,0,0,0,1,0,0,0,0,20260509-0,18.08,18.08,18.08,0,0,20260509-0
09-MAY-2026,A036327,0,0,0,0,0,0,0,0,0,0,1,0,0,0,0,20260509-0,.28,.28,.28,0,0,20260509-0
09-MAY-2026,A069847,0,0,0,0,0,0,0,0,0,0,1,0,0,0,0,20260509-0,.2,.2,.2,0,0,20260509-0
09-MAY-2026,A099718,0,0,0,0,0,0,0,0,0,0,1,0,0,0,0,20260509-0,113339.47,113339.47,113339.47,0,0,20260509-0
09-MAY-2026,A105360,0,0,0,0,0,0,0,0,0,0,1,0,0,0,0,20260509-0,.12,.12,.12,0,0,20260509-0
09-MAY-2026,A170176,0,0,0,0,0,0,0,0,0,0,1,0,0,0,0,20260509-0,.07,.07,.07,0,0,20260509-0
09-MAY-2026,A221851,0,0,0,0,0,0,0,0,0,0,1,0,0,0,0,20260509-0,.29,.29,.29,0,0,20260509-0
09-MAY-2026,A281344,0,0,0,0,0,0,0,0,0,0,1,0,0,0,0,20260509-0,.28,.28,.28,0,0,20260509-0
09-MAY-2026,A498473,0,0,0,0,0,0,0,0,0,0,1,0,0,0,0,20260509-0,.26,.26,.26,0,0,20260509-0
09-MAY-2026,A533595,0,0,0,0,0,0,0,0,0,0,1,0,0,0,0,20260509-0,.06,.06,.06,0,0,20260509-0
09-MAY-2026,A548276,0,0,0,0,0,0,0,0,0,0,1,0,0,0,0,20260509-0,.06,.06,.06,0,0,20260509-0
09-MAY-2026,A566815,0,0,0,0,0,0,0,0,0,0,1,0,0,0,0,20260509-0,.07,.07,.07,0,0,20260509-0
09-MAY-2026,B00031333,0,0,0,0,0,0,0,0,0,0,1,0,0,0,0,20260509-0,21769.16,21769.16,21769.16,0,0,20260509-0
09-MAY-2026,B00038211,0,0,0,0,0,0,0,0,0,0,1,0,0,0,0,20260509-0,1.02,1.02,1.02,0,0,20260509-0
09-MAY-2026,B00065094,0,0,0,0,0,0,0,0,0,0,1,0,0,0,0,20260509-0,4.31,4.31,4.31,0,0,20260509-0
09-MAY-2026,B166630,0,0,0,0,0,0,0,0,0,0,1,0,0,0,0,20260509-0,.05,.05,.05,0,0,20260509-0
09-MAY-2026,RS31795,0,0,0,0,0,0,0,0,0,0,1,0,0,0,0,20260509-0,120117.93,120117.93,120117.93,0,0,20260509-0
09-MAY-2026,RS31873,0,0,0,0,0,0,0,0,0,0,1,0,0,0,0,20260509-0,.27,.27,.27,0,0,20260509-0
09-MAY-2026,RS31892,0,0,0,0,0,0,0,0,0,0,1,0,0,0,0,20260509-0,39836.45,39836.45,39836.45,0,0,20260509-0
09-MAY-2026,RS4060,0,0,0,0,0,0,0,0,0,0,1,0,0,0,0,20260509-0,.25,.25,.25,0,0,20260509-0
09-MAY-2026,RS4769,0,0,0,0,0,0,0,0,0,0,1,0,0,0,0,20260509-0,.03,.03,.03,0,0,20260509-0
09-MAY-2026,RS8049,0,0,0,0,0,0,0,0,0,0,1,0,0,0,0,20260509-0,.27,.27,.27,0,0,20260509-0
09-MAY-2026,S00038522,0,0,0,0,0,0,0,0,0,0,1,0,0,0,0,20260509-0,.08,.08,.08,0,0,20260509-0
09-MAY-2026,S0012478,0,0,0,0,0,0,0,0,0,0,1,0,0,0,0,20260509-0,.11,.11,.11,0,0,20260509-0
09-MAY-2026,S00140653,0,0,0,0,0,0,0,0,0,0,1,0,0,0,0,20260509-0,.05,.05,.05,0,0,20260509-0
09-MAY-2026,C00039161,0,0,0,0,0,0,0,0,0,0,1,0,0,0,0,20260509-0,.27,.27,.27,0,0,20260509-0
09-MAY-2026,C00045766,0,0,0,0,0,0,0,0,0,0,1,0,0,0,0,20260509-0,506.69,506.69,506.69,0,0,20260509-0
09-MAY-2026,CAM1389,0,0,0,0,0,0,0,0,0,0,1,0,0,0,0,20260509-0,427.06,427.06,427.06,0,0,20260509-0
09-MAY-2026,CCH1439,0,0,0,0,0,0,0,0,0,0,1,0,0,0,0,20260509-0,152.35,152.35,152.35,0,0,20260509-0
09-MAY-2026,CDS1679,0,0,0,0,0,0,0,0,0,0,1,0,0,0,0,20260509-0,17805.68,17805.68,17805.68,0,0,20260509-0
09-MAY-2026,CFK1247,0,0,0,0,0,0,0,0,0,0,1,0,0,0,0,20260509-0,502.7,502.7,502.7,0,0,20260509-0
09-MAY-2026,CPG2190,0,0,0,0,0,0,0,0,0,0,1,0,0,0,0,20260509-0,.05,.05,.05,0,0,20260509-0
09-MAY-2026,CSL1878,0,0,0,0,0,0,0,0,0,0,1,0,0,0,0,20260509-0,47190.42,47190.42,47190.42,0,0,20260509-0
09-MAY-2026,CVS1464,0,0,0,0,0,0,0,0,0,0,1,0,0,0,0,20260509-0,28.3,28.3,28.3,0,0,20260509-0
09-MAY-2026,D00067215,0,0,0,0,0,0,0,0,0,0,1,0,0,0,0,20260509-0,307.36,307.36,307.36,0,0,20260509-0
09-MAY-2026,D442501,0,0,0,0,0,0,0,0,0,0,1,0,0,0,0,20260509-0,.16,.16,.16,0,0,20260509-0
09-MAY-2026,D536290,0,0,0,0,0,0,0,0,0,0,1,0,0,0,0,20260509-0,.07,.07,.07,0,0,20260509-0
09-MAY-2026,D568155,0,0,0,0,0,0,0,0,0,0,1,0,0,0,0,20260509-0,.13,.13,.13,0,0,20260509-0
09-MAY-2026,E030220,0,0,0,0,0,0,0,0,0,0,1,0,0,0,0,20260509-0,.17,.17,.17,0,0,20260509-0
09-MAY-2026,G00055997,0,0,0,0,0,0,0,0,0,0,1,0,0,0,0,20260509-0,673.78,673.78,673.78,0,0,20260509-0
09-MAY-2026,G026913,0,0,0,0,0,0,0,0,0,0,1,0,0,0,0,20260509-0,.18,.18,.18,0,0,20260509-0
09-MAY-2026,G092295,0,0,0,0,0,0,0,0,0,0,1,0,0,0,0,20260509-0,.27,.27,.27,0,0,20260509-0
09-MAY-2026,G281881,0,0,0,0,0,0,0,0,0,0,1,0,0,0,0,20260509-0,.35,.35,.35,0,0,20260509-0
09-MAY-2026,S00165001,1055769.13,0,1055769.13,89225,0,0,0,0,0,0,1,0,0,1055769.13,89225,20260509-0,1820714.19,1820714.19,1820714.19,1144994.13,0,20260509-0
09-MAY-2026,S00168978,0,0,0,0,0,0,0,0,0,0,1,0,0,0,0,20260509-0,185.57,185.57,185.57,0,0,20260509-0
09-MAY-2026,S00169238,0,0,0,0,0,0,0,0,0,0,1,0,0,0,0,20260509-0,43.42,43.42,43.42,0,0,20260509-0
09-MAY-2026,S00169827,0,0,0,0,0,0,0,0,0,0,1,0,0,0,0,20260509-0,2141.87,2141.87,2141.87,0,0,20260509-0
09-MAY-2026,S00170729,0,0,0,0,0,0,0,0,0,0,1,0,0,0,0,20260509-0,.11,.11,.11,0,0,20260509-0
09-MAY-2026,S00171676,0,0,0,0,0,0,0,0,0,0,1,0,0,0,0,20260509-0,11.14,11.14,11.14,0,0,20260509-0
09-MAY-2026,S00171972,0,0,0,0,0,0,0,0,0,0,1,0,0,0,0,20260509-0,56.32,56.32,56.32,0,0,20260509-0
09-MAY-2026,S00172059,0,0,0,0,0,0,0,0,0,0,1,0,0,0,0,20260509-0,581.6,581.6,581.6,0,0,20260509-0
09-MAY-2026,S00174311,0,0,0,0,0,0,0,0,0,0,1,0,0,0,0,20260509-0,.08,.08,.08,0,0,20260509-0
09-MAY-2026,S00182912,0,0,0,0,0,0,0,0,0,0,1,0,0,0,0,20260509-0,253.13,253.13,253.13,0,0,20260509-0
09-MAY-2026,S00183686,0,0,0,0,0,0,0,0,0,0,1,0,0,0,0,20260509-0,.22,.22,.22,0,0,20260509-0
09-MAY-2026,S00184534,0,0,0,0,0,0,0,0,0,0,1,0,0,0,0,20260509-0,1010.55,1010.55,1010.55,0,0,20260509-0
09-MAY-2026,S00184576,0,0,0,0,0,0,0,0,0,0,1,0,0,0,0,20260509-0,24.3,24.3,24.3,0,0,20260509-0
09-MAY-2026,S00184710,0,0,0,0,0,0,0,0,0,0,1,0,0,0,0,20260509-0,.04,.04,.04,0,0,20260509-0
09-MAY-2026,S00185717,0,0,0,0,0,0,0,0,0,0,1,0,0,0,0,20260509-0,.19,.19,.19,0,0,20260509-0
09-MAY-2026,S011822,0,0,0,0,0,0,0,0,0,0,1,0,0,0,0,20260509-0,4.21,4.21,4.21,0,0,20260509-0
09-MAY-2026,S022010,0,0,0,0,0,0,0,0,0,0,1,0,0,0,0,20260509-0,539.61,539.61,539.61,0,0,20260509-0
09-MAY-2026,S053510,0,0,0,0,0,0,0,0,0,0,1,0,0,0,0,20260509-0,.19,.19,.19,0,0,20260509-0
09-MAY-2026,S074431,0,0,0,0,0,0,0,0,0,0,1,0,0,0,0,20260509-0,.24,.24,.24,0,0,20260509-0
09-MAY-2026,S087694,0,0,0,0,0,0,0,0,0,0,1,0,0,0,0,20260509-0,4098.81,4098.81,4098.81,0,0,20260509-0
09-MAY-2026,S149775,0,0,0,0,0,0,0,0,0,0,1,0,0,0,0,20260509-0,.09,.09,.09,0,0,20260509-0
09-MAY-2026,H00035465,0,0,0,0,0,0,0,0,0,0,1,0,0,0,0,20260509-0,30.18,30.18,30.18,0,0,20260509-0
09-MAY-2026,H00047333,0,0,0,0,0,0,0,0,0,0,1,0,0,0,0,20260509-0,326341.9,326341.9,326341.9,0,0,20260509-0
09-MAY-2026,H00052900,0,0,0,0,0,0,0,0,0,0,1,0,0,0,0,20260509-0,.06,.06,.06,0,0,20260509-0
09-MAY-2026,H00053735,0,0,0,0,0,0,0,0,0,0,1,0,0,0,0,20260509-0,3381.92,3381.92,3381.92,0,0,20260509-0
09-MAY-2026,H055580,0,0,0,0,0,0,0,0,0,0,1,0,0,0,0,20260509-0,.07,.07,.07,0,0,20260509-0
09-MAY-2026,H163811,0,0,0,0,0,0,0,0,0,0,1,0,0,0,0,20260509-0,.25,.25,.25,0,0,20260509-0
09-MAY-2026,H284182,340999.07,0,340999.07,27934,0,0,0,0,0,0,1,0,0,200738.14,15763,20260509-0,0,0,0,216501.14,216501.14,20260509-0
09-MAY-2026,H357777,0,0,0,0,0,0,0,0,0,0,1,0,0,0,0,20260509-0,.18,.18,.18,0,0,20260509-0
09-MAY-2026,H450021,0,0,0,0,0,0,0,0,0,0,1,0,0,0,0,20260509-0,156.23,156.23,156.23,0,0,20260509-0
09-MAY-2026,I00037664,0,0,0,0,0,0,0,0,0,0,1,0,0,0,0,20260509-0,124.64,124.64,124.64,0,0,20260509-0
09-MAY-2026,I467630,0,0,0,0,0,0,0,0,0,0,1,0,0,0,0,20260509-0,.17,.17,.17,0,0,20260509-0
09-MAY-2026,J00061121,0,0,0,0,0,0,0,0,0,0,1,0,0,0,0,20260509-0,8092.01,8092.01,8092.01,0,0,20260509-0
09-MAY-2026,J064888,0,0,0,0,0,0,0,0,0,0,1,0,0,0,0,20260509-0,.09,.09,.09,0,0,20260509-0
09-MAY-2026,J451848,0,0,0,0,0,0,0,0,0,0,1,0,0,0,0,20260509-0,.04,.04,.04,0,0,20260509-0
09-MAY-2026,J569905,0,0,0,0,0,0,0,0,0,0,1,0,0,0,0,20260509-0,.03,.03,.03,0,0,20260509-0
09-MAY-2026,K00034475,0,0,0,0,0,0,0,0,0,0,1,0,0,0,0,20260509-0,81.27,81.27,81.27,0,0,20260509-0
09-MAY-2026,K00071721,0,0,0,0,0,0,0,0,0,0,1,0,0,0,0,20260509-0,3.07,3.07,3.07,0,0,20260509-0
09-MAY-2026,K00074265,0,0,0,0,0,0,0,0,0,0,1,0,0,0,0,20260509-0,482.59,482.59,482.59,0,0,20260509-0
09-MAY-2026,K00075094,0,0,0,0,0,0,0,0,0,0,1,0,0,0,0,20260509-0,519.81,519.81,519.81,0,0,20260509-0
09-MAY-2026,K001446,0,0,0,0,0,0,0,0,0,0,1,0,0,0,0,20260509-0,.15,.15,.15,0,0,20260509-0
09-MAY-2026,S294238,0,0,0,0,0,0,0,0,0,0,1,0,0,0,0,20260509-0,.1,.1,.1,0,0,20260509-0
09-MAY-2026,S365545,0,0,0,0,0,0,0,0,0,0,1,0,0,0,0,20260509-0,.06,.06,.06,0,0,20260509-0
09-MAY-2026,S474510,0,0,0,0,0,0,0,0,0,0,1,0,0,0,0,20260509-0,.01,.01,.01,0,0,20260509-0
09-MAY-2026,S545485,0,0,0,0,0,0,0,0,0,0,1,0,0,0,0,20260509-0,.02,.02,.02,0,0,20260509-0
09-MAY-2026,S567545,0,0,0,0,0,0,0,0,0,0,1,0,0,0,0,20260509-0,.1,.1,.1,0,0,20260509-0
09-MAY-2026,S572436,0,0,0,0,0,0,0,0,0,0,1,0,0,0,0,20260509-0,.12,.12,.12,0,0,20260509-0
09-MAY-2026,T00043153,1107488.89,0,1107488.89,90481.5,0,0,0,0,0,0,1,0,0,905957.17,74409.5,20260509-0,0,0,0,980366.67,980366.67,20260509-0
09-MAY-2026,T00043480,0,0,0,0,0,0,0,0,0,0,1,0,0,0,0,20260509-0,.28,.28,.28,0,0,20260509-0
09-MAY-2026,T00043821,0,0,0,0,0,0,0,0,0,0,1,0,0,0,0,20260509-0,.11,.11,.11,0,0,20260509-0
09-MAY-2026,U00041133,0,0,0,0,0,0,0,0,0,0,1,0,0,0,0,20260509-0,303.44,303.44,303.44,0,0,20260509-0
09-MAY-2026,U442505,0,0,0,0,0,0,0,0,0,0,1,0,0,0,0,20260509-0,.21,.21,.21,0,0,20260509-0
09-MAY-2026,V00043203,0,0,0,0,0,0,0,0,0,0,1,0,0,0,0,20260509-0,220979.01,220979.01,220979.01,0,0,20260509-0
09-MAY-2026,V000783,0,0,0,0,0,0,0,0,0,0,1,0,0,0,0,20260509-0,472.76,472.76,472.76,0,0,20260509-0
09-MAY-2026,V00078571,0,0,0,0,0,0,0,0,0,0,1,0,0,0,0,20260509-0,30.21,30.21,30.21,0,0,20260509-0
09-MAY-2026,V00079512,0,0,0,0,0,0,0,0,0,0,1,0,0,0,0,20260509-0,466.53,466.53,466.53,0,0,20260509-0
09-MAY-2026,V293879,0,0,0,0,0,0,0,0,0,0,1,0,0,0,0,20260509-0,.22,.22,.22,0,0,20260509-0
09-MAY-2026,V366193,0,0,0,0,0,0,0,0,0,0,1,0,0,0,0,20260509-0,.29,.29,.29,0,0,20260509-0
09-MAY-2026,K074503,0,0,0,0,0,0,0,0,0,0,1,0,0,0,0,20260509-0,21159.35,21159.35,21159.35,0,0,20260509-0
09-MAY-2026,K180302,0,0,0,0,0,0,0,0,0,0,1,0,0,0,0,20260509-0,.04,.04,.04,0,0,20260509-0
09-MAY-2026,K455682,0,0,0,0,0,0,0,0,0,0,1,0,0,0,0,20260509-0,.16,.16,.16,0,0,20260509-0
09-MAY-2026,L00042610,0,0,0,0,0,0,0,0,0,0,1,0,0,0,0,20260509-0,506.53,506.53,506.53,0,0,20260509-0
09-MAY-2026,M00058924,0,0,0,0,0,0,0,0,0,0,1,0,0,0,0,20260509-0,2947.15,2947.15,2947.15,0,0,20260509-0
09-MAY-2026,M00081608,0,0,0,0,0,0,0,0,0,0,1,0,0,0,0,20260509-0,.1,.1,.1,0,0,20260509-0
09-MAY-2026,M00090019,0,0,0,0,0,0,0,0,0,0,1,0,0,0,0,20260509-0,11673.6,11673.6,11673.6,0,0,20260509-0
09-MAY-2026,M00095619,0,0,0,0,0,0,0,0,0,0,1,0,0,0,0,20260509-0,1451.35,1451.35,1451.35,0,0,20260509-0
09-MAY-2026,M00102100,0,0,0,0,0,0,0,0,0,0,1,0,0,0,0,20260509-0,102.49,102.49,102.49,0,0,20260509-0
09-MAY-2026,M00102888,0,0,0,0,0,0,0,0,0,0,1,0,0,0,0,20260509-0,60,60,60,0,0,20260509-0
09-MAY-2026,M00102901,0,0,0,0,0,0,0,0,0,0,1,0,0,0,0,20260509-0,3122.82,3122.82,3122.82,0,0,20260509-0
09-MAY-2026,M00103156,0,0,0,0,0,0,0,0,0,0,1,0,0,0,0,20260509-0,.04,.04,.04,0,0,20260509-0
09-MAY-2026,M133414,0,0,0,0,0,0,0,0,0,0,1,0,0,0,0,20260509-0,.27,.27,.27,0,0,20260509-0
09-MAY-2026,M145611,0,0,0,0,0,0,0,0,0,0,1,0,0,0,0,20260509-0,.27,.27,.27,0,0,20260509-0
09-MAY-2026,M176621,0,0,0,0,0,0,0,0,0,0,1,0,0,0,0,20260509-0,.17,.17,.17,0,0,20260509-0
09-MAY-2026,M228929,0,0,0,0,0,0,0,0,0,0,1,0,0,0,0,20260509-0,.09,.09,.09,0,0,20260509-0
09-MAY-2026,V404368,0,0,0,0,0,0,0,0,0,0,1,0,0,0,0,20260509-0,.26,.26,.26,0,0,20260509-0
09-MAY-2026,V550405,0,0,0,0,0,0,0,0,0,0,1,0,0,0,0,20260509-0,.22,.22,.22,0,0,20260509-0
09-MAY-2026,N00064892,0,0,0,0,0,0,0,0,0,0,1,0,0,0,0,20260509-0,7.45,7.45,7.45,0,0,20260509-0
09-MAY-2026,N00069592,0,0,0,0,0,0,0,0,0,0,1,0,0,0,0,20260509-0,2196.4,2196.4,2196.4,0,0,20260509-0
09-MAY-2026,N566119,0,0,0,0,0,0,0,0,0,0,1,0,0,0,0,20260509-0,.01,.01,.01,0,0,20260509-0
09-MAY-2026,N572288,0,0,0,0,0,0,0,0,0,0,1,0,0,0,0,20260509-0,.04,.04,.04,0,0,20260509-0
09-MAY-2026,NC0008,0,0,0,0,0,0,0,0,0,0,1,0,0,0,0,20260509-0,.29,.29,.29,0,0,20260509-0
09-MAY-2026,O00035238,0,0,0,0,0,0,0,0,0,0,1,0,0,0,0,20260509-0,1.73,1.73,1.73,0,0,20260509-0
09-MAY-2026,P00072628,0,0,0,0,0,0,0,0,0,0,1,0,0,0,0,20260509-0,.27,.27,.27,0,0,20260509-0
09-MAY-2026,P00080557,0,0,0,0,0,0,0,0,0,0,1,0,0,0,0,20260509-0,.05,.05,.05,0,0,20260509-0
09-MAY-2026,P00081838,0,0,0,0,0,0,0,0,0,0,1,0,0,0,0,20260509-0,524.85,524.85,524.85,0,0,20260509-0
09-MAY-2026,P00085537,0,0,0,0,0,0,0,0,0,0,1,0,0,0,0,20260509-0,82.25,82.25,82.25,0,0,20260509-0
09-MAY-2026,P00085819,0,0,0,0,0,0,0,0,0,0,1,0,0,0,0,20260509-0,657.7,657.7,657.7,0,0,20260509-0
09-MAY-2026,P00086380,0,0,0,0,0,0,0,0,0,0,1,0,0,0,0,20260509-0,75.28,75.28,75.28,0,0,20260509-0
09-MAY-2026,P006045,0,0,0,0,0,0,0,0,0,0,1,0,0,0,0,20260509-0,1388.01,1388.01,1388.01,0,0,20260509-0
09-MAY-2026,P061247,0,0,0,0,0,0,0,0,0,0,1,0,0,0,0,20260509-0,.25,.25,.25,0,0,20260509-0
09-MAY-2026,R00031418,0,0,0,0,0,0,0,0,0,0,1,0,0,0,0,20260509-0,.07,.07,.07,0,0,20260509-0
09-MAY-2026,R00071503,0,0,0,0,0,0,0,0,0,0,1,0,0,0,0,20260509-0,101.35,101.35,101.35,0,0,20260509-0
09-MAY-2026,R00105691,0,0,0,0,0,0,0,0,0,0,1,0,0,0,0,20260509-0,20.64,20.64,20.64,0,0,20260509-0
09-MAY-2026,R00111659,0,0,0,0,0,0,0,0,0,0,1,0,0,0,0,20260509-0,370.63,370.63,370.63,0,0,20260509-0
09-MAY-2026,R008598,0,0,0,0,0,0,0,0,0,0,1,0,0,0,0,20260509-0,.13,.13,.13,0,0,20260509-0
