09-MAY-2026,00331,6944498.24,0.00,6944498.24,577658.00
09-MAY-2026,00547,238926.00,0.00,238926.00,19910.50
09-MAY-2026,00067,145657436.16,0.00,145657436.16,17526673.96
09-MAY-2026,00171,116248247.23,0.00,116248247.23,14998170.60
09-MAY-2026,00357,147744.00,0.00,147744.00,48048.00
09-MAY-2026,01075,422361.99,0.00,422361.99,46727.50
09-MAY-2026,01236,135663208.11,0.00,135663208.11,15712895.00
09-MAY-2026,01241,44896635.31,0.00,44896635.31,3907013.33
09-MAY-2026,01257,52576.00,0.00,52576.00,10672.00
09-MAY-2026,00536,64543654.13,0.00,64543654.13,5879013.56
09-MAY-2026,01271,32330409.85,125.00,32330534.85,2820239.00
09-MAY-2026,00094,12520831.69,0.00,12520831.69,1126437.50
09-MAY-2026,00130,283812.00,0.00,283812.00,23651.00
09-MAY-2026,01267,277341145.07,-404450.00,276936695.07,34767311.53
09-MAY-2026,01272,7223689.11,0.00,7223689.11,676777.50
09-MAY-2026,00051,0.00,0.00,0.00,34700.00
09-MAY-2026,00142,10694741.68,175.00,10694916.68,934645.77
09-MAY-2026,00335,21745686.36,0.00,21745686.36,2316866.27
09-MAY-2026,00481,23350739.00,0.00,23350739.00,2881784.64
09-MAY-2026,00622,1744848.00,0.00,1744848.00,145404.00
09-MAY-2026,00732,899061.46,0.00,899061.46,86517.00
09-MAY-2026,01287,81378165.34,0.00,81378165.34,8071787.57
09-MAY-2026,01313,8041734.00,0.00,8041734.00,929836.50
09-MAY-2026,NCDXTIM01,12585450.07,0.00,12585450.07,1237740.00
09-MAY-2026,01007,40085995.02,0.00,40085995.02,3593558.43
09-MAY-2026,01283,147976915.45,0.00,147976915.45,20593304.84
