09-MAY-2026,18R505,748831.99,0.00,748831.99,61843.00,C
09-MAY-2026,3550,77434.00,0.00,77434.00,6173.00,C
09-MAY-2026,43061,13964227.72,0.00,13964227.72,1202653.00,C
09-MAY-2026,43367,300480.00,0.00,300480.00,25040.00,C
09-MAY-2026,BKNS6274,901440.00,0.00,901440.00,86220.00,C
09-MAY-2026,BKNS8547,472290.00,0.00,472290.00,41257.50,C
09-MAY-2026,BTDE6049,1010688.00,0.00,1010688.00,86633.26,C
09-MAY-2026,BTDE8439,33588.00,0.00,33588.00,2799.00,C
09-MAY-2026,BTDE9831,880722.00,0.00,880722.00,78687.00,C
09-MAY-2026,BTDE9895,873288.00,0.00,873288.00,72774.00,C
09-MAY-2026,BWS9382,72522.00,0.00,72522.00,6043.50,C
09-MAY-2026,DTHS20464,1006641.94,0.00,1006641.94,91649.00,C
09-MAY-2026,DTHS51359,415440.00,0.00,415440.00,34620.00,C
09-MAY-2026,DTNI4927,34350.00,0.00,34350.00,2862.50,C
09-MAY-2026,DTNI52843,1126800.00,0.00,1126800.00,124500.00,C
09-MAY-2026,DTNI94550,830880.00,0.00,830880.00,69240.00,C
09-MAY-2026,DTS09797,335880.00,0.00,335880.00,27990.00,C
09-MAY-2026,DTSM02990,26288.00,0.00,26288.00,3286.00,C
09-MAY-2026,GAM056,274800.00,0.00,274800.00,22900.00,C
09-MAY-2026,GAM099,535914.00,0.00,535914.00,97363.50,C
09-MAY-2026,GAPE4928,269880.00,0.00,269880.00,24590.00,C
09-MAY-2026,GBS2391,394320.00,0.00,394320.00,49290.00,C
09-MAY-2026,GO27861,82008.00,0.00,82008.00,6834.00,C
09-MAY-2026,GO52716,929207.94,0.00,929207.94,74076.00,C
09-MAY-2026,GRJ5471,602455.72,0.00,602455.72,60553.00,C
09-MAY-2026,GW5318,33588.00,0.00,33588.00,2799.00,C
09-MAY-2026,HOE33001,175130.12,0.00,175130.12,14209.00,C
09-MAY-2026,HOS1650,1352160.00,0.00,1352160.00,232780.00,C
09-MAY-2026,HSRE5339,299687.15,0.00,299687.15,81539.00,C
09-MAY-2026,INHDP628,100086.00,0.00,100086.00,8340.50,C
09-MAY-2026,JD1127,67470.00,0.00,67470.00,5622.50,C
09-MAY-2026,JDQ029,367434.00,0.00,367434.00,30619.50,C
09-MAY-2026,JDQ030,1416870.00,0.00,1416870.00,127322.50,C
09-MAY-2026,JLDS5898,0.00,0.00,0.00,800.00,C
09-MAY-2026,K1819,232301.99,0.00,232301.99,18519.00,C
09-MAY-2026,K2440,301020.00,0.00,301020.00,25085.00,C
09-MAY-2026,K2721,913968.00,0.00,913968.00,76164.00,C
09-MAY-2026,K2753,1003494.00,0.00,1003494.00,83624.50,C
09-MAY-2026,K5203,1980436.13,0.00,1980436.13,164931.00,C
09-MAY-2026,KBS287,33588.00,0.00,33588.00,2799.00,C
09-MAY-2026,KHK596,152026.00,0.00,152026.00,12389.00,C
09-MAY-2026,KJP03,663240.00,0.00,663240.00,55270.00,C
09-MAY-2026,KK298,302292.00,0.00,302292.00,27791.00,C
09-MAY-2026,KMJ29,232301.99,0.00,232301.99,18519.00,C
09-MAY-2026,KMJ396,77434.00,0.00,77434.00,6173.00,C
09-MAY-2026,KMJ57,0.00,0.00,0.00,18900.00,C
09-MAY-2026,KMJ756,134940.00,0.00,134940.00,11245.00,C
09-MAY-2026,KMJ757,687649.98,0.00,687649.98,55905.00,C
09-MAY-2026,KN646,72522.00,0.00,72522.00,6043.50,C
09-MAY-2026,KRH466,77434.00,0.00,77434.00,6173.00,C
09-MAY-2026,KSB3019,150240.00,0.00,150240.00,16920.00,C
09-MAY-2026,KSB6031,1352160.00,0.00,1352160.00,149189.09,C
09-MAY-2026,KSB9705,976560.00,0.00,976560.00,101280.00,C
09-MAY-2026,KTE0235,1568409.54,0.00,1568409.54,128773.00,C
09-MAY-2026,KTE0598,172704.00,0.00,172704.00,31726.00,C
09-MAY-2026,KTE0802,981187.99,0.00,981187.99,81206.00,C
09-MAY-2026,KTE2285,232301.99,0.00,232301.99,18519.00,C
09-MAY-2026,KTE2290,290808.00,0.00,290808.00,24234.00,C
09-MAY-2026,KTE2611,227674.00,0.00,227674.00,18693.00,C
09-MAY-2026,KTE3433,77434.00,0.00,77434.00,6173.00,C
09-MAY-2026,KTE5390,762769.98,0.00,762769.98,83665.00,C
09-MAY-2026,KTE8698,227674.00,0.00,227674.00,18693.00,C
09-MAY-2026,KTE8889,774005.96,0.00,774005.96,61982.00,C
09-MAY-2026,KTE9491,1051680.00,0.00,1051680.00,87640.00,C
09-MAY-2026,KTE9802,217416.00,0.00,217416.00,18118.00,C
09-MAY-2026,NG10191,983688.00,0.00,983688.00,141222.00,C
09-MAY-2026,NG10239,41004.00,0.00,41004.00,3417.00,C
09-MAY-2026,NGAE3357,319410.00,0.00,319410.00,26617.50,C
09-MAY-2026,NGE8549,248184.00,0.00,248184.00,20682.00,C
09-MAY-2026,NGE9165,160522.00,0.00,160522.00,13097.00,C
09-MAY-2026,NKS125,66498.00,0.00,66498.00,5541.50,C
09-MAY-2026,NSE1726,170226.00,0.00,170226.00,16285.50,C
09-MAY-2026,PTR143,944286.00,0.00,944286.00,78690.50,C
09-MAY-2026,PTR183,742170.00,0.00,742170.00,61847.50,C
09-MAY-2026,PTR1834,404820.00,0.00,404820.00,33735.00,C
09-MAY-2026,PTR1835,742170.00,0.00,742170.00,61847.50,C
09-MAY-2026,PTR1836,674700.00,0.00,674700.00,56225.00,C
09-MAY-2026,PUSS5289,77434.00,0.00,77434.00,6173.00,C
09-MAY-2026,RT1046,574598.59,0.00,574598.59,46825.00,C
09-MAY-2026,RT1455,249264.00,0.00,249264.00,41872.00,C
09-MAY-2026,RT2238,67176.00,0.00,67176.00,5598.00,C
09-MAY-2026,RT2302,118338.00,0.00,118338.00,12021.50,C
09-MAY-2026,RTE6435,139092.00,0.00,139092.00,11591.00,C
09-MAY-2026,RTE8918,283301.71,0.00,283301.71,23117.00,C
09-MAY-2026,RTE9677,1585152.89,0.00,1585152.89,129768.00,C
09-MAY-2026,RTS0515,33588.00,0.00,33588.00,2799.00,C
09-MAY-2026,RTV1001,328032.00,0.00,328032.00,27336.00,C
09-MAY-2026,RTV1014,1412887.72,0.00,1412887.72,117529.00,C
09-MAY-2026,YNS0901,1366043.97,0.00,1366043.97,112158.00,C
09-MAY-2026,YNS7583,99895.72,0.00,99895.72,8113.00,C
