09-MAY-2026,7260,32823963.81,0,32823963.81,2975949,0,0,0,0,0,0,1,0,0,32823963.81,2975949,20260509-0,45721398.17,45721398.17,45721398.17,35799912.81,0,20260509-0
09-MAY-2026,3565,0,0,0,0,0,0,0,0,0,0,1,0,0,0,0,20260509-0,344050.5,344050.5,344050.5,0,0,20260509-0
09-MAY-2026,4760,463716,0,463716,38643,0,0,0,0,0,0,1,0,0,463716,38643,20260509-0,547221.04,547221.04,547221.04,502359,0,20260509-0
09-MAY-2026,7161,395424,0,395424,68822,0,0,0,0,0,0,1,0,0,395424,68822,20260509-0,751690.36,751690.36,751690.36,464246,0,20260509-0
09-MAY-2026,4247,0,0,0,0,0,0,0,0,0,0,1,0,0,0,0,20260509-0,52454.76,52454.76,52454.76,0,0,20260509-0
09-MAY-2026,3312,150240,0,150240,12520,0,0,0,0,0,0,1,0,0,150240,12520,20260509-0,245653.38,245653.38,245653.38,162760,0,20260509-0
09-MAY-2026,3482,3678524.5,0,3678524.5,472829.5,0,0,0,0,0,0,1,0,0,3678524.5,472829.5,20260509-0,28364131.75,28364131.75,28365786.9,4151354,0,20260509-0
09-MAY-2026,4766,34350,0,34350,2862.5,0,0,0,0,0,0,1,0,0,34350,2862.5,20260509-0,97538.22,97538.22,97538.22,37212.5,0,20260509-0
09-MAY-2026,31001,5548736.92,0,5548736.92,455751,0,0,0,0,0,0,1,0,0,5548736.92,455751,20260509-0,9191803.6,9191803.6,9191803.6,6004487.92,0,20260509-0
09-MAY-2026,4591,731096,0,731096,65306,0,0,0,0,0,0,1,0,0,731096,65306,20260509-0,1098277.04,1098277.04,1098277.04,796402,0,20260509-0
09-MAY-2026,4739,1870416,0,1870416,155868,0,0,0,0,0,0,1,0,0,1870416,155868,20260509-0,2981952.79,2981952.79,2982270.85,2026284,0,20260509-0
09-MAY-2026,4741,2454228,0,2454228,264999,0,0,0,0,0,0,1,0,0,2454228,264999,20260509-0,5589165.79,5589165.79,5589165.79,2719227,0,20260509-0
09-MAY-2026,5201,3785573.13,0,3785573.13,321090,0,0,0,0,0,0,1,0,0,3785573.13,321090,20260509-0,9233865.41,9233865.41,9233865.41,4106663.13,0,20260509-0
09-MAY-2026,26834,0,0,0,0,0,0,0,0,0,0,1,0,0,0,0,20260509-0,195310.03,195310.03,195310.03,0,0,20260509-0
09-MAY-2026,3068,4479174,0,4479174,406124.5,0,0,0,0,0,0,1,0,0,4479174,406124.5,20260509-0,6204315.45,6204315.45,6204315.45,4885298.5,0,20260509-0
09-MAY-2026,4773,0,0,0,0,0,0,0,0,0,0,1,0,0,0,0,20260509-0,199345.37,199345.37,199345.37,0,0,20260509-0
09-MAY-2026,3028,302297.58,0,302297.58,24108,0,0,0,0,0,0,1,0,0,302297.58,24108,20260509-0,1051924.14,1051924.14,1051924.14,326405.58,0,20260509-0
09-MAY-2026,32360,72522,0,72522,6043.5,0,0,0,0,0,0,1,0,0,72522,6043.5,20260509-0,196582.49,196582.49,196582.49,78565.5,0,20260509-0
09-MAY-2026,3241,34350,0,34350,2862.5,0,0,0,0,0,0,1,0,0,34350,2862.5,20260509-0,59705.67,59705.67,59705.67,37212.5,0,20260509-0
09-MAY-2026,4232,3652121.13,0,3652121.13,413951,0,0,0,0,0,0,1,0,0,3652121.13,413951,20260509-0,7037060.76,7037060.76,7037060.76,4066072.13,0,20260509-0
09-MAY-2026,7693,1230120,0,1230120,102510,0,0,0,0,0,0,1,0,0,1230120,102510,20260509-0,1504386.44,1504386.44,1504386.44,1332630,0,20260509-0
09-MAY-2026,7627,8517536,0,8517536,993070,0,0,0,0,0,0,1,0,0,8517536,993070,20260509-0,10195553.74,16245256.87,16245886.24,9510606,0,20260509-0
09-MAY-2026,3505,14813907.4,0,14813907.4,1176721,0,0,0,0,0,0,1,0,0,14813907.4,1176721,20260509-0,19874420.68,19874420.68,19874420.68,15990628.4,0,20260509-0
09-MAY-2026,7694,1645560,0,1645560,137130,0,0,0,0,0,0,1,0,0,1645560,137130,20260509-0,5958923.91,5958923.91,5958923.91,1782690,0,20260509-0
09-MAY-2026,3126,0,0,0,0,0,0,0,0,0,0,1,0,0,0,0,20260509-0,295589.71,295589.71,295589.71,0,0,20260509-0
09-MAY-2026,3161,70986,0,70986,22646,0,0,0,0,0,0,1,0,0,70986,22646,20260509-0,200000,256012.72,256012.72,93632,0,20260509-0
09-MAY-2026,4302,813884,0,813884,85211,0,0,0,0,0,0,1,0,0,813884,85211,20260509-0,1695159.27,1695159.27,1695159.27,899095,0,20260509-0
09-MAY-2026,01275,0,0,0,0,0,0,0,0,0,0,2,0,0,0,0,20260509-0,6746981.9,11746981.9,11746981.9,0,0,20260509-0
09-MAY-2026,2013,150240,0,150240,12520,0,0,0,0,0,0,1,0,0,150240,12520,20260509-0,196015.09,196015.09,196015.09,162760,0,20260509-0
09-MAY-2026,4238,12086988.07,0,12086988.07,1390238.5,0,0,0,0,0,0,1,0,0,12086988.07,1390238.5,20260509-0,15046168.61,15046168.61,15046168.61,13477226.57,0,20260509-0
09-MAY-2026,4770,302297.58,0,302297.58,24108,0,0,0,0,0,0,1,0,0,302297.58,24108,20260509-0,982114.92,982114.92,982114.92,326405.58,0,20260509-0
09-MAY-2026,7225,0,0,0,0,0,0,0,0,0,0,1,0,0,0,0,20260509-0,481362.2,481362.2,481362.2,0,0,20260509-0
