09-MAY-2026,01271,1819818,0,1819818,151651.5,0,0,0,0,0,0,2,0,0
09-MAY-2026,AJD011,9781707.93,0,9781707.93,866301.5,0,0,0,0,0,0,1,0,0
09-MAY-2026,AN259,0,0,0,0,0,0,0,0,0,0,1,0,0
09-MAY-2026,HD353,0,0,0,0,0,0,0,0,0,0,1,0,0
09-MAY-2026,HH792,0,0,0,0,0,0,0,0,0,0,1,0,0
09-MAY-2026,KKP01,717892,0,717892,59544.5,0,0,0,0,0,0,1,0,0
09-MAY-2026,M127,0,0,0,0,0,0,0,0,0,0,1,0,0
09-MAY-2026,M1828,0,0,0,0,0,0,0,0,0,0,1,0,0
09-MAY-2026,M1931,539760,0,539760,44980,0,0,0,0,0,0,1,0,0
09-MAY-2026,M2004,0,0,0,0,0,0,0,0,0,0,1,0,0
09-MAY-2026,M2148,0,0,0,0,0,0,0,0,0,0,1,0,0
09-MAY-2026,M2184,1210572,0,1210572,100881,0,0,0,0,0,0,1,0,0
09-MAY-2026,MS388,0,0,0,0,0,0,0,0,0,0,1,0,0
09-MAY-2026,MSJL01,0,0,0,0,0,0,0,0,0,0,1,0,0
09-MAY-2026,MY0069,0,0,0,0,0,0,0,0,0,0,1,0,0
09-MAY-2026,MY0221,0,0,0,0,0,0,0,0,0,0,1,0,0
09-MAY-2026,MY0251,0,0,0,0,0,0,0,0,0,0,1,0,0
09-MAY-2026,OPG05,0,0,0,0,0,0,0,0,0,0,1,0,0
09-MAY-2026,SGP01,2024100,125,2024225,168675,0,0,0,0,0,0,1,0,0
09-MAY-2026,SLJ105,496000.13,0,496000.13,46628,0,0,0,0,0,0,1,0,0
09-MAY-2026,SLJ112,0,0,0,0,0,0,0,0,0,0,1,0,0
09-MAY-2026,SVR01,12511471.94,0,12511471.94,1060891.5,0,0,0,0,0,0,1,0,0
09-MAY-2026,VKJ09,3229087.85,0,3229087.85,260136,0,0,0,0,0,0,1,0,0
