09-MAY-2026,A022,71622.00,0.00,71622.00,5968.50,C
09-MAY-2026,ALP12683,334524.00,0.00,334524.00,34477.00,C
09-MAY-2026,BPA1446,66498.00,0.00,66498.00,5541.50,C
09-MAY-2026,CHD677,236592.00,0.00,236592.00,39774.00,C
09-MAY-2026,CHD678,446896.00,0.00,446896.00,91162.00,C
09-MAY-2026,EA5E291,1242540.00,0.00,1242540.00,103545.00,C
09-MAY-2026,EAPS7000,4318080.00,0.00,4318080.00,359840.00,C
09-MAY-2026,EKPW106,132996.00,0.00,132996.00,17308.00,C
09-MAY-2026,EMA279,403056.00,0.00,403056.00,33588.00,C
09-MAY-2026,EZ12203,459975.98,0.00,459975.98,37212.00,C
09-MAY-2026,EZ12269,767397.97,0.00,767397.97,61991.00,C
09-MAY-2026,EZ12400,309735.98,0.00,309735.98,24692.00,C
09-MAY-2026,EZ12997,229987.99,0.00,229987.99,18606.00,C
09-MAY-2026,GCAT1055,2081297.97,0.00,2081297.97,191779.00,C
09-MAY-2026,GCAT1185,528178.00,0.00,528178.00,48055.00,C
09-MAY-2026,GCAT1419,9473101.91,0.00,9473101.91,848699.00,C
09-MAY-2026,GCAT2213,297760.50,0.00,297760.50,47164.00,C
09-MAY-2026,GCAT2431,21375851.15,0.00,21375851.15,2004134.90,C
09-MAY-2026,GCAT2443,3103620.00,0.00,3103620.00,258635.00,C
09-MAY-2026,GCAT2516,2203816.50,0.00,2203816.50,561061.50,C
09-MAY-2026,GCAT2542,16086298.68,0.00,16086298.68,1405524.00,C
09-MAY-2026,GCAT3142,272826.25,0.00,272826.25,80575.00,C
09-MAY-2026,HOGC401,179664.00,0.00,179664.00,14972.00,C
09-MAY-2026,HOGC509,113166.00,0.00,113166.00,9430.50,C
09-MAY-2026,JLD176,67176.00,0.00,67176.00,5598.00,C
09-MAY-2026,M32,1196964.00,0.00,1196964.00,99747.00,C
09-MAY-2026,NCL999,6429619.15,0.00,6429619.15,785267.00,C
09-MAY-2026,SRNC106,2453401.13,0.00,2453401.13,201285.00,C
09-MAY-2026,VSCG100,472290.00,0.00,472290.00,39357.50,C
09-MAY-2026,VSV3150,67470.00,0.00,67470.00,5622.50,C
09-MAY-2026,WM292,866376.00,0.00,866376.00,72198.00,C
09-MAY-2026,Z0D145,41004.00,0.00,41004.00,3417.00,C
09-MAY-2026,Z21P100,466458.00,0.00,466458.00,42821.50,C
09-MAY-2026,Z22782,442731.98,0.00,442731.98,35775.00,C
09-MAY-2026,Z23H126,2172612.07,0.00,2172612.07,232801.00,C
09-MAY-2026,Z23H151,704926.13,0.00,704926.13,86538.50,C
09-MAY-2026,Z23Z117,649092.00,0.00,649092.00,86091.00,C
09-MAY-2026,Z23Z118,251434.00,0.00,251434.00,20673.00,C
09-MAY-2026,Z24215,145044.00,0.00,145044.00,12087.00,C
09-MAY-2026,Z25538,132996.00,0.00,132996.00,11083.00,C
09-MAY-2026,ZA1439,83088.00,0.00,83088.00,26990.67,C
09-MAY-2026,ZR2093,0.00,0.00,0.00,700.00,C
