09-MAY-2026,PRO_01297,1081476.00,0.00,1081476.00,90123.00,P
09-MAY-2026,BCG50,71450.00,0.00,71450.00,5725.00,C
09-MAY-2026,BDP349,2130084.00,0.00,2130084.00,252621.00,C
09-MAY-2026,DSS23,809615.15,0.00,809615.15,66833.00,C
09-MAY-2026,G659,71622.00,0.00,71622.00,14158.50,C
09-MAY-2026,GAF874,34350.00,0.00,34350.00,2862.50,C
09-MAY-2026,MLW322,71622.00,0.00,71622.00,5968.50,C
09-MAY-2026,RAV370,72522.00,0.00,72522.00,6043.50,C
09-MAY-2026,RAV400,2296404.00,0.00,2296404.00,191367.00,C
09-MAY-2026,RBR145,149956.00,0.00,149956.00,12216.50,C
09-MAY-2026,RBR161,309735.98,0.00,309735.98,24692.00,C
09-MAY-2026,RBR213,289188.00,0.00,289188.00,24099.00,C
09-MAY-2026,RBR264,72522.00,0.00,72522.00,6043.50,C
09-MAY-2026,RBR404,72522.00,0.00,72522.00,6043.50,C
09-MAY-2026,RBR81,430632.00,0.00,430632.00,35886.00,C
09-MAY-2026,RBR85,34350.00,0.00,34350.00,2862.50,C
09-MAY-2026,RBR90,573876.00,0.00,573876.00,47823.00,C
09-MAY-2026,RDP894,718900.00,0.00,718900.00,77357.00,C
09-MAY-2026,RMS552,1105020.00,0.00,1105020.00,108285.00,C
09-MAY-2026,SNM502,343500.00,0.00,343500.00,28625.00,C
09-MAY-2026,SULG07,412200.00,0.00,412200.00,69350.00,C
09-MAY-2026,SULG10,1850667.90,0.00,1850667.90,161939.00,C
09-MAY-2026,YNR153,268704.00,0.00,268704.00,22392.00,C
09-MAY-2026,YNR87,7746457.66,0.00,7746457.66,625670.00,C
09-MAY-2026,Z3KT91,68580.00,0.00,68580.00,17145.00,C
