09-MAY-2026,108HN,375600.00,0.00,375600.00,111800.00,C
09-MAY-2026,2OGR2,5986584.00,0.00,5986584.00,498882.00,C
09-MAY-2026,46MT8,199791.43,0.00,199791.43,16226.00,C
09-MAY-2026,5VCW9,2705920.00,0.00,2705920.00,269000.00,C
09-MAY-2026,984W2,28110564.00,0.00,28110564.00,2342547.00,C
09-MAY-2026,98C25,26837802.00,0.00,26837802.00,2236483.50,C
09-MAY-2026,A0RZI,18621720.00,0.00,18621720.00,1551810.00,C
09-MAY-2026,A16M1,63531.00,0.00,63531.00,20637.00,C
09-MAY-2026,A17HW,4424224.76,0.00,4424224.76,527972.00,C
09-MAY-2026,B091A,154867.99,0.00,154867.99,12346.00,C
09-MAY-2026,C084L,21804243.21,0.00,21804243.21,1770568.00,C
09-MAY-2026,DH5F0,229987.99,0.00,229987.99,18606.00,C
09-MAY-2026,F00VU,71622.00,0.00,71622.00,5968.50,C
09-MAY-2026,F017P,50121277.07,0.00,50121277.07,5290314.50,C
09-MAY-2026,G06EY,6368850.00,0.00,6368850.00,530737.50,C
09-MAY-2026,G0AHZ,508906.00,0.00,508906.00,42129.00,C
09-MAY-2026,G0AQ6,44539353.00,0.00,44539353.00,3753439.00,C
09-MAY-2026,G0BYV,202410.00,0.00,202410.00,16867.50,C
09-MAY-2026,H09CZ,150240.00,0.00,150240.00,12520.00,C
09-MAY-2026,HI004,33588.00,0.00,33588.00,2799.00,C
09-MAY-2026,I01O7,1434800.00,0.00,1434800.00,179350.00,C
09-MAY-2026,I02BR,7668090.00,0.00,7668090.00,1069970.00,C
09-MAY-2026,J07EG,3736160.00,0.00,3736160.00,467020.00,C
09-MAY-2026,J0BJG,2163618.00,0.00,2163618.00,186901.50,C
09-MAY-2026,K0BQO,3230160.00,0.00,3230160.00,443680.00,C
09-MAY-2026,K0K6D,791694.92,0.00,791694.92,155195.00,C
09-MAY-2026,K0M2P,725220.00,0.00,725220.00,60435.00,C
09-MAY-2026,KEO72,20538190.25,0.00,20538190.25,1909720.50,C
09-MAY-2026,KU1Y0,214866.00,0.00,214866.00,17905.50,C
09-MAY-2026,M0IIK,954684.00,0.00,954684.00,86457.00,C
09-MAY-2026,M0REY,268704.00,0.00,268704.00,22392.00,C
09-MAY-2026,M0RJJ,434782.11,0.00,434782.11,39653.00,C
09-MAY-2026,M11AJ,851154.00,0.00,851154.00,96579.50,C
09-MAY-2026,N0JM3,187980.00,0.00,187980.00,15665.00,C
09-MAY-2026,R0MEK,5258400.00,0.00,5258400.00,680600.00,C
09-MAY-2026,R0RPY,10086480.00,0.00,10086480.00,840540.00,C
09-MAY-2026,RV426,77434.00,0.00,77434.00,6173.00,C
09-MAY-2026,RV763,1058621.99,0.00,1058621.99,87379.00,C
09-MAY-2026,S146S,12863796.00,0.00,12863796.00,1280609.00,C
09-MAY-2026,S1678,380227.99,0.00,380227.99,31126.00,C
09-MAY-2026,S1KGP,6631555.65,0.00,6631555.65,531922.00,C
09-MAY-2026,S1NSP,4193208.00,0.00,4193208.00,349434.00,C
09-MAY-2026,S1R8I,335880.00,0.00,335880.00,27990.00,C
09-MAY-2026,S1SU5,851773.95,0.00,851773.95,67903.00,C
09-MAY-2026,S1TN8,4099130.00,0.00,4099130.00,434697.50,C
09-MAY-2026,S1V9J,1511655.98,0.00,1511655.98,124852.00,C
09-MAY-2026,T064R,3324900.00,0.00,3324900.00,277075.00,C
09-MAY-2026,V0AW9,1298644.32,0.00,1298644.32,251196.27,C
09-MAY-2026,V0DQ9,41004.00,0.00,41004.00,3417.00,C
09-MAY-2026,V0IOV,5861237.12,0.00,5861237.12,482962.00,C
09-MAY-2026,V1ZA5,298111.99,0.00,298111.99,24283.00,C
09-MAY-2026,WEOAB,1183381.99,0.00,1183381.99,98055.50,C
09-MAY-2026,WF8TQ,1383757.95,0.00,1383757.95,112235.00,C
09-MAY-2026,WFKWN,1974174.00,0.00,1974174.00,216514.50,C
09-MAY-2026,X16YM,464603.97,0.00,464603.97,37038.00,C
09-MAY-2026,X17W2,41544.00,0.00,41544.00,3462.00,C
09-MAY-2026,X4FB6,34350.00,0.00,34350.00,12362.50,C
09-MAY-2026,X72MX,477081.98,0.00,477081.98,38637.50,C
09-MAY-2026,XA5K9,7081380.00,0.00,7081380.00,590115.00,C
09-MAY-2026,XB5RD,335880.00,0.00,335880.00,27990.00,C
09-MAY-2026,XE95O,34350.00,0.00,34350.00,2862.50,C
09-MAY-2026,XEWYK,452979.98,0.00,452979.98,36629.00,C
09-MAY-2026,XLZFR,572976.00,0.00,572976.00,47748.00,C
09-MAY-2026,XSXKP,1683031.91,0.00,1683031.91,134656.00,C
09-MAY-2026,XUBQP,0.00,0.00,0.00,79300.00,C
09-MAY-2026,XVDFZ,1375299.95,0.00,1375299.95,146610.00,C
09-MAY-2026,XW64C,41004.00,0.00,41004.00,3417.00,C
09-MAY-2026,XW666,41004.00,0.00,41004.00,3417.00,C
09-MAY-2026,Y5UFN,72522.00,0.00,72522.00,16543.50,C
09-MAY-2026,Y6CO3,150240.00,0.00,150240.00,12520.00,C
09-MAY-2026,Y7COQ,197591.84,0.00,197591.84,16149.00,C
09-MAY-2026,YBILW,797436.00,0.00,797436.00,66453.00,C
09-MAY-2026,YC7VM,683488.00,0.00,683488.00,85436.00,C
09-MAY-2026,YG7OE,150240.00,0.00,150240.00,12520.00,C
09-MAY-2026,YI2VU,4099130.00,0.00,4099130.00,434697.50,C
09-MAY-2026,YJ0OL,77434.00,0.00,77434.00,6173.00,C
09-MAY-2026,YJ70X,497279.00,0.00,497279.00,40488.00,C
09-MAY-2026,YLWNK,33587.99,0.00,33587.99,2799.00,C
09-MAY-2026,YTVIW,214866.00,0.00,214866.00,17905.50,C
09-MAY-2026,YVA7T,368604.00,0.00,368604.00,30717.00,C
09-MAY-2026,YVYRC,2224432.00,0.00,2224432.00,289948.00,C
09-MAY-2026,YXK0H,1843518.00,0.00,1843518.00,153626.50,C
09-MAY-2026,Z2CE9,222762.00,0.00,222762.00,18563.50,C
09-MAY-2026,ZD588,3869911.92,0.00,3869911.92,336535.50,C
09-MAY-2026,ZDJ2D,6993880.84,0.00,6993880.84,637798.00,C
09-MAY-2026,ZIEXH,497673.43,0.00,497673.43,41049.50,C
09-MAY-2026,ZM9GR,74592.00,0.00,74592.00,6216.00,C
09-MAY-2026,ZQKF5,664980.00,0.00,664980.00,55415.00,C
09-MAY-2026,ZU124,6170663.41,0.00,6170663.41,585068.00,C
09-MAY-2026,ZUCPJ,362610.00,0.00,362610.00,60217.50,C
