09-MAY-2026,01274,0,0,0,0,0,0,0,0,0,0,2,0,0,0,0,20260509-0,13366442.48,18366442.48,18366442.48,0,0,20260509-0
09-MAY-2026,11561B010,412200,0,412200,34350,0,0,0,0,0,0,1,0,0,412200,34350,20260509-0,1095753.81,1095753.81,1095753.81,446550,0,20260509-0
09-MAY-2026,11561M014,0,0,0,0,0,0,0,0,0,0,1,0,0,0,0,20260509-0,185836.53,185836.53,185836.53,0,0,20260509-0
09-MAY-2026,11561P010,1051520,0,1051520,131440,0,0,0,0,0,0,1,0,0,1051520,131440,20260509-0,1381256.06,1381256.06,1381256.06,1182960,0,20260509-0
09-MAY-2026,11561R010,9010312.17,0,9010312.17,742341.5,0,0,0,0,0,0,1,0,0,9010312.17,742341.5,20260509-0,14770647.79,14770647.79,14770647.79,9752653.67,0,20260509-0
09-MAY-2026,227000018,68700,0,68700,5725,0,0,0,0,0,0,1,0,0,68700,5725,20260509-0,91273.88,91273.88,91273.88,74425,0,20260509-0
09-MAY-2026,227000085,583934.57,0,583934.57,48188,0,0,0,0,0,0,1,0,0,583934.57,48188,20260509-0,816541.57,816541.57,816541.57,632122.57,0,20260509-0
09-MAY-2026,227000111,171734.57,0,171734.57,13838,0,0,0,0,0,0,1,0,0,171734.57,13838,20260509-0,450093.39,450093.39,450093.39,185572.57,0,20260509-0
09-MAY-2026,227000613,240434.57,0,240434.57,19563,0,0,0,0,0,0,1,0,0,240434.57,19563,20260509-0,553956.04,553956.04,553956.04,259997.57,0,20260509-0
09-MAY-2026,227000632,5402443.85,0,5402443.85,483780,0,0,0,0,0,0,1,0,0,5402443.85,483780,20260509-0,7422614.68,7422614.68,7422614.68,5886223.85,0,20260509-0
09-MAY-2026,227000679,240434.57,0,240434.57,19563,0,0,0,0,0,0,1,0,0,240434.57,19563,20260509-0,493144.31,493144.31,493144.31,259997.57,0,20260509-0
09-MAY-2026,227000686,0,0,0,0,0,0,0,0,0,0,1,0,0,0,0,20260509-0,52626.98,52626.98,52626.98,0,0,20260509-0
09-MAY-2026,227000699,240434.57,0,240434.57,19563,0,0,0,0,0,0,1,0,0,240434.57,19563,20260509-0,542322.87,542322.87,542322.87,259997.57,0,20260509-0
09-MAY-2026,227000705,129600,0,129600,16200,0,0,0,0,0,0,1,0,0,129600,16200,20260509-0,215188.27,215188.27,215188.27,145800,0,20260509-0
09-MAY-2026,22700A030,4427748,0,4427748,368979,0,0,0,0,0,0,1,0,0,4427748,368979,20260509-0,7262520.9,10170391.86,10170391.86,4796727,0,20260509-0
09-MAY-2026,22700B029,0,0,0,0,0,0,0,0,0,0,1,0,0,82008,6834,20260509-0,116323.57,116323.57,116323.57,0,0,20260509-0
09-MAY-2026,22700G020,1597341.36,0,1597341.36,123460,0,0,0,0,0,0,1,0,0,1597341.36,123460,20260509-0,3264929.29,3264929.29,3264929.29,1720801.36,0,20260509-0
09-MAY-2026,22700G026,123012,0,123012,10251,0,0,0,0,0,0,1,0,0,123012,10251,20260509-0,386930.95,386930.95,386930.95,133263,0,20260509-0
09-MAY-2026,22700H038,1280292.83,0,1280292.83,104325,0,0,0,0,0,0,1,0,0,1280292.83,104325,20260509-0,1835403.08,1835403.08,1835403.08,1384617.83,0,20260509-0
09-MAY-2026,22700K040,451044,0,451044,37587,0,0,0,0,0,0,1,0,0,451044,37587,20260509-0,724019.27,724019.27,724019.27,488631,0,20260509-0
09-MAY-2026,22700L005,5316876,0,5316876,443073,0,0,0,0,0,0,1,0,0,5316876,443073,20260509-0,8600884.71,8600884.71,8600884.71,5759949,0,20260509-0
09-MAY-2026,22700N020,0,0,0,0,0,0,0,0,0,0,1,0,0,0,0,20260509-0,.26,.26,.26,0,0,20260509-0
09-MAY-2026,22700P040,0,0,0,0,0,0,0,0,0,0,1,0,0,0,0,20260509-0,298316.36,298316.36,298316.36,0,0,20260509-0
09-MAY-2026,22700R045,0,0,0,0,0,0,0,0,0,0,1,0,0,0,0,20260509-0,254887.96,254887.96,254887.96,0,0,20260509-0
09-MAY-2026,22700S082,0,0,0,0,0,0,0,0,0,0,1,0,0,0,0,20260509-0,1529466.63,1529466.63,1529466.63,0,0,20260509-0
09-MAY-2026,28510H004,668868,0,668868,55739,0,0,0,0,0,0,1,0,0,668868,55739,20260509-0,725374,725374,725374,724607,0,20260509-0
