09-MAY-2026,01255,0,0,0,0,0,0,0,0,0,0,2,0,0
09-MAY-2026,G900014,0,0,0,0,0,0,0,0,0,0,1,0,0
09-MAY-2026,N00032,2961864,0,2961864,246822,0,0,0,0,0,0,1,0,0
09-MAY-2026,N00045,44563082.96,0,44563082.96,4148018,0,0,0,0,0,0,1,0,0
09-MAY-2026,N007419,0,0,0,0,0,0,0,0,0,0,1,0,0
09-MAY-2026,N007522,61458804.04,0,61458804.04,5033914.5,0,0,0,0,0,703929.6,1,0,0
09-MAY-2026,N007749,39346540.86,0,39346540.86,3253593,0,0,0,0,0,0,1,0,0
09-MAY-2026,N007750,1681164,0,1681164,140097,0,0,0,0,0,0,1,0,0
09-MAY-2026,N008483,0,0,0,0,0,0,0,0,0,0,1,0,0
09-MAY-2026,N008619,0,0,0,0,0,0,0,0,0,0,1,0,0
09-MAY-2026,N009152,0,0,0,0,0,0,0,0,0,0,1,0,0
09-MAY-2026,N009332,0,0,0,0,0,0,0,0,0,0,1,0,0
09-MAY-2026,N009398,0,0,0,0,0,0,0,0,0,0,1,0,0
09-MAY-2026,N009920,0,0,0,0,0,0,0,0,0,0,1,0,0
09-MAY-2026,N009994,0,0,0,0,0,0,0,0,0,0,1,0,0
09-MAY-2026,N009996,0,0,0,0,0,0,0,0,0,0,1,0,0
09-MAY-2026,N010099,2344707.05,0,2344707.05,192864,0,0,0,0,0,0,1,0,0
09-MAY-2026,N010460,0,0,0,0,0,0,0,0,0,0,1,0,0
09-MAY-2026,N010568,0,0,0,0,0,0,0,0,0,0,1,0,0
09-MAY-2026,N010828,0,0,0,0,0,0,0,0,0,0,1,0,0
09-MAY-2026,N010829,0,0,0,0,0,0,0,0,0,0,1,0,0
09-MAY-2026,N011192,0,0,0,0,0,0,0,0,0,0,1,0,0
09-MAY-2026,N011313,15673893.29,0,15673893.29,1263903,0,0,0,0,0,0,1,0,0
09-MAY-2026,N011317,0,0,0,0,0,0,0,0,0,0,1,0,0
09-MAY-2026,N011328,0,0,0,0,0,0,0,0,0,0,1,0,0
09-MAY-2026,N011332,0,0,0,0,0,0,0,0,0,0,1,0,0
09-MAY-2026,N011366,0,0,0,0,0,0,0,0,0,0,1,0,0
09-MAY-2026,N011374,0,0,0,0,0,0,0,0,0,0,1,0,0
09-MAY-2026,N011405,0,0,0,0,0,0,0,0,0,0,1,0,0
09-MAY-2026,N011474,0,0,0,0,0,0,0,0,0,0,1,0,0
09-MAY-2026,N011475,0,0,0,0,0,0,0,0,0,0,1,0,0
09-MAY-2026,N011484,1167251.15,0,1167251.15,96636,0,0,0,0,0,0,1,0,0
09-MAY-2026,N012134,0,0,0,0,0,0,0,0,0,0,1,0,0
09-MAY-2026,N012151,199791.43,0,199791.43,16226,0,0,0,0,0,0,1,0,0
09-MAY-2026,N012228,0,0,0,0,0,0,0,0,0,0,1,0,0
09-MAY-2026,N012324,0,0,0,0,0,0,0,0,0,0,1,0,0
09-MAY-2026,N012404,124632,0,124632,10386,0,0,0,0,0,0,1,0,0
09-MAY-2026,N012412,2062616.62,0,2062616.62,169141,0,0,0,0,0,0,1,0,0
09-MAY-2026,N012462,0,0,0,0,0,0,0,0,0,0,1,0,0
09-MAY-2026,N012558,0,0,0,0,0,0,0,0,0,0,1,0,0
09-MAY-2026,N012570,0,0,0,0,0,0,0,0,0,0,1,0,0
09-MAY-2026,N012624,0,0,0,0,0,0,0,0,0,0,1,0,0
09-MAY-2026,N012676,0,0,0,0,0,0,0,0,0,0,1,0,0
09-MAY-2026,N012957,0,0,0,0,0,0,0,0,0,0,1,0,0
09-MAY-2026,N013312,0,0,0,0,0,0,0,0,0,0,1,0,0
09-MAY-2026,N013315,0,0,0,0,0,0,0,0,0,0,1,0,0
09-MAY-2026,N013483,0,0,0,0,0,0,0,0,0,0,1,0,0
09-MAY-2026,N013490,0,0,0,0,0,0,0,0,0,0,1,0,0
09-MAY-2026,N013540,83088,0,83088,6924,0,0,0,0,0,0,1,0,0
09-MAY-2026,N013545,0,0,0,0,0,0,0,0,0,0,1,0,0
09-MAY-2026,N013587,0,0,0,0,0,0,0,0,0,0,1,0,0
09-MAY-2026,N013687,272784282.65,0,272784282.65,23844425,0,0,2672010,0,0,15230862,1,0,0
09-MAY-2026,N01514,0,0,0,0,0,0,0,0,0,0,1,0,0
09-MAY-2026,N01616,0,0,0,0,0,0,0,0,0,0,1,0,0
09-MAY-2026,N01717,0,0,0,0,0,0,0,0,0,0,1,0,0
09-MAY-2026,N01881,0,0,0,0,0,0,0,0,0,0,1,0,0
09-MAY-2026,N02029,0,0,0,0,0,0,0,0,0,0,1,0,0
09-MAY-2026,N02734,0,0,0,0,0,0,0,0,0,0,1,0,0
09-MAY-2026,N295602,0,0,0,0,0,0,0,0,0,0,1,0,0
09-MAY-2026,N345301,41544,0,41544,3462,0,0,0,0,0,0,1,0,0
09-MAY-2026,N345409,0,0,0,0,0,0,0,0,0,0,1,0,0
09-MAY-2026,N529527,0,0,0,0,0,0,0,0,0,0,1,0,0
09-MAY-2026,N543848,0,0,0,0,0,0,0,0,0,0,1,0,0
09-MAY-2026,N575396,0,0,0,0,0,0,0,0,0,0,1,0,0
09-MAY-2026,N641629,0,0,0,0,0,0,0,0,0,0,1,0,0
09-MAY-2026,N753606,0,0,0,0,0,0,0,0,0,0,1,0,0
09-MAY-2026,N753610,0,0,0,0,0,0,0,0,0,0,1,0,0
09-MAY-2026,N753612,0,0,0,0,0,0,0,0,0,0,1,0,0
09-MAY-2026,N753626,0,0,0,0,0,0,0,0,0,0,1,0,0
09-MAY-2026,P201307,1068303.43,0,1068303.43,95174,0,0,0,0,0,0,1,0,0
09-MAY-2026,P203840,0,0,0,0,0,0,0,0,0,0,1,0,0
09-MAY-2026,SUN746955,0,0,0,0,0,0,0,0,0,0,1,0,0
