09-MAY-2026,J34N3,2454612,0,2454612,204551,0,0,0,0,0,0,1,0,0,2454612,204551,20260509-0,2876901.5,2876901.5,2876901.5,2659163,0,20260509-0
09-MAY-2026,J84A06,34350,0,34350,2862.5,0,0,0,0,0,0,1,0,0,34350,2862.5,20260509-0,38168.14,38168.14,38168.14,37212.5,0,20260509-0
09-MAY-2026,J84R101,287388,0,287388,23949,0,0,0,0,0,0,1,0,0,287388,23949,20260509-0,333748.5,333748.5,333748.5,311337,0,20260509-0
09-MAY-2026,Y090N001,79867.07,0,79867.07,6173,0,0,0,0,0,0,1,0,0,79867.07,6173,20260509-0,184823.72,184823.72,184823.72,86040.07,0,20260509-0
09-MAY-2026,JFPI01,68700,0,68700,5725,0,0,0,0,0,0,1,0,0,68700,5725,20260509-0,0,0,0,74425,74425,20260509-0
09-MAY-2026,JJ0U2X,4149240,0,4149240,345770,0,0,0,0,0,0,1,0,0,4149240,345770,20260509-0,5598486.09,5598486.09,5598486.09,4495010,0,20260509-0
09-MAY-2026,JOIM25,549600,0,549600,45800,0,0,0,0,0,0,1,0,0,549600,45800,20260509-0,640712,640712,640712,595400,0,20260509-0
09-MAY-2026,JOSG15,598482,0,598482,49873.5,0,0,0,0,0,0,1,0,0,598482,49873.5,20260509-0,697612.5,697612.5,697612.5,648355.5,0,20260509-0
09-MAY-2026,KSA101,1996676.7,0,1996676.7,154325,0,0,0,0,0,0,1,0,0,1996676.7,154325,20260509-0,2145349.36,2145349.36,2145349.36,2151001.7,5652.34,20260509-0
09-MAY-2026,LNBS1X,223111.07,0,223111.07,18110,0,0,0,0,0,0,1,0,0,223111.07,18110,20260509-0,258863.86,258863.86,258863.86,241221.07,0,20260509-0
09-MAY-2026,M34A2,180632.93,0,180632.93,14209,0,0,0,0,0,0,1,0,0,180632.93,14209,20260509-0,195548.42,195548.42,195548.42,194841.93,0,20260509-0
09-MAY-2026,N2R1054,71622,0,71622,5968.5,0,0,0,0,0,0,1,0,0,71622,5968.5,20260509-0,0,0,0,77590.5,77590.5,20260509-0
09-MAY-2026,V61A124,0,0,0,0,0,0,0,0,0,0,1,0,0,72522,6043.5,20260509-0,1414712,1414712,1414712,78565.5,0,20260509-0
09-MAY-2026,V61A217,1396458,0,1396458,116371.5,0,0,0,0,0,0,1,0,0,1476325.07,122544.5,20260509-0,1720174.36,1720174.36,1720174.36,1598869.57,0,20260509-0
09-MAY-2026,V61A317,1339449.35,0,1339449.35,105469,0,0,0,0,0,0,1,0,0,1339449.35,105469,20260509-0,3002584.17,3002584.17,3002584.17,1444918.35,0,20260509-0
09-MAY-2026,V96K4X,218178,0,218178,18181.5,0,0,0,0,0,0,1,0,0,218178,18181.5,20260509-0,262823.86,262823.86,262823.86,236359.5,0,20260509-0
09-MAY-2026,VDV83,68700,0,68700,5725,0,0,0,0,0,0,1,0,0,68700,5725,20260509-0,0,0,0,74425,74425,20260509-0
09-MAY-2026,VDV84,101526,0,101526,8460.5,0,0,0,0,0,0,1,0,0,101526,8460.5,20260509-0,78770,78770,78770,109986.5,31216.5,20260509-0
09-MAY-2026,VDV97,68700,0,68700,5725,0,0,0,0,0,0,1,0,0,68700,5725,20260509-0,84956,84956,84956,74425,0,20260509-0
09-MAY-2026,VDV98,0,0,0,0,0,0,0,0,0,0,1,0,0,0,0,20260509-0,4500,4500,4500,0,0,20260509-0
09-MAY-2026,VDVV1X,465486,0,465486,38790.5,0,0,0,0,0,0,1,0,0,465486,38790.5,20260509-0,585203.88,585203.88,585203.88,504276.5,0,20260509-0
09-MAY-2026,VLGS14,33588,0,33588,2799,0,0,0,0,0,0,1,0,0,33588,2799,20260509-0,39385,39385,39385,36387,0,20260509-0
09-MAY-2026,Y09017633,79867.07,0,79867.07,6173,0,0,0,0,0,0,1,0,0,79867.07,6173,20260509-0,0,0,0,86040.07,86040.07,20260509-0
09-MAY-2026,Y09018401,159734.14,0,159734.14,12346,0,0,0,0,0,0,1,0,0,159734.14,12346,20260509-0,0,0,0,172080.14,172080.14,20260509-0
09-MAY-2026,Y09033976,41544,0,41544,3462,0,0,0,0,0,0,1,0,0,41544,3462,20260509-0,0,0,0,45006,45006,20260509-0
09-MAY-2026,01307,0,0,0,0,0,0,0,0,0,0,2,0,0,0,0,20260509-0,10000000,15000000,15000000,0,0,20260509-0
09-MAY-2026,220K3X,933885.32,0,933885.32,77824,0,0,0,0,0,0,1,0,0,933885.32,77824,20260509-0,1090276.35,1090276.35,1090276.35,1011709.32,0,20260509-0
09-MAY-2026,220R2X,132996,0,132996,11083,0,0,0,0,0,0,1,0,0,132996,11083,20260509-0,155025,155025,155025,144079,0,20260509-0
09-MAY-2026,930R3X,9901920,0,9901920,825160,0,0,0,0,0,0,1,0,0,9901920,825160,20260509-0,37963120.82,37963120.82,37963120.82,10727080,0,20260509-0
09-MAY-2026,93VL04,3111930,0,3111930,259327.5,0,0,0,0,0,0,1,0,0,3111930,259327.5,20260509-0,4893824.18,4893824.18,4893824.18,3371257.5,0,20260509-0
09-MAY-2026,G34270,539760,0,539760,44980,0,0,0,0,0,0,1,0,0,539760,44980,20260509-0,633808.12,633808.12,633808.12,584740,0,20260509-0
09-MAY-2026,YBD149,570816,0,570816,47568,0,0,0,0,0,0,1,0,0,570816,47568,20260509-0,667054.06,667054.06,667054.06,618384,0,20260509-0
