09-MAY-2026,00094,0,0,0,0,0,0,0,0,0,0,2,0,0
09-MAY-2026,A7KR5008,0,0,0,0,0,0,0,0,0,0,1,0,0
09-MAY-2026,A7KRK01,0,0,0,0,0,0,0,0,0,0,1,0,0
09-MAY-2026,A7KRM01,0,0,0,0,0,0,0,0,0,0,1,0,0
09-MAY-2026,AHVB5015,0,0,0,0,0,0,0,0,0,0,1,0,0
09-MAY-2026,AHXX5024,0,0,0,0,0,0,0,0,0,0,1,0,0
09-MAY-2026,AKXX130,899061.46,0,899061.46,73017,0,0,0,0,0,0,1,0,0
09-MAY-2026,ARXX5101,195392.25,0,195392.25,16072,0,0,0,0,0,0,1,0,0
09-MAY-2026,ASBR001,0,0,0,0,0,0,0,0,0,0,1,0,0
09-MAY-2026,ASBR084,0,0,0,0,0,0,0,0,0,0,1,0,0
09-MAY-2026,ASRA5012,0,0,0,0,0,0,0,0,0,0,1,0,0
09-MAY-2026,CNUKU01,0,0,0,0,0,0,0,0,0,0,1,0,0
09-MAY-2026,CO1R5028,0,0,0,0,0,0,0,0,0,0,1,0,0
09-MAY-2026,COG1Q101,0,0,0,0,0,0,0,0,0,0,1,0,0
09-MAY-2026,COG1Q59,82008,0,82008,6834,0,0,0,0,0,0,1,0,0
09-MAY-2026,ER015053,0,0,0,0,0,0,0,0,0,0,1,0,0
09-MAY-2026,ER015128,0,0,0,0,0,0,0,0,0,0,1,0,0
09-MAY-2026,ER01S05,0,0,0,0,0,0,0,0,0,0,1,0,0
09-MAY-2026,G01BR1184,0,0,0,0,0,0,0,0,0,0,1,0,0
09-MAY-2026,G01BR131,0,0,0,0,0,0,0,0,0,0,1,0,0
09-MAY-2026,HCXX382,0,0,0,0,0,0,0,0,0,0,1,0,0
09-MAY-2026,HEHO5017,0,0,0,0,0,0,0,0,0,0,1,0,0
09-MAY-2026,HEHOA02,5594160.17,0,5594160.17,454328,0,0,0,0,0,0,1,0,0
09-MAY-2026,HEHONE01,0,0,0,0,0,0,0,0,0,0,1,0,0
09-MAY-2026,HMXX84,0,0,0,0,0,0,0,0,0,0,1,0,0
09-MAY-2026,HOOL5121,77760,0,77760,9720,0,0,0,0,0,0,1,0,0
09-MAY-2026,HOOL6050,0,0,0,0,0,0,0,0,0,0,1,0,0
09-MAY-2026,HOOL6209,0,0,0,0,0,0,0,0,0,0,1,0,0
09-MAY-2026,K01BR20,2431397.17,0,2431397.17,200500,0,0,0,0,0,0,1,0,0
09-MAY-2026,K01BR582,0,0,0,0,0,0,0,0,0,0,1,0,0
09-MAY-2026,K01MD01,0,0,0,0,0,0,0,0,0,0,1,0,0
09-MAY-2026,K02BR176,0,0,0,0,0,0,0,0,0,0,1,0,0
09-MAY-2026,K10BR733,931086,0,931086,77590.5,0,0,0,0,0,0,1,0,0
09-MAY-2026,K10BR88,0,0,0,0,0,0,0,0,0,0,1,0,0
09-MAY-2026,K50BR50,0,0,0,0,0,0,0,0,0,0,1,0,0
09-MAY-2026,K50GD01,0,0,0,0,0,0,0,0,0,0,1,0,0
09-MAY-2026,K50P1D30,499478.59,0,499478.59,40565,0,0,0,0,0,0,1,0,0
09-MAY-2026,K50P2D01,0,0,0,0,0,0,0,0,0,0,1,0,0
09-MAY-2026,K50R1A35,0,0,0,0,0,0,0,0,0,0,1,0,0
09-MAY-2026,K51BR06,0,0,0,0,0,0,0,0,0,0,1,0,0
09-MAY-2026,K51H1S04,0,0,0,0,0,0,0,0,0,0,1,0,0
09-MAY-2026,MPXX5094,0,0,0,0,0,0,0,0,0,0,1,0,0
09-MAY-2026,N121K01,175015.72,0,175015.72,14373,0,0,0,0,0,0,1,0,0
09-MAY-2026,N121Q10,0,0,0,0,0,0,0,0,0,0,1,0,0
09-MAY-2026,N2035001,0,0,0,0,0,0,0,0,0,0,1,0,0
09-MAY-2026,N2035002,99895.72,0,99895.72,8113,0,0,0,0,0,0,1,0,0
09-MAY-2026,N2035003,0,0,0,0,0,0,0,0,0,0,1,0,0
09-MAY-2026,N2035004,1198748.61,0,1198748.61,97356,0,0,0,0,0,0,1,0,0
09-MAY-2026,N2035006,0,0,0,0,0,0,0,0,0,0,1,0,0
09-MAY-2026,N2035007,0,0,0,0,0,0,0,0,0,0,1,0,0
09-MAY-2026,N2035008,0,0,0,0,0,0,0,0,0,0,1,0,0
09-MAY-2026,N2035015,0,0,0,0,0,0,0,0,0,0,1,0,0
09-MAY-2026,N2035018,0,0,0,0,0,0,0,0,0,0,1,0,0
09-MAY-2026,N203GS01,0,0,0,0,0,0,0,0,0,0,1,0,0
09-MAY-2026,N203Q2,0,0,0,0,0,0,0,0,0,0,1,0,0
09-MAY-2026,N203Q3,0,0,0,0,0,0,0,0,0,0,1,0,0
09-MAY-2026,N2595012,0,0,0,0,0,0,0,0,0,0,1,0,0
09-MAY-2026,NI01A40,0,0,0,0,0,0,0,0,0,0,1,0,0
09-MAY-2026,NI01Q42,0,0,0,0,0,0,0,0,0,0,1,0,0
09-MAY-2026,O1405001,0,0,0,0,0,0,0,0,0,0,1,0,0
09-MAY-2026,O1405003,0,0,0,0,0,0,0,0,0,0,1,0,0
09-MAY-2026,O1405004,0,0,0,0,0,0,0,0,0,0,1,0,0
09-MAY-2026,O1405005,0,0,0,0,0,0,0,0,0,0,1,0,0
09-MAY-2026,O1405006,0,0,0,0,0,0,0,0,0,0,1,0,0
09-MAY-2026,O1405007,0,0,0,0,0,0,0,0,0,0,1,0,0
09-MAY-2026,O1405008,0,0,0,0,0,0,0,0,0,0,1,0,0
09-MAY-2026,O1405009,0,0,0,0,0,0,0,0,0,0,1,0,0
09-MAY-2026,O140Q2,0,0,0,0,0,0,0,0,0,0,1,0,0
09-MAY-2026,O1645097,41544,0,41544,3462,0,0,0,0,0,0,1,0,0
09-MAY-2026,O164D03,0,0,0,0,0,0,0,0,0,0,1,0,0
09-MAY-2026,O164R02,0,0,0,0,0,0,0,0,0,0,1,0,0
09-MAY-2026,O272N01,0,0,0,0,0,0,0,0,0,0,1,0,0
09-MAY-2026,O4185001,0,0,0,0,0,0,0,0,0,0,1,0,0
09-MAY-2026,O795019,0,0,0,0,0,0,0,0,0,0,1,0,0
09-MAY-2026,O85S07,0,0,0,0,0,0,0,0,0,0,1,0,0
09-MAY-2026,T03BR150,0,0,0,0,0,0,0,0,0,0,1,0,0
09-MAY-2026,T1GM006,0,0,0,0,0,0,0,0,0,0,1,0,0
09-MAY-2026,TB1506,0,0,0,0,0,0,0,0,0,0,1,0,0
09-MAY-2026,TB9070,0,0,0,0,0,0,0,0,0,0,1,0,0
09-MAY-2026,TBC801,0,0,0,0,0,0,0,0,0,0,1,0,0
09-MAY-2026,TMXX5047,0,0,0,0,0,0,0,0,0,0,1,0,0
09-MAY-2026,TMXX5089,0,0,0,0,0,0,0,0,0,0,1,0,0
09-MAY-2026,TMXXQ186,295284,0,295284,24607,0,0,0,0,0,0,1,0,0
09-MAY-2026,Z025001,0,0,0,0,0,0,0,0,0,0,1,0,0
09-MAY-2026,Z025003,0,0,0,0,0,0,0,0,0,0,1,0,0
09-MAY-2026,Z025004,0,0,0,0,0,0,0,0,0,0,1,0,0
09-MAY-2026,Z025005,0,0,0,0,0,0,0,0,0,0,1,0,0
09-MAY-2026,Z025006,0,0,0,0,0,0,0,0,0,0,1,0,0
09-MAY-2026,Z025007,0,0,0,0,0,0,0,0,0,0,1,0,0
09-MAY-2026,Z02M01,0,0,0,0,0,0,0,0,0,0,1,0,0
09-MAY-2026,Z02Q13,0,0,0,0,0,0,0,0,0,0,1,0,0
09-MAY-2026,Z02Q5,0,0,0,0,0,0,0,0,0,0,1,0,0
09-MAY-2026,Z02Q7,0,0,0,0,0,0,0,0,0,0,1,0,0
