09-MAY-2026,00298,0,0,0,0,0,0,0,0,0,0,2,0,0
09-MAY-2026,H034,0,0,0,0,0,0,0,0,0,0,1,0,0
09-MAY-2026,NG120,0,0,0,0,0,0,0,0,0,0,1,0,0
09-MAY-2026,NG194,0,0,0,0,0,0,0,0,0,0,1,0,0
09-MAY-2026,NG242,0,0,0,0,0,0,0,0,0,0,1,0,0
09-MAY-2026,NG243,0,0,0,0,0,0,0,0,0,0,1,0,0
09-MAY-2026,NG249,0,0,0,0,0,0,0,0,0,0,1,0,0
09-MAY-2026,NG364,0,0,0,0,0,0,0,0,0,0,1,0,0
09-MAY-2026,NG38,0,0,0,0,0,0,0,0,0,0,1,0,0
09-MAY-2026,NG41,0,0,0,0,0,0,0,0,0,0,1,0,0
09-MAY-2026,NG417,0,0,0,0,0,0,0,0,0,0,1,0,0
09-MAY-2026,NG427,0,0,0,0,0,0,0,0,0,0,1,0,0
09-MAY-2026,NG428,0,0,0,0,0,0,0,0,0,0,1,0,0
09-MAY-2026,NG429,0,0,0,0,0,0,0,0,0,0,1,0,0
09-MAY-2026,NG432,0,0,0,0,0,0,0,0,0,0,1,0,0
09-MAY-2026,NG436,0,0,0,0,0,0,0,0,0,0,1,0,0
09-MAY-2026,NG437,0,0,0,0,0,0,0,0,0,0,1,0,0
09-MAY-2026,NG44,0,0,0,0,0,0,0,0,0,0,1,0,0
09-MAY-2026,NG46,0,0,0,0,0,0,0,0,0,0,1,0,0
09-MAY-2026,NG479,0,0,0,0,0,0,0,0,0,0,1,0,0
09-MAY-2026,NG483,0,0,0,0,0,0,0,0,0,0,1,0,0
09-MAY-2026,NG494,0,0,0,0,0,0,0,0,0,0,1,0,0
09-MAY-2026,NG501,0,0,0,0,0,0,0,0,0,0,1,0,0
09-MAY-2026,NG86,0,0,0,0,0,0,0,0,0,0,1,0,0
09-MAY-2026,NG87,0,0,0,0,0,0,0,0,0,0,1,0,0
09-MAY-2026,P051,0,0,0,0,0,0,0,0,0,0,1,0,0
09-MAY-2026,SUSPE1234N,0,0,0,0,0,0,0,0,0,0,1,0,0
