09-MAY-2026,01262,0,0,0,0,0,0,0,0,0,0,2,0,0
09-MAY-2026,108HN,375600,0,375600,31300,0,0,0,0,0,0,1,0,0
09-MAY-2026,1NIK9,0,0,0,0,0,0,0,0,0,0,1,0,0
09-MAY-2026,2GE54,0,0,0,0,0,0,0,0,0,0,1,0,0
09-MAY-2026,2OGR2,5986584,0,5986584,498882,0,0,0,0,0,0,1,0,0
09-MAY-2026,42PE5,0,0,0,0,0,0,0,0,0,0,1,0,0
09-MAY-2026,46MT8,199791.43,0,199791.43,16226,0,0,0,0,0,0,1,0,0
09-MAY-2026,5VCW9,2705920,0,2705920,269000,0,0,0,0,0,0,1,0,0
09-MAY-2026,984W2,28110564,0,28110564,2342547,0,0,0,0,0,0,1,0,0
09-MAY-2026,98C25,26837802,0,26837802,2236483.5,0,0,0,0,0,0,1,0,0
09-MAY-2026,9X108,0,0,0,0,0,0,0,0,0,0,1,0,0
09-MAY-2026,A0NSN,0,0,0,0,0,0,0,0,0,0,1,0,0
09-MAY-2026,A0OUZ,0,0,0,0,0,0,0,0,0,0,1,0,0
09-MAY-2026,A0QZQ,0,0,0,0,0,0,0,0,0,0,1,0,0
09-MAY-2026,A0ROB,0,0,0,0,0,0,0,0,0,0,1,0,0
09-MAY-2026,A0RZI,18621720,0,18621720,1551810,0,0,0,0,0,0,1,0,0
09-MAY-2026,A0TFQ,0,0,0,0,0,0,0,0,0,0,1,0,0
09-MAY-2026,A0VJL,0,0,0,0,0,0,0,0,0,0,1,0,0
09-MAY-2026,A0XVM,0,0,0,0,0,0,0,0,0,0,1,0,0
09-MAY-2026,A12W0,0,0,0,0,0,0,0,0,0,0,1,0,0
09-MAY-2026,A16M1,63531,0,63531,20637,0,0,0,0,0,0,1,0,0
09-MAY-2026,A17HW,4424224.76,0,4424224.76,527972,0,0,0,0,0,0,1,0,0
09-MAY-2026,A17JJ,0,0,0,0,0,0,0,0,0,0,1,0,0
09-MAY-2026,A18K6,0,0,0,0,0,0,0,0,0,0,1,0,0
09-MAY-2026,A197L,0,0,0,0,0,0,0,0,0,0,1,0,0
09-MAY-2026,B091A,154867.99,0,154867.99,12346,0,0,0,0,0,0,1,0,0
09-MAY-2026,B097R,0,0,0,0,0,0,0,0,0,0,1,0,0
09-MAY-2026,B0ER6,0,0,0,0,0,0,0,0,0,0,1,0,0
09-MAY-2026,B9LX0,0,0,0,0,0,0,0,0,0,0,1,0,0
09-MAY-2026,C065N,0,0,0,0,0,0,0,0,0,0,1,0,0
09-MAY-2026,C0673,0,0,0,0,0,0,0,0,0,0,1,0,0
09-MAY-2026,C084L,21804243.21,0,21804243.21,1770568,0,0,0,0,0,0,1,0,0
09-MAY-2026,D0AEA,0,0,0,0,0,0,0,0,0,0,1,0,0
09-MAY-2026,D0FV8,0,0,0,0,0,0,0,0,0,0,1,0,0
09-MAY-2026,D0GQ4,0,0,0,0,0,0,0,0,0,0,1,0,0
09-MAY-2026,D0GU0,0,0,0,0,0,0,0,0,0,0,1,0,0
09-MAY-2026,D25O4,0,0,0,0,0,0,0,0,0,0,1,0,0
09-MAY-2026,DH5F0,229987.99,0,229987.99,18606,0,0,0,0,0,0,1,0,0
09-MAY-2026,DH869,0,0,0,0,0,0,0,0,0,0,1,0,0
09-MAY-2026,DPQV1,0,0,0,0,0,0,0,0,0,0,1,0,0
09-MAY-2026,ED8I0,0,0,0,0,0,0,0,0,0,0,1,0,0
09-MAY-2026,EHIF2,0,0,0,0,0,0,0,0,0,0,1,0,0
09-MAY-2026,ERRORACCT,0,0,0,0,0,0,0,0,0,0,1,0,0
09-MAY-2026,EWU80,0,0,0,0,0,0,0,0,0,0,1,0,0
09-MAY-2026,EX4N3,0,0,0,0,0,0,0,0,0,0,1,0,0
09-MAY-2026,F00VU,71622,0,71622,5968.5,0,0,0,0,0,0,1,0,0
09-MAY-2026,F017P,50121277.07,0,50121277.07,5290314.5,0,0,0,0,0,0,1,0,0
09-MAY-2026,F01JE,0,0,0,0,0,0,0,0,0,0,1,0,0
09-MAY-2026,F01JP,0,0,0,0,0,0,0,0,0,0,1,0,0
09-MAY-2026,FWR70,0,0,0,0,0,0,0,0,0,0,1,0,0
09-MAY-2026,G06EY,6368850,0,6368850,530737.5,0,0,0,0,0,0,1,0,0
09-MAY-2026,G079X,0,0,0,0,0,0,0,0,0,0,1,0,0
09-MAY-2026,G0AHZ,508906,0,508906,42129,0,0,0,0,0,0,1,0,0
09-MAY-2026,G0AQ6,44539353,0,44539353,3753439,0,0,0,0,0,0,1,0,0
09-MAY-2026,G0BYV,202410,0,202410,16867.5,0,0,0,0,0,0,1,0,0
09-MAY-2026,G0CHL,0,0,0,0,0,0,0,0,0,0,1,0,0
09-MAY-2026,G88P6,0,0,0,0,0,0,0,0,0,0,1,0,0
09-MAY-2026,H09CZ,150240,0,150240,12520,0,0,0,0,0,0,1,0,0
09-MAY-2026,HI004,33588,0,33588,2799,0,0,0,0,0,0,1,0,0
09-MAY-2026,I01N4,0,0,0,0,0,0,0,0,0,0,1,0,0
09-MAY-2026,I01O7,1434800,0,1434800,179350,0,0,0,0,0,0,1,0,0
09-MAY-2026,I02BR,7668090,0,7668090,1069970,0,0,0,0,0,0,1,0,0
09-MAY-2026,I02KN,0,0,0,0,0,0,0,0,0,0,1,0,0
09-MAY-2026,J07EG,3736160,0,3736160,467020,0,0,0,0,0,0,1,0,0
09-MAY-2026,J0A7J,0,0,0,0,0,0,0,0,0,0,1,0,0
09-MAY-2026,J0BJG,2163618,0,2163618,180301.5,0,0,0,0,0,0,1,0,0
09-MAY-2026,J0BZ2,0,0,0,0,0,0,0,0,0,0,1,0,0
09-MAY-2026,K0BI6,0,0,0,0,0,0,0,0,0,0,1,0,0
09-MAY-2026,K0BQO,3230160,0,3230160,269180,0,0,0,0,0,0,1,0,0
09-MAY-2026,K0EP5,0,0,0,0,0,0,0,0,0,0,1,0,0
09-MAY-2026,K0H81,0,0,0,0,0,0,0,0,0,0,1,0,0
09-MAY-2026,K0K3V,0,0,0,0,0,0,0,0,0,0,1,0,0
09-MAY-2026,K0K6D,791694.92,0,791694.92,155195,0,0,0,0,0,0,1,0,0
09-MAY-2026,K0M2P,725220,0,725220,60435,0,0,0,0,0,0,1,0,0
09-MAY-2026,KEO72,20538190.25,0,20538190.25,1909720.5,0,0,0,0,0,0,1,0,0
09-MAY-2026,KU1Y0,214866,0,214866,17905.5,0,0,0,0,0,0,1,0,0
09-MAY-2026,L03W2,0,0,0,0,0,0,0,0,0,0,1,0,0
09-MAY-2026,L042Z,0,0,0,0,0,0,0,0,0,0,1,0,0
09-MAY-2026,LBQ00,0,0,0,0,0,0,0,0,0,0,1,0,0
09-MAY-2026,M05J0,0,0,0,0,0,0,0,0,0,0,1,0,0
09-MAY-2026,M0IIK,954684,0,954684,79557,0,0,0,0,0,0,1,0,0
09-MAY-2026,M0J75,0,0,0,0,0,0,0,0,0,0,1,0,0
09-MAY-2026,M0LX7,0,0,0,0,0,0,0,0,0,0,1,0,0
09-MAY-2026,M0NDA,0,0,0,0,0,0,0,0,0,0,1,0,0
09-MAY-2026,M0REY,268704,0,268704,22392,0,0,0,0,0,0,1,0,0
09-MAY-2026,M0RJJ,434782.11,0,434782.11,39653,0,0,0,0,0,0,1,0,0
09-MAY-2026,M0XSY,0,0,0,0,0,0,0,0,0,0,1,0,0
09-MAY-2026,M11AJ,851154,0,851154,70929.5,0,0,0,0,0,0,1,0,0
09-MAY-2026,N0CDX,0,0,0,0,0,0,0,0,0,0,1,0,0
09-MAY-2026,N0JM3,187980,0,187980,15665,0,0,0,0,0,0,1,0,0
09-MAY-2026,P09DB,0,0,0,0,0,0,0,0,0,0,1,0,0
09-MAY-2026,P0ISR,0,0,0,0,0,0,0,0,0,0,1,0,0
09-MAY-2026,P0ISY,0,0,0,0,0,0,0,0,0,0,1,0,0
09-MAY-2026,P0JJY,0,0,0,0,0,0,0,0,0,0,1,0,0
09-MAY-2026,P0MFB,0,0,0,0,0,0,0,0,0,0,1,0,0
09-MAY-2026,P0RA8,0,0,0,0,0,0,0,0,0,0,1,0,0
09-MAY-2026,P0TNV,0,0,0,0,0,0,0,0,0,0,1,0,0
09-MAY-2026,R02H0,0,0,0,0,0,0,0,0,0,0,1,0,0
09-MAY-2026,R04JT,0,0,0,0,0,0,0,0,0,0,1,0,0
09-MAY-2026,R05FP,0,0,0,0,0,0,0,0,0,0,1,0,0
09-MAY-2026,R05O8,0,0,0,0,0,0,0,0,0,0,1,0,0
09-MAY-2026,R07X8,0,0,0,0,0,0,0,0,0,0,1,0,0
09-MAY-2026,R091Q,0,0,0,0,0,0,0,0,0,0,1,0,0
09-MAY-2026,R0ABQ,0,0,0,0,0,0,0,0,0,0,1,0,0
09-MAY-2026,R0AMF,0,0,0,0,0,0,0,0,0,0,1,0,0
09-MAY-2026,R0AQN,0,0,0,0,0,0,0,0,0,0,1,0,0
09-MAY-2026,R0AS0,0,0,0,0,0,0,0,0,0,0,1,0,0
09-MAY-2026,R0B3D,0,0,0,0,0,0,0,0,0,0,1,0,0
09-MAY-2026,R0CZG,0,0,0,0,0,0,0,0,0,0,1,0,0
09-MAY-2026,R0D34,0,0,0,0,0,0,0,0,0,0,1,0,0
09-MAY-2026,R0DUU,0,0,0,0,0,0,0,0,0,0,1,0,0
09-MAY-2026,R0FGP,0,0,0,0,0,0,0,0,0,0,1,0,0
09-MAY-2026,R0FK9,0,0,0,0,0,0,0,0,0,0,1,0,0
09-MAY-2026,R0FL9,0,0,0,0,0,0,0,0,0,0,1,0,0
09-MAY-2026,R0FYP,0,0,0,0,0,0,0,0,0,0,1,0,0
09-MAY-2026,R0GC3,0,0,0,0,0,0,0,0,0,0,1,0,0
09-MAY-2026,R0GFY,0,0,0,0,0,0,0,0,0,0,1,0,0
09-MAY-2026,R0GOQ,0,0,0,0,0,0,0,0,0,0,1,0,0
09-MAY-2026,R0HXB,0,0,0,0,0,0,0,0,0,0,1,0,0
09-MAY-2026,R0I1A,0,0,0,0,0,0,0,0,0,0,1,0,0
09-MAY-2026,R0I3D,0,0,0,0,0,0,0,0,0,0,1,0,0
09-MAY-2026,R0IOT,0,0,0,0,0,0,0,0,0,0,1,0,0
09-MAY-2026,R0J4W,0,0,0,0,0,0,0,0,0,0,1,0,0
09-MAY-2026,R0JQR,0,0,0,0,0,0,0,0,0,0,1,0,0
09-MAY-2026,R0JVA,0,0,0,0,0,0,0,0,0,0,1,0,0
09-MAY-2026,R0K1G,0,0,0,0,0,0,0,0,0,0,1,0,0
09-MAY-2026,R0K73,0,0,0,0,0,0,0,0,0,0,1,0,0
09-MAY-2026,R0KEE,0,0,0,0,0,0,0,0,0,0,1,0,0
09-MAY-2026,R0LOL,0,0,0,0,0,0,0,0,0,0,1,0,0
09-MAY-2026,R0LXZ,0,0,0,0,0,0,0,0,0,0,1,0,0
09-MAY-2026,R0M8J,0,0,0,0,0,0,0,0,0,0,1,0,0
09-MAY-2026,R0M8Q,0,0,0,0,0,0,0,0,0,0,1,0,0
09-MAY-2026,R0MEK,5258400,0,5258400,438200,0,0,0,0,0,0,1,0,0
09-MAY-2026,R0MXC,0,0,0,0,0,0,0,0,0,0,1,0,0
09-MAY-2026,R0NA8,0,0,0,0,0,0,0,0,0,0,1,0,0
09-MAY-2026,R0NKW,0,0,0,0,0,0,0,0,0,0,1,0,0
09-MAY-2026,R0O0N,0,0,0,0,0,0,0,0,0,0,1,0,0
09-MAY-2026,R0O2I,0,0,0,0,0,0,0,0,0,0,1,0,0
09-MAY-2026,R0O5J,0,0,0,0,0,0,0,0,0,0,1,0,0
09-MAY-2026,R0OOP,0,0,0,0,0,0,0,0,0,0,1,0,0
09-MAY-2026,R0OWA,0,0,0,0,0,0,0,0,0,0,1,0,0
09-MAY-2026,R0PRU,0,0,0,0,0,0,0,0,0,0,1,0,0
09-MAY-2026,R0QDC,0,0,0,0,0,0,0,0,0,0,1,0,0
09-MAY-2026,R0QK6,0,0,0,0,0,0,0,0,0,0,1,0,0
09-MAY-2026,R0RBD,0,0,0,0,0,0,0,0,0,0,1,0,0
09-MAY-2026,R0RKJ,0,0,0,0,0,0,0,0,0,0,1,0,0
09-MAY-2026,R0RLU,0,0,0,0,0,0,0,0,0,0,1,0,0
09-MAY-2026,R0RPY,10086480,0,10086480,840540,0,0,0,0,0,0,1,0,0
09-MAY-2026,R0RYH,0,0,0,0,0,0,0,0,0,0,1,0,0
09-MAY-2026,R0S49,0,0,0,0,0,0,0,0,0,0,1,0,0
09-MAY-2026,R0SBM,0,0,0,0,0,0,0,0,0,0,1,0,0
09-MAY-2026,R0T4Y,0,0,0,0,0,0,0,0,0,0,1,0,0
09-MAY-2026,R0T8O,0,0,0,0,0,0,0,0,0,0,1,0,0
09-MAY-2026,R0TK9,0,0,0,0,0,0,0,0,0,0,1,0,0
09-MAY-2026,R0TOI,0,0,0,0,0,0,0,0,0,0,1,0,0
09-MAY-2026,R0TP3,0,0,0,0,0,0,0,0,0,0,1,0,0
09-MAY-2026,R0TWZ,0,0,0,0,0,0,0,0,0,0,1,0,0
09-MAY-2026,R0UAA,0,0,0,0,0,0,0,0,0,0,1,0,0
09-MAY-2026,R0UEX,0,0,0,0,0,0,0,0,0,0,1,0,0
09-MAY-2026,R0UGW,0,0,0,0,0,0,0,0,0,0,1,0,0
09-MAY-2026,R0W9I,0,0,0,0,0,0,0,0,0,0,1,0,0
09-MAY-2026,R0WOU,0,0,0,0,0,0,0,0,0,0,1,0,0
09-MAY-2026,R0WVN,0,0,0,0,0,0,0,0,0,0,1,0,0
09-MAY-2026,R0WZM,0,0,0,0,0,0,0,0,0,0,1,0,0
09-MAY-2026,R0X1Q,0,0,0,0,0,0,0,0,0,0,1,0,0
09-MAY-2026,R0X9G,0,0,0,0,0,0,0,0,0,0,1,0,0
09-MAY-2026,R0XBA,0,0,0,0,0,0,0,0,0,0,1,0,0
09-MAY-2026,R0XCV,0,0,0,0,0,0,0,0,0,0,1,0,0
09-MAY-2026,R0XEJ,0,0,0,0,0,0,0,0,0,0,1,0,0
09-MAY-2026,R0XLG,0,0,0,0,0,0,0,0,0,0,1,0,0
09-MAY-2026,R0XM4,0,0,0,0,0,0,0,0,0,0,1,0,0
09-MAY-2026,R0XNR,0,0,0,0,0,0,0,0,0,0,1,0,0
09-MAY-2026,R0XSC,0,0,0,0,0,0,0,0,0,0,1,0,0
09-MAY-2026,R0XVS,0,0,0,0,0,0,0,0,0,0,1,0,0
09-MAY-2026,R0YO4,0,0,0,0,0,0,0,0,0,0,1,0,0
09-MAY-2026,R0YVL,0,0,0,0,0,0,0,0,0,0,1,0,0
09-MAY-2026,R0Z42,0,0,0,0,0,0,0,0,0,0,1,0,0
09-MAY-2026,R0ZDG,0,0,0,0,0,0,0,0,0,0,1,0,0
09-MAY-2026,R0ZG6,0,0,0,0,0,0,0,0,0,0,1,0,0
09-MAY-2026,R0ZT4,0,0,0,0,0,0,0,0,0,0,1,0,0
09-MAY-2026,R1436,0,0,0,0,0,0,0,0,0,0,1,0,0
09-MAY-2026,R1LS0,0,0,0,0,0,0,0,0,0,0,1,0,0
09-MAY-2026,R1YZ0,0,0,0,0,0,0,0,0,0,0,1,0,0
09-MAY-2026,R22I6,0,0,0,0,0,0,0,0,0,0,1,0,0
09-MAY-2026,R2EY0,0,0,0,0,0,0,0,0,0,0,1,0,0
09-MAY-2026,R3GH0,0,0,0,0,0,0,0,0,0,0,1,0,0
09-MAY-2026,R3SK0,0,0,0,0,0,0,0,0,0,0,1,0,0
09-MAY-2026,R4Z98,0,0,0,0,0,0,0,0,0,0,1,0,0
09-MAY-2026,R6AW0,0,0,0,0,0,0,0,0,0,0,1,0,0
09-MAY-2026,R86H4,0,0,0,0,0,0,0,0,0,0,1,0,0
09-MAY-2026,R8DB0,0,0,0,0,0,0,0,0,0,0,1,0,0
09-MAY-2026,R9J45,0,0,0,0,0,0,0,0,0,0,1,0,0
09-MAY-2026,RALN0,0,0,0,0,0,0,0,0,0,0,1,0,0
09-MAY-2026,RB095,0,0,0,0,0,0,0,0,0,0,1,0,0
09-MAY-2026,RC0N0,0,0,0,0,0,0,0,0,0,0,1,0,0
09-MAY-2026,RD1L0,0,0,0,0,0,0,0,0,0,0,1,0,0
09-MAY-2026,RF1H0,0,0,0,0,0,0,0,0,0,0,1,0,0
09-MAY-2026,RF615,0,0,0,0,0,0,0,0,0,0,1,0,0
09-MAY-2026,RHS00,0,0,0,0,0,0,0,0,0,0,1,0,0
09-MAY-2026,RIO13,0,0,0,0,0,0,0,0,0,0,1,0,0
09-MAY-2026,RJDO3,0,0,0,0,0,0,0,0,0,0,1,0,0
09-MAY-2026,RK4P0,0,0,0,0,0,0,0,0,0,0,1,0,0
09-MAY-2026,RKGO6,0,0,0,0,0,0,0,0,0,0,1,0,0
09-MAY-2026,RKIL1,0,0,0,0,0,0,0,0,0,0,1,0,0
09-MAY-2026,RKKT7,0,0,0,0,0,0,0,0,0,0,1,0,0
09-MAY-2026,RKKU4,0,0,0,0,0,0,0,0,0,0,1,0,0
09-MAY-2026,RN8B0,0,0,0,0,0,0,0,0,0,0,1,0,0
09-MAY-2026,RP726,0,0,0,0,0,0,0,0,0,0,1,0,0
09-MAY-2026,RR8O0,0,0,0,0,0,0,0,0,0,0,1,0,0
09-MAY-2026,RRKN8,0,0,0,0,0,0,0,0,0,0,1,0,0
09-MAY-2026,RRXT6,0,0,0,0,0,0,0,0,0,0,1,0,0
09-MAY-2026,RSPN0,0,0,0,0,0,0,0,0,0,0,1,0,0
09-MAY-2026,RTDR0,0,0,0,0,0,0,0,0,0,0,1,0,0
09-MAY-2026,RUR80,0,0,0,0,0,0,0,0,0,0,1,0,0
09-MAY-2026,RV426,77434,0,77434,6173,0,0,0,0,0,0,1,0,0
09-MAY-2026,RV763,1058621.99,0,1058621.99,87379,0,0,0,0,0,0,1,0,0
09-MAY-2026,RVDL0,0,0,0,0,0,0,0,0,0,0,1,0,0
09-MAY-2026,RW9G0,0,0,0,0,0,0,0,0,0,0,1,0,0
09-MAY-2026,RX611,0,0,0,0,0,0,0,0,0,0,1,0,0
09-MAY-2026,RXDL0,0,0,0,0,0,0,0,0,0,0,1,0,0
09-MAY-2026,RZB95,0,0,0,0,0,0,0,0,0,0,1,0,0
09-MAY-2026,RZY89,0,0,0,0,0,0,0,0,0,0,1,0,0
09-MAY-2026,S03R0,0,0,0,0,0,0,0,0,0,0,1,0,0
09-MAY-2026,S128G,0,0,0,0,0,0,0,0,0,0,1,0,0
09-MAY-2026,S146S,12863796,0,12863796,1071983,0,0,208626,0,0,0,1,0,0
09-MAY-2026,S1678,380227.99,0,380227.99,31126,0,0,0,0,0,0,1,0,0
09-MAY-2026,S16W0,0,0,0,0,0,0,0,0,0,0,1,0,0
09-MAY-2026,S19WG,0,0,0,0,0,0,0,0,0,0,1,0,0
09-MAY-2026,S1IIW,0,0,0,0,0,0,0,0,0,0,1,0,0
09-MAY-2026,S1KGP,6631555.65,0,6631555.65,531922,0,0,0,0,0,0,1,0,0
09-MAY-2026,S1NAA,0,0,0,0,0,0,0,0,0,0,1,0,0
09-MAY-2026,S1NSP,4193208,0,4193208,349434,0,0,0,0,0,0,1,0,0
09-MAY-2026,S1OLG,0,0,0,0,0,0,0,0,0,0,1,0,0
09-MAY-2026,S1R8I,335880,0,335880,27990,0,0,0,0,0,0,1,0,0
09-MAY-2026,S1SU5,851773.95,0,851773.95,67903,0,0,0,0,0,0,1,0,0
09-MAY-2026,S1T22,0,0,0,0,0,0,0,0,0,0,1,0,0
09-MAY-2026,S1TDE,0,0,0,0,0,0,0,0,0,0,1,0,0
09-MAY-2026,S1TN8,4099130,0,4099130,434697.5,0,0,0,0,0,0,1,0,0
09-MAY-2026,S1V9J,1511655.98,0,1511655.98,124852,0,0,0,0,0,0,1,0,0
09-MAY-2026,S1WOU,0,0,0,0,0,0,0,0,0,0,1,0,0
09-MAY-2026,S1Y56,0,0,0,0,0,0,0,0,0,0,1,0,0
09-MAY-2026,S1ZGB,0,0,0,0,0,0,0,0,0,0,1,0,0
09-MAY-2026,T064R,3324900,0,3324900,277075,0,0,0,0,0,0,1,0,0
09-MAY-2026,T06UU,0,0,0,0,0,0,0,0,0,0,1,0,0
09-MAY-2026,TR6V0,0,0,0,0,0,0,0,0,0,0,1,0,0
09-MAY-2026,TSJU0,0,0,0,0,0,0,0,0,0,0,1,0,0
09-MAY-2026,U7K62,0,0,0,0,0,0,0,0,0,0,1,0,0
09-MAY-2026,V0AW9,1298644.32,0,1298644.32,105469,0,0,0,0,0,0,1,0,0
09-MAY-2026,V0DQ9,41004,0,41004,3417,0,0,0,0,0,0,1,0,0
09-MAY-2026,V0H2A,0,0,0,0,0,0,0,0,0,0,1,0,0
09-MAY-2026,V0HCI,0,0,0,0,0,0,0,0,0,0,1,0,0
09-MAY-2026,V0IOV,5861237.12,0,5861237.12,482962,0,0,0,0,0,0,1,0,0
09-MAY-2026,V0JIR,0,0,0,0,0,0,0,0,0,0,1,0,0
09-MAY-2026,V1YFC,0,0,0,0,0,0,0,0,0,0,1,0,0
09-MAY-2026,V1ZA5,298111.99,0,298111.99,24283,0,0,0,0,0,0,1,0,0
09-MAY-2026,VH0H0,0,0,0,0,0,0,0,0,0,0,1,0,0
09-MAY-2026,WAPD4,0,0,0,0,0,0,0,0,0,0,1,0,0
09-MAY-2026,WEOAB,1183381.99,0,1183381.99,98055.5,0,0,0,0,0,0,1,0,0
09-MAY-2026,WEYD6,0,0,0,0,0,0,0,0,0,0,1,0,0
09-MAY-2026,WF8TQ,1383757.95,0,1383757.95,112235,0,0,0,0,0,0,1,0,0
09-MAY-2026,WFKWN,1974174,0,1974174,164514.5,0,0,0,0,0,0,1,0,0
09-MAY-2026,X0116,0,0,0,0,0,0,0,0,0,0,1,0,0
09-MAY-2026,X0MAJ,0,0,0,0,0,0,0,0,0,0,1,0,0
09-MAY-2026,X14JQ,0,0,0,0,0,0,0,0,0,0,1,0,0
09-MAY-2026,X16YM,464603.97,0,464603.97,37038,0,0,0,0,0,0,1,0,0
09-MAY-2026,X17W2,41544,0,41544,3462,0,0,0,0,0,0,1,0,0
09-MAY-2026,X2O0X,0,0,0,0,0,0,0,0,0,0,1,0,0
09-MAY-2026,X2PX7,0,0,0,0,0,0,0,0,0,0,1,0,0
09-MAY-2026,X348D,0,0,0,0,0,0,0,0,0,0,1,0,0
09-MAY-2026,X4FB6,34350,0,34350,2862.5,0,0,0,0,0,0,1,0,0
09-MAY-2026,X4LQJ,0,0,0,0,0,0,0,0,0,0,1,0,0
09-MAY-2026,X72MX,477081.98,0,477081.98,38637.5,0,0,0,0,0,0,1,0,0
09-MAY-2026,X8HXM,0,0,0,0,0,0,0,0,0,0,1,0,0
09-MAY-2026,X95QX,0,0,0,0,0,0,0,0,0,0,1,0,0
09-MAY-2026,XA5K9,7081380,0,7081380,590115,0,0,0,0,0,0,1,0,0
09-MAY-2026,XB5RD,335880,0,335880,27990,0,0,0,0,0,0,1,0,0
09-MAY-2026,XBJZ4,0,0,0,0,0,0,0,0,0,0,1,0,0
09-MAY-2026,XCJSI,0,0,0,0,0,0,0,0,0,0,1,0,0
09-MAY-2026,XCVCW,0,0,0,0,0,0,0,0,0,0,1,0,0
09-MAY-2026,XE95O,34350,0,34350,2862.5,0,0,0,0,0,0,1,0,0
09-MAY-2026,XEWYK,452979.98,0,452979.98,36629,0,0,0,0,0,0,1,0,0
09-MAY-2026,XHBRW,0,0,0,0,0,0,0,0,0,0,1,0,0
09-MAY-2026,XHG6S,0,0,0,0,0,0,0,0,0,0,1,0,0
09-MAY-2026,XI7QU,0,0,0,0,0,0,0,0,0,0,1,0,0
09-MAY-2026,XI7SY,0,0,0,0,0,0,0,0,0,0,1,0,0
09-MAY-2026,XI9GX,0,0,0,0,0,0,0,0,0,0,1,0,0
09-MAY-2026,XJCS6,0,0,0,0,0,0,0,0,0,0,1,0,0
09-MAY-2026,XJWLE,0,0,0,0,0,0,0,0,0,0,1,0,0
09-MAY-2026,XLZFR,572976,0,572976,47748,0,0,0,0,0,0,1,0,0
09-MAY-2026,XOO9D,0,0,0,0,0,0,0,0,0,0,1,0,0
09-MAY-2026,XSXKP,1683031.91,0,1683031.91,134656,0,0,0,0,0,0,1,0,0
09-MAY-2026,XTQDI,0,0,0,0,0,0,0,0,0,0,1,0,0
09-MAY-2026,XTXH2,0,0,0,0,0,0,0,0,0,0,1,0,0
09-MAY-2026,XU5H6,0,0,0,0,0,0,0,0,0,0,1,0,0
09-MAY-2026,XUBQP,0,0,0,0,0,0,0,0,0,0,1,0,0
09-MAY-2026,XUFN9,0,0,0,0,0,0,0,0,0,0,1,0,0
09-MAY-2026,XUL5P,0,0,0,0,0,0,0,0,0,0,1,0,0
09-MAY-2026,XV2RV,0,0,0,0,0,0,0,0,0,0,1,0,0
09-MAY-2026,XVDFZ,1375299.95,0,1375299.95,111810,0,0,0,0,0,0,1,0,0
09-MAY-2026,XVJTN,0,0,0,0,0,0,0,0,0,0,1,0,0
09-MAY-2026,XW64C,41004,0,41004,3417,0,0,0,0,0,0,1,0,0
09-MAY-2026,XW666,41004,0,41004,3417,0,0,0,0,0,0,1,0,0
09-MAY-2026,XYV3L,0,0,0,0,0,0,0,0,0,0,1,0,0
09-MAY-2026,XYWW0,0,0,0,0,0,0,0,0,0,0,1,0,0
09-MAY-2026,Y16U6,0,0,0,0,0,0,0,0,0,0,1,0,0
09-MAY-2026,Y1QBS,0,0,0,0,0,0,0,0,0,0,1,0,0
09-MAY-2026,Y2C6D,0,0,0,0,0,0,0,0,0,0,1,0,0
09-MAY-2026,Y5F6X,0,0,0,0,0,0,0,0,0,0,1,0,0
09-MAY-2026,Y5U7V,0,0,0,0,0,0,0,0,0,0,1,0,0
09-MAY-2026,Y5UFN,72522,0,72522,6043.5,0,0,0,0,0,0,1,0,0
09-MAY-2026,Y6A5H,0,0,0,0,0,0,0,0,0,0,1,0,0
09-MAY-2026,Y6CO3,150240,0,150240,12520,0,0,0,0,0,0,1,0,0
09-MAY-2026,Y6HLM,0,0,0,0,0,0,0,0,0,0,1,0,0
09-MAY-2026,Y7COQ,197591.84,0,197591.84,16149,0,0,0,0,0,0,1,0,0
09-MAY-2026,YBILW,797436,0,797436,66453,0,0,0,0,0,0,1,0,0
09-MAY-2026,YC7VM,683488,0,683488,85436,0,0,0,0,0,0,1,0,0
09-MAY-2026,YE5LU,0,0,0,0,0,0,0,0,0,0,1,0,0
09-MAY-2026,YG1RI,0,0,0,0,0,0,0,0,0,0,1,0,0
09-MAY-2026,YG7OE,150240,0,150240,12520,0,0,0,0,0,0,1,0,0
09-MAY-2026,YGUXP,0,0,0,0,0,0,0,0,0,0,1,0,0
09-MAY-2026,YI0AN,0,0,0,0,0,0,0,0,0,0,1,0,0
09-MAY-2026,YI2VU,4099130,0,4099130,434697.5,0,0,0,0,0,0,1,0,0
09-MAY-2026,YI4RJ,0,0,0,0,0,0,0,0,0,0,1,0,0
09-MAY-2026,YINB6,0,0,0,0,0,0,0,0,0,0,1,0,0
09-MAY-2026,YJ0OL,77434,0,77434,6173,0,0,0,0,0,0,1,0,0
09-MAY-2026,YJ70X,497279,0,497279,40488,0,0,0,0,0,0,1,0,0
09-MAY-2026,YJGFY,0,0,0,0,0,0,0,0,0,0,1,0,0
09-MAY-2026,YJI7V,0,0,0,0,0,0,0,0,0,0,1,0,0
09-MAY-2026,YKCTJ,0,0,0,0,0,0,0,0,0,0,1,0,0
09-MAY-2026,YLO2Q,0,0,0,0,0,0,0,0,0,0,1,0,0
09-MAY-2026,YLWNK,33587.99,0,33587.99,2799,0,0,0,0,0,0,1,0,0
09-MAY-2026,YLYNU,0,0,0,0,0,0,0,0,0,0,1,0,0
09-MAY-2026,YN6IU,0,0,0,0,0,0,0,0,0,0,1,0,0
09-MAY-2026,YNISF,0,0,0,0,0,0,0,0,0,0,1,0,0
09-MAY-2026,YNTIY,0,0,0,0,0,0,0,0,0,0,1,0,0
09-MAY-2026,YO01V,0,0,0,0,0,0,0,0,0,0,1,0,0
09-MAY-2026,YOEHZ,0,0,0,0,0,0,0,0,0,0,1,0,0
09-MAY-2026,YQP6C,0,0,0,0,0,0,0,0,0,0,1,0,0
09-MAY-2026,YRKAZ,0,0,0,0,0,0,0,0,0,0,1,0,0
09-MAY-2026,YSP8R,0,0,0,0,0,0,0,0,0,0,1,0,0
09-MAY-2026,YTSY1,0,0,0,0,0,0,0,0,0,0,1,0,0
09-MAY-2026,YTVIW,214866,0,214866,17905.5,0,0,0,0,0,0,1,0,0
09-MAY-2026,YU30W,0,0,0,0,0,0,0,0,0,0,1,0,0
09-MAY-2026,YUH75,0,0,0,0,0,0,0,0,0,0,1,0,0
09-MAY-2026,YUKZ6,0,0,0,0,0,0,0,0,0,0,1,0,0
09-MAY-2026,YV8JF,0,0,0,0,0,0,0,0,0,0,1,0,0
09-MAY-2026,YVA7T,368604,0,368604,30717,0,0,0,0,0,0,1,0,0
09-MAY-2026,YVAYJ,0,0,0,0,0,0,0,0,0,0,1,0,0
09-MAY-2026,YVYRC,2224432,0,2224432,263586,0,0,23112,0,0,0,1,0,0
09-MAY-2026,YWBM9,0,0,0,0,0,0,0,0,0,0,1,0,0
09-MAY-2026,YXJEI,0,0,0,0,0,0,0,0,0,0,1,0,0
09-MAY-2026,YXK0H,1843518,0,1843518,153626.5,0,0,0,0,0,0,1,0,0
09-MAY-2026,YYVOP,0,0,0,0,0,0,0,0,0,0,1,0,0
09-MAY-2026,Z0EE4,0,0,0,0,0,0,0,0,0,0,1,0,0
09-MAY-2026,Z0HKI,0,0,0,0,0,0,0,0,0,0,1,0,0
09-MAY-2026,Z12AW,0,0,0,0,0,0,0,0,0,0,1,0,0
09-MAY-2026,Z2CE9,222762,0,222762,18563.5,0,0,0,0,0,0,1,0,0
09-MAY-2026,Z2MCL,0,0,0,0,0,0,0,0,0,0,1,0,0
09-MAY-2026,Z3WFJ,0,0,0,0,0,0,0,0,0,0,1,0,0
09-MAY-2026,Z45XA,0,0,0,0,0,0,0,0,0,0,1,0,0
09-MAY-2026,Z924W,0,0,0,0,0,0,0,0,0,0,1,0,0
09-MAY-2026,Z9BXY,0,0,0,0,0,0,0,0,0,0,1,0,0
09-MAY-2026,ZA016,0,0,0,0,0,0,0,0,0,0,1,0,0
09-MAY-2026,ZA01E,0,0,0,0,0,0,0,0,0,0,1,0,0
09-MAY-2026,ZA115,0,0,0,0,0,0,0,0,0,0,1,0,0
09-MAY-2026,ZA1CU,0,0,0,0,0,0,0,0,0,0,1,0,0
09-MAY-2026,ZA1YH,0,0,0,0,0,0,0,0,0,0,1,0,0
09-MAY-2026,ZA24F,0,0,0,0,0,0,0,0,0,0,1,0,0
09-MAY-2026,ZA2BY,0,0,0,0,0,0,0,0,0,0,1,0,0
09-MAY-2026,ZA2GU,0,0,0,0,0,0,0,0,0,0,1,0,0
09-MAY-2026,ZA2KX,0,0,0,0,0,0,0,0,0,0,1,0,0
09-MAY-2026,ZA2XQ,0,0,0,0,0,0,0,0,0,0,1,0,0
09-MAY-2026,ZA3C8,0,0,0,0,0,0,0,0,0,0,1,0,0
09-MAY-2026,ZA3DW,0,0,0,0,0,0,0,0,0,0,1,0,0
09-MAY-2026,ZA3KA,0,0,0,0,0,0,0,0,0,0,1,0,0
09-MAY-2026,ZA3NU,0,0,0,0,0,0,0,0,0,0,1,0,0
09-MAY-2026,ZA47K,0,0,0,0,0,0,0,0,0,0,1,0,0
09-MAY-2026,ZA490,0,0,0,0,0,0,0,0,0,0,1,0,0
09-MAY-2026,ZA4AA,0,0,0,0,0,0,0,0,0,0,1,0,0
09-MAY-2026,ZA4OK,0,0,0,0,0,0,0,0,0,0,1,0,0
09-MAY-2026,ZA4RW,0,0,0,0,0,0,0,0,0,0,1,0,0
09-MAY-2026,ZA5YM,0,0,0,0,0,0,0,0,0,0,1,0,0
09-MAY-2026,ZA673,0,0,0,0,0,0,0,0,0,0,1,0,0
09-MAY-2026,ZA6FE,0,0,0,0,0,0,0,0,0,0,1,0,0
09-MAY-2026,ZA6SV,0,0,0,0,0,0,0,0,0,0,1,0,0
09-MAY-2026,ZA79H,0,0,0,0,0,0,0,0,0,0,1,0,0
09-MAY-2026,ZA7L1,0,0,0,0,0,0,0,0,0,0,1,0,0
09-MAY-2026,ZA7R5,0,0,0,0,0,0,0,0,0,0,1,0,0
09-MAY-2026,ZA7RM,0,0,0,0,0,0,0,0,0,0,1,0,0
09-MAY-2026,ZA7UF,0,0,0,0,0,0,0,0,0,0,1,0,0
09-MAY-2026,ZA8K8,0,0,0,0,0,0,0,0,0,0,1,0,0
09-MAY-2026,ZA8T6,0,0,0,0,0,0,0,0,0,0,1,0,0
09-MAY-2026,ZA8Y0,0,0,0,0,0,0,0,0,0,0,1,0,0
09-MAY-2026,ZA955,0,0,0,0,0,0,0,0,0,0,1,0,0
09-MAY-2026,ZA9CA,0,0,0,0,0,0,0,0,0,0,1,0,0
09-MAY-2026,ZA9NJ,0,0,0,0,0,0,0,0,0,0,1,0,0
09-MAY-2026,ZA9QR,0,0,0,0,0,0,0,0,0,0,1,0,0
09-MAY-2026,ZAAAJ,0,0,0,0,0,0,0,0,0,0,1,0,0
09-MAY-2026,ZAAN4,0,0,0,0,0,0,0,0,0,0,1,0,0
09-MAY-2026,ZAAUN,0,0,0,0,0,0,0,0,0,0,1,0,0
09-MAY-2026,ZABEM,0,0,0,0,0,0,0,0,0,0,1,0,0
09-MAY-2026,ZABI6,0,0,0,0,0,0,0,0,0,0,1,0,0
09-MAY-2026,ZABVI,0,0,0,0,0,0,0,0,0,0,1,0,0
09-MAY-2026,ZACG6,0,0,0,0,0,0,0,0,0,0,1,0,0
09-MAY-2026,ZACM3,0,0,0,0,0,0,0,0,0,0,1,0,0
09-MAY-2026,ZADDA,0,0,0,0,0,0,0,0,0,0,1,0,0
09-MAY-2026,ZADES,0,0,0,0,0,0,0,0,0,0,1,0,0
09-MAY-2026,ZAE9L,0,0,0,0,0,0,0,0,0,0,1,0,0
09-MAY-2026,ZAEYP,0,0,0,0,0,0,0,0,0,0,1,0,0
09-MAY-2026,ZAGJ8,0,0,0,0,0,0,0,0,0,0,1,0,0
09-MAY-2026,ZAHHI,0,0,0,0,0,0,0,0,0,0,1,0,0
09-MAY-2026,ZAHQO,0,0,0,0,0,0,0,0,0,0,1,0,0
09-MAY-2026,ZAI36,0,0,0,0,0,0,0,0,0,0,1,0,0
09-MAY-2026,ZAI76,0,0,0,0,0,0,0,0,0,0,1,0,0
09-MAY-2026,ZAIC2,0,0,0,0,0,0,0,0,0,0,1,0,0
09-MAY-2026,ZAIGE,0,0,0,0,0,0,0,0,0,0,1,0,0
09-MAY-2026,ZAIP3,0,0,0,0,0,0,0,0,0,0,1,0,0
09-MAY-2026,ZAJ3X,0,0,0,0,0,0,0,0,0,0,1,0,0
09-MAY-2026,ZAJAU,0,0,0,0,0,0,0,0,0,0,1,0,0
09-MAY-2026,ZAK9L,0,0,0,0,0,0,0,0,0,0,1,0,0
09-MAY-2026,ZAL9P,0,0,0,0,0,0,0,0,0,0,1,0,0
09-MAY-2026,ZALSN,0,0,0,0,0,0,0,0,0,0,1,0,0
09-MAY-2026,ZAMV0,0,0,0,0,0,0,0,0,0,0,1,0,0
09-MAY-2026,ZANDH,0,0,0,0,0,0,0,0,0,0,1,0,0
09-MAY-2026,ZANYD,0,0,0,0,0,0,0,0,0,0,1,0,0
09-MAY-2026,ZAO6L,0,0,0,0,0,0,0,0,0,0,1,0,0
09-MAY-2026,ZAODV,0,0,0,0,0,0,0,0,0,0,1,0,0
09-MAY-2026,ZAP2O,0,0,0,0,0,0,0,0,0,0,1,0,0
09-MAY-2026,ZAPET,0,0,0,0,0,0,0,0,0,0,1,0,0
09-MAY-2026,ZAPI4,0,0,0,0,0,0,0,0,0,0,1,0,0
09-MAY-2026,ZAPJP,0,0,0,0,0,0,0,0,0,0,1,0,0
09-MAY-2026,ZAPR1,0,0,0,0,0,0,0,0,0,0,1,0,0
09-MAY-2026,ZAPRK,0,0,0,0,0,0,0,0,0,0,1,0,0
09-MAY-2026,ZAQDH,0,0,0,0,0,0,0,0,0,0,1,0,0
09-MAY-2026,ZAR0Q,0,0,0,0,0,0,0,0,0,0,1,0,0
09-MAY-2026,ZAR4X,0,0,0,0,0,0,0,0,0,0,1,0,0
09-MAY-2026,ZARSZ,0,0,0,0,0,0,0,0,0,0,1,0,0
09-MAY-2026,ZAS20,0,0,0,0,0,0,0,0,0,0,1,0,0
09-MAY-2026,ZASFJ,0,0,0,0,0,0,0,0,0,0,1,0,0
09-MAY-2026,ZATE0,0,0,0,0,0,0,0,0,0,0,1,0,0
09-MAY-2026,ZATNU,0,0,0,0,0,0,0,0,0,0,1,0,0
09-MAY-2026,ZAUGQ,0,0,0,0,0,0,0,0,0,0,1,0,0
09-MAY-2026,ZAV1Q,0,0,0,0,0,0,0,0,0,0,1,0,0
09-MAY-2026,ZAV5S,0,0,0,0,0,0,0,0,0,0,1,0,0
09-MAY-2026,ZAVL9,0,0,0,0,0,0,0,0,0,0,1,0,0
09-MAY-2026,ZAVY7,0,0,0,0,0,0,0,0,0,0,1,0,0
09-MAY-2026,ZAW5Q,0,0,0,0,0,0,0,0,0,0,1,0,0
09-MAY-2026,ZAWEE,0,0,0,0,0,0,0,0,0,0,1,0,0
09-MAY-2026,ZAWYZ,0,0,0,0,0,0,0,0,0,0,1,0,0
09-MAY-2026,ZAXEP,0,0,0,0,0,0,0,0,0,0,1,0,0
09-MAY-2026,ZAXG4,0,0,0,0,0,0,0,0,0,0,1,0,0
09-MAY-2026,ZAXRN,0,0,0,0,0,0,0,0,0,0,1,0,0
09-MAY-2026,ZAY4G,0,0,0,0,0,0,0,0,0,0,1,0,0
09-MAY-2026,ZAYAP,0,0,0,0,0,0,0,0,0,0,1,0,0
09-MAY-2026,ZAYBO,0,0,0,0,0,0,0,0,0,0,1,0,0
09-MAY-2026,ZAYFH,0,0,0,0,0,0,0,0,0,0,1,0,0
09-MAY-2026,ZAYKA,0,0,0,0,0,0,0,0,0,0,1,0,0
09-MAY-2026,ZAZDZ,0,0,0,0,0,0,0,0,0,0,1,0,0
09-MAY-2026,ZCRQQ,0,0,0,0,0,0,0,0,0,0,1,0,0
09-MAY-2026,ZD588,3869911.92,0,3869911.92,317735.5,0,0,0,0,0,0,1,0,0
09-MAY-2026,ZDFW0,0,0,0,0,0,0,0,0,0,0,1,0,0
09-MAY-2026,ZDJ2D,6993880.84,0,6993880.84,580018,0,0,57780,0,0,0,1,0,0
09-MAY-2026,ZDK0C,0,0,0,0,0,0,0,0,0,0,1,0,0
09-MAY-2026,ZDWXX,0,0,0,0,0,0,0,0,0,0,1,0,0
09-MAY-2026,ZIEXH,497673.43,0,497673.43,41049.5,0,0,0,0,0,0,1,0,0
09-MAY-2026,ZJ0V0,0,0,0,0,0,0,0,0,0,0,1,0,0
09-MAY-2026,ZJ144,0,0,0,0,0,0,0,0,0,0,1,0,0
09-MAY-2026,ZJ167,0,0,0,0,0,0,0,0,0,0,1,0,0
09-MAY-2026,ZJ1VX,0,0,0,0,0,0,0,0,0,0,1,0,0
09-MAY-2026,ZJ2HO,0,0,0,0,0,0,0,0,0,0,1,0,0
09-MAY-2026,ZJ31R,0,0,0,0,0,0,0,0,0,0,1,0,0
09-MAY-2026,ZJ3TT,0,0,0,0,0,0,0,0,0,0,1,0,0
09-MAY-2026,ZJ4OA,0,0,0,0,0,0,0,0,0,0,1,0,0
09-MAY-2026,ZJ4PY,0,0,0,0,0,0,0,0,0,0,1,0,0
09-MAY-2026,ZJ5CC,0,0,0,0,0,0,0,0,0,0,1,0,0
09-MAY-2026,ZJ6FO,0,0,0,0,0,0,0,0,0,0,1,0,0
09-MAY-2026,ZJ6LL,0,0,0,0,0,0,0,0,0,0,1,0,0
09-MAY-2026,ZJ6SK,0,0,0,0,0,0,0,0,0,0,1,0,0
09-MAY-2026,ZJ87C,0,0,0,0,0,0,0,0,0,0,1,0,0
09-MAY-2026,ZJ8EQ,0,0,0,0,0,0,0,0,0,0,1,0,0
09-MAY-2026,ZJ9H4,0,0,0,0,0,0,0,0,0,0,1,0,0
09-MAY-2026,ZJATE,0,0,0,0,0,0,0,0,0,0,1,0,0
09-MAY-2026,ZJDBD,0,0,0,0,0,0,0,0,0,0,1,0,0
09-MAY-2026,ZJDH4,0,0,0,0,0,0,0,0,0,0,1,0,0
09-MAY-2026,ZJEEN,0,0,0,0,0,0,0,0,0,0,1,0,0
09-MAY-2026,ZJEMQ,0,0,0,0,0,0,0,0,0,0,1,0,0
09-MAY-2026,ZJEZX,0,0,0,0,0,0,0,0,0,0,1,0,0
09-MAY-2026,ZJH40,0,0,0,0,0,0,0,0,0,0,1,0,0
09-MAY-2026,ZJH45,0,0,0,0,0,0,0,0,0,0,1,0,0
09-MAY-2026,ZJHGD,0,0,0,0,0,0,0,0,0,0,1,0,0
09-MAY-2026,ZJIK4,0,0,0,0,0,0,0,0,0,0,1,0,0
09-MAY-2026,ZJJ1D,0,0,0,0,0,0,0,0,0,0,1,0,0
09-MAY-2026,ZJKRA,0,0,0,0,0,0,0,0,0,0,1,0,0
09-MAY-2026,ZJN6Q,0,0,0,0,0,0,0,0,0,0,1,0,0
09-MAY-2026,ZJOY9,0,0,0,0,0,0,0,0,0,0,1,0,0
09-MAY-2026,ZJR03,0,0,0,0,0,0,0,0,0,0,1,0,0
09-MAY-2026,ZJRPH,0,0,0,0,0,0,0,0,0,0,1,0,0
09-MAY-2026,ZJRRM,0,0,0,0,0,0,0,0,0,0,1,0,0
09-MAY-2026,ZJTYV,0,0,0,0,0,0,0,0,0,0,1,0,0
09-MAY-2026,ZJUNR,0,0,0,0,0,0,0,0,0,0,1,0,0
09-MAY-2026,ZJVUR,0,0,0,0,0,0,0,0,0,0,1,0,0
09-MAY-2026,ZJXMX,0,0,0,0,0,0,0,0,0,0,1,0,0
09-MAY-2026,ZJYLV,0,0,0,0,0,0,0,0,0,0,1,0,0
09-MAY-2026,ZJZIJ,0,0,0,0,0,0,0,0,0,0,1,0,0
09-MAY-2026,ZLZGO,0,0,0,0,0,0,0,0,0,0,1,0,0
09-MAY-2026,ZM0JI,0,0,0,0,0,0,0,0,0,0,1,0,0
09-MAY-2026,ZM9GR,74592,0,74592,6216,0,0,0,0,0,0,1,0,0
09-MAY-2026,ZM9MD,0,0,0,0,0,0,0,0,0,0,1,0,0
09-MAY-2026,ZMD3J,0,0,0,0,0,0,0,0,0,0,1,0,0
09-MAY-2026,ZMTJZ,0,0,0,0,0,0,0,0,0,0,1,0,0
09-MAY-2026,ZN1M4,0,0,0,0,0,0,0,0,0,0,1,0,0
09-MAY-2026,ZNNTZ,0,0,0,0,0,0,0,0,0,0,1,0,0
09-MAY-2026,ZO4DO,0,0,0,0,0,0,0,0,0,0,1,0,0
09-MAY-2026,ZO5RL,0,0,0,0,0,0,0,0,0,0,1,0,0
09-MAY-2026,ZPL8F,0,0,0,0,0,0,0,0,0,0,1,0,0
09-MAY-2026,ZPLXL,0,0,0,0,0,0,0,0,0,0,1,0,0
09-MAY-2026,ZQKF5,664980,0,664980,55415,0,0,0,0,0,0,1,0,0
09-MAY-2026,ZQS4P,0,0,0,0,0,0,0,0,0,0,1,0,0
09-MAY-2026,ZR2LZ,0,0,0,0,0,0,0,0,0,0,1,0,0
09-MAY-2026,ZSHIV,0,0,0,0,0,0,0,0,0,0,1,0,0
09-MAY-2026,ZSIDA,0,0,0,0,0,0,0,0,0,0,1,0,0
09-MAY-2026,ZSLYM,0,0,0,0,0,0,0,0,0,0,1,0,0
09-MAY-2026,ZTSLP,0,0,0,0,0,0,0,0,0,0,1,0,0
09-MAY-2026,ZU124,6170663.41,0,6170663.41,506918,0,0,0,0,0,0,1,0,0
09-MAY-2026,ZU2JS,0,0,0,0,0,0,0,0,0,0,1,0,0
09-MAY-2026,ZUCPJ,362610,0,362610,30217.5,0,0,0,0,0,0,1,0,0
09-MAY-2026,ZUDXZ,0,0,0,0,0,0,0,0,0,0,1,0,0
09-MAY-2026,ZUYUL,0,0,0,0,0,0,0,0,0,0,1,0,0
09-MAY-2026,ZW5Q7,0,0,0,0,0,0,0,0,0,0,1,0,0
09-MAY-2026,ZWFKE,0,0,0,0,0,0,0,0,0,0,1,0,0
09-MAY-2026,ZWOQ8,0,0,0,0,0,0,0,0,0,0,1,0,0
09-MAY-2026,ZY398,0,0,0,0,0,0,0,0,0,0,1,0,0
