09-MAY-2026,01272,0,0,0,0,0,0,0,0,0,0,2,0,0
09-MAY-2026,3D101,83700,0,83700,6975,0,0,0,0,0,0,1,0,0
09-MAY-2026,AA0101,0,0,0,0,0,0,0,0,0,0,1,0,0
09-MAY-2026,AA7036,0,0,0,0,0,0,0,0,0,0,1,0,0
09-MAY-2026,AA7615,0,0,0,0,0,0,0,0,0,0,1,0,0
09-MAY-2026,AA7616,0,0,0,0,0,0,0,0,0,0,1,0,0
09-MAY-2026,AA7625,0,0,0,0,0,0,0,0,0,0,1,0,0
09-MAY-2026,AA7631,0,0,0,0,0,0,0,0,0,0,1,0,0
09-MAY-2026,AA7632,0,0,0,0,0,0,0,0,0,0,1,0,0
09-MAY-2026,C1351,0,0,0,0,0,0,0,0,0,0,1,0,0
09-MAY-2026,C1355,41004,0,41004,3417,0,0,0,0,0,0,1,0,0
09-MAY-2026,C1371,0,0,0,0,0,0,0,0,0,0,1,0,0
09-MAY-2026,C1476,0,0,0,0,0,0,0,0,0,0,1,0,0
09-MAY-2026,E3251,0,0,0,0,0,0,0,0,0,0,1,0,0
09-MAY-2026,H10011,0,0,0,0,0,0,0,0,0,0,1,0,0
09-MAY-2026,H10048,0,0,0,0,0,0,0,0,0,0,1,0,0
09-MAY-2026,H10083,0,0,0,0,0,0,0,0,0,0,1,0,0
09-MAY-2026,H10093,0,0,0,0,0,0,0,0,0,0,1,0,0
09-MAY-2026,H10196,0,0,0,0,0,0,0,0,0,0,1,0,0
09-MAY-2026,H4083,0,0,0,0,0,0,0,0,0,0,1,0,0
09-MAY-2026,H4086,0,0,0,0,0,0,0,0,0,0,1,0,0
09-MAY-2026,H7164,0,0,0,0,0,0,0,0,0,0,1,0,0
09-MAY-2026,H7357,0,0,0,0,0,0,0,0,0,0,1,0,0
09-MAY-2026,H8849,0,0,0,0,0,0,0,0,0,0,1,0,0
09-MAY-2026,H8906,0,0,0,0,0,0,0,0,0,0,1,0,0
09-MAY-2026,H9381,0,0,0,0,0,0,0,0,0,0,1,0,0
09-MAY-2026,H9473,0,0,0,0,0,0,0,0,0,0,1,0,0
09-MAY-2026,H9474,0,0,0,0,0,0,0,0,0,0,1,0,0
09-MAY-2026,H9475,0,0,0,0,0,0,0,0,0,0,1,0,0
09-MAY-2026,H9541,0,0,0,0,0,0,0,0,0,0,1,0,0
09-MAY-2026,H9542,0,0,0,0,0,0,0,0,0,0,1,0,0
09-MAY-2026,H9553,0,0,0,0,0,0,0,0,0,0,1,0,0
09-MAY-2026,H9561,0,0,0,0,0,0,0,0,0,0,1,0,0
09-MAY-2026,H9562,0,0,0,0,0,0,0,0,0,0,1,0,0
09-MAY-2026,H9605,0,0,0,0,0,0,0,0,0,0,1,0,0
09-MAY-2026,H9764,0,0,0,0,0,0,0,0,0,0,1,0,0
09-MAY-2026,H9902,0,0,0,0,0,0,0,0,0,0,1,0,0
09-MAY-2026,H9970,0,0,0,0,0,0,0,0,0,0,1,0,0
09-MAY-2026,I2071,0,0,0,0,0,0,0,0,0,0,1,0,0
09-MAY-2026,I6001,600960,0,600960,50080,0,0,0,0,0,0,1,0,0
09-MAY-2026,N1121,0,0,0,0,0,0,0,0,0,0,1,0,0
09-MAY-2026,N1459,1265405.95,0,1265405.95,105450.5,0,0,0,0,0,0,1,0,0
09-MAY-2026,N1542,0,0,0,0,0,0,0,0,0,0,1,0,0
09-MAY-2026,N1543,0,0,0,0,0,0,0,0,0,0,1,0,0
09-MAY-2026,N1575,0,0,0,0,0,0,0,0,0,0,1,0,0
09-MAY-2026,N1583,0,0,0,0,0,0,0,0,0,0,1,0,0
09-MAY-2026,N1586,3164847.73,0,3164847.73,259314,0,0,0,0,0,0,1,0,0
09-MAY-2026,N1587,0,0,0,0,0,0,0,0,0,0,1,0,0
09-MAY-2026,N1622,0,0,0,0,0,0,0,0,0,0,1,0,0
09-MAY-2026,N1623,0,0,0,0,0,0,0,0,0,0,1,0,0
09-MAY-2026,N1725,134352,0,134352,11196,0,0,0,0,0,0,1,0,0
09-MAY-2026,N1739,0,0,0,0,0,0,0,0,0,0,1,0,0
09-MAY-2026,N1741,869451.43,0,869451.43,72031,0,0,0,0,0,0,1,0,0
09-MAY-2026,N1742,0,0,0,0,0,0,0,0,0,0,1,0,0
09-MAY-2026,N5317,0,0,0,0,0,0,0,0,0,0,1,0,0
09-MAY-2026,N5329,0,0,0,0,0,0,0,0,0,0,1,0,0
09-MAY-2026,N5379,0,0,0,0,0,0,0,0,0,0,1,0,0
09-MAY-2026,N5393,0,0,0,0,0,0,0,0,0,0,1,0,0
09-MAY-2026,N5403,0,0,0,0,0,0,0,0,0,0,1,0,0
09-MAY-2026,N5452,0,0,0,0,0,0,0,0,0,0,1,0,0
09-MAY-2026,RJ1008,1063968,0,1063968,88664,0,0,0,0,0,0,1,0,0
09-MAY-2026,U5707,0,0,0,0,0,0,0,0,0,0,1,0,0
09-MAY-2026,X6701,0,0,0,0,0,0,0,0,0,0,1,0,0
09-MAY-2026,Y5018,0,0,0,0,0,0,0,0,0,0,1,0,0
09-MAY-2026,Y5104,0,0,0,0,0,0,0,0,0,0,1,0,0
09-MAY-2026,Y5114,0,0,0,0,0,0,0,0,0,0,1,0,0
09-MAY-2026,Y5122,0,0,0,0,0,0,0,0,0,0,1,0,0
09-MAY-2026,Y5134,0,0,0,0,0,0,0,0,0,0,1,0,0
