09-MAY-2026,01277,0,0,0,0,0,0,0,0,0,0,2,0,0
09-MAY-2026,AF07,0,0,0,0,0,0,0,0,0,0,1,0,0
09-MAY-2026,AF12,0,0,0,0,0,0,0,0,0,0,1,0,0
09-MAY-2026,AJ810,1300711.7,0,1300711.7,107341.5,0,0,0,0,0,0,1,0,0
09-MAY-2026,AJ896,0,0,0,0,0,0,0,0,0,0,1,0,0
09-MAY-2026,AU27,1349400,0,1349400,112450,0,0,0,0,0,0,1,0,0
09-MAY-2026,B1001,302794,0,302794,24953,0,0,0,0,0,0,1,0,0
09-MAY-2026,B1070,0,0,0,0,0,0,0,0,0,0,1,0,0
09-MAY-2026,B1094,0,0,0,0,0,0,0,0,0,0,1,0,0
09-MAY-2026,B1230,0,0,0,0,0,0,0,0,0,0,1,0,0
09-MAY-2026,B1257,0,0,0,0,0,0,0,0,0,0,1,0,0
09-MAY-2026,B1408,71622,0,71622,5968.5,0,0,0,0,0,0,1,0,0
09-MAY-2026,B1455,0,0,0,0,0,0,0,0,0,0,1,0,0
09-MAY-2026,B1544,0,0,0,0,0,0,0,0,0,0,1,0,0
09-MAY-2026,B1605,0,0,0,0,0,0,0,0,0,0,1,0,0
09-MAY-2026,B1619,72522,0,72522,6043.5,0,0,0,0,0,0,1,0,0
09-MAY-2026,B1628,0,0,0,0,0,0,0,0,0,0,1,0,0
09-MAY-2026,B1652,154867.99,0,154867.99,12346,0,0,0,0,0,0,1,0,0
09-MAY-2026,B1784,0,0,0,0,0,0,0,0,0,0,1,0,0
09-MAY-2026,B1786,71622,0,71622,5968.5,0,0,0,0,0,0,1,0,0
09-MAY-2026,B1803,0,0,0,0,0,0,0,0,0,0,1,0,0
09-MAY-2026,B1821,0,0,0,0,0,0,0,0,0,0,1,0,0
09-MAY-2026,B1825,154867.99,0,154867.99,12346,0,0,0,0,0,0,1,0,0
09-MAY-2026,B2002,0,0,0,0,0,0,0,0,0,0,1,0,0
09-MAY-2026,B249,0,0,0,0,0,0,0,0,0,0,1,0,0
09-MAY-2026,B5107,0,0,0,0,0,0,0,0,0,0,1,0,0
09-MAY-2026,B5139,0,0,0,0,0,0,0,0,0,0,1,0,0
09-MAY-2026,B5155,0,0,0,0,0,0,0,0,0,0,1,0,0
09-MAY-2026,B5166,0,0,0,0,0,0,0,0,0,0,1,0,0
09-MAY-2026,B5167,0,0,0,0,0,0,0,0,0,0,1,0,0
09-MAY-2026,B5241,143244,0,143244,11937,0,0,0,0,0,0,1,0,0
09-MAY-2026,B5250,0,0,0,0,0,0,0,0,0,0,1,0,0
09-MAY-2026,B5256,0,0,0,0,0,0,0,0,0,0,1,0,0
09-MAY-2026,B5258,175015.72,0,175015.72,14373,0,0,0,0,0,0,1,0,0
09-MAY-2026,B7525,0,0,0,0,0,0,0,0,0,0,1,0,0
09-MAY-2026,B7526,0,0,0,0,0,0,0,0,0,0,1,0,0
09-MAY-2026,B7540,0,0,0,0,0,0,0,0,0,0,1,0,0
09-MAY-2026,B7643,347862,0,347862,28988.5,0,0,0,0,0,0,1,0,0
09-MAY-2026,BF23,0,0,0,0,0,0,0,0,0,0,1,0,0
09-MAY-2026,BF31,41761,4850,46611,6173,0,0,0,0,0,0,1,0,0
09-MAY-2026,BNF07,0,0,0,0,0,0,0,0,0,0,1,0,0
09-MAY-2026,BNF23,0,0,0,0,0,0,0,0,0,0,1,0,0
09-MAY-2026,C589,0,0,0,0,0,0,0,0,0,0,1,0,0
09-MAY-2026,DF30,0,0,0,0,0,0,0,0,0,0,1,0,0
09-MAY-2026,DIS13,0,0,0,0,0,0,0,0,0,0,1,0,0
09-MAY-2026,FPO001,0,0,0,0,0,0,0,0,0,0,1,0,0
09-MAY-2026,FPO002,157668,0,157668,13139,0,0,0,0,0,0,1,0,0
09-MAY-2026,FPO003,0,0,0,0,0,0,0,0,0,0,1,0,0
09-MAY-2026,FPO004,0,0,0,0,0,0,0,0,0,0,1,0,0
09-MAY-2026,FPO005,0,0,0,0,0,0,0,0,0,0,1,0,0
09-MAY-2026,FPO006,0,0,0,0,0,0,0,0,0,0,1,0,0
09-MAY-2026,FPO007,0,0,0,0,0,0,0,0,0,0,1,0,0
09-MAY-2026,FPO008,0,0,0,0,0,0,0,0,0,0,1,0,0
09-MAY-2026,FPO009,0,0,0,0,0,0,0,0,0,0,1,0,0
09-MAY-2026,FPO010,0,0,0,0,0,0,0,0,0,0,1,0,0
09-MAY-2026,FPO011,0,0,0,0,0,0,0,0,0,0,1,0,0
09-MAY-2026,FPO013,0,0,0,0,0,0,0,0,0,0,1,0,0
09-MAY-2026,FPO014,0,0,0,0,0,0,0,0,0,0,1,0,0
09-MAY-2026,FPO015,0,0,0,0,0,0,0,0,0,0,1,0,0
09-MAY-2026,FPO017,0,0,0,0,0,0,0,0,0,0,1,0,0
09-MAY-2026,FPO018,0,0,0,0,0,0,0,0,0,0,1,0,0
09-MAY-2026,FPO019,60636.22,0,60636.22,6148.5,0,0,0,0,0,0,1,0,0
09-MAY-2026,FPO020,0,0,0,0,0,0,0,0,0,0,1,0,0
09-MAY-2026,FPO021,0,0,0,0,0,0,0,0,0,0,1,0,0
09-MAY-2026,FPO022,0,0,0,0,0,0,0,0,0,0,1,0,0
09-MAY-2026,FPO023,0,0,0,0,0,0,0,0,0,0,1,0,0
09-MAY-2026,FPO026,0,0,0,0,0,0,0,0,0,0,1,0,0
09-MAY-2026,FPO037,0,0,0,0,0,0,0,0,0,0,1,0,0
09-MAY-2026,FPO039,0,0,0,0,0,0,0,0,0,0,1,0,0
09-MAY-2026,FPO040,0,0,0,0,0,0,0,0,0,0,1,0,0
09-MAY-2026,FPO042,0,0,0,0,0,0,0,0,0,0,1,0,0
09-MAY-2026,FPO043,0,0,0,0,0,0,0,0,0,0,1,0,0
09-MAY-2026,FPO044,0,0,0,0,0,0,0,0,0,0,1,0,0
09-MAY-2026,FPO046,0,0,0,0,0,0,0,0,0,0,1,0,0
09-MAY-2026,FPO047,0,0,0,0,0,0,0,0,0,0,1,0,0
09-MAY-2026,FPO048,0,0,0,0,0,0,0,0,0,0,1,0,0
09-MAY-2026,FPO050,0,0,0,0,0,0,0,0,0,0,1,0,0
09-MAY-2026,FPO052,75120,0,75120,6260,0,0,0,0,0,0,1,0,0
09-MAY-2026,G1032,0,0,0,0,0,0,0,0,0,0,1,0,0
09-MAY-2026,GI09,0,0,0,0,0,0,0,0,0,0,1,0,0
09-MAY-2026,GSF15,0,0,0,0,0,0,0,0,0,0,1,0,0
09-MAY-2026,HC15,0,0,0,0,0,0,0,0,0,0,1,0,0
09-MAY-2026,IND00542,0,0,0,0,0,0,0,0,0,0,1,0,0
09-MAY-2026,IND02760,0,0,0,0,0,0,0,0,0,0,1,0,0
09-MAY-2026,IND03019,0,0,0,0,0,0,0,0,0,0,1,0,0
09-MAY-2026,IND03275,0,0,0,0,0,0,0,0,0,0,1,0,0
09-MAY-2026,IND04035,0,0,0,0,0,0,0,0,0,0,1,0,0
09-MAY-2026,IND04054,0,0,0,0,0,0,0,0,0,0,1,0,0
09-MAY-2026,IND04173,97696.13,0,97696.13,8036,0,0,0,0,0,0,1,0,0
09-MAY-2026,IS0744,2293980,0,2293980,191165,0,0,0,0,0,0,1,0,0
09-MAY-2026,IS10141,0,0,0,0,0,0,0,0,0,0,1,0,0
09-MAY-2026,IS10266,0,0,0,0,0,0,0,0,0,0,1,0,0
09-MAY-2026,IS10691,0,0,0,0,0,0,0,0,0,0,1,0,0
09-MAY-2026,IS11113,0,0,0,0,0,0,0,0,0,0,1,0,0
09-MAY-2026,IS11416,0,0,0,0,0,0,0,0,0,0,1,0,0
09-MAY-2026,IS11453,249264,0,249264,20772,0,0,0,0,0,0,1,0,0
09-MAY-2026,IS12198,0,0,0,0,0,0,0,0,0,0,1,0,0
09-MAY-2026,IS12389,0,0,0,0,0,0,0,0,0,0,1,0,0
09-MAY-2026,IS13362,0,0,0,0,0,0,0,0,0,0,1,0,0
09-MAY-2026,IS13401,0,0,0,0,0,0,0,0,0,0,1,0,0
09-MAY-2026,IS13415,0,0,0,0,0,0,0,0,0,0,1,0,0
09-MAY-2026,IS13901,0,0,0,0,0,0,0,0,0,0,1,0,0
09-MAY-2026,IS14525,0,0,0,0,0,0,0,0,0,0,1,0,0
09-MAY-2026,IS14669,0,0,0,0,0,0,0,0,0,0,1,0,0
09-MAY-2026,IS14694,0,0,0,0,0,0,0,0,0,0,1,0,0
09-MAY-2026,IS14736,0,0,0,0,0,0,0,0,0,0,1,0,0
09-MAY-2026,IS18088,0,0,0,0,0,0,0,0,0,0,1,0,0
09-MAY-2026,IS18119,272340,0,272340,22695,0,0,0,0,0,0,1,0,0
09-MAY-2026,IS19066,0,0,0,0,0,0,0,0,0,0,1,0,0
09-MAY-2026,IS2125,0,0,0,0,0,0,0,0,0,0,1,0,0
09-MAY-2026,IS22849,0,0,0,0,0,0,0,0,0,0,1,0,0
09-MAY-2026,IS2326,0,0,0,0,0,0,0,0,0,0,1,0,0
09-MAY-2026,IS2447,0,0,0,0,0,0,0,0,0,0,1,0,0
09-MAY-2026,IS5050,0,0,0,0,0,0,0,0,0,0,1,0,0
09-MAY-2026,IS5241,0,0,0,0,0,0,0,0,0,0,1,0,0
09-MAY-2026,IS5354,0,0,0,0,0,0,0,0,0,0,1,0,0
09-MAY-2026,IS6145,0,0,0,0,0,0,0,0,0,0,1,0,0
09-MAY-2026,IS6514,0,0,0,0,0,0,0,0,0,0,1,0,0
09-MAY-2026,IS7096,0,0,0,0,0,0,0,0,0,0,1,0,0
09-MAY-2026,IS7334,214212,0,214212,17851,0,0,0,0,0,0,1,0,0
09-MAY-2026,IS7540,0,0,0,0,0,0,0,0,0,0,1,0,0
09-MAY-2026,IS7898,0,0,0,0,0,0,0,0,0,0,1,0,0
09-MAY-2026,IS8418,184602,0,184602,15383.5,0,0,0,0,0,0,1,0,0
09-MAY-2026,IS89,0,0,0,0,0,0,0,0,0,0,1,0,0
09-MAY-2026,IS9186,0,0,0,0,0,0,0,0,0,0,1,0,0
09-MAY-2026,IS9397,0,0,0,0,0,0,0,0,0,0,1,0,0
09-MAY-2026,IS9793,0,0,0,0,0,0,0,0,0,0,1,0,0
09-MAY-2026,ISP1043,0,0,0,0,0,0,0,0,0,0,1,0,0
09-MAY-2026,ISP1072,0,0,0,0,0,0,0,0,0,0,1,0,0
09-MAY-2026,ISP1300,1016970,0,1016970,84747.5,0,0,0,0,0,0,1,0,0
09-MAY-2026,ISPL19298,0,0,0,0,0,0,0,0,0,0,1,0,0
09-MAY-2026,ISPL2504,0,0,0,0,0,0,0,0,0,0,1,0,0
09-MAY-2026,ISPL2536,0,0,0,0,0,0,0,0,0,0,1,0,0
09-MAY-2026,ISPL2538,830880,0,830880,69240,0,0,0,0,0,0,1,0,0
09-MAY-2026,ISPL2554,0,0,0,0,0,0,0,0,0,0,1,0,0
09-MAY-2026,ISPL2555,0,0,0,0,0,0,0,0,0,0,1,0,0
09-MAY-2026,ISPL2587,75120,0,75120,6260,0,0,0,0,0,0,1,0,0
09-MAY-2026,ISPL2591,0,0,0,0,0,0,0,0,0,0,1,0,0
09-MAY-2026,ISPL5835,0,0,0,0,0,0,0,0,0,0,1,0,0
09-MAY-2026,J99,21696960,0,21696960,1808080,0,0,1714500,0,0,0,1,0,0
09-MAY-2026,K0315,0,0,0,0,0,0,0,0,0,0,1,0,0
09-MAY-2026,K222,0,0,0,0,0,0,0,0,0,0,1,0,0
09-MAY-2026,KR43,0,0,0,0,0,0,0,0,0,0,1,0,0
09-MAY-2026,LY54,1836059.15,0,1836059.15,190188,0,0,0,0,0,0,1,0,0
09-MAY-2026,MA95,0,0,0,0,0,0,0,0,0,0,1,0,0
09-MAY-2026,MCF31,0,0,0,0,0,0,0,0,0,0,1,0,0
09-MAY-2026,NR99,0,0,0,0,0,0,0,0,0,0,1,0,0
09-MAY-2026,OM021,0,0,0,0,0,0,0,0,0,0,1,0,0
09-MAY-2026,OM325,0,0,0,0,0,0,0,0,0,0,1,0,0
09-MAY-2026,PA5009,214866,0,214866,17905.5,0,0,0,0,0,0,1,0,0
09-MAY-2026,PA5010,0,0,0,0,0,0,0,0,0,0,1,0,0
09-MAY-2026,PA695,0,0,0,0,0,0,0,0,0,0,1,0,0
09-MAY-2026,PAS001,0,0,0,0,0,0,0,0,0,0,1,0,0
09-MAY-2026,PAS132,0,0,0,0,0,0,0,0,0,0,1,0,0
09-MAY-2026,PAS133,0,0,0,0,0,0,0,0,0,0,1,0,0
09-MAY-2026,PAS2602,169290,0,169290,14107.5,0,0,0,0,0,0,1,0,0
09-MAY-2026,PAS2612,0,0,0,0,0,0,0,0,0,0,1,0,0
09-MAY-2026,PAS44,0,0,0,0,0,0,0,0,0,0,1,0,0
09-MAY-2026,PAS6003,0,0,0,0,0,0,0,0,0,0,1,0,0
09-MAY-2026,PL84,0,0,0,0,0,0,0,0,0,0,1,0,0
09-MAY-2026,PR542,0,0,0,0,0,0,0,0,0,0,1,0,0
09-MAY-2026,RB13,82008,0,82008,6834,0,0,0,0,0,0,1,0,0
09-MAY-2026,RC21,0,0,0,0,0,0,0,0,0,0,1,0,0
09-MAY-2026,RG05,0,0,0,0,0,0,0,0,0,0,1,0,0
09-MAY-2026,RP16,0,0,0,0,0,0,0,0,0,0,1,0,0
09-MAY-2026,RV06,0,0,0,0,0,0,0,0,0,0,1,0,0
09-MAY-2026,S181,0,0,0,0,0,0,0,0,0,0,1,0,0
09-MAY-2026,SF06,0,0,0,0,0,0,0,0,0,0,1,0,0
09-MAY-2026,SF16,0,0,0,0,0,0,0,0,0,0,1,0,0
09-MAY-2026,SG575,0,0,0,0,0,0,0,0,0,0,1,0,0
09-MAY-2026,SM66,0,0,0,0,0,0,0,0,0,0,1,0,0
09-MAY-2026,SMB337,0,0,0,0,0,0,0,0,0,0,1,0,0
09-MAY-2026,SN30,0,0,0,0,0,0,0,0,0,0,1,0,0
09-MAY-2026,SR802,0,0,0,0,0,0,0,0,0,0,1,0,0
09-MAY-2026,SS424,0,0,0,0,0,0,0,0,0,0,1,0,0
09-MAY-2026,SS580,411102,0,411102,36418.5,0,0,0,0,0,0,1,0,0
09-MAY-2026,SS581,0,0,0,0,0,0,0,0,0,0,1,0,0
09-MAY-2026,SS582,278962,0,278962,22967,0,0,0,0,0,0,1,0,0
09-MAY-2026,SS583,0,0,0,0,0,0,0,0,0,0,1,0,0
09-MAY-2026,SS585,0,0,0,0,0,0,0,0,0,0,1,0,0
09-MAY-2026,SS614,72522,0,72522,6043.5,0,0,0,0,0,0,1,0,0
09-MAY-2026,SUSPE1234N,0,0,0,0,0,0,0,0,0,0,1,0,0
09-MAY-2026,SV39,0,0,0,0,0,0,0,0,0,0,1,0,0
09-MAY-2026,SVF30,0,0,0,0,0,0,0,0,0,0,1,0,0
09-MAY-2026,TF01,1055640,0,1055640,87970,0,0,0,0,0,0,1,0,0
09-MAY-2026,TF19,0,0,0,0,0,0,0,0,0,0,1,0,0
09-MAY-2026,TM423,0,0,0,0,0,0,0,0,0,0,1,0,0
09-MAY-2026,U7019,0,0,0,0,0,0,0,0,0,0,1,0,0
09-MAY-2026,U769,0,0,0,0,0,0,0,0,0,0,1,0,0
09-MAY-2026,UA31,0,0,0,0,0,0,0,0,0,0,1,0,0
09-MAY-2026,UF11,0,0,0,0,0,0,0,0,0,0,1,0,0
09-MAY-2026,UJ1127,0,0,0,0,0,0,0,0,0,0,1,0,0
09-MAY-2026,V786,0,0,0,0,0,0,0,0,0,0,1,0,0
09-MAY-2026,VH26,0,0,0,0,0,0,0,0,0,0,1,0,0
09-MAY-2026,VM76,0,0,0,0,0,0,0,0,0,0,1,0,0
09-MAY-2026,VT519,0,0,0,0,0,0,0,0,0,0,1,0,0
09-MAY-2026,VT559,0,0,0,0,0,0,0,0,0,0,1,0,0
09-MAY-2026,VT569,0,0,0,0,0,0,0,0,0,0,1,0,0
09-MAY-2026,XA95,75120,0,75120,6260,0,0,0,0,0,0,1,0,0
09-MAY-2026,XS00707,150240,0,150240,12520,0,0,0,0,0,0,1,0,0
09-MAY-2026,Y50,0,0,0,0,0,0,0,0,0,0,1,0,0
09-MAY-2026,Y51,934503.43,0,934503.43,102664,0,0,0,0,0,0,1,0,0
09-MAY-2026,Y52,0,0,0,0,0,0,0,0,0,0,1,0,0
09-MAY-2026,YB14,0,0,0,0,0,0,0,0,0,0,1,0,0
