09-MAY-2026,0,0,0,0,0,0,0,0,0,0,0,1,0,0
09-MAY-2026,01303,4433574.44,0,4433574.44,361761,0,0,0,0,0,0,2,0,0
09-MAY-2026,AA1800,0,0,0,0,0,0,0,0,0,0,1,0,0
09-MAY-2026,AA1812,0,0,0,0,0,0,0,0,0,0,1,0,0
09-MAY-2026,AA1818,0,0,0,0,0,0,0,0,0,0,1,0,0
09-MAY-2026,AA1865,0,0,0,0,0,0,0,0,0,0,1,0,0
09-MAY-2026,AA1881,0,0,0,0,0,0,0,0,0,0,1,0,0
09-MAY-2026,AA2827,67176,0,67176,5598,0,0,0,0,0,0,1,0,0
09-MAY-2026,AA2834,67176,0,67176,5598,0,0,0,0,0,0,1,0,0
09-MAY-2026,AA3582,0,0,0,0,0,0,0,0,0,0,1,0,0
09-MAY-2026,AA6039,0,0,0,0,0,0,0,0,0,0,1,0,0
09-MAY-2026,AA6277,0,0,0,0,0,0,0,0,0,0,1,0,0
09-MAY-2026,AA6278,0,0,0,0,0,0,0,0,0,0,1,0,0
09-MAY-2026,AA6286,195392.25,0,195392.25,16072,0,0,0,0,0,0,1,0,0
09-MAY-2026,AA6296,0,0,0,0,0,0,0,0,0,0,1,0,0
09-MAY-2026,AA6300,549600,0,549600,45800,0,0,0,0,0,0,1,0,0
09-MAY-2026,AA6599,0,0,0,0,0,0,0,0,0,0,1,0,0
09-MAY-2026,AAA328,0,0,0,0,0,0,0,0,0,0,1,0,0
09-MAY-2026,AAA901,0,0,0,0,0,0,0,0,0,0,1,0,0
09-MAY-2026,AAD132,0,0,0,0,0,0,0,0,0,0,1,0,0
09-MAY-2026,AAD691,2907500,0,2907500,229000,0,0,0,0,0,0,1,0,0
09-MAY-2026,AAG229,0,0,0,0,0,0,0,0,0,0,1,0,0
09-MAY-2026,AAN328,67176,0,67176,5598,0,0,0,0,0,0,1,0,0
09-MAY-2026,AAP418,0,0,0,0,0,0,0,0,0,0,1,0,0
09-MAY-2026,AAP919,0,0,0,0,0,0,0,0,0,0,1,0,0
09-MAY-2026,AAR051,0,0,0,0,0,0,0,0,0,0,1,0,0
09-MAY-2026,AAR072,100764,0,100764,8397,0,0,0,0,0,0,1,0,0
09-MAY-2026,AAR211,199494,0,199494,16624.5,0,0,0,0,0,0,1,0,0
09-MAY-2026,AAR229,0,0,0,0,0,0,0,0,0,0,1,0,0
09-MAY-2026,AAR691,0,0,0,0,0,0,0,0,0,0,1,0,0
09-MAY-2026,AAS028,0,0,0,0,0,0,0,0,0,0,1,0,0
09-MAY-2026,AAS101,2349710.22,0,2349710.22,190759,0,0,0,0,0,0,1,0,0
09-MAY-2026,AAS174,207720,0,207720,17310,0,0,0,0,0,0,1,0,0
09-MAY-2026,AAS315,0,0,0,0,0,0,0,0,0,0,1,0,0
09-MAY-2026,AAS335,0,0,0,0,0,0,0,0,0,0,1,0,0
09-MAY-2026,AAS589,0,0,0,0,0,0,0,0,0,0,1,0,0
09-MAY-2026,AAV401,985759.63,0,985759.63,80668,0,0,0,0,0,0,1,0,0
09-MAY-2026,AB3517,755700,0,755700,62975,0,0,0,0,0,0,1,0,0
09-MAY-2026,BB3542,0,0,0,0,0,0,0,0,0,0,1,0,0
09-MAY-2026,BB4005,403017,800,403817,65285,0,0,0,0,0,0,1,0,0
09-MAY-2026,BB4006,0,0,0,0,0,0,0,0,0,0,1,0,0
09-MAY-2026,BM2713,0,0,0,0,0,0,0,0,0,0,1,0,0
09-MAY-2026,BM5002,1281930,0,1281930,106827.5,0,0,0,0,0,0,1,0,0
09-MAY-2026,BS0002,480900,0,480900,40075,0,0,0,0,0,0,1,0,0
09-MAY-2026,BS0075,2059476,0,2059476,171623,0,0,0,0,0,0,1,0,0
09-MAY-2026,BS0077,274800,0,274800,22900,0,0,0,0,0,0,1,0,0
09-MAY-2026,CC0041,0,0,0,0,0,0,0,0,0,0,1,0,0
09-MAY-2026,HE1002,0,0,0,0,0,0,0,0,0,0,1,0,0
09-MAY-2026,HE1003,0,0,0,0,0,0,0,0,0,0,1,0,0
09-MAY-2026,HE1004,0,0,0,0,0,0,0,0,0,0,1,0,0
09-MAY-2026,HE1008,0,0,0,0,0,0,0,0,0,0,1,0,0
09-MAY-2026,MA4019,0,0,0,0,0,0,0,0,0,0,1,0,0
09-MAY-2026,MA4028,0,0,0,0,0,0,0,0,0,0,1,0,0
09-MAY-2026,MA4029,0,0,0,0,0,0,0,0,0,0,1,0,0
09-MAY-2026,MA4037,0,0,0,0,0,0,0,0,0,0,1,0,0
09-MAY-2026,MA4069,7514274,0,7514274,626189.5,0,0,0,0,0,0,1,0,0
09-MAY-2026,MA4120,41544,0,41544,3462,0,0,0,0,0,0,1,0,0
09-MAY-2026,MA4143,3996726,0,3996726,333060.5,0,0,0,0,0,0,1,0,0
09-MAY-2026,MA4152,2163006,0,2163006,261858,0,0,0,0,0,0,1,0,0
09-MAY-2026,MA4162,2807748,0,2807748,540834,0,0,0,0,0,0,1,0,0
09-MAY-2026,MA4165,7417812,0,7417812,618151,0,0,0,0,0,0,1,0,0
09-MAY-2026,MA4173,0,0,0,0,0,0,0,0,0,0,1,0,0
09-MAY-2026,MA4181,456984,0,456984,38082,0,0,0,0,0,0,1,0,0
09-MAY-2026,MA4187,410040,0,410040,34170,0,0,0,0,0,0,1,0,0
09-MAY-2026,MA4190,0,0,0,0,0,0,0,0,0,0,1,0,0
09-MAY-2026,MA4193,0,0,0,0,0,0,0,0,0,0,1,0,0
09-MAY-2026,MA4195,2673528,0,2673528,222794,0,0,0,0,0,0,1,0,0
09-MAY-2026,MA4198,0,0,0,0,0,0,0,0,0,0,1,0,0
09-MAY-2026,MA4199,0,0,0,0,0,0,0,0,0,0,1,0,0
09-MAY-2026,MA4200,0,0,0,0,0,0,0,0,0,0,1,0,0
09-MAY-2026,MA4202,0,0,0,0,0,0,0,0,0,0,1,0,0
09-MAY-2026,MA4204,166176,0,166176,13848,0,0,0,0,0,0,1,0,0
09-MAY-2026,MA4205,0,0,0,0,0,0,0,0,0,0,1,0,0
