09-MAY-2026,10563,11025717.08,0.00,11025717.08,910579.50,C
09-MAY-2026,3919,33588.00,0.00,33588.00,2799.00,C
09-MAY-2026,7885,168595.72,0.00,168595.72,14638.00,C
09-MAY-2026,A124059,71622.00,0.00,71622.00,5968.50,C
09-MAY-2026,A684673,145044.00,0.00,145044.00,12087.00,C
09-MAY-2026,A78754,41004.00,0.00,41004.00,3417.00,C
09-MAY-2026,A810232,332490.00,0.00,332490.00,27707.50,C
09-MAY-2026,A82744,4307848.00,0.00,4307848.00,360160.00,C
09-MAY-2026,A82747,4694472.00,0.00,4694472.00,391206.00,C
09-MAY-2026,A82748,3863592.00,0.00,3863592.00,321966.00,C
09-MAY-2026,A82749,41544.00,0.00,41544.00,3462.00,C
09-MAY-2026,A84505,1627786.51,0.00,1627786.51,135470.00,C
09-MAY-2026,A84510,638059.72,0.00,638059.72,52960.00,C
09-MAY-2026,A84513,1416843.98,0.00,1416843.98,141251.00,C
09-MAY-2026,A84515,78816.11,0.00,78816.11,6924.00,C
09-MAY-2026,A84522,231192.00,0.00,231192.00,19266.00,C
09-MAY-2026,A84525,67176.00,0.00,67176.00,5598.00,C
09-MAY-2026,A917131,0.00,0.00,0.00,38300.00,C
09-MAY-2026,A917235,147384.00,0.00,147384.00,12282.00,C
09-MAY-2026,A917236,2483045.99,0.00,2483045.99,206081.00,C
09-MAY-2026,A91771,65962.33,0.00,65962.33,5541.50,C
09-MAY-2026,A91777,1805335.52,0.00,1805335.52,216578.00,C
09-MAY-2026,A91780,1093579.96,0.00,1093579.96,88893.00,C
09-MAY-2026,A98495,1219987.96,0.00,1219987.96,99427.00,C
09-MAY-2026,B1039103,235194.00,0.00,235194.00,25377.50,C
09-MAY-2026,B103915,2490838.11,0.00,2490838.11,293145.00,C
09-MAY-2026,B10715,199632.04,0.00,199632.04,16737.50,C
09-MAY-2026,B15601,298111.99,0.00,298111.99,24283.00,C
09-MAY-2026,B17281,35180.00,0.00,35180.00,4718.00,C
09-MAY-2026,B231161,249264.00,0.00,249264.00,20772.00,C
09-MAY-2026,B28919,67470.00,0.00,67470.00,5622.50,C
09-MAY-2026,B33111,345408.00,0.00,345408.00,70523.43,C
09-MAY-2026,B36292,143244.00,0.00,143244.00,11937.00,C
09-MAY-2026,B45228,0.00,0.00,0.00,300.00,C
09-MAY-2026,B45307,206100.00,0.00,206100.00,17175.00,C
09-MAY-2026,B46402,0.00,0.00,0.00,2500.00,C
09-MAY-2026,B46403,214866.00,0.00,214866.00,17905.50,C
