09-MAY-2026,01241,0,0,0,0,0,0,0,0,0,0,2,0,0,0,0,20260509-0,11000000,11000000,11000000,0,0,20260509-0
09-MAY-2026,60G01,1923513.44,0,1923513.44,185174,0,0,0,0,0,0,1,0,0,1923513.44,185174,20260509-0,2044095.89,2044095.89,2044095.89,2108687.44,64591.55,20260509-0
09-MAY-2026,A32,537816,0,537816,44818,0,0,0,0,0,0,1,0,0,537816,44818,20260509-0,761415.11,761415.11,761415.11,582634,0,20260509-0
09-MAY-2026,A43,6152042.13,0,6152042.13,539298,0,0,0,0,0,0,1,0,0,6168509.99,545955.5,20260509-0,8998149.95,8998149.95,8998149.95,6714465.49,0,20260509-0
09-MAY-2026,A436,132996,0,132996,11083,0,0,0,0,0,0,1,0,0,132996,11083,20260509-0,321378.44,321378.44,321378.44,144079,0,20260509-0
09-MAY-2026,A632,269880,0,269880,22490,0,0,0,0,0,0,1,0,0,269880,22490,20260509-0,468126.39,468126.39,468126.39,292370,0,20260509-0
09-MAY-2026,D260,41544,0,41544,3462,0,0,0,0,0,0,1,0,0,41544,3462,20260509-0,89567.2,89567.2,89567.2,45006,0,20260509-0
09-MAY-2026,IH159,67176,0,67176,5598,0,0,0,0,0,0,1,0,0,67176,5598,20260509-0,109560.93,109560.93,109560.93,72774,0,20260509-0
09-MAY-2026,IH511,682080,0,682080,56840,0,0,0,0,0,0,1,0,0,682080,56840,20260509-0,878646.78,878646.78,878646.78,738920,0,20260509-0
09-MAY-2026,J36,1046303.66,0,1046303.66,87203,0,0,0,0,0,0,1,0,0,1046303.66,87203,20260509-0,1243200.23,1243200.23,1243200.23,1133506.66,0,20260509-0
09-MAY-2026,K35,661464,0,661464,55122,0,0,0,0,0,0,1,0,0,661464,55122,20260509-0,1023902.05,1023902.05,1023902.05,716586,0,20260509-0
09-MAY-2026,M166,949632,0,949632,79136,0,0,0,0,0,0,1,0,0,949632,79136,20260509-0,1623583.31,1623583.31,1623583.31,1028768,0,20260509-0
09-MAY-2026,M714,1970844,0,1970844,164237,0,0,0,0,0,0,1,0,0,1970844,164237,20260509-0,3997168.17,3997168.17,3997168.17,2135081,0,20260509-0
09-MAY-2026,M91,241639.86,0,241639.86,47645,0,0,0,0,0,0,1,0,0,241639.86,47645,20260509-0,1265024.08,1265024.08,1265024.08,272081,0,20260509-0
09-MAY-2026,N103,1667310,0,1667310,138942.5,0,0,0,0,0,0,1,0,0,1667310,138942.5,20260509-0,1940620.73,1940620.73,1940620.73,1806252.5,0,20260509-0
09-MAY-2026,N108,66498,0,66498,5541.5,0,0,0,0,0,0,1,0,0,208267.86,16994.5,20260509-0,1409450.03,1409450.03,1409450.03,225262.36,0,20260509-0
09-MAY-2026,N305,674700,0,674700,56225,0,0,0,0,0,0,1,0,0,674700,56225,20260509-0,1278532.67,1278532.67,1278532.67,730925,0,20260509-0
09-MAY-2026,NH112,182901.64,0,182901.64,14286,0,0,0,0,0,0,1,0,0,182901.64,14286,20260509-0,418913.99,418913.99,418913.99,197187.64,0,20260509-0
09-MAY-2026,O49,66498,0,66498,5541.5,0,0,0,0,0,0,1,0,0,66498,5541.5,20260509-0,169779.02,169779.02,169779.02,72039.5,0,20260509-0
09-MAY-2026,P10,309103.7,0,309103.7,24339,0,0,0,0,0,0,1,0,0,309103.7,24339,20260509-0,812701.62,812701.62,812701.62,333442.7,0,20260509-0
09-MAY-2026,P102,1247201.29,0,1247201.29,103933.5,0,0,0,0,0,0,1,0,0,1247201.29,103933.5,20260509-0,1499693.51,1499693.51,1499693.51,1351134.79,0,20260509-0
09-MAY-2026,P231,958404.81,0,958404.81,74076,0,0,0,0,0,0,1,0,0,958404.81,74076,20260509-0,2223549.88,2223549.88,2223549.88,1032480.81,0,20260509-0
09-MAY-2026,P397,944580,0,944580,78715,0,0,0,0,0,0,1,0,0,944580,78715,20260509-0,1057554.21,1057554.21,1057554.21,1023295,0,20260509-0
09-MAY-2026,P399,1994940,0,1994940,166245,0,0,0,0,0,0,1,0,0,1994940,166245,20260509-0,3118438.54,3118438.54,3118438.54,2161185,0,20260509-0
09-MAY-2026,P447,664980,0,664980,55415,0,0,0,0,0,0,1,0,0,664980,55415,20260509-0,1010155.29,1010155.29,1010155.29,720395,0,20260509-0
09-MAY-2026,P57,83631,0,83631,11139.5,0,0,0,0,0,0,1,0,0,83631,11139.5,20260509-0,102478.42,102478.42,102478.42,94770.5,0,20260509-0
09-MAY-2026,R176,0,0,0,0,0,0,0,0,0,0,1,0,0,0,0,20260509-0,161104.51,161104.51,161104.51,0,0,20260509-0
09-MAY-2026,R324,0,0,0,0,0,0,0,0,0,0,1,0,0,0,0,20260509-0,206312.47,206312.47,206312.47,0,0,20260509-0
09-MAY-2026,R393,806201.77,0,806201.77,65262.5,0,0,0,0,0,0,1,0,0,806201.77,65262.5,20260509-0,982008.55,982008.55,982008.55,871464.27,0,20260509-0
09-MAY-2026,R695,0,0,0,0,0,0,0,0,0,0,1,0,0,0,0,20260509-0,24261.32,24261.32,24261.32,0,0,20260509-0
09-MAY-2026,R780,1312530,0,1312530,109377.5,0,0,0,0,0,0,1,0,0,1312530,109377.5,20260509-0,1673802.22,1673802.22,1673802.22,1421907.5,0,20260509-0
09-MAY-2026,R855,0,0,0,0,0,0,0,0,0,0,1,0,0,0,0,20260509-0,1240000,1240000,1240000,0,0,20260509-0
09-MAY-2026,S15,5523946.53,0,5523946.53,451300,0,0,0,0,0,0,1,0,0,5523946.53,451300,20260509-0,11099335.4,11099335.4,11099335.4,5975246.53,0,20260509-0
09-MAY-2026,S1525,4361070,0,4361070,363422.5,0,0,0,0,0,0,1,0,0,4361070,363422.5,20260509-0,6571223.67,6571223.67,6571223.67,4724492.5,0,20260509-0
09-MAY-2026,S1582,3020387.28,0,3020387.28,263962.5,0,0,0,0,0,0,1,0,0,3020387.28,263962.5,20260509-0,3634828.67,3634828.67,3634828.67,3284349.78,0,20260509-0
09-MAY-2026,S192,0,0,0,0,0,0,0,0,0,0,1,0,0,0,0,20260509-0,6795.79,6795.79,6795.79,0,0,20260509-0
09-MAY-2026,S365,0,0,0,0,0,0,0,0,0,0,1,0,0,0,0,20260509-0,433034.76,433034.76,433034.76,0,0,20260509-0
09-MAY-2026,S378,132996,0,132996,11083,0,0,0,0,0,0,1,0,0,132996,11083,20260509-0,144703,144703,144703,144079,0,20260509-0
09-MAY-2026,S423,544812,0,544812,45401,0,0,0,0,0,0,1,0,0,544812,45401,20260509-0,1140564.62,1140564.62,1140564.62,590213,0,20260509-0
09-MAY-2026,S425,1089630,0,1089630,90802.5,0,0,0,0,0,0,1,0,0,1089630,90802.5,20260509-0,3424336.38,3424336.38,3424336.38,1180432.5,0,20260509-0
09-MAY-2026,V255,217566,0,217566,18130.5,0,0,0,0,0,0,1,0,0,217566,18130.5,20260509-0,3633174.22,3633174.22,3633174.22,235696.5,0,20260509-0
09-MAY-2026,V303,927311.09,0,927311.09,73017,0,0,0,0,0,0,1,0,0,927311.09,73017,20260509-0,1219190.73,1219190.73,1219190.73,1000328.09,0,20260509-0
09-MAY-2026,V70,1329960,0,1329960,110830,0,0,0,0,0,0,1,0,0,1329960,110830,20260509-0,1716569.9,1716569.9,1716569.9,1440790,0,20260509-0
09-MAY-2026,WA00239,79867.07,0,79867.07,6173,0,0,0,0,0,0,1,0,0,79867.07,6173,20260509-0,279303.93,279303.93,279303.93,86040.07,0,20260509-0
09-MAY-2026,WA00455,153630,0,153630,12802.5,0,0,0,0,0,0,1,0,0,153630,12802.5,20260509-0,331179.13,331179.13,331179.13,166432.5,0,20260509-0
09-MAY-2026,WA0080,0,0,0,0,0,0,0,0,0,0,1,0,0,0,0,20260509-0,14786.4,14786.4,14786.4,0,0,20260509-0
09-MAY-2026,WA1083,67470,0,67470,5622.5,0,0,0,0,0,0,1,0,0,67470,5622.5,20260509-0,73391.5,73391.5,73391.5,73092.5,0,20260509-0
09-MAY-2026,WA1093,0,0,0,0,0,0,0,0,0,0,1,0,0,0,0,20260509-0,226.29,226.29,226.29,0,0,20260509-0
09-MAY-2026,WA1239,587772,0,587772,48981,0,0,0,0,0,0,1,0,0,587772,48981,20260509-0,663586.61,663586.61,663586.61,636753,0,20260509-0
09-MAY-2026,WA1257,201528,0,201528,16794,0,0,0,0,0,0,1,0,0,201528,16794,20260509-0,308266.72,308266.72,308266.72,218322,0,20260509-0
09-MAY-2026,WA1259,269880,0,269880,22490,0,0,0,0,0,0,1,0,0,269880,22490,20260509-0,633525.28,633525.28,633525.28,292370,0,20260509-0
09-MAY-2026,WA1269,772524,0,772524,64377,0,0,0,0,0,0,1,0,0,772524,64377,20260509-0,923293.21,923293.21,923293.21,836901,0,20260509-0
09-MAY-2026,WA1301,66498,0,66498,5541.5,0,0,0,0,0,0,1,0,0,66498,5541.5,20260509-0,229815.37,229815.37,229815.37,72039.5,0,20260509-0
09-MAY-2026,WA1312,66498,0,66498,5541.5,0,0,0,0,0,0,1,0,0,66498,5541.5,20260509-0,118534.32,118534.32,118534.32,72039.5,0,20260509-0
09-MAY-2026,WA1314,0,0,0,0,0,0,0,0,0,0,1,0,0,0,0,20260509-0,98265.55,98265.55,98265.55,0,0,20260509-0
09-MAY-2026,Y51,67470,0,67470,5622.5,0,0,0,0,0,0,1,0,0,67470,5622.5,20260509-0,0,0,0,73092.5,73092.5,20260509-0
