09-MAY-2026,01241,0,0,0,0,0,0,0,0,0,0,2,0,0
09-MAY-2026,11O02,0,0,0,0,0,0,0,0,0,0,1,0,0
09-MAY-2026,18R32,0,0,0,0,0,0,0,0,0,0,1,0,0
09-MAY-2026,55S02,0,0,0,0,0,0,0,0,0,0,1,0,0
09-MAY-2026,55S03,0,0,0,0,0,0,0,0,0,0,1,0,0
09-MAY-2026,60A03,0,0,0,0,0,0,0,0,0,0,1,0,0
09-MAY-2026,60A04,0,0,0,0,0,0,0,0,0,0,1,0,0
09-MAY-2026,60A05,0,0,0,0,0,0,0,0,0,0,1,0,0
09-MAY-2026,60A06,0,0,0,0,0,0,0,0,0,0,1,0,0
09-MAY-2026,60A07,0,0,0,0,0,0,0,0,0,0,1,0,0
09-MAY-2026,60A09,0,0,0,0,0,0,0,0,0,0,1,0,0
09-MAY-2026,60A10,0,0,0,0,0,0,0,0,0,0,1,0,0
09-MAY-2026,60B04,0,0,0,0,0,0,0,0,0,0,1,0,0
09-MAY-2026,60B05,0,0,0,0,0,0,0,0,0,0,1,0,0
09-MAY-2026,60B06,0,0,0,0,0,0,0,0,0,0,1,0,0
09-MAY-2026,60B07,0,0,0,0,0,0,0,0,0,0,1,0,0
09-MAY-2026,60B10,0,0,0,0,0,0,0,0,0,0,1,0,0
09-MAY-2026,60B11,0,0,0,0,0,0,0,0,0,0,1,0,0
09-MAY-2026,60B12,0,0,0,0,0,0,0,0,0,0,1,0,0
09-MAY-2026,60C01,0,0,0,0,0,0,0,0,0,0,1,0,0
09-MAY-2026,60C03,0,0,0,0,0,0,0,0,0,0,1,0,0
09-MAY-2026,60C04,0,0,0,0,0,0,0,0,0,0,1,0,0
09-MAY-2026,60C07,0,0,0,0,0,0,0,0,0,0,1,0,0
09-MAY-2026,60D02,0,0,0,0,0,0,0,0,0,0,1,0,0
09-MAY-2026,60E12,0,0,0,0,0,0,0,0,0,0,1,0,0
09-MAY-2026,60ER02,0,0,0,0,0,0,0,0,0,0,1,0,0
09-MAY-2026,60G01,1965508.18,0,1965508.18,185174,0,0,0,0,0,0,1,0,0
09-MAY-2026,60G05,0,0,0,0,0,0,0,0,0,0,1,0,0
09-MAY-2026,60G06,0,0,0,0,0,0,0,0,0,0,1,0,0
09-MAY-2026,60H03,0,0,0,0,0,0,0,0,0,0,1,0,0
09-MAY-2026,60H05,0,0,0,0,0,0,0,0,0,0,1,0,0
09-MAY-2026,60H06,0,0,0,0,0,0,0,0,0,0,1,0,0
09-MAY-2026,60I01,0,0,0,0,0,0,0,0,0,0,1,0,0
09-MAY-2026,60K09,0,0,0,0,0,0,0,0,0,0,1,0,0
09-MAY-2026,60K10,0,0,0,0,0,0,0,0,0,0,1,0,0
09-MAY-2026,60K11,0,0,0,0,0,0,0,0,0,0,1,0,0
09-MAY-2026,60K12,0,0,0,0,0,0,0,0,0,0,1,0,0
09-MAY-2026,60K14,0,0,0,0,0,0,0,0,0,0,1,0,0
09-MAY-2026,60K15,0,0,0,0,0,0,0,0,0,0,1,0,0
09-MAY-2026,60K16,0,0,0,0,0,0,0,0,0,0,1,0,0
09-MAY-2026,60K17,0,0,0,0,0,0,0,0,0,0,1,0,0
09-MAY-2026,60K19,0,0,0,0,0,0,0,0,0,0,1,0,0
09-MAY-2026,60K20,0,0,0,0,0,0,0,0,0,0,1,0,0
09-MAY-2026,60L03,0,0,0,0,0,0,0,0,0,0,1,0,0
09-MAY-2026,60L04,0,0,0,0,0,0,0,0,0,0,1,0,0
09-MAY-2026,60M02,0,0,0,0,0,0,0,0,0,0,1,0,0
09-MAY-2026,60M04,0,0,0,0,0,0,0,0,0,0,1,0,0
09-MAY-2026,60M05,0,0,0,0,0,0,0,0,0,0,1,0,0
09-MAY-2026,60N04,0,0,0,0,0,0,0,0,0,0,1,0,0
09-MAY-2026,60N05,0,0,0,0,0,0,0,0,0,0,1,0,0
09-MAY-2026,60N06,0,0,0,0,0,0,0,0,0,0,1,0,0
09-MAY-2026,60N07,0,0,0,0,0,0,0,0,0,0,1,0,0
09-MAY-2026,60N08,0,0,0,0,0,0,0,0,0,0,1,0,0
09-MAY-2026,60P04,0,0,0,0,0,0,0,0,0,0,1,0,0
09-MAY-2026,60P05,0,0,0,0,0,0,0,0,0,0,1,0,0
09-MAY-2026,60P06,0,0,0,0,0,0,0,0,0,0,1,0,0
09-MAY-2026,60P07,0,0,0,0,0,0,0,0,0,0,1,0,0
09-MAY-2026,60P08,0,0,0,0,0,0,0,0,0,0,1,0,0
09-MAY-2026,60P09,0,0,0,0,0,0,0,0,0,0,1,0,0
09-MAY-2026,60P11,0,0,0,0,0,0,0,0,0,0,1,0,0
09-MAY-2026,60P12,0,0,0,0,0,0,0,0,0,0,1,0,0
09-MAY-2026,60P13,0,0,0,0,0,0,0,0,0,0,1,0,0
09-MAY-2026,60R02,0,0,0,0,0,0,0,0,0,0,1,0,0
09-MAY-2026,60R03,0,0,0,0,0,0,0,0,0,0,1,0,0
09-MAY-2026,60R04,0,0,0,0,0,0,0,0,0,0,1,0,0
09-MAY-2026,60S01,0,0,0,0,0,0,0,0,0,0,1,0,0
09-MAY-2026,60S05,0,0,0,0,0,0,0,0,0,0,1,0,0
09-MAY-2026,60S09,0,0,0,0,0,0,0,0,0,0,1,0,0
09-MAY-2026,60S10,0,0,0,0,0,0,0,0,0,0,1,0,0
09-MAY-2026,60S11,0,0,0,0,0,0,0,0,0,0,1,0,0
09-MAY-2026,60S12,0,0,0,0,0,0,0,0,0,0,1,0,0
09-MAY-2026,60S13,0,0,0,0,0,0,0,0,0,0,1,0,0
09-MAY-2026,60S15,0,0,0,0,0,0,0,0,0,0,1,0,0
09-MAY-2026,60S16,0,0,0,0,0,0,0,0,0,0,1,0,0
09-MAY-2026,60S17,0,0,0,0,0,0,0,0,0,0,1,0,0
09-MAY-2026,60S18,0,0,0,0,0,0,0,0,0,0,1,0,0
09-MAY-2026,60S19,0,0,0,0,0,0,0,0,0,0,1,0,0
09-MAY-2026,60S20,0,0,0,0,0,0,0,0,0,0,1,0,0
09-MAY-2026,60T01,0,0,0,0,0,0,0,0,0,0,1,0,0
09-MAY-2026,60U01,0,0,0,0,0,0,0,0,0,0,1,0,0
09-MAY-2026,60U02,0,0,0,0,0,0,0,0,0,0,1,0,0
09-MAY-2026,60V02,0,0,0,0,0,0,0,0,0,0,1,0,0
09-MAY-2026,60V04,0,0,0,0,0,0,0,0,0,0,1,0,0
09-MAY-2026,60Z01,0,0,0,0,0,0,0,0,0,0,1,0,0
09-MAY-2026,A31,0,0,0,0,0,0,0,0,0,0,1,0,0
09-MAY-2026,A32,537816,0,537816,44818,0,0,0,0,0,0,1,0,0
09-MAY-2026,A43,6095931.45,0,6095931.45,539298,0,0,0,0,0,0,1,0,0
09-MAY-2026,A436,132996,0,132996,11083,0,0,0,0,0,0,1,0,0
09-MAY-2026,A632,269880,0,269880,22490,0,0,0,0,0,0,1,0,0
09-MAY-2026,AM17,0,0,0,0,0,0,0,0,0,0,1,0,0
09-MAY-2026,B207,0,0,0,0,0,0,0,0,0,0,1,0,0
09-MAY-2026,B333,0,0,0,0,0,0,0,0,0,0,1,0,0
09-MAY-2026,BA01,0,0,0,0,0,0,0,0,0,0,1,0,0
09-MAY-2026,BG16,0,0,0,0,0,0,0,0,0,0,1,0,0
09-MAY-2026,C08,0,0,0,0,0,0,0,0,0,0,1,0,0
09-MAY-2026,D127,0,0,0,0,0,0,0,0,0,0,1,0,0
09-MAY-2026,D228,0,0,0,0,0,0,0,0,0,0,1,0,0
09-MAY-2026,D260,41544,0,41544,3462,0,0,0,0,0,0,1,0,0
09-MAY-2026,D551,0,0,0,0,0,0,0,0,0,0,1,0,0
09-MAY-2026,G195,0,0,0,0,0,0,0,0,0,0,1,0,0
09-MAY-2026,G26,0,0,0,0,0,0,0,0,0,0,1,0,0
09-MAY-2026,IH159,67176,0,67176,5598,0,0,0,0,0,0,1,0,0
09-MAY-2026,IH511,682080,0,682080,56840,0,0,0,0,0,0,1,0,0
09-MAY-2026,J121,0,0,0,0,0,0,0,0,0,0,1,0,0
09-MAY-2026,J36,994283.99,0,994283.99,87203,0,0,0,0,0,0,1,0,0
09-MAY-2026,K35,661464,0,661464,55122,0,0,0,0,0,0,1,0,0
09-MAY-2026,M166,949632,0,949632,79136,0,0,0,0,0,0,1,0,0
09-MAY-2026,M204,0,0,0,0,0,0,0,0,0,0,1,0,0
09-MAY-2026,M608,0,0,0,0,0,0,0,0,0,0,1,0,0
09-MAY-2026,M632,0,0,0,0,0,0,0,0,0,0,1,0,0
09-MAY-2026,M67,0,0,0,0,0,0,0,0,0,0,1,0,0
09-MAY-2026,M675,0,0,0,0,0,0,0,0,0,0,1,0,0
09-MAY-2026,M696,0,0,0,0,0,0,0,0,0,0,1,0,0
09-MAY-2026,M709,0,0,0,0,0,0,0,0,0,0,1,0,0
09-MAY-2026,M714,1970844,0,1970844,164237,0,0,0,0,0,0,1,0,0
09-MAY-2026,M91,238626.49,0,238626.49,47645,0,0,0,0,0,0,1,0,0
09-MAY-2026,N103,1667310,0,1667310,138942.5,0,0,0,0,0,0,1,0,0
09-MAY-2026,N108,66498,0,66498,5541.5,0,0,0,0,0,0,1,0,0
09-MAY-2026,N305,674700,0,674700,56225,0,0,0,0,0,0,1,0,0
09-MAY-2026,N328,0,0,0,0,0,0,0,0,0,0,1,0,0
09-MAY-2026,NH112,177329.71,0,177329.71,14286,0,0,0,0,0,0,1,0,0
09-MAY-2026,O49,66498,0,66498,5541.5,0,0,0,0,0,0,1,0,0
09-MAY-2026,O55,0,0,0,0,0,0,0,0,0,0,1,0,0
09-MAY-2026,P10,299687.15,0,299687.15,24339,0,0,0,0,0,0,1,0,0
09-MAY-2026,P102,1238658.22,0,1238658.22,103933.5,0,0,0,0,0,0,1,0,0
09-MAY-2026,P178,0,0,0,0,0,0,0,0,0,0,1,0,0
09-MAY-2026,P213,0,0,0,0,0,0,0,0,0,0,1,0,0
09-MAY-2026,P231,929207.94,0,929207.94,74076,0,0,0,0,0,0,1,0,0
09-MAY-2026,P378,0,0,0,0,0,0,0,0,0,0,1,0,0
09-MAY-2026,P397,944580,0,944580,78715,0,0,0,0,0,0,1,0,0
09-MAY-2026,P399,1994940,0,1994940,166245,0,0,0,0,0,0,1,0,0
09-MAY-2026,P402,0,0,0,0,0,0,0,0,0,0,1,0,0
09-MAY-2026,P419,0,0,0,0,0,0,0,0,0,0,1,0,0
09-MAY-2026,P432,0,0,0,0,0,0,0,0,0,0,1,0,0
09-MAY-2026,P447,664980,0,664980,55415,0,0,0,0,0,0,1,0,0
09-MAY-2026,P57,83631,0,83631,11139.5,0,0,0,0,0,0,1,0,0
09-MAY-2026,P67,0,0,0,0,0,0,0,0,0,0,1,0,0
09-MAY-2026,R176,0,0,0,0,0,0,0,0,0,0,1,0,0
09-MAY-2026,R324,0,0,0,0,0,0,0,0,0,0,1,0,0
09-MAY-2026,R393,795763.7,0,795763.7,65262.5,0,0,0,0,0,0,1,0,0
09-MAY-2026,R695,0,0,0,0,0,0,0,0,0,0,1,0,0
09-MAY-2026,R780,1312530,0,1312530,109377.5,0,0,0,0,0,0,1,0,0
09-MAY-2026,R806,0,0,0,0,0,0,0,0,0,0,1,0,0
09-MAY-2026,R852,0,0,0,0,0,0,0,0,0,0,1,0,0
09-MAY-2026,R855,0,0,0,0,0,0,0,0,0,0,1,0,0
09-MAY-2026,S15,5447203.17,0,5447203.17,451300,0,0,0,0,0,0,1,0,0
09-MAY-2026,S1515,0,0,0,0,0,0,0,0,0,0,1,0,0
09-MAY-2026,S1525,4361070,0,4361070,363422.5,0,0,0,0,0,0,1,0,0
09-MAY-2026,S1582,3019536.85,0,3019536.85,263962.5,0,0,0,0,0,0,1,0,0
09-MAY-2026,S182,0,0,0,0,0,0,0,0,0,0,1,0,0
09-MAY-2026,S192,0,0,0,0,0,0,0,0,0,0,1,0,0
09-MAY-2026,S257,0,0,0,0,0,0,0,0,0,0,1,0,0
09-MAY-2026,S31,0,0,0,0,0,0,0,0,0,0,1,0,0
09-MAY-2026,S365,0,0,0,0,0,0,0,0,0,0,1,0,0
09-MAY-2026,S378,132996,0,132996,11083,0,0,0,0,0,0,1,0,0
09-MAY-2026,S423,544812,0,544812,45401,0,0,0,0,0,0,1,0,0
09-MAY-2026,S425,1089630,0,1089630,90802.5,0,0,0,0,0,0,1,0,0
09-MAY-2026,S480,0,0,0,0,0,0,0,0,0,0,1,0,0
09-MAY-2026,S542,0,0,0,0,0,0,0,0,0,0,1,0,0
09-MAY-2026,S742,0,0,0,0,0,0,0,0,0,0,1,0,0
09-MAY-2026,S982,0,0,0,0,0,0,0,0,0,0,1,0,0
09-MAY-2026,S995,0,0,0,0,0,0,0,0,0,0,1,0,0
09-MAY-2026,SP427,0,0,0,0,0,0,0,0,0,0,1,0,0
09-MAY-2026,V255,217566,0,217566,18130.5,0,0,0,0,0,0,1,0,0
09-MAY-2026,V260,0,0,0,0,0,0,0,0,0,0,1,0,0
09-MAY-2026,V303,899061.46,0,899061.46,73017,0,0,0,0,0,0,1,0,0
09-MAY-2026,V70,1329960,0,1329960,110830,0,0,0,0,0,0,1,0,0
09-MAY-2026,WA00232,0,0,0,0,0,0,0,0,0,0,1,0,0
09-MAY-2026,WA00233,0,0,0,0,0,0,0,0,0,0,1,0,0
09-MAY-2026,WA00239,77434,0,77434,6173,0,0,0,0,0,0,1,0,0
09-MAY-2026,WA00281,0,0,0,0,0,0,0,0,0,0,1,0,0
09-MAY-2026,WA0045,0,0,0,0,0,0,0,0,0,0,1,0,0
09-MAY-2026,WA00455,153630,0,153630,12802.5,0,0,0,0,0,0,1,0,0
09-MAY-2026,WA0075,0,0,0,0,0,0,0,0,0,0,1,0,0
09-MAY-2026,WA0080,0,0,0,0,0,0,0,0,0,0,1,0,0
09-MAY-2026,WA1083,67470,0,67470,5622.5,0,0,0,0,0,0,1,0,0
09-MAY-2026,WA1093,0,0,0,0,0,0,0,0,0,0,1,0,0
09-MAY-2026,WA1123,0,0,0,0,0,0,0,0,0,0,1,0,0
09-MAY-2026,WA1239,587772,0,587772,48981,0,0,0,0,0,0,1,0,0
09-MAY-2026,WA1253,0,0,0,0,0,0,0,0,0,0,1,0,0
09-MAY-2026,WA1257,201528,0,201528,16794,0,0,0,0,0,0,1,0,0
09-MAY-2026,WA1259,269880,0,269880,22490,0,0,0,0,0,0,1,0,0
09-MAY-2026,WA1260,0,0,0,0,0,0,0,0,0,0,1,0,0
09-MAY-2026,WA1268,0,0,0,0,0,0,0,0,0,0,1,0,0
09-MAY-2026,WA1269,772524,0,772524,64377,0,0,0,0,0,0,1,0,0
09-MAY-2026,WA1301,66498,0,66498,5541.5,0,0,0,0,0,0,1,0,0
09-MAY-2026,WA1312,66498,0,66498,5541.5,0,0,0,0,0,0,1,0,0
09-MAY-2026,WA1314,0,0,0,0,0,0,0,0,0,0,1,0,0
09-MAY-2026,Y51,67470,0,67470,5622.5,0,0,0,0,0,0,1,0,0
09-MAY-2026,Y55,0,0,0,0,0,0,0,0,0,0,1,0,0
