09-MAY-2026,04960,75120.00,0.00,75120.00,6260.00,C
09-MAY-2026,0520,715440.00,0.00,715440.00,77980.00,C
09-MAY-2026,1150,51840.00,0.00,51840.00,6480.00,C
09-MAY-2026,140013,41004.00,0.00,41004.00,3417.00,C
09-MAY-2026,15481,864474.00,0.00,864474.00,72039.50,C
09-MAY-2026,15973,5740398.15,0.00,5740398.15,473536.00,C
09-MAY-2026,15974,205020.00,0.00,205020.00,17085.00,C
09-MAY-2026,21626,1172996.00,0.00,1172996.00,121103.86,C
09-MAY-2026,22714,1074330.00,0.00,1074330.00,89527.50,C
09-MAY-2026,23993,1150493.00,0.00,1150493.00,122778.50,C
09-MAY-2026,25666,0.00,0.00,0.00,7800.00,C
09-MAY-2026,27881,443496.00,0.00,443496.00,36958.00,C
09-MAY-2026,38214,578336.00,0.00,578336.00,72292.00,C
09-MAY-2026,38282,358110.00,0.00,358110.00,29842.50,C
09-MAY-2026,38737,323886.00,0.00,323886.00,39054.50,C
09-MAY-2026,39905,2864880.00,0.00,2864880.00,238740.00,C
09-MAY-2026,43700,1084358.99,0.00,1084358.99,94638.00,C
09-MAY-2026,44830,3956412.00,0.00,3956412.00,329701.00,C
09-MAY-2026,60809,64324680.00,0.00,64324680.00,8172475.60,C
09-MAY-2026,65303,203052.00,0.00,203052.00,16921.00,C
09-MAY-2026,74940,3517060.57,0.00,3517060.57,289296.00,C
09-MAY-2026,74943,830880.00,0.00,830880.00,69240.00,C
09-MAY-2026,76553,1486647.94,0.00,1486647.94,136249.50,C
09-MAY-2026,76557,1104096.00,0.00,1104096.00,138012.00,C
09-MAY-2026,85326,41544.00,0.00,41544.00,3462.00,C
09-MAY-2026,95128,66498.00,0.00,66498.00,5541.50,C
09-MAY-2026,98715,1354688.00,0.00,1354688.00,146846.00,C
09-MAY-2026,BB0046,531720.00,0.00,531720.00,60740.00,C
09-MAY-2026,BB10040,68700.00,0.00,68700.00,5725.00,C
09-MAY-2026,BB10080,143244.00,0.00,143244.00,11937.00,C
09-MAY-2026,BP0027,71622.00,0.00,71622.00,5968.50,C
09-MAY-2026,DC10065,414720.00,0.00,414720.00,45960.00,C
09-MAY-2026,DH10013,1450440.00,0.00,1450440.00,120870.00,C
09-MAY-2026,DHS009,358110.00,0.00,358110.00,29842.50,C
09-MAY-2026,EUA001,6336062.38,0.00,6336062.38,1324575.00,C
09-MAY-2026,HO10163,293538.01,0.00,293538.01,62252.00,C
09-MAY-2026,HO10404,235772.98,0.00,235772.98,37212.00,C
09-MAY-2026,HO10430,3262427.12,0.00,3262427.12,756329.00,C
09-MAY-2026,HTS10002,97542.00,0.00,97542.00,9208.50,C
09-MAY-2026,HTS10006,77434.00,0.00,77434.00,6173.00,C
09-MAY-2026,MI10013,41004.00,0.00,41004.00,3417.00,C
09-MAY-2026,MP10007,572976.00,0.00,572976.00,47748.00,C
09-MAY-2026,MP10026,876899.99,0.00,876899.99,72235.50,C
09-MAY-2026,MP10032,143244.00,0.00,143244.00,11937.00,C
09-MAY-2026,MU0861,25384426.30,0.00,25384426.30,2084849.00,C
09-MAY-2026,NKL10082,466755.43,0.00,466755.43,38473.00,C
09-MAY-2026,NSS10006,34350.00,0.00,34350.00,2862.50,C
09-MAY-2026,PR10094,210420.00,0.00,210420.00,17535.00,C
09-MAY-2026,RA0023,438642.00,0.00,438642.00,36553.50,C
09-MAY-2026,RA0028,1240344.00,0.00,1240344.00,103362.00,C
09-MAY-2026,RB0010,1889910.00,0.00,1889910.00,220522.50,C
09-MAY-2026,RB10006,68700.00,0.00,68700.00,5725.00,C
09-MAY-2026,RB10033,68700.00,0.00,68700.00,5725.00,C
09-MAY-2026,SI0044,286488.00,0.00,286488.00,23874.00,C
09-MAY-2026,SVE015,71622.00,0.00,71622.00,5968.50,C
09-MAY-2026,UA0012,1272084.00,0.00,1272084.00,106007.00,C
09-MAY-2026,UA10003,5298077.30,0.00,5298077.30,1416840.00,C
09-MAY-2026,US10003,269880.00,0.00,269880.00,22490.00,C
09-MAY-2026,YT10007,51840.00,0.00,51840.00,6480.00,C
