09-MAY-2026,01249,0,0,0,0,0,0,0,0,0,0,2,0,0
09-MAY-2026,03560224,0,0,0,0,0,0,0,0,0,0,1,0,0
09-MAY-2026,10303124,0,0,0,0,0,0,0,0,0,0,1,0,0
09-MAY-2026,10337008,0,0,0,0,0,0,0,0,0,0,1,0,0
09-MAY-2026,10556602,0,0,0,0,0,0,0,0,0,0,1,0,0
09-MAY-2026,11266369,0,0,0,0,0,0,0,0,0,0,1,0,0
09-MAY-2026,1140DISA,0,0,0,0,0,0,0,0,0,0,1,0,0
09-MAY-2026,12006891,0,0,0,0,0,0,0,0,0,0,1,0,0
09-MAY-2026,123PNAIK,0,0,0,0,0,0,0,0,0,0,1,0,0
09-MAY-2026,12499175,0,0,0,0,0,0,0,0,0,0,1,0,0
09-MAY-2026,12769596,0,0,0,0,0,0,0,0,0,0,1,0,0
09-MAY-2026,12866591,35180,0,35180,3518,0,0,0,0,0,0,1,0,0
09-MAY-2026,1288MNJU,0,0,0,0,0,0,0,0,0,0,1,0,0
09-MAY-2026,13067525,830880,0,830880,69240,0,0,0,0,0,0,1,0,0
09-MAY-2026,139FU139,0,0,0,0,0,0,0,0,0,0,1,0,0
09-MAY-2026,14060253,0,0,0,0,0,0,0,0,0,0,1,0,0
09-MAY-2026,14635039,100764,0,100764,8397,0,0,0,0,0,0,1,0,0
09-MAY-2026,15120888,1449373.92,0,1449373.92,116024,0,0,0,0,0,0,1,0,0
09-MAY-2026,15903291,0,0,0,0,0,0,0,0,0,0,1,0,0
09-MAY-2026,15NIMESH,0,0,0,0,0,0,0,0,0,0,1,0,0
09-MAY-2026,1637PART,0,0,0,0,0,0,0,0,0,0,1,0,0
09-MAY-2026,16971397,0,0,0,0,0,0,0,0,0,0,1,0,0
09-MAY-2026,17611418,0,0,0,0,0,0,0,0,0,0,1,0,0
09-MAY-2026,18205573,0,0,0,0,0,0,0,0,0,0,1,0,0
09-MAY-2026,18446522,0,0,0,0,0,0,0,0,0,0,1,0,0
09-MAY-2026,18802341,0,0,0,0,0,0,0,0,0,0,1,0,0
09-MAY-2026,18928244,0,0,0,0,0,0,0,0,0,0,1,0,0
09-MAY-2026,18SAMRAT,0,0,0,0,0,0,0,0,0,0,1,0,0
09-MAY-2026,1961BABU,0,0,0,0,0,0,0,0,0,0,1,0,0
09-MAY-2026,19736697,0,0,0,0,0,0,0,0,0,0,1,0,0
09-MAY-2026,19760305,0,0,0,0,0,0,0,0,0,0,1,0,0
09-MAY-2026,19877292,0,0,0,0,0,0,0,0,0,0,1,0,0
09-MAY-2026,1989JAYA,0,0,0,0,0,0,0,0,0,0,1,0,0
09-MAY-2026,198POOJA,398988,0,398988,33249,0,0,0,0,0,0,1,0,0
09-MAY-2026,1COLONEL,0,0,0,0,0,0,0,0,0,0,1,0,0
09-MAY-2026,1THUMMAA,0,0,0,0,0,0,0,0,0,0,1,0,0
09-MAY-2026,20072717,0,0,0,0,0,0,0,0,0,0,1,0,0
09-MAY-2026,20092607,0,0,0,0,0,0,0,0,0,0,1,0,0
09-MAY-2026,20313870,0,0,0,0,0,0,0,0,0,0,1,0,0
09-MAY-2026,20525697,0,0,0,0,0,0,0,0,0,0,1,0,0
09-MAY-2026,20893403,0,0,0,0,0,0,0,0,0,0,1,0,0
09-MAY-2026,20900596,0,0,0,0,0,0,0,0,0,0,1,0,0
09-MAY-2026,22397151,0,0,0,0,0,0,0,0,0,0,1,0,0
09-MAY-2026,22600078,0,0,0,0,0,0,0,0,0,0,1,0,0
09-MAY-2026,23531645,0,0,0,0,0,0,0,0,0,0,1,0,0
09-MAY-2026,23603743,0,0,0,0,0,0,0,0,0,0,1,0,0
09-MAY-2026,23779890,0,0,0,0,0,0,0,0,0,0,1,0,0
09-MAY-2026,25272194,0,0,0,0,0,0,0,0,0,0,1,0,0
09-MAY-2026,25774987,0,0,0,0,0,0,0,0,0,0,1,0,0
09-MAY-2026,25843853,105972,0,105972,8831,0,0,0,0,0,0,1,0,0
09-MAY-2026,25914473,0,0,0,0,0,0,0,0,0,0,1,0,0
09-MAY-2026,26497132,0,0,0,0,0,0,0,0,0,0,1,0,0
09-MAY-2026,26741727,0,0,0,0,0,0,0,0,0,0,1,0,0
09-MAY-2026,26818984,149056,0,149056,12141.5,0,0,0,0,0,0,1,0,0
09-MAY-2026,27296409,0,0,0,0,0,0,0,0,0,0,1,0,0
09-MAY-2026,27350921,592166,0,592166,57014.5,0,0,34290,0,0,0,1,0,0
09-MAY-2026,27842874,0,0,0,0,0,0,0,0,0,0,1,0,0
09-MAY-2026,28115266,84312,0,84312,7026,0,0,0,0,0,0,1,0,0
09-MAY-2026,28152409,0,0,0,0,0,0,0,0,0,0,1,0,0
09-MAY-2026,28204375,290808,0,290808,24234,0,0,0,0,0,0,1,0,0
09-MAY-2026,28334563,0,0,0,0,0,0,0,0,0,0,1,0,0
09-MAY-2026,29123372,0,0,0,0,0,0,0,0,0,0,1,0,0
09-MAY-2026,29139115,0,0,0,0,0,0,0,0,0,0,1,0,0
09-MAY-2026,31477280,0,0,0,0,0,0,0,0,0,0,1,0,0
09-MAY-2026,31524983,0,0,0,0,0,0,0,0,0,0,1,0,0
09-MAY-2026,32072938,143244,0,143244,11937,0,0,0,0,0,0,1,0,0
09-MAY-2026,32225277,77434,0,77434,6173,0,0,0,0,0,0,1,0,0
09-MAY-2026,32487410,0,0,0,0,0,0,0,0,0,0,1,0,0
09-MAY-2026,34121684,0,0,0,0,0,0,0,0,0,0,1,0,0
09-MAY-2026,34398097,0,0,0,0,0,0,0,0,0,0,1,0,0
09-MAY-2026,34491356,0,0,0,0,0,0,0,0,0,0,1,0,0
09-MAY-2026,34537662,0,0,0,0,0,0,0,0,0,0,1,0,0
09-MAY-2026,34957769,0,0,0,0,0,0,0,0,0,0,1,0,0
09-MAY-2026,3560224,0,0,0,0,0,0,0,0,0,0,1,0,0
09-MAY-2026,36067987,0,0,0,0,0,0,0,0,0,0,1,0,0
09-MAY-2026,36254719,0,0,0,0,0,0,0,0,0,0,1,0,0
09-MAY-2026,36262023,0,0,0,0,0,0,0,0,0,0,1,0,0
09-MAY-2026,36995089,0,0,0,0,0,0,0,0,0,0,1,0,0
09-MAY-2026,38503559,0,0,0,0,0,0,0,0,0,0,1,0,0
09-MAY-2026,38620732,0,0,0,0,0,0,0,0,0,0,1,0,0
09-MAY-2026,38730472,0,0,0,0,0,0,0,0,0,0,1,0,0
09-MAY-2026,39222531,0,0,0,0,0,0,0,0,0,0,1,0,0
09-MAY-2026,39426844,137718,0,137718,11476.5,0,0,5778,0,0,0,1,0,0
09-MAY-2026,39514561,901440,0,901440,75120,0,0,0,0,0,0,1,0,0
09-MAY-2026,3SR00010,0,0,0,0,0,0,0,0,0,0,1,0,0
09-MAY-2026,40050191,0,0,0,0,0,0,0,0,0,0,1,0,0
09-MAY-2026,40921770,0,0,0,0,0,0,0,0,0,0,1,0,0
09-MAY-2026,41155678,0,0,0,0,0,0,0,0,0,0,1,0,0
09-MAY-2026,41251452,0,0,0,0,0,0,0,0,0,0,1,0,0
09-MAY-2026,41690333,0,0,0,0,0,0,0,0,0,0,1,0,0
09-MAY-2026,41990700,0,0,0,0,0,0,0,0,0,0,1,0,0
09-MAY-2026,41ASHWIN,0,0,0,0,0,0,0,0,0,0,1,0,0
09-MAY-2026,41BHAVNA,0,0,0,0,0,0,0,0,0,0,1,0,0
09-MAY-2026,41EVINIT,67470,0,67470,5622.5,0,0,0,0,0,0,1,0,0
09-MAY-2026,41GANESH,214866,0,214866,17905.5,0,0,0,0,0,0,1,0,0
09-MAY-2026,41MODIAK,214866,0,214866,17905.5,0,0,0,0,0,0,1,0,0
09-MAY-2026,41MURTHI,0,0,0,0,0,0,0,0,0,0,1,0,0
09-MAY-2026,41PREETI,71622,0,71622,5968.5,0,0,0,0,0,0,1,0,0
09-MAY-2026,41RANJIT,0,0,0,0,0,0,0,0,0,0,1,0,0
09-MAY-2026,41SATISH,0,0,0,0,0,0,0,0,0,0,1,0,0
09-MAY-2026,41SREDDY,0,0,0,0,0,0,0,0,0,0,1,0,0
09-MAY-2026,42590997,0,0,0,0,0,0,0,0,0,0,1,0,0
09-MAY-2026,42793688,0,0,0,0,0,0,0,0,0,0,1,0,0
09-MAY-2026,43390246,0,0,0,0,0,0,0,0,0,0,1,0,0
09-MAY-2026,43766030,0,0,0,0,0,0,0,0,0,0,1,0,0
09-MAY-2026,43877991,0,0,0,0,0,0,0,0,0,0,1,0,0
09-MAY-2026,44058SRI,0,0,0,0,0,0,0,0,0,0,1,0,0
09-MAY-2026,44439SRI,0,0,0,0,0,0,0,0,0,0,1,0,0
09-MAY-2026,44520103,0,0,0,0,0,0,0,0,0,0,1,0,0
09-MAY-2026,45264112,0,0,0,0,0,0,0,0,0,0,1,0,0
09-MAY-2026,45475278,0,0,0,0,0,0,0,0,0,0,1,0,0
09-MAY-2026,45539912,0,0,0,0,0,0,0,0,0,0,1,0,0
09-MAY-2026,456MURLI,0,0,0,0,0,0,0,0,0,0,1,0,0
09-MAY-2026,45994947,0,0,0,0,0,0,0,0,0,0,1,0,0
09-MAY-2026,46795525,0,0,0,0,0,0,0,0,0,0,1,0,0
09-MAY-2026,47693073,0,0,0,0,0,0,0,0,0,0,1,0,0
09-MAY-2026,48206667,0,0,0,0,0,0,0,0,0,0,1,0,0
09-MAY-2026,48626217,0,0,0,0,0,0,0,0,0,0,1,0,0
09-MAY-2026,48968934,1098852.89,0,1098852.89,89243,0,0,0,0,0,0,1,0,0
09-MAY-2026,49092320,0,0,0,0,0,0,0,0,0,0,1,0,0
09-MAY-2026,49133163,145044,0,145044,12087,0,0,0,0,0,0,1,0,0
09-MAY-2026,49790130,0,0,0,0,0,0,0,0,0,0,1,0,0
09-MAY-2026,49974470,0,0,0,0,0,0,0,0,0,0,1,0,0
09-MAY-2026,4ORGANIC,0,0,0,0,0,0,0,0,0,0,1,0,0
09-MAY-2026,50324314,0,0,0,0,0,0,0,0,0,0,1,0,0
09-MAY-2026,50449146,0,0,0,0,0,0,0,0,0,0,1,0,0
09-MAY-2026,50593126,0,0,0,0,0,0,0,0,0,0,1,0,0
09-MAY-2026,50732814,0,0,0,0,0,0,0,0,0,0,1,0,0
09-MAY-2026,51679321,0,0,0,0,0,0,0,0,0,0,1,0,0
09-MAY-2026,51851423,0,0,0,0,0,0,0,0,0,0,1,0,0
09-MAY-2026,52244850,0,0,0,0,0,0,0,0,0,0,1,0,0
09-MAY-2026,52495374,0,0,0,0,0,0,0,0,0,0,1,0,0
09-MAY-2026,5265SGNR,0,0,0,0,0,0,0,0,0,0,1,0,0
09-MAY-2026,5318SGNR,0,0,0,0,0,0,0,0,0,0,1,0,0
09-MAY-2026,53364600,71622,0,71622,5968.5,0,0,0,0,0,0,1,0,0
09-MAY-2026,53568004,0,0,0,0,0,0,0,0,0,0,1,0,0
09-MAY-2026,5382NICD,0,0,0,0,0,0,0,0,0,0,1,0,0
09-MAY-2026,53843830,0,0,0,0,0,0,0,0,0,0,1,0,0
09-MAY-2026,54038737,0,0,0,0,0,0,0,0,0,0,1,0,0
09-MAY-2026,54418550,0,0,0,0,0,0,0,0,0,0,1,0,0
09-MAY-2026,55397412,0,0,0,0,0,0,0,0,0,0,1,0,0
09-MAY-2026,55492SRI,0,0,0,0,0,0,0,0,0,0,1,0,0
09-MAY-2026,55555RAM,0,0,0,0,0,0,0,0,0,0,1,0,0
09-MAY-2026,56352585,0,0,0,0,0,0,0,0,0,0,1,0,0
09-MAY-2026,56797139,0,0,0,0,0,0,0,0,0,0,1,0,0
09-MAY-2026,57405464,145044,0,145044,12087,0,0,0,0,0,0,1,0,0
09-MAY-2026,57508351,0,0,0,0,0,0,0,0,0,0,1,0,0
09-MAY-2026,57692243,0,0,0,0,0,0,0,0,0,0,1,0,0
09-MAY-2026,58427976,0,0,0,0,0,0,0,0,0,0,1,0,0
09-MAY-2026,58944960,0,0,0,0,0,0,0,0,0,0,1,0,0
09-MAY-2026,59057021,0,0,0,0,0,0,0,0,0,0,1,0,0
09-MAY-2026,59449061,0,0,0,0,0,0,0,0,0,0,1,0,0
09-MAY-2026,59953043,0,0,0,0,0,0,0,0,0,0,1,0,0
09-MAY-2026,60099463,0,0,0,0,0,0,0,0,0,0,1,0,0
09-MAY-2026,6036SGNR,0,0,0,0,0,0,0,0,0,0,1,0,0
09-MAY-2026,60439096,0,0,0,0,0,0,0,0,0,0,1,0,0
09-MAY-2026,60510669,33588,0,33588,2799,0,0,0,0,0,0,1,0,0
09-MAY-2026,60600806,0,0,0,0,0,0,0,0,0,0,1,0,0
09-MAY-2026,61356911,0,0,0,0,0,0,0,0,0,0,1,0,0
09-MAY-2026,61399269,0,0,0,0,0,0,0,0,0,0,1,0,0
09-MAY-2026,61795209,0,0,0,0,0,0,0,0,0,0,1,0,0
09-MAY-2026,62005900,0,0,0,0,0,0,0,0,0,0,1,0,0
09-MAY-2026,62166587,68700,0,68700,5725,0,0,0,0,0,0,1,0,0
09-MAY-2026,62177735,99895.72,0,99895.72,8113,0,0,0,0,0,0,1,0,0
09-MAY-2026,62391407,390784.51,0,390784.51,32144,0,0,0,0,0,0,1,0,0
09-MAY-2026,6249SGNR,0,0,0,0,0,0,0,0,0,0,1,0,0
09-MAY-2026,62662059,0,0,0,0,0,0,0,0,0,0,1,0,0
09-MAY-2026,62925743,0,0,0,0,0,0,0,0,0,0,1,0,0
09-MAY-2026,63409150,0,0,0,0,0,0,0,0,0,0,1,0,0
09-MAY-2026,64740646,0,0,0,0,0,0,0,0,0,0,1,0,0
09-MAY-2026,64987005,0,0,0,0,0,0,0,0,0,0,1,0,0
09-MAY-2026,65234511,0,0,0,0,0,0,0,0,0,0,1,0,0
09-MAY-2026,65294663,600960,0,600960,50080,0,0,0,0,0,0,1,0,0
09-MAY-2026,6687SGNR,0,0,0,0,0,0,0,0,0,0,1,0,0
09-MAY-2026,66941766,0,0,0,0,0,0,0,0,0,0,1,0,0
09-MAY-2026,6697SGNR,67176,0,67176,5598,0,0,0,0,0,0,1,0,0
09-MAY-2026,67335480,105152,0,105152,13144,0,0,0,0,0,0,1,0,0
09-MAY-2026,67486011,1146402,0,1146402,95533.5,0,0,0,0,0,0,1,0,0
09-MAY-2026,6748SGNR,0,0,0,0,0,0,0,0,0,0,1,0,0
09-MAY-2026,67508029,0,0,0,0,0,0,0,0,0,0,1,0,0
09-MAY-2026,67568318,1508484.59,0,1508484.59,122048,0,0,0,0,0,0,1,0,0
09-MAY-2026,67595716,0,0,0,0,0,0,0,0,0,0,1,0,0
09-MAY-2026,67742845,0,0,0,0,0,0,0,0,0,0,1,0,0
09-MAY-2026,69964429,0,0,0,0,0,0,0,0,0,0,1,0,0
09-MAY-2026,70000258,0,0,0,0,0,0,0,0,0,0,1,0,0
09-MAY-2026,70719365,0,0,0,0,0,0,0,0,0,0,1,0,0
09-MAY-2026,70840023,0,0,0,0,0,0,0,0,0,0,1,0,0
09-MAY-2026,70933216,0,0,0,0,0,0,0,0,0,0,1,0,0
09-MAY-2026,70999758,0,0,0,0,0,0,0,0,0,0,1,0,0
09-MAY-2026,71257257,0,0,0,0,0,0,0,0,0,0,1,0,0
09-MAY-2026,71319782,0,0,0,0,0,0,0,0,0,0,1,0,0
09-MAY-2026,71396385,0,0,0,0,0,0,0,0,0,0,1,0,0
09-MAY-2026,71502369,0,0,0,0,0,0,0,0,0,0,1,0,0
09-MAY-2026,72112654,0,0,0,0,0,0,0,0,0,0,1,0,0
09-MAY-2026,72356752,231234,0,231234,44631.5,0,0,0,0,0,0,1,0,0
09-MAY-2026,73540245,0,0,0,0,0,0,0,0,0,0,1,0,0
09-MAY-2026,73549790,371664,0,371664,30972,0,0,0,0,0,0,1,0,0
09-MAY-2026,73834904,0,0,0,0,0,0,0,0,0,0,1,0,0
09-MAY-2026,73981953,83088,0,83088,6924,0,0,0,0,0,0,1,0,0
09-MAY-2026,74754623,41544,0,41544,3462,0,0,0,0,0,0,1,0,0
09-MAY-2026,75362907,0,0,0,0,0,0,0,0,0,0,1,0,0
09-MAY-2026,75408016,0,0,0,0,0,0,0,0,0,0,1,0,0
09-MAY-2026,75645342,0,0,0,0,0,0,0,0,0,0,1,0,0
09-MAY-2026,75852645,0,0,0,0,0,0,0,0,0,0,1,0,0
09-MAY-2026,75916863,0,0,0,0,0,0,0,0,0,0,1,0,0
09-MAY-2026,75945275,0,0,0,0,0,0,0,0,0,0,1,0,0
09-MAY-2026,75SRINRY,0,0,0,0,0,0,0,0,0,0,1,0,0
09-MAY-2026,76000497,0,0,0,0,0,0,0,0,0,0,1,0,0
09-MAY-2026,76886228,0,0,0,0,0,0,0,0,0,0,1,0,0
09-MAY-2026,76920076,0,0,0,0,0,0,0,0,0,0,1,0,0
09-MAY-2026,77372417,0,0,0,0,0,0,0,0,0,0,1,0,0
09-MAY-2026,77681120,0,0,0,0,0,0,0,0,0,0,1,0,0
09-MAY-2026,7777DISA,0,0,0,0,0,0,0,0,0,0,1,0,0
09-MAY-2026,78280909,0,0,0,0,0,0,0,0,0,0,1,0,0
09-MAY-2026,78448874,0,0,0,0,0,0,0,0,0,0,1,0,0
09-MAY-2026,786AR786,0,0,0,0,0,0,0,0,0,0,1,0,0
09-MAY-2026,78964644,0,0,0,0,0,0,0,0,0,0,1,0,0
09-MAY-2026,79660494,910695.98,0,910695.98,74772,0,0,0,0,0,0,1,0,0
09-MAY-2026,79AMARSD,0,0,0,0,0,0,0,0,0,0,1,0,0
09-MAY-2026,7BRAJESH,0,0,0,0,0,0,0,0,0,0,1,0,0
09-MAY-2026,80537738,0,0,0,0,0,0,0,0,0,0,1,0,0
09-MAY-2026,81401926,0,0,0,0,0,0,0,0,0,0,1,0,0
09-MAY-2026,81499684,0,0,0,0,0,0,0,0,0,0,1,0,0
09-MAY-2026,81650544,0,0,0,0,0,0,0,0,0,0,1,0,0
09-MAY-2026,82093400,0,0,0,0,0,0,0,0,0,0,1,0,0
09-MAY-2026,82133602,0,0,0,0,0,0,0,0,0,0,1,0,0
09-MAY-2026,82943811,0,0,0,0,0,0,0,0,0,0,1,0,0
09-MAY-2026,83091538,0,0,0,0,0,0,0,0,0,0,1,0,0
09-MAY-2026,83461153,0,0,0,0,0,0,0,0,0,0,1,0,0
09-MAY-2026,83602011,333462,0,333462,27788.5,0,0,0,0,0,0,1,0,0
09-MAY-2026,83695005,0,0,0,0,0,0,0,0,0,0,1,0,0
09-MAY-2026,83756236,0,0,0,0,0,0,0,0,0,0,1,0,0
09-MAY-2026,84826516,0,0,0,0,0,0,0,0,0,0,1,0,0
09-MAY-2026,84831122,0,0,0,0,0,0,0,0,0,0,1,0,0
09-MAY-2026,85474139,0,0,0,0,0,0,0,0,0,0,1,0,0
09-MAY-2026,85840907,0,0,0,0,0,0,0,0,0,0,1,0,0
09-MAY-2026,86603212,0,0,0,0,0,0,0,0,0,0,1,0,0
09-MAY-2026,86611441,0,0,0,0,0,0,0,0,0,0,1,0,0
09-MAY-2026,86696333,0,0,0,0,0,0,0,0,0,0,1,0,0
09-MAY-2026,86986898,0,0,0,0,0,0,0,0,0,0,1,0,0
09-MAY-2026,87330647,0,0,0,0,0,0,0,0,0,0,1,0,0
09-MAY-2026,87364590,0,0,0,0,0,0,0,0,0,0,1,0,0
09-MAY-2026,87468133,0,0,0,0,0,0,0,0,0,0,1,0,0
09-MAY-2026,87515088,0,0,0,0,0,0,0,0,0,0,1,0,0
09-MAY-2026,87529960,0,0,0,0,0,0,0,0,0,0,1,0,0
09-MAY-2026,875SHYAM,0,0,0,0,0,0,0,0,0,0,1,0,0
09-MAY-2026,87737373,0,0,0,0,0,0,0,0,0,0,1,0,0
09-MAY-2026,88718702,2226510,0,2226510,185542.5,0,0,0,0,0,0,1,0,0
09-MAY-2026,89326634,0,0,0,0,0,0,0,0,0,0,1,0,0
09-MAY-2026,89902092,0,0,0,0,0,0,0,0,0,0,1,0,0
09-MAY-2026,90333009,0,0,0,0,0,0,0,0,0,0,1,0,0
09-MAY-2026,90450330,0,0,0,0,0,0,0,0,0,0,1,0,0
09-MAY-2026,90623394,0,0,0,0,0,0,0,0,0,0,1,0,0
09-MAY-2026,90791036,0,0,0,0,0,0,0,0,0,0,1,0,0
09-MAY-2026,90892616,0,0,0,0,0,0,0,0,0,0,1,0,0
09-MAY-2026,90MANDAR,0,0,0,0,0,0,0,0,0,0,1,0,0
09-MAY-2026,91787362,0,0,0,0,0,0,0,0,0,0,1,0,0
09-MAY-2026,91857131,0,0,0,0,0,0,0,0,0,0,1,0,0
09-MAY-2026,92292237,0,0,0,0,0,0,0,0,0,0,1,0,0
09-MAY-2026,92944931,0,0,0,0,0,0,0,0,0,0,1,0,0
09-MAY-2026,93514068,0,0,0,0,0,0,0,0,0,0,1,0,0
09-MAY-2026,93707679,0,0,0,0,0,0,0,0,0,0,1,0,0
09-MAY-2026,93983620,0,0,0,0,0,0,0,0,0,0,1,0,0
09-MAY-2026,94141796,0,0,0,0,0,0,0,0,0,0,1,0,0
09-MAY-2026,94259284,6802806,0,6802806,566900.5,0,0,0,0,0,0,1,0,0
09-MAY-2026,94676289,0,0,0,0,0,0,0,0,0,0,1,0,0
09-MAY-2026,94909335,0,0,0,0,0,0,0,0,0,0,1,0,0
09-MAY-2026,95333053,71622,0,71622,5968.5,0,0,0,0,0,0,1,0,0
09-MAY-2026,95616812,0,0,0,0,0,0,0,0,0,0,1,0,0
09-MAY-2026,95672334,1202250,0,1202250,100187.5,0,0,0,0,0,0,1,0,0
09-MAY-2026,96026381,0,0,0,0,0,0,0,0,0,0,1,0,0
09-MAY-2026,96435534,0,0,0,0,0,0,0,0,0,0,1,0,0
09-MAY-2026,96623950,0,0,0,0,0,0,0,0,0,0,1,0,0
09-MAY-2026,96724636,0,0,0,0,0,0,0,0,0,0,1,0,0
09-MAY-2026,96842078,0,0,0,0,0,0,0,0,0,0,1,0,0
09-MAY-2026,97245251,0,0,0,0,0,0,0,0,0,0,1,0,0
09-MAY-2026,97520038,0,0,0,0,0,0,0,0,0,0,1,0,0
09-MAY-2026,98030775,0,0,0,0,0,0,0,0,0,0,1,0,0
09-MAY-2026,98115765,0,0,0,0,0,0,0,0,0,0,1,0,0
09-MAY-2026,98915011,0,0,0,0,0,0,0,0,0,0,1,0,0
09-MAY-2026,99827967,123552,0,123552,10296,0,0,0,0,0,0,1,0,0
09-MAY-2026,9999AMBA,0,0,0,0,0,0,0,0,0,0,1,0,0
09-MAY-2026,99AAKASH,0,0,0,0,0,0,0,0,0,0,1,0,0
09-MAY-2026,99BHAVIK,1339680,0,1339680,111640,0,0,0,0,0,0,1,0,0
09-MAY-2026,A40MANOJ,2339640,0,2339640,194970,0,0,0,0,0,0,1,0,0
09-MAY-2026,AAJTAK20,0,0,0,0,0,0,0,0,0,0,1,0,0
09-MAY-2026,AAMAN001,0,0,0,0,0,0,0,0,0,0,1,0,0
09-MAY-2026,ABALANRO,0,0,0,0,0,0,0,0,0,0,1,0,0
09-MAY-2026,ABANDCO1,725220,0,725220,60435,0,0,0,0,0,0,1,0,0
09-MAY-2026,ABC00020,143932,0,143932,11714.5,0,0,0,0,0,0,1,0,0
09-MAY-2026,ABC00025,0,0,0,0,0,0,0,0,0,0,1,0,0
09-MAY-2026,ABHIOM12,0,0,0,0,0,0,0,0,0,0,1,0,0
09-MAY-2026,ABJGUPTA,0,0,0,0,0,0,0,0,0,0,1,0,0
09-MAY-2026,ADGOYAL7,5248560,0,5248560,437380,0,0,0,0,0,0,1,0,0
09-MAY-2026,ADHUF999,1329960,0,1329960,110830,0,0,0,0,0,0,1,0,0
09-MAY-2026,AGARYASH,0,0,0,0,0,0,0,0,0,0,1,0,0
09-MAY-2026,AGRA9876,0,0,0,0,0,0,0,0,0,0,1,0,0
09-MAY-2026,AJBPP758,0,0,0,0,0,0,0,0,0,0,1,0,0
09-MAY-2026,AJSUMITR,0,0,0,0,0,0,0,0,0,0,1,0,0
09-MAY-2026,AJSWEETY,0,0,0,0,0,0,0,0,0,0,1,0,0
09-MAY-2026,AKHANI71,2532433.94,0,2532433.94,234639.5,0,0,0,0,0,0,1,0,0
09-MAY-2026,AKNPPJMP,337350,0,337350,28112.5,0,0,0,0,0,0,1,0,0
09-MAY-2026,AKS23888,1416870,0,1416870,118072.5,0,0,0,0,0,0,1,0,0
09-MAY-2026,AKU68704,0,0,0,0,0,0,0,0,0,0,1,0,0
09-MAY-2026,AKU77919,0,0,0,0,0,0,0,0,0,0,1,0,0
09-MAY-2026,ALAXMINA,0,0,0,0,0,0,0,0,0,0,1,0,0
09-MAY-2026,ALOKMAL1,0,0,0,0,0,0,0,0,0,0,1,0,0
09-MAY-2026,ALOKSAVA,0,0,0,0,0,0,0,0,0,0,1,0,0
09-MAY-2026,ALWAR553,0,0,0,0,0,0,0,0,0,0,1,0,0
09-MAY-2026,AMARISHB,262880,0,262880,32860,0,0,0,0,0,0,1,0,0
09-MAY-2026,AMBASONS,7143575.77,0,7143575.77,587789.5,0,0,0,0,0,0,1,0,0
09-MAY-2026,AMIT6450,0,0,0,0,0,0,0,0,0,0,1,0,0
09-MAY-2026,AMITBT55,724596,0,724596,62543,0,0,0,0,0,0,1,0,0
09-MAY-2026,ANILA009,0,0,0,0,0,0,0,0,0,0,1,0,0
09-MAY-2026,ANILJKMC,0,0,0,0,0,0,0,0,0,0,1,0,0
09-MAY-2026,ANKIT402,0,0,0,0,0,0,0,0,0,0,1,0,0
09-MAY-2026,ANKUM728,0,0,0,0,0,0,0,0,0,0,1,0,0
09-MAY-2026,ANNAPUR7,0,0,0,0,0,0,0,0,0,0,1,0,0
09-MAY-2026,ANNIEE92,0,0,0,0,0,0,0,0,0,0,1,0,0
09-MAY-2026,ANSARI70,0,0,0,0,0,0,0,0,0,0,1,0,0
09-MAY-2026,ANSHTAYA,0,0,0,0,0,0,0,0,0,0,1,0,0
09-MAY-2026,ANUPKMRR,97696.13,0,97696.13,8036,0,0,0,0,0,0,1,0,0
09-MAY-2026,ANUSHAVS,0,0,0,0,0,0,0,0,0,0,1,0,0
09-MAY-2026,APIYUSH2,0,0,0,0,0,0,0,0,0,0,1,0,0
09-MAY-2026,ARCKEJRI,656620.5,0,656620.5,209475.5,0,0,0,0,0,0,1,0,0
09-MAY-2026,ARPITKRG,461409,0,461409,147199,0,0,0,0,0,0,1,0,0
09-MAY-2026,ARUNV884,0,0,0,0,0,0,0,0,0,0,1,0,0
09-MAY-2026,ARUPESH4,4669794,0,4669794,389149.5,0,0,0,0,0,0,1,0,0
09-MAY-2026,ARVI5839,0,0,0,0,0,0,0,0,0,0,1,0,0
09-MAY-2026,ARVTEL62,72522,0,72522,6043.5,0,0,0,0,0,0,1,0,0
09-MAY-2026,ASHALINI,0,0,0,0,0,0,0,0,0,0,1,0,0
09-MAY-2026,ASHASUTH,0,0,0,0,0,0,0,0,0,0,1,0,0
09-MAY-2026,ASHOKH79,1289196,0,1289196,107433,0,0,0,0,0,0,1,0,0
09-MAY-2026,ASHTA977,0,0,0,0,0,0,0,0,0,0,1,0,0
09-MAY-2026,ASWASIMM,0,0,0,0,0,0,0,0,0,0,1,0,0
09-MAY-2026,ATPUNJHA,0,0,0,0,0,0,0,0,0,0,1,0,0
09-MAY-2026,ATULS081,0,0,0,0,0,0,0,0,0,0,1,0,0
09-MAY-2026,AVIR1912,0,0,0,0,0,0,0,0,0,0,1,0,0
09-MAY-2026,AVKHUF44,0,0,0,0,0,0,0,0,0,0,1,0,0
09-MAY-2026,AYUP1997,0,0,0,0,0,0,0,0,0,0,1,0,0
09-MAY-2026,B0135955,0,0,0,0,0,0,0,0,0,0,1,0,0
09-MAY-2026,BAAKHANI,1827035.94,0,1827035.94,198920,0,0,0,0,0,0,1,0,0
09-MAY-2026,BAGDIRA3,41544,0,41544,3462,0,0,0,0,0,0,1,0,0
09-MAY-2026,BAJAJI77,0,0,0,0,0,0,0,0,0,0,1,0,0
09-MAY-2026,BALRAMTS,0,0,0,0,0,0,0,0,0,0,1,0,0
09-MAY-2026,BANPAL88,166176,0,166176,13848,0,0,0,0,0,0,1,0,0
09-MAY-2026,BBCOMM13,15298969.56,0,15298969.56,1358901,0,0,0,0,0,0,1,0,0
09-MAY-2026,BHAGAGRO,24955767,0,24955767,2835182.5,0,0,0,0,0,0,1,0,0
09-MAY-2026,BHAGWN64,0,0,0,0,0,0,0,0,0,0,1,0,0
09-MAY-2026,BHAUMIK3,0,0,0,0,0,0,0,0,0,0,1,0,0
09-MAY-2026,BHAV8488,0,0,0,0,0,0,0,0,0,0,1,0,0
09-MAY-2026,BHAVYAAG,0,0,0,0,0,0,0,0,0,0,1,0,0
09-MAY-2026,BHOMAR23,0,0,0,0,0,0,0,0,0,0,1,0,0
09-MAY-2026,BIGGBULL,0,0,0,0,0,0,0,0,0,0,1,0,0
09-MAY-2026,BINITANN,0,0,0,0,0,0,0,0,0,0,1,0,0
09-MAY-2026,BINO1980,0,0,0,0,0,0,0,0,0,0,1,0,0
09-MAY-2026,BIPINA78,0,0,0,0,0,0,0,0,0,0,1,0,0
09-MAY-2026,BIRLA099,0,0,0,0,0,0,0,0,0,0,1,0,0
09-MAY-2026,BJAKHAR1,0,0,0,0,0,0,0,0,0,0,1,0,0
09-MAY-2026,BKMSP966,0,0,0,0,0,0,0,0,0,0,1,0,0
09-MAY-2026,BKT61962,0,0,0,0,0,0,0,0,0,0,1,0,0
09-MAY-2026,BLKANANI,0,0,0,0,0,0,0,0,0,0,1,0,0
09-MAY-2026,BLSREENI,0,0,0,0,0,0,0,0,0,0,1,0,0
09-MAY-2026,BMANI711,0,0,0,0,0,0,0,0,0,0,1,0,0
09-MAY-2026,BOBTIWAR,0,0,0,0,0,0,0,0,0,0,1,0,0
09-MAY-2026,BRAJ7048,0,0,0,0,0,0,0,0,0,0,1,0,0
09-MAY-2026,BRIGHTFM,214866,0,214866,17905.5,0,0,0,0,0,0,1,0,0
09-MAY-2026,BRIJMRN8,0,0,0,0,0,0,0,0,0,0,1,0,0
09-MAY-2026,BRINGALE,0,0,0,0,0,0,0,0,0,0,1,0,0
09-MAY-2026,BRKR0002,0,0,0,0,0,0,0,0,0,0,1,0,0
09-MAY-2026,BSUNITA7,358110,0,358110,29842.5,0,0,0,0,0,0,1,0,0
09-MAY-2026,BSVJ2210,0,0,0,0,0,0,0,0,0,0,1,0,0
09-MAY-2026,CAANIL85,0,0,0,0,0,0,0,0,0,0,1,0,0
09-MAY-2026,CHANMARO,0,0,0,0,0,0,0,0,0,0,1,0,0
09-MAY-2026,CHAUWHAN,0,0,0,0,0,0,0,0,0,0,1,0,0
09-MAY-2026,CHILIKAP,1696550.59,0,1696550.59,140321,0,0,0,0,0,0,1,0,0
09-MAY-2026,CNK01988,0,0,0,0,0,0,0,0,0,0,1,0,0
09-MAY-2026,COMFORT9,0,0,0,0,0,0,0,0,0,0,1,0,0
09-MAY-2026,CPATEL87,0,0,0,0,0,0,0,0,0,0,1,0,0
09-MAY-2026,DALLBALU,0,0,0,0,0,0,0,0,0,0,1,0,0
09-MAY-2026,DEEP2609,0,0,0,0,0,0,0,0,0,0,1,0,0
09-MAY-2026,DEVG2911,359010,0,359010,29917.5,0,0,0,0,0,0,1,0,0
09-MAY-2026,DHARMA34,0,0,0,0,0,0,0,0,0,0,1,0,0
09-MAY-2026,DHARMIK8,0,0,0,0,0,0,0,0,0,0,1,0,0
09-MAY-2026,DHRUVI01,0,0,0,0,0,0,0,0,0,0,1,0,0
09-MAY-2026,DHULABPA,0,0,0,0,0,0,0,0,0,0,1,0,0
09-MAY-2026,DIN00001,0,0,0,0,0,0,0,0,0,0,1,0,0
09-MAY-2026,DINHUF06,1483580.65,0,1483580.65,123721,0,0,0,0,0,0,1,0,0
09-MAY-2026,DINJAY82,0,0,0,0,0,0,0,0,0,0,1,0,0
09-MAY-2026,DINSAN07,205338,0,205338,17111.5,0,0,0,0,0,0,1,0,0
09-MAY-2026,DINSH94B,0,0,0,0,0,0,0,0,0,0,1,0,0
09-MAY-2026,DIPAKPPT,1043237.15,0,1043237.15,86301.5,0,0,0,0,0,0,1,0,0
09-MAY-2026,DIPNARSI,0,0,0,0,0,0,0,0,0,0,1,0,0
09-MAY-2026,DIVYA125,0,0,0,0,0,0,0,0,0,0,1,0,0
09-MAY-2026,DIVYABV1,0,0,0,0,0,0,0,0,0,0,1,0,0
09-MAY-2026,DJAIN987,0,0,0,0,0,0,0,0,0,0,1,0,0
09-MAY-2026,DJSHAH28,0,0,0,0,0,0,0,0,0,0,1,0,0
09-MAY-2026,DKG01973,0,0,0,0,0,0,0,0,0,0,1,0,0
09-MAY-2026,DRKC8234,0,0,0,0,0,0,0,0,0,0,1,0,0
09-MAY-2026,DURGES91,0,0,0,0,0,0,0,0,0,0,1,0,0
09-MAY-2026,DWARKAJC,72522,0,72522,6043.5,0,0,0,0,0,0,1,0,0
09-MAY-2026,EKTA4596,0,0,0,0,0,0,0,0,0,0,1,0,0
09-MAY-2026,EYALCOMM,0,0,0,0,0,0,0,0,0,0,1,0,0
09-MAY-2026,F167M015,0,0,0,0,0,0,0,0,0,0,1,0,0
09-MAY-2026,F174C037,0,0,0,0,0,0,0,0,0,0,1,0,0
09-MAY-2026,F1Z56091,0,0,0,0,0,0,0,0,0,0,1,0,0
09-MAY-2026,F501H005,0,0,0,0,0,0,0,0,0,0,1,0,0
09-MAY-2026,F949F001,0,0,0,0,0,0,0,0,0,0,1,0,0
09-MAY-2026,F957A956,0,0,0,0,0,0,0,0,0,0,1,0,0
09-MAY-2026,FINST277,0,0,0,0,0,0,0,0,0,0,1,0,0
09-MAY-2026,FSPATEL5,0,0,0,0,0,0,0,0,0,0,1,0,0
09-MAY-2026,FTCHETAN,0,0,0,0,0,0,0,0,0,0,1,0,0
09-MAY-2026,GANKIT99,195392.25,0,195392.25,16072,0,0,0,0,0,0,1,0,0
09-MAY-2026,GAUR1957,0,0,0,0,0,0,0,0,0,0,1,0,0
09-MAY-2026,GAURANG2,362610,0,362610,30217.5,0,0,0,0,0,0,1,0,0
09-MAY-2026,GCHARKHA,0,0,0,0,0,0,0,0,0,0,1,0,0
09-MAY-2026,GCMARKET,0,0,0,0,0,0,0,0,0,0,1,0,0
09-MAY-2026,GEETUP68,0,0,0,0,0,0,0,0,0,0,1,0,0
09-MAY-2026,GGSARITA,0,0,0,0,0,0,0,0,0,0,1,0,0
09-MAY-2026,GHELANIG,293088.38,0,293088.38,24108,0,0,0,0,0,0,1,0,0
09-MAY-2026,GNAMOL10,0,0,0,0,0,0,0,0,0,0,1,0,0
09-MAY-2026,GNBM0041,167736,0,167736,13978,0,0,0,0,0,0,1,0,0
09-MAY-2026,GNBM0046,577836,0,577836,48153,0,0,0,0,0,0,1,0,0
09-MAY-2026,GNBM0086,0,0,0,0,0,0,0,0,0,0,1,0,0
09-MAY-2026,GNBM0236,0,0,0,0,0,0,0,0,0,0,1,0,0
09-MAY-2026,GNBM0317,0,0,0,0,0,0,0,0,0,0,1,0,0
09-MAY-2026,GNBM0417,413820,0,413820,34485,0,0,0,0,0,0,1,0,0
09-MAY-2026,GNBM0428,82008,0,82008,6834,0,0,0,0,0,0,1,0,0
09-MAY-2026,GNBM0429,82008,0,82008,6834,0,0,0,0,0,0,1,0,0
09-MAY-2026,GNBM0473,0,0,0,0,0,0,0,0,0,0,1,0,0
09-MAY-2026,GNBM0479,0,0,0,0,0,0,0,0,0,0,1,0,0
09-MAY-2026,GNBM0494,0,0,0,0,0,0,0,0,0,0,1,0,0
09-MAY-2026,GNBM0501,1608336,0,1608336,134028,0,0,0,0,0,0,1,0,0
09-MAY-2026,GNBM0510,0,0,0,0,0,0,0,0,0,0,1,0,0
09-MAY-2026,GNBM0512,0,0,0,0,0,0,0,0,0,0,1,0,0
09-MAY-2026,GNBM0513,0,0,0,0,0,0,0,0,0,0,1,0,0
09-MAY-2026,GNBM0531,0,0,0,0,0,0,0,0,0,0,1,0,0
09-MAY-2026,GNBM0545,623160,0,623160,51930,0,0,0,0,0,0,1,0,0
09-MAY-2026,GNBM0549,0,0,0,0,0,0,0,0,0,0,1,0,0
09-MAY-2026,GNBM0551,0,0,0,0,0,0,0,0,0,0,1,0,0
09-MAY-2026,GNBM0560,0,0,0,0,0,0,0,0,0,0,1,0,0
09-MAY-2026,GNBM0561,0,0,0,0,0,0,0,0,0,0,1,0,0
09-MAY-2026,GNBM0566,0,0,0,0,0,0,0,0,0,0,1,0,0
09-MAY-2026,GNBM0570,0,0,0,0,0,0,0,0,0,0,1,0,0
09-MAY-2026,GNBM0575,0,0,0,0,0,0,0,0,0,0,1,0,0
09-MAY-2026,GNBM0576,0,0,0,0,0,0,0,0,0,0,1,0,0
09-MAY-2026,GNBM0587,0,0,0,0,0,0,0,0,0,0,1,0,0
09-MAY-2026,GNBM0590,205020,0,205020,17085,0,0,0,0,0,0,1,0,0
09-MAY-2026,GNBM0591,0,0,0,0,0,0,0,0,0,0,1,0,0
09-MAY-2026,GNBM0592,0,0,0,0,0,0,0,0,0,0,1,0,0
09-MAY-2026,GNBM0593,124632,0,124632,10386,0,0,0,0,0,0,1,0,0
09-MAY-2026,GNBM0596,0,0,0,0,0,0,0,0,0,0,1,0,0
09-MAY-2026,GNBM0597,41004,0,41004,3417,0,0,0,0,0,0,1,0,0
09-MAY-2026,GNBM0599,278514.13,0,278514.13,24199.5,0,0,0,0,0,0,1,0,0
09-MAY-2026,GNBM2012,0,0,0,0,0,0,0,0,0,0,1,0,0
09-MAY-2026,GNGANESH,0,0,0,0,0,0,0,0,0,0,1,0,0
09-MAY-2026,GNPRAVIN,0,0,0,0,0,0,0,0,0,0,1,0,0
09-MAY-2026,GNSANJAY,0,0,0,0,0,0,0,0,0,0,1,0,0
09-MAY-2026,GNSHRI01,0,0,0,0,0,0,0,0,0,0,1,0,0
09-MAY-2026,GOJOSH72,0,0,0,0,0,0,0,0,0,0,1,0,0
09-MAY-2026,GRAJES99,143244,0,143244,11937,0,0,0,0,0,0,1,0,0
09-MAY-2026,GREDDY89,0,0,0,0,0,0,0,0,0,0,1,0,0
09-MAY-2026,GTNE1966,0,0,0,0,0,0,0,0,0,0,1,0,0
09-MAY-2026,GUNJA555,0,0,0,0,0,0,0,0,0,0,1,0,0
09-MAY-2026,GUNJANBK,0,0,0,0,0,0,0,0,0,0,1,0,0
09-MAY-2026,GUPTAR06,0,0,0,0,0,0,0,0,0,0,1,0,0
09-MAY-2026,HARDPATL,0,0,0,0,0,0,0,0,0,0,1,0,0
09-MAY-2026,HARNEKAR,0,0,0,0,0,0,0,0,0,0,1,0,0
09-MAY-2026,HAROMBAN,0,0,0,0,0,0,0,0,0,0,1,0,0
09-MAY-2026,HARSIL03,0,0,0,0,0,0,0,0,0,0,1,0,0
09-MAY-2026,HASMUKN9,0,0,0,0,0,0,0,0,0,0,1,0,0
09-MAY-2026,HEMBEC84,0,0,0,0,0,0,0,0,0,0,1,0,0
09-MAY-2026,HGIK1516,0,0,0,0,0,0,0,0,0,0,1,0,0
09-MAY-2026,HGIRISH7,0,0,0,0,0,0,0,0,0,0,1,0,0
09-MAY-2026,HIRARAM5,435132,0,435132,36261,0,0,0,0,0,0,1,0,0
09-MAY-2026,HITEAKUM,0,0,0,0,0,0,0,0,0,0,1,0,0
09-MAY-2026,HUFALKAR,0,0,0,0,0,0,0,0,0,0,1,0,0
09-MAY-2026,HUFINDER,0,0,0,0,0,0,0,0,0,0,1,0,0
09-MAY-2026,HUFMHP03,0,0,0,0,0,0,0,0,0,0,1,0,0
09-MAY-2026,HUFPARTH,0,0,0,0,0,0,0,0,0,0,1,0,0
09-MAY-2026,HUFRAJ07,0,0,0,0,0,0,0,0,0,0,1,0,0
09-MAY-2026,HUFS2015,1762152,0,1762152,146846,0,0,0,0,0,0,1,0,0
09-MAY-2026,HUFSVKK5,0,0,0,0,0,0,0,0,0,0,1,0,0
09-MAY-2026,HVTHAKAR,0,0,0,0,0,0,0,0,0,0,1,0,0
09-MAY-2026,IIL50073,1740786.57,0,1740786.57,140567,0,0,0,0,0,0,1,0,0
09-MAY-2026,IYE64206,0,0,0,0,0,0,0,0,0,0,1,0,0
09-MAY-2026,JAINK987,248034,0,248034,20669.5,0,0,0,0,0,0,1,0,0
09-MAY-2026,JALGT031,0,0,0,0,0,0,0,0,0,0,1,0,0
09-MAY-2026,JAMN1047,33588,0,33588,2799,0,0,0,0,0,0,1,0,0
09-MAY-2026,JANPRAVI,0,0,0,0,0,0,0,0,0,0,1,0,0
09-MAY-2026,JANSAGAR,71622,0,71622,5968.5,0,0,0,0,0,0,1,0,0
09-MAY-2026,JASNANI7,0,0,0,0,0,0,0,0,0,0,1,0,0
09-MAY-2026,JASVINKU,0,0,0,0,0,0,0,0,0,0,1,0,0
09-MAY-2026,JAYP9173,0,0,0,0,0,0,0,0,0,0,1,0,0
09-MAY-2026,JBBIHANI,3243768.5,0,3243768.5,265881,0,0,0,0,0,0,1,0,0
09-MAY-2026,JENT0420,0,0,0,0,0,0,0,0,0,0,1,0,0
09-MAY-2026,JENT0421,0,0,0,0,0,0,0,0,0,0,1,0,0
09-MAY-2026,JHALAJIT,0,0,0,0,0,0,0,0,0,0,1,0,0
09-MAY-2026,JITENK92,0,0,0,0,0,0,0,0,0,0,1,0,0
09-MAY-2026,JITPRA79,359910,0,359910,29992.5,0,0,0,0,0,0,1,0,0
09-MAY-2026,JIVAKC78,0,0,0,0,0,0,0,0,0,0,1,0,0
09-MAY-2026,JIVRAMBH,0,0,0,0,0,0,0,0,0,0,1,0,0
09-MAY-2026,JMDSHNTI,0,0,0,0,0,0,0,0,0,0,1,0,0
09-MAY-2026,JMRC1975,749016,0,749016,62418,0,0,0,0,0,0,1,0,0
09-MAY-2026,JMRC1976,873036,0,873036,72753,0,0,0,0,0,0,1,0,0
09-MAY-2026,JODH0061,0,0,0,0,0,0,0,0,0,0,1,0,0
09-MAY-2026,JOGENDJI,0,0,0,0,0,0,0,0,0,0,1,0,0
09-MAY-2026,JRINKESH,0,0,0,0,0,0,0,0,0,0,1,0,0
09-MAY-2026,JSK11057,0,0,0,0,0,0,0,0,0,0,1,0,0
09-MAY-2026,JSKM0001,0,0,0,0,0,0,0,0,0,0,1,0,0
09-MAY-2026,JSKPM001,0,0,0,0,0,0,0,0,0,0,1,0,0
09-MAY-2026,JSKSA001,3695122.93,0,3695122.93,366458.5,0,0,0,0,0,0,1,0,0
09-MAY-2026,JUGHAS65,20724362.57,0,20724362.57,1756684.5,0,0,0,0,0,0,1,0,0
09-MAY-2026,JVPATE84,362880,0,362880,45360,0,0,0,0,0,0,1,0,0
09-MAY-2026,K717K717,0,0,0,0,0,0,0,0,0,0,1,0,0
09-MAY-2026,KAILARLA,42156,0,42156,3513,0,0,0,0,0,0,1,0,0
09-MAY-2026,KAJALB94,0,0,0,0,0,0,0,0,0,0,1,0,0
09-MAY-2026,KAMLIAGR,649098,0,649098,54091.5,0,0,0,0,0,0,1,0,0
09-MAY-2026,KAMPARI1,0,0,0,0,0,0,0,0,0,0,1,0,0
09-MAY-2026,KANJI100,0,0,0,0,0,0,0,0,0,0,1,0,0
09-MAY-2026,KANTACB1,0,0,0,0,0,0,0,0,0,0,1,0,0
09-MAY-2026,KANTAVP4,0,0,0,0,0,0,0,0,0,0,1,0,0
09-MAY-2026,KARTHK96,0,0,0,0,0,0,0,0,0,0,1,0,0
09-MAY-2026,KBC19935,0,0,0,0,0,0,0,0,0,0,1,0,0
09-MAY-2026,KD190887,0,0,0,0,0,0,0,0,0,0,1,0,0
09-MAY-2026,KETAN800,0,0,0,0,0,0,0,0,0,0,1,0,0
09-MAY-2026,KHANYASH,0,0,0,0,0,0,0,0,0,0,1,0,0
09-MAY-2026,KKAUSTUB,0,0,0,0,0,0,0,0,0,0,1,0,0
09-MAY-2026,KONAR784,0,0,0,0,0,0,0,0,0,0,1,0,0
09-MAY-2026,KPENTER9,0,0,0,0,0,0,0,0,0,0,1,0,0
09-MAY-2026,KPRATHI3,4534380,0,4534380,377865,0,0,0,0,0,0,1,0,0
09-MAY-2026,KRIM7600,0,0,0,0,0,0,0,0,0,0,1,0,0
09-MAY-2026,KSNSACHI,317646,0,317646,26470.5,0,0,0,0,0,0,1,0,0
09-MAY-2026,KTALWAR2,0,0,0,0,0,0,0,0,0,0,1,0,0
09-MAY-2026,KULKAR74,0,0,0,0,0,0,0,0,0,0,1,0,0
09-MAY-2026,LAKSAD18,0,0,0,0,0,0,0,0,0,0,1,0,0
09-MAY-2026,LALSARAF,7757508,0,7757508,646459,0,0,0,0,0,0,1,0,0
09-MAY-2026,LALSHA41,0,0,0,0,0,0,0,0,0,0,1,0,0
09-MAY-2026,LDRJ0028,0,0,0,0,0,0,0,0,0,0,1,0,0
09-MAY-2026,LDRJ7553,0,0,0,0,0,0,0,0,0,0,1,0,0
09-MAY-2026,LDRJ7554,0,0,0,0,0,0,0,0,0,0,1,0,0
09-MAY-2026,LEENAAK5,0,0,0,0,0,0,0,0,0,0,1,0,0
09-MAY-2026,LEKHAC99,0,0,0,0,0,0,0,0,0,0,1,0,0
09-MAY-2026,LUCKY949,0,0,0,0,0,0,0,0,0,0,1,0,0
09-MAY-2026,MAHA5535,0,0,0,0,0,0,0,0,0,0,1,0,0
09-MAY-2026,MAHAVERG,0,0,0,0,0,0,0,0,0,0,1,0,0
09-MAY-2026,MAKU4848,0,0,0,0,0,0,0,0,0,0,1,0,0
09-MAY-2026,MAMILA12,0,0,0,0,0,0,0,0,0,0,1,0,0
09-MAY-2026,MAMTASIK,0,0,0,0,0,0,0,0,0,0,1,0,0
09-MAY-2026,MANBHA19,0,0,0,0,0,0,0,0,0,0,1,0,0
09-MAY-2026,MANESHPL,0,0,0,0,0,0,0,0,0,0,1,0,0
09-MAY-2026,MANGOY36,33588,0,33588,2799,0,0,0,0,0,0,1,0,0
09-MAY-2026,MANIMP49,0,0,0,0,0,0,0,0,0,0,1,0,0
09-MAY-2026,MANIS345,0,0,0,0,0,0,0,0,0,0,1,0,0
09-MAY-2026,MANJUJAT,0,0,0,0,0,0,0,0,0,0,1,0,0
09-MAY-2026,MANSIMP1,0,0,0,0,0,0,0,0,0,0,1,0,0
09-MAY-2026,MAPATEL6,0,0,0,0,0,0,0,0,0,0,1,0,0
09-MAY-2026,MASHARDA,9970989.99,0,9970989.99,976399.5,0,0,0,0,0,0,1,0,0
09-MAY-2026,MAYAKUM7,0,0,0,0,0,0,0,0,0,0,1,0,0
09-MAY-2026,MAYANK29,0,0,0,0,0,0,0,0,0,0,1,0,0
09-MAY-2026,MAYURIBD,0,0,0,0,0,0,0,0,0,0,1,0,0
09-MAY-2026,MEDICAL9,72522,0,72522,6043.5,0,0,0,0,0,0,1,0,0
09-MAY-2026,MESHRAMY,0,0,0,0,0,0,0,0,0,0,1,0,0
09-MAY-2026,MIHI4857,0,0,0,0,0,0,0,0,0,0,1,0,0
09-MAY-2026,MIRI5555,0,0,0,0,0,0,0,0,0,0,1,0,0
09-MAY-2026,MJS01465,0,0,0,0,0,0,0,0,0,0,1,0,0
09-MAY-2026,MNARANG9,0,0,0,0,0,0,0,0,0,0,1,0,0
09-MAY-2026,MNPUNJHA,0,0,0,0,0,0,0,0,0,0,1,0,0
09-MAY-2026,MRPUNJHA,0,0,0,0,0,0,0,0,0,0,1,0,0
09-MAY-2026,MRRAM101,0,0,0,0,0,0,0,0,0,0,1,0,0
09-MAY-2026,MSR7493G,0,0,0,0,0,0,0,0,0,0,1,0,0
09-MAY-2026,MSRL1207,664980,0,664980,55415,0,0,0,0,0,0,1,0,0
09-MAY-2026,MT010560,0,0,0,0,0,0,0,0,0,0,1,0,0
09-MAY-2026,MUKE9565,0,0,0,0,0,0,0,0,0,0,1,0,0
09-MAY-2026,MUKESA70,0,0,0,0,0,0,0,0,0,0,1,0,0
09-MAY-2026,MURLI971,0,0,0,0,0,0,0,0,0,0,1,0,0
09-MAY-2026,MUSKANWP,3263250,0,3263250,271937.5,0,0,0,0,0,0,1,0,0
09-MAY-2026,MUSKANWT,0,0,0,0,0,0,0,0,0,0,1,0,0
09-MAY-2026,NAKUMITT,0,0,0,0,0,0,0,0,0,0,1,0,0
09-MAY-2026,NAMAN005,0,0,0,0,0,0,0,0,0,0,1,0,0
09-MAY-2026,NANCYANP,293088.38,0,293088.38,24108,0,0,0,0,0,0,1,0,0
09-MAY-2026,NARAGOUD,0,0,0,0,0,0,0,0,0,0,1,0,0
09-MAY-2026,NASEEMA8,0,0,0,0,0,0,0,0,0,0,1,0,0
09-MAY-2026,NAVNKUM8,0,0,0,0,0,0,0,0,0,0,1,0,0
09-MAY-2026,NCC27599,0,0,0,0,0,0,0,0,0,0,1,0,0
09-MAY-2026,NDHP1962,0,0,0,0,0,0,0,0,0,0,1,0,0
09-MAY-2026,NIDHI282,0,0,0,0,0,0,0,0,0,0,1,0,0
09-MAY-2026,NIHAL143,0,0,0,0,0,0,0,0,0,0,1,0,0
09-MAY-2026,NIKS6572,0,0,0,0,0,0,0,0,0,0,1,0,0
09-MAY-2026,NILAKOLA,332352,0,332352,27696,0,0,0,0,0,0,1,0,0
09-MAY-2026,NILESH18,0,0,0,0,0,0,0,0,0,0,1,0,0
09-MAY-2026,NILOFARM,0,0,0,0,0,0,0,0,0,0,1,0,0
09-MAY-2026,NIRALI12,0,0,0,0,0,0,0,0,0,0,1,0,0
09-MAY-2026,NIRBAN74,0,0,0,0,0,0,0,0,0,0,1,0,0
09-MAY-2026,NISHARSJ,0,0,0,0,0,0,0,0,0,0,1,0,0
09-MAY-2026,NK032752,143244,0,143244,11937,0,0,0,0,0,0,1,0,0
09-MAY-2026,NM281077,0,0,0,0,0,0,0,0,0,0,1,0,0
09-MAY-2026,NMHYOGAR,0,0,0,0,0,0,0,0,0,0,1,0,0
09-MAY-2026,NNF41938,0,0,0,0,0,0,0,0,0,0,1,0,0
09-MAY-2026,NNPKHODA,145044,0,145044,12087,0,0,0,0,0,0,1,0,0
09-MAY-2026,NORTHEND,10832563.52,0,10832563.52,901449.5,0,0,0,0,0,0,1,0,0
09-MAY-2026,NPSHAH99,0,0,0,0,0,0,0,0,0,0,1,0,0
09-MAY-2026,NPSHUF99,0,0,0,0,0,0,0,0,0,0,1,0,0
09-MAY-2026,NWANI451,0,0,0,0,0,0,0,0,0,0,1,0,0
09-MAY-2026,NYADAV73,0,0,0,0,0,0,0,0,0,0,1,0,0
09-MAY-2026,PAL55555,0,0,0,0,0,0,0,0,0,0,1,0,0
09-MAY-2026,PANKAJ66,0,0,0,0,0,0,0,0,0,0,1,0,0
09-MAY-2026,PARASG82,0,0,0,0,0,0,0,0,0,0,1,0,0
09-MAY-2026,PARESH48,347410,0,347410,53867.5,0,0,0,0,0,0,1,0,0
09-MAY-2026,PATE7922,134352,0,134352,11196,0,0,0,0,0,0,1,0,0
09-MAY-2026,PATEL032,0,0,0,0,0,0,0,0,0,0,1,0,0
09-MAY-2026,PATEL493,25920,0,25920,3240,0,0,0,0,0,0,1,0,0
09-MAY-2026,PATELC99,404820,0,404820,33735,0,0,0,0,0,0,1,0,0
09-MAY-2026,PATELVJ7,0,0,0,0,0,0,0,0,0,0,1,0,0
09-MAY-2026,PATILA55,0,0,0,0,0,0,0,0,0,0,1,0,0
09-MAY-2026,PAWAN777,0,0,0,0,0,0,0,0,0,0,1,0,0
09-MAY-2026,PAWARM81,0,0,0,0,0,0,0,0,0,0,1,0,0
09-MAY-2026,PBNSAL89,0,0,0,0,0,0,0,0,0,0,1,0,0
09-MAY-2026,PGOYAL97,0,0,0,0,0,0,0,0,0,0,1,0,0
09-MAY-2026,PILIBANG,337350,0,337350,28112.5,0,0,0,0,0,0,1,0,0
09-MAY-2026,PJJ22056,0,0,0,0,0,0,0,0,0,0,1,0,0
09-MAY-2026,PNCHOPRA,0,0,0,0,0,0,0,0,0,0,1,0,0
09-MAY-2026,POONIL86,0,0,0,0,0,0,0,0,0,0,1,0,0
09-MAY-2026,PRACHANN,0,0,0,0,0,0,0,0,0,0,1,0,0
09-MAY-2026,PRAK0508,0,0,0,0,0,0,0,0,0,0,1,0,0
09-MAY-2026,PRAMKATK,0,0,0,0,0,0,0,0,0,0,1,0,0
09-MAY-2026,PRANAVAG,0,0,0,0,0,0,0,0,0,0,1,0,0
09-MAY-2026,PRASADNN,0,0,0,0,0,0,0,0,0,0,1,0,0
09-MAY-2026,PREMIA97,586176.76,0,586176.76,48216,0,0,0,0,0,0,1,0,0
09-MAY-2026,PRJAIN66,0,0,0,0,0,0,0,0,0,0,1,0,0
09-MAY-2026,PRMA873E,0,0,0,0,0,0,0,0,0,0,1,0,0
09-MAY-2026,PRMAAKR1,801864,0,801864,66822,0,0,0,0,0,0,1,0,0
09-MAY-2026,PRMABM21,0,0,0,0,0,0,0,0,0,0,1,0,0
09-MAY-2026,PRMALAX1,0,0,0,0,0,0,0,0,0,0,1,0,0
09-MAY-2026,PRMANPPL,3778320,0,3778320,314860,0,0,0,0,0,0,1,0,0
09-MAY-2026,PRMARKHF,0,0,0,0,0,0,0,0,0,0,1,0,0
09-MAY-2026,PRMAVIKR,0,0,0,0,0,0,0,0,0,0,1,0,0
09-MAY-2026,PSNAGA09,0,0,0,0,0,0,0,0,0,0,1,0,0
09-MAY-2026,PUJARAVI,0,0,0,0,0,0,0,0,0,0,1,0,0
09-MAY-2026,RABIN365,218736,0,218736,18228,0,0,0,0,0,0,1,0,0
09-MAY-2026,RAGHAV26,0,0,0,0,0,0,0,0,0,0,1,0,0
09-MAY-2026,RAHUL487,2246616,0,2246616,228132,0,0,0,0,0,0,1,0,0
09-MAY-2026,RAJAIN94,0,0,0,0,0,0,0,0,0,0,1,0,0
09-MAY-2026,RAJEAH65,0,0,0,0,0,0,0,0,0,0,1,0,0
09-MAY-2026,RAJESH4N,0,0,0,0,0,0,0,0,0,0,1,0,0
09-MAY-2026,RAJJAI17,0,0,0,0,0,0,0,0,0,0,1,0,0
09-MAY-2026,RAJKUMBT,0,0,0,0,0,0,0,0,0,0,1,0,0
09-MAY-2026,RAJNIA09,0,0,0,0,0,0,0,0,0,0,1,0,0
09-MAY-2026,RAMAANJU,0,0,0,0,0,0,0,0,0,0,1,0,0
09-MAY-2026,RAMDEV75,3440970,0,3440970,286747.5,0,0,0,0,0,0,1,0,0
09-MAY-2026,RAMG1111,0,0,0,0,0,0,0,0,0,0,1,0,0
09-MAY-2026,RANADR88,290936,0,290936,24831,0,0,0,0,0,0,1,0,0
09-MAY-2026,RANAND72,0,0,0,0,0,0,0,0,0,0,1,0,0
09-MAY-2026,RANNG999,0,0,0,0,0,0,0,0,0,0,1,0,0
09-MAY-2026,RATTANLA,0,0,0,0,0,0,0,0,0,0,1,0,0
09-MAY-2026,RAVI8111,464603.97,0,464603.97,37038,0,0,0,0,0,0,1,0,0
09-MAY-2026,RAVISONU,0,0,0,0,0,0,0,0,0,0,1,0,0
09-MAY-2026,RAVIT999,0,0,0,0,0,0,0,0,0,0,1,0,0
09-MAY-2026,RBL8830G,0,0,0,0,0,0,0,0,0,0,1,0,0
09-MAY-2026,RBLSS333,0,0,0,0,0,0,0,0,0,0,1,0,0
09-MAY-2026,REALFT44,0,0,0,0,0,0,0,0,0,0,1,0,0
09-MAY-2026,REALWE44,286488,0,286488,23874,0,0,0,0,0,0,1,0,0
09-MAY-2026,RINUSING,0,0,0,0,0,0,0,0,0,0,1,0,0
09-MAY-2026,RISHU391,0,0,0,0,0,0,0,0,0,0,1,0,0
09-MAY-2026,RJPRINCE,0,0,0,0,0,0,0,0,0,0,1,0,0
09-MAY-2026,RMKHATRI,0,0,0,0,0,0,0,0,0,0,1,0,0
09-MAY-2026,ROHIT113,134940,0,134940,11245,0,0,0,0,0,0,1,0,0
09-MAY-2026,ROHTAS19,0,0,0,0,0,0,0,0,0,0,1,0,0
09-MAY-2026,ROKSHANA,71622,0,71622,5968.5,0,0,0,0,0,0,1,0,0
09-MAY-2026,ROSHANGR,0,0,0,0,0,0,0,0,0,0,1,0,0
09-MAY-2026,RT000555,0,0,0,0,0,0,0,0,0,0,1,0,0
09-MAY-2026,RTLM0169,0,0,0,0,0,0,0,0,0,0,1,0,0
09-MAY-2026,RTLM2188,145044,0,145044,12087,0,0,0,0,0,0,1,0,0
09-MAY-2026,RTLM2211,0,0,0,0,0,0,0,0,0,0,1,0,0
09-MAY-2026,RTLM2562,0,0,0,0,0,0,0,0,0,0,1,0,0
09-MAY-2026,RTLM3556,143244,0,143244,11937,0,0,0,0,0,0,1,0,0
09-MAY-2026,RTLM8079,0,0,0,0,0,0,0,0,0,0,1,0,0
09-MAY-2026,RTLM8175,84312,0,84312,7026,0,0,0,0,0,0,1,0,0
09-MAY-2026,RTLM8216,0,0,0,0,0,0,0,0,0,0,1,0,0
09-MAY-2026,RTLM8850,0,0,0,0,0,0,0,0,0,0,1,0,0
09-MAY-2026,RUDRAHUF,0,0,0,0,0,0,0,0,0,0,1,0,0
09-MAY-2026,RUSHVASA,0,0,0,0,0,0,0,0,0,0,1,0,0
09-MAY-2026,SALMA010,0,0,0,0,0,0,0,0,0,0,1,0,0
09-MAY-2026,SAMBHAVS,0,0,0,0,0,0,0,0,0,0,1,0,0
09-MAY-2026,SAMPATBA,0,0,0,0,0,0,0,0,0,0,1,0,0
09-MAY-2026,SAN1998J,0,0,0,0,0,0,0,0,0,0,1,0,0
09-MAY-2026,SAND64UP,0,0,0,0,0,0,0,0,0,0,1,0,0
09-MAY-2026,SANDYA17,0,0,0,0,0,0,0,0,0,0,1,0,0
09-MAY-2026,SANIEXPO,0,0,0,0,0,0,0,0,0,0,1,0,0
09-MAY-2026,SANJASAM,0,0,0,0,0,0,0,0,0,0,1,0,0
09-MAY-2026,SAPUNJHA,0,0,0,0,0,0,0,0,0,0,1,0,0
09-MAY-2026,SARAL124,0,0,0,0,0,0,0,0,0,0,1,0,0
09-MAY-2026,SARANG40,0,0,0,0,0,0,0,0,0,0,1,0,0
09-MAY-2026,SARTHAKR,1082253.72,0,1082253.72,91071.5,0,0,0,0,0,0,1,0,0
09-MAY-2026,SASITKAL,0,0,0,0,0,0,0,0,0,0,1,0,0
09-MAY-2026,SATI5555,67176,0,67176,5598,0,0,0,0,0,0,1,0,0
09-MAY-2026,SATTAR89,0,0,0,0,0,0,0,0,0,0,1,0,0
09-MAY-2026,SATY5436,0,0,0,0,0,0,0,0,0,0,1,0,0
09-MAY-2026,SATYA007,0,0,0,0,0,0,0,0,0,0,1,0,0
09-MAY-2026,SAVA1875,7430940,0,7430940,657960,0,0,0,0,0,0,1,0,0
09-MAY-2026,SDM96100,0,0,0,0,0,0,0,0,0,0,1,0,0
09-MAY-2026,SHAH1973,0,0,0,0,0,0,0,0,0,0,1,0,0
09-MAY-2026,SHAHBHUF,0,0,0,0,0,0,0,0,0,0,1,0,0
09-MAY-2026,SHAHYAGN,0,0,0,0,0,0,0,0,0,0,1,0,0
09-MAY-2026,SHIK1986,0,0,0,0,0,0,0,0,0,0,1,0,0
09-MAY-2026,SHIV0021,0,0,0,0,0,0,0,0,0,0,1,0,0
09-MAY-2026,SHIVTEJ7,0,0,0,0,0,0,0,0,0,0,1,0,0
09-MAY-2026,SHRUTISD,0,0,0,0,0,0,0,0,0,0,1,0,0
09-MAY-2026,SHUBHG95,0,0,0,0,0,0,0,0,0,0,1,0,0
09-MAY-2026,SHYADAMA,0,0,0,0,0,0,0,0,0,0,1,0,0
09-MAY-2026,SHYAM540,0,0,0,0,0,0,0,0,0,0,1,0,0
09-MAY-2026,SHYAMG82,0,0,0,0,0,0,0,0,0,0,1,0,0
09-MAY-2026,SIANAND5,0,0,0,0,0,0,0,0,0,0,1,0,0
09-MAY-2026,SIRAM948,0,0,0,0,0,0,0,0,0,0,1,0,0
09-MAY-2026,SJPATELD,0,0,0,0,0,0,0,0,0,0,1,0,0
09-MAY-2026,SKS98322,0,0,0,0,0,0,0,0,0,0,1,0,0
09-MAY-2026,SNEHALJJ,0,0,0,0,0,0,0,0,0,0,1,0,0
09-MAY-2026,SOHANG84,0,0,0,0,0,0,0,0,0,0,1,0,0
09-MAY-2026,SPDHAN,11589078,0,11589078,965756.5,0,0,0,0,0,0,1,0,0
09-MAY-2026,SPSARAFN,0,0,0,0,0,0,0,0,0,0,1,0,0
09-MAY-2026,SRFTANMY,0,0,0,0,0,0,0,0,0,0,1,0,0
09-MAY-2026,SRTASONI,368460,0,368460,30705,0,0,0,0,0,0,1,0,0
09-MAY-2026,SS777HUF,420202.13,0,420202.13,34911.5,0,0,0,0,0,0,1,0,0
09-MAY-2026,SSB01985,0,0,0,0,0,0,0,0,0,0,1,0,0
09-MAY-2026,STARTEGI,0,0,0,0,0,0,0,0,0,0,1,0,0
09-MAY-2026,SUKHDEVA,0,0,0,0,0,0,0,0,0,0,1,0,0
09-MAY-2026,SUM63519,0,0,0,0,0,0,0,0,0,0,1,0,0
09-MAY-2026,SUMIT164,0,0,0,0,0,0,0,0,0,0,1,0,0
09-MAY-2026,SUNILASH,0,0,0,0,0,0,0,0,0,0,1,0,0
09-MAY-2026,SUNILGP3,0,0,0,0,0,0,0,0,0,0,1,0,0
09-MAY-2026,SURBHI16,0,0,0,0,0,0,0,0,0,0,1,0,0
09-MAY-2026,SURESH6A,144144,0,144144,12012,0,0,0,0,0,0,1,0,0
09-MAY-2026,SVSHAH82,0,0,0,0,0,0,0,0,0,0,1,0,0
09-MAY-2026,SWAP1875,143244,0,143244,11937,0,0,0,0,0,0,1,0,0
09-MAY-2026,SWAPNS94,0,0,0,0,0,0,0,0,0,0,1,0,0
09-MAY-2026,TANISH11,0,0,0,0,0,0,0,0,0,0,1,0,0
09-MAY-2026,TARA1955,60270,0,60270,6102.5,0,0,0,0,0,0,1,0,0
09-MAY-2026,TASAAMM1,0,0,0,0,0,0,0,0,0,0,1,0,0
09-MAY-2026,TAUNKG84,0,0,0,0,0,0,0,0,0,0,1,0,0
09-MAY-2026,TESACHIN,0,0,0,0,0,0,0,0,0,0,1,0,0
09-MAY-2026,THUF4545,0,0,0,0,0,0,0,0,0,0,1,0,0
09-MAY-2026,TOMDAVIS,0,0,0,0,0,0,0,0,0,0,1,0,0
09-MAY-2026,TRISHWPR,531984,0,531984,44332,0,0,0,0,0,0,1,0,0
09-MAY-2026,TRUE1111,332352,0,332352,27696,0,0,0,0,0,0,1,0,0
09-MAY-2026,TWM11186,0,0,0,0,0,0,0,0,0,0,1,0,0
09-MAY-2026,UDANI999,0,0,0,0,0,0,0,0,0,0,1,0,0
09-MAY-2026,UKPOLA23,0,0,0,0,0,0,0,0,0,0,1,0,0
09-MAY-2026,UMESKUM6,0,0,0,0,0,0,0,0,0,0,1,0,0
09-MAY-2026,URMILAOG,0,0,0,0,0,0,0,0,0,0,1,0,0
09-MAY-2026,URVSHIHP,0,0,0,0,0,0,0,0,0,0,1,0,0
09-MAY-2026,USHAAGA1,0,0,0,0,0,0,0,0,0,0,1,0,0
09-MAY-2026,VAANNSII,75120,0,75120,6260,0,0,0,0,0,0,1,0,0
09-MAY-2026,VADO0034,0,0,0,0,0,0,0,0,0,0,1,0,0
09-MAY-2026,VASHARKP,0,0,0,0,0,0,0,0,0,0,1,0,0
09-MAY-2026,VEGOP847,0,0,0,0,0,0,0,0,0,0,1,0,0
09-MAY-2026,VERA1D54,0,0,0,0,0,0,0,0,0,0,1,0,0
09-MAY-2026,VF001PVT,0,0,0,0,0,0,0,0,0,0,1,0,0
09-MAY-2026,VICKIHUF,0,0,0,0,0,0,0,0,0,0,1,0,0
09-MAY-2026,VICKY326,0,0,0,0,0,0,0,0,0,0,1,0,0
09-MAY-2026,VICKY521,0,0,0,0,0,0,0,0,0,0,1,0,0
09-MAY-2026,VIKASSP4,0,0,0,0,0,0,0,0,0,0,1,0,0
09-MAY-2026,VINITESH,0,0,0,0,0,0,0,0,0,0,1,0,0
09-MAY-2026,VINO2240,0,0,0,0,0,0,0,0,0,0,1,0,0
09-MAY-2026,VINODG70,0,0,0,0,0,0,0,0,0,0,1,0,0
09-MAY-2026,VINS1983,0,0,0,0,0,0,0,0,0,0,1,0,0
09-MAY-2026,VIPULGUP,0,0,0,0,0,0,0,0,0,0,1,0,0
09-MAY-2026,VIPULS55,535095.98,0,535095.98,43472,0,0,0,0,0,0,1,0,0
09-MAY-2026,VISHNR90,0,0,0,0,0,0,0,0,0,0,1,0,0
09-MAY-2026,VJAGHARA,0,0,0,0,0,0,0,0,0,0,1,0,0
09-MAY-2026,VJK30300,0,0,0,0,0,0,0,0,0,0,1,0,0
09-MAY-2026,VK160160,0,0,0,0,0,0,0,0,0,0,1,0,0
09-MAY-2026,VMANJU94,0,0,0,0,0,0,0,0,0,0,1,0,0
09-MAY-2026,VPAREKHS,0,0,0,0,0,0,0,0,0,0,1,0,0
09-MAY-2026,VSSJEWEL,0,0,0,0,0,0,0,0,0,0,1,0,0
09-MAY-2026,WA657544,0,0,0,0,0,0,0,0,0,0,1,0,0
09-MAY-2026,WT823509,0,0,0,0,0,0,0,0,0,0,1,0,0
09-MAY-2026,YANI1875,0,0,0,0,0,0,0,0,0,0,1,0,0
09-MAY-2026,YASIN143,83088,0,83088,6924,0,0,0,0,0,0,1,0,0
09-MAY-2026,YOGESKUJ,0,0,0,0,0,0,0,0,0,0,1,0,0
09-MAY-2026,YOGV1984,0,0,0,0,0,0,0,0,0,0,1,0,0
09-MAY-2026,YUKTA109,0,0,0,0,0,0,0,0,0,0,1,0,0
