09-MAY-2026,01274,0,0,0,0,0,0,0,0,0,0,2,0,0
09-MAY-2026,11561B010,412200,0,412200,34350,0,0,0,0,0,0,1,0,0
09-MAY-2026,11561G004,0,0,0,0,0,0,0,0,0,0,1,0,0
09-MAY-2026,11561M014,0,0,0,0,0,0,0,0,0,0,1,0,0
09-MAY-2026,11561P010,1051520,0,1051520,131440,0,0,0,0,0,0,1,0,0
09-MAY-2026,11561R007,0,0,0,0,0,0,0,0,0,0,1,0,0
09-MAY-2026,11561R010,8953812.91,0,8953812.91,742341.5,0,0,0,0,0,0,1,0,0
09-MAY-2026,11561S006,0,0,0,0,0,0,0,0,0,0,1,0,0
09-MAY-2026,227000001,0,0,0,0,0,0,0,0,0,0,1,0,0
09-MAY-2026,227000010,0,0,0,0,0,0,0,0,0,0,1,0,0
09-MAY-2026,227000011,0,0,0,0,0,0,0,0,0,0,1,0,0
09-MAY-2026,227000018,68700,0,68700,5725,0,0,0,0,0,0,1,0,0
09-MAY-2026,227000074,0,0,0,0,0,0,0,0,0,0,1,0,0
09-MAY-2026,227000085,580795.72,0,580795.72,48188,0,0,0,0,0,0,1,0,0
09-MAY-2026,227000111,168595.72,0,168595.72,13838,0,0,0,0,0,0,1,0,0
09-MAY-2026,227000613,237295.72,0,237295.72,19563,0,0,0,0,0,0,1,0,0
09-MAY-2026,227000632,5351665.07,0,5351665.07,483780,0,0,0,0,0,0,1,0,0
09-MAY-2026,227000646,0,0,0,0,0,0,0,0,0,0,1,0,0
09-MAY-2026,227000666,0,0,0,0,0,0,0,0,0,0,1,0,0
09-MAY-2026,227000679,237295.72,0,237295.72,19563,0,0,0,0,0,0,1,0,0
09-MAY-2026,227000686,0,0,0,0,0,0,0,0,0,0,1,0,0
09-MAY-2026,227000699,237295.72,0,237295.72,19563,0,0,0,0,0,0,1,0,0
09-MAY-2026,227000701,0,0,0,0,0,0,0,0,0,0,1,0,0
09-MAY-2026,227000705,129600,0,129600,16200,0,0,0,0,0,0,1,0,0
09-MAY-2026,22700A030,4427748,0,4427748,368979,0,0,0,0,0,0,1,0,0
09-MAY-2026,22700B029,0,0,0,0,0,0,0,0,0,0,1,0,0
09-MAY-2026,22700D031,0,0,0,0,0,0,0,0,0,0,1,0,0
09-MAY-2026,22700D034,0,0,0,0,0,0,0,0,0,0,1,0,0
09-MAY-2026,22700D040,0,0,0,0,0,0,0,0,0,0,1,0,0
09-MAY-2026,22700G010,0,0,0,0,0,0,0,0,0,0,1,0,0
09-MAY-2026,22700G020,1548679.91,0,1548679.91,123460,0,0,0,0,0,0,1,0,0
09-MAY-2026,22700G026,123012,0,123012,10251,0,0,0,0,0,0,1,0,0
09-MAY-2026,22700H036,0,0,0,0,0,0,0,0,0,0,1,0,0
09-MAY-2026,22700H038,1264598.59,0,1264598.59,104325,0,0,0,0,0,0,1,0,0
09-MAY-2026,22700H040,0,0,0,0,0,0,0,0,0,0,1,0,0
09-MAY-2026,22700I007,0,0,0,0,0,0,0,0,0,0,1,0,0
09-MAY-2026,22700K034,0,0,0,0,0,0,0,0,0,0,1,0,0
09-MAY-2026,22700K040,451044,0,451044,37587,0,0,0,0,0,0,1,0,0
09-MAY-2026,22700L005,5316876,0,5316876,443073,0,0,0,0,0,0,1,0,0
09-MAY-2026,22700N020,0,0,0,0,0,0,0,0,0,0,1,0,0
09-MAY-2026,22700P040,0,0,0,0,0,0,0,0,0,0,1,0,0
09-MAY-2026,22700R042,0,0,0,0,0,0,0,0,0,0,1,0,0
09-MAY-2026,22700R045,0,0,0,0,0,0,0,0,0,0,1,0,0
09-MAY-2026,22700S082,0,0,0,0,0,0,0,0,0,0,1,0,0
09-MAY-2026,22700V034,0,0,0,0,0,0,0,0,0,0,1,0,0
09-MAY-2026,28510H004,668868,0,668868,55739,0,0,0,0,0,0,1,0,0
09-MAY-2026,4066,0,0,0,0,0,0,0,0,0,0,1,0,0
09-MAY-2026,571482,0,0,0,0,0,0,0,0,0,0,1,0,0
