09-MAY-2026,00471,134297924.98,0,134297924.98,11850370,0,0,0,0,0,0,2,0,0,134297924.98,11850370,20260509-0,220000000,225000000,225000000,146148294.98,0,20260509-0
09-MAY-2026,10050014,0,0,0,0,0,0,0,0,0,0,1,0,0,0,0,20260509-0,2.53,2.53,2.53,0,0,20260509-0
09-MAY-2026,10050031,4192980,0,4192980,349415,0,0,0,0,0,0,1,0,0,4192980,349415,20260509-0,5036942.65,5036942.65,5036942.65,4542395,0,20260509-0
09-MAY-2026,10050322,8328774,0,8328774,694064.5,0,0,0,0,0,0,1,0,0,8328774,694064.5,20260509-0,10085481.54,12464874.28,12464874.28,9022838.5,0,20260509-0
09-MAY-2026,10050435,12264227.51,0,12264227.51,1014827,0,0,0,0,0,0,1,0,0,12264227.51,1014827,20260509-0,17077194.76,17077194.76,17077194.76,13279054.51,0,20260509-0
09-MAY-2026,10050454,0,0,0,0,0,0,0,0,0,0,1,0,0,0,0,20260509-0,49337.99,49337.99,49337.99,0,0,20260509-0
09-MAY-2026,10050564,0,0,0,0,0,0,0,0,0,0,1,0,0,0,0,20260509-0,101.87,101.87,101.87,0,0,20260509-0
09-MAY-2026,10050565,40173.75,2550,42723.75,11220.5,0,0,0,0,0,0,1,0,0,78605.47,11220.5,20260509-0,147260.17,147260.17,147260.17,89825.97,0,20260509-0
09-MAY-2026,10050566,406048.84,0,406048.84,33837.5,0,0,0,0,0,0,1,0,0,406048.84,33837.5,20260509-0,712665.98,712665.98,712665.98,439886.34,0,20260509-0
09-MAY-2026,10050618,0,0,0,0,0,0,0,0,0,0,1,0,0,0,0,20260509-0,333.32,333.32,333.32,0,0,20260509-0
09-MAY-2026,10050621,404820,0,404820,33735,0,0,0,0,0,0,1,0,0,404820,33735,20260509-0,496234.65,496234.65,496234.65,438555,0,20260509-0
09-MAY-2026,10050685,269880,0,269880,22490,0,0,0,0,0,0,1,0,0,269880,22490,20260509-0,369640.41,369640.41,369640.41,292370,0,20260509-0
09-MAY-2026,1005A032,103050,0,103050,8587.5,0,0,0,0,0,0,1,0,0,103050,8587.5,20260509-0,185748.43,185748.43,185748.43,111637.5,0,20260509-0
09-MAY-2026,1005A037,674700,0,674700,56225,0,0,0,0,0,0,1,0,0,674700,56225,20260509-0,866919.65,866919.65,866919.65,730925,0,20260509-0
09-MAY-2026,11030899,0,0,0,0,0,0,0,0,0,0,1,0,0,0,0,20260509-0,57199.42,57199.42,57199.42,0,0,20260509-0
09-MAY-2026,11031418,3149603.78,0,3149603.78,279642,0,0,0,0,0,0,1,0,0,3149603.78,279642,20260509-0,3912258.96,4228653.45,4228653.45,3429245.78,0,20260509-0
09-MAY-2026,11031442,0,0,0,0,0,0,0,0,0,0,1,0,0,0,0,20260509-0,32839.35,32839.35,32839.35,0,0,20260509-0
09-MAY-2026,11032404,1133550,0,1133550,94462.5,0,0,0,0,0,0,1,0,0,1133550,94462.5,20260509-0,1743170.81,1743170.81,1743170.81,1228012.5,0,20260509-0
09-MAY-2026,11032492,100086,0,100086,8340.5,0,0,0,0,0,0,1,0,0,100086,8340.5,20260509-0,206268.38,206268.38,206268.38,108426.5,0,20260509-0
09-MAY-2026,11032523,269880,0,269880,22490,0,0,0,0,0,0,1,0,0,269880,22490,20260509-0,2107913.85,2107913.85,2107913.85,292370,0,20260509-0
09-MAY-2026,11032663,0,0,0,0,0,0,0,0,0,0,1,0,0,0,0,20260509-0,44519.78,44519.78,44519.78,0,0,20260509-0
09-MAY-2026,11035727,0,0,0,0,0,0,0,0,0,0,1,0,0,0,0,20260509-0,276.26,276.26,276.26,0,0,20260509-0
09-MAY-2026,11035846,480900,0,480900,40075,0,0,0,0,0,0,1,0,0,480900,40075,20260509-0,671207.93,671207.93,671207.93,520975,0,20260509-0
09-MAY-2026,11036163,318837.57,0,318837.57,96894,0,0,0,0,0,0,1,0,0,318837.57,96894,20260509-0,416100.62,416100.62,416100.62,415731.57,0,20260509-0
09-MAY-2026,11036443,100086,0,100086,8340.5,0,0,0,0,0,0,1,0,0,100086,8340.5,20260509-0,237518.82,237518.82,237518.82,108426.5,0,20260509-0
09-MAY-2026,11036731,103034.57,0,103034.57,8113,0,0,0,0,0,0,1,0,0,103034.57,8113,20260509-0,189508.76,189508.76,189508.76,111147.57,0,20260509-0
09-MAY-2026,11036868,0,0,0,0,0,0,0,0,0,0,1,0,0,0,0,20260509-0,1012411.25,1012411.25,1012411.25,0,0,20260509-0
09-MAY-2026,11037050,1007658.61,0,1007658.61,80360,0,0,0,0,0,0,1,0,0,1007658.61,80360,20260509-0,1281709.57,1281709.57,1281709.57,1088018.61,0,20260509-0
09-MAY-2026,11037052,1285620,0,1285620,107135,0,0,0,0,0,0,1,0,0,1285620,107135,20260509-0,2147399.02,2147399.02,2147399.02,1392755,0,20260509-0
09-MAY-2026,11037179,1891620,0,1891620,157635,0,0,0,0,0,0,1,0,0,1891620,157635,20260509-0,4333456.33,4333456.33,4333456.33,2049255,0,20260509-0
09-MAY-2026,11037261,0,0,0,0,0,0,0,0,0,0,1,0,0,0,0,20260509-0,236268.32,236268.32,236268.32,0,0,20260509-0
09-MAY-2026,11037353,742320,0,742320,61860,0,0,0,0,0,0,1,0,0,742320,61860,20260509-0,935135.35,935135.35,935135.35,804180,0,20260509-0
09-MAY-2026,11037537,0,0,0,0,0,0,0,0,0,0,1,0,0,0,0,20260509-0,257.02,257.02,257.02,0,0,20260509-0
09-MAY-2026,11037672,0,0,0,0,0,0,0,0,0,0,1,0,0,0,0,20260509-0,205323.15,205323.15,205323.15,0,0,20260509-0
09-MAY-2026,11037693,1146990,0,1146990,95582.5,0,0,0,0,0,0,1,0,0,1146990,95582.5,20260509-0,2566488.53,2566488.53,2566488.53,1242572.5,0,20260509-0
09-MAY-2026,11038022,0,0,0,0,0,0,0,0,0,0,1,0,0,0,0,20260509-0,20000,20000,20000,0,0,20260509-0
09-MAY-2026,11038113,266670,0,266670,22222.5,0,0,0,0,0,0,1,0,0,266670,22222.5,20260509-0,360935.25,360935.25,360935.25,288892.5,0,20260509-0
09-MAY-2026,1103A081,1964929.65,0,1964929.65,159012,0,0,0,0,0,0,1,0,0,1964929.65,159012,20260509-0,3064732.99,3064732.99,3064732.99,2123941.65,0,20260509-0
09-MAY-2026,11041282,2277602.73,0,2277602.73,225232,0,0,0,0,0,0,1,0,0,2277602.73,225232,20260509-0,4588512.97,4588512.97,4588512.97,2502834.73,0,20260509-0
09-MAY-2026,11041284,14287861.05,0,14287861.05,1154114.5,0,0,0,0,0,0,1,0,0,14287861.05,1154114.5,20260509-0,24650381.18,24650381.18,24650381.18,15441975.55,0,20260509-0
09-MAY-2026,11041285,145044,0,145044,12087,0,0,0,0,0,0,1,0,0,145044,12087,20260509-0,176227.67,176227.67,176227.67,157131,0,20260509-0
09-MAY-2026,11041286,1189739.13,0,1189739.13,98198.5,0,0,0,0,0,0,1,0,0,1189739.13,98198.5,20260509-0,2452934.75,2452934.75,2452934.75,1287937.63,0,20260509-0
09-MAY-2026,11041289,145044,0,145044,12087,0,0,0,0,0,0,1,0,0,145044,12087,20260509-0,207218.57,207218.57,207218.57,157131,0,20260509-0
09-MAY-2026,11041304,6588295.39,0,6588295.39,532076,0,0,0,0,0,0,1,0,0,6588295.39,532076,20260509-0,7667704.03,7667704.03,7667704.03,7120371.39,0,20260509-0
09-MAY-2026,11041306,1349400,0,1349400,112450,0,0,0,0,0,0,1,0,0,1349400,112450,20260509-0,1608518.85,1608518.85,1608518.85,1461850,0,20260509-0
09-MAY-2026,11041307,6949410,0,6949410,579117.5,0,0,0,0,0,0,1,0,0,6949410,579117.5,20260509-0,9004727.7,9004727.7,9004727.7,7528527.5,0,20260509-0
09-MAY-2026,11041308,0,0,0,0,0,0,0,0,0,0,1,0,0,0,0,20260509-0,12086483.22,14134739.27,14134739.27,0,0,20260509-0
09-MAY-2026,11041318,143244,0,143244,11937,0,0,0,0,0,0,1,0,0,143244,11937,20260509-0,154908,154908,154908,155181,273,20260509-0
09-MAY-2026,11041326,9426264,0,9426264,1044722,0,0,0,0,0,0,1,0,0,9426264,1044722,20260509-0,14237850.09,14237850.09,14237850.09,10470986,0,20260509-0
09-MAY-2026,11041339,6207240,0,6207240,517270,0,0,0,0,0,0,1,0,0,6207240,517270,20260509-0,8173738.93,8173738.93,8173738.93,6724510,0,20260509-0
09-MAY-2026,11041341,539760,0,539760,44980,0,0,0,0,0,0,1,0,0,539760,44980,20260509-0,803934.73,803934.73,803934.73,584740,0,20260509-0
09-MAY-2026,11041350,100765.86,0,100765.86,8036,0,0,0,0,0,0,1,0,0,100765.86,8036,20260509-0,462428.82,462428.82,462428.82,108801.86,0,20260509-0
09-MAY-2026,11041386,5031948,0,5031948,419329,0,0,0,0,0,0,1,0,0,5031948,419329,20260509-0,6580101.48,6580101.48,6580101.48,5451277,0,20260509-0
09-MAY-2026,11041388,403063.44,0,403063.44,32144,0,0,0,0,0,0,1,0,0,403063.44,32144,20260509-0,1217705.21,1217705.21,1217705.21,435207.44,0,20260509-0
09-MAY-2026,11041390,1826268,0,1826268,152189,0,0,0,0,0,0,1,0,0,1826268,152189,20260509-0,1548338.71,1548338.71,1548338.71,1978457,430118.29,20260509-0
09-MAY-2026,11041396,3379722.31,0,3379722.31,267036,0,0,0,0,0,0,1,0,0,3379722.31,267036,20260509-0,5729911.65,5729911.65,5729911.65,3646758.31,0,20260509-0
09-MAY-2026,11041401,9022572.9,0,9022572.9,747074,0,0,0,0,0,0,1,0,0,9022572.9,747074,20260509-0,13084052.23,13084052.23,13084052.23,9769646.9,0,20260509-0
09-MAY-2026,11041408,0,0,0,0,0,0,0,0,0,0,1,0,0,0,0,20260509-0,0,2739020.2,2739020.2,0,0,20260509-0
09-MAY-2026,11041412,7691580,0,7691580,640965,0,0,0,0,0,0,1,0,0,7691580,640965,20260509-0,8987991.07,8987991.07,8987991.07,8332545,0,20260509-0
09-MAY-2026,11041413,5262660,0,5262660,438555,0,0,0,0,0,0,1,0,0,5262660,438555,20260509-0,7137447.12,7137447.12,7137447.12,5701215,0,20260509-0
09-MAY-2026,11041414,4925310,0,4925310,410442.5,0,0,0,0,0,0,1,0,0,4925310,410442.5,20260509-0,6898577.2,6898577.2,6898577.2,5335752.5,0,20260509-0
09-MAY-2026,11041415,5802420,0,5802420,483535,0,0,0,0,0,0,1,0,0,5802420,483535,20260509-0,6669257.46,6669257.46,6669257.46,6285955,0,20260509-0
09-MAY-2026,11041426,403063.44,0,403063.44,32144,0,0,0,0,0,0,1,0,0,403063.44,32144,20260509-0,803840.45,803840.45,803840.45,435207.44,0,20260509-0
09-MAY-2026,11041450,1648260,0,1648260,137355,0,0,0,0,0,0,1,0,0,1648260,137355,20260509-0,2527184.43,2527184.43,2527184.43,1785615,0,20260509-0
09-MAY-2026,11041459,134352,0,134352,11196,0,0,0,0,0,0,1,0,0,134352,11196,20260509-0,259577.93,259577.93,259577.93,145548,0,20260509-0
09-MAY-2026,11041470,67470,0,67470,5622.5,0,0,0,0,0,0,1,0,0,67470,5622.5,20260509-0,96582.1,96582.1,96582.1,73092.5,0,20260509-0
09-MAY-2026,11041471,67470,0,67470,5622.5,0,0,0,0,0,0,1,0,0,67470,5622.5,20260509-0,134631.4,134631.4,134631.4,73092.5,0,20260509-0
09-MAY-2026,11041472,133968,0,133968,11164,0,0,0,0,0,0,1,0,0,133968,11164,20260509-0,206971.73,206971.73,206971.73,145132,0,20260509-0
09-MAY-2026,11041473,66498,0,66498,5541.5,0,0,0,0,0,0,1,0,0,66498,5541.5,20260509-0,172088,172088,172088,72039.5,0,20260509-0
09-MAY-2026,11041520,134940,0,134940,11245,0,0,0,0,0,0,1,0,0,134940,11245,20260509-0,312430.94,312430.94,312430.94,146185,0,20260509-0
09-MAY-2026,11041523,358110,0,358110,29842.5,0,0,0,0,0,0,1,0,0,358110,29842.5,20260509-0,1761089.09,1761089.09,1761089.09,387952.5,0,20260509-0
09-MAY-2026,11041525,13994310,0,13994310,1166192.5,0,0,115560,0,0,0,1,0,0,13994310,1166192.5,20260509-0,15297300.5,15297300.5,15297300.5,15160502.5,0,20260509-0
09-MAY-2026,11041526,11923908,0,11923908,993659,0,0,115560,0,0,0,1,0,0,11923908,993659,20260509-0,14405842.21,14405842.21,14405842.21,12917567,0,20260509-0
09-MAY-2026,11041550,4787856,0,4787856,398988,0,0,0,0,0,0,1,0,0,4787856,398988,20260509-0,3239267.28,3239267.28,3239267.28,5186844,1947576.72,20260509-0
09-MAY-2026,11041555,2474034,0,2474034,206169.5,0,0,0,0,0,0,1,0,0,2474034,206169.5,20260509-0,4012897.07,4012897.07,4012897.07,2680203.5,0,20260509-0
09-MAY-2026,11041563,3538500,0,3538500,294875,0,0,0,0,0,0,1,0,0,3538500,294875,20260509-0,5163290.55,5163290.55,5163290.55,3833375,0,20260509-0
09-MAY-2026,11041577,33588,0,33588,2799,0,0,0,0,0,0,1,0,0,33588,2799,20260509-0,66964.27,66964.27,66964.27,36387,0,20260509-0
09-MAY-2026,11041578,302297.58,0,302297.58,24108,0,0,0,0,0,0,1,0,0,302297.58,24108,20260509-0,565257.7,565257.7,565257.7,326405.58,0,20260509-0
09-MAY-2026,11041593,2857743.38,0,2857743.38,226240,0,0,0,0,0,0,1,0,0,2857743.38,226240,20260509-0,3585614.5,3585614.5,3585614.5,3083983.38,0,20260509-0
09-MAY-2026,11041596,201531.72,0,201531.72,16072,0,0,0,0,0,0,1,0,0,201531.72,16072,20260509-0,488568.7,488568.7,488568.7,217603.72,0,20260509-0
09-MAY-2026,11041599,1505100,0,1505100,142100,0,0,0,0,0,0,1,0,0,1505100,142100,20260509-0,1657180,1657180,1657180,1647200,0,20260509-0
09-MAY-2026,11041609,2420906.14,0,2420906.14,200777,0,0,0,0,0,0,1,0,0,2420906.14,200777,20260509-0,2802738.77,2802738.77,2802738.77,2621683.14,0,20260509-0
09-MAY-2026,11041610,676080,0,676080,56340,0,0,0,0,0,0,1,0,0,676080,56340,20260509-0,1102438.99,1102438.99,1102438.99,732420,0,20260509-0
09-MAY-2026,11041614,707994,0,707994,58999.5,0,0,0,0,0,0,1,0,0,707994,58999.5,20260509-0,1180634.59,1180634.59,1180634.59,766993.5,0,20260509-0
09-MAY-2026,11041615,0,0,0,0,0,0,0,0,0,0,1,0,0,0,0,20260509-0,326516.54,326516.54,326516.54,0,0,20260509-0
09-MAY-2026,11041624,1989252,0,1989252,165771,0,0,0,0,0,0,1,0,0,1989252,165771,20260509-0,2461627.91,2461627.91,2461627.91,2155023,0,20260509-0
09-MAY-2026,11041625,1773548,0,1773548,148382,0,0,0,0,0,0,1,0,0,1773548,148382,20260509-0,2181820.75,2181820.75,2181820.75,1921930,0,20260509-0
09-MAY-2026,11041626,289648,0,289648,29614,0,0,0,0,0,0,1,0,0,289648,29614,20260509-0,329462.72,329462.72,329462.72,319262,0,20260509-0
09-MAY-2026,11041627,616140,0,616140,51345,0,0,0,0,0,0,1,0,0,616140,51345,20260509-0,896223.04,896223.04,896223.04,667485,0,20260509-0
09-MAY-2026,11041628,1107108,0,1107108,92259,0,0,0,0,0,0,1,0,0,1107108,92259,20260509-0,1566198.2,1566198.2,1566198.2,1199367,0,20260509-0
09-MAY-2026,11041629,902088,0,902088,75174,0,0,0,0,0,0,1,0,0,902088,75174,20260509-0,1302371.54,1302371.54,1302371.54,977262,0,20260509-0
09-MAY-2026,11041637,2423167.18,0,2423167.18,193394,0,0,0,0,0,0,1,0,0,2423167.18,193394,20260509-0,3700168.92,3700168.92,3700168.92,2616561.18,0,20260509-0
09-MAY-2026,11041639,0,0,0,0,0,0,0,0,0,0,1,0,0,0,0,20260509-0,296716.31,296716.31,296716.31,0,0,20260509-0
09-MAY-2026,11041641,503829.31,0,503829.31,40180,0,0,0,0,0,0,1,0,0,503829.31,40180,20260509-0,773241.81,773241.81,773241.81,544009.31,0,20260509-0
09-MAY-2026,11041645,538328.15,0,538328.15,43304,0,0,0,0,0,0,1,0,0,538328.15,43304,20260509-0,701068.64,701068.64,701068.64,581632.15,0,20260509-0
09-MAY-2026,11041647,201531.72,0,201531.72,16072,0,0,0,0,0,0,1,0,0,201531.72,16072,20260509-0,652815.87,652815.87,652815.87,217603.72,0,20260509-0
09-MAY-2026,11041649,1619059.89,0,1619059.89,128807,0,0,0,0,0,0,1,0,0,1619059.89,128807,20260509-0,3410807.53,3410807.53,3410807.53,1747866.89,0,20260509-0
09-MAY-2026,11041651,206069.13,0,206069.13,16226,0,0,0,0,0,0,1,0,0,206069.13,16226,20260509-0,413094.01,413094.01,413094.01,222295.13,0,20260509-0
09-MAY-2026,11041657,217566,0,217566,18130.5,0,0,0,0,0,0,1,0,0,217566,18130.5,20260509-0,308231.57,308231.57,308231.57,235696.5,0,20260509-0
09-MAY-2026,11041667,72522,0,72522,6043.5,0,0,0,0,0,0,1,0,0,72522,6043.5,20260509-0,95324.04,95324.04,95324.04,78565.5,0,20260509-0
09-MAY-2026,11041668,2060691.3,0,2060691.3,162260,0,0,0,0,0,0,1,0,0,2060691.3,162260,20260509-0,8337824.8,8337824.8,8337824.8,2222951.3,0,20260509-0
09-MAY-2026,11041671,1709970,0,1709970,142497.5,0,0,0,0,0,0,1,0,0,1709970,142497.5,20260509-0,649938.2,649938.2,649938.2,1852467.5,1202529.3,20260509-0
09-MAY-2026,11041674,1416576,0,1416576,118048,0,0,0,0,0,0,1,0,0,1416576,118048,20260509-0,2432825.44,2432825.44,2432825.44,1534624,0,20260509-0
09-MAY-2026,11041694,201531.72,0,201531.72,16072,0,0,0,0,0,0,1,0,0,201531.72,16072,20260509-0,738892.96,738892.96,738892.96,217603.72,0,20260509-0
09-MAY-2026,11041697,12553488,0,12553488,1046124,0,0,0,0,0,0,1,0,0,12553488,1046124,20260509-0,13619424,13619424,13619424,13599612,0,20260509-0
09-MAY-2026,11041710,3508440,0,3508440,292370,0,0,0,0,0,0,1,0,0,3508440,292370,20260509-0,5093469.25,5093469.25,5093469.25,3800810,0,20260509-0
09-MAY-2026,11041711,3508440,0,3508440,292370,0,0,0,0,0,0,1,0,0,3508440,292370,20260509-0,5060987.39,5060987.39,5060987.39,3800810,0,20260509-0
09-MAY-2026,11041713,2472829.57,0,2472829.57,194712,0,0,0,0,0,0,1,0,0,2472829.57,194712,20260509-0,3861428.63,3861428.63,3861428.63,2667541.57,0,20260509-0
09-MAY-2026,11041717,201531.72,0,201531.72,16072,0,0,0,0,0,0,1,0,0,201531.72,16072,20260509-0,540791.06,540791.06,540791.06,217603.72,0,20260509-0
09-MAY-2026,11041736,0,0,0,0,0,0,0,0,0,0,1,0,0,0,0,20260509-0,73989.25,73989.25,73989.25,0,0,20260509-0
09-MAY-2026,11041758,100765.86,0,100765.86,8036,0,0,0,0,0,0,1,0,0,100765.86,8036,20260509-0,388662.08,388662.08,388662.08,108801.86,0,20260509-0
09-MAY-2026,11041759,201531.72,0,201531.72,16072,0,0,0,0,0,0,1,0,0,201531.72,16072,20260509-0,487881.78,487881.78,487881.78,217603.72,0,20260509-0
09-MAY-2026,11041767,201531.72,0,201531.72,16072,0,0,0,0,0,0,1,0,0,201531.72,16072,20260509-0,544886.31,544886.31,544886.31,217603.72,0,20260509-0
09-MAY-2026,11041774,337350,0,337350,28112.5,0,0,0,0,0,0,1,0,0,337350,28112.5,20260509-0,689908.85,689908.85,689908.85,365462.5,0,20260509-0
09-MAY-2026,1104A002,0,0,0,0,0,0,0,0,0,0,1,0,0,0,0,20260509-0,235197.13,235197.13,235197.13,0,0,20260509-0
09-MAY-2026,1104A006,100765.86,0,100765.86,8036,0,0,0,0,0,0,1,0,0,100765.86,8036,20260509-0,300449.12,300449.12,300449.12,108801.86,0,20260509-0
09-MAY-2026,1104A013,201531.72,0,201531.72,16072,0,0,0,0,0,0,1,0,0,201531.72,16072,20260509-0,383179.95,383179.95,383179.95,217603.72,0,20260509-0
09-MAY-2026,1104A016,0,0,0,0,0,0,0,0,0,0,1,0,0,0,0,20260509-0,75348.74,75348.74,75348.74,0,0,20260509-0
09-MAY-2026,1104A022,144144,0,144144,12012,0,0,0,0,0,0,1,0,0,144144,12012,20260509-0,177034.92,177034.92,177034.92,156156,0,20260509-0
09-MAY-2026,1104A024,71622,0,71622,5968.5,0,0,0,0,0,0,1,0,0,71622,5968.5,20260509-0,171589.5,171589.5,171589.5,77590.5,0,20260509-0
09-MAY-2026,11054462,0,0,0,0,0,0,0,0,0,0,1,0,0,0,0,20260509-0,8358.07,8358.07,8358.07,0,0,20260509-0
09-MAY-2026,11059816,0,0,0,0,0,0,0,0,0,0,1,0,0,0,0,20260509-0,645,645,645,0,0,20260509-0
09-MAY-2026,11059846,0,0,0,0,0,0,0,0,0,0,1,0,0,0,0,20260509-0,3933.02,3933.02,3933.02,0,0,20260509-0
09-MAY-2026,11059953,0,0,0,0,0,0,0,0,0,0,1,0,0,0,0,20260509-0,170157,170157,170157,0,0,20260509-0
09-MAY-2026,11060019,636222,0,636222,53018.5,0,0,0,0,0,0,1,0,0,636222,53018.5,20260509-0,700383.83,700383.83,700383.83,689240.5,0,20260509-0
09-MAY-2026,11060020,1886364,0,1886364,157197,0,0,0,0,0,0,1,0,0,1886364,157197,20260509-0,2269174.67,2269174.67,2269174.67,2043561,0,20260509-0
09-MAY-2026,11060059,41544,0,41544,3462,0,0,0,0,0,0,1,0,0,41544,3462,20260509-0,79824.45,79824.45,79824.45,45006,0,20260509-0
09-MAY-2026,11060064,3989880,0,3989880,332490,0,0,0,0,0,0,1,0,0,3989880,332490,20260509-0,4325880,4325880,4325880,4322370,0,20260509-0
09-MAY-2026,11060360,369468,0,369468,30789,0,0,0,0,0,0,1,0,0,369468,30789,20260509-0,520734.07,520734.07,520734.07,400257,0,20260509-0
09-MAY-2026,11060722,33588,0,33588,2799,0,0,0,0,0,0,1,0,0,33588,2799,20260509-0,209052.81,209052.81,209052.81,36387,0,20260509-0
09-MAY-2026,11076018,67469.82,0,67469.82,5622.5,0,0,0,0,0,0,1,0,0,67469.82,5622.5,20260509-0,85410.64,85410.64,85410.64,73092.32,0,20260509-0
09-MAY-2026,11076033,101820,0,101820,8485,0,0,0,0,0,0,1,0,0,101820,8485,20260509-0,146064.35,146064.35,146064.35,110305,0,20260509-0
09-MAY-2026,11076034,1306216.26,0,1306216.26,149228.5,0,0,0,0,0,0,1,0,0,1306216.26,149228.5,20260509-0,2307086.86,2307086.86,2307086.86,1455444.76,0,20260509-0
09-MAY-2026,11076060,0,0,0,0,0,0,0,0,0,0,1,0,0,0,0,20260509-0,292.44,292.44,292.44,0,0,20260509-0
09-MAY-2026,11076109,34349.98,0,34349.98,2862.5,0,0,0,0,0,0,1,0,0,34349.98,2862.5,20260509-0,43008.79,43008.79,43008.79,37212.48,0,20260509-0
09-MAY-2026,11076119,2001615.43,0,2001615.43,172461.5,0,0,0,0,0,0,1,0,0,2001615.43,172461.5,20260509-0,2423814.72,2423814.72,2423814.72,2174076.93,0,20260509-0
09-MAY-2026,11076138,269880,0,269880,22490,0,0,0,0,0,0,1,0,0,269880,22490,20260509-0,689100.99,689100.99,689100.99,292370,0,20260509-0
09-MAY-2026,11076139,0,0,0,0,0,0,0,0,0,0,1,0,0,0,0,20260509-0,424858.78,424858.78,424858.78,0,0,20260509-0
09-MAY-2026,1107A002,243026.57,0,243026.57,19779,0,0,0,0,0,0,1,0,0,243026.57,19779,20260509-0,512458.03,512458.03,512458.03,262805.57,0,20260509-0
09-MAY-2026,1107A016,0,0,0,0,0,0,0,0,0,0,1,0,0,0,0,20260509-0,2868.08,2868.08,2868.08,0,0,20260509-0
09-MAY-2026,1107A018,0,0,0,0,0,0,0,0,0,0,1,0,0,0,0,20260509-0,450000,450000,450000,0,0,20260509-0
09-MAY-2026,11088307,3810477.06,0,3810477.06,301284.5,0,0,0,0,0,0,1,0,0,3810477.06,301284.5,20260509-0,4575600,4575600,4575600,4111761.56,0,20260509-0
09-MAY-2026,11088436,0,0,0,0,0,0,0,0,0,0,1,0,0,0,0,20260509-0,114.55,114.55,114.55,0,0,20260509-0
09-MAY-2026,11088485,1214460,0,1214460,101205,0,0,0,0,0,0,1,0,0,1214460,101205,20260509-0,2312846.29,2312846.29,2312846.29,1315665,0,20260509-0
09-MAY-2026,11098280,3838260,0,3838260,319855,0,0,0,0,0,0,1,0,0,3838260,319855,20260509-0,5405819.6,5405819.6,5405819.6,4158115,0,20260509-0
09-MAY-2026,11098286,0,0,0,0,0,0,0,0,0,0,1,0,0,0,0,20260509-0,2459.62,2459.62,2459.62,0,0,20260509-0
09-MAY-2026,11098309,180632.93,0,180632.93,14209,0,0,0,0,0,0,1,0,0,180632.93,14209,20260509-0,271117.77,271117.77,271117.77,194841.93,0,20260509-0
09-MAY-2026,11098328,168528,0,168528,14044,0,0,0,0,0,0,1,0,0,168528,14044,20260509-0,228784.95,228784.95,228784.95,182572,0,20260509-0
09-MAY-2026,11098329,5236613.19,0,5236613.19,413147,0,0,0,0,0,0,1,0,0,5236613.19,413147,20260509-0,6223741.52,6223741.52,6223741.52,5649760.19,0,20260509-0
09-MAY-2026,11098343,339648,0,339648,28304,0,0,0,0,0,0,1,0,0,339648,28304,20260509-0,509885.52,509885.52,509885.52,367952,0,20260509-0
09-MAY-2026,11098344,2476716.61,0,2476716.61,202781.5,0,0,0,0,0,0,1,0,0,2476716.61,202781.5,20260509-0,4166925.33,4166925.33,4166925.33,2679498.11,0,20260509-0
09-MAY-2026,11098385,309974.14,0,309974.14,24866,0,0,0,0,0,0,1,0,0,309974.14,24866,20260509-0,490179.17,490179.17,490179.17,334840.14,0,20260509-0
09-MAY-2026,11098401,0,0,0,0,0,0,0,0,0,0,1,0,0,0,0,20260509-0,85485.59,85485.59,85485.59,0,0,20260509-0
09-MAY-2026,11098422,3022975.83,0,3022975.83,241080,0,0,0,0,0,0,1,0,0,3022975.83,241080,20260509-0,4781962.49,4781962.49,4781962.49,3264055.83,0,20260509-0
09-MAY-2026,11098440,525840,0,525840,43820,0,0,0,0,0,0,1,0,0,525840,43820,20260509-0,714548.23,714548.23,714548.23,569660,0,20260509-0
09-MAY-2026,11098441,10110446.85,0,10110446.85,822268.5,0,0,0,0,0,0,1,0,0,10110446.85,822268.5,20260509-0,11489676.42,11489676.42,11489676.42,10932715.35,0,20260509-0
09-MAY-2026,11098508,0,0,0,0,0,0,0,0,0,0,1,0,0,0,0,20260509-0,27193.94,27193.94,27193.94,0,0,20260509-0
09-MAY-2026,11098515,0,0,0,0,0,0,0,0,0,0,1,0,0,0,0,20260509-0,6357.38,6357.38,6357.38,0,0,20260509-0
09-MAY-2026,11098531,515172.83,0,515172.83,40565,0,0,0,0,0,0,1,0,0,515172.83,40565,20260509-0,789736.43,789736.43,789736.43,555737.83,0,20260509-0
09-MAY-2026,11098532,1184181.2,0,1184181.2,97234,0,0,0,0,0,0,1,0,0,1184181.2,97234,20260509-0,1643210.64,1643210.64,1643210.64,1281415.2,0,20260509-0
09-MAY-2026,11098534,345000,0,345000,28750,0,0,0,0,0,0,1,0,0,345000,28750,20260509-0,871088,871088,871088,373750,0,20260509-0
09-MAY-2026,11098646,0,0,0,0,0,0,0,0,0,0,1,0,0,0,0,20260509-0,140301.09,140301.09,140301.09,0,0,20260509-0
09-MAY-2026,11098650,797976,0,797976,66498,0,0,0,0,0,0,1,0,0,797976,66498,20260509-0,1034932.73,1034932.73,1034932.73,864474,0,20260509-0
09-MAY-2026,11098654,0,0,0,0,0,0,0,0,0,0,1,0,0,0,0,20260509-0,265997.05,265997.05,265997.05,0,0,20260509-0
09-MAY-2026,11098673,2734858.71,0,2734858.71,226466.5,0,0,0,0,0,0,1,0,0,2734858.71,226466.5,20260509-0,3371426.77,3371426.77,3371426.77,2961325.21,0,20260509-0
09-MAY-2026,1109A035,79867.07,0,79867.07,6173,0,0,0,0,0,0,1,0,0,79867.07,6173,20260509-0,605456.04,605456.04,605456.04,86040.07,0,20260509-0
09-MAY-2026,11100127,0,0,0,0,0,0,0,0,0,0,1,0,0,0,0,20260509-0,126549.16,126549.16,126549.16,0,0,20260509-0
09-MAY-2026,11100156,0,0,0,0,0,0,0,0,0,0,1,0,0,0,0,20260509-0,389012.86,389012.86,389012.86,0,0,20260509-0
09-MAY-2026,11100202,1648800,0,1648800,137400,0,0,0,0,0,0,1,0,0,1648800,137400,20260509-0,2205034.47,2205034.47,2205034.47,1786200,0,20260509-0
09-MAY-2026,11636415,478679.67,0,478679.67,39890,0,0,28890,0,0,0,1,0,0,478679.67,39890,20260509-0,682081.26,682081.26,682081.26,518569.67,0,20260509-0
09-MAY-2026,1192P786,103034.57,0,103034.57,8113,0,0,0,0,0,0,1,0,0,103034.57,8113,20260509-0,225591.78,225591.78,225591.78,111147.57,0,20260509-0
09-MAY-2026,12042072,0,0,0,0,0,0,0,0,0,0,1,0,0,0,0,20260509-0,12923.16,12923.16,12923.16,0,0,20260509-0
09-MAY-2026,12042440,300480,0,300480,25040,0,0,0,0,0,0,1,0,0,300480,25040,20260509-0,357252.94,357252.94,357252.94,325520,0,20260509-0
09-MAY-2026,19910260,0,0,0,0,0,0,0,0,0,0,1,0,0,0,0,20260509-0,10537.85,10537.85,10537.85,0,0,20260509-0
09-MAY-2026,22111610,0,0,0,0,0,0,0,0,0,0,1,0,0,0,0,20260509-0,81656.21,81656.21,81656.21,0,0,20260509-0
09-MAY-2026,AK511,35180,0,35180,3518,0,0,0,0,0,0,1,0,0,35180,3518,20260509-0,2504794.57,2504794.57,2504794.57,38698,0,20260509-0
09-MAY-2026,AM747,3381228,0,3381228,281769,0,0,0,0,0,0,1,0,0,3381228,281769,20260509-0,3845442.98,3845442.98,3845442.98,3662997,0,20260509-0
09-MAY-2026,AS211,3550224.44,0,3550224.44,286649,0,0,0,0,0,0,1,0,0,3550224.44,286649,20260509-0,14267365.4,21281772.42,21356895.2,3836873.44,0,20260509-0
09-MAY-2026,BK25,75120,0,75120,6260,0,0,0,0,0,0,1,0,0,75120,6260,20260509-0,117511.5,117511.5,117511.5,81380,0,20260509-0
09-MAY-2026,D0011167,0,0,0,0,0,0,0,0,0,0,1,0,0,0,0,20260509-0,72791.02,72791.02,72791.02,0,0,20260509-0
09-MAY-2026,D0011982,1064031.39,0,1064031.39,85830,0,0,0,0,0,0,1,0,0,1064031.39,85830,20260509-0,2880029.26,2880029.26,3262713.51,1149861.39,0,20260509-0
09-MAY-2026,D0012080,0,0,0,0,0,0,0,0,0,0,1,0,0,0,0,20260509-0,37052.93,37052.93,37052.93,0,0,20260509-0
09-MAY-2026,D0012092,67176,0,67176,5598,0,0,0,0,0,0,1,0,0,67176,5598,20260509-0,72904,72904,72904,72774,0,20260509-0
09-MAY-2026,D0012144,600960,0,600960,50080,0,0,0,0,0,0,1,0,0,600960,50080,20260509-0,898121.49,898121.49,898121.49,651040,0,20260509-0
09-MAY-2026,D0012177,234854.14,0,234854.14,18606,0,0,0,0,0,0,1,0,0,234854.14,18606,20260509-0,251870.93,251870.93,251870.93,253460.14,1589.21,20260509-0
09-MAY-2026,D0012516,72522,0,72522,6043.5,0,0,0,0,0,0,1,0,0,72522,6043.5,20260509-0,109753.83,109753.83,109753.83,78565.5,0,20260509-0
09-MAY-2026,D0012524,0,0,0,0,0,0,0,0,0,0,1,0,0,0,0,20260509-0,30.09,30.09,30.09,0,0,20260509-0
09-MAY-2026,D0012548,0,0,0,0,0,0,0,0,0,0,1,0,0,0,0,20260509-0,1200,1200,1200,0,0,20260509-0
09-MAY-2026,D0012555,217566,0,217566,18130.5,0,0,0,0,0,0,1,0,0,217566,18130.5,20260509-0,500428.42,500428.42,500428.42,235696.5,0,20260509-0
09-MAY-2026,DJ881,525760,0,525760,65720,0,0,0,0,0,0,1,0,0,525760,65720,20260509-0,11622528.96,11622528.96,11622528.96,591480,0,20260509-0
09-MAY-2026,GA833,3373500,0,3373500,281125,0,0,0,0,0,0,1,0,0,3373500,281125,20260509-0,4433669,4433669,4433669,3654625,0,20260509-0
09-MAY-2026,GK80,0,0,0,0,0,0,0,0,0,0,1,0,0,0,0,20260509-0,137484.13,137484.13,137484.13,0,0,20260509-0
09-MAY-2026,GS99,4048200,0,4048200,337350,0,0,0,0,0,0,1,0,0,4048200,337350,20260509-0,4840920.06,4840920.06,4840920.06,4385550,0,20260509-0
09-MAY-2026,J149,79867.07,0,79867.07,6173,0,0,0,0,0,0,1,0,0,79867.07,6173,20260509-0,253641.26,253641.26,253641.26,86040.07,0,20260509-0
09-MAY-2026,JPSRB001,0,0,0,0,0,0,0,0,0,0,1,0,0,0,0,20260509-0,809.26,809.26,809.26,0,0,20260509-0
09-MAY-2026,KAHA0020,69336,0,69336,5778,0,0,11556,0,0,0,1,0,0,69336,5778,20260509-0,100450,100450,100450,75114,0,20260509-0
09-MAY-2026,KAHA0024,653536.27,0,653536.27,52531,0,0,0,0,0,0,1,0,0,653536.27,52531,20260509-0,962097.76,962097.76,962097.76,706067.27,0,20260509-0
09-MAY-2026,KAHA0039,0,0,0,0,0,0,0,0,0,0,1,0,0,0,0,20260509-0,37653.74,37653.74,37653.74,0,0,20260509-0
09-MAY-2026,KAHA0043,0,0,0,0,0,0,0,0,0,0,1,0,0,0,0,20260509-0,12877.37,12877.37,12877.37,0,0,20260509-0
09-MAY-2026,MG553,9610302,0,9610302,800858.5,0,0,0,0,0,0,1,0,0,9610302,800858.5,20260509-0,12296873.49,12296873.49,12296873.49,10411160.5,0,20260509-0
09-MAY-2026,PK777,1606860,0,1606860,133905,0,0,0,0,0,0,1,0,0,1606860,133905,20260509-0,2517836.25,2517836.25,2517836.25,1740765,0,20260509-0
09-MAY-2026,RK711,432012,0,432012,36001,0,0,0,0,0,0,1,0,0,432012,36001,20260509-0,6413956.58,6413956.58,6413956.58,468013,0,20260509-0
09-MAY-2026,SB649,7556640,0,7556640,629720,0,0,0,0,0,0,1,0,0,7556640,629720,20260509-0,10049337.48,10049337.48,10049337.48,8186360,0,20260509-0
09-MAY-2026,SMS71,472508.15,0,472508.15,37819,0,0,0,0,0,0,1,0,0,472508.15,37819,20260509-0,1061870.5,1061870.5,1061870.5,510327.15,0,20260509-0
09-MAY-2026,SS644,33588,0,33588,2799,0,0,0,0,0,0,1,0,0,33588,2799,20260509-0,114776.32,114776.32,114776.32,36387,0,20260509-0
09-MAY-2026,SUSPE1234N,0,0,0,0,0,0,0,0,0,0,1,0,0,0,0,20260509-0,535439,535439,535439,0,0,20260509-0
09-MAY-2026,VK790,5111611.15,0,5111611.15,1291304,0,0,0,0,0,0,1,0,0,5111611.15,1291304,20260509-0,6660211.2,6660211.2,6660211.2,6402915.15,0,20260509-0
