09-MAY-2026,A1100001,830880.00,0.00,830880.00,69240.00,C
09-MAY-2026,A1100009,71622.00,0.00,71622.00,5968.50,C
09-MAY-2026,A1100042,124632.00,0.00,124632.00,10386.00,C
09-MAY-2026,A3820266,82548.00,0.00,82548.00,6879.00,C
09-MAY-2026,A5820050,309735.98,0.00,309735.98,24692.00,C
09-MAY-2026,B0802223,279846.00,0.00,279846.00,23320.50,C
09-MAY-2026,B2700009,1614420.00,0.00,1614420.00,134535.00,C
09-MAY-2026,BHL3028,72522.00,0.00,72522.00,6043.50,C
09-MAY-2026,CHA2879,138798.00,0.00,138798.00,11566.50,C
09-MAY-2026,D0251775,64923.23,0.00,64923.23,5968.50,C
09-MAY-2026,D0253151,2497392.93,0.00,2497392.93,202825.00,C
09-MAY-2026,D0352464,286488.00,0.00,286488.00,23874.00,C
09-MAY-2026,EC003,58167402.00,0.00,58167402.00,4858839.50,C
09-MAY-2026,ERO1110,7073623.13,0.00,7073623.13,576877.00,C
09-MAY-2026,F3890020,10903198.13,0.00,10903198.13,908494.50,C
09-MAY-2026,F5180216,71622.00,0.00,71622.00,5968.50,C
09-MAY-2026,G325001,9928906.85,0.00,9928906.85,3181057.00,C
09-MAY-2026,G5930016,26114295.36,0.00,26114295.36,2160320.50,C
09-MAY-2026,G5930019,702636.00,0.00,702636.00,58553.00,C
09-MAY-2026,HRO912,41004.00,0.00,41004.00,3417.00,C
09-MAY-2026,HV04903,75120.00,0.00,75120.00,11010.00,C
09-MAY-2026,HV05059,895636.51,0.00,895636.51,74215.00,C
09-MAY-2026,HV06371,0.00,0.00,0.00,1200.00,C
09-MAY-2026,HV08492,41004.00,0.00,41004.00,3417.00,C
09-MAY-2026,IND1916,1036800.00,0.00,1036800.00,129600.00,C
09-MAY-2026,IND918,72522.00,0.00,72522.00,14893.50,C
09-MAY-2026,JJR1675,681858.45,0.00,681858.45,56953.50,C
09-MAY-2026,JJR1858,0.00,0.00,0.00,1300.00,C
09-MAY-2026,JJR563,599454.00,0.00,599454.00,54054.50,C
09-MAY-2026,JJR5838,199791.43,0.00,199791.43,17726.00,C
09-MAY-2026,JJR6224,82008.00,0.00,82008.00,6834.00,C
09-MAY-2026,KLK11836,32277814.96,0.00,32277814.96,2638445.00,C
09-MAY-2026,KLK15004,10248380.82,0.00,10248380.82,838824.00,C
09-MAY-2026,KTT1877,844458.00,0.00,844458.00,70371.50,C
09-MAY-2026,KTT2018,1844870.59,0.00,1844870.59,182281.00,C
09-MAY-2026,KTT2041,100086.00,0.00,100086.00,8340.50,C
09-MAY-2026,KTT2392,531123.43,0.00,531123.43,43837.00,C
09-MAY-2026,KTT2864,67470.00,0.00,67470.00,6222.50,C
09-MAY-2026,KTT2937,150240.00,0.00,150240.00,14470.00,C
09-MAY-2026,KTT3170,77434.00,0.00,77434.00,6173.00,C
09-MAY-2026,KTT3191,55370.00,0.00,55370.00,5537.00,C
09-MAY-2026,KTT3548,1306323.95,0.00,1306323.95,106062.00,C
09-MAY-2026,KTT3585,1914600.00,0.00,1914600.00,228342.31,C
09-MAY-2026,KTT3605,826320.00,0.00,826320.00,73010.00,C
09-MAY-2026,KTT3610,765083.97,0.00,765083.97,62078.00,C
09-MAY-2026,KTT3614,135114.00,0.00,135114.00,11259.50,C
09-MAY-2026,KTT3661,227674.00,0.00,227674.00,18693.00,C
09-MAY-2026,KTT3804,265992.00,0.00,265992.00,46566.00,C
09-MAY-2026,KTT3822,305107.99,0.00,305107.99,24866.00,C
09-MAY-2026,KTT3882,41004.00,0.00,41004.00,3417.00,C
09-MAY-2026,KTT3911,195320.48,0.00,195320.48,24779.00,C
09-MAY-2026,KTT3916,1226695.72,0.00,1226695.72,121313.00,C
09-MAY-2026,KTT3932,154867.99,0.00,154867.99,12346.00,C
09-MAY-2026,KTT4012,150240.00,0.00,150240.00,12520.00,C
09-MAY-2026,KTT646,77434.00,0.00,77434.00,6173.00,C
09-MAY-2026,KTT802,169290.00,0.00,169290.00,14107.50,C
09-MAY-2026,KTT807,199791.43,0.00,199791.43,16226.00,C
09-MAY-2026,L120614,1630761.00,0.00,1630761.00,200323.85,C
09-MAY-2026,L120883,1424850.00,0.00,1424850.00,118737.50,C
09-MAY-2026,L120968,861420.00,0.00,861420.00,86218.26,C
09-MAY-2026,L120970,1124859.00,0.00,1124859.00,97908.50,C
09-MAY-2026,L121295,3564792.87,0.00,3564792.87,296219.50,C
09-MAY-2026,L5170159,71622.00,0.00,71622.00,5968.50,C
09-MAY-2026,L5170510,286488.00,0.00,286488.00,23874.00,C
09-MAY-2026,L7880002,214866.00,0.00,214866.00,17905.50,C
09-MAY-2026,MDN127,560040.00,0.00,560040.00,46670.00,C
09-MAY-2026,MI18,232301.99,0.00,232301.99,18519.00,C
09-MAY-2026,MI322,990443.97,0.00,990443.97,80858.00,C
09-MAY-2026,MI789,309735.98,0.00,309735.98,24692.00,C
09-MAY-2026,MI882,464603.97,0.00,464603.97,37038.00,C
09-MAY-2026,MI978,77434.00,0.00,77434.00,6173.00,C
09-MAY-2026,N1580031,869898.00,0.00,869898.00,72491.50,C
09-MAY-2026,N1580033,432576.00,0.00,432576.00,36048.00,C
09-MAY-2026,N2280056,97696.13,0.00,97696.13,8036.00,C
09-MAY-2026,N3080014,99895.72,0.00,99895.72,8113.00,C
09-MAY-2026,N3410009,42156.00,0.00,42156.00,3513.00,C
09-MAY-2026,N3410041,83088.00,0.00,83088.00,6924.00,C
09-MAY-2026,N3410053,985759.63,0.00,985759.63,80668.00,C
09-MAY-2026,N3410114,127884.00,0.00,127884.00,10657.00,C
09-MAY-2026,N3410171,490260.00,0.00,490260.00,40855.00,C
09-MAY-2026,N3410172,82008.00,0.00,82008.00,6834.00,C
09-MAY-2026,N3730009,144144.00,0.00,144144.00,12012.00,C
09-MAY-2026,N5410033,6919128.00,0.00,6919128.00,576594.00,C
09-MAY-2026,N5410034,7733069.58,0.00,7733069.58,626152.00,C
09-MAY-2026,ND007,99895.72,0.00,99895.72,8113.00,C
09-MAY-2026,ND171,328032.00,0.00,328032.00,27336.00,C
09-MAY-2026,PND065,33588.00,0.00,33588.00,2799.00,C
09-MAY-2026,PND169,33588.00,0.00,33588.00,2799.00,C
09-MAY-2026,R3960047,75120.00,0.00,75120.00,6260.00,C
09-MAY-2026,R5150008,40482000.00,0.00,40482000.00,3373500.00,C
09-MAY-2026,R6820043,101820.00,0.00,101820.00,8485.00,C
09-MAY-2026,R6820163,101820.00,0.00,101820.00,8485.00,C
09-MAY-2026,R6820198,392480.00,0.00,392480.00,49060.00,C
09-MAY-2026,R7940003,4780524.00,0.00,4780524.00,526877.00,C
09-MAY-2026,R7940116,265992.00,0.00,265992.00,22166.00,C
09-MAY-2026,R8720002,154867.99,0.00,154867.99,12346.00,C
09-MAY-2026,R8720003,3132479.91,0.00,3132479.91,442803.00,C
09-MAY-2026,R872B102,435420.00,0.00,435420.00,36285.00,C
09-MAY-2026,SAL1046,599374.30,0.00,599374.30,48678.00,C
09-MAY-2026,SJP075,199494.00,0.00,199494.00,16624.50,C
09-MAY-2026,SJS1656,67470.00,0.00,67470.00,5622.50,C
09-MAY-2026,SJS1936,3009906.00,0.00,3009906.00,250825.50,C
09-MAY-2026,SJS2038,19838940.00,0.00,19838940.00,1687535.00,C
09-MAY-2026,SJS2238,2659920.00,0.00,2659920.00,221660.00,C
09-MAY-2026,SJS2308,67470.00,0.00,67470.00,5622.50,C
09-MAY-2026,SJS784,944580.00,0.00,944580.00,78715.00,C
09-MAY-2026,SJS807,66498.00,0.00,66498.00,5541.50,C
09-MAY-2026,TAXSF1,13485921.83,0.00,13485921.83,1339919.90,C
09-MAY-2026,TAXSI3,492048.00,0.00,492048.00,41004.00,C
09-MAY-2026,V0133653,293088.38,0.00,293088.38,24108.00,C
09-MAY-2026,V0133702,172417.72,0.00,172417.72,14156.50,C
09-MAY-2026,V0134265,143244.00,0.00,143244.00,11937.00,C
09-MAY-2026,V5990022,33588.00,0.00,33588.00,2799.00,C
09-MAY-2026,V6050750,195392.25,0.00,195392.25,16072.00,C
09-MAY-2026,V6051771,2930883.81,0.00,2930883.81,241080.00,C
09-MAY-2026,V6052122,19879247.74,0.00,19879247.74,1614487.00,C
09-MAY-2026,V6054555,195392.25,0.00,195392.25,16072.00,C
09-MAY-2026,V6055236,7747874.14,0.00,7747874.14,1802874.00,C
09-MAY-2026,V6055545,293088.38,0.00,293088.38,24108.00,C
09-MAY-2026,V8000132,399582.87,0.00,399582.87,32452.00,C
09-MAY-2026,V8000990,47729293.77,0.00,47729293.77,4271044.00,C
09-MAY-2026,V8001045,6369434.47,0.00,6369434.47,520596.00,C
09-MAY-2026,V8001420,981360.45,0.00,981360.45,80514.00,C
09-MAY-2026,V8001436,118978.00,0.00,118978.00,9635.00,C
09-MAY-2026,V8890037,0.00,0.00,0.00,3200.00,C
09-MAY-2026,VA1394,147642.00,0.00,147642.00,12303.50,C
09-MAY-2026,VA1670,362610.00,0.00,362610.00,43717.50,C
09-MAY-2026,VA2470,72522.00,0.00,72522.00,6043.50,C
09-MAY-2026,VA2970,435132.00,0.00,435132.00,36261.00,C
09-MAY-2026,VA3501,1792488.00,0.00,1792488.00,149374.00,C
09-MAY-2026,VA555,1942728.00,0.00,1942728.00,175494.00,C
09-MAY-2026,VVBB02,2178612.00,0.00,2178612.00,181551.00,C
09-MAY-2026,VVBS02,758808.00,0.00,758808.00,63234.00,C
09-MAY-2026,W9420010,369733.99,0.00,369733.99,30251.50,C
09-MAY-2026,WLL041,41004.00,0.00,41004.00,3417.00,C
09-MAY-2026,Y1510214,667896.00,0.00,667896.00,55658.00,C
09-MAY-2026,Y1510229,67470.00,0.00,67470.00,5622.50,C
09-MAY-2026,Y300900,67470.00,0.00,67470.00,5622.50,C
09-MAY-2026,Y4970073,71622.00,0.00,71622.00,5968.50,C
09-MAY-2026,Y4970075,286488.00,0.00,286488.00,23874.00,C
09-MAY-2026,Y4970102,143244.00,0.00,143244.00,11937.00,C
