09-MAY-2026,00142,0,0,0,0,0,0,0,0,0,0,2,0,0
09-MAY-2026,A10,0,0,0,0,0,0,0,0,0,0,1,0,0
09-MAY-2026,A84,1166974,75,1167049,96968,0,0,0,0,0,0,1,0,0
09-MAY-2026,BAB175,3604608,0,3604608,300384,0,0,0,0,0,0,1,0,0
09-MAY-2026,BAB219,0,0,0,0,0,0,0,0,0,0,1,0,0
09-MAY-2026,C9,0,0,0,0,0,0,0,0,0,0,1,0,0
09-MAY-2026,DCR2126,290808,0,290808,24234,0,0,0,0,0,0,1,0,0
09-MAY-2026,DCT1498,1418316,0,1418316,118193,0,0,0,0,0,0,1,0,0
09-MAY-2026,HA1,0,0,0,0,0,0,0,0,0,0,1,0,0
09-MAY-2026,HAJ1,835243.72,0,835243.72,69392,0,0,0,0,0,0,1,0,0
09-MAY-2026,HB181,0,0,0,0,0,0,0,0,0,0,1,0,0
09-MAY-2026,K18,0,0,0,0,0,0,0,0,0,0,1,0,0
09-MAY-2026,MSC151,0,0,0,0,0,0,0,0,0,0,1,0,0
09-MAY-2026,MSC99,67938,0,67938,5661.5,0,0,0,0,0,0,1,0,0
09-MAY-2026,P24,1143102,0,1143102,95258.5,0,0,0,0,0,0,1,0,0
09-MAY-2026,P54,0,0,0,0,0,0,0,0,0,0,1,0,0
09-MAY-2026,PKJ1,134352,0,134352,11196,0,0,0,0,0,0,1,0,0
09-MAY-2026,R66,1665671.96,100,1665771.96,136287.5,0,0,0,0,0,0,1,0,0
09-MAY-2026,RM201,66498,0,66498,5541.5,0,0,0,0,0,0,1,0,0
09-MAY-2026,S114,0,0,0,0,0,0,0,0,0,0,1,0,0
09-MAY-2026,S46,0,0,0,0,0,0,0,0,0,0,1,0,0
09-MAY-2026,S85,0,0,0,0,0,0,0,0,0,0,1,0,0
09-MAY-2026,S920,0,0,0,0,0,0,0,0,0,0,1,0,0
09-MAY-2026,SSB18,0,0,0,0,0,0,0,0,0,0,1,0,0
09-MAY-2026,SSB2,200466,0,200466,16705.5,0,0,0,0,0,0,1,0,0
09-MAY-2026,SSB20,0,0,0,0,0,0,0,0,0,0,1,0,0
09-MAY-2026,SSB23,0,0,0,0,0,0,0,0,0,0,1,0,0
09-MAY-2026,SSB31,0,0,0,0,0,0,0,0,0,0,1,0,0
09-MAY-2026,SSB6037,100764,0,100764,8397,0,0,0,0,0,0,1,0,0
09-MAY-2026,TKS291,0,0,0,0,0,0,0,0,0,0,1,0,0
09-MAY-2026,TKS452,0,0,0,0,0,0,0,0,0,0,1,0,0
09-MAY-2026,TKS90,0,0,0,0,0,0,0,0,0,0,1,0,0
