09-MAY-2026,00471,134022280.83,0,134022280.83,11850370,0,0,0,0,0,0,2,0,0
09-MAY-2026,10010057,0,0,0,0,0,0,0,0,0,0,1,0,0
09-MAY-2026,10050008,0,0,0,0,0,0,0,0,0,0,1,0,0
09-MAY-2026,10050010,0,0,0,0,0,0,0,0,0,0,1,0,0
09-MAY-2026,10050014,0,0,0,0,0,0,0,0,0,0,1,0,0
09-MAY-2026,10050031,4192980,0,4192980,349415,0,0,0,0,0,0,1,0,0
09-MAY-2026,10050289,0,0,0,0,0,0,0,0,0,0,1,0,0
09-MAY-2026,10050309,0,0,0,0,0,0,0,0,0,0,1,0,0
09-MAY-2026,10050316,0,0,0,0,0,0,0,0,0,0,1,0,0
09-MAY-2026,10050322,8328774,0,8328774,694064.5,0,0,0,0,0,0,1,0,0
09-MAY-2026,10050435,12224202.54,0,12224202.54,1014827,0,0,0,0,0,0,1,0,0
09-MAY-2026,10050447,0,0,0,0,0,0,0,0,0,0,1,0,0
09-MAY-2026,10050449,0,0,0,0,0,0,0,0,0,0,1,0,0
09-MAY-2026,10050454,0,0,0,0,0,0,0,0,0,0,1,0,0
09-MAY-2026,10050500,0,0,0,0,0,0,0,0,0,0,1,0,0
09-MAY-2026,10050510,0,0,0,0,0,0,0,0,0,0,1,0,0
09-MAY-2026,10050524,0,0,0,0,0,0,0,0,0,0,1,0,0
09-MAY-2026,10050526,0,0,0,0,0,0,0,0,0,0,1,0,0
09-MAY-2026,10050564,0,0,0,0,0,0,0,0,0,0,1,0,0
09-MAY-2026,10050565,15520,2550,18070,11220.5,0,0,0,0,0,0,1,0,0
09-MAY-2026,10050566,405782.17,0,405782.17,33837.5,0,0,0,0,0,0,1,0,0
09-MAY-2026,10050590,0,0,0,0,0,0,0,0,0,0,1,0,0
09-MAY-2026,10050596,0,0,0,0,0,0,0,0,0,0,1,0,0
09-MAY-2026,10050613,0,0,0,0,0,0,0,0,0,0,1,0,0
09-MAY-2026,10050618,0,0,0,0,0,0,0,0,0,0,1,0,0
09-MAY-2026,10050621,404820,0,404820,33735,0,0,0,0,0,0,1,0,0
09-MAY-2026,10050630,0,0,0,0,0,0,0,0,0,0,1,0,0
09-MAY-2026,10050646,0,0,0,0,0,0,0,0,0,0,1,0,0
09-MAY-2026,10050664,0,0,0,0,0,0,0,0,0,0,1,0,0
09-MAY-2026,10050685,269880,0,269880,22490,0,0,0,0,0,0,1,0,0
09-MAY-2026,10050702,0,0,0,0,0,0,0,0,0,0,1,0,0
09-MAY-2026,10050704,0,0,0,0,0,0,0,0,0,0,1,0,0
09-MAY-2026,10050708,0,0,0,0,0,0,0,0,0,0,1,0,0
09-MAY-2026,10050710,0,0,0,0,0,0,0,0,0,0,1,0,0
09-MAY-2026,1005A013,0,0,0,0,0,0,0,0,0,0,1,0,0
09-MAY-2026,1005A019,0,0,0,0,0,0,0,0,0,0,1,0,0
09-MAY-2026,1005A026,0,0,0,0,0,0,0,0,0,0,1,0,0
09-MAY-2026,1005A031,0,0,0,0,0,0,0,0,0,0,1,0,0
09-MAY-2026,1005A032,103050,0,103050,8587.5,0,0,0,0,0,0,1,0,0
09-MAY-2026,1005A037,674700,0,674700,56225,0,0,0,0,0,0,1,0,0
09-MAY-2026,11010008,0,0,0,0,0,0,0,0,0,0,1,0,0
09-MAY-2026,11010155,0,0,0,0,0,0,0,0,0,0,1,0,0
09-MAY-2026,11010689,0,0,0,0,0,0,0,0,0,0,1,0,0
09-MAY-2026,11017067,0,0,0,0,0,0,0,0,0,0,1,0,0
09-MAY-2026,11017749,0,0,0,0,0,0,0,0,0,0,1,0,0
09-MAY-2026,11018067,0,0,0,0,0,0,0,0,0,0,1,0,0
09-MAY-2026,11020142,0,0,0,0,0,0,0,0,0,0,1,0,0
09-MAY-2026,11020194,0,0,0,0,0,0,0,0,0,0,1,0,0
09-MAY-2026,11020565,0,0,0,0,0,0,0,0,0,0,1,0,0
09-MAY-2026,11022696,0,0,0,0,0,0,0,0,0,0,1,0,0
09-MAY-2026,11027050,0,0,0,0,0,0,0,0,0,0,1,0,0
09-MAY-2026,11027101,0,0,0,0,0,0,0,0,0,0,1,0,0
09-MAY-2026,11027898,0,0,0,0,0,0,0,0,0,0,1,0,0
09-MAY-2026,11027932,0,0,0,0,0,0,0,0,0,0,1,0,0
09-MAY-2026,11027955,0,0,0,0,0,0,0,0,0,0,1,0,0
09-MAY-2026,11027998,0,0,0,0,0,0,0,0,0,0,1,0,0
09-MAY-2026,11028132,0,0,0,0,0,0,0,0,0,0,1,0,0
09-MAY-2026,1102A001,0,0,0,0,0,0,0,0,0,0,1,0,0
09-MAY-2026,11030899,0,0,0,0,0,0,0,0,0,0,1,0,0
09-MAY-2026,11030916,0,0,0,0,0,0,0,0,0,0,1,0,0
09-MAY-2026,11031418,3141829.85,0,3141829.85,279642,0,0,0,0,0,0,1,0,0
09-MAY-2026,11031426,0,0,0,0,0,0,0,0,0,0,1,0,0
09-MAY-2026,11031428,0,0,0,0,0,0,0,0,0,0,1,0,0
09-MAY-2026,11031441,0,0,0,0,0,0,0,0,0,0,1,0,0
09-MAY-2026,11031442,0,0,0,0,0,0,0,0,0,0,1,0,0
09-MAY-2026,11031500,0,0,0,0,0,0,0,0,0,0,1,0,0
09-MAY-2026,11032171,0,0,0,0,0,0,0,0,0,0,1,0,0
09-MAY-2026,11032200,0,0,0,0,0,0,0,0,0,0,1,0,0
09-MAY-2026,11032223,0,0,0,0,0,0,0,0,0,0,1,0,0
09-MAY-2026,11032237,0,0,0,0,0,0,0,0,0,0,1,0,0
09-MAY-2026,11032404,1133550,0,1133550,94462.5,0,0,0,0,0,0,1,0,0
09-MAY-2026,11032492,100086,0,100086,8340.5,0,0,0,0,0,0,1,0,0
09-MAY-2026,11032523,269880,0,269880,22490,0,0,0,0,0,0,1,0,0
09-MAY-2026,11032569,0,0,0,0,0,0,0,0,0,0,1,0,0
09-MAY-2026,11032663,0,0,0,0,0,0,0,0,0,0,1,0,0
09-MAY-2026,11032721,0,0,0,0,0,0,0,0,0,0,1,0,0
09-MAY-2026,11032723,0,0,0,0,0,0,0,0,0,0,1,0,0
09-MAY-2026,11032736,0,0,0,0,0,0,0,0,0,0,1,0,0
09-MAY-2026,11035703,0,0,0,0,0,0,0,0,0,0,1,0,0
09-MAY-2026,11035723,0,0,0,0,0,0,0,0,0,0,1,0,0
09-MAY-2026,11035727,0,0,0,0,0,0,0,0,0,0,1,0,0
09-MAY-2026,11035823,0,0,0,0,0,0,0,0,0,0,1,0,0
09-MAY-2026,11035846,480900,0,480900,40075,0,0,0,0,0,0,1,0,0
09-MAY-2026,11036009,0,0,0,0,0,0,0,0,0,0,1,0,0
09-MAY-2026,11036163,309585.31,0,309585.31,96894,0,0,0,0,0,0,1,0,0
09-MAY-2026,11036270,0,0,0,0,0,0,0,0,0,0,1,0,0
09-MAY-2026,11036443,100086,0,100086,8340.5,0,0,0,0,0,0,1,0,0
09-MAY-2026,11036578,0,0,0,0,0,0,0,0,0,0,1,0,0
09-MAY-2026,11036731,99895.72,0,99895.72,8113,0,0,0,0,0,0,1,0,0
09-MAY-2026,11036733,0,0,0,0,0,0,0,0,0,0,1,0,0
09-MAY-2026,11036734,0,0,0,0,0,0,0,0,0,0,1,0,0
09-MAY-2026,11036760,0,0,0,0,0,0,0,0,0,0,1,0,0
09-MAY-2026,11036868,0,0,0,0,0,0,0,0,0,0,1,0,0
09-MAY-2026,11036900,0,0,0,0,0,0,0,0,0,0,1,0,0
09-MAY-2026,11036913,0,0,0,0,0,0,0,0,0,0,1,0,0
09-MAY-2026,11036934,0,0,0,0,0,0,0,0,0,0,1,0,0
09-MAY-2026,11036947,0,0,0,0,0,0,0,0,0,0,1,0,0
09-MAY-2026,11037050,976961.27,0,976961.27,80360,0,0,0,0,0,0,1,0,0
09-MAY-2026,11037052,1285620,0,1285620,107135,0,0,0,0,0,0,1,0,0
09-MAY-2026,11037098,0,0,0,0,0,0,0,0,0,0,1,0,0
09-MAY-2026,11037179,1891620,0,1891620,157635,0,0,0,0,0,0,1,0,0
09-MAY-2026,11037215,0,0,0,0,0,0,0,0,0,0,1,0,0
09-MAY-2026,11037261,0,0,0,0,0,0,0,0,0,0,1,0,0
09-MAY-2026,11037316,0,0,0,0,0,0,0,0,0,0,1,0,0
09-MAY-2026,11037353,742320,0,742320,61860,0,0,0,0,0,0,1,0,0
09-MAY-2026,11037369,0,0,0,0,0,0,0,0,0,0,1,0,0
09-MAY-2026,11037488,0,0,0,0,0,0,0,0,0,0,1,0,0
09-MAY-2026,11037533,0,0,0,0,0,0,0,0,0,0,1,0,0
09-MAY-2026,11037537,0,0,0,0,0,0,0,0,0,0,1,0,0
09-MAY-2026,11037576,0,0,0,0,0,0,0,0,0,0,1,0,0
09-MAY-2026,11037618,0,0,0,0,0,0,0,0,0,0,1,0,0
09-MAY-2026,11037672,0,0,0,0,0,0,0,0,0,0,1,0,0
09-MAY-2026,11037693,1146990,0,1146990,95582.5,0,0,0,0,0,0,1,0,0
09-MAY-2026,11037695,0,0,0,0,0,0,0,0,0,0,1,0,0
09-MAY-2026,11037773,0,0,0,0,0,0,0,0,0,0,1,0,0
09-MAY-2026,11037817,0,0,0,0,0,0,0,0,0,0,1,0,0
09-MAY-2026,11037820,0,0,0,0,0,0,0,0,0,0,1,0,0
09-MAY-2026,11038022,0,0,0,0,0,0,0,0,0,0,1,0,0
09-MAY-2026,11038034,0,0,0,0,0,0,0,0,0,0,1,0,0
09-MAY-2026,11038037,0,0,0,0,0,0,0,0,0,0,1,0,0
09-MAY-2026,11038041,0,0,0,0,0,0,0,0,0,0,1,0,0
09-MAY-2026,11038042,0,0,0,0,0,0,0,0,0,0,1,0,0
09-MAY-2026,11038068,0,0,0,0,0,0,0,0,0,0,1,0,0
09-MAY-2026,11038071,0,0,0,0,0,0,0,0,0,0,1,0,0
09-MAY-2026,11038073,0,0,0,0,0,0,0,0,0,0,1,0,0
09-MAY-2026,11038113,266670,0,266670,22222.5,0,0,0,0,0,0,1,0,0
09-MAY-2026,11038232,0,0,0,0,0,0,0,0,0,0,1,0,0
09-MAY-2026,11038233,0,0,0,0,0,0,0,0,0,0,1,0,0
09-MAY-2026,1103A001,0,0,0,0,0,0,0,0,0,0,1,0,0
09-MAY-2026,1103A020,0,0,0,0,0,0,0,0,0,0,1,0,0
09-MAY-2026,1103A046,0,0,0,0,0,0,0,0,0,0,1,0,0
09-MAY-2026,1103A051,0,0,0,0,0,0,0,0,0,0,1,0,0
09-MAY-2026,1103A076,0,0,0,0,0,0,0,0,0,0,1,0,0
09-MAY-2026,1103A078,0,0,0,0,0,0,0,0,0,0,1,0,0
09-MAY-2026,1103A079,0,0,0,0,0,0,0,0,0,0,1,0,0
09-MAY-2026,1103A081,1933541.17,0,1933541.17,159012,0,0,0,0,0,0,1,0,0
09-MAY-2026,1103A108,0,0,0,0,0,0,0,0,0,0,1,0,0
09-MAY-2026,1103A113,0,0,0,0,0,0,0,0,0,0,1,0,0
09-MAY-2026,1103A116,0,0,0,0,0,0,0,0,0,0,1,0,0
09-MAY-2026,1103A123,0,0,0,0,0,0,0,0,0,0,1,0,0
09-MAY-2026,1103A131,0,0,0,0,0,0,0,0,0,0,1,0,0
09-MAY-2026,11041082,0,0,0,0,0,0,0,0,0,0,1,0,0
09-MAY-2026,11041281,0,0,0,0,0,0,0,0,0,0,1,0,0
09-MAY-2026,11041282,2263249.26,0,2263249.26,225232,0,0,0,0,0,0,1,0,0
09-MAY-2026,11041283,0,0,0,0,0,0,0,0,0,0,1,0,0
09-MAY-2026,11041284,14053933.29,0,14053933.29,1154114.5,0,0,0,0,0,0,1,0,0
09-MAY-2026,11041285,145044,0,145044,12087,0,0,0,0,0,0,1,0,0
09-MAY-2026,11041286,1183461.43,0,1183461.43,98198.5,0,0,0,0,0,0,1,0,0
09-MAY-2026,11041289,145044,0,145044,12087,0,0,0,0,0,0,1,0,0
09-MAY-2026,11041298,0,0,0,0,0,0,0,0,0,0,1,0,0
09-MAY-2026,11041304,6472503.59,0,6472503.59,532076,0,0,0,0,0,0,1,0,0
09-MAY-2026,11041306,1349400,0,1349400,112450,0,0,0,0,0,0,1,0,0
09-MAY-2026,11041307,6949410,0,6949410,579117.5,0,0,0,0,0,0,1,0,0
09-MAY-2026,11041308,0,0,0,0,0,0,0,0,0,0,1,0,0
09-MAY-2026,11041318,143244,0,143244,11937,0,0,0,0,0,0,1,0,0
09-MAY-2026,11041322,0,0,0,0,0,0,0,0,0,0,1,0,0
09-MAY-2026,11041326,9426264,0,9426264,1044722,0,0,0,0,0,0,1,0,0
09-MAY-2026,11041329,0,0,0,0,0,0,0,0,0,0,1,0,0
09-MAY-2026,11041330,0,0,0,0,0,0,0,0,0,0,1,0,0
09-MAY-2026,11041338,0,0,0,0,0,0,0,0,0,0,1,0,0
09-MAY-2026,11041339,6207240,0,6207240,517270,0,0,0,0,0,0,1,0,0
09-MAY-2026,11041341,539760,0,539760,44980,0,0,0,0,0,0,1,0,0
09-MAY-2026,11041350,97696.13,0,97696.13,8036,0,0,0,0,0,0,1,0,0
09-MAY-2026,11041354,0,0,0,0,0,0,0,0,0,0,1,0,0
09-MAY-2026,11041374,0,0,0,0,0,0,0,0,0,0,1,0,0
09-MAY-2026,11041375,0,0,0,0,0,0,0,0,0,0,1,0,0
09-MAY-2026,11041376,0,0,0,0,0,0,0,0,0,0,1,0,0
09-MAY-2026,11041386,5031948,0,5031948,419329,0,0,0,0,0,0,1,0,0
09-MAY-2026,11041388,390784.51,0,390784.51,32144,0,0,0,0,0,0,1,0,0
09-MAY-2026,11041390,1826268,0,1826268,152189,0,0,0,0,0,0,1,0,0
09-MAY-2026,11041391,0,0,0,0,0,0,0,0,0,0,1,0,0
09-MAY-2026,11041396,3276762.36,0,3276762.36,267036,0,0,0,0,0,0,1,0,0
09-MAY-2026,11041401,8982597.24,0,8982597.24,747074,0,0,0,0,0,0,1,0,0
09-MAY-2026,11041408,0,0,0,0,0,0,0,0,0,0,1,0,0
09-MAY-2026,11041412,7691580,0,7691580,640965,0,0,0,0,0,0,1,0,0
09-MAY-2026,11041413,5262660,0,5262660,438555,0,0,0,0,0,0,1,0,0
09-MAY-2026,11041414,4925310,0,4925310,410442.5,0,0,0,0,0,0,1,0,0
09-MAY-2026,11041415,5802420,0,5802420,483535,0,0,0,0,0,0,1,0,0
09-MAY-2026,11041426,390784.51,0,390784.51,32144,0,0,0,0,0,0,1,0,0
09-MAY-2026,11041436,0,0,0,0,0,0,0,0,0,0,1,0,0
09-MAY-2026,11041450,1648260,0,1648260,137355,0,0,0,0,0,0,1,0,0
09-MAY-2026,11041459,134352,0,134352,11196,0,0,0,0,0,0,1,0,0
09-MAY-2026,11041460,0,0,0,0,0,0,0,0,0,0,1,0,0
09-MAY-2026,11041468,0,0,0,0,0,0,0,0,0,0,1,0,0
09-MAY-2026,11041470,67470,0,67470,5622.5,0,0,0,0,0,0,1,0,0
09-MAY-2026,11041471,67470,0,67470,5622.5,0,0,0,0,0,0,1,0,0
09-MAY-2026,11041472,133968,0,133968,11164,0,0,0,0,0,0,1,0,0
09-MAY-2026,11041473,66498,0,66498,5541.5,0,0,0,0,0,0,1,0,0
09-MAY-2026,11041485,0,0,0,0,0,0,0,0,0,0,1,0,0
09-MAY-2026,11041486,0,0,0,0,0,0,0,0,0,0,1,0,0
09-MAY-2026,11041487,0,0,0,0,0,0,0,0,0,0,1,0,0
09-MAY-2026,11041519,0,0,0,0,0,0,0,0,0,0,1,0,0
09-MAY-2026,11041520,134940,0,134940,11245,0,0,0,0,0,0,1,0,0
09-MAY-2026,11041523,358110,0,358110,29842.5,0,0,0,0,0,0,1,0,0
09-MAY-2026,11041525,13994310,0,13994310,1166192.5,0,0,115560,0,0,0,1,0,0
09-MAY-2026,11041526,11923908,0,11923908,993659,0,0,115560,0,0,0,1,0,0
09-MAY-2026,11041532,0,0,0,0,0,0,0,0,0,0,1,0,0
09-MAY-2026,11041550,4787856,0,4787856,398988,0,0,0,0,0,0,1,0,0
09-MAY-2026,11041555,2474034,0,2474034,206169.5,0,0,0,0,0,0,1,0,0
09-MAY-2026,11041563,3538500,0,3538500,294875,0,0,0,0,0,0,1,0,0
09-MAY-2026,11041565,0,0,0,0,0,0,0,0,0,0,1,0,0
09-MAY-2026,11041568,0,0,0,0,0,0,0,0,0,0,1,0,0
09-MAY-2026,11041571,0,0,0,0,0,0,0,0,0,0,1,0,0
09-MAY-2026,11041577,33588,0,33588,2799,0,0,0,0,0,0,1,0,0
09-MAY-2026,11041578,293088.38,0,293088.38,24108,0,0,0,0,0,0,1,0,0
09-MAY-2026,11041582,0,0,0,0,0,0,0,0,0,0,1,0,0
09-MAY-2026,11041583,0,0,0,0,0,0,0,0,0,0,1,0,0
09-MAY-2026,11041584,0,0,0,0,0,0,0,0,0,0,1,0,0
09-MAY-2026,11041585,0,0,0,0,0,0,0,0,0,0,1,0,0
09-MAY-2026,11041588,0,0,0,0,0,0,0,0,0,0,1,0,0
09-MAY-2026,11041591,0,0,0,0,0,0,0,0,0,0,1,0,0
09-MAY-2026,11041593,2770685,0,2770685,226240,0,0,0,0,0,0,1,0,0
09-MAY-2026,11041596,195392.25,0,195392.25,16072,0,0,0,0,0,0,1,0,0
09-MAY-2026,11041599,1505100,0,1505100,142100,0,0,0,0,0,0,1,0,0
09-MAY-2026,11041605,0,0,0,0,0,0,0,0,0,0,1,0,0
09-MAY-2026,11041606,0,0,0,0,0,0,0,0,0,0,1,0,0
09-MAY-2026,11041609,2416039.99,0,2416039.99,200777,0,0,0,0,0,0,1,0,0
09-MAY-2026,11041610,676080,0,676080,56340,0,0,0,0,0,0,1,0,0
09-MAY-2026,11041611,0,0,0,0,0,0,0,0,0,0,1,0,0
09-MAY-2026,11041612,0,0,0,0,0,0,0,0,0,0,1,0,0
09-MAY-2026,11041614,707994,0,707994,58999.5,0,0,0,0,0,0,1,0,0
09-MAY-2026,11041615,0,0,0,0,0,0,0,0,0,0,1,0,0
09-MAY-2026,11041618,0,0,0,0,0,0,0,0,0,0,1,0,0
09-MAY-2026,11041623,0,0,0,0,0,0,0,0,0,0,1,0,0
09-MAY-2026,11041624,1989252,0,1989252,165771,0,0,0,0,0,0,1,0,0
09-MAY-2026,11041625,1773548,0,1773548,148382,0,0,0,0,0,0,1,0,0
09-MAY-2026,11041626,289648,0,289648,29614,0,0,0,0,0,0,1,0,0
09-MAY-2026,11041627,616140,0,616140,51345,0,0,0,0,0,0,1,0,0
09-MAY-2026,11041628,1107108,0,1107108,92259,0,0,0,0,0,0,1,0,0
09-MAY-2026,11041629,902088,0,902088,75174,0,0,0,0,0,0,1,0,0
09-MAY-2026,11041635,0,0,0,0,0,0,0,0,0,0,1,0,0
09-MAY-2026,11041637,2368079.47,0,2368079.47,193394,0,0,0,0,0,0,1,0,0
09-MAY-2026,11041639,0,0,0,0,0,0,0,0,0,0,1,0,0
09-MAY-2026,11041641,488480.63,0,488480.63,40180,0,0,0,0,0,0,1,0,0
09-MAY-2026,11041642,0,0,0,0,0,0,0,0,0,0,1,0,0
09-MAY-2026,11041645,525980.1,0,525980.1,43304,0,0,0,0,0,0,1,0,0
09-MAY-2026,11041647,195392.25,0,195392.25,16072,0,0,0,0,0,0,1,0,0
09-MAY-2026,11041649,1569736.8,0,1569736.8,128807,0,0,0,0,0,0,1,0,0
09-MAY-2026,11041651,199791.43,0,199791.43,16226,0,0,0,0,0,0,1,0,0
09-MAY-2026,11041657,217566,0,217566,18130.5,0,0,0,0,0,0,1,0,0
09-MAY-2026,11041666,0,0,0,0,0,0,0,0,0,0,1,0,0
09-MAY-2026,11041667,72522,0,72522,6043.5,0,0,0,0,0,0,1,0,0
09-MAY-2026,11041668,1997914.35,0,1997914.35,162260,0,0,0,0,0,0,1,0,0
09-MAY-2026,1104167,0,0,0,0,0,0,0,0,0,0,1,0,0
09-MAY-2026,11041671,1709970,0,1709970,142497.5,0,0,0,0,0,0,1,0,0
09-MAY-2026,11041672,0,0,0,0,0,0,0,0,0,0,1,0,0
09-MAY-2026,11041674,1416576,0,1416576,118048,0,0,0,0,0,0,1,0,0
09-MAY-2026,11041675,0,0,0,0,0,0,0,0,0,0,1,0,0
09-MAY-2026,11041692,0,0,0,0,0,0,0,0,0,0,1,0,0
09-MAY-2026,11041694,195392.25,0,195392.25,16072,0,0,0,0,0,0,1,0,0
09-MAY-2026,11041696,0,0,0,0,0,0,0,0,0,0,1,0,0
09-MAY-2026,11041697,12553488,0,12553488,1046124,0,0,0,0,0,0,1,0,0
09-MAY-2026,11041701,0,0,0,0,0,0,0,0,0,0,1,0,0
09-MAY-2026,11041710,3508440,0,3508440,292370,0,0,0,0,0,0,1,0,0
09-MAY-2026,11041711,3508440,0,3508440,292370,0,0,0,0,0,0,1,0,0
09-MAY-2026,11041713,2397497.22,0,2397497.22,194712,0,0,0,0,0,0,1,0,0
09-MAY-2026,11041715,0,0,0,0,0,0,0,0,0,0,1,0,0
09-MAY-2026,11041717,195392.25,0,195392.25,16072,0,0,0,0,0,0,1,0,0
09-MAY-2026,11041718,0,0,0,0,0,0,0,0,0,0,1,0,0
09-MAY-2026,11041720,0,0,0,0,0,0,0,0,0,0,1,0,0
09-MAY-2026,11041736,0,0,0,0,0,0,0,0,0,0,1,0,0
09-MAY-2026,11041743,0,0,0,0,0,0,0,0,0,0,1,0,0
09-MAY-2026,11041744,0,0,0,0,0,0,0,0,0,0,1,0,0
09-MAY-2026,11041745,0,0,0,0,0,0,0,0,0,0,1,0,0
09-MAY-2026,11041747,0,0,0,0,0,0,0,0,0,0,1,0,0
09-MAY-2026,11041748,0,0,0,0,0,0,0,0,0,0,1,0,0
09-MAY-2026,11041749,0,0,0,0,0,0,0,0,0,0,1,0,0
09-MAY-2026,11041751,0,0,0,0,0,0,0,0,0,0,1,0,0
09-MAY-2026,11041752,0,0,0,0,0,0,0,0,0,0,1,0,0
09-MAY-2026,11041753,0,0,0,0,0,0,0,0,0,0,1,0,0
09-MAY-2026,11041756,0,0,0,0,0,0,0,0,0,0,1,0,0
09-MAY-2026,11041758,97696.13,0,97696.13,8036,0,0,0,0,0,0,1,0,0
09-MAY-2026,11041759,195392.25,0,195392.25,16072,0,0,0,0,0,0,1,0,0
09-MAY-2026,11041767,195392.25,0,195392.25,16072,0,0,0,0,0,0,1,0,0
09-MAY-2026,11041771,0,0,0,0,0,0,0,0,0,0,1,0,0
09-MAY-2026,11041773,0,0,0,0,0,0,0,0,0,0,1,0,0
09-MAY-2026,11041774,337350,0,337350,28112.5,0,0,0,0,0,0,1,0,0
09-MAY-2026,11047488,0,0,0,0,0,0,0,0,0,0,1,0,0
09-MAY-2026,1104A002,0,0,0,0,0,0,0,0,0,0,1,0,0
09-MAY-2026,1104A005,0,0,0,0,0,0,0,0,0,0,1,0,0
09-MAY-2026,1104A006,97696.13,0,97696.13,8036,0,0,0,0,0,0,1,0,0
09-MAY-2026,1104A013,195392.25,0,195392.25,16072,0,0,0,0,0,0,1,0,0
09-MAY-2026,1104A014,0,0,0,0,0,0,0,0,0,0,1,0,0
09-MAY-2026,1104A016,0,0,0,0,0,0,0,0,0,0,1,0,0
09-MAY-2026,1104A020,0,0,0,0,0,0,0,0,0,0,1,0,0
09-MAY-2026,1104A021,0,0,0,0,0,0,0,0,0,0,1,0,0
09-MAY-2026,1104A022,144144,0,144144,12012,0,0,0,0,0,0,1,0,0
09-MAY-2026,1104A024,71622,0,71622,5968.5,0,0,0,0,0,0,1,0,0
09-MAY-2026,11050593,0,0,0,0,0,0,0,0,0,0,1,0,0
09-MAY-2026,11050664,0,0,0,0,0,0,0,0,0,0,1,0,0
09-MAY-2026,11054311,0,0,0,0,0,0,0,0,0,0,1,0,0
09-MAY-2026,11054462,0,0,0,0,0,0,0,0,0,0,1,0,0
09-MAY-2026,11059074,0,0,0,0,0,0,0,0,0,0,1,0,0
09-MAY-2026,11059112,0,0,0,0,0,0,0,0,0,0,1,0,0
09-MAY-2026,11059745,0,0,0,0,0,0,0,0,0,0,1,0,0
09-MAY-2026,11059816,0,0,0,0,0,0,0,0,0,0,1,0,0
09-MAY-2026,11059846,0,0,0,0,0,0,0,0,0,0,1,0,0
09-MAY-2026,11059953,0,0,0,0,0,0,0,0,0,0,1,0,0
09-MAY-2026,11060019,636222,0,636222,53018.5,0,0,0,0,0,0,1,0,0
09-MAY-2026,11060020,1886364,0,1886364,157197,0,0,0,0,0,0,1,0,0
09-MAY-2026,11060035,0,0,0,0,0,0,0,0,0,0,1,0,0
09-MAY-2026,11060059,41544,0,41544,3462,0,0,0,0,0,0,1,0,0
09-MAY-2026,11060064,3989880,0,3989880,332490,0,0,0,0,0,0,1,0,0
09-MAY-2026,11060090,0,0,0,0,0,0,0,0,0,0,1,0,0
09-MAY-2026,11060092,0,0,0,0,0,0,0,0,0,0,1,0,0
09-MAY-2026,11060097,0,0,0,0,0,0,0,0,0,0,1,0,0
09-MAY-2026,11060110,0,0,0,0,0,0,0,0,0,0,1,0,0
09-MAY-2026,11060158,0,0,0,0,0,0,0,0,0,0,1,0,0
09-MAY-2026,11060346,0,0,0,0,0,0,0,0,0,0,1,0,0
09-MAY-2026,11060347,0,0,0,0,0,0,0,0,0,0,1,0,0
09-MAY-2026,11060360,369468,0,369468,30789,0,0,0,0,0,0,1,0,0
09-MAY-2026,11060361,0,0,0,0,0,0,0,0,0,0,1,0,0
09-MAY-2026,11060548,0,0,0,0,0,0,0,0,0,0,1,0,0
09-MAY-2026,11060665,0,0,0,0,0,0,0,0,0,0,1,0,0
09-MAY-2026,11060706,0,0,0,0,0,0,0,0,0,0,1,0,0
09-MAY-2026,11060711,0,0,0,0,0,0,0,0,0,0,1,0,0
09-MAY-2026,11060714,0,0,0,0,0,0,0,0,0,0,1,0,0
09-MAY-2026,11060722,33588,0,33588,2799,0,0,0,0,0,0,1,0,0
09-MAY-2026,11060745,0,0,0,0,0,0,0,0,0,0,1,0,0
09-MAY-2026,11060746,0,0,0,0,0,0,0,0,0,0,1,0,0
09-MAY-2026,11064732,0,0,0,0,0,0,0,0,0,0,1,0,0
09-MAY-2026,11064743,0,0,0,0,0,0,0,0,0,0,1,0,0
09-MAY-2026,11064875,0,0,0,0,0,0,0,0,0,0,1,0,0
09-MAY-2026,11067469,0,0,0,0,0,0,0,0,0,0,1,0,0
09-MAY-2026,11071710,0,0,0,0,0,0,0,0,0,0,1,0,0
09-MAY-2026,11071711,0,0,0,0,0,0,0,0,0,0,1,0,0
09-MAY-2026,11076015,0,0,0,0,0,0,0,0,0,0,1,0,0
09-MAY-2026,11076018,65334.05,0,65334.05,5622.5,0,0,0,0,0,0,1,0,0
09-MAY-2026,11076026,0,0,0,0,0,0,0,0,0,0,1,0,0
09-MAY-2026,11076028,0,0,0,0,0,0,0,0,0,0,1,0,0
09-MAY-2026,11076033,101820,0,101820,8485,0,0,0,0,0,0,1,0,0
09-MAY-2026,11076034,1293660.87,0,1293660.87,149228.5,0,0,0,0,0,0,1,0,0
09-MAY-2026,11076042,0,0,0,0,0,0,0,0,0,0,1,0,0
09-MAY-2026,11076049,0,0,0,0,0,0,0,0,0,0,1,0,0
09-MAY-2026,11076056,0,0,0,0,0,0,0,0,0,0,1,0,0
09-MAY-2026,11076060,0,0,0,0,0,0,0,0,0,0,1,0,0
09-MAY-2026,11076078,0,0,0,0,0,0,0,0,0,0,1,0,0
09-MAY-2026,11076079,0,0,0,0,0,0,0,0,0,0,1,0,0
09-MAY-2026,11076109,34033.29,0,34033.29,2862.5,0,0,0,0,0,0,1,0,0
09-MAY-2026,11076119,1970641.63,0,1970641.63,172461.5,0,0,0,0,0,0,1,0,0
09-MAY-2026,11076123,0,0,0,0,0,0,0,0,0,0,1,0,0
09-MAY-2026,11076138,269880,0,269880,22490,0,0,0,0,0,0,1,0,0
09-MAY-2026,11076139,0,0,0,0,0,0,0,0,0,0,1,0,0
09-MAY-2026,1107628,0,0,0,0,0,0,0,0,0,0,1,0,0
09-MAY-2026,1107634,0,0,0,0,0,0,0,0,0,0,1,0,0
09-MAY-2026,1107A001,0,0,0,0,0,0,0,0,0,0,1,0,0
09-MAY-2026,1107A002,239887.72,0,239887.72,19779,0,0,0,0,0,0,1,0,0
09-MAY-2026,1107A007,0,0,0,0,0,0,0,0,0,0,1,0,0
09-MAY-2026,1107A016,0,0,0,0,0,0,0,0,0,0,1,0,0
09-MAY-2026,1107A018,0,0,0,0,0,0,0,0,0,0,1,0,0
09-MAY-2026,11088306,0,0,0,0,0,0,0,0,0,0,1,0,0
09-MAY-2026,11088307,3705785.5,0,3705785.5,301284.5,0,0,0,0,0,0,1,0,0
09-MAY-2026,11088329,0,0,0,0,0,0,0,0,0,0,1,0,0
09-MAY-2026,11088343,0,0,0,0,0,0,0,0,0,0,1,0,0
09-MAY-2026,11088436,0,0,0,0,0,0,0,0,0,0,1,0,0
09-MAY-2026,11088439,0,0,0,0,0,0,0,0,0,0,1,0,0
09-MAY-2026,11088442,0,0,0,0,0,0,0,0,0,0,1,0,0
09-MAY-2026,11088443,0,0,0,0,0,0,0,0,0,0,1,0,0
09-MAY-2026,11088485,1214460,0,1214460,101205,0,0,0,0,0,0,1,0,0
09-MAY-2026,11098280,3838260,0,3838260,319855,0,0,0,0,0,0,1,0,0
09-MAY-2026,11098286,0,0,0,0,0,0,0,0,0,0,1,0,0
09-MAY-2026,11098309,175130.12,0,175130.12,14209,0,0,0,0,0,0,1,0,0
09-MAY-2026,11098322,0,0,0,0,0,0,0,0,0,0,1,0,0
09-MAY-2026,110983229,0,0,0,0,0,0,0,0,0,0,1,0,0
09-MAY-2026,11098328,168528,0,168528,14044,0,0,0,0,0,0,1,0,0
09-MAY-2026,11098329,5077084.86,0,5077084.86,413147,0,0,0,0,0,0,1,0,0
09-MAY-2026,11098331,0,0,0,0,0,0,0,0,0,0,1,0,0
09-MAY-2026,11098337,0,0,0,0,0,0,0,0,0,0,1,0,0
09-MAY-2026,11098339,0,0,0,0,0,0,0,0,0,0,1,0,0
09-MAY-2026,11098343,339648,0,339648,28304,0,0,0,0,0,0,1,0,0
09-MAY-2026,11098344,2446019.27,0,2446019.27,202781.5,0,0,0,0,0,0,1,0,0
09-MAY-2026,11098370,0,0,0,0,0,0,0,0,0,0,1,0,0
09-MAY-2026,11098375,0,0,0,0,0,0,0,0,0,0,1,0,0
09-MAY-2026,11098379,0,0,0,0,0,0,0,0,0,0,1,0,0
09-MAY-2026,11098385,305107.99,0,305107.99,24866,0,0,0,0,0,0,1,0,0
09-MAY-2026,11098388,0,0,0,0,0,0,0,0,0,0,1,0,0
09-MAY-2026,11098401,0,0,0,0,0,0,0,0,0,0,1,0,0
09-MAY-2026,11098422,2930883.81,0,2930883.81,241080,0,0,0,0,0,0,1,0,0
09-MAY-2026,11098440,525840,0,525840,43820,0,0,0,0,0,0,1,0,0
09-MAY-2026,11098441,10008257.8,0,10008257.8,822268.5,0,0,0,0,0,0,1,0,0
09-MAY-2026,11098442,0,0,0,0,0,0,0,0,0,0,1,0,0
09-MAY-2026,11098501,0,0,0,0,0,0,0,0,0,0,1,0,0
09-MAY-2026,11098508,0,0,0,0,0,0,0,0,0,0,1,0,0
09-MAY-2026,11098515,0,0,0,0,0,0,0,0,0,0,1,0,0
09-MAY-2026,11098518,0,0,0,0,0,0,0,0,0,0,1,0,0
09-MAY-2026,11098520,0,0,0,0,0,0,0,0,0,0,1,0,0
09-MAY-2026,11098531,499478.59,0,499478.59,40565,0,0,0,0,0,0,1,0,0
09-MAY-2026,11098532,1176881.99,0,1176881.99,97234,0,0,0,0,0,0,1,0,0
09-MAY-2026,11098534,345000,0,345000,28750,0,0,0,0,0,0,1,0,0
09-MAY-2026,11098557,0,0,0,0,0,0,0,0,0,0,1,0,0
09-MAY-2026,11098574,0,0,0,0,0,0,0,0,0,0,1,0,0
09-MAY-2026,11098646,0,0,0,0,0,0,0,0,0,0,1,0,0
09-MAY-2026,11098650,797976,0,797976,66498,0,0,0,0,0,0,1,0,0
09-MAY-2026,11098654,0,0,0,0,0,0,0,0,0,0,1,0,0
09-MAY-2026,11098673,2726853.71,0,2726853.71,226466.5,0,0,0,0,0,0,1,0,0
09-MAY-2026,11098695,0,0,0,0,0,0,0,0,0,0,1,0,0
09-MAY-2026,1109A018,0,0,0,0,0,0,0,0,0,0,1,0,0
09-MAY-2026,1109A024,0,0,0,0,0,0,0,0,0,0,1,0,0
09-MAY-2026,1109A026,0,0,0,0,0,0,0,0,0,0,1,0,0
09-MAY-2026,1109A035,77434,0,77434,6173,0,0,0,0,0,0,1,0,0
09-MAY-2026,11100030,0,0,0,0,0,0,0,0,0,0,1,0,0
09-MAY-2026,11100031,0,0,0,0,0,0,0,0,0,0,1,0,0
09-MAY-2026,11100127,0,0,0,0,0,0,0,0,0,0,1,0,0
09-MAY-2026,11100152,0,0,0,0,0,0,0,0,0,0,1,0,0
09-MAY-2026,11100156,0,0,0,0,0,0,0,0,0,0,1,0,0
09-MAY-2026,11100190,0,0,0,0,0,0,0,0,0,0,1,0,0
09-MAY-2026,11100202,1648800,0,1648800,137400,0,0,0,0,0,0,1,0,0
09-MAY-2026,11331116,0,0,0,0,0,0,0,0,0,0,1,0,0
09-MAY-2026,11341870,0,0,0,0,0,0,0,0,0,0,1,0,0
09-MAY-2026,11401390,0,0,0,0,0,0,0,0,0,0,1,0,0
09-MAY-2026,1141285,0,0,0,0,0,0,0,0,0,0,1,0,0
09-MAY-2026,1141286,0,0,0,0,0,0,0,0,0,0,1,0,0
09-MAY-2026,11636415,478679.97,0,478679.97,39890,0,0,28890,0,0,0,1,0,0
09-MAY-2026,11636449,0,0,0,0,0,0,0,0,0,0,1,0,0
09-MAY-2026,11636455,0,0,0,0,0,0,0,0,0,0,1,0,0
09-MAY-2026,11636467,0,0,0,0,0,0,0,0,0,0,1,0,0
09-MAY-2026,11738718,0,0,0,0,0,0,0,0,0,0,1,0,0
09-MAY-2026,11889827,0,0,0,0,0,0,0,0,0,0,1,0,0
09-MAY-2026,11908329,0,0,0,0,0,0,0,0,0,0,1,0,0
09-MAY-2026,1192K777,0,0,0,0,0,0,0,0,0,0,1,0,0
09-MAY-2026,1192M999,0,0,0,0,0,0,0,0,0,0,1,0,0
09-MAY-2026,1192P786,99895.72,0,99895.72,8113,0,0,0,0,0,0,1,0,0
09-MAY-2026,1192S222,0,0,0,0,0,0,0,0,0,0,1,0,0
09-MAY-2026,1192S786,0,0,0,0,0,0,0,0,0,0,1,0,0
09-MAY-2026,1192S798,0,0,0,0,0,0,0,0,0,0,1,0,0
09-MAY-2026,12012468,0,0,0,0,0,0,0,0,0,0,1,0,0
09-MAY-2026,12042072,0,0,0,0,0,0,0,0,0,0,1,0,0
09-MAY-2026,12042104,0,0,0,0,0,0,0,0,0,0,1,0,0
09-MAY-2026,12042255,0,0,0,0,0,0,0,0,0,0,1,0,0
09-MAY-2026,12042440,300480,0,300480,25040,0,0,0,0,0,0,1,0,0
09-MAY-2026,12042464,0,0,0,0,0,0,0,0,0,0,1,0,0
09-MAY-2026,12042565,0,0,0,0,0,0,0,0,0,0,1,0,0
09-MAY-2026,12042568,0,0,0,0,0,0,0,0,0,0,1,0,0
09-MAY-2026,12042579,0,0,0,0,0,0,0,0,0,0,1,0,0
09-MAY-2026,12198926,0,0,0,0,0,0,0,0,0,0,1,0,0
09-MAY-2026,19910260,0,0,0,0,0,0,0,0,0,0,1,0,0
09-MAY-2026,21911533,0,0,0,0,0,0,0,0,0,0,1,0,0
09-MAY-2026,21911552,0,0,0,0,0,0,0,0,0,0,1,0,0
09-MAY-2026,22111610,0,0,0,0,0,0,0,0,0,0,1,0,0
09-MAY-2026,AC845,0,0,0,0,0,0,0,0,0,0,1,0,0
09-MAY-2026,AHDLB025,0,0,0,0,0,0,0,0,0,0,1,0,0
09-MAY-2026,AHMNS084,0,0,0,0,0,0,0,0,0,0,1,0,0
09-MAY-2026,AHPDL001,0,0,0,0,0,0,0,0,0,0,1,0,0
09-MAY-2026,AK511,35180,0,35180,3518,0,0,0,0,0,0,1,0,0
09-MAY-2026,AK711,0,0,0,0,0,0,0,0,0,0,1,0,0
09-MAY-2026,AM747,3381228,0,3381228,281769,0,0,0,0,0,0,1,0,0
09-MAY-2026,AS211,3479067.64,0,3479067.64,286649,0,0,0,0,0,0,1,0,0
09-MAY-2026,BK25,75120,0,75120,6260,0,0,0,0,0,0,1,0,0
09-MAY-2026,BL61,0,0,0,0,0,0,0,0,0,0,1,0,0
09-MAY-2026,BM935,0,0,0,0,0,0,0,0,0,0,1,0,0
09-MAY-2026,D0011167,0,0,0,0,0,0,0,0,0,0,1,0,0
09-MAY-2026,D0011192,0,0,0,0,0,0,0,0,0,0,1,0,0
09-MAY-2026,D0011396,0,0,0,0,0,0,0,0,0,0,1,0,0
09-MAY-2026,D0011982,1045198.3,0,1045198.3,85830,0,0,0,0,0,0,1,0,0
09-MAY-2026,D0012043,0,0,0,0,0,0,0,0,0,0,1,0,0
09-MAY-2026,D0012046,0,0,0,0,0,0,0,0,0,0,1,0,0
09-MAY-2026,D0012069,0,0,0,0,0,0,0,0,0,0,1,0,0
09-MAY-2026,D0012080,0,0,0,0,0,0,0,0,0,0,1,0,0
09-MAY-2026,D0012092,67176,0,67176,5598,0,0,0,0,0,0,1,0,0
09-MAY-2026,D0012095,0,0,0,0,0,0,0,0,0,0,1,0,0
09-MAY-2026,D0012144,600960,0,600960,50080,0,0,0,0,0,0,1,0,0
09-MAY-2026,D0012177,229987.99,0,229987.99,18606,0,0,0,0,0,0,1,0,0
09-MAY-2026,D0012516,72522,0,72522,6043.5,0,0,0,0,0,0,1,0,0
09-MAY-2026,D0012524,0,0,0,0,0,0,0,0,0,0,1,0,0
09-MAY-2026,D0012548,0,0,0,0,0,0,0,0,0,0,1,0,0
09-MAY-2026,D0012550,0,0,0,0,0,0,0,0,0,0,1,0,0
09-MAY-2026,D0012555,217566,0,217566,18130.5,0,0,0,0,0,0,1,0,0
09-MAY-2026,DJ881,525760,0,525760,65720,0,0,0,0,0,0,1,0,0
09-MAY-2026,DP94,0,0,0,0,0,0,0,0,0,0,1,0,0
09-MAY-2026,GA833,3373500,0,3373500,281125,0,0,0,0,0,0,1,0,0
09-MAY-2026,GK80,0,0,0,0,0,0,0,0,0,0,1,0,0
09-MAY-2026,GS99,4048200,0,4048200,337350,0,0,0,0,0,0,1,0,0
09-MAY-2026,HK086,0,0,0,0,0,0,0,0,0,0,1,0,0
09-MAY-2026,J149,77434,0,77434,6173,0,0,0,0,0,0,1,0,0
09-MAY-2026,JPATT003,0,0,0,0,0,0,0,0,0,0,1,0,0
09-MAY-2026,JPATT004,0,0,0,0,0,0,0,0,0,0,1,0,0
09-MAY-2026,JPBJL001,0,0,0,0,0,0,0,0,0,0,1,0,0
09-MAY-2026,JPHRG011,0,0,0,0,0,0,0,0,0,0,1,0,0
09-MAY-2026,JPMDF004,0,0,0,0,0,0,0,0,0,0,1,0,0
09-MAY-2026,JPPMP001,0,0,0,0,0,0,0,0,0,0,1,0,0
09-MAY-2026,JPPRY006,0,0,0,0,0,0,0,0,0,0,1,0,0
09-MAY-2026,JPRAY008,0,0,0,0,0,0,0,0,0,0,1,0,0
09-MAY-2026,JPSAJ009,0,0,0,0,0,0,0,0,0,0,1,0,0
09-MAY-2026,JPSAJ010,0,0,0,0,0,0,0,0,0,0,1,0,0
09-MAY-2026,JPSAJ040,0,0,0,0,0,0,0,0,0,0,1,0,0
09-MAY-2026,JPSAK023,0,0,0,0,0,0,0,0,0,0,1,0,0
09-MAY-2026,JPSAK026,0,0,0,0,0,0,0,0,0,0,1,0,0
09-MAY-2026,JPSGT002,0,0,0,0,0,0,0,0,0,0,1,0,0
09-MAY-2026,JPSRB001,0,0,0,0,0,0,0,0,0,0,1,0,0
09-MAY-2026,KAHA0020,69336,0,69336,5778,0,0,11556,0,0,0,1,0,0
09-MAY-2026,KAHA0024,643803.98,0,643803.98,52531,0,0,0,0,0,0,1,0,0
09-MAY-2026,KAHA0039,0,0,0,0,0,0,0,0,0,0,1,0,0
09-MAY-2026,KAHA0043,0,0,0,0,0,0,0,0,0,0,1,0,0
09-MAY-2026,MG553,9610302,0,9610302,800858.5,0,0,0,0,0,0,1,0,0
09-MAY-2026,MG578,0,0,0,0,0,0,0,0,0,0,1,0,0
09-MAY-2026,MS553,0,0,0,0,0,0,0,0,0,0,1,0,0
09-MAY-2026,NB005,0,0,0,0,0,0,0,0,0,0,1,0,0
09-MAY-2026,PK777,1606860,0,1606860,133905,0,0,0,0,0,0,1,0,0
09-MAY-2026,PR777,0,0,0,0,0,0,0,0,0,0,1,0,0
09-MAY-2026,RCGCA002,0,0,0,0,0,0,0,0,0,0,1,0,0
09-MAY-2026,RG94,0,0,0,0,0,0,0,0,0,0,1,0,0
09-MAY-2026,RK27,0,0,0,0,0,0,0,0,0,0,1,0,0
09-MAY-2026,RK503,0,0,0,0,0,0,0,0,0,0,1,0,0
09-MAY-2026,RK711,432012,0,432012,36001,0,0,0,0,0,0,1,0,0
09-MAY-2026,S503,0,0,0,0,0,0,0,0,0,0,1,0,0
09-MAY-2026,S644,0,0,0,0,0,0,0,0,0,0,1,0,0
09-MAY-2026,SB649,7556640,0,7556640,629720,0,0,0,0,0,0,1,0,0
09-MAY-2026,SKS9,0,0,0,0,0,0,0,0,0,0,1,0,0
09-MAY-2026,SMS71,460160.1,0,460160.1,37819,0,0,0,0,0,0,1,0,0
09-MAY-2026,SS644,33588,0,33588,2799,0,0,0,0,0,0,1,0,0
09-MAY-2026,SUSPE1234N,0,0,0,0,0,0,0,0,0,0,1,0,0
09-MAY-2026,V234,0,0,0,0,0,0,0,0,0,0,1,0,0
09-MAY-2026,VG508,0,0,0,0,0,0,0,0,0,0,1,0,0
09-MAY-2026,VK727,0,0,0,0,0,0,0,0,0,0,1,0,0
09-MAY-2026,VK790,4961420.72,0,4961420.72,1291304,0,0,0,0,0,0,1,0,0
09-MAY-2026,VK85,0,0,0,0,0,0,0,0,0,0,1,0,0
