09-MAY-2026,220K3X,929080.44,0.00,929080.44,77824.00,C
09-MAY-2026,220R2X,132996.00,0.00,132996.00,11083.00,C
09-MAY-2026,930R3X,9901920.00,0.00,9901920.00,825160.00,C
09-MAY-2026,93VL04,3111930.00,0.00,3111930.00,259327.50,C
09-MAY-2026,G34270,539760.00,0.00,539760.00,44980.00,C
09-MAY-2026,J34N3,2454612.00,0.00,2454612.00,207851.00,C
09-MAY-2026,J84A06,34350.00,0.00,34350.00,2862.50,C
09-MAY-2026,J84R101,287388.00,0.00,287388.00,23949.00,C
09-MAY-2026,JFPI01,68700.00,0.00,68700.00,5725.00,C
09-MAY-2026,JJ0U2X,4149240.00,0.00,4149240.00,345770.00,C
09-MAY-2026,JOIM25,549600.00,0.00,549600.00,50250.00,C
09-MAY-2026,JOSG15,598482.00,0.00,598482.00,49873.50,C
09-MAY-2026,KSA101,1935849.88,0.00,1935849.88,154325.00,C
09-MAY-2026,LNBS1X,220678.00,0.00,220678.00,18110.00,C
09-MAY-2026,M34A2,175130.12,0.00,175130.12,14209.00,C
09-MAY-2026,N2R1054,71622.00,0.00,71622.00,5968.50,C
09-MAY-2026,V61A217,1396458.00,0.00,1396458.00,116371.50,C
09-MAY-2026,V61A317,1298644.32,0.00,1298644.32,105469.00,C
09-MAY-2026,V96K4X,218178.00,0.00,218178.00,37881.50,C
09-MAY-2026,VDV83,68700.00,0.00,68700.00,5725.00,C
09-MAY-2026,VDV84,101526.00,0.00,101526.00,8460.50,C
09-MAY-2026,VDV97,68700.00,0.00,68700.00,5725.00,C
09-MAY-2026,VDVV1X,465486.00,0.00,465486.00,40490.50,C
09-MAY-2026,VLGS14,33588.00,0.00,33588.00,2799.00,C
09-MAY-2026,Y09017633,77434.00,0.00,77434.00,16473.00,C
09-MAY-2026,Y09018401,154867.99,0.00,154867.99,37346.00,C
09-MAY-2026,Y09033976,41544.00,0.00,41544.00,3462.00,C
09-MAY-2026,Y09042341,0.00,0.00,0.00,11200.00,C
09-MAY-2026,Y090N001,77434.00,0.00,77434.00,16573.00,C
09-MAY-2026,YBD149,570816.00,0.00,570816.00,47568.00,C
