09-MAY-2026,00951,81072777.23,0,81072777.23,7464519,0,0,242676,0,0,0,2,0,0
09-MAY-2026,A115,2335800,0,2335800,194650,0,0,0,0,0,0,1,0,0
09-MAY-2026,A140,0,0,0,0,0,0,0,0,0,0,1,0,0
09-MAY-2026,A148,9408887.94,0,9408887.94,785128.5,0,0,0,0,0,0,1,0,0
09-MAY-2026,A164,1442700,0,1442700,120225,0,0,0,0,0,0,1,0,0
09-MAY-2026,A169,0,0,0,0,0,0,0,0,0,0,1,0,0
09-MAY-2026,A175,0,0,0,0,0,0,0,0,0,0,1,0,0
09-MAY-2026,A482,0,0,0,0,0,0,0,0,0,0,1,0,0
09-MAY-2026,A554,0,0,0,0,0,0,0,0,0,0,1,0,0
09-MAY-2026,A635,0,0,0,0,0,0,0,0,0,0,1,0,0
09-MAY-2026,A646,0,0,0,0,0,0,0,0,0,0,1,0,0
09-MAY-2026,A664,0,0,0,0,0,0,0,0,0,0,1,0,0
09-MAY-2026,A757,0,0,0,0,0,0,0,0,0,0,1,0,0
09-MAY-2026,A971,0,0,0,0,0,0,0,0,0,0,1,0,0
09-MAY-2026,A982,0,0,0,0,0,0,0,0,0,0,1,0,0
09-MAY-2026,B474,0,0,0,0,0,0,0,0,0,0,1,0,0
09-MAY-2026,B475,0,0,0,0,0,0,0,0,0,0,1,0,0
09-MAY-2026,B615,0,0,0,0,0,0,0,0,0,0,1,0,0
09-MAY-2026,D000236,0,0,0,0,0,0,0,0,0,0,1,0,0
09-MAY-2026,D000480,0,0,0,0,0,0,0,0,0,0,1,0,0
09-MAY-2026,D000628,0,0,0,0,0,0,0,0,0,0,1,0,0
09-MAY-2026,D000978,0,0,0,0,0,0,0,0,0,0,1,0,0
09-MAY-2026,D233,7806654,0,7806654,650554.5,0,0,0,0,0,0,1,0,0
09-MAY-2026,D777,0,0,0,0,0,0,0,0,0,0,1,0,0
09-MAY-2026,G920,0,0,0,0,0,0,0,0,0,0,1,0,0
09-MAY-2026,H554,0,0,0,0,0,0,0,0,0,0,1,0,0
09-MAY-2026,H646,0,0,0,0,0,0,0,0,0,0,1,0,0
09-MAY-2026,I380,0,0,0,0,0,0,0,0,0,0,1,0,0
09-MAY-2026,J170,167940,0,167940,13995,0,0,0,0,0,0,1,0,0
09-MAY-2026,J233,7485204,0,7485204,674909.5,0,0,0,0,0,0,1,0,0
09-MAY-2026,J248,4547119.46,0,4547119.46,395025,0,0,0,0,0,0,1,0,0
09-MAY-2026,K579,0,0,0,0,0,0,0,0,0,0,1,0,0
09-MAY-2026,M000,0,0,0,0,0,0,0,0,0,0,1,0,0
09-MAY-2026,M013,0,0,0,0,0,0,0,0,0,0,1,0,0
09-MAY-2026,M215,0,0,0,0,0,0,0,0,0,0,1,0,0
09-MAY-2026,M365,4705950,0,4705950,392162.5,0,0,0,0,0,0,1,0,0
09-MAY-2026,M440,0,0,0,0,0,0,0,0,0,0,1,0,0
09-MAY-2026,M482,0,0,0,0,0,0,0,0,0,0,1,0,0
09-MAY-2026,N345,0,0,0,0,0,0,0,0,0,0,1,0,0
09-MAY-2026,P218,3840190,0,3840190,454302.5,0,0,0,0,0,0,1,0,0
09-MAY-2026,P727,343500,0,343500,28625,0,0,0,0,0,0,1,0,0
09-MAY-2026,P982,0,0,0,0,0,0,0,0,0,0,1,0,0
09-MAY-2026,R0014,0,0,0,0,0,0,0,0,0,0,1,0,0
09-MAY-2026,R173,0,0,0,0,0,0,0,0,0,0,1,0,0
09-MAY-2026,R435,0,0,0,0,0,0,0,0,0,0,1,0,0
09-MAY-2026,R642,0,0,0,0,0,0,0,0,0,0,1,0,0
09-MAY-2026,R982,0,0,0,0,0,0,0,0,0,0,1,0,0
09-MAY-2026,RM0111,0,0,0,0,0,0,0,0,0,0,1,0,0
09-MAY-2026,RM0162,0,0,0,0,0,0,0,0,0,0,1,0,0
09-MAY-2026,RM0165,0,0,0,0,0,0,0,0,0,0,1,0,0
09-MAY-2026,RM042,0,0,0,0,0,0,0,0,0,0,1,0,0
09-MAY-2026,RM046,0,0,0,0,0,0,0,0,0,0,1,0,0
09-MAY-2026,RM059,0,0,0,0,0,0,0,0,0,0,1,0,0
09-MAY-2026,RM075,0,0,0,0,0,0,0,0,0,0,1,0,0
09-MAY-2026,RM083,0,0,0,0,0,0,0,0,0,0,1,0,0
09-MAY-2026,RM1419,0,0,0,0,0,0,0,0,0,0,1,0,0
09-MAY-2026,S000,0,0,0,0,0,0,0,0,0,0,1,0,0
09-MAY-2026,S00038,0,0,0,0,0,0,0,0,0,0,1,0,0
09-MAY-2026,S444,0,0,0,0,0,0,0,0,0,0,1,0,0
09-MAY-2026,S482,0,0,0,0,0,0,0,0,0,0,1,0,0
09-MAY-2026,S61120,0,0,0,0,0,0,0,0,0,0,1,0,0
09-MAY-2026,S818,0,0,0,0,0,0,0,0,0,0,1,0,0
09-MAY-2026,S856,0,0,0,0,0,0,0,0,0,0,1,0,0
09-MAY-2026,SS01251,0,0,0,0,0,0,0,0,0,0,1,0,0
09-MAY-2026,SS01270,0,0,0,0,0,0,0,0,0,0,1,0,0
09-MAY-2026,SS01281,0,0,0,0,0,0,0,0,0,0,1,0,0
09-MAY-2026,SS01351,0,0,0,0,0,0,0,0,0,0,1,0,0
09-MAY-2026,SS01523,0,0,0,0,0,0,0,0,0,0,1,0,0
09-MAY-2026,SS0321,0,0,0,0,0,0,0,0,0,0,1,0,0
09-MAY-2026,SS0381,0,0,0,0,0,0,0,0,0,0,1,0,0
09-MAY-2026,SS0387,0,0,0,0,0,0,0,0,0,0,1,0,0
09-MAY-2026,SS0392,0,0,0,0,0,0,0,0,0,0,1,0,0
09-MAY-2026,SS0396,0,0,0,0,0,0,0,0,0,0,1,0,0
09-MAY-2026,SS0439,0,0,0,0,0,0,0,0,0,0,1,0,0
09-MAY-2026,SS0525,0,0,0,0,0,0,0,0,0,0,1,0,0
09-MAY-2026,SS0626,0,0,0,0,0,0,0,0,0,0,1,0,0
09-MAY-2026,SS0662,0,0,0,0,0,0,0,0,0,0,1,0,0
09-MAY-2026,SS0825,0,0,0,0,0,0,0,0,0,0,1,0,0
09-MAY-2026,SS1020,928755.93,0,928755.93,290682,0,0,0,0,0,0,1,0,0
09-MAY-2026,SS1105,0,0,0,0,0,0,0,0,0,0,1,0,0
09-MAY-2026,SS1109,0,0,0,0,0,0,0,0,0,0,1,0,0
09-MAY-2026,SS1131,0,0,0,0,0,0,0,0,0,0,1,0,0
09-MAY-2026,V069,0,0,0,0,0,0,0,0,0,0,1,0,0
09-MAY-2026,V222,0,0,0,0,0,0,0,0,0,0,1,0,0
09-MAY-2026,V840,549600,0,549600,45800,0,0,0,0,0,0,1,0,0
09-MAY-2026,Y229,0,0,0,0,0,0,0,0,0,0,1,0,0
