09-MAY-2026,00021,36456681.97,-4839625,31617056.97,3130019.5,0,0,0,0,0,0,2,0,0
09-MAY-2026,AP34,3440970,0,3440970,286747.5,0,0,0,0,0,0,1,0,0
09-MAY-2026,AT005,0,0,0,0,0,0,0,0,0,0,1,0,0
09-MAY-2026,CAD3764,25127939.84,0,25127939.84,2084760.5,0,0,0,0,0,0,1,0,0
09-MAY-2026,CAD3785,2197705.78,0,2197705.78,178486,0,0,0,0,0,0,1,0,0
09-MAY-2026,CAD3920,998957.17,0,998957.17,81130,0,0,0,0,0,0,1,0,0
09-MAY-2026,CAD3995,0,0,0,0,0,0,0,0,0,0,1,0,0
09-MAY-2026,CAD4033,0,0,0,0,0,0,0,0,0,0,1,0,0
09-MAY-2026,CAD4383,0,0,0,0,0,0,0,0,0,0,1,0,0
09-MAY-2026,CAD5297,0,0,0,0,0,0,0,0,0,0,1,0,0
09-MAY-2026,CAD5483,0,0,0,0,0,0,0,0,0,0,1,0,0
09-MAY-2026,CAD5495,0,0,0,0,0,0,0,0,0,0,1,0,0
09-MAY-2026,CAR0035,0,0,0,0,0,0,0,0,0,0,1,0,0
09-MAY-2026,CD30004,0,0,0,0,0,0,0,0,0,0,1,0,0
09-MAY-2026,CI30164,0,0,0,0,0,0,0,0,0,0,1,0,0
09-MAY-2026,CI30170,0,0,0,0,0,0,0,0,0,0,1,0,0
09-MAY-2026,CI30202,99895.72,0,99895.72,8113,0,0,0,0,0,0,1,0,0
09-MAY-2026,CI30257,0,0,0,0,0,0,0,0,0,0,1,0,0
09-MAY-2026,CT60142,134940,0,134940,11245,0,0,0,0,0,0,1,0,0
09-MAY-2026,CT60242,77434,0,77434,6173,0,0,0,0,0,0,1,0,0
09-MAY-2026,CT60256,1250678.59,0,1250678.59,103165,0,0,0,0,0,0,1,0,0
09-MAY-2026,CT60560,0,0,0,0,0,0,0,0,0,0,1,0,0
09-MAY-2026,CVA1730,0,0,0,0,0,0,0,0,0,0,1,0,0
09-MAY-2026,CVA3284,0,0,0,0,0,0,0,0,0,0,1,0,0
09-MAY-2026,DD80020,0,0,0,0,0,0,0,0,0,0,1,0,0
09-MAY-2026,DD80060,0,0,0,0,0,0,0,0,0,0,1,0,0
09-MAY-2026,DD80142,0,0,0,0,0,0,0,0,0,0,1,0,0
09-MAY-2026,DD80143,0,0,0,0,0,0,0,0,0,0,1,0,0
09-MAY-2026,DE40041,0,0,0,0,0,0,0,0,0,0,1,0,0
09-MAY-2026,DER502,0,0,0,0,0,0,0,0,0,0,1,0,0
09-MAY-2026,DJO0440,0,0,0,0,0,0,0,0,0,0,1,0,0
09-MAY-2026,DJO0815,0,0,0,0,0,0,0,0,0,0,1,0,0
09-MAY-2026,DJO1152,0,0,0,0,0,0,0,0,0,0,1,0,0
09-MAY-2026,DJO1568,0,0,0,0,0,0,0,0,0,0,1,0,0
09-MAY-2026,DJO1744,0,0,0,0,0,0,0,0,0,0,1,0,0
09-MAY-2026,DJO1936,0,0,0,0,0,0,0,0,0,0,1,0,0
09-MAY-2026,DJO2136,0,0,0,0,0,0,0,0,0,0,1,0,0
09-MAY-2026,DJO2428,0,0,0,0,0,0,0,0,0,0,1,0,0
09-MAY-2026,DJO2598,0,0,0,0,0,0,0,0,0,0,1,0,0
09-MAY-2026,DJO2708,0,0,0,0,0,0,0,0,0,0,1,0,0
09-MAY-2026,DJO2856,0,0,0,0,0,0,0,0,0,0,1,0,0
09-MAY-2026,DJO2938,0,0,0,0,0,0,0,0,0,0,1,0,0
09-MAY-2026,DJO2944,0,0,0,0,0,0,0,0,0,0,1,0,0
09-MAY-2026,DJO2961,0,0,0,0,0,0,0,0,0,0,1,0,0
09-MAY-2026,DJO3050,0,0,0,0,0,0,0,0,0,0,1,0,0
09-MAY-2026,DJO3108,0,0,0,0,0,0,0,0,0,0,1,0,0
09-MAY-2026,DJO3121,0,0,0,0,0,0,0,0,0,0,1,0,0
09-MAY-2026,DKX0088,0,0,0,0,0,0,0,0,0,0,1,0,0
09-MAY-2026,DN70002,0,0,0,0,0,0,0,0,0,0,1,0,0
09-MAY-2026,DPN0007,0,0,0,0,0,0,0,0,0,0,1,0,0
09-MAY-2026,DQY0001,0,0,0,0,0,0,0,0,0,0,1,0,0
09-MAY-2026,DT12039,0,0,0,0,0,0,0,0,0,0,1,0,0
09-MAY-2026,DT13797,173055,0,173055,18591.5,0,0,0,0,0,0,1,0,0
09-MAY-2026,DT17382,0,0,0,0,0,0,0,0,0,0,1,0,0
09-MAY-2026,DUD0011,0,0,0,0,0,0,0,0,0,0,1,0,0
09-MAY-2026,DWL0017,123552,0,123552,10296,0,0,0,0,0,0,1,0,0
09-MAY-2026,ED60021,0,0,0,0,0,0,0,0,0,0,1,0,0
09-MAY-2026,ED60022,0,0,0,0,0,0,0,0,0,0,1,0,0
09-MAY-2026,ED60027,0,0,0,0,0,0,0,0,0,0,1,0,0
09-MAY-2026,ED60029,0,0,0,0,0,0,0,0,0,0,1,0,0
09-MAY-2026,ED60037,0,0,0,0,0,0,0,0,0,0,1,0,0
09-MAY-2026,EIE0049,67470,0,67470,5622.5,0,0,0,0,0,0,1,0,0
09-MAY-2026,EIE0177,134940,0,134940,11245,0,0,0,0,0,0,1,0,0
09-MAY-2026,EIE0292,2516430,0,2516430,209702.5,0,0,0,0,0,0,1,0,0
09-MAY-2026,EIE0296,5270184,0,5270184,456090,0,0,0,0,0,0,1,0,0
09-MAY-2026,EIE0344,0,0,0,0,0,0,0,0,0,0,1,0,0
09-MAY-2026,EIE0378,3566575.99,0,3566575.99,418237,0,0,0,0,0,0,1,0,0
09-MAY-2026,EIE0531,0,0,0,0,0,0,0,0,0,0,1,0,0
09-MAY-2026,EKB0009,0,0,0,0,0,0,0,0,0,0,1,0,0
09-MAY-2026,EOW0177,0,0,0,0,0,0,0,0,0,0,1,0,0
09-MAY-2026,EOW0411,0,0,0,0,0,0,0,0,0,0,1,0,0
09-MAY-2026,EOW0423,0,0,0,0,0,0,0,0,0,0,1,0,0
09-MAY-2026,EOW0822,0,0,0,0,0,0,0,0,0,0,1,0,0
09-MAY-2026,EOW0884,0,0,0,0,0,0,0,0,0,0,1,0,0
09-MAY-2026,ER80002,0,0,0,0,0,0,0,0,0,0,1,0,0
09-MAY-2026,ERR0448,0,0,0,0,0,0,0,0,0,0,1,0,0
09-MAY-2026,ERR0795,0,0,0,0,0,0,0,0,0,0,1,0,0
09-MAY-2026,ESC0155,0,0,0,0,0,0,0,0,0,0,1,0,0
09-MAY-2026,EST0629,0,0,0,0,0,0,0,0,0,0,1,0,0
09-MAY-2026,EST0731,0,0,0,0,0,0,0,0,0,0,1,0,0
09-MAY-2026,EST0781,0,0,0,0,0,0,0,0,0,0,1,0,0
09-MAY-2026,ETB0008,0,0,0,0,0,0,0,0,0,0,1,0,0
09-MAY-2026,ETB0026,0,0,0,0,0,0,0,0,0,0,1,0,0
09-MAY-2026,ETJ0453,0,0,0,0,0,0,0,0,0,0,1,0,0
09-MAY-2026,EWA0028,0,0,0,0,0,0,0,0,0,0,1,0,0
09-MAY-2026,EWA0449,100764,0,100764,8397,0,0,0,0,0,0,1,0,0
09-MAY-2026,EWA1336,0,0,0,0,0,0,0,0,0,0,1,0,0
09-MAY-2026,EWA2111,0,0,0,0,0,0,0,0,0,0,1,0,0
09-MAY-2026,EWA3288,0,0,0,0,0,0,0,0,0,0,1,0,0
09-MAY-2026,EWI0163,16706052,0,16706052,1392171,0,0,0,0,0,0,1,0,0
09-MAY-2026,EZ30008,0,0,0,0,0,0,0,0,0,0,1,0,0
09-MAY-2026,EZ90027,0,0,0,0,0,0,0,0,0,0,1,0,0
09-MAY-2026,EZ90035,0,0,0,0,0,0,0,0,0,0,1,0,0
09-MAY-2026,EZ90042,0,0,0,0,0,0,0,0,0,0,1,0,0
09-MAY-2026,EZ90059,0,0,0,0,0,0,0,0,0,0,1,0,0
09-MAY-2026,EZ90060,0,0,0,0,0,0,0,0,0,0,1,0,0
09-MAY-2026,EZ90101,0,0,0,0,0,0,0,0,0,0,1,0,0
09-MAY-2026,EZ90115,0,0,0,0,0,0,0,0,0,0,1,0,0
09-MAY-2026,EZ90135,33588,0,33588,2799,0,0,0,0,0,0,1,0,0
09-MAY-2026,EZ90175,0,0,0,0,0,0,0,0,0,0,1,0,0
09-MAY-2026,EZ90189,0,0,0,0,0,0,0,0,0,0,1,0,0
09-MAY-2026,EZ90199,0,0,0,0,0,0,0,0,0,0,1,0,0
09-MAY-2026,EZ90202,0,0,0,0,0,0,0,0,0,0,1,0,0
09-MAY-2026,EZ90205,0,0,0,0,0,0,0,0,0,0,1,0,0
09-MAY-2026,EZ90208,0,0,0,0,0,0,0,0,0,0,1,0,0
09-MAY-2026,EZ90218,0,0,0,0,0,0,0,0,0,0,1,0,0
09-MAY-2026,EZ90221,0,0,0,0,0,0,0,0,0,0,1,0,0
09-MAY-2026,EZ90222,0,0,0,0,0,0,0,0,0,0,1,0,0
09-MAY-2026,EZ90232,0,0,0,0,0,0,0,0,0,0,1,0,0
09-MAY-2026,EZ90255,0,0,0,0,0,0,0,0,0,0,1,0,0
09-MAY-2026,EZ90266,0,0,0,0,0,0,0,0,0,0,1,0,0
09-MAY-2026,EZ90268,0,0,0,0,0,0,0,0,0,0,1,0,0
09-MAY-2026,EZ90273,0,0,0,0,0,0,0,0,0,0,1,0,0
09-MAY-2026,EZ90294,0,0,0,0,0,0,0,0,0,0,1,0,0
09-MAY-2026,EZ90352,857212.88,0,857212.88,80566,0,0,0,0,0,0,1,0,0
09-MAY-2026,EZ90356,0,0,0,0,0,0,0,0,0,0,1,0,0
09-MAY-2026,EZC0125,0,0,0,0,0,0,0,0,0,0,1,0,0
09-MAY-2026,FD00176,0,0,0,0,0,0,0,0,0,0,1,0,0
09-MAY-2026,FD00402,0,0,0,0,0,0,0,0,0,0,1,0,0
09-MAY-2026,FD00804,0,0,0,0,0,0,0,0,0,0,1,0,0
09-MAY-2026,FFM0272,552048,0,552048,69006,0,0,0,0,0,0,1,0,0
09-MAY-2026,FFM0821,420608,0,420608,52576,0,0,0,0,0,0,1,0,0
09-MAY-2026,FFM0822,578336,0,578336,72292,0,0,0,0,0,0,1,0,0
09-MAY-2026,FFM0851,149184,0,149184,12432,0,0,0,0,0,0,1,0,0
09-MAY-2026,FFM1294,0,0,0,0,0,0,0,0,0,0,1,0,0
09-MAY-2026,FFQ0051,0,0,0,0,0,0,0,0,0,0,1,0,0
09-MAY-2026,FOA5045,0,0,0,0,0,0,0,0,0,0,1,0,0
09-MAY-2026,FQC0579,0,0,0,0,0,0,0,0,0,0,1,0,0
09-MAY-2026,FQC1009,0,0,0,0,0,0,0,0,0,0,1,0,0
09-MAY-2026,FQC1016,0,0,0,0,0,0,0,0,0,0,1,0,0
09-MAY-2026,FQC1201,0,0,0,0,0,0,0,0,0,0,1,0,0
09-MAY-2026,FQC1414,0,0,0,0,0,0,0,0,0,0,1,0,0
09-MAY-2026,FQC1835,0,0,0,0,0,0,0,0,0,0,1,0,0
09-MAY-2026,FX40007,0,0,0,0,0,0,0,0,0,0,1,0,0
09-MAY-2026,FZ20002,0,0,0,0,0,0,0,0,0,0,1,0,0
09-MAY-2026,FZ20003,0,0,0,0,0,0,0,0,0,0,1,0,0
09-MAY-2026,GA80033,0,0,0,0,0,0,0,0,0,0,1,0,0
09-MAY-2026,GB56069,77434,0,77434,6173,0,0,0,0,0,0,1,0,0
09-MAY-2026,GB57874,118438,0,118438,9590,0,0,0,0,0,0,1,0,0
09-MAY-2026,GB58065,0,0,0,0,0,0,0,0,0,0,1,0,0
09-MAY-2026,GB58167,0,0,0,0,0,0,0,0,0,0,1,0,0
09-MAY-2026,GB59870,0,0,0,0,0,0,0,0,0,0,1,0,0
09-MAY-2026,GB90002,0,0,0,0,0,0,0,0,0,0,1,0,0
09-MAY-2026,GC70005,0,0,0,0,0,0,0,0,0,0,1,0,0
09-MAY-2026,GL70002,0,0,0,0,0,0,0,0,0,0,1,0,0
09-MAY-2026,GL70004,0,0,0,0,0,0,0,0,0,0,1,0,0
09-MAY-2026,GN30003,41544,0,41544,3462,0,0,0,0,0,0,1,0,0
09-MAY-2026,GN30007,0,0,0,0,0,0,0,0,0,0,1,0,0
09-MAY-2026,GN30009,0,0,0,0,0,0,0,0,0,0,1,0,0
09-MAY-2026,GN30012,0,0,0,0,0,0,0,0,0,0,1,0,0
09-MAY-2026,GN30035,0,0,0,0,0,0,0,0,0,0,1,0,0
09-MAY-2026,GN30036,0,0,0,0,0,0,0,0,0,0,1,0,0
09-MAY-2026,GN30037,0,0,0,0,0,0,0,0,0,0,1,0,0
09-MAY-2026,GN30045,0,0,0,0,0,0,0,0,0,0,1,0,0
09-MAY-2026,GN30048,163748,0,163748,12604,0,0,0,0,0,0,1,0,0
09-MAY-2026,GN30055,122744,0,122744,9187,0,0,0,0,0,0,1,0,0
09-MAY-2026,GN30057,0,0,0,0,0,0,0,0,0,0,1,0,0
09-MAY-2026,GNB0191,0,0,0,0,0,0,0,0,0,0,1,0,0
09-MAY-2026,GNB0280,0,0,0,0,0,0,0,0,0,0,1,0,0
09-MAY-2026,GNT1944,0,0,0,0,0,0,0,0,0,0,1,0,0
09-MAY-2026,GO50002,286488,0,286488,23874,0,0,0,0,0,0,1,0,0
09-MAY-2026,GO50003,429732,0,429732,35811,0,0,0,0,0,0,1,0,0
09-MAY-2026,GO50059,71622,0,71622,5968.5,0,0,0,0,0,0,1,0,0
09-MAY-2026,GO50121,0,0,0,0,0,0,0,0,0,0,1,0,0
09-MAY-2026,GO50130,164016,0,164016,13668,0,0,0,0,0,0,1,0,0
09-MAY-2026,GO50138,0,0,0,0,0,0,0,0,0,0,1,0,0
09-MAY-2026,GO50153,210642,0,210642,17553.5,0,0,0,0,0,0,1,0,0
09-MAY-2026,GO50202,102288,0,102288,8524,0,0,0,0,0,0,1,0,0
09-MAY-2026,GSB0100,0,0,0,0,0,0,0,0,0,0,1,0,0
09-MAY-2026,GT40036,0,0,0,0,0,0,0,0,0,0,1,0,0
09-MAY-2026,GT40143,0,0,0,0,0,0,0,0,0,0,1,0,0
09-MAY-2026,GT40165,0,0,0,0,0,0,0,0,0,0,1,0,0
09-MAY-2026,GU90002,0,0,0,0,0,0,0,0,0,0,1,0,0
09-MAY-2026,GWS0007,0,0,0,0,0,0,0,0,0,0,1,0,0
09-MAY-2026,GX10002,0,0,0,0,0,0,0,0,0,0,1,0,0
09-MAY-2026,HAP0040,97696.13,0,97696.13,8036,0,0,0,0,0,0,1,0,0
09-MAY-2026,HC50108,0,0,0,0,0,0,0,0,0,0,1,0,0
09-MAY-2026,HC50356,0,0,0,0,0,0,0,0,0,0,1,0,0
09-MAY-2026,HD10002,0,0,0,0,0,0,0,0,0,0,1,0,0
09-MAY-2026,HD10007,0,0,0,0,0,0,0,0,0,0,1,0,0
09-MAY-2026,HD10042,72522,0,72522,6043.5,0,0,0,0,0,0,1,0,0
09-MAY-2026,HD10052,0,0,0,0,0,0,0,0,0,0,1,0,0
09-MAY-2026,HDU12,0,0,0,0,0,0,0,0,0,0,1,0,0
09-MAY-2026,HJZ0002,0,0,0,0,0,0,0,0,0,0,1,0,0
09-MAY-2026,HJZ0030,0,0,0,0,0,0,0,0,0,0,1,0,0
09-MAY-2026,HJZ0045,0,0,0,0,0,0,0,0,0,0,1,0,0
09-MAY-2026,HJZ0059,0,0,0,0,0,0,0,0,0,0,1,0,0
09-MAY-2026,HJZ0076,0,0,0,0,0,0,0,0,0,0,1,0,0
09-MAY-2026,HJZ0081,0,0,0,0,0,0,0,0,0,0,1,0,0
09-MAY-2026,HJZ0084,0,0,0,0,0,0,0,0,0,0,1,0,0
09-MAY-2026,HKV0021,359508,0,359508,29959,0,0,0,0,0,0,1,0,0
09-MAY-2026,HN40004,0,0,0,0,0,0,0,0,0,0,1,0,0
09-MAY-2026,HN40005,0,0,0,0,0,0,0,0,0,0,1,0,0
09-MAY-2026,HN40007,713538,0,713538,69319.5,0,0,0,0,0,0,1,0,0
09-MAY-2026,HN40008,303576,0,303576,25298,0,0,0,0,0,0,1,0,0
09-MAY-2026,HN40009,303576,0,303576,25298,0,0,0,0,0,0,1,0,0
09-MAY-2026,HN40010,162046,0,162046,15694.5,0,0,0,0,0,0,1,0,0
09-MAY-2026,HN40011,26288,0,26288,3286,0,0,0,0,0,0,1,0,0
09-MAY-2026,HN40014,0,0,0,0,0,0,0,0,0,0,1,0,0
09-MAY-2026,HN40015,34350,0,34350,2862.5,0,0,0,0,0,0,1,0,0
09-MAY-2026,HN40017,103050,0,103050,8587.5,0,0,0,0,0,0,1,0,0
09-MAY-2026,HNA0371,0,0,0,0,0,0,0,0,0,0,1,0,0
09-MAY-2026,HNI0007,0,0,0,0,0,0,0,0,0,0,1,0,0
09-MAY-2026,HPO1543,0,0,0,0,0,0,0,0,0,0,1,0,0
09-MAY-2026,HPO1649,0,0,0,0,0,0,0,0,0,0,1,0,0
09-MAY-2026,HPO1664,0,0,0,0,0,0,0,0,0,0,1,0,0
09-MAY-2026,HPO1665,0,0,0,0,0,0,0,0,0,0,1,0,0
09-MAY-2026,HPO2476,0,0,0,0,0,0,0,0,0,0,1,0,0
09-MAY-2026,HPO2606,0,0,0,0,0,0,0,0,0,0,1,0,0
09-MAY-2026,HPO2676,37404,0,37404,3417,0,0,0,0,0,0,1,0,0
09-MAY-2026,HPO2682,0,0,0,0,0,0,0,0,0,0,1,0,0
09-MAY-2026,HPO2788,0,0,0,0,0,0,0,0,0,0,1,0,0
09-MAY-2026,HPY1192,0,0,0,0,0,0,0,0,0,0,1,0,0
09-MAY-2026,HQA0780,111125,0,111125,14185.5,0,0,0,0,0,0,1,0,0
09-MAY-2026,HQA1175,0,0,0,0,0,0,0,0,0,0,1,0,0
09-MAY-2026,HQA2267,0,0,0,0,0,0,0,0,0,0,1,0,0
09-MAY-2026,HQA2275,0,0,0,0,0,0,0,0,0,0,1,0,0
09-MAY-2026,HQA2282,0,0,0,0,0,0,0,0,0,0,1,0,0
09-MAY-2026,HQA2548,0,0,0,0,0,0,0,0,0,0,1,0,0
09-MAY-2026,HQA2586,2930883.81,0,2930883.81,241080,0,0,0,0,0,0,1,0,0
09-MAY-2026,HQA3114,976961.27,0,976961.27,80360,0,0,0,0,0,0,1,0,0
09-MAY-2026,HQA3169,0,0,0,0,0,0,0,0,0,0,1,0,0
09-MAY-2026,HQC0050,0,0,0,0,0,0,0,0,0,0,1,0,0
09-MAY-2026,HQM0116,799165.74,0,799165.74,64904,0,0,0,0,0,0,1,0,0
09-MAY-2026,HT10611,539723.97,0,539723.97,43298,0,0,0,0,0,0,1,0,0
09-MAY-2026,HT10910,211108,0,211108,17312.5,0,0,0,0,0,0,1,0,0
09-MAY-2026,HT12021,0,0,0,0,0,0,0,0,0,0,1,0,0
09-MAY-2026,HT12241,0,0,0,0,0,0,0,0,0,0,1,0,0
09-MAY-2026,HT12474,0,0,0,0,0,0,0,0,0,0,1,0,0
09-MAY-2026,HT13696,0,0,0,0,0,0,0,0,0,0,1,0,0
09-MAY-2026,HT13783,0,0,0,0,0,0,0,0,0,0,1,0,0
09-MAY-2026,HT17141,0,0,0,0,0,0,0,0,0,0,1,0,0
09-MAY-2026,HT17682,0,0,0,0,0,0,0,0,0,0,1,0,0
09-MAY-2026,HT18737,0,0,0,0,0,0,0,0,0,0,1,0,0
09-MAY-2026,HT19801,0,0,0,0,0,0,0,0,0,0,1,0,0
09-MAY-2026,HYD2616,42156,0,42156,3513,0,0,0,0,0,0,1,0,0
09-MAY-2026,IG10004,0,0,0,0,0,0,0,0,0,0,1,0,0
09-MAY-2026,IG10010,0,0,0,0,0,0,0,0,0,0,1,0,0
09-MAY-2026,IG10030,0,0,0,0,0,0,0,0,0,0,1,0,0
09-MAY-2026,IJT0082,0,0,0,0,0,0,0,0,0,0,1,0,0
09-MAY-2026,IOM0581,0,0,0,0,0,0,0,0,0,0,1,0,0
09-MAY-2026,IOM1384,0,0,0,0,0,0,0,0,0,0,1,0,0
09-MAY-2026,IOM1442,0,0,0,0,0,0,0,0,0,0,1,0,0
09-MAY-2026,ITC0014,0,0,0,0,0,0,0,0,0,0,1,0,0
09-MAY-2026,ITC0066,0,0,0,0,0,0,0,0,0,0,1,0,0
09-MAY-2026,IU10012,0,0,0,0,0,0,0,0,0,0,1,0,0
09-MAY-2026,IUD0004,1054900,0,1054900,80150,0,0,0,0,0,0,1,0,0
09-MAY-2026,IUD0005,0,0,0,0,0,0,0,0,0,0,1,0,0
09-MAY-2026,IUD0011,1268175,0,1268175,97325,0,0,0,0,0,0,1,0,0
09-MAY-2026,IVI0017,0,0,0,0,0,0,0,0,0,0,1,0,0
09-MAY-2026,IYB0005,0,0,0,0,0,0,0,0,0,0,1,0,0
09-MAY-2026,J504,52019808.25,-625,52019183.25,4334493.5,0,0,0,0,0,0,1,0,0
09-MAY-2026,JH7061,0,0,0,0,0,0,0,0,0,0,1,0,0
09-MAY-2026,JHX1293,0,0,0,0,0,0,0,0,0,0,1,0,0
09-MAY-2026,JHX1543,71622,0,71622,5968.5,0,0,0,0,0,0,1,0,0
09-MAY-2026,JHX1602,0,0,0,0,0,0,0,0,0,0,1,0,0
09-MAY-2026,JHX2780,0,0,0,0,0,0,0,0,0,0,1,0,0
09-MAY-2026,JHX2981,664980,0,664980,55415,0,0,0,0,0,0,1,0,0
09-MAY-2026,JN30045,0,0,0,0,0,0,0,0,0,0,1,0,0
09-MAY-2026,JPN0225,0,0,0,0,0,0,0,0,0,0,1,0,0
09-MAY-2026,JPO0513,0,0,0,0,0,0,0,0,0,0,1,0,0
09-MAY-2026,JPO2070,0,0,0,0,0,0,0,0,0,0,1,0,0
09-MAY-2026,JPO2103,0,0,0,0,0,0,0,0,0,0,1,0,0
09-MAY-2026,JPO2371,0,0,0,0,0,0,0,0,0,0,1,0,0
09-MAY-2026,JPP0017,0,0,0,0,0,0,0,0,0,0,1,0,0
09-MAY-2026,JPP0035,0,0,0,0,0,0,0,0,0,0,1,0,0
09-MAY-2026,JRI0025,42156,0,42156,3513,0,0,0,0,0,0,1,0,0
09-MAY-2026,JU91168,0,0,0,0,0,0,0,0,0,0,1,0,0
09-MAY-2026,JU93154,0,0,0,0,0,0,0,0,0,0,1,0,0
09-MAY-2026,JU93839,72522,0,72522,6043.5,0,0,0,0,0,0,1,0,0
09-MAY-2026,JU94278,0,0,0,0,0,0,0,0,0,0,1,0,0
09-MAY-2026,JY34,3705990,0,3705990,308832.5,0,0,0,0,0,0,1,0,0
09-MAY-2026,JYA0003,0,0,0,0,0,0,0,0,0,0,1,0,0
09-MAY-2026,KAH0988,855312,0,855312,71276,0,0,0,0,0,0,1,0,0
09-MAY-2026,KAH1252,709024,0,709024,58805.5,0,0,0,0,0,0,1,0,0
09-MAY-2026,KAH4147,0,0,0,0,0,0,0,0,0,0,1,0,0
09-MAY-2026,KCA1402,0,0,0,0,0,0,0,0,0,0,1,0,0
09-MAY-2026,KCU0090,0,0,0,0,0,0,0,0,0,0,1,0,0
09-MAY-2026,KCX0141,0,0,0,0,0,0,0,0,0,0,1,0,0
09-MAY-2026,KES0029,0,0,0,0,0,0,0,0,0,0,1,0,0
09-MAY-2026,KFE1323,0,0,0,0,0,0,0,0,0,0,1,0,0
09-MAY-2026,KFE2378,0,0,0,0,0,0,0,0,0,0,1,0,0
09-MAY-2026,KFE2792,0,0,0,0,0,0,0,0,0,0,1,0,0
09-MAY-2026,KPA0986,0,0,0,0,0,0,0,0,0,0,1,0,0
09-MAY-2026,KPA1401,0,0,0,0,0,0,0,0,0,0,1,0,0
09-MAY-2026,KPA1935,0,0,0,0,0,0,0,0,0,0,1,0,0
09-MAY-2026,KPA2448,0,0,0,0,0,0,0,0,0,0,1,0,0
09-MAY-2026,KPA2651,0,0,0,0,0,0,0,0,0,0,1,0,0
09-MAY-2026,KQJ0095,0,0,0,0,0,0,0,0,0,0,1,0,0
09-MAY-2026,KQJ0111,1165528,0,1165528,99318,0,0,0,0,0,0,1,0,0
09-MAY-2026,KQL0401,0,0,0,0,0,0,0,0,0,0,1,0,0
09-MAY-2026,KQN0237,0,0,0,0,0,0,0,0,0,0,1,0,0
09-MAY-2026,KSF0047,0,0,0,0,0,0,0,0,0,0,1,0,0
09-MAY-2026,KVP0070,0,0,0,0,0,0,0,0,0,0,1,0,0
09-MAY-2026,KWG0325,0,0,0,0,0,0,0,0,0,0,1,0,0
09-MAY-2026,KWS0007,0,0,0,0,0,0,0,0,0,0,1,0,0
09-MAY-2026,KZO0018,0,0,0,0,0,0,0,0,0,0,1,0,0
09-MAY-2026,LAW0109,0,0,0,0,0,0,0,0,0,0,1,0,0
09-MAY-2026,LGK0035,0,0,0,0,0,0,0,0,0,0,1,0,0
09-MAY-2026,LGW0009,0,0,0,0,0,0,0,0,0,0,1,0,0
09-MAY-2026,LHH0458,0,0,0,0,0,0,0,0,0,0,1,0,0
09-MAY-2026,LHH1917,138120,0,138120,11510,0,0,0,0,0,0,1,0,0
09-MAY-2026,LHH9830,0,0,0,0,0,0,0,0,0,0,1,0,0
09-MAY-2026,LHH9874,0,0,0,0,0,0,0,0,0,0,1,0,0
09-MAY-2026,LHU0040,0,0,0,0,0,0,0,0,0,0,1,0,0
09-MAY-2026,LHU0050,0,0,0,0,0,0,0,0,0,0,1,0,0
09-MAY-2026,LHU0077,0,0,0,0,0,0,0,0,0,0,1,0,0
09-MAY-2026,LID0525,0,0,0,0,0,0,0,0,0,0,1,0,0
09-MAY-2026,LID0666,49034476.4,0,49034476.4,4036562.5,0,0,554688,0,0,0,1,0,0
09-MAY-2026,LID0710,0,0,0,0,0,0,0,0,0,0,1,0,0
09-MAY-2026,LID0773,0,0,0,0,0,0,0,0,0,0,1,0,0
09-MAY-2026,LID0912,0,0,0,0,0,0,0,0,0,0,1,0,0
09-MAY-2026,LID1481,0,0,0,0,0,0,0,0,0,0,1,0,0
09-MAY-2026,LID1949,0,0,0,0,0,0,0,0,0,0,1,0,0
09-MAY-2026,LID1953,0,0,0,0,0,0,0,0,0,0,1,0,0
09-MAY-2026,LID1968,0,0,0,0,0,0,0,0,0,0,1,0,0
09-MAY-2026,LID2051,0,0,0,0,0,0,0,0,0,0,1,0,0
09-MAY-2026,LJP0002,0,0,0,0,0,0,0,0,0,0,1,0,0
09-MAY-2026,LKA2505,0,0,0,0,0,0,0,0,0,0,1,0,0
09-MAY-2026,LKA6966,0,0,0,0,0,0,0,0,0,0,1,0,0
09-MAY-2026,LKA7028,0,0,0,0,0,0,0,0,0,0,1,0,0
09-MAY-2026,LKA7145,0,0,0,0,0,0,0,0,0,0,1,0,0
09-MAY-2026,LKA7403,0,0,0,0,0,0,0,0,0,0,1,0,0
09-MAY-2026,LKA7640,0,0,0,0,0,0,0,0,0,0,1,0,0
09-MAY-2026,LKO2207,0,0,0,0,0,0,0,0,0,0,1,0,0
09-MAY-2026,LKO2284,0,0,0,0,0,0,0,0,0,0,1,0,0
09-MAY-2026,LKO3561,0,0,0,0,0,0,0,0,0,0,1,0,0
09-MAY-2026,LKO3711,0,0,0,0,0,0,0,0,0,0,1,0,0
09-MAY-2026,LLZ0005,0,0,0,0,0,0,0,0,0,0,1,0,0
09-MAY-2026,LNP0075,0,0,0,0,0,0,0,0,0,0,1,0,0
09-MAY-2026,LTK1823,0,0,0,0,0,0,0,0,0,0,1,0,0
09-MAY-2026,LTP0338,0,0,0,0,0,0,0,0,0,0,1,0,0
09-MAY-2026,LTP0370,0,0,0,0,0,0,0,0,0,0,1,0,0
09-MAY-2026,LTP1622,0,0,0,0,0,0,0,0,0,0,1,0,0
09-MAY-2026,LWE0057,0,0,0,0,0,0,0,0,0,0,1,0,0
09-MAY-2026,LWE0113,0,0,0,0,0,0,0,0,0,0,1,0,0
09-MAY-2026,LWE0122,67176,0,67176,5598,0,0,0,0,0,0,1,0,0
09-MAY-2026,LWE0134,0,0,0,0,0,0,0,0,0,0,1,0,0
09-MAY-2026,MCB0970,0,0,0,0,0,0,0,0,0,0,1,0,0
09-MAY-2026,MHH27,0,0,0,0,0,0,0,0,0,0,1,0,0
09-MAY-2026,MHM0982,0,0,0,0,0,0,0,0,0,0,1,0,0
09-MAY-2026,MHM1582,0,0,0,0,0,0,0,0,0,0,1,0,0
09-MAY-2026,MHV47,134352,0,134352,11196,0,0,0,0,0,0,1,0,0
09-MAY-2026,MPU0072,0,0,0,0,0,0,0,0,0,0,1,0,0
09-MAY-2026,MRR0005,0,0,0,0,0,0,0,0,0,0,1,0,0
09-MAY-2026,MVM0049,0,0,0,0,0,0,0,0,0,0,1,0,0
09-MAY-2026,MXQ0021,0,0,0,0,0,0,0,0,0,0,1,0,0
09-MAY-2026,MYI0003,0,0,0,0,0,0,0,0,0,0,1,0,0
09-MAY-2026,MZD0007,406452,0,406452,44763,0,0,0,0,0,0,1,0,0
09-MAY-2026,MZD0022,0,0,0,0,0,0,0,0,0,0,1,0,0
09-MAY-2026,N006,0,0,0,0,0,0,0,0,0,0,1,0,0
09-MAY-2026,NCN0019,0,0,0,0,0,0,0,0,0,0,1,0,0
09-MAY-2026,NFM1268,0,0,0,0,0,0,0,0,0,0,1,0,0
09-MAY-2026,NFM2059,0,0,0,0,0,0,0,0,0,0,1,0,0
09-MAY-2026,NFM4271,0,0,0,0,0,0,0,0,0,0,1,0,0
09-MAY-2026,NIJ0330,0,0,0,0,0,0,0,0,0,0,1,0,0
09-MAY-2026,NJK0003,0,0,0,0,0,0,0,0,0,0,1,0,0
09-MAY-2026,NMS0533,0,0,0,0,0,0,0,0,0,0,1,0,0
09-MAY-2026,NN1083,0,0,0,0,0,0,0,0,0,0,1,0,0
09-MAY-2026,NN197,0,0,0,0,0,0,0,0,0,0,1,0,0
09-MAY-2026,NNC55,0,0,0,0,0,0,0,0,0,0,1,0,0
09-MAY-2026,NNN3293,0,0,0,0,0,0,0,0,0,0,1,0,0
09-MAY-2026,NNN3511,7958400.55,0,7958400.55,664980,0,0,0,0,0,0,1,0,0
09-MAY-2026,NNN3707,0,0,0,0,0,0,0,0,0,0,1,0,0
09-MAY-2026,NNN3711,8448647.07,0,8448647.07,711975,0,0,0,0,0,0,1,0,0
09-MAY-2026,NNN3855,132996,0,132996,11083,0,0,0,0,0,0,1,0,0
09-MAY-2026,NNN3866,0,0,0,0,0,0,0,0,0,0,1,0,0
09-MAY-2026,NNN4065,0,0,0,0,0,0,0,0,0,0,1,0,0
09-MAY-2026,NNN4286,1144280,0,1144280,143995,0,0,0,0,0,0,1,0,0
09-MAY-2026,NNN4567,0,0,0,0,0,0,0,0,0,0,1,0,0
09-MAY-2026,NNN5161,0,0,0,0,0,0,0,0,0,0,1,0,0
09-MAY-2026,NNO0821,0,0,0,0,0,0,0,0,0,0,1,0,0
09-MAY-2026,NOA2477,0,0,0,0,0,0,0,0,0,0,1,0,0
09-MAY-2026,NPK0183,217566,0,217566,18130.5,0,0,0,0,0,0,1,0,0
09-MAY-2026,NQN2786,0,0,0,0,0,0,0,0,0,0,1,0,0
09-MAY-2026,NTL01,0,0,0,0,0,0,0,0,0,0,1,0,0
09-MAY-2026,NTS01,3582690,0,3582690,306898,0,0,0,0,0,0,1,0,0
09-MAY-2026,NYB0007,0,0,0,0,0,0,0,0,0,0,1,0,0
09-MAY-2026,NYB0108,0,0,0,0,0,0,0,0,0,0,1,0,0
09-MAY-2026,NYH0246,0,0,0,0,0,0,0,0,0,0,1,0,0
09-MAY-2026,NYH0723,0,0,0,0,0,0,0,0,0,0,1,0,0
09-MAY-2026,NYH1470,0,0,0,0,0,0,0,0,0,0,1,0,0
09-MAY-2026,NYH1519,0,0,0,0,0,0,0,0,0,0,1,0,0
09-MAY-2026,NYH1994,0,0,0,0,0,0,0,0,0,0,1,0,0
09-MAY-2026,NYH1996,0,0,0,0,0,0,0,0,0,0,1,0,0
09-MAY-2026,NYH2034,0,0,0,0,0,0,0,0,0,0,1,0,0
09-MAY-2026,NYH2303,0,0,0,0,0,0,0,0,0,0,1,0,0
09-MAY-2026,NYH2307,0,0,0,0,0,0,0,0,0,0,1,0,0
09-MAY-2026,NYH2309,0,0,0,0,0,0,0,0,0,0,1,0,0
09-MAY-2026,OBR0046,0,0,0,0,0,0,0,0,0,0,1,0,0
09-MAY-2026,OFF0688,0,0,0,0,0,0,0,0,0,0,1,0,0
09-MAY-2026,OFG0061,0,0,0,0,0,0,0,0,0,0,1,0,0
09-MAY-2026,OFG3793,0,0,0,0,0,0,0,0,0,0,1,0,0
09-MAY-2026,OFG6271,429732,0,429732,35811,0,0,0,0,0,0,1,0,0
09-MAY-2026,OFG6352,0,0,0,0,0,0,0,0,0,0,1,0,0
09-MAY-2026,OFG6454,0,0,0,0,0,0,0,0,0,0,1,0,0
09-MAY-2026,OFG6831,204618,0,204618,17051.5,0,0,0,0,0,0,1,0,0
09-MAY-2026,OFG6910,0,0,0,0,0,0,0,0,0,0,1,0,0
09-MAY-2026,OFG7314,0,0,0,0,0,0,0,0,0,0,1,0,0
09-MAY-2026,OJN0298,0,0,0,0,0,0,0,0,0,0,1,0,0
09-MAY-2026,OJN0306,0,0,0,0,0,0,0,0,0,0,1,0,0
09-MAY-2026,ONA0059,1790500,0,1790500,128812.5,0,0,0,0,0,0,1,0,0
09-MAY-2026,ONA0080,0,0,0,0,0,0,0,0,0,0,1,0,0
09-MAY-2026,OOH0886,0,0,0,0,0,0,0,0,0,0,1,0,0
09-MAY-2026,OPA0226,0,0,0,0,0,0,0,0,0,0,1,0,0
09-MAY-2026,OPA0245,523471.99,0,523471.99,43063,0,0,0,0,0,0,1,0,0
09-MAY-2026,OPA0266,0,0,0,0,0,0,0,0,0,0,1,0,0
09-MAY-2026,OQE0171,0,0,0,0,0,0,0,0,0,0,1,0,0
09-MAY-2026,OQE0178,0,0,0,0,0,0,0,0,0,0,1,0,0
09-MAY-2026,OQE0245,0,0,0,0,0,0,0,0,0,0,1,0,0
09-MAY-2026,OQE0300,0,0,0,0,0,0,0,0,0,0,1,0,0
09-MAY-2026,OQE0535,0,0,0,0,0,0,0,0,0,0,1,0,0
09-MAY-2026,OQE0547,0,0,0,0,0,0,0,0,0,0,1,0,0
09-MAY-2026,OQE0621,0,0,0,0,0,0,0,0,0,0,1,0,0
09-MAY-2026,OQE0640,0,0,0,0,0,0,0,0,0,0,1,0,0
09-MAY-2026,OQE0685,0,0,0,0,0,0,0,0,0,0,1,0,0
09-MAY-2026,OQE0709,0,0,0,0,0,0,0,0,0,0,1,0,0
09-MAY-2026,OQE0754,0,0,0,0,0,0,0,0,0,0,1,0,0
09-MAY-2026,OQE0802,0,0,0,0,0,0,0,0,0,0,1,0,0
09-MAY-2026,OQE0833,0,0,0,0,0,0,0,0,0,0,1,0,0
09-MAY-2026,OQE0896,0,0,0,0,0,0,0,0,0,0,1,0,0
09-MAY-2026,OQE0918,0,0,0,0,0,0,0,0,0,0,1,0,0
09-MAY-2026,OQE0979,0,0,0,0,0,0,0,0,0,0,1,0,0
09-MAY-2026,OWA0549,0,0,0,0,0,0,0,0,0,0,1,0,0
09-MAY-2026,OWA0636,0,0,0,0,0,0,0,0,0,0,1,0,0
09-MAY-2026,OWA0721,0,0,0,0,0,0,0,0,0,0,1,0,0
09-MAY-2026,OWA0854,0,0,0,0,0,0,0,0,0,0,1,0,0
09-MAY-2026,OWA1082,0,0,0,0,0,0,0,0,0,0,1,0,0
09-MAY-2026,OWA1128,0,0,0,0,0,0,0,0,0,0,1,0,0
09-MAY-2026,OWA1157,0,0,0,0,0,0,0,0,0,0,1,0,0
09-MAY-2026,OWA1222,0,0,0,0,0,0,0,0,0,0,1,0,0
09-MAY-2026,OWA1463,0,0,0,0,0,0,0,0,0,0,1,0,0
09-MAY-2026,OWA1550,0,0,0,0,0,0,0,0,0,0,1,0,0
09-MAY-2026,OWA1721,0,0,0,0,0,0,0,0,0,0,1,0,0
09-MAY-2026,OWA1727,0,0,0,0,0,0,0,0,0,0,1,0,0
09-MAY-2026,OWA1728,0,0,0,0,0,0,0,0,0,0,1,0,0
09-MAY-2026,OWA1759,0,0,0,0,0,0,0,0,0,0,1,0,0
09-MAY-2026,OWF0012,0,0,0,0,0,0,0,0,0,0,1,0,0
09-MAY-2026,OWF0022,0,0,0,0,0,0,0,0,0,0,1,0,0
09-MAY-2026,OWO0013,5677584,0,5677584,473132,0,0,0,0,0,0,1,0,0
09-MAY-2026,P075,6606788,0,6606788,561519,0,0,0,0,0,0,1,0,0
09-MAY-2026,PJ700,0,0,0,0,0,0,0,0,0,0,1,0,0
09-MAY-2026,QBJ0043,0,0,0,0,0,0,0,0,0,0,1,0,0
09-MAY-2026,QDT0092,0,0,0,0,0,0,0,0,0,0,1,0,0
09-MAY-2026,QDT0206,0,0,0,0,0,0,0,0,0,0,1,0,0
09-MAY-2026,QDT0366,0,0,0,0,0,0,0,0,0,0,1,0,0
09-MAY-2026,QDT0470,0,0,0,0,0,0,0,0,0,0,1,0,0
09-MAY-2026,QDT0580,0,0,0,0,0,0,0,0,0,0,1,0,0
09-MAY-2026,QDT0720,0,0,0,0,0,0,0,0,0,0,1,0,0
09-MAY-2026,QGU0395,41544,0,41544,3462,0,0,0,0,0,0,1,0,0
09-MAY-2026,QHV0188,0,0,0,0,0,0,0,0,0,0,1,0,0
09-MAY-2026,QHV2092,0,0,0,0,0,0,0,0,0,0,1,0,0
09-MAY-2026,QHV2526,0,0,0,0,0,0,0,0,0,0,1,0,0
09-MAY-2026,QKY2559,0,0,0,0,0,0,0,0,0,0,1,0,0
09-MAY-2026,QMI0317,0,0,0,0,0,0,0,0,0,0,1,0,0
09-MAY-2026,QMI0445,0,0,0,0,0,0,0,0,0,0,1,0,0
09-MAY-2026,RDF0005,0,0,0,0,0,0,0,0,0,0,1,0,0
09-MAY-2026,REF0208,0,0,0,0,0,0,0,0,0,0,1,0,0
09-MAY-2026,RFD0005,0,0,0,0,0,0,0,0,0,0,1,0,0
09-MAY-2026,RFO0017,0,0,0,0,0,0,0,0,0,0,1,0,0
09-MAY-2026,RKK0002,0,0,0,0,0,0,0,0,0,0,1,0,0
09-MAY-2026,RNN0621,166788,0,166788,13899,0,0,0,0,0,0,1,0,0
09-MAY-2026,RNN0777,0,0,0,0,0,0,0,0,0,0,1,0,0
09-MAY-2026,RNN0914,0,0,0,0,0,0,0,0,0,0,1,0,0
09-MAY-2026,RQQ0083,0,0,0,0,0,0,0,0,0,0,1,0,0
09-MAY-2026,RQQ1044,0,0,0,0,0,0,0,0,0,0,1,0,0
09-MAY-2026,RQQ1050,75120,0,75120,6260,0,0,0,0,0,0,1,0,0
09-MAY-2026,RQQ2101,0,0,0,0,0,0,0,0,0,0,1,0,0
09-MAY-2026,SAT0056,206100,0,206100,17175,0,0,0,0,0,0,1,0,0
09-MAY-2026,SAT0295,100764,0,100764,8397,0,0,0,0,0,0,1,0,0
09-MAY-2026,SAT1052,0,0,0,0,0,0,0,0,0,0,1,0,0
09-MAY-2026,SAT1320,0,0,0,0,0,0,0,0,0,0,1,0,0
09-MAY-2026,SBM0250,0,0,0,0,0,0,0,0,0,0,1,0,0
09-MAY-2026,SBM0272,0,0,0,0,0,0,0,0,0,0,1,0,0
09-MAY-2026,SBM0321,0,0,0,0,0,0,0,0,0,0,1,0,0
09-MAY-2026,SBM0343,150240,0,150240,12520,0,0,0,0,0,0,1,0,0
09-MAY-2026,SFD5017,0,0,0,0,0,0,0,0,0,0,1,0,0
09-MAY-2026,SMP0013,0,0,0,0,0,0,0,0,0,0,1,0,0
09-MAY-2026,SRP0290,0,0,0,0,0,0,0,0,0,0,1,0,0
09-MAY-2026,SRP0305,0,0,0,0,0,0,0,0,0,0,1,0,0
09-MAY-2026,SSB2487,0,0,0,0,0,0,0,0,0,0,1,0,0
09-MAY-2026,SSP0885,0,0,0,0,0,0,0,0,0,0,1,0,0
09-MAY-2026,SUK21,0,0,0,0,0,0,0,0,0,0,1,0,0
09-MAY-2026,SUM0220,0,0,0,0,0,0,0,0,0,0,1,0,0
09-MAY-2026,SUM0567,0,0,0,0,0,0,0,0,0,0,1,0,0
09-MAY-2026,SVS0049,0,0,0,0,0,0,0,0,0,0,1,0,0
09-MAY-2026,SVX0005,0,0,0,0,0,0,0,0,0,0,1,0,0
09-MAY-2026,SXF0009,0,0,0,0,0,0,0,0,0,0,1,0,0
09-MAY-2026,SXF0075,77434,0,77434,6173,0,0,0,0,0,0,1,0,0
09-MAY-2026,SXF0081,145044,0,145044,12087,0,0,0,0,0,0,1,0,0
09-MAY-2026,SXF0099,75120,0,75120,6260,0,0,0,0,0,0,1,0,0
09-MAY-2026,SXF0125,0,0,0,0,0,0,0,0,0,0,1,0,0
09-MAY-2026,SXF0207,0,0,0,0,0,0,0,0,0,0,1,0,0
09-MAY-2026,SXF0513,0,0,0,0,0,0,0,0,0,0,1,0,0
09-MAY-2026,SXF0540,0,0,0,0,0,0,0,0,0,0,1,0,0
09-MAY-2026,SXX0066,235704,0,235704,19642,0,0,0,0,0,0,1,0,0
09-MAY-2026,TBJ2802,0,0,0,0,0,0,0,0,0,0,1,0,0
09-MAY-2026,THA0225,299687.15,0,299687.15,24339,0,0,0,0,0,0,1,0,0
09-MAY-2026,THD0007,132996,0,132996,11083,0,0,0,0,0,0,1,0,0
09-MAY-2026,TIP0060,0,0,0,0,0,0,0,0,0,0,1,0,0
09-MAY-2026,TIP0154,0,0,0,0,0,0,0,0,0,0,1,0,0
09-MAY-2026,TNY0049,0,0,0,0,0,0,0,0,0,0,1,0,0
09-MAY-2026,TY222,0,0,0,0,0,0,0,0,0,0,1,0,0
09-MAY-2026,UIM0488,71622,0,71622,5968.5,0,0,0,0,0,0,1,0,0
09-MAY-2026,UIM5914,0,0,0,0,0,0,0,0,0,0,1,0,0
09-MAY-2026,UKK0022,0,0,0,0,0,0,0,0,0,0,1,0,0
09-MAY-2026,UKK0023,499478.59,0,499478.59,40565,0,0,0,0,0,0,1,0,0
09-MAY-2026,URU0006,0,0,0,0,0,0,0,0,0,0,1,0,0
09-MAY-2026,VBB0033,67470,0,67470,5622.5,0,0,0,0,0,0,1,0,0
09-MAY-2026,VBB0395,0,0,0,0,0,0,0,0,0,0,1,0,0
09-MAY-2026,VBB0498,0,0,0,0,0,0,0,0,0,0,1,0,0
09-MAY-2026,VBB0701,0,0,0,0,0,0,0,0,0,0,1,0,0
09-MAY-2026,VLC0035,4705950,0,4705950,392162.5,0,0,0,0,0,0,1,0,0
09-MAY-2026,VOE0002,0,0,0,0,0,0,0,0,0,0,1,0,0
09-MAY-2026,VOS0324,202410,0,202410,16867.5,0,0,0,0,0,0,1,0,0
09-MAY-2026,VTD0010,0,0,0,0,0,0,0,0,0,0,1,0,0
09-MAY-2026,VWT0108,0,0,0,0,0,0,0,0,0,0,1,0,0
09-MAY-2026,WBQ0059,0,0,0,0,0,0,0,0,0,0,1,0,0
09-MAY-2026,WBQ0098,0,0,0,0,0,0,0,0,0,0,1,0,0
09-MAY-2026,WBQ0127,0,0,0,0,0,0,0,0,0,0,1,0,0
09-MAY-2026,WBQ0140,0,0,0,0,0,0,0,0,0,0,1,0,0
09-MAY-2026,WJK0384,877110,0,877110,73092.5,0,0,0,0,0,0,1,0,0
09-MAY-2026,WMA0015,8844234,0,8844234,737019.5,0,0,0,0,0,0,1,0,0
09-MAY-2026,WNP1110,1547766,0,1547766,128980.5,0,0,0,0,0,0,1,0,0
09-MAY-2026,WNP1146,585942,500,586442,48828.5,0,0,0,0,0,0,1,0,0
09-MAY-2026,WUF0310,0,0,0,0,0,0,0,0,0,0,1,0,0
09-MAY-2026,WUU0001,0,0,0,0,0,0,0,0,0,0,1,0,0
09-MAY-2026,WVD1586,0,0,0,0,0,0,0,0,0,0,1,0,0
09-MAY-2026,XAA0784,0,0,0,0,0,0,0,0,0,0,1,0,0
09-MAY-2026,XAA1130,1122804,0,1122804,93567,0,0,0,0,0,0,1,0,0
09-MAY-2026,XAA2145,0,0,0,0,0,0,0,0,0,0,1,0,0
09-MAY-2026,XAA2194,0,0,0,0,0,0,0,0,0,0,1,0,0
09-MAY-2026,XDV0002,0,0,0,0,0,0,0,0,0,0,1,0,0
09-MAY-2026,XDV0013,0,0,0,0,0,0,0,0,0,0,1,0,0
09-MAY-2026,XIG0403,0,0,0,0,0,0,0,0,0,0,1,0,0
09-MAY-2026,XJS0065,0,0,0,0,0,0,0,0,0,0,1,0,0
09-MAY-2026,XJS0068,0,0,0,0,0,0,0,0,0,0,1,0,0
09-MAY-2026,XJS0100,0,0,0,0,0,0,0,0,0,0,1,0,0
09-MAY-2026,XJS0101,0,0,0,0,0,0,0,0,0,0,1,0,0
09-MAY-2026,XKJ0959,0,0,0,0,0,0,0,0,0,0,1,0,0
09-MAY-2026,XKK1334,0,0,0,0,0,0,0,0,0,0,1,0,0
09-MAY-2026,XNH0002,0,0,0,0,0,0,0,0,0,0,1,0,0
09-MAY-2026,XNH0010,0,0,0,0,0,0,0,0,0,0,1,0,0
09-MAY-2026,XNL0575,0,0,0,0,0,0,0,0,0,0,1,0,0
09-MAY-2026,XNL1013,0,0,0,0,0,0,0,0,0,0,1,0,0
09-MAY-2026,XNQ0004,0,0,0,0,0,0,0,0,0,0,1,0,0
09-MAY-2026,XNT1549,0,0,0,0,0,0,0,0,0,0,1,0,0
09-MAY-2026,XNT1563,0,0,0,0,0,0,0,0,0,0,1,0,0
09-MAY-2026,XNZ0002,0,0,0,0,0,0,0,0,0,0,1,0,0
09-MAY-2026,XRJ0480,0,0,0,0,0,0,0,0,0,0,1,0,0
09-MAY-2026,XRJ0592,0,0,0,0,0,0,0,0,0,0,1,0,0
09-MAY-2026,XUQ0002,0,0,0,0,0,0,0,0,0,0,1,0,0
09-MAY-2026,XWI0007,0,0,0,0,0,0,0,0,0,0,1,0,0
09-MAY-2026,XYG0003,0,0,0,0,0,0,0,0,0,0,1,0,0
09-MAY-2026,YCT0040,0,0,0,0,0,0,0,0,0,0,1,0,0
09-MAY-2026,YCT0074,0,0,0,0,0,0,0,0,0,0,1,0,0
09-MAY-2026,YCT0096,0,0,0,0,0,0,0,0,0,0,1,0,0
09-MAY-2026,YCT0114,0,0,0,0,0,0,0,0,0,0,1,0,0
09-MAY-2026,YEL0007,0,0,0,0,0,0,0,0,0,0,1,0,0
09-MAY-2026,YKZ4416,0,0,0,0,0,0,0,0,0,0,1,0,0
09-MAY-2026,YKZ5553,0,0,0,0,0,0,0,0,0,0,1,0,0
09-MAY-2026,YKZ5558,0,0,0,0,0,0,0,0,0,0,1,0,0
09-MAY-2026,YKZ5571,0,0,0,0,0,0,0,0,0,0,1,0,0
09-MAY-2026,YKZ5786,0,0,0,0,0,0,0,0,0,0,1,0,0
09-MAY-2026,YKZ6366,0,0,0,0,0,0,0,0,0,0,1,0,0
09-MAY-2026,YLQ0419,0,0,0,0,0,0,0,0,0,0,1,0,0
09-MAY-2026,YNR0646,0,0,0,0,0,0,0,0,0,0,1,0,0
09-MAY-2026,YPZ0246,0,0,0,0,0,0,0,0,0,0,1,0,0
09-MAY-2026,YPZ0546,195392.25,0,195392.25,16072,0,0,0,0,0,0,1,0,0
09-MAY-2026,YYK0060,0,0,0,0,0,0,0,0,0,0,1,0,0
09-MAY-2026,YYK0101,0,0,0,0,0,0,0,0,0,0,1,0,0
09-MAY-2026,ZBA0182,0,0,0,0,0,0,0,0,0,0,1,0,0
09-MAY-2026,ZBR0219,0,0,0,0,0,0,0,0,0,0,1,0,0
09-MAY-2026,ZCV0068,295287.97,0,295287.97,24185,0,0,0,0,0,0,1,0,0
09-MAY-2026,ZCV0288,167556,0,167556,13963,0,0,0,0,0,0,1,0,0
09-MAY-2026,ZCV0447,0,0,0,0,0,0,0,0,0,0,1,0,0
09-MAY-2026,ZJB0003,694954.13,0,694954.13,57807.5,0,0,0,0,0,0,1,0,0
09-MAY-2026,ZJB0006,1004736.38,0,1004736.38,83412,0,0,0,0,0,0,1,0,0
09-MAY-2026,ZKB0017,0,0,0,0,0,0,0,0,0,0,1,0,0
09-MAY-2026,ZLE0069,0,0,0,0,0,0,0,0,0,0,1,0,0
09-MAY-2026,ZLE0070,0,0,0,0,0,0,0,0,0,0,1,0,0
09-MAY-2026,ZLE0283,0,0,0,0,0,0,0,0,0,0,1,0,0
09-MAY-2026,ZLE0384,0,0,0,0,0,0,0,0,0,0,1,0,0
09-MAY-2026,ZLF0118,0,0,0,0,0,0,0,0,0,0,1,0,0
09-MAY-2026,ZLF1916,0,0,0,0,0,0,0,0,0,0,1,0,0
09-MAY-2026,ZLK0126,0,0,0,0,0,0,0,0,0,0,1,0,0
09-MAY-2026,ZLK0830,0,0,0,0,0,0,0,0,0,0,1,0,0
09-MAY-2026,ZPJ0001,0,0,0,0,0,0,0,0,0,0,1,0,0
09-MAY-2026,ZPJ0104,0,0,0,0,0,0,0,0,0,0,1,0,0
09-MAY-2026,ZPJ0129,0,0,0,0,0,0,0,0,0,0,1,0,0
09-MAY-2026,ZPJ0237,0,0,0,0,0,0,0,0,0,0,1,0,0
09-MAY-2026,ZPJ0268,0,0,0,0,0,0,0,0,0,0,1,0,0
09-MAY-2026,ZPJ0276,0,0,0,0,0,0,0,0,0,0,1,0,0
09-MAY-2026,ZPJ0297,0,0,0,0,0,0,0,0,0,0,1,0,0
09-MAY-2026,ZPJ0300,0,0,0,0,0,0,0,0,0,0,1,0,0
09-MAY-2026,ZPJ0309,0,0,0,0,0,0,0,0,0,0,1,0,0
09-MAY-2026,ZPJ0334,0,0,0,0,0,0,0,0,0,0,1,0,0
09-MAY-2026,ZVO0049,0,0,0,0,0,0,0,0,0,0,1,0,0
09-MAY-2026,ZWM0065,0,0,0,0,0,0,0,0,0,0,1,0,0
