09-MAY-2026,60G01,1965508.18,0.00,1965508.18,185174.00,C
09-MAY-2026,A32,537816.00,0.00,537816.00,44818.00,C
09-MAY-2026,A43,6095931.45,0.00,6095931.45,539298.00,C
09-MAY-2026,A436,132996.00,0.00,132996.00,11083.00,C
09-MAY-2026,A632,269880.00,0.00,269880.00,22490.00,C
09-MAY-2026,D260,41544.00,0.00,41544.00,3462.00,C
09-MAY-2026,IH159,67176.00,0.00,67176.00,5598.00,C
09-MAY-2026,IH511,682080.00,0.00,682080.00,56840.00,C
09-MAY-2026,J36,994283.99,0.00,994283.99,87203.00,C
09-MAY-2026,K35,661464.00,0.00,661464.00,55122.00,C
09-MAY-2026,M166,949632.00,0.00,949632.00,79136.00,C
09-MAY-2026,M714,1970844.00,0.00,1970844.00,164237.00,C
09-MAY-2026,M91,238626.49,0.00,238626.49,59718.33,C
09-MAY-2026,N103,1667310.00,0.00,1667310.00,138942.50,C
09-MAY-2026,N108,66498.00,0.00,66498.00,5541.50,C
09-MAY-2026,N305,674700.00,0.00,674700.00,56225.00,C
09-MAY-2026,NH112,177329.71,0.00,177329.71,14286.00,C
09-MAY-2026,O49,66498.00,0.00,66498.00,5541.50,C
09-MAY-2026,P10,299687.15,0.00,299687.15,24339.00,C
09-MAY-2026,P102,1238658.22,0.00,1238658.22,103933.50,C
09-MAY-2026,P231,929207.94,0.00,929207.94,74076.00,C
09-MAY-2026,P397,944580.00,0.00,944580.00,78715.00,C
09-MAY-2026,P399,1994940.00,0.00,1994940.00,166245.00,C
09-MAY-2026,P447,664980.00,0.00,664980.00,55415.00,C
09-MAY-2026,P57,83631.00,0.00,83631.00,11139.50,C
09-MAY-2026,R324,0.00,0.00,0.00,2700.00,C
09-MAY-2026,R393,795763.70,0.00,795763.70,65262.50,C
09-MAY-2026,R780,1312530.00,0.00,1312530.00,109377.50,C
09-MAY-2026,S15,5447203.17,0.00,5447203.17,451300.00,C
09-MAY-2026,S1525,4361070.00,0.00,4361070.00,422622.50,C
09-MAY-2026,S1582,3019536.85,0.00,3019536.85,263962.50,C
09-MAY-2026,S378,132996.00,0.00,132996.00,11083.00,C
09-MAY-2026,S423,544812.00,0.00,544812.00,45401.00,C
09-MAY-2026,S425,1089630.00,0.00,1089630.00,90802.50,C
09-MAY-2026,V255,217566.00,0.00,217566.00,18130.50,C
09-MAY-2026,V303,899061.46,0.00,899061.46,73017.00,C
09-MAY-2026,V70,1329960.00,0.00,1329960.00,110830.00,C
09-MAY-2026,WA00239,77434.00,0.00,77434.00,6173.00,C
09-MAY-2026,WA00455,153630.00,0.00,153630.00,12802.50,C
09-MAY-2026,WA1083,67470.00,0.00,67470.00,5622.50,C
09-MAY-2026,WA1239,587772.00,0.00,587772.00,48981.00,C
09-MAY-2026,WA1257,201528.00,0.00,201528.00,16794.00,C
09-MAY-2026,WA1259,269880.00,0.00,269880.00,22490.00,C
09-MAY-2026,WA1269,772524.00,0.00,772524.00,64377.00,C
09-MAY-2026,WA1301,66498.00,0.00,66498.00,5541.50,C
09-MAY-2026,WA1312,66498.00,0.00,66498.00,5541.50,C
09-MAY-2026,Y51,67470.00,0.00,67470.00,5622.50,C
