09-MAY-2026,01292,53460.54,0,53460.54,2862.5,0,0,0,0,0,0,2,0,0
09-MAY-2026,11SN72,458506.13,0,458506.13,38103.5,0,0,0,0,0,0,1,0,0
09-MAY-2026,5305PG01,0,0,0,0,0,0,0,0,0,0,1,0,0
09-MAY-2026,7ACN340,0,0,0,0,0,0,0,0,0,0,1,0,0
09-MAY-2026,7AIG10048,67470,0,67470,5622.5,0,0,0,0,0,0,1,0,0
09-MAY-2026,7AIG32142,72522,0,72522,6043.5,0,0,0,0,0,0,1,0,0
09-MAY-2026,7AIG52048,0,0,0,0,0,0,0,0,0,0,1,0,0
09-MAY-2026,7AIG52909,0,0,0,0,0,0,0,0,0,0,1,0,0
09-MAY-2026,7AIG53397,0,0,0,0,0,0,0,0,0,0,1,0,0
09-MAY-2026,7AIG57233,528179.69,0,528179.69,43381,0,0,0,0,0,0,1,0,0
09-MAY-2026,7AIGMUN,0,0,0,0,0,0,0,0,0,0,1,0,0
09-MAY-2026,7AIGPOJ,0,0,0,0,0,0,0,0,0,0,1,0,0
09-MAY-2026,7AIGUSHA,0,0,0,0,0,0,0,0,0,0,1,0,0
09-MAY-2026,7ARQ2124,34350,0,34350,2862.5,0,0,0,0,0,0,1,0,0
09-MAY-2026,7ARQ43605,0,0,0,0,0,0,0,0,0,0,1,0,0
09-MAY-2026,7ARQ574,0,0,0,0,0,0,0,0,0,0,1,0,0
09-MAY-2026,7ARQ59388,0,0,0,0,0,0,0,0,0,0,1,0,0
09-MAY-2026,7ARQ885,0,0,0,0,0,0,0,0,0,0,1,0,0
09-MAY-2026,7AVD27821,0,0,0,0,0,0,0,0,0,0,1,0,0
09-MAY-2026,7AZU2054,437245.72,0,437245.72,36225.5,0,0,0,0,0,0,1,0,0
09-MAY-2026,7AZU2061,543600,0,543600,45300,0,0,0,0,0,0,1,0,0
09-MAY-2026,7AZU2074,0,0,0,0,0,0,0,0,0,0,1,0,0
09-MAY-2026,7C9E54238,0,0,0,0,0,0,0,0,0,0,1,0,0
09-MAY-2026,7C9E83,0,0,0,0,0,0,0,0,0,0,1,0,0
09-MAY-2026,7GFH2009,0,0,0,0,0,0,0,0,0,0,1,0,0
09-MAY-2026,7MDD01,0,0,0,0,0,0,0,0,0,0,1,0,0
09-MAY-2026,7MPP2040,0,0,0,0,0,0,0,0,0,0,1,0,0
09-MAY-2026,7RA109877,0,0,0,0,0,0,0,0,0,0,1,0,0
09-MAY-2026,7RA110076,0,0,0,0,0,0,0,0,0,0,1,0,0
09-MAY-2026,7RA165020,0,0,0,0,0,0,0,0,0,0,1,0,0
09-MAY-2026,7RA1AH81,0,0,0,0,0,0,0,0,0,0,1,0,0
09-MAY-2026,7RA1VG52,198460.13,0,198460.13,16433,0,0,0,0,0,0,1,0,0
09-MAY-2026,7RACNK01,472290,0,472290,39357.5,0,0,0,0,0,0,1,0,0
09-MAY-2026,7RAP25242,0,0,0,0,0,0,0,0,0,0,1,0,0
09-MAY-2026,7RAP50618,0,0,0,0,0,0,0,0,0,0,1,0,0
09-MAY-2026,7RAP51108,0,0,0,0,0,0,0,0,0,0,1,0,0
09-MAY-2026,7RAP67869,0,0,0,0,0,0,0,0,0,0,1,0,0
09-MAY-2026,7RAPAB02,387169.98,0,387169.98,30865,0,0,0,0,0,0,1,0,0
09-MAY-2026,7RAPAB03,0,0,0,0,0,0,0,0,0,0,1,0,0
09-MAY-2026,7RAPJB01,274911.43,0,274911.43,22486,0,0,0,0,0,0,1,0,0
09-MAY-2026,7RAPMS01,0,0,0,0,0,0,0,0,0,0,1,0,0
09-MAY-2026,7RAPSK02,0,0,0,0,0,0,0,0,0,0,1,0,0
09-MAY-2026,7RBP36088,0,0,0,0,0,0,0,0,0,0,1,0,0
09-MAY-2026,7RECHP01,0,0,0,0,0,0,0,0,0,0,1,0,0
09-MAY-2026,7RKE49691,0,0,0,0,0,0,0,0,0,0,1,0,0
09-MAY-2026,8LBB2071,2193390,0,2193390,188076,0,0,0,0,0,0,1,0,0
09-MAY-2026,GURD2004,0,0,0,0,0,0,0,0,0,0,1,0,0
09-MAY-2026,K60068046,0,0,0,0,0,0,0,0,0,0,1,0,0
09-MAY-2026,K627M3,0,0,0,0,0,0,0,0,0,0,1,0,0
09-MAY-2026,K65701,0,0,0,0,0,0,0,0,0,0,1,0,0
09-MAY-2026,K660ML,0,0,0,0,0,0,0,0,0,0,1,0,0
09-MAY-2026,K6MKJ,167940,0,167940,13995,0,0,0,0,0,0,1,0,0
09-MAY-2026,K6S96,660420,0,660420,55035,0,0,0,0,0,0,1,0,0
09-MAY-2026,K6Y204,34350,0,34350,2862.5,0,0,0,0,0,0,1,0,0
09-MAY-2026,K6Y211,0,0,0,0,0,0,0,0,0,0,1,0,0
09-MAY-2026,K6Y91,100764,0,100764,8397,0,0,0,0,0,0,1,0,0
09-MAY-2026,LDH580,0,0,0,0,0,0,0,0,0,0,1,0,0
09-MAY-2026,MKT059679,195392.25,0,195392.25,16072,0,0,0,0,0,0,1,0,0
09-MAY-2026,MT01775,0,0,0,0,0,0,0,0,0,0,1,0,0
09-MAY-2026,MT02407,0,0,0,0,0,0,0,0,0,0,1,0,0
09-MAY-2026,MT1004462,0,0,0,0,0,0,0,0,0,0,1,0,0
09-MAY-2026,MT113105,0,0,0,0,0,0,0,0,0,0,1,0,0
09-MAY-2026,MT114268,0,0,0,0,0,0,0,0,0,0,1,0,0
09-MAY-2026,MT114392,0,0,0,0,0,0,0,0,0,0,1,0,0
09-MAY-2026,MT14307,0,0,0,0,0,0,0,0,0,0,1,0,0
09-MAY-2026,MT5000271,0,0,0,0,0,0,0,0,0,0,1,0,0
09-MAY-2026,MVT6428,0,0,0,0,0,0,0,0,0,0,1,0,0
09-MAY-2026,TAN062375,0,0,0,0,0,0,0,0,0,0,1,0,0
09-MAY-2026,V40009725,0,0,0,0,0,0,0,0,0,0,1,0,0
09-MAY-2026,V40009811,0,0,0,0,0,0,0,0,0,0,1,0,0
