09-MAY-2026,00376,6720250,0,6720250,816938.5,0,0,0,0,0,0,2,0,0,6720250,816938.5,20260509-0,41385297.91,46385297.91,46385297.91,7537188.5,0,20260509-0
09-MAY-2026,A03606,2566080,0,2566080,213840,0,0,22860,0,0,0,1,0,0,2566080,213840,20260509-0,6309157.29,6309157.29,6309157.29,2779920,0,20260509-0
09-MAY-2026,BUL001,0,0,0,0,0,0,0,0,0,0,1,0,0,0,0,20260509-0,45305,45305,45305,0,0,20260509-0
09-MAY-2026,DFS10816,145044,0,145044,12087,0,0,0,0,0,0,1,0,0,145044,12087,20260509-0,159783,159783,159783,157131,0,20260509-0
09-MAY-2026,E201,5262660,0,5262660,438555,0,0,0,0,0,0,1,0,0,5262660,438555,20260509-0,10286454.48,10286454.48,10286454.48,5701215,0,20260509-0
09-MAY-2026,H1918,4245740.48,0,4245740.48,346713.5,0,0,0,0,0,0,1,0,0,4245740.48,346713.5,20260509-0,5510028.69,5510028.69,5510028.69,4592453.98,0,20260509-0
09-MAY-2026,I170,79867.07,0,79867.07,6173,0,0,0,0,0,0,1,0,0,79867.07,6173,20260509-0,38437.53,38437.53,38437.53,86040.07,47602.54,20260509-0
09-MAY-2026,JPL003,154710,0,154710,12892.5,0,0,0,0,0,0,1,0,0,154710,12892.5,20260509-0,138236.3,138236.3,138236.3,167602.5,29366.2,20260509-0
09-MAY-2026,M1588,6799649.39,0,6799649.39,613228.5,0,0,22860,0,0,0,1,0,0,6799649.39,613228.5,20260509-0,7584864.13,7584864.13,7584864.13,7412877.89,0,20260509-0
09-MAY-2026,N0323,73692,0,73692,6141,0,0,0,0,0,0,1,0,0,73692,6141,20260509-0,93635.96,93635.96,93635.96,79833,0,20260509-0
09-MAY-2026,NK002,1730460,0,1730460,144205,0,0,0,0,0,0,1,0,0,1730460,144205,20260509-0,1914930.5,1914930.5,1914930.5,1874665,0,20260509-0
09-MAY-2026,P344,432594,0,432594,44341.5,0,0,0,0,0,0,1,0,0,432594,44341.5,20260509-0,484131.5,484131.5,484131.5,476935.5,0,20260509-0
09-MAY-2026,PVT001,34350,0,34350,2862.5,0,0,0,0,0,0,1,0,0,34350,2862.5,20260509-0,184050.56,184050.56,184050.56,37212.5,0,20260509-0
09-MAY-2026,R04735,72522,0,72522,6043.5,0,0,0,0,0,0,1,0,0,72522,6043.5,20260509-0,91548.42,91548.42,91548.42,78565.5,0,20260509-0
09-MAY-2026,R09386,625567.48,0,625567.48,48752.5,0,0,0,0,0,0,1,0,0,625567.48,48752.5,20260509-0,2039495.91,2039495.91,2039495.91,674319.98,0,20260509-0
09-MAY-2026,S2200,127814,0,127814,11746.5,0,0,0,0,0,0,1,0,0,127814,11746.5,20260509-0,175982.92,175982.92,175982.92,139560.5,0,20260509-0
09-MAY-2026,S25826,1198006.02,0,1198006.02,92595,0,0,0,0,0,0,1,0,0,1198006.02,92595,20260509-0,1700504.72,1700504.72,1700504.72,1290601.02,0,20260509-0
09-MAY-2026,SWN018,34350,0,34350,2862.5,0,0,0,0,0,0,1,0,0,34350,2862.5,20260509-0,41650.2,41650.2,41650.2,37212.5,0,20260509-0
09-MAY-2026,UNJA080,10161050.15,0,10161050.15,886872.5,0,0,0,0,0,0,1,0,0,10161050.15,886872.5,20260509-0,11313308.83,11313308.83,11313308.83,11047922.65,0,20260509-0
09-MAY-2026,VBG082,0,0,0,0,0,0,0,0,0,0,1,0,0,0,0,20260509-0,503196.15,503196.15,503196.15,0,0,20260509-0
