09-MAY-2026,AJ810,1300711.70,0.00,1300711.70,107341.50,C
09-MAY-2026,AU27,1349400.00,0.00,1349400.00,112450.00,C
09-MAY-2026,B1001,302794.00,0.00,302794.00,69453.00,C
09-MAY-2026,B1408,71622.00,0.00,71622.00,5968.50,C
09-MAY-2026,B1619,72522.00,0.00,72522.00,6043.50,C
09-MAY-2026,B1652,154867.99,0.00,154867.99,12346.00,C
09-MAY-2026,B1786,71622.00,0.00,71622.00,5968.50,C
09-MAY-2026,B1825,154867.99,0.00,154867.99,12346.00,C
09-MAY-2026,B5241,143244.00,0.00,143244.00,11937.00,C
09-MAY-2026,B5258,175015.72,0.00,175015.72,20873.00,C
09-MAY-2026,B7643,347862.00,0.00,347862.00,28988.50,C
09-MAY-2026,BF31,41761.00,4850.00,46611.00,6173.00,C
09-MAY-2026,FPO002,157668.00,0.00,157668.00,13139.00,C
09-MAY-2026,FPO019,60636.22,0.00,60636.22,6148.50,C
09-MAY-2026,FPO052,75120.00,0.00,75120.00,6260.00,C
09-MAY-2026,IND04173,97696.13,0.00,97696.13,8036.00,C
09-MAY-2026,IS0744,2293980.00,0.00,2293980.00,191165.00,C
09-MAY-2026,IS11453,249264.00,0.00,249264.00,32772.00,C
09-MAY-2026,IS18119,272340.00,0.00,272340.00,22695.00,C
09-MAY-2026,IS5050,0.00,0.00,0.00,1650.00,C
09-MAY-2026,IS7334,214212.00,0.00,214212.00,17851.00,C
09-MAY-2026,IS8418,184602.00,0.00,184602.00,15483.50,C
09-MAY-2026,ISP1300,1016970.00,0.00,1016970.00,84747.50,C
09-MAY-2026,ISPL2538,830880.00,0.00,830880.00,69240.00,C
09-MAY-2026,ISPL2587,75120.00,0.00,75120.00,6260.00,C
09-MAY-2026,J99,21696960.00,0.00,21696960.00,3522580.00,C
09-MAY-2026,LY54,1836059.15,0.00,1836059.15,597543.56,C
09-MAY-2026,PA5009,214866.00,0.00,214866.00,17905.50,C
09-MAY-2026,PAS2602,169290.00,0.00,169290.00,14107.50,C
09-MAY-2026,RB13,82008.00,0.00,82008.00,6834.00,C
09-MAY-2026,SS580,411102.00,0.00,411102.00,36418.50,C
09-MAY-2026,SS582,278962.00,0.00,278962.00,22967.00,C
09-MAY-2026,SS614,72522.00,0.00,72522.00,6043.50,C
09-MAY-2026,TF01,1055640.00,0.00,1055640.00,87970.00,C
09-MAY-2026,XA95,75120.00,0.00,75120.00,6260.00,C
09-MAY-2026,XS00707,150240.00,0.00,150240.00,12520.00,C
09-MAY-2026,Y51,934503.43,0.00,934503.43,343964.00,C
