09-MAY-2026,00067,0,0,0,0,0,0,0,0,0,0,2,0,0
09-MAY-2026,0058,0,0,0,0,0,0,0,0,0,0,1,0,0
09-MAY-2026,04960,75120,0,75120,6260,0,0,0,0,0,0,1,0,0
09-MAY-2026,0520,715440,0,715440,77980,0,0,0,0,0,0,1,0,0
09-MAY-2026,1003,0,0,0,0,0,0,0,0,0,0,1,0,0
09-MAY-2026,10407,0,0,0,0,0,0,0,0,0,0,1,0,0
09-MAY-2026,10950,0,0,0,0,0,0,0,0,0,0,1,0,0
09-MAY-2026,11411,0,0,0,0,0,0,0,0,0,0,1,0,0
09-MAY-2026,1150,51840,0,51840,6480,0,0,0,0,0,0,1,0,0
09-MAY-2026,12278,0,0,0,0,0,0,0,0,0,0,1,0,0
09-MAY-2026,13430,0,0,0,0,0,0,0,0,0,0,1,0,0
09-MAY-2026,140013,41004,0,41004,3417,0,0,0,0,0,0,1,0,0
09-MAY-2026,1410010,0,0,0,0,0,0,0,0,0,0,1,0,0
09-MAY-2026,15481,864474,0,864474,72039.5,0,0,0,0,0,0,1,0,0
09-MAY-2026,15952,0,0,0,0,0,0,0,0,0,0,1,0,0
09-MAY-2026,15973,5740398.15,0,5740398.15,473536,0,0,0,0,0,0,1,0,0
09-MAY-2026,15974,205020,0,205020,17085,0,0,0,0,0,0,1,0,0
09-MAY-2026,15982,0,0,0,0,0,0,0,0,0,0,1,0,0
09-MAY-2026,15984,0,0,0,0,0,0,0,0,0,0,1,0,0
09-MAY-2026,21626,1172996,0,1172996,118561,0,0,0,0,0,0,1,0,0
09-MAY-2026,22714,1074330,0,1074330,89527.5,0,0,0,0,0,0,1,0,0
09-MAY-2026,23993,1150493,0,1150493,122778.5,0,0,0,0,0,0,1,0,0
09-MAY-2026,25281,0,0,0,0,0,0,0,0,0,0,1,0,0
09-MAY-2026,25316,0,0,0,0,0,0,0,0,0,0,1,0,0
09-MAY-2026,25459,0,0,0,0,0,0,0,0,0,0,1,0,0
09-MAY-2026,25666,0,0,0,0,0,0,0,0,0,0,1,0,0
09-MAY-2026,27611,0,0,0,0,0,0,0,0,0,0,1,0,0
09-MAY-2026,27881,443496,0,443496,36958,0,0,0,0,0,0,1,0,0
09-MAY-2026,32485,0,0,0,0,0,0,0,0,0,0,1,0,0
09-MAY-2026,32492,0,0,0,0,0,0,0,0,0,0,1,0,0
09-MAY-2026,36414,0,0,0,0,0,0,0,0,0,0,1,0,0
09-MAY-2026,36431,0,0,0,0,0,0,0,0,0,0,1,0,0
09-MAY-2026,36490,0,0,0,0,0,0,0,0,0,0,1,0,0
09-MAY-2026,36614,0,0,0,0,0,0,0,0,0,0,1,0,0
09-MAY-2026,36623,0,0,0,0,0,0,0,0,0,0,1,0,0
09-MAY-2026,37460,0,0,0,0,0,0,0,0,0,0,1,0,0
09-MAY-2026,38214,578336,0,578336,72292,0,0,0,0,0,0,1,0,0
09-MAY-2026,38252,0,0,0,0,0,0,0,0,0,0,1,0,0
09-MAY-2026,38261,0,0,0,0,0,0,0,0,0,0,1,0,0
09-MAY-2026,38268,0,0,0,0,0,0,0,0,0,0,1,0,0
09-MAY-2026,38278,0,0,0,0,0,0,0,0,0,0,1,0,0
09-MAY-2026,38282,358110,0,358110,29842.5,0,0,0,0,0,0,1,0,0
09-MAY-2026,38300,0,0,0,0,0,0,0,0,0,0,1,0,0
09-MAY-2026,38428,0,0,0,0,0,0,0,0,0,0,1,0,0
09-MAY-2026,38435,0,0,0,0,0,0,0,0,0,0,1,0,0
09-MAY-2026,38440,0,0,0,0,0,0,0,0,0,0,1,0,0
09-MAY-2026,38479,0,0,0,0,0,0,0,0,0,0,1,0,0
09-MAY-2026,38736,0,0,0,0,0,0,0,0,0,0,1,0,0
09-MAY-2026,38737,323886,0,323886,39054.5,0,0,0,0,0,0,1,0,0
09-MAY-2026,38742,0,0,0,0,0,0,0,0,0,0,1,0,0
09-MAY-2026,38803,0,0,0,0,0,0,0,0,0,0,1,0,0
09-MAY-2026,39825,0,0,0,0,0,0,0,0,0,0,1,0,0
09-MAY-2026,39834,0,0,0,0,0,0,0,0,0,0,1,0,0
09-MAY-2026,39884,0,0,0,0,0,0,0,0,0,0,1,0,0
09-MAY-2026,39905,2864880,0,2864880,238740,0,0,0,0,0,0,1,0,0
09-MAY-2026,39912,0,0,0,0,0,0,0,0,0,0,1,0,0
09-MAY-2026,40991,0,0,0,0,0,0,0,0,0,0,1,0,0
09-MAY-2026,43700,1084358.99,0,1084358.99,94638,0,0,0,0,0,0,1,0,0
09-MAY-2026,43702,0,0,0,0,0,0,0,0,0,0,1,0,0
09-MAY-2026,44830,3956412,0,3956412,329701,0,0,0,0,0,0,1,0,0
09-MAY-2026,45452,0,0,0,0,0,0,0,0,0,0,1,0,0
09-MAY-2026,51394,0,0,0,0,0,0,0,0,0,0,1,0,0
09-MAY-2026,51418,0,0,0,0,0,0,0,0,0,0,1,0,0
09-MAY-2026,51490,0,0,0,0,0,0,0,0,0,0,1,0,0
09-MAY-2026,54153,0,0,0,0,0,0,0,0,0,0,1,0,0
09-MAY-2026,54156,0,0,0,0,0,0,0,0,0,0,1,0,0
09-MAY-2026,54161,0,0,0,0,0,0,0,0,0,0,1,0,0
09-MAY-2026,54171,0,0,0,0,0,0,0,0,0,0,1,0,0
09-MAY-2026,54429,0,0,0,0,0,0,0,0,0,0,1,0,0
09-MAY-2026,59389,0,0,0,0,0,0,0,0,0,0,1,0,0
09-MAY-2026,60720,0,0,0,0,0,0,0,0,0,0,1,0,0
09-MAY-2026,60735,0,0,0,0,0,0,0,0,0,0,1,0,0
09-MAY-2026,60780,0,0,0,0,0,0,0,0,0,0,1,0,0
09-MAY-2026,60805,0,0,0,0,0,0,0,0,0,0,1,0,0
09-MAY-2026,60809,64324680,0,64324680,6923650,0,0,0,0,0,1248825.6,1,0,0
09-MAY-2026,64584,0,0,0,0,0,0,0,0,0,0,1,0,0
09-MAY-2026,64813,0,0,0,0,0,0,0,0,0,0,1,0,0
09-MAY-2026,65303,203052,0,203052,16921,0,0,0,0,0,0,1,0,0
09-MAY-2026,65306,0,0,0,0,0,0,0,0,0,0,1,0,0
09-MAY-2026,70394,0,0,0,0,0,0,0,0,0,0,1,0,0
09-MAY-2026,70477,0,0,0,0,0,0,0,0,0,0,1,0,0
09-MAY-2026,70478,0,0,0,0,0,0,0,0,0,0,1,0,0
09-MAY-2026,71788,0,0,0,0,0,0,0,0,0,0,1,0,0
09-MAY-2026,73412,0,0,0,0,0,0,0,0,0,0,1,0,0
09-MAY-2026,73563,0,0,0,0,0,0,0,0,0,0,1,0,0
09-MAY-2026,74940,3517060.57,0,3517060.57,289296,0,0,0,0,0,0,1,0,0
09-MAY-2026,74943,830880,0,830880,69240,0,0,0,0,0,0,1,0,0
09-MAY-2026,75555,0,0,0,0,0,0,0,0,0,0,1,0,0
09-MAY-2026,76553,1486647.94,0,1486647.94,131049.5,0,0,0,0,0,0,1,0,0
09-MAY-2026,76557,1104096,0,1104096,138012,0,0,0,0,0,0,1,0,0
09-MAY-2026,76563,0,0,0,0,0,0,0,0,0,0,1,0,0
09-MAY-2026,78854,0,0,0,0,0,0,0,0,0,0,1,0,0
09-MAY-2026,78856,0,0,0,0,0,0,0,0,0,0,1,0,0
09-MAY-2026,78857,0,0,0,0,0,0,0,0,0,0,1,0,0
09-MAY-2026,78859,0,0,0,0,0,0,0,0,0,0,1,0,0
09-MAY-2026,80445,0,0,0,0,0,0,0,0,0,0,1,0,0
09-MAY-2026,83612,0,0,0,0,0,0,0,0,0,0,1,0,0
09-MAY-2026,85326,41544,0,41544,3462,0,0,0,0,0,0,1,0,0
09-MAY-2026,85329,0,0,0,0,0,0,0,0,0,0,1,0,0
09-MAY-2026,90089,0,0,0,0,0,0,0,0,0,0,1,0,0
09-MAY-2026,90425,0,0,0,0,0,0,0,0,0,0,1,0,0
09-MAY-2026,90693,0,0,0,0,0,0,0,0,0,0,1,0,0
09-MAY-2026,90945,0,0,0,0,0,0,0,0,0,0,1,0,0
09-MAY-2026,95128,66498,0,66498,5541.5,0,0,0,0,0,0,1,0,0
09-MAY-2026,98715,1354688,0,1354688,146846,0,0,0,0,0,0,1,0,0
09-MAY-2026,BB00140,0,0,0,0,0,0,0,0,0,0,1,0,0
09-MAY-2026,BB0015,0,0,0,0,0,0,0,0,0,0,1,0,0
09-MAY-2026,BB0034,0,0,0,0,0,0,0,0,0,0,1,0,0
09-MAY-2026,BB0036,0,0,0,0,0,0,0,0,0,0,1,0,0
09-MAY-2026,BB0043,0,0,0,0,0,0,0,0,0,0,1,0,0
09-MAY-2026,BB0046,531720,0,531720,60740,0,0,0,0,0,0,1,0,0
09-MAY-2026,BB0052,0,0,0,0,0,0,0,0,0,0,1,0,0
09-MAY-2026,BB0056,0,0,0,0,0,0,0,0,0,0,1,0,0
09-MAY-2026,BB0062,0,0,0,0,0,0,0,0,0,0,1,0,0
09-MAY-2026,BB0063,0,0,0,0,0,0,0,0,0,0,1,0,0
09-MAY-2026,BB0077,0,0,0,0,0,0,0,0,0,0,1,0,0
09-MAY-2026,BB0079,0,0,0,0,0,0,0,0,0,0,1,0,0
09-MAY-2026,BB0089,0,0,0,0,0,0,0,0,0,0,1,0,0
09-MAY-2026,BB0090,0,0,0,0,0,0,0,0,0,0,1,0,0
09-MAY-2026,BB0091,0,0,0,0,0,0,0,0,0,0,1,0,0
09-MAY-2026,BB0093,0,0,0,0,0,0,0,0,0,0,1,0,0
09-MAY-2026,BB0096,0,0,0,0,0,0,0,0,0,0,1,0,0
09-MAY-2026,BB0099,0,0,0,0,0,0,0,0,0,0,1,0,0
09-MAY-2026,BB0110,0,0,0,0,0,0,0,0,0,0,1,0,0
09-MAY-2026,BB0112,0,0,0,0,0,0,0,0,0,0,1,0,0
09-MAY-2026,BB0116,0,0,0,0,0,0,0,0,0,0,1,0,0
09-MAY-2026,BB0117,0,0,0,0,0,0,0,0,0,0,1,0,0
09-MAY-2026,BB0118,0,0,0,0,0,0,0,0,0,0,1,0,0
09-MAY-2026,BB0120,0,0,0,0,0,0,0,0,0,0,1,0,0
09-MAY-2026,BB0122,0,0,0,0,0,0,0,0,0,0,1,0,0
09-MAY-2026,BB0135,0,0,0,0,0,0,0,0,0,0,1,0,0
09-MAY-2026,BB0159,0,0,0,0,0,0,0,0,0,0,1,0,0
09-MAY-2026,BB0168,0,0,0,0,0,0,0,0,0,0,1,0,0
09-MAY-2026,BB0169,0,0,0,0,0,0,0,0,0,0,1,0,0
09-MAY-2026,BB0188,0,0,0,0,0,0,0,0,0,0,1,0,0
09-MAY-2026,BB10014,0,0,0,0,0,0,0,0,0,0,1,0,0
09-MAY-2026,BB10021,0,0,0,0,0,0,0,0,0,0,1,0,0
09-MAY-2026,BB10023,0,0,0,0,0,0,0,0,0,0,1,0,0
09-MAY-2026,BB10036,0,0,0,0,0,0,0,0,0,0,1,0,0
09-MAY-2026,BB10040,68700,0,68700,5725,0,0,0,0,0,0,1,0,0
09-MAY-2026,BB10077,0,0,0,0,0,0,0,0,0,0,1,0,0
09-MAY-2026,BB10078,0,0,0,0,0,0,0,0,0,0,1,0,0
09-MAY-2026,BB10080,143244,0,143244,11937,0,0,0,0,0,0,1,0,0
09-MAY-2026,BB10084,0,0,0,0,0,0,0,0,0,0,1,0,0
09-MAY-2026,BBE013,0,0,0,0,0,0,0,0,0,0,1,0,0
09-MAY-2026,BBE019,0,0,0,0,0,0,0,0,0,0,1,0,0
09-MAY-2026,BM10002,0,0,0,0,0,0,0,0,0,0,1,0,0
09-MAY-2026,BM10003,0,0,0,0,0,0,0,0,0,0,1,0,0
09-MAY-2026,BP0027,71622,0,71622,5968.5,0,0,0,0,0,0,1,0,0
09-MAY-2026,BPN10002,0,0,0,0,0,0,0,0,0,0,1,0,0
09-MAY-2026,DC10020,0,0,0,0,0,0,0,0,0,0,1,0,0
09-MAY-2026,DC10065,414720,0,414720,34560,0,0,0,0,0,0,1,0,0
09-MAY-2026,DH10008,0,0,0,0,0,0,0,0,0,0,1,0,0
09-MAY-2026,DH10013,1450440,0,1450440,120870,0,0,0,0,0,0,1,0,0
09-MAY-2026,DH10018,0,0,0,0,0,0,0,0,0,0,1,0,0
09-MAY-2026,DHS006,0,0,0,0,0,0,0,0,0,0,1,0,0
09-MAY-2026,DHS007,0,0,0,0,0,0,0,0,0,0,1,0,0
09-MAY-2026,DHS009,358110,0,358110,29842.5,0,0,0,0,0,0,1,0,0
09-MAY-2026,DHS012,0,0,0,0,0,0,0,0,0,0,1,0,0
09-MAY-2026,EK00188,0,0,0,0,0,0,0,0,0,0,1,0,0
09-MAY-2026,EK00638,0,0,0,0,0,0,0,0,0,0,1,0,0
09-MAY-2026,ERR003,0,0,0,0,0,0,0,0,0,0,1,0,0
09-MAY-2026,ESS005,0,0,0,0,0,0,0,0,0,0,1,0,0
09-MAY-2026,EUA001,6336062.38,0,6336062.38,1324575,0,0,0,0,0,0,1,0,0
09-MAY-2026,EUA004,0,0,0,0,0,0,0,0,0,0,1,0,0
09-MAY-2026,HH0008,0,0,0,0,0,0,0,0,0,0,1,0,0
09-MAY-2026,HO100247,0,0,0,0,0,0,0,0,0,0,1,0,0
09-MAY-2026,HO10163,293538.01,0,293538.01,62252,0,0,0,0,0,0,1,0,0
09-MAY-2026,HO10247,0,0,0,0,0,0,0,0,0,0,1,0,0
09-MAY-2026,HO10295,0,0,0,0,0,0,0,0,0,0,1,0,0
09-MAY-2026,HO10404,235772.98,0,235772.98,37212,0,0,0,0,0,0,1,0,0
09-MAY-2026,HO10430,3262427.12,0,3262427.12,756329,0,0,0,0,0,0,1,0,0
09-MAY-2026,HPE070,0,0,0,0,0,0,0,0,0,0,1,0,0
09-MAY-2026,HTS10002,97542,0,97542,9208.5,0,0,0,0,0,0,1,0,0
09-MAY-2026,HTS10006,77434,0,77434,6173,0,0,0,0,0,0,1,0,0
09-MAY-2026,HTS10019,0,0,0,0,0,0,0,0,0,0,1,0,0
09-MAY-2026,HU10029,0,0,0,0,0,0,0,0,0,0,1,0,0
09-MAY-2026,IR10002,0,0,0,0,0,0,0,0,0,0,1,0,0
09-MAY-2026,KD0001,0,0,0,0,0,0,0,0,0,0,1,0,0
09-MAY-2026,MI10013,41004,0,41004,3417,0,0,0,0,0,0,1,0,0
09-MAY-2026,MP10007,572976,0,572976,47748,0,0,0,0,0,0,1,0,0
09-MAY-2026,MP10022,0,0,0,0,0,0,0,0,0,0,1,0,0
09-MAY-2026,MP10026,876899.99,0,876899.99,72235.5,0,0,0,0,0,0,1,0,0
09-MAY-2026,MP10032,143244,0,143244,11937,0,0,0,0,0,0,1,0,0
09-MAY-2026,MP10052,0,0,0,0,0,0,0,0,0,0,1,0,0
09-MAY-2026,MS0007,0,0,0,0,0,0,0,0,0,0,1,0,0
09-MAY-2026,MS0008,0,0,0,0,0,0,0,0,0,0,1,0,0
09-MAY-2026,MU0380,0,0,0,0,0,0,0,0,0,0,1,0,0
09-MAY-2026,MU0387,0,0,0,0,0,0,0,0,0,0,1,0,0
09-MAY-2026,MU0534,0,0,0,0,0,0,0,0,0,0,1,0,0
09-MAY-2026,MU0861,25384426.3,0,25384426.3,2084849,0,0,0,0,0,0,1,0,0
09-MAY-2026,MU0864,0,0,0,0,0,0,0,0,0,0,1,0,0
09-MAY-2026,MU0880,0,0,0,0,0,0,0,0,0,0,1,0,0
09-MAY-2026,NKL10082,466755.43,0,466755.43,38473,0,0,0,0,0,0,1,0,0
09-MAY-2026,NSS10003,0,0,0,0,0,0,0,0,0,0,1,0,0
09-MAY-2026,NSS10006,34350,0,34350,2862.5,0,0,0,0,0,0,1,0,0
09-MAY-2026,NSS10007,0,0,0,0,0,0,0,0,0,0,1,0,0
09-MAY-2026,NSS10011,0,0,0,0,0,0,0,0,0,0,1,0,0
09-MAY-2026,NSS10012,0,0,0,0,0,0,0,0,0,0,1,0,0
09-MAY-2026,NSS10019,0,0,0,0,0,0,0,0,0,0,1,0,0
09-MAY-2026,NSS10027,0,0,0,0,0,0,0,0,0,0,1,0,0
09-MAY-2026,NSS10041,0,0,0,0,0,0,0,0,0,0,1,0,0
09-MAY-2026,NSS10042,0,0,0,0,0,0,0,0,0,0,1,0,0
09-MAY-2026,PD00048,0,0,0,0,0,0,0,0,0,0,1,0,0
09-MAY-2026,PDE040,0,0,0,0,0,0,0,0,0,0,1,0,0
09-MAY-2026,PDE047,0,0,0,0,0,0,0,0,0,0,1,0,0
09-MAY-2026,PDE064,0,0,0,0,0,0,0,0,0,0,1,0,0
09-MAY-2026,PG10004,0,0,0,0,0,0,0,0,0,0,1,0,0
09-MAY-2026,PK0221,0,0,0,0,0,0,0,0,0,0,1,0,0
09-MAY-2026,PM10022,0,0,0,0,0,0,0,0,0,0,1,0,0
09-MAY-2026,PR10091,0,0,0,0,0,0,0,0,0,0,1,0,0
09-MAY-2026,PR10094,210420,0,210420,17535,0,0,0,0,0,0,1,0,0
09-MAY-2026,PVP0001,0,0,0,0,0,0,0,0,0,0,1,0,0
09-MAY-2026,RA0023,438642,0,438642,36553.5,0,0,0,0,0,0,1,0,0
09-MAY-2026,RA0028,1240344,0,1240344,103362,0,0,0,0,0,0,1,0,0
09-MAY-2026,RA0114,0,0,0,0,0,0,0,0,0,0,1,0,0
09-MAY-2026,RA0115,0,0,0,0,0,0,0,0,0,0,1,0,0
09-MAY-2026,RB0010,1889910,0,1889910,220522.5,0,0,0,0,0,0,1,0,0
09-MAY-2026,RB10006,68700,0,68700,5725,0,0,0,0,0,0,1,0,0
09-MAY-2026,RB10033,68700,0,68700,5725,0,0,0,0,0,0,1,0,0
09-MAY-2026,RS0001,0,0,0,0,0,0,0,0,0,0,1,0,0
09-MAY-2026,RS0015,0,0,0,0,0,0,0,0,0,0,1,0,0
09-MAY-2026,RSE081,0,0,0,0,0,0,0,0,0,0,1,0,0
09-MAY-2026,SC10011,0,0,0,0,0,0,0,0,0,0,1,0,0
09-MAY-2026,SC1011,0,0,0,0,0,0,0,0,0,0,1,0,0
09-MAY-2026,SF0003,0,0,0,0,0,0,0,0,0,0,1,0,0
09-MAY-2026,SI0025,0,0,0,0,0,0,0,0,0,0,1,0,0
09-MAY-2026,SI0044,286488,0,286488,23874,0,0,0,0,0,0,1,0,0
09-MAY-2026,SVE015,71622,0,71622,5968.5,0,0,0,0,0,0,1,0,0
09-MAY-2026,TR0593,0,0,0,0,0,0,0,0,0,0,1,0,0
09-MAY-2026,TR1925,0,0,0,0,0,0,0,0,0,0,1,0,0
09-MAY-2026,UA0012,1272084,0,1272084,106007,0,0,0,0,0,0,1,0,0
09-MAY-2026,UA10003,5298077.3,0,5298077.3,1416840,0,0,0,0,0,0,1,0,0
09-MAY-2026,UA10006,0,0,0,0,0,0,0,0,0,0,1,0,0
09-MAY-2026,US10003,269880,0,269880,22490,0,0,0,0,0,0,1,0,0
09-MAY-2026,YT10003,0,0,0,0,0,0,0,0,0,0,1,0,0
09-MAY-2026,YT10007,51840,0,51840,6480,0,0,0,0,0,0,1,0,0
