09-MAY-2026,00051,0,0,0,0,0,0,0,0,0,0,0,0,0,0,20260509-0,1004811.18
09-MAY-2026,00067,147394340,0,147394340,16250905.5,0,0,0,0,0,1248825.6,0,0,147435884,16254367.5,20260509-0,266742481.87
09-MAY-2026,00094,12822022.86,0,12822022.86,1026537.5,0,0,0,0,0,0,0,0,12822022.86,1026537.5,20260509-0,43869537.09
09-MAY-2026,00130,283812,0,283812,23651,0,0,0,0,0,0,0,0,143820,11985,20260509-0,3000592.51
09-MAY-2026,00142,10722211.25,175,10722386.25,888218.5,0,0,0,0,0,0,0,0,10802078.32,894391.5,20260509-0,20995549.78
09-MAY-2026,00171,117174614.41,0,117174614.41,10208510,0,0,0,0,0,4789660.6,0,0,10655270,984098.5,20260509-0,197279517.53
09-MAY-2026,00187,0,0,0,0,0,0,0,0,0,0,0,0,0,0,20260509-0,1011376.97
09-MAY-2026,00331,6957936.92,0,6957936.92,577658,0,0,0,0,0,0,0,0,6957936.92,577658,20260509-0,10264739.95
09-MAY-2026,00335,21784333.95,0,21784333.95,1967522.5,0,0,0,0,0,0,0,0,21784333.95,1967522.5,20260509-0,72635628.48
09-MAY-2026,00357,147744,0,147744,48048,0,0,0,0,0,0,0,0,147744,48048,20260509-0,1000000
09-MAY-2026,00359,0,0,0,0,0,0,0,0,0,0,0,0,0,0,20260509-0,1000000
09-MAY-2026,00481,23402156.94,0,23402156.94,2371754.5,0,0,346680,0,0,0,0,0,23402156.94,2371754.5,20260509-0,39568790
09-MAY-2026,00495,0,0,0,0,0,0,0,0,0,0,0,0,0,0,20260509-0,1013774
09-MAY-2026,00536,64780677.49,0,64780677.49,5401799,0,0,184896,0,0,0,0,0,64780677.49,5401799,20260509-0,98500000
09-MAY-2026,00547,238926,0,238926,19910.5,0,0,0,0,0,0,0,0,238926,19910.5,20260509-0,377753
09-MAY-2026,00622,1744848,0,1744848,145404,0,0,0,0,0,0,0,0,1744848,145404,20260509-0,7675596.76
09-MAY-2026,00732,927311.09,0,927311.09,73017,0,0,0,0,0,0,0,0,927311.09,73017,20260509-0,1357178.1
09-MAY-2026,00890,0,0,0,0,0,0,0,0,0,0,0,0,0,0,20260509-0,996342
09-MAY-2026,00991,0,0,0,0,0,0,0,0,0,0,0,0,0,0,20260509-0,1155660
09-MAY-2026,01007,40320314.62,0,40320314.62,3392121,0,0,86166,0,0,0,0,0,40387784.62,3397743.5,20260509-0,65928011.07
09-MAY-2026,01075,432094.28,0,432094.28,34077.5,0,0,0,0,0,0,0,0,432094.27,34077.5,20260509-0,1346095.12
09-MAY-2026,01236,135719135.81,0,135719135.81,15533777,0,0,179118,0,0,0,0,0,135737039.81,15539318.5,20260509-0,205496392.15
09-MAY-2026,01241,45137227.27,0,45137227.27,3833040,0,0,0,0,0,0,0,0,45210704.13,3845615,20260509-0,89851106.96
09-MAY-2026,01257,52576,0,52576,6572,0,0,0,0,0,0,0,0,52576,6572,20260509-0,1000000
09-MAY-2026,01267,277431366.44,-404450,277026916.44,30870932.5,0,0,57780,0,0,3465140.6,0,0,263843772.9,29914857.5,20260509-0,539997168.67
09-MAY-2026,01271,32451678.61,125,32451803.61,2759689,0,0,0,0,0,0,0,0,32451803.61,2759689,20260509-0,59605726.43
09-MAY-2026,01272,7326876.58,0,7326876.58,597127.5,0,0,0,0,0,0,0,0,7326876.58,597127.5,20260509-0,19025934.92
09-MAY-2026,01283,150636982.91,0,150636982.91,12618118.5,0,0,5778,0,0,0,0,0,150636982.91,12618118.5,20260509-0,258064999.84
09-MAY-2026,01287,82049519.66,0,82049519.66,7524653,0,0,224334,0,0,0,0,0,81358165.16,7444689.5,20260509-0,319241251.73
09-MAY-2026,01304,0,0,0,0,0,0,0,0,0,0,0,0,0,0,20260509-0,1000000
09-MAY-2026,01313,8041734,0,8041734,906736.5,0,0,0,0,0,0,0,0,8041734,906736.5,20260509-0,52324485.16
09-MAY-2026,NCDXTIM01,12548394.44,0,12548394.44,1237740,0,0,0,0,0,0,0,0,119067738.85,10462151.5,20260509-0,20408548.68
