09-MAY-2026,00376,6720250,0,6720250,816938.5,0,0,0,0,0,0,2,0,0
09-MAY-2026,A03606,2566080,0,2566080,213840,0,0,22860,0,0,0,1,0,0
09-MAY-2026,A13243,0,0,0,0,0,0,0,0,0,0,1,0,0
09-MAY-2026,ANJM001,0,0,0,0,0,0,0,0,0,0,1,0,0
09-MAY-2026,ANJM003,0,0,0,0,0,0,0,0,0,0,1,0,0
09-MAY-2026,ANJM009,0,0,0,0,0,0,0,0,0,0,1,0,0
09-MAY-2026,ANJM018,0,0,0,0,0,0,0,0,0,0,1,0,0
09-MAY-2026,ANJM022,0,0,0,0,0,0,0,0,0,0,1,0,0
09-MAY-2026,BUL001,0,0,0,0,0,0,0,0,0,0,1,0,0
09-MAY-2026,D4650,0,0,0,0,0,0,0,0,0,0,1,0,0
09-MAY-2026,D6084,0,0,0,0,0,0,0,0,0,0,1,0,0
09-MAY-2026,DFS10816,145044,0,145044,12087,0,0,0,0,0,0,1,0,0
09-MAY-2026,DFS356,0,0,0,0,0,0,0,0,0,0,1,0,0
09-MAY-2026,DLY001,0,0,0,0,0,0,0,0,0,0,1,0,0
09-MAY-2026,E201,5262660,0,5262660,438555,0,0,0,0,0,0,1,0,0
09-MAY-2026,G0280,0,0,0,0,0,0,0,0,0,0,1,0,0
09-MAY-2026,G2888,0,0,0,0,0,0,0,0,0,0,1,0,0
09-MAY-2026,H0185,0,0,0,0,0,0,0,0,0,0,1,0,0
09-MAY-2026,H1332,0,0,0,0,0,0,0,0,0,0,1,0,0
09-MAY-2026,H1918,4198657.76,0,4198657.76,346713.5,0,0,0,0,0,0,1,0,0
09-MAY-2026,H8723,0,0,0,0,0,0,0,0,0,0,1,0,0
09-MAY-2026,HBP002,0,0,0,0,0,0,0,0,0,0,1,0,0
09-MAY-2026,I170,77434,0,77434,6173,0,0,0,0,0,0,1,0,0
09-MAY-2026,JPL002,0,0,0,0,0,0,0,0,0,0,1,0,0
09-MAY-2026,JPL003,154710,0,154710,12892.5,0,0,0,0,0,0,1,0,0
09-MAY-2026,JPL044,0,0,0,0,0,0,0,0,0,0,1,0,0
09-MAY-2026,JPL195,0,0,0,0,0,0,0,0,0,0,1,0,0
09-MAY-2026,K5418,0,0,0,0,0,0,0,0,0,0,1,0,0
09-MAY-2026,K6172,0,0,0,0,0,0,0,0,0,0,1,0,0
09-MAY-2026,K6323,0,0,0,0,0,0,0,0,0,0,1,0,0
09-MAY-2026,K6326,0,0,0,0,0,0,0,0,0,0,1,0,0
09-MAY-2026,KDG013,0,0,0,0,0,0,0,0,0,0,1,0,0
09-MAY-2026,KTK019,0,0,0,0,0,0,0,0,0,0,1,0,0
09-MAY-2026,KTK027,0,0,0,0,0,0,0,0,0,0,1,0,0
09-MAY-2026,KTK048,0,0,0,0,0,0,0,0,0,0,1,0,0
09-MAY-2026,KTK052,0,0,0,0,0,0,0,0,0,0,1,0,0
09-MAY-2026,KTK053,0,0,0,0,0,0,0,0,0,0,1,0,0
09-MAY-2026,KTK057,0,0,0,0,0,0,0,0,0,0,1,0,0
09-MAY-2026,KTK14,0,0,0,0,0,0,0,0,0,0,1,0,0
09-MAY-2026,M022,0,0,0,0,0,0,0,0,0,0,1,0,0
09-MAY-2026,M1588,6739379.79,0,6739379.79,613228.5,0,0,22860,0,0,0,1,0,0
09-MAY-2026,M379,0,0,0,0,0,0,0,0,0,0,1,0,0
09-MAY-2026,MHM050,0,0,0,0,0,0,0,0,0,0,1,0,0
09-MAY-2026,MHM090,0,0,0,0,0,0,0,0,0,0,1,0,0
09-MAY-2026,MID008,0,0,0,0,0,0,0,0,0,0,1,0,0
09-MAY-2026,N00845,0,0,0,0,0,0,0,0,0,0,1,0,0
09-MAY-2026,N0323,73692,0,73692,6141,0,0,0,0,0,0,1,0,0
09-MAY-2026,N930,0,0,0,0,0,0,0,0,0,0,1,0,0
09-MAY-2026,N9823,0,0,0,0,0,0,0,0,0,0,1,0,0
09-MAY-2026,NJM03,0,0,0,0,0,0,0,0,0,0,1,0,0
09-MAY-2026,NK001,0,0,0,0,0,0,0,0,0,0,1,0,0
09-MAY-2026,NK002,1730460,0,1730460,144205,0,0,0,0,0,0,1,0,0
09-MAY-2026,P07274,0,0,0,0,0,0,0,0,0,0,1,0,0
09-MAY-2026,P1637,0,0,0,0,0,0,0,0,0,0,1,0,0
09-MAY-2026,P1662,0,0,0,0,0,0,0,0,0,0,1,0,0
09-MAY-2026,P22698,0,0,0,0,0,0,0,0,0,0,1,0,0
09-MAY-2026,P344,432594,0,432594,44341.5,0,0,0,0,0,0,1,0,0
09-MAY-2026,P5177,0,0,0,0,0,0,0,0,0,0,1,0,0
09-MAY-2026,P6825,0,0,0,0,0,0,0,0,0,0,1,0,0
09-MAY-2026,P9327,0,0,0,0,0,0,0,0,0,0,1,0,0
09-MAY-2026,PLP2037,0,0,0,0,0,0,0,0,0,0,1,0,0
09-MAY-2026,PVT001,34350,0,34350,2862.5,0,0,0,0,0,0,1,0,0
09-MAY-2026,PVT004,0,0,0,0,0,0,0,0,0,0,1,0,0
09-MAY-2026,PVT008,0,0,0,0,0,0,0,0,0,0,1,0,0
09-MAY-2026,PVT021,0,0,0,0,0,0,0,0,0,0,1,0,0
09-MAY-2026,R04735,72522,0,72522,6043.5,0,0,0,0,0,0,1,0,0
09-MAY-2026,R09272,0,0,0,0,0,0,0,0,0,0,1,0,0
09-MAY-2026,R09386,608535.97,0,608535.97,48752.5,0,0,0,0,0,0,1,0,0
09-MAY-2026,RD9090,0,0,0,0,0,0,0,0,0,0,1,0,0
09-MAY-2026,RIV033,0,0,0,0,0,0,0,0,0,0,1,0,0
09-MAY-2026,RIV055,0,0,0,0,0,0,0,0,0,0,1,0,0
09-MAY-2026,RJG2000,0,0,0,0,0,0,0,0,0,0,1,0,0
09-MAY-2026,RMO006,0,0,0,0,0,0,0,0,0,0,1,0,0
09-MAY-2026,RMO033,0,0,0,0,0,0,0,0,0,0,1,0,0
09-MAY-2026,RTZ004,0,0,0,0,0,0,0,0,0,0,1,0,0
09-MAY-2026,RTZ010,0,0,0,0,0,0,0,0,0,0,1,0,0
09-MAY-2026,RTZ019,0,0,0,0,0,0,0,0,0,0,1,0,0
09-MAY-2026,RTZ030,0,0,0,0,0,0,0,0,0,0,1,0,0
09-MAY-2026,S06559,0,0,0,0,0,0,0,0,0,0,1,0,0
09-MAY-2026,S19653,0,0,0,0,0,0,0,0,0,0,1,0,0
09-MAY-2026,S2200,127814,0,127814,11746.5,0,0,0,0,0,0,1,0,0
09-MAY-2026,S25826,1161509.93,0,1161509.93,92595,0,0,0,0,0,0,1,0,0
09-MAY-2026,S5189,0,0,0,0,0,0,0,0,0,0,1,0,0
09-MAY-2026,SGD641,0,0,0,0,0,0,0,0,0,0,1,0,0
09-MAY-2026,SGD735,0,0,0,0,0,0,0,0,0,0,1,0,0
09-MAY-2026,SWN018,34350,0,34350,2862.5,0,0,0,0,0,0,1,0,0
09-MAY-2026,SWR01,0,0,0,0,0,0,0,0,0,0,1,0,0
09-MAY-2026,SWR04,0,0,0,0,0,0,0,0,0,0,1,0,0
09-MAY-2026,T2718,0,0,0,0,0,0,0,0,0,0,1,0,0
09-MAY-2026,UNJA080,10057468.17,0,10057468.17,886872.5,0,0,0,0,0,0,1,0,0
09-MAY-2026,VBG082,0,0,0,0,0,0,0,0,0,0,1,0,0
09-MAY-2026,VMD016,0,0,0,0,0,0,0,0,0,0,1,0,0
