09-MAY-2026,01293,0,0,0,0,0,0,0,0,0,0,2,0,0
09-MAY-2026,0900129,0,0,0,0,0,0,0,0,0,0,1,0,0
09-MAY-2026,0990015,0,0,0,0,0,0,0,0,0,0,1,0,0
09-MAY-2026,0990038,2712808.13,0,2712808.13,225962,0,0,0,0,0,0,1,0,0
09-MAY-2026,0990110,246024,0,246024,20502,0,0,0,0,0,0,1,0,0
09-MAY-2026,0990212,41004,0,41004,3417,0,0,0,0,0,0,1,0,0
09-MAY-2026,0990229,83088,0,83088,6924,0,0,0,0,0,0,1,0,0
09-MAY-2026,2080863,199791.43,0,199791.43,16226,0,0,0,0,0,0,1,0,0
09-MAY-2026,2081251,0,0,0,0,0,0,0,0,0,0,1,0,0
09-MAY-2026,2312499,0,0,0,0,0,0,0,0,0,0,1,0,0
09-MAY-2026,2360136,0,0,0,0,0,0,0,0,0,0,1,0,0
09-MAY-2026,2401234,0,0,0,0,0,0,0,0,0,0,1,0,0
09-MAY-2026,2500098,0,0,0,0,0,0,0,0,0,0,1,0,0
09-MAY-2026,2500338,0,0,0,0,0,0,0,0,0,0,1,0,0
09-MAY-2026,7790009,0,0,0,0,0,0,0,0,0,0,1,0,0
09-MAY-2026,A1722,99895.72,0,99895.72,8113,0,0,0,0,0,0,1,0,0
09-MAY-2026,B151,41004,0,41004,3417,0,0,0,0,0,0,1,0,0
09-MAY-2026,C198,0,0,0,0,0,0,0,0,0,0,1,0,0
09-MAY-2026,E137,0,0,0,0,0,0,0,0,0,0,1,0,0
09-MAY-2026,EG8083,71622,0,71622,5968.5,0,0,0,0,0,0,1,0,0
09-MAY-2026,EK3990,607836,0,607836,50653,0,0,0,0,0,0,1,0,0
09-MAY-2026,EK7682,0,0,0,0,0,0,0,0,0,0,1,0,0
09-MAY-2026,EY2952,232301.99,0,232301.99,18519,0,0,0,0,0,0,1,0,0
09-MAY-2026,G2322,0,0,0,0,0,0,0,0,0,0,1,0,0
09-MAY-2026,M1943,0,0,0,0,0,0,0,0,0,0,1,0,0
09-MAY-2026,R250,0,0,0,0,0,0,0,0,0,0,1,0,0
