09-MAY-2026,01259,0,0,0,0,0,0,0,0,0,0,2,0,0
09-MAY-2026,C229,0,0,0,0,0,0,0,0,0,0,1,0,0
09-MAY-2026,FA102231,0,0,0,0,0,0,0,0,0,0,1,0,0
09-MAY-2026,FA105175,0,0,0,0,0,0,0,0,0,0,1,0,0
09-MAY-2026,FA105286,0,0,0,0,0,0,0,0,0,0,1,0,0
09-MAY-2026,FA109826,0,0,0,0,0,0,0,0,0,0,1,0,0
09-MAY-2026,FA111149,0,0,0,0,0,0,0,0,0,0,1,0,0
09-MAY-2026,FA113731,0,0,0,0,0,0,0,0,0,0,1,0,0
09-MAY-2026,FA116691,0,0,0,0,0,0,0,0,0,0,1,0,0
09-MAY-2026,FA117697,0,0,0,0,0,0,0,0,0,0,1,0,0
09-MAY-2026,FA121826,0,0,0,0,0,0,0,0,0,0,1,0,0
09-MAY-2026,FA123360,0,0,0,0,0,0,0,0,0,0,1,0,0
09-MAY-2026,FA124831,0,0,0,0,0,0,0,0,0,0,1,0,0
09-MAY-2026,FA127869,0,0,0,0,0,0,0,0,0,0,1,0,0
09-MAY-2026,FA12889,0,0,0,0,0,0,0,0,0,0,1,0,0
09-MAY-2026,FA130581,0,0,0,0,0,0,0,0,0,0,1,0,0
09-MAY-2026,FA136089,0,0,0,0,0,0,0,0,0,0,1,0,0
09-MAY-2026,FA145163,0,0,0,0,0,0,0,0,0,0,1,0,0
09-MAY-2026,FA148267,0,0,0,0,0,0,0,0,0,0,1,0,0
09-MAY-2026,FA148653,0,0,0,0,0,0,0,0,0,0,1,0,0
09-MAY-2026,FA149278,0,0,0,0,0,0,0,0,0,0,1,0,0
09-MAY-2026,FA167954,0,0,0,0,0,0,0,0,0,0,1,0,0
09-MAY-2026,FA181292,0,0,0,0,0,0,0,0,0,0,1,0,0
09-MAY-2026,FA192422,0,0,0,0,0,0,0,0,0,0,1,0,0
09-MAY-2026,FA194050,0,0,0,0,0,0,0,0,0,0,1,0,0
09-MAY-2026,FA198356,0,0,0,0,0,0,0,0,0,0,1,0,0
09-MAY-2026,FA199470,0,0,0,0,0,0,0,0,0,0,1,0,0
09-MAY-2026,FA200187,0,0,0,0,0,0,0,0,0,0,1,0,0
09-MAY-2026,FA203266,0,0,0,0,0,0,0,0,0,0,1,0,0
09-MAY-2026,FA207785,0,0,0,0,0,0,0,0,0,0,1,0,0
09-MAY-2026,FA210483,0,0,0,0,0,0,0,0,0,0,1,0,0
09-MAY-2026,FA231026,0,0,0,0,0,0,0,0,0,0,1,0,0
09-MAY-2026,FA26462,0,0,0,0,0,0,0,0,0,0,1,0,0
09-MAY-2026,FA264652,0,0,0,0,0,0,0,0,0,0,1,0,0
09-MAY-2026,FA264954,0,0,0,0,0,0,0,0,0,0,1,0,0
09-MAY-2026,FA284990,0,0,0,0,0,0,0,0,0,0,1,0,0
09-MAY-2026,FA285277,0,0,0,0,0,0,0,0,0,0,1,0,0
09-MAY-2026,FA288286,0,0,0,0,0,0,0,0,0,0,1,0,0
09-MAY-2026,FA294808,0,0,0,0,0,0,0,0,0,0,1,0,0
09-MAY-2026,FA299281,0,0,0,0,0,0,0,0,0,0,1,0,0
09-MAY-2026,FA30417,0,0,0,0,0,0,0,0,0,0,1,0,0
09-MAY-2026,FA323169,0,0,0,0,0,0,0,0,0,0,1,0,0
09-MAY-2026,FA330150,0,0,0,0,0,0,0,0,0,0,1,0,0
09-MAY-2026,FA330224,0,0,0,0,0,0,0,0,0,0,1,0,0
09-MAY-2026,FA382003,0,0,0,0,0,0,0,0,0,0,1,0,0
09-MAY-2026,FA409439,0,0,0,0,0,0,0,0,0,0,1,0,0
09-MAY-2026,FA411980,0,0,0,0,0,0,0,0,0,0,1,0,0
09-MAY-2026,FA420738,0,0,0,0,0,0,0,0,0,0,1,0,0
09-MAY-2026,FA428944,0,0,0,0,0,0,0,0,0,0,1,0,0
09-MAY-2026,FA61347,0,0,0,0,0,0,0,0,0,0,1,0,0
09-MAY-2026,FA61963,0,0,0,0,0,0,0,0,0,0,1,0,0
09-MAY-2026,FA67624,0,0,0,0,0,0,0,0,0,0,1,0,0
09-MAY-2026,FA80951,0,0,0,0,0,0,0,0,0,0,1,0,0
09-MAY-2026,FA81867,0,0,0,0,0,0,0,0,0,0,1,0,0
09-MAY-2026,FA93212,0,0,0,0,0,0,0,0,0,0,1,0,0
09-MAY-2026,FN138069,0,0,0,0,0,0,0,0,0,0,1,0,0
09-MAY-2026,FN145163,0,0,0,0,0,0,0,0,0,0,1,0,0
09-MAY-2026,FN146414,0,0,0,0,0,0,0,0,0,0,1,0,0
09-MAY-2026,FN153766,0,0,0,0,0,0,0,0,0,0,1,0,0
09-MAY-2026,FN172523,0,0,0,0,0,0,0,0,0,0,1,0,0
