09-MAY-2026,00844,0,0,0,0,0,0,0,0,0,0,2,0,0
09-MAY-2026,18R505,748831.99,0,748831.99,61843,0,0,0,0,0,0,1,0,0
09-MAY-2026,3550,77434,0,77434,6173,0,0,0,0,0,0,1,0,0
09-MAY-2026,43061,13964227.72,0,13964227.72,1161153,0,0,0,0,0,0,1,0,0
09-MAY-2026,43367,300480,0,300480,25040,0,0,0,0,0,0,1,0,0
09-MAY-2026,89RJ2730,0,0,0,0,0,0,0,0,0,0,1,0,0
09-MAY-2026,89RJ2731,0,0,0,0,0,0,0,0,0,0,1,0,0
09-MAY-2026,89RJ2980,0,0,0,0,0,0,0,0,0,0,1,0,0
09-MAY-2026,A6KV0088,0,0,0,0,0,0,0,0,0,0,1,0,0
09-MAY-2026,AKE9348,0,0,0,0,0,0,0,0,0,0,1,0,0
09-MAY-2026,AKS0567,0,0,0,0,0,0,0,0,0,0,1,0,0
09-MAY-2026,AKS1630,0,0,0,0,0,0,0,0,0,0,1,0,0
09-MAY-2026,AKS7615,0,0,0,0,0,0,0,0,0,0,1,0,0
09-MAY-2026,AKS8013,0,0,0,0,0,0,0,0,0,0,1,0,0
09-MAY-2026,AKS8736,0,0,0,0,0,0,0,0,0,0,1,0,0
09-MAY-2026,APGE0642,0,0,0,0,0,0,0,0,0,0,1,0,0
09-MAY-2026,APGE2345,0,0,0,0,0,0,0,0,0,0,1,0,0
09-MAY-2026,APGE6789,0,0,0,0,0,0,0,0,0,0,1,0,0
09-MAY-2026,APRE3568,0,0,0,0,0,0,0,0,0,0,1,0,0
09-MAY-2026,APRS1401,0,0,0,0,0,0,0,0,0,0,1,0,0
09-MAY-2026,APRS6490,0,0,0,0,0,0,0,0,0,0,1,0,0
09-MAY-2026,BKNS6274,901440,0,901440,75120,0,0,0,0,0,0,1,0,0
09-MAY-2026,BKNS6657,0,0,0,0,0,0,0,0,0,0,1,0,0
09-MAY-2026,BKNS7233,0,0,0,0,0,0,0,0,0,0,1,0,0
09-MAY-2026,BKNS8547,472290,0,472290,39357.5,0,0,0,0,0,0,1,0,0
09-MAY-2026,BKNS9298,0,0,0,0,0,0,0,0,0,0,1,0,0
09-MAY-2026,BPAS1052,0,0,0,0,0,0,0,0,0,0,1,0,0
09-MAY-2026,BPLE1530,0,0,0,0,0,0,0,0,0,0,1,0,0
09-MAY-2026,BPLE34813,0,0,0,0,0,0,0,0,0,0,1,0,0
09-MAY-2026,BPLE42823,0,0,0,0,0,0,0,0,0,0,1,0,0
09-MAY-2026,BPLE49660,0,0,0,0,0,0,0,0,0,0,1,0,0
09-MAY-2026,BPLE61546,0,0,0,0,0,0,0,0,0,0,1,0,0
09-MAY-2026,BPLE9589,0,0,0,0,0,0,0,0,0,0,1,0,0
09-MAY-2026,BPM2466,0,0,0,0,0,0,0,0,0,0,1,0,0
09-MAY-2026,BPM2467,0,0,0,0,0,0,0,0,0,0,1,0,0
09-MAY-2026,BPM2480,0,0,0,0,0,0,0,0,0,0,1,0,0
09-MAY-2026,BPM2484,0,0,0,0,0,0,0,0,0,0,1,0,0
09-MAY-2026,BPM2485S,0,0,0,0,0,0,0,0,0,0,1,0,0
09-MAY-2026,BPM2486,0,0,0,0,0,0,0,0,0,0,1,0,0
09-MAY-2026,BPM2487,0,0,0,0,0,0,0,0,0,0,1,0,0
09-MAY-2026,BTD112,0,0,0,0,0,0,0,0,0,0,1,0,0
09-MAY-2026,BTD514,0,0,0,0,0,0,0,0,0,0,1,0,0
09-MAY-2026,BTDE3745,0,0,0,0,0,0,0,0,0,0,1,0,0
09-MAY-2026,BTDE5514,0,0,0,0,0,0,0,0,0,0,1,0,0
09-MAY-2026,BTDE6049,1010688,0,1010688,84224,0,0,0,0,0,0,1,0,0
09-MAY-2026,BTDE6768,0,0,0,0,0,0,0,0,0,0,1,0,0
09-MAY-2026,BTDE8439,33588,0,33588,2799,0,0,0,0,0,0,1,0,0
09-MAY-2026,BTDE9831,880722,0,880722,78687,0,0,0,0,0,0,1,0,0
09-MAY-2026,BTDE9895,873288,0,873288,72774,0,0,0,0,0,0,1,0,0
09-MAY-2026,BW1917,0,0,0,0,0,0,0,0,0,0,1,0,0
09-MAY-2026,BW2232,0,0,0,0,0,0,0,0,0,0,1,0,0
09-MAY-2026,BWE6949,0,0,0,0,0,0,0,0,0,0,1,0,0
09-MAY-2026,BWS9382,72522,0,72522,6043.5,0,0,0,0,0,0,1,0,0
09-MAY-2026,DLP112,0,0,0,0,0,0,0,0,0,0,1,0,0
09-MAY-2026,DPKE1447,0,0,0,0,0,0,0,0,0,0,1,0,0
09-MAY-2026,DPKE2024,0,0,0,0,0,0,0,0,0,0,1,0,0
09-MAY-2026,DT31178,0,0,0,0,0,0,0,0,0,0,1,0,0
09-MAY-2026,DT9025,0,0,0,0,0,0,0,0,0,0,1,0,0
09-MAY-2026,DTAA4658,0,0,0,0,0,0,0,0,0,0,1,0,0
09-MAY-2026,DTAA7902,0,0,0,0,0,0,0,0,0,0,1,0,0
09-MAY-2026,DTE047402,0,0,0,0,0,0,0,0,0,0,1,0,0
09-MAY-2026,DTGY2440,0,0,0,0,0,0,0,0,0,0,1,0,0
09-MAY-2026,DTGY7220,0,0,0,0,0,0,0,0,0,0,1,0,0
09-MAY-2026,DTGY8115,0,0,0,0,0,0,0,0,0,0,1,0,0
09-MAY-2026,DTGY9461,0,0,0,0,0,0,0,0,0,0,1,0,0
09-MAY-2026,DTHS14959,0,0,0,0,0,0,0,0,0,0,1,0,0
09-MAY-2026,DTHS20464,1006641.94,0,1006641.94,80249,0,0,0,0,0,0,1,0,0
09-MAY-2026,DTHS51359,415440,0,415440,34620,0,0,0,0,0,0,1,0,0
09-MAY-2026,DTHS54798,0,0,0,0,0,0,0,0,0,0,1,0,0
09-MAY-2026,DTHS7283,0,0,0,0,0,0,0,0,0,0,1,0,0
09-MAY-2026,DTHS8652,0,0,0,0,0,0,0,0,0,0,1,0,0
09-MAY-2026,DTJN0216,0,0,0,0,0,0,0,0,0,0,1,0,0
09-MAY-2026,DTJN27635,0,0,0,0,0,0,0,0,0,0,1,0,0
09-MAY-2026,DTJN78391,0,0,0,0,0,0,0,0,0,0,1,0,0
09-MAY-2026,DTKK7911,0,0,0,0,0,0,0,0,0,0,1,0,0
09-MAY-2026,DTMM8926,0,0,0,0,0,0,0,0,0,0,1,0,0
09-MAY-2026,DTNI1578,0,0,0,0,0,0,0,0,0,0,1,0,0
09-MAY-2026,DTNI28543,0,0,0,0,0,0,0,0,0,0,1,0,0
09-MAY-2026,DTNI4927,34350,0,34350,2862.5,0,0,0,0,0,0,1,0,0
09-MAY-2026,DTNI52843,1126800,0,1126800,93900,0,0,0,0,0,0,1,0,0
09-MAY-2026,DTNI94550,830880,0,830880,69240,0,0,0,0,0,0,1,0,0
09-MAY-2026,DTS09797,335880,0,335880,27990,0,0,0,0,0,0,1,0,0
09-MAY-2026,DTS17980,0,0,0,0,0,0,0,0,0,0,1,0,0
09-MAY-2026,DTS27243,0,0,0,0,0,0,0,0,0,0,1,0,0
09-MAY-2026,DTS33802,0,0,0,0,0,0,0,0,0,0,1,0,0
09-MAY-2026,DTS36268,0,0,0,0,0,0,0,0,0,0,1,0,0
09-MAY-2026,DTS38395,0,0,0,0,0,0,0,0,0,0,1,0,0
09-MAY-2026,DTS79717,0,0,0,0,0,0,0,0,0,0,1,0,0
09-MAY-2026,DTS82846,0,0,0,0,0,0,0,0,0,0,1,0,0
09-MAY-2026,DTSM02990,26288,0,26288,3286,0,0,0,0,0,0,1,0,0
09-MAY-2026,DTVW51902,0,0,0,0,0,0,0,0,0,0,1,0,0
09-MAY-2026,DTVW64318,0,0,0,0,0,0,0,0,0,0,1,0,0
09-MAY-2026,GA9601,0,0,0,0,0,0,0,0,0,0,1,0,0
09-MAY-2026,GAM002,0,0,0,0,0,0,0,0,0,0,1,0,0
09-MAY-2026,GAM056,274800,0,274800,22900,0,0,0,0,0,0,1,0,0
09-MAY-2026,GAM099,535914,0,535914,51139.5,0,0,46224,0,0,0,1,0,0
09-MAY-2026,GAPE4928,269880,0,269880,22490,0,0,0,0,0,0,1,0,0
09-MAY-2026,GB1849,0,0,0,0,0,0,0,0,0,0,1,0,0
09-MAY-2026,GBE0732,0,0,0,0,0,0,0,0,0,0,1,0,0
09-MAY-2026,GBE1292,0,0,0,0,0,0,0,0,0,0,1,0,0
09-MAY-2026,GBE6481,0,0,0,0,0,0,0,0,0,0,1,0,0
09-MAY-2026,GBS0473,0,0,0,0,0,0,0,0,0,0,1,0,0
09-MAY-2026,GBS0644,0,0,0,0,0,0,0,0,0,0,1,0,0
09-MAY-2026,GBS1940,0,0,0,0,0,0,0,0,0,0,1,0,0
09-MAY-2026,GBS2391,394320,0,394320,49290,0,0,0,0,0,0,1,0,0
09-MAY-2026,GBS3501,0,0,0,0,0,0,0,0,0,0,1,0,0
09-MAY-2026,GBS5225,0,0,0,0,0,0,0,0,0,0,1,0,0
09-MAY-2026,GBS5669,0,0,0,0,0,0,0,0,0,0,1,0,0
09-MAY-2026,GBS7196,0,0,0,0,0,0,0,0,0,0,1,0,0
09-MAY-2026,GBS7860,0,0,0,0,0,0,0,0,0,0,1,0,0
09-MAY-2026,GBS8556,0,0,0,0,0,0,0,0,0,0,1,0,0
09-MAY-2026,GBS9092,0,0,0,0,0,0,0,0,0,0,1,0,0
09-MAY-2026,GBS9559,0,0,0,0,0,0,0,0,0,0,1,0,0
09-MAY-2026,GBS9987,0,0,0,0,0,0,0,0,0,0,1,0,0
09-MAY-2026,GC109,0,0,0,0,0,0,0,0,0,0,1,0,0
09-MAY-2026,GO25491,0,0,0,0,0,0,0,0,0,0,1,0,0
09-MAY-2026,GO27861,82008,0,82008,6834,0,0,0,0,0,0,1,0,0
09-MAY-2026,GO34274,0,0,0,0,0,0,0,0,0,0,1,0,0
09-MAY-2026,GO52716,929207.94,0,929207.94,74076,0,0,0,0,0,0,1,0,0
09-MAY-2026,GO750620,0,0,0,0,0,0,0,0,0,0,1,0,0
09-MAY-2026,GO76346,0,0,0,0,0,0,0,0,0,0,1,0,0
09-MAY-2026,GO90802,0,0,0,0,0,0,0,0,0,0,1,0,0
09-MAY-2026,GO94290,0,0,0,0,0,0,0,0,0,0,1,0,0
09-MAY-2026,GO96213,0,0,0,0,0,0,0,0,0,0,1,0,0
09-MAY-2026,GO96644,0,0,0,0,0,0,0,0,0,0,1,0,0
09-MAY-2026,GO98320,0,0,0,0,0,0,0,0,0,0,1,0,0
09-MAY-2026,GP1037,0,0,0,0,0,0,0,0,0,0,1,0,0
09-MAY-2026,GP1262,0,0,0,0,0,0,0,0,0,0,1,0,0
09-MAY-2026,GP1298,0,0,0,0,0,0,0,0,0,0,1,0,0
09-MAY-2026,GRJ3555,0,0,0,0,0,0,0,0,0,0,1,0,0
09-MAY-2026,GRJ3733,0,0,0,0,0,0,0,0,0,0,1,0,0
09-MAY-2026,GRJ541,0,0,0,0,0,0,0,0,0,0,1,0,0
09-MAY-2026,GRJ5471,602455.72,0,602455.72,52153,0,0,0,0,0,0,1,0,0
09-MAY-2026,GSBE1126,0,0,0,0,0,0,0,0,0,0,1,0,0
09-MAY-2026,GW5318,33588,0,33588,2799,0,0,0,0,0,0,1,0,0
09-MAY-2026,HOE33001,175130.12,0,175130.12,14209,0,0,0,0,0,0,1,0,0
09-MAY-2026,HOE39198,0,0,0,0,0,0,0,0,0,0,1,0,0
09-MAY-2026,HOE65962,0,0,0,0,0,0,0,0,0,0,1,0,0
09-MAY-2026,HOE76648,0,0,0,0,0,0,0,0,0,0,1,0,0
09-MAY-2026,HOS1650,1352160,0,1352160,112680,0,0,0,0,0,0,1,0,0
09-MAY-2026,HOS5572,0,0,0,0,0,0,0,0,0,0,1,0,0
09-MAY-2026,HOS8657,0,0,0,0,0,0,0,0,0,0,1,0,0
09-MAY-2026,HSRE5339,299687.15,0,299687.15,24339,0,0,0,0,0,0,1,0,0
09-MAY-2026,HSRS0719,0,0,0,0,0,0,0,0,0,0,1,0,0
09-MAY-2026,HSRS6549,0,0,0,0,0,0,0,0,0,0,1,0,0
09-MAY-2026,HSRS7055,0,0,0,0,0,0,0,0,0,0,1,0,0
09-MAY-2026,HYD397,0,0,0,0,0,0,0,0,0,0,1,0,0
09-MAY-2026,HYD408,0,0,0,0,0,0,0,0,0,0,1,0,0
09-MAY-2026,HYD422,0,0,0,0,0,0,0,0,0,0,1,0,0
09-MAY-2026,HYD424,0,0,0,0,0,0,0,0,0,0,1,0,0
09-MAY-2026,HYD425,0,0,0,0,0,0,0,0,0,0,1,0,0
09-MAY-2026,HYD428,0,0,0,0,0,0,0,0,0,0,1,0,0
09-MAY-2026,HYDE2747,0,0,0,0,0,0,0,0,0,0,1,0,0
09-MAY-2026,HYDE6973,0,0,0,0,0,0,0,0,0,0,1,0,0
09-MAY-2026,IA7063,0,0,0,0,0,0,0,0,0,0,1,0,0
09-MAY-2026,IAVS1858,0,0,0,0,0,0,0,0,0,0,1,0,0
09-MAY-2026,IAVS2754,0,0,0,0,0,0,0,0,0,0,1,0,0
09-MAY-2026,IAVS9619,0,0,0,0,0,0,0,0,0,0,1,0,0
09-MAY-2026,IN01000,0,0,0,0,0,0,0,0,0,0,1,0,0
09-MAY-2026,IN7902,0,0,0,0,0,0,0,0,0,0,1,0,0
09-MAY-2026,IN7950,0,0,0,0,0,0,0,0,0,0,1,0,0
09-MAY-2026,INGU029,0,0,0,0,0,0,0,0,0,0,1,0,0
09-MAY-2026,INHDP340,0,0,0,0,0,0,0,0,0,0,1,0,0
09-MAY-2026,INHDP628,100086,0,100086,8340.5,0,0,0,0,0,0,1,0,0
09-MAY-2026,INHDP725,0,0,0,0,0,0,0,0,0,0,1,0,0
09-MAY-2026,INPV008,0,0,0,0,0,0,0,0,0,0,1,0,0
09-MAY-2026,INSR1832,0,0,0,0,0,0,0,0,0,0,1,0,0
09-MAY-2026,INY668,0,0,0,0,0,0,0,0,0,0,1,0,0
09-MAY-2026,JA0999,0,0,0,0,0,0,0,0,0,0,1,0,0
09-MAY-2026,JD1127,67470,0,67470,5622.5,0,0,0,0,0,0,1,0,0
09-MAY-2026,JD1555,0,0,0,0,0,0,0,0,0,0,1,0,0
09-MAY-2026,JD2111,0,0,0,0,0,0,0,0,0,0,1,0,0
09-MAY-2026,JD2145,0,0,0,0,0,0,0,0,0,0,1,0,0
09-MAY-2026,JDP234,0,0,0,0,0,0,0,0,0,0,1,0,0
09-MAY-2026,JDQ029,367434,0,367434,30619.5,0,0,0,0,0,0,1,0,0
09-MAY-2026,JDQ030,1416870,0,1416870,118072.5,0,0,0,0,0,0,1,0,0
09-MAY-2026,JDQ896,0,0,0,0,0,0,0,0,0,0,1,0,0
09-MAY-2026,JJ503,0,0,0,0,0,0,0,0,0,0,1,0,0
09-MAY-2026,JLD2100,0,0,0,0,0,0,0,0,0,0,1,0,0
09-MAY-2026,JLD2108,0,0,0,0,0,0,0,0,0,0,1,0,0
09-MAY-2026,JLD2126,0,0,0,0,0,0,0,0,0,0,1,0,0
09-MAY-2026,JLDE6449,0,0,0,0,0,0,0,0,0,0,1,0,0
09-MAY-2026,JLDS0792,0,0,0,0,0,0,0,0,0,0,1,0,0
09-MAY-2026,JLDS1833,0,0,0,0,0,0,0,0,0,0,1,0,0
09-MAY-2026,JLDS2757,0,0,0,0,0,0,0,0,0,0,1,0,0
09-MAY-2026,JLDS5898,0,0,0,0,0,0,0,0,0,0,1,0,0
09-MAY-2026,JLDS6873,0,0,0,0,0,0,0,0,0,0,1,0,0
09-MAY-2026,JLDS7525,0,0,0,0,0,0,0,0,0,0,1,0,0
09-MAY-2026,JLDS7754,0,0,0,0,0,0,0,0,0,0,1,0,0
09-MAY-2026,JLDS7889,0,0,0,0,0,0,0,0,0,0,1,0,0
09-MAY-2026,JPRS2800,0,0,0,0,0,0,0,0,0,0,1,0,0
09-MAY-2026,JPRS3854,0,0,0,0,0,0,0,0,0,0,1,0,0
09-MAY-2026,K1819,232301.99,0,232301.99,18519,0,0,0,0,0,0,1,0,0
09-MAY-2026,K2440,301020,0,301020,25085,0,0,0,0,0,0,1,0,0
09-MAY-2026,K2529,0,0,0,0,0,0,0,0,0,0,1,0,0
09-MAY-2026,K2710,0,0,0,0,0,0,0,0,0,0,1,0,0
09-MAY-2026,K2721,913968,0,913968,76164,0,0,0,0,0,0,1,0,0
09-MAY-2026,K2753,1003494,0,1003494,83624.5,0,0,0,0,0,0,1,0,0
09-MAY-2026,K2754,0,0,0,0,0,0,0,0,0,0,1,0,0
09-MAY-2026,K2887,0,0,0,0,0,0,0,0,0,0,1,0,0
09-MAY-2026,K5124,0,0,0,0,0,0,0,0,0,0,1,0,0
09-MAY-2026,K5203,1980436.13,0,1980436.13,164931,0,0,0,0,0,0,1,0,0
09-MAY-2026,K5300,0,0,0,0,0,0,0,0,0,0,1,0,0
09-MAY-2026,K5393,0,0,0,0,0,0,0,0,0,0,1,0,0
09-MAY-2026,K5552,0,0,0,0,0,0,0,0,0,0,1,0,0
09-MAY-2026,K6079,0,0,0,0,0,0,0,0,0,0,1,0,0
09-MAY-2026,K7910,0,0,0,0,0,0,0,0,0,0,1,0,0
09-MAY-2026,K8111,0,0,0,0,0,0,0,0,0,0,1,0,0
09-MAY-2026,KBS09,0,0,0,0,0,0,0,0,0,0,1,0,0
09-MAY-2026,KBS287,33588,0,33588,2799,0,0,0,0,0,0,1,0,0
09-MAY-2026,KBS343,0,0,0,0,0,0,0,0,0,0,1,0,0
09-MAY-2026,KGM139,0,0,0,0,0,0,0,0,0,0,1,0,0
09-MAY-2026,KHK596,152026,0,152026,12389,0,0,0,0,0,0,1,0,0
09-MAY-2026,KJP03,663240,0,663240,55270,0,0,0,0,0,0,1,0,0
09-MAY-2026,KJP04,0,0,0,0,0,0,0,0,0,0,1,0,0
09-MAY-2026,KK298,302292,0,302292,25191,0,0,0,0,0,0,1,0,0
09-MAY-2026,KLP45,0,0,0,0,0,0,0,0,0,0,1,0,0
09-MAY-2026,KMJ29,232301.99,0,232301.99,18519,0,0,0,0,0,0,1,0,0
09-MAY-2026,KMJ384,0,0,0,0,0,0,0,0,0,0,1,0,0
09-MAY-2026,KMJ396,77434,0,77434,6173,0,0,0,0,0,0,1,0,0
09-MAY-2026,KMJ55,0,0,0,0,0,0,0,0,0,0,1,0,0
09-MAY-2026,KMJ57,0,0,0,0,0,0,0,0,0,0,1,0,0
09-MAY-2026,KMJ647,0,0,0,0,0,0,0,0,0,0,1,0,0
09-MAY-2026,KMJ756,134940,0,134940,11245,0,0,0,0,0,0,1,0,0
09-MAY-2026,KMJ757,687649.98,0,687649.98,55905,0,0,0,0,0,0,1,0,0
09-MAY-2026,KN646,72522,0,72522,6043.5,0,0,0,0,0,0,1,0,0
09-MAY-2026,KRH466,77434,0,77434,6173,0,0,0,0,0,0,1,0,0
09-MAY-2026,KSB3019,150240,0,150240,12520,0,0,0,0,0,0,1,0,0
09-MAY-2026,KSB3162,0,0,0,0,0,0,0,0,0,0,1,0,0
09-MAY-2026,KSB5605,0,0,0,0,0,0,0,0,0,0,1,0,0
09-MAY-2026,KSB6031,1352160,0,1352160,112680,0,0,0,0,0,0,1,0,0
09-MAY-2026,KSB9705,976560,0,976560,81380,0,0,0,0,0,0,1,0,0
09-MAY-2026,KSK01,0,0,0,0,0,0,0,0,0,0,1,0,0
09-MAY-2026,KTE0097,0,0,0,0,0,0,0,0,0,0,1,0,0
09-MAY-2026,KTE0235,1568409.54,0,1568409.54,128773,0,0,0,0,0,0,1,0,0
09-MAY-2026,KTE0598,172704,0,172704,14392,0,0,17334,0,0,0,1,0,0
09-MAY-2026,KTE0802,981187.99,0,981187.99,81206,0,0,0,0,0,0,1,0,0
09-MAY-2026,KTE1128,0,0,0,0,0,0,0,0,0,0,1,0,0
09-MAY-2026,KTE1422,0,0,0,0,0,0,0,0,0,0,1,0,0
09-MAY-2026,KTE1959,0,0,0,0,0,0,0,0,0,0,1,0,0
09-MAY-2026,KTE2146,0,0,0,0,0,0,0,0,0,0,1,0,0
09-MAY-2026,KTE2285,232301.99,0,232301.99,18519,0,0,0,0,0,0,1,0,0
09-MAY-2026,KTE2290,290808,0,290808,24234,0,0,0,0,0,0,1,0,0
09-MAY-2026,KTE2375,0,0,0,0,0,0,0,0,0,0,1,0,0
09-MAY-2026,KTE2611,227674,0,227674,18693,0,0,0,0,0,0,1,0,0
09-MAY-2026,KTE2740,0,0,0,0,0,0,0,0,0,0,1,0,0
09-MAY-2026,KTE3433,77434,0,77434,6173,0,0,0,0,0,0,1,0,0
09-MAY-2026,KTE4237,0,0,0,0,0,0,0,0,0,0,1,0,0
09-MAY-2026,KTE4939,0,0,0,0,0,0,0,0,0,0,1,0,0
09-MAY-2026,KTE5390,762769.98,0,762769.98,62165,0,0,0,0,0,0,1,0,0
09-MAY-2026,KTE5485,0,0,0,0,0,0,0,0,0,0,1,0,0
09-MAY-2026,KTE5564,0,0,0,0,0,0,0,0,0,0,1,0,0
09-MAY-2026,KTE6612,0,0,0,0,0,0,0,0,0,0,1,0,0
09-MAY-2026,KTE7280,0,0,0,0,0,0,0,0,0,0,1,0,0
09-MAY-2026,KTE7607,0,0,0,0,0,0,0,0,0,0,1,0,0
09-MAY-2026,KTE8698,227674,0,227674,18693,0,0,0,0,0,0,1,0,0
09-MAY-2026,KTE8859,0,0,0,0,0,0,0,0,0,0,1,0,0
09-MAY-2026,KTE8889,774005.96,0,774005.96,61982,0,0,0,0,0,0,1,0,0
09-MAY-2026,KTE9147,0,0,0,0,0,0,0,0,0,0,1,0,0
09-MAY-2026,KTE9180,0,0,0,0,0,0,0,0,0,0,1,0,0
09-MAY-2026,KTE9491,1051680,0,1051680,87640,0,0,0,0,0,0,1,0,0
09-MAY-2026,KTE9703,0,0,0,0,0,0,0,0,0,0,1,0,0
09-MAY-2026,KTE9802,217416,0,217416,18118,0,0,0,0,0,0,1,0,0
09-MAY-2026,MLS5078,0,0,0,0,0,0,0,0,0,0,1,0,0
09-MAY-2026,NAGE3357,0,0,0,0,0,0,0,0,0,0,1,0,0
09-MAY-2026,NAGM38,0,0,0,0,0,0,0,0,0,0,1,0,0
09-MAY-2026,NG10091,0,0,0,0,0,0,0,0,0,0,1,0,0
09-MAY-2026,NG10191,983688,0,983688,81974,0,0,51498,0,0,0,1,0,0
09-MAY-2026,NG10232,0,0,0,0,0,0,0,0,0,0,1,0,0
09-MAY-2026,NG10237,0,0,0,0,0,0,0,0,0,0,1,0,0
09-MAY-2026,NG10239,41004,0,41004,3417,0,0,0,0,0,0,1,0,0
09-MAY-2026,NG12515,0,0,0,0,0,0,0,0,0,0,1,0,0
09-MAY-2026,NGAE3300,0,0,0,0,0,0,0,0,0,0,1,0,0
09-MAY-2026,NGAE3357,319410,0,319410,26617.5,0,0,0,0,0,0,1,0,0
09-MAY-2026,NGAE5043,0,0,0,0,0,0,0,0,0,0,1,0,0
09-MAY-2026,NGAE6650,0,0,0,0,0,0,0,0,0,0,1,0,0
09-MAY-2026,NGAE6934,0,0,0,0,0,0,0,0,0,0,1,0,0
09-MAY-2026,NGAE9783,0,0,0,0,0,0,0,0,0,0,1,0,0
09-MAY-2026,NGAK5001,0,0,0,0,0,0,0,0,0,0,1,0,0
09-MAY-2026,NGAM1102,0,0,0,0,0,0,0,0,0,0,1,0,0
09-MAY-2026,NGAM38,0,0,0,0,0,0,0,0,0,0,1,0,0
09-MAY-2026,NGE0267,0,0,0,0,0,0,0,0,0,0,1,0,0
09-MAY-2026,NGE8549,248184,0,248184,20682,0,0,0,0,0,0,1,0,0
09-MAY-2026,NGE9165,160522,0,160522,13097,0,0,0,0,0,0,1,0,0
09-MAY-2026,NKS125,66498,0,66498,5541.5,0,0,0,0,0,0,1,0,0
09-MAY-2026,NSE1726,170226,0,170226,14185.5,0,0,0,0,0,0,1,0,0
09-MAY-2026,NVDP0864,0,0,0,0,0,0,0,0,0,0,1,0,0
09-MAY-2026,PTR143,944286,0,944286,78690.5,0,0,0,0,0,0,1,0,0
09-MAY-2026,PTR1433,0,0,0,0,0,0,0,0,0,0,1,0,0
09-MAY-2026,PTR183,742170,0,742170,61847.5,0,0,0,0,0,0,1,0,0
09-MAY-2026,PTR1834,404820,0,404820,33735,0,0,0,0,0,0,1,0,0
09-MAY-2026,PTR1835,742170,0,742170,61847.5,0,0,0,0,0,0,1,0,0
09-MAY-2026,PTR1836,674700,0,674700,56225,0,0,0,0,0,0,1,0,0
09-MAY-2026,PTR394,0,0,0,0,0,0,0,0,0,0,1,0,0
09-MAY-2026,PTR492,0,0,0,0,0,0,0,0,0,0,1,0,0
09-MAY-2026,PUE58225,0,0,0,0,0,0,0,0,0,0,1,0,0
09-MAY-2026,PUSS5289,77434,0,77434,6173,0,0,0,0,0,0,1,0,0
09-MAY-2026,PUSS9291,0,0,0,0,0,0,0,0,0,0,1,0,0
09-MAY-2026,RT1046,574598.59,0,574598.59,46825,0,0,0,0,0,0,1,0,0
09-MAY-2026,RT1455,249264,0,249264,20772,0,0,0,0,0,0,1,0,0
09-MAY-2026,RT2238,67176,0,67176,5598,0,0,0,0,0,0,1,0,0
09-MAY-2026,RT2302,118338,0,118338,12021.5,0,0,0,0,0,0,1,0,0
09-MAY-2026,RT2462,0,0,0,0,0,0,0,0,0,0,1,0,0
09-MAY-2026,RTE4482,0,0,0,0,0,0,0,0,0,0,1,0,0
09-MAY-2026,RTE4553,0,0,0,0,0,0,0,0,0,0,1,0,0
09-MAY-2026,RTE4809,0,0,0,0,0,0,0,0,0,0,1,0,0
09-MAY-2026,RTE5000,0,0,0,0,0,0,0,0,0,0,1,0,0
09-MAY-2026,RTE6178,0,0,0,0,0,0,0,0,0,0,1,0,0
09-MAY-2026,RTE6435,139092,0,139092,11591,0,0,0,0,0,0,1,0,0
09-MAY-2026,RTE8918,283301.71,0,283301.71,23117,0,0,0,0,0,0,1,0,0
09-MAY-2026,RTE9677,1585152.89,0,1585152.89,129768,0,0,0,0,0,0,1,0,0
09-MAY-2026,RTE9717,0,0,0,0,0,0,0,0,0,0,1,0,0
09-MAY-2026,RTJ1426,0,0,0,0,0,0,0,0,0,0,1,0,0
09-MAY-2026,RTS0515,33588,0,33588,2799,0,0,0,0,0,0,1,0,0
09-MAY-2026,RTS1005,0,0,0,0,0,0,0,0,0,0,1,0,0
09-MAY-2026,RTV1001,328032,0,328032,27336,0,0,0,0,0,0,1,0,0
09-MAY-2026,RTV1008,0,0,0,0,0,0,0,0,0,0,1,0,0
09-MAY-2026,RTV1014,1412887.72,0,1412887.72,117529,0,0,0,0,0,0,1,0,0
09-MAY-2026,RTY1005,0,0,0,0,0,0,0,0,0,0,1,0,0
09-MAY-2026,SHPE05141,0,0,0,0,0,0,0,0,0,0,1,0,0
09-MAY-2026,SHPE08494,0,0,0,0,0,0,0,0,0,0,1,0,0
09-MAY-2026,SHPE13390,0,0,0,0,0,0,0,0,0,0,1,0,0
09-MAY-2026,SHPE45847,0,0,0,0,0,0,0,0,0,0,1,0,0
09-MAY-2026,SHPE58007,0,0,0,0,0,0,0,0,0,0,1,0,0
09-MAY-2026,SHPE69809,0,0,0,0,0,0,0,0,0,0,1,0,0
09-MAY-2026,SHPE93309,0,0,0,0,0,0,0,0,0,0,1,0,0
09-MAY-2026,SHPE97658,0,0,0,0,0,0,0,0,0,0,1,0,0
09-MAY-2026,SHPS3834,0,0,0,0,0,0,0,0,0,0,1,0,0
09-MAY-2026,SHPS5340,0,0,0,0,0,0,0,0,0,0,1,0,0
09-MAY-2026,SI5777,0,0,0,0,0,0,0,0,0,0,1,0,0
09-MAY-2026,SIGD43,0,0,0,0,0,0,0,0,0,0,1,0,0
09-MAY-2026,SIGD53,0,0,0,0,0,0,0,0,0,0,1,0,0
09-MAY-2026,SSE7045,0,0,0,0,0,0,0,0,0,0,1,0,0
09-MAY-2026,UJS1420,0,0,0,0,0,0,0,0,0,0,1,0,0
09-MAY-2026,UKNE1902,0,0,0,0,0,0,0,0,0,0,1,0,0
09-MAY-2026,UNE3890,0,0,0,0,0,0,0,0,0,0,1,0,0
09-MAY-2026,UPVE2572,0,0,0,0,0,0,0,0,0,0,1,0,0
09-MAY-2026,UPVE3270,0,0,0,0,0,0,0,0,0,0,1,0,0
09-MAY-2026,V112,0,0,0,0,0,0,0,0,0,0,1,0,0
09-MAY-2026,V130,0,0,0,0,0,0,0,0,0,0,1,0,0
09-MAY-2026,YJS002,0,0,0,0,0,0,0,0,0,0,1,0,0
09-MAY-2026,YJS015,0,0,0,0,0,0,0,0,0,0,1,0,0
09-MAY-2026,YNIE4974,0,0,0,0,0,0,0,0,0,0,1,0,0
09-MAY-2026,YNIE5001,0,0,0,0,0,0,0,0,0,0,1,0,0
09-MAY-2026,YNIE7530,0,0,0,0,0,0,0,0,0,0,1,0,0
09-MAY-2026,YNIS1266,0,0,0,0,0,0,0,0,0,0,1,0,0
09-MAY-2026,YNIS6988,0,0,0,0,0,0,0,0,0,0,1,0,0
09-MAY-2026,YNIS84422,0,0,0,0,0,0,0,0,0,0,1,0,0
09-MAY-2026,YNIS84473,0,0,0,0,0,0,0,0,0,0,1,0,0
09-MAY-2026,YNS0901,1366043.97,0,1366043.97,112158,0,0,0,0,0,0,1,0,0
09-MAY-2026,YNS1067,0,0,0,0,0,0,0,0,0,0,1,0,0
09-MAY-2026,YNS7583,99895.72,0,99895.72,8113,0,0,0,0,0,0,1,0,0
09-MAY-2026,YNS8731,0,0,0,0,0,0,0,0,0,0,1,0,0
09-MAY-2026,YNS8734,0,0,0,0,0,0,0,0,0,0,1,0,0
09-MAY-2026,YNS9256,0,0,0,0,0,0,0,0,0,0,1,0,0
09-MAY-2026,YNSA143,0,0,0,0,0,0,0,0,0,0,1,0,0
