09-MAY-2026,A1022970,97696.13,0.00,97696.13,8036.00,C
09-MAY-2026,A10824,67938.00,0.00,67938.00,5661.50,C
09-MAY-2026,A118320,99895.72,0.00,99895.72,10913.00,C
09-MAY-2026,A1309586,34350.00,0.00,34350.00,3929.17,C
09-MAY-2026,A131459,72522.00,0.00,72522.00,6043.50,C
09-MAY-2026,A1422632,1802880.00,0.00,1802880.00,150240.00,C
09-MAY-2026,A1440638,0.00,0.00,0.00,2400.00,C
09-MAY-2026,A1449336,67176.00,0.00,67176.00,5598.00,C
09-MAY-2026,A1450420,2761571.99,0.00,2761571.99,229291.50,C
09-MAY-2026,A225890,570996.00,0.00,570996.00,47583.00,C
09-MAY-2026,A265794,83088.00,0.00,83088.00,6924.00,C
09-MAY-2026,A33469,155610.00,0.00,155610.00,12967.50,C
09-MAY-2026,A407790,143244.00,0.00,143244.00,11937.00,C
09-MAY-2026,A41095,2772648.00,0.00,2772648.00,231054.00,C
09-MAY-2026,A415651,202410.00,0.00,202410.00,19492.50,C
09-MAY-2026,A51075405,71622.00,0.00,71622.00,5968.50,C
09-MAY-2026,A51524246,303923.99,0.00,303923.99,35987.50,C
09-MAY-2026,A52248850,34350.00,0.00,34350.00,2862.50,C
09-MAY-2026,A52638111,154867.99,0.00,154867.99,12346.00,C
09-MAY-2026,A52678084,41544.00,0.00,41544.00,3462.00,C
09-MAY-2026,A52709942,66498.00,0.00,66498.00,5541.50,C
09-MAY-2026,A53231150,144144.00,0.00,144144.00,12012.00,C
09-MAY-2026,A53478,33588.00,0.00,33588.00,3615.67,C
09-MAY-2026,A53792795,82008.00,0.00,82008.00,6834.00,C
09-MAY-2026,A538900,309735.98,0.00,309735.98,24692.00,C
09-MAY-2026,A54840,295284.00,0.00,295284.00,49107.00,C
09-MAY-2026,A55041741,71622.00,0.00,71622.00,5968.50,C
09-MAY-2026,A58370771,71622.00,0.00,71622.00,5968.50,C
09-MAY-2026,A60360654,302794.00,0.00,302794.00,24953.00,C
09-MAY-2026,A605248,1668240.00,0.00,1668240.00,151520.00,C
09-MAY-2026,A60589800,26288.00,0.00,26288.00,3286.00,C
09-MAY-2026,A61150632,71622.00,0.00,71622.00,5968.50,C
09-MAY-2026,A61527810,75120.00,0.00,75120.00,6260.00,C
09-MAY-2026,A62134116,41544.00,0.00,41544.00,3462.00,C
09-MAY-2026,A69105,25920.00,0.00,25920.00,3240.00,C
09-MAY-2026,A69529,72522.00,0.00,72522.00,6043.50,C
09-MAY-2026,A783084,223776.00,0.00,223776.00,18648.00,C
09-MAY-2026,A816373,144144.00,0.00,144144.00,12012.00,C
09-MAY-2026,A86822,67938.00,0.00,67938.00,8011.50,C
09-MAY-2026,A874784,144144.00,0.00,144144.00,12012.00,C
09-MAY-2026,A926041,68700.00,0.00,68700.00,5725.00,C
09-MAY-2026,A95285,41544.00,0.00,41544.00,3462.00,C
09-MAY-2026,AAAA071155,41004.00,0.00,41004.00,3417.00,C
09-MAY-2026,AAAA193790,68700.00,0.00,68700.00,5725.00,C
09-MAY-2026,AAAA274079,525760.00,0.00,525760.00,65720.00,C
09-MAY-2026,AAAA395718,67470.00,0.00,67470.00,5622.50,C
09-MAY-2026,AAAA428004,145044.00,0.00,145044.00,12087.00,C
09-MAY-2026,AAAA906104,144144.00,0.00,144144.00,12012.00,C
09-MAY-2026,AAAB047279,371736.00,0.00,371736.00,30978.00,C
09-MAY-2026,AAAB187264,271752.00,0.00,271752.00,22646.00,C
09-MAY-2026,AAAB214673,495240.00,0.00,495240.00,41270.00,C
09-MAY-2026,AAAB583330,206100.00,0.00,206100.00,17175.00,C
09-MAY-2026,AAAB690185,77434.00,0.00,77434.00,6173.00,C
09-MAY-2026,AAAB918081,41544.00,0.00,41544.00,3462.00,C
09-MAY-2026,AAAC133253,171517.72,0.00,171517.72,14081.50,C
09-MAY-2026,AAAC146529,1502400.00,0.00,1502400.00,394200.00,C
09-MAY-2026,AAAC464425,72522.00,0.00,72522.00,6043.50,C
09-MAY-2026,AAAC479397,34350.00,0.00,34350.00,2862.50,C
09-MAY-2026,AAAC769658,143244.00,0.00,143244.00,11937.00,C
09-MAY-2026,AAAD409403,75120.00,0.00,75120.00,13060.00,C
09-MAY-2026,AAAD636272,41004.00,0.00,41004.00,3417.00,C
09-MAY-2026,AAAE291112,399690.00,0.00,399690.00,33307.50,C
09-MAY-2026,AAAE409714,309735.98,0.00,309735.98,24692.00,C
09-MAY-2026,AAAE722932,300480.00,0.00,300480.00,25040.00,C
09-MAY-2026,AAAE984417,900312.00,0.00,900312.00,75026.00,C
09-MAY-2026,AAAF075278,26288.00,0.00,26288.00,3286.00,C
09-MAY-2026,AAAF284395,143244.00,0.00,143244.00,11937.00,C
09-MAY-2026,AAAF337208,615060.00,0.00,615060.00,51255.00,C
09-MAY-2026,AAAF391588,68700.00,0.00,68700.00,5725.00,C
09-MAY-2026,AAAF693489,143244.00,0.00,143244.00,11937.00,C
09-MAY-2026,AAAF782023,41004.00,0.00,41004.00,3417.00,C
09-MAY-2026,AAAG598234,300480.00,0.00,300480.00,25040.00,C
09-MAY-2026,AAAG949678,0.00,0.00,0.00,48600.00,C
09-MAY-2026,AAAH042720,721350.00,0.00,721350.00,60112.50,C
09-MAY-2026,AAAI020194,71622.00,0.00,71622.00,5968.50,C
09-MAY-2026,AAAI281399,33588.00,0.00,33588.00,2799.00,C
09-MAY-2026,AAAI509119,790050.00,0.00,790050.00,65837.50,C
09-MAY-2026,AAAI774342,34350.00,0.00,34350.00,2862.50,C
09-MAY-2026,AAAI975352,0.00,0.00,0.00,1800.00,C
09-MAY-2026,AAAJ146496,403056.00,0.00,403056.00,35038.00,C
09-MAY-2026,AAAJ326531,276940.62,0.00,276940.62,35083.50,C
09-MAY-2026,AAAK016174,144144.00,0.00,144144.00,12012.00,C
09-MAY-2026,AAAK038162,71622.00,0.00,71622.00,5968.50,C
09-MAY-2026,AAAL135579,171750.00,0.00,171750.00,14312.50,C
09-MAY-2026,AAAL156593,71622.00,0.00,71622.00,5968.50,C
09-MAY-2026,AAAL300438,75120.00,0.00,75120.00,6260.00,C
09-MAY-2026,AAAL654943,101820.00,0.00,101820.00,8485.00,C
09-MAY-2026,AAAM050367,725220.00,0.00,725220.00,60435.00,C
09-MAY-2026,AAAM558466,75120.00,0.00,75120.00,6260.00,C
09-MAY-2026,AAAM698211,799165.74,0.00,799165.74,105804.00,C
09-MAY-2026,AAAM730869,232301.99,0.00,232301.99,18519.00,C
09-MAY-2026,AAAM978609,309735.98,0.00,309735.98,24692.00,C
09-MAY-2026,AAAN194028,144144.00,0.00,144144.00,12012.00,C
09-MAY-2026,AAAN747956,75120.00,0.00,75120.00,26760.00,C
09-MAY-2026,AAAN827084,77434.00,0.00,77434.00,6173.00,C
09-MAY-2026,AAAO297097,72522.00,0.00,72522.00,6043.50,C
09-MAY-2026,AAAO669364,51840.00,0.00,51840.00,6480.00,C
09-MAY-2026,AAAP466019,858750.00,0.00,858750.00,71562.50,C
09-MAY-2026,AAAP551363,41004.00,0.00,41004.00,3417.00,C
09-MAY-2026,AAAP759149,34350.00,0.00,34350.00,2862.50,C
09-MAY-2026,AAAP872616,100086.00,0.00,100086.00,8340.50,C
09-MAY-2026,AAAQ108412,136170.00,0.00,136170.00,12847.50,C
09-MAY-2026,AAAQ235849,217566.00,0.00,217566.00,18130.50,C
09-MAY-2026,AAAQ801005,169318.13,0.00,169318.13,14004.50,C
09-MAY-2026,AABC489620,224176.00,0.00,224176.00,18401.50,C
09-MAY-2026,AABG036990,0.00,0.00,0.00,4550.00,C
09-MAY-2026,AABG103768,645498.00,0.00,645498.00,53791.50,C
09-MAY-2026,AABJ505140,72522.00,0.00,72522.00,6043.50,C
09-MAY-2026,AABL837212,195084.00,0.00,195084.00,18417.00,C
09-MAY-2026,AABM126282,2637795.43,0.00,2637795.43,216972.00,C
09-MAY-2026,AABM206829,99895.72,0.00,99895.72,8113.00,C
09-MAY-2026,AABM246999,33588.00,0.00,33588.00,2799.00,C
09-MAY-2026,AABM434206,216666.00,0.00,216666.00,18055.50,C
09-MAY-2026,AABM826021,941955.24,0.00,941955.24,89207.00,C
09-MAY-2026,AABM875861,0.00,0.00,0.00,27000.00,C
09-MAY-2026,AABR349675,1283247.19,0.00,1283247.19,116930.00,C
09-MAY-2026,AABU176686,1502400.00,0.00,1502400.00,125200.00,C
09-MAY-2026,AABU192694,97696.13,0.00,97696.13,8036.00,C
09-MAY-2026,AABU244463,72522.00,0.00,72522.00,6043.50,C
09-MAY-2026,AABW583546,83088.00,0.00,83088.00,6924.00,C
09-MAY-2026,AABX666989,33588.00,0.00,33588.00,2799.00,C
09-MAY-2026,AABX680483,143244.00,0.00,143244.00,11937.00,C
09-MAY-2026,AABY636859,1758530.29,0.00,1758530.29,144648.00,C
09-MAY-2026,AABY752962,67176.00,0.00,67176.00,5598.00,C
09-MAY-2026,AABY831044,71622.00,0.00,71622.00,5968.50,C
09-MAY-2026,AABY875035,464603.97,0.00,464603.97,37038.00,C
09-MAY-2026,AABY876992,774339.95,0.00,774339.95,61730.00,C
09-MAY-2026,AABZ039022,74592.00,0.00,74592.00,6916.00,C
09-MAY-2026,AABZ182701,41544.00,0.00,41544.00,3462.00,C
09-MAY-2026,AABZ269288,214866.00,0.00,214866.00,17905.50,C
09-MAY-2026,AABZ369935,67938.00,0.00,67938.00,5661.50,C
09-MAY-2026,AABZ382316,0.00,0.00,0.00,10850.00,C
09-MAY-2026,AABZ688596,976961.27,0.00,976961.27,80360.00,C
09-MAY-2026,AABZ689027,68700.00,0.00,68700.00,16275.00,C
09-MAY-2026,AABZ827955,150240.00,0.00,150240.00,12520.00,C
09-MAY-2026,AACA092331,71622.00,0.00,71622.00,5968.50,C
09-MAY-2026,AACA240216,71622.00,0.00,71622.00,5968.50,C
09-MAY-2026,AACA306817,1242096.89,0.00,1242096.89,101180.00,C
09-MAY-2026,AACA847161,82008.00,0.00,82008.00,8784.00,C
09-MAY-2026,AACA897322,34350.00,0.00,34350.00,2862.50,C
09-MAY-2026,AACB554571,315456.00,0.00,315456.00,39432.00,C
09-MAY-2026,AACB555641,259200.00,0.00,259200.00,32400.00,C
09-MAY-2026,AACB557055,466560.00,0.00,466560.00,58320.00,C
09-MAY-2026,AACB586734,467186.25,0.00,467186.25,38721.50,C
09-MAY-2026,AACB634729,77434.00,0.00,77434.00,6173.00,C
09-MAY-2026,AACB653018,227674.00,0.00,227674.00,18693.00,C
09-MAY-2026,AACB686305,1587333.52,0.00,1587333.52,149823.00,C
09-MAY-2026,AACB744008,503743.72,0.00,503743.72,41767.00,C
09-MAY-2026,AACB779270,177732.00,0.00,177732.00,14811.00,C
09-MAY-2026,AACB781051,33588.00,0.00,33588.00,2799.00,C
09-MAY-2026,AACB860961,671760.00,0.00,671760.00,57330.00,C
09-MAY-2026,AACB889185,145044.00,0.00,145044.00,12087.00,C
09-MAY-2026,AACB915368,171517.72,0.00,171517.72,14081.50,C
09-MAY-2026,AACB997952,72522.00,0.00,72522.00,6043.50,C
09-MAY-2026,AACC020536,0.00,0.00,0.00,63200.00,C
09-MAY-2026,AACC175344,100764.00,0.00,100764.00,8397.00,C
09-MAY-2026,AACC243609,67176.00,0.00,67176.00,5598.00,C
09-MAY-2026,AACC244608,731478.00,0.00,731478.00,69506.50,C
09-MAY-2026,AACC334801,103050.00,0.00,103050.00,8587.50,C
09-MAY-2026,AACC404345,2275500.00,0.00,2275500.00,222025.00,C
09-MAY-2026,AACC406264,77434.00,0.00,77434.00,6173.00,C
09-MAY-2026,AACC424695,147642.00,0.00,147642.00,12303.50,C
09-MAY-2026,AACC451345,154867.99,0.00,154867.99,12346.00,C
09-MAY-2026,AACC469741,135114.00,0.00,135114.00,11259.50,C
09-MAY-2026,AACC547590,97696.13,0.00,97696.13,8036.00,C
09-MAY-2026,AACC607862,33588.00,0.00,33588.00,2799.00,C
09-MAY-2026,AACC716291,154867.99,0.00,154867.99,12346.00,C
09-MAY-2026,AACD063056,82008.00,0.00,82008.00,6834.00,C
09-MAY-2026,AACD099119,71622.00,0.00,71622.00,5968.50,C
09-MAY-2026,AACD339300,187218.00,0.00,187218.00,15601.50,C
09-MAY-2026,AACD733328,67470.00,0.00,67470.00,9122.50,C
09-MAY-2026,AACD747933,66498.00,0.00,66498.00,5541.50,C
09-MAY-2026,AACE217443,911374.49,0.00,911374.49,74687.00,C
09-MAY-2026,AACE333350,77434.00,0.00,77434.00,6173.00,C
09-MAY-2026,AACE438330,99895.72,0.00,99895.72,8113.00,C
09-MAY-2026,AACE440340,1000116.00,0.00,1000116.00,83343.00,C
09-MAY-2026,AACE476325,1316377.92,0.00,1316377.92,104941.00,C
09-MAY-2026,AACE568244,217566.00,0.00,217566.00,18130.50,C
09-MAY-2026,AACE606837,72522.00,0.00,72522.00,6043.50,C
09-MAY-2026,AACE661952,0.00,0.00,0.00,3000.00,C
09-MAY-2026,AACE850322,418960.24,0.00,418960.24,67759.67,C
09-MAY-2026,AACE867812,154867.99,0.00,154867.99,12346.00,C
09-MAY-2026,AACF045179,214866.00,0.00,214866.00,17905.50,C
09-MAY-2026,AACF046622,449815.72,0.00,449815.72,48323.00,C
09-MAY-2026,AACF279666,145044.00,0.00,145044.00,12087.00,C
09-MAY-2026,AACF307641,429732.00,0.00,429732.00,35811.00,C
09-MAY-2026,AACF526136,71622.00,0.00,71622.00,5968.50,C
09-MAY-2026,AACF730549,308126.12,0.00,308126.12,25292.00,C
09-MAY-2026,AACF881172,503154.00,0.00,503154.00,41929.50,C
09-MAY-2026,AACG075748,72522.00,0.00,72522.00,6043.50,C
09-MAY-2026,AACG077570,290808.00,0.00,290808.00,24234.00,C
09-MAY-2026,AACG316474,652650.00,0.00,652650.00,183187.50,C
09-MAY-2026,AACG460466,346838.12,0.00,346838.12,28518.00,C
09-MAY-2026,AACG472679,71622.00,0.00,71622.00,5968.50,C
09-MAY-2026,AACG605641,971870.99,0.00,971870.99,171158.17,C
09-MAY-2026,AACG912942,52576.00,0.00,52576.00,7422.00,C
09-MAY-2026,AACH257586,276240.00,0.00,276240.00,23020.00,C
09-MAY-2026,AIIJ1220,41544.00,0.00,41544.00,3462.00,C
09-MAY-2026,AINE1270,78864.00,0.00,78864.00,9858.00,C
09-MAY-2026,AJMR4048,631879.72,0.00,631879.72,52445.00,C
09-MAY-2026,AJMR4050,108180.00,0.00,108180.00,9015.00,C
09-MAY-2026,AJMRBL1171,72522.00,0.00,72522.00,6043.50,C
09-MAY-2026,AMRHM1214,144144.00,0.00,144144.00,12012.00,C
09-MAY-2026,ARRN043,164016.00,0.00,164016.00,13668.00,C
09-MAY-2026,ARUR1043,124632.00,0.00,124632.00,10386.00,C
09-MAY-2026,ASUI1152,164016.00,0.00,164016.00,13668.00,C
09-MAY-2026,B156686,75120.00,0.00,75120.00,6260.00,C
09-MAY-2026,B219743,71622.00,0.00,71622.00,5968.50,C
09-MAY-2026,B2221,2404500.00,0.00,2404500.00,200375.00,C
09-MAY-2026,B232045,377382.00,0.00,377382.00,31448.50,C
09-MAY-2026,B253378,143244.00,0.00,143244.00,11937.00,C
09-MAY-2026,B282035,132996.00,0.00,132996.00,11083.00,C
09-MAY-2026,B28425,369733.99,0.00,369733.99,30251.50,C
09-MAY-2026,B301911,67176.00,0.00,67176.00,5598.00,C
09-MAY-2026,B31535,210304.00,0.00,210304.00,26288.00,C
09-MAY-2026,B316374,67938.00,0.00,67938.00,5661.50,C
09-MAY-2026,B34476,41544.00,0.00,41544.00,3462.00,C
09-MAY-2026,B380832,83088.00,0.00,83088.00,6924.00,C
09-MAY-2026,B408311,1374000.00,0.00,1374000.00,114500.00,C
09-MAY-2026,B52912,392984.10,0.00,392984.10,32221.00,C
09-MAY-2026,B53707,34350.00,0.00,34350.00,2862.50,C
09-MAY-2026,B59895237,72522.00,0.00,72522.00,6043.50,C
09-MAY-2026,B61782,0.00,0.00,0.00,9750.00,C
09-MAY-2026,B62319445,68700.00,0.00,68700.00,5725.00,C
09-MAY-2026,B72748,71622.00,0.00,71622.00,5968.50,C
09-MAY-2026,BBKI1020,41544.00,0.00,41544.00,6262.00,C
09-MAY-2026,BBLM36897,41004.00,0.00,41004.00,3417.00,C
09-MAY-2026,BBUV2285,132996.00,0.00,132996.00,11083.00,C
09-MAY-2026,BHDT1067,72522.00,0.00,72522.00,6043.50,C
09-MAY-2026,BHGD178,459975.98,0.00,459975.98,37212.00,C
09-MAY-2026,BHWH1020,337350.00,0.00,337350.00,28112.50,C
09-MAY-2026,BHWH1026,269880.00,0.00,269880.00,22490.00,C
09-MAY-2026,BKNR4222,0.00,0.00,0.00,1100.00,C
09-MAY-2026,BKNR5081,858750.00,0.00,858750.00,71562.50,C
09-MAY-2026,C104731,469374.00,0.00,469374.00,39114.50,C
09-MAY-2026,C112321,116124.00,0.00,116124.00,9677.00,C
09-MAY-2026,C171252,525840.00,0.00,525840.00,43820.00,C
09-MAY-2026,C198206,72522.00,0.00,72522.00,6043.50,C
09-MAY-2026,C64701,150240.00,0.00,150240.00,12520.00,C
09-MAY-2026,CCDGA1830,1551810.00,0.00,1551810.00,129317.50,C
09-MAY-2026,CCMT1082,272340.00,0.00,272340.00,22695.00,C
09-MAY-2026,D117013,154867.99,0.00,154867.99,12346.00,C
09-MAY-2026,D122106,290808.00,0.00,290808.00,24234.00,C
09-MAY-2026,D183966,71622.00,0.00,71622.00,5968.50,C
09-MAY-2026,D260860,2296224.00,0.00,2296224.00,191352.00,C
09-MAY-2026,D263418,176472.00,0.00,176472.00,16866.00,C
09-MAY-2026,D332655,34350.00,0.00,34350.00,2862.50,C
09-MAY-2026,D410993,75354.00,0.00,75354.00,6279.50,C
09-MAY-2026,D42591,0.00,0.00,0.00,1200.00,C
09-MAY-2026,D427121,33588.00,0.00,33588.00,2799.00,C
09-MAY-2026,D44195,415440.00,0.00,415440.00,34620.00,C
09-MAY-2026,D465080,539466.00,0.00,539466.00,49724.25,C
09-MAY-2026,D473884,703845.43,0.00,703845.43,58230.50,C
09-MAY-2026,D488204,71622.00,0.00,71622.00,5968.50,C
09-MAY-2026,D50067249,382541.99,0.00,382541.99,31039.00,C
09-MAY-2026,D51564,123012.00,0.00,123012.00,10251.00,C
09-MAY-2026,D559802,0.00,0.00,0.00,8600.00,C
09-MAY-2026,D560841,75120.00,0.00,75120.00,6260.00,C
09-MAY-2026,D58112639,788640.00,0.00,788640.00,98580.00,C
09-MAY-2026,D58793601,288288.00,0.00,288288.00,24024.00,C
09-MAY-2026,D59088000,158208.00,0.00,158208.00,13184.00,C
09-MAY-2026,D60691090,268704.00,0.00,268704.00,22942.00,C
09-MAY-2026,D61163694,227674.00,0.00,227674.00,18693.00,C
09-MAY-2026,D61540787,377914.00,0.00,377914.00,31213.00,C
09-MAY-2026,D62320535,536225.97,0.00,536225.97,43006.50,C
09-MAY-2026,D63470369,72522.00,0.00,72522.00,6043.50,C
09-MAY-2026,D92083,343500.00,0.00,343500.00,28625.00,C
09-MAY-2026,DABD1073,41004.00,0.00,41004.00,3417.00,C
09-MAY-2026,DAVC1056,72522.00,0.00,72522.00,6043.50,C
09-MAY-2026,DDCU1402,41544.00,0.00,41544.00,8712.00,C
09-MAY-2026,DDWK1328,34350.00,0.00,34350.00,2862.50,C
09-MAY-2026,DELP5588,2327430.00,0.00,2327430.00,193952.50,C
09-MAY-2026,DHMW1216,136170.00,0.00,136170.00,18497.50,C
09-MAY-2026,DIYD29096,7830726.00,0.00,7830726.00,652560.50,C
09-MAY-2026,DIYD29097,68700.00,0.00,68700.00,5725.00,C
09-MAY-2026,DIYD47308,2748150.00,0.00,2748150.00,229012.50,C
09-MAY-2026,DIYD82130,222762.00,0.00,222762.00,97777.79,C
09-MAY-2026,DIYD83309,145044.00,0.00,145044.00,12087.00,C
09-MAY-2026,DQGV1057,604584.00,0.00,604584.00,51732.00,C
09-MAY-2026,E9858,7242710.94,0.00,7242710.94,595126.00,C
09-MAY-2026,ERRORACCT,25920.00,0.00,25920.00,20240.00,C
09-MAY-2026,F7305,330192.00,0.00,330192.00,27516.00,C
09-MAY-2026,G100621,199791.43,0.00,199791.43,37526.00,C
09-MAY-2026,G134215,41004.00,0.00,41004.00,5617.00,C
09-MAY-2026,G190400,0.00,0.00,0.00,10600.00,C
09-MAY-2026,G30092,68700.00,0.00,68700.00,5725.00,C
09-MAY-2026,G48480,155610.00,0.00,155610.00,12967.50,C
09-MAY-2026,G56287320,41004.00,0.00,41004.00,4767.00,C
09-MAY-2026,G57127569,290088.00,0.00,290088.00,24174.00,C
09-MAY-2026,G63098779,145044.00,0.00,145044.00,12087.00,C
09-MAY-2026,GARR1030,68700.00,0.00,68700.00,5725.00,C
09-MAY-2026,GARR1081,0.00,0.00,0.00,750.00,C
09-MAY-2026,GHNS347,77434.00,0.00,77434.00,6173.00,C
09-MAY-2026,GIGUA1015,137400.00,0.00,137400.00,11450.00,C
09-MAY-2026,H174806,363922.00,0.00,363922.00,30047.00,C
09-MAY-2026,H211533,75120.00,0.00,75120.00,6260.00,C
09-MAY-2026,H226358,97696.13,0.00,97696.13,8036.00,C
09-MAY-2026,H290065,611568.00,0.00,611568.00,50964.00,C
09-MAY-2026,H53699583,464603.97,0.00,464603.97,37038.00,C
09-MAY-2026,H53985365,292300.00,0.00,292300.00,24078.50,C
09-MAY-2026,H54895381,150240.00,0.00,150240.00,12520.00,C
09-MAY-2026,H57131852,41004.00,0.00,41004.00,3417.00,C
09-MAY-2026,H58010634,67938.00,0.00,67938.00,5661.50,C
09-MAY-2026,H59606716,232301.99,0.00,232301.99,18519.00,C
09-MAY-2026,H60604131,0.00,0.00,0.00,3750.00,C
09-MAY-2026,H72511,72522.00,0.00,72522.00,6043.50,C
09-MAY-2026,H87019,141222.00,0.00,141222.00,20168.50,C
09-MAY-2026,HAHT1002,67470.00,0.00,67470.00,5622.50,C
09-MAY-2026,HHSU1018,103050.00,0.00,103050.00,8587.50,C
09-MAY-2026,HSAS1077,0.00,0.00,0.00,2600.00,C
09-MAY-2026,I2871,134352.00,0.00,134352.00,11196.00,C
09-MAY-2026,I58227805,390322.13,0.00,390322.13,35661.50,C
09-MAY-2026,I62362941,144144.00,0.00,144144.00,12012.00,C
09-MAY-2026,IIAJ1116,100086.00,0.00,100086.00,8340.50,C
09-MAY-2026,IIAJ1191,169758.00,0.00,169758.00,14146.50,C
09-MAY-2026,J149072,119310.00,0.00,119310.00,12102.50,C
09-MAY-2026,J23490,75120.00,0.00,75120.00,6260.00,C
09-MAY-2026,J24732,124632.00,0.00,124632.00,10386.00,C
09-MAY-2026,J29130,217566.00,0.00,217566.00,27130.50,C
09-MAY-2026,J374534,143244.00,0.00,143244.00,11937.00,C
09-MAY-2026,J53448735,504954.00,0.00,504954.00,42079.50,C
09-MAY-2026,J58261997,34350.00,0.00,34350.00,2862.50,C
09-MAY-2026,J59506744,71622.00,0.00,71622.00,5968.50,C
09-MAY-2026,J60596825,67176.00,0.00,67176.00,5598.00,C
09-MAY-2026,J62165399,305107.99,0.00,305107.99,24866.00,C
09-MAY-2026,J62783467,359910.00,0.00,359910.00,29992.50,C
09-MAY-2026,JAIP19342,67470.00,0.00,67470.00,5622.50,C
09-MAY-2026,JAIP19674,72522.00,0.00,72522.00,6043.50,C
09-MAY-2026,JAIP8726,134940.00,0.00,134940.00,11245.00,C
09-MAY-2026,JJBC1485,34350.00,0.00,34350.00,2862.50,C
09-MAY-2026,JJGU1140,124632.00,0.00,124632.00,10386.00,C
09-MAY-2026,JJLI1137,68700.00,0.00,68700.00,5725.00,C
09-MAY-2026,JL1597,4208599.91,0.00,4208599.91,345120.00,C
09-MAY-2026,JOD12639,242954.00,0.00,242954.00,21341.50,C
09-MAY-2026,JOD13651,981588.00,0.00,981588.00,81799.00,C
09-MAY-2026,JOD16851,67470.00,0.00,67470.00,5622.50,C
09-MAY-2026,JOD18977,72522.00,0.00,72522.00,6043.50,C
09-MAY-2026,JOD20166,290088.00,0.00,290088.00,41124.00,C
09-MAY-2026,JPRT1847,132996.00,0.00,132996.00,11083.00,C
09-MAY-2026,JUJA3242,311946.00,0.00,311946.00,25995.50,C
09-MAY-2026,K112545,1141350.00,0.00,1141350.00,95112.50,C
09-MAY-2026,K125197,286488.00,0.00,286488.00,23874.00,C
09-MAY-2026,K192801,150240.00,0.00,150240.00,12520.00,C
09-MAY-2026,K208627,842517.97,0.00,842517.97,90151.00,C
09-MAY-2026,K228790,164016.00,0.00,164016.00,13668.00,C
09-MAY-2026,K248486,456984.00,0.00,456984.00,38082.00,C
09-MAY-2026,K32271,72522.00,0.00,72522.00,6043.50,C
09-MAY-2026,K329590,371700.00,0.00,371700.00,47943.18,C
09-MAY-2026,K429439,71622.00,0.00,71622.00,5968.50,C
09-MAY-2026,K430417,41004.00,0.00,41004.00,3417.00,C
09-MAY-2026,K50954986,68700.00,0.00,68700.00,5725.00,C
09-MAY-2026,K50989139,67176.00,0.00,67176.00,5598.00,C
09-MAY-2026,K52596838,872952.00,0.00,872952.00,76096.00,C
09-MAY-2026,K53397649,69336.00,0.00,69336.00,17334.00,C
09-MAY-2026,K534568,567852.00,0.00,567852.00,47321.00,C
09-MAY-2026,K539581,34350.00,0.00,34350.00,2862.50,C
09-MAY-2026,K54432522,139992.00,0.00,139992.00,11666.00,C
09-MAY-2026,K56373132,41004.00,0.00,41004.00,3417.00,C
09-MAY-2026,K57149308,100764.00,0.00,100764.00,8397.00,C
09-MAY-2026,K57256667,446007.71,0.00,446007.71,36396.00,C
09-MAY-2026,K582636,83088.00,0.00,83088.00,6924.00,C
09-MAY-2026,K656718,1296396.00,0.00,1296396.00,108033.00,C
09-MAY-2026,K6702,195392.25,0.00,195392.25,16072.00,C
09-MAY-2026,K69578,41544.00,0.00,41544.00,3462.00,C
09-MAY-2026,K80302,643272.12,0.00,643272.12,52941.00,C
09-MAY-2026,K88534,412200.00,0.00,412200.00,53950.00,C
09-MAY-2026,KHAYA1190,52576.00,0.00,52576.00,6572.00,C
09-MAY-2026,KIKS1001,215766.00,0.00,215766.00,18480.50,C
09-MAY-2026,KKLE1276,440088.00,0.00,440088.00,49818.00,C
09-MAY-2026,KKLE1536,171750.00,0.00,171750.00,25062.50,C
09-MAY-2026,KKLE5318,33588.00,0.00,33588.00,2799.00,C
09-MAY-2026,KNKG1782,71622.00,0.00,71622.00,5968.50,C
09-MAY-2026,KNKM1142,41544.00,0.00,41544.00,3462.00,C
09-MAY-2026,L146929,71622.00,0.00,71622.00,5968.50,C
09-MAY-2026,L55000651,1007640.00,0.00,1007640.00,83970.00,C
09-MAY-2026,L58589309,154867.99,0.00,154867.99,12346.00,C
09-MAY-2026,L96890,674964.00,0.00,674964.00,56247.00,C
09-MAY-2026,LUDH3238,282042.00,0.00,282042.00,23503.50,C
09-MAY-2026,M1085757,361710.00,0.00,361710.00,30142.50,C
09-MAY-2026,M117118,344448.25,0.00,344448.25,28213.50,C
09-MAY-2026,M173610,155520.00,0.00,155520.00,19440.00,C
09-MAY-2026,M181239,67470.00,0.00,67470.00,5622.50,C
09-MAY-2026,M247758,124092.00,0.00,124092.00,10341.00,C
09-MAY-2026,M256361,41004.00,0.00,41004.00,3417.00,C
09-MAY-2026,M256929,751200.00,0.00,751200.00,148600.00,C
09-MAY-2026,M310790,1231631.15,0.00,1231631.15,102001.00,C
09-MAY-2026,M325297,673482.00,0.00,673482.00,56123.50,C
09-MAY-2026,M374760,446896.00,0.00,446896.00,58912.00,C
09-MAY-2026,M401836,293088.38,0.00,293088.38,24108.00,C
09-MAY-2026,M501314,690282.00,0.00,690282.00,57523.50,C
09-MAY-2026,M50230059,40452.49,0.00,40452.49,12433.00,C
09-MAY-2026,M50493577,1041941.99,0.00,1041941.99,85989.00,C
09-MAY-2026,M50701832,77434.00,0.00,77434.00,6173.00,C
09-MAY-2026,M50720,101820.00,0.00,101820.00,8485.00,C
09-MAY-2026,M51518359,143244.00,0.00,143244.00,11937.00,C
09-MAY-2026,M51526809,0.00,0.00,0.00,2000.00,C
09-MAY-2026,M51690635,33588.00,0.00,33588.00,2799.00,C
09-MAY-2026,M52326518,71622.00,0.00,71622.00,5968.50,C
09-MAY-2026,M52469873,420120.00,0.00,420120.00,35010.00,C
09-MAY-2026,M53682509,4145670.00,0.00,4145670.00,377872.50,C
09-MAY-2026,M551900,67938.00,0.00,67938.00,8011.50,C
09-MAY-2026,M558036,33588.00,0.00,33588.00,2799.00,C
09-MAY-2026,M57159035,0.00,0.00,0.00,650.00,C
09-MAY-2026,M591279,214866.00,0.00,214866.00,17905.50,C
09-MAY-2026,M61905308,286488.00,0.00,286488.00,23874.00,C
09-MAY-2026,M62517477,1214460.00,0.00,1214460.00,101205.00,C
09-MAY-2026,M62731290,332352.00,0.00,332352.00,27696.00,C
09-MAY-2026,M63209708,195392.25,0.00,195392.25,16072.00,C
09-MAY-2026,M633438,33588.00,0.00,33588.00,2799.00,C
09-MAY-2026,M659,358110.00,0.00,358110.00,29842.50,C
09-MAY-2026,M672594,150240.00,0.00,150240.00,28620.00,C
09-MAY-2026,M791819,77434.00,0.00,77434.00,6173.00,C
09-MAY-2026,M83851,141439.72,0.00,141439.72,11575.00,C
09-MAY-2026,M850555,41544.00,0.00,41544.00,3462.00,C
09-MAY-2026,M86503,51597.55,0.00,51597.55,16149.00,C
09-MAY-2026,MHMT2415,33588.00,0.00,33588.00,2799.00,C
09-MAY-2026,MHMT2517,33588.00,0.00,33588.00,2799.00,C
09-MAY-2026,MJMJA1023,202410.00,0.00,202410.00,16867.50,C
09-MAY-2026,MVD8041,77434.00,0.00,77434.00,6173.00,C
09-MAY-2026,N108635,1691365.73,0.00,1691365.73,211968.00,C
09-MAY-2026,N164299,336642.00,0.00,336642.00,28053.50,C
09-MAY-2026,N180504,300480.00,0.00,300480.00,25040.00,C
09-MAY-2026,N206658,201528.00,0.00,201528.00,16794.00,C
09-MAY-2026,N285396,68700.00,0.00,68700.00,5725.00,C
09-MAY-2026,N30073,838740.88,0.00,838740.88,68598.00,C
09-MAY-2026,N311306,71622.00,0.00,71622.00,5968.50,C
09-MAY-2026,N333162,0.00,0.00,0.00,1000.00,C
09-MAY-2026,N372289,172417.72,0.00,172417.72,14156.50,C
09-MAY-2026,N411401,1236600.00,0.00,1236600.00,103050.00,C
09-MAY-2026,N462319,352459.83,0.00,352459.83,28495.00,C
09-MAY-2026,N51257,1084075.93,0.00,1084075.93,86422.00,C
09-MAY-2026,N528223,214866.00,0.00,214866.00,17905.50,C
09-MAY-2026,N56845,34350.00,0.00,34350.00,2862.50,C
09-MAY-2026,N60120,99895.72,0.00,99895.72,8113.00,C
09-MAY-2026,N61683922,15723727.05,0.00,15723727.05,1410178.00,C
09-MAY-2026,N62677775,66498.00,0.00,66498.00,5541.50,C
09-MAY-2026,NARH1035,33588.00,0.00,33588.00,2799.00,C
09-MAY-2026,NATAA1091,71622.00,0.00,71622.00,5968.50,C
09-MAY-2026,NAZI1273,77434.00,0.00,77434.00,6173.00,C
09-MAY-2026,P104500,332352.00,0.00,332352.00,27696.00,C
09-MAY-2026,P105074,41004.00,0.00,41004.00,3417.00,C
09-MAY-2026,P118194,232301.99,0.00,232301.99,18519.00,C
09-MAY-2026,P120638,0.00,0.00,0.00,400.00,C
09-MAY-2026,P155003,66498.00,0.00,66498.00,5541.50,C
09-MAY-2026,P184965,174852.00,0.00,174852.00,16731.00,C
09-MAY-2026,P189597,34350.00,0.00,34350.00,2862.50,C
09-MAY-2026,P255292,33588.00,0.00,33588.00,2799.00,C
09-MAY-2026,P296418,72522.00,0.00,72522.00,6043.50,C
09-MAY-2026,P309645,82008.00,0.00,82008.00,6834.00,C
09-MAY-2026,P509462,2020973.93,0.00,2020973.93,164217.00,C
09-MAY-2026,P51181284,1548679.91,0.00,1548679.91,123460.00,C
09-MAY-2026,P51593233,33588.00,0.00,33588.00,2799.00,C
09-MAY-2026,P51633260,166176.00,0.00,166176.00,13848.00,C
09-MAY-2026,P52170454,150240.00,0.00,150240.00,12520.00,C
09-MAY-2026,P53274333,3338688.00,0.00,3338688.00,327432.00,C
09-MAY-2026,P55336079,154867.99,0.00,154867.99,12346.00,C
09-MAY-2026,P563704,72522.00,0.00,72522.00,6043.50,C
09-MAY-2026,P56424262,97696.13,0.00,97696.13,8036.00,C
09-MAY-2026,P56660795,141768.00,0.00,141768.00,11814.00,C
09-MAY-2026,P57324637,134352.00,0.00,134352.00,11196.00,C
09-MAY-2026,P63201175,41544.00,0.00,41544.00,3462.00,C
09-MAY-2026,P69310,0.00,0.00,0.00,1550.00,C
09-MAY-2026,P694478,291037.99,0.00,291037.99,23693.50,C
09-MAY-2026,P729909,134940.00,0.00,134940.00,14745.00,C
09-MAY-2026,P740004,33588.00,0.00,33588.00,2799.00,C
09-MAY-2026,P7694,368148.00,0.00,368148.00,30679.00,C
09-MAY-2026,P77290,77434.00,0.00,77434.00,6173.00,C
09-MAY-2026,P826667,313462.13,0.00,313462.13,26016.50,C
09-MAY-2026,P84025,41004.00,0.00,41004.00,3417.00,C
09-MAY-2026,PENT1597,225360.00,0.00,225360.00,18780.00,C
09-MAY-2026,PIYJ1006,0.00,0.00,0.00,46800.00,C
09-MAY-2026,PNPJ1001,66498.00,0.00,66498.00,5541.50,C
09-MAY-2026,PPSU12427,362610.00,0.00,362610.00,30217.50,C
09-MAY-2026,PRJR2300,34350.00,0.00,34350.00,2862.50,C
09-MAY-2026,PSTN1070,652650.00,0.00,652650.00,56750.00,C
09-MAY-2026,PSTN1071,412200.00,0.00,412200.00,58850.00,C
09-MAY-2026,PTLK1583,232301.99,0.00,232301.99,18519.00,C
09-MAY-2026,PTM4313,411120.00,0.00,411120.00,34260.00,C
09-MAY-2026,PUNT1165,139992.00,0.00,139992.00,11666.00,C
09-MAY-2026,R103747,51840.00,0.00,51840.00,6480.00,C
09-MAY-2026,R1108647,71622.00,0.00,71622.00,5968.50,C
09-MAY-2026,R118470,269466.00,0.00,269466.00,22455.50,C
09-MAY-2026,R158947,600960.00,0.00,600960.00,50080.00,C
09-MAY-2026,R160987,99895.72,0.00,99895.72,8113.00,C
09-MAY-2026,R163288,145044.00,0.00,145044.00,12087.00,C
09-MAY-2026,R166317,143244.00,0.00,143244.00,11937.00,C
09-MAY-2026,R2029,99895.72,0.00,99895.72,8113.00,C
09-MAY-2026,R222361,167940.00,0.00,167940.00,13995.00,C
09-MAY-2026,R226809,0.00,0.00,0.00,12100.00,C
09-MAY-2026,R249581,225076.00,0.00,225076.00,18476.50,C
09-MAY-2026,R258606,810268.51,0.00,810268.51,67101.00,C
09-MAY-2026,R366361,247644.00,0.00,247644.00,25137.00,C
09-MAY-2026,R42730,471510.00,0.00,471510.00,39292.50,C
09-MAY-2026,R42813,882594.00,0.00,882594.00,107241.72,C
09-MAY-2026,R43413,217566.00,0.00,217566.00,38080.50,C
09-MAY-2026,R440733,0.00,0.00,0.00,2400.00,C
09-MAY-2026,R461121,71622.00,0.00,71622.00,5968.50,C
09-MAY-2026,R52711592,83088.00,0.00,83088.00,6924.00,C
09-MAY-2026,R543288,108708.00,0.00,108708.00,9059.00,C
09-MAY-2026,R54460642,72522.00,0.00,72522.00,6043.50,C
09-MAY-2026,R55475075,427770.00,0.00,427770.00,35647.50,C
09-MAY-2026,R57741015,143244.00,0.00,143244.00,11937.00,C
09-MAY-2026,R577980,171517.72,0.00,171517.72,14081.50,C
09-MAY-2026,R58002394,202410.00,0.00,202410.00,16867.50,C
09-MAY-2026,R59445761,33588.00,0.00,33588.00,2799.00,C
09-MAY-2026,R59922385,41004.00,0.00,41004.00,3417.00,C
09-MAY-2026,R60059083,133968.00,0.00,133968.00,46014.00,C
09-MAY-2026,R60180603,145044.00,0.00,145044.00,12087.00,C
09-MAY-2026,R60251082,435852.00,0.00,435852.00,63148.59,C
09-MAY-2026,R62784376,581616.00,0.00,581616.00,88968.00,C
09-MAY-2026,R71302,504116.12,0.00,504116.12,73274.50,C
09-MAY-2026,R744019,66498.00,0.00,66498.00,5541.50,C
09-MAY-2026,R776166,150240.00,0.00,150240.00,12520.00,C
09-MAY-2026,R845789,71622.00,0.00,71622.00,5968.50,C
09-MAY-2026,R854122,499478.59,0.00,499478.59,40565.00,C
09-MAY-2026,R864953,1227474.00,0.00,1227474.00,102289.50,C
09-MAY-2026,R906672,41544.00,0.00,41544.00,3462.00,C
09-MAY-2026,R930737,33588.00,0.00,33588.00,2799.00,C
09-MAY-2026,R980257,77434.00,0.00,77434.00,6173.00,C
09-MAY-2026,RAUM1252,41544.00,0.00,41544.00,3462.00,C
09-MAY-2026,RAUN1086,492879.82,0.00,492879.82,40334.00,C
09-MAY-2026,RAUN1100,195392.25,0.00,195392.25,16072.00,C
09-MAY-2026,RAUN1127,97696.13,0.00,97696.13,8036.00,C
09-MAY-2026,RAUN1161,195392.25,0.00,195392.25,16072.00,C
09-MAY-2026,RAUN1208,299687.15,0.00,299687.15,24339.00,C
09-MAY-2026,RAUN1221,195392.25,0.00,195392.25,16072.00,C
09-MAY-2026,RBRS7652,145044.00,0.00,145044.00,12087.00,C
09-MAY-2026,RBRS7672,290088.00,0.00,290088.00,35424.00,C
09-MAY-2026,REUO1007,34350.00,0.00,34350.00,2862.50,C
09-MAY-2026,RHGM1017,71622.00,0.00,71622.00,5968.50,C
09-MAY-2026,RJIL1077,67470.00,0.00,67470.00,5622.50,C
09-MAY-2026,RNRW1003,124632.00,0.00,124632.00,10386.00,C
09-MAY-2026,RRWY1115,67470.00,0.00,67470.00,5622.50,C
09-MAY-2026,RTRH1001,622080.00,0.00,622080.00,64198.52,C
09-MAY-2026,RVAW1080,72522.00,0.00,72522.00,6043.50,C
09-MAY-2026,S1174715,71622.00,0.00,71622.00,5968.50,C
09-MAY-2026,S1251317,78864.00,0.00,78864.00,9858.00,C
09-MAY-2026,S1305670,33588.00,0.00,33588.00,2799.00,C
09-MAY-2026,S133577,265992.00,0.00,265992.00,22166.00,C
09-MAY-2026,S1367492,792342.00,0.00,792342.00,66028.50,C
09-MAY-2026,S1369917,1083455.76,0.00,1083455.76,88704.00,C
09-MAY-2026,S1377829,272340.00,0.00,272340.00,22695.00,C
09-MAY-2026,S137925,67470.00,0.00,67470.00,5622.50,C
09-MAY-2026,S146924,625968.00,0.00,625968.00,52164.00,C
09-MAY-2026,S1486447,633150.00,0.00,633150.00,52762.50,C
09-MAY-2026,S1516326,33588.00,0.00,33588.00,2799.00,C
09-MAY-2026,S152206,75120.00,0.00,75120.00,11860.00,C
09-MAY-2026,S1608728,214866.00,0.00,214866.00,17905.50,C
09-MAY-2026,S162183,72522.00,0.00,72522.00,6043.50,C
09-MAY-2026,S1640633,72522.00,0.00,72522.00,6043.50,C
09-MAY-2026,S164217,100764.00,0.00,100764.00,8397.00,C
09-MAY-2026,S165646,149056.00,0.00,149056.00,12141.50,C
09-MAY-2026,S1839864,72522.00,0.00,72522.00,6043.50,C
09-MAY-2026,S1921,976961.27,0.00,976961.27,80360.00,C
09-MAY-2026,S195443,731478.00,0.00,731478.00,60956.50,C
09-MAY-2026,S1973497,269880.00,0.00,269880.00,22490.00,C
09-MAY-2026,S1997771,268704.00,0.00,268704.00,23842.00,C
09-MAY-2026,S207940,471276.00,0.00,471276.00,39273.00,C
09-MAY-2026,S2080915,269106.00,0.00,269106.00,28203.50,C
09-MAY-2026,S2108956,83088.00,0.00,83088.00,6924.00,C
09-MAY-2026,S250357,244444.00,0.00,244444.00,21170.50,C
09-MAY-2026,S252165,449887.72,0.00,449887.72,38429.00,C
09-MAY-2026,S252483,34350.00,0.00,34350.00,2862.50,C
09-MAY-2026,S274584,33588.00,0.00,33588.00,2799.00,C
09-MAY-2026,S308764,143244.00,0.00,143244.00,11937.00,C
09-MAY-2026,S324323,285180.00,0.00,285180.00,23765.00,C
09-MAY-2026,S378495,0.00,0.00,0.00,66600.00,C
09-MAY-2026,S440792,1109268.00,0.00,1109268.00,92439.00,C
09-MAY-2026,S493499,150240.00,0.00,150240.00,12520.00,C
09-MAY-2026,S496862,77434.00,0.00,77434.00,6173.00,C
09-MAY-2026,S51690985,289807.99,0.00,289807.99,25941.00,C
09-MAY-2026,S51867820,215766.00,0.00,215766.00,17980.50,C
09-MAY-2026,S52655733,832920.00,0.00,832920.00,69410.00,C
09-MAY-2026,S53251638,68700.00,0.00,68700.00,5725.00,C
09-MAY-2026,S53920210,604584.00,0.00,604584.00,50382.00,C
09-MAY-2026,S57679511,134352.00,0.00,134352.00,11196.00,C
09-MAY-2026,S59048458,17746.50,0.00,17746.50,5661.50,C
09-MAY-2026,S59326518,68700.00,0.00,68700.00,5725.00,C
09-MAY-2026,S59564319,436644.00,0.00,436644.00,36387.00,C
09-MAY-2026,S59650969,507654.00,0.00,507654.00,42304.50,C
09-MAY-2026,S59834626,0.00,0.00,0.00,5300.00,C
09-MAY-2026,S60021814,144144.00,0.00,144144.00,12012.00,C
09-MAY-2026,S60049882,72522.00,0.00,72522.00,6043.50,C
09-MAY-2026,S60177772,0.00,0.00,0.00,13900.00,C
09-MAY-2026,S61086316,75120.00,0.00,75120.00,6260.00,C
09-MAY-2026,S61269853,427694.24,0.00,427694.24,34591.00,C
09-MAY-2026,S61851691,71622.00,0.00,71622.00,5968.50,C
09-MAY-2026,S62722790,395240.00,0.00,395240.00,37318.00,C
09-MAY-2026,S62743038,600960.00,0.00,600960.00,136480.00,C
09-MAY-2026,S62977536,287388.00,0.00,287388.00,23949.00,C
09-MAY-2026,S63087254,41004.00,0.00,41004.00,3417.00,C
09-MAY-2026,S63214001,97696.13,0.00,97696.13,8036.00,C
09-MAY-2026,S63369575,33588.00,0.00,33588.00,2799.00,C
09-MAY-2026,S784310,132996.00,0.00,132996.00,11083.00,C
09-MAY-2026,S912468,303923.99,0.00,303923.99,24487.50,C
09-MAY-2026,S965088,33588.00,0.00,33588.00,2799.00,C
09-MAY-2026,SAMS007,524601.98,0.00,524601.98,42597.50,C
09-MAY-2026,SHCI1035,34350.00,0.00,34350.00,4712.50,C
09-MAY-2026,SIPY1037,41544.00,0.00,41544.00,5412.00,C
09-MAY-2026,SIVO1134,134940.00,0.00,134940.00,16295.00,C
09-MAY-2026,SMAWA3831,71622.00,0.00,71622.00,5968.50,C
09-MAY-2026,SPAH1039,77434.00,0.00,77434.00,6173.00,C
09-MAY-2026,SPAW1017,71622.00,0.00,71622.00,5968.50,C
09-MAY-2026,SPSB1014,164016.00,0.00,164016.00,13668.00,C
09-MAY-2026,SPSB1015,928944.00,0.00,928944.00,77412.00,C
09-MAY-2026,STKHA1015,82008.00,0.00,82008.00,6834.00,C
09-MAY-2026,SUEC1007,1349400.00,0.00,1349400.00,112450.00,C
09-MAY-2026,SUIO1039,33588.00,0.00,33588.00,2799.00,C
09-MAY-2026,T13763,512353.56,0.00,512353.56,42167.50,C
09-MAY-2026,T146446,72522.00,0.00,72522.00,6043.50,C
09-MAY-2026,T19528,26288.00,0.00,26288.00,3286.00,C
09-MAY-2026,T21023,164016.00,0.00,164016.00,13668.00,C
09-MAY-2026,T43301,124632.00,0.00,124632.00,10386.00,C
09-MAY-2026,T60528076,171750.00,0.00,171750.00,14312.50,C
09-MAY-2026,TTHM1263,71622.00,0.00,71622.00,5968.50,C
09-MAY-2026,U12549,71622.00,0.00,71622.00,5968.50,C
09-MAY-2026,V102932,132996.00,0.00,132996.00,11083.00,C
09-MAY-2026,V150664,184016.00,0.00,184016.00,23002.00,C
09-MAY-2026,V204224,235116.00,0.00,235116.00,19593.00,C
09-MAY-2026,V226954,600960.00,0.00,600960.00,109030.00,C
09-MAY-2026,V345313,453236.00,0.00,453236.00,38865.00,C
09-MAY-2026,V51350296,300342.00,0.00,300342.00,25028.50,C
09-MAY-2026,V52044,33588.00,0.00,33588.00,2799.00,C
09-MAY-2026,V52122061,176940.00,0.00,176940.00,16978.33,C
09-MAY-2026,V523615,360810.00,0.00,360810.00,55717.50,C
09-MAY-2026,V552669,26288.00,0.00,26288.00,3286.00,C
09-MAY-2026,V55394697,71622.00,0.00,71622.00,5968.50,C
09-MAY-2026,V589735,34464.00,0.00,34464.00,11164.00,C
09-MAY-2026,V60449,298111.99,0.00,298111.99,24283.00,C
09-MAY-2026,V60672326,97696.13,0.00,97696.13,8036.00,C
09-MAY-2026,V60827519,77434.00,0.00,77434.00,6173.00,C
09-MAY-2026,V61942113,507166.00,0.00,507166.00,41984.00,C
09-MAY-2026,V62943771,287388.00,0.00,287388.00,23949.00,C
09-MAY-2026,V63255219,221578.00,0.00,221578.00,18185.00,C
09-MAY-2026,V64563,359010.00,0.00,359010.00,29917.50,C
09-MAY-2026,V77489,870264.00,0.00,870264.00,72522.00,C
09-MAY-2026,VAUD1651,287028.00,0.00,287028.00,23919.00,C
09-MAY-2026,VIBY1056,1189037.71,0.00,1189037.71,98595.00,C
09-MAY-2026,VIBY1088,207720.00,0.00,207720.00,17310.00,C
09-MAY-2026,VIGJ8670,68700.00,0.00,68700.00,9975.00,C
09-MAY-2026,VINT131,0.00,0.00,0.00,49500.00,C
09-MAY-2026,VINT136,67176.00,0.00,67176.00,10498.00,C
09-MAY-2026,VIRO1223,67938.00,0.00,67938.00,5661.50,C
09-MAY-2026,Y54572763,232301.99,0.00,232301.99,18519.00,C
09-MAY-2026,Y54947840,670209.53,0.00,670209.53,65520.00,C
