09-MAY-2026,01283,0,0,0,0,0,0,0,0,0,0,2,0,0,0,0,20260509-0,20000000,20000000,20000000,0,0,20260509-0
09-MAY-2026,704023,3055534.82,0,3055534.82,241832,0,0,0,0,0,0,1,0,0,3055534.82,241832,20260509-0,5468881.1,5468881.1,5468881.1,3297366.82,0,20260509-0
09-MAY-2026,704043,0,0,0,0,0,0,0,0,0,0,1,0,0,0,0,20260509-0,1016037.8,1016037.8,1016037.8,0,0,20260509-0
09-MAY-2026,7045009,206069.13,0,206069.13,16226,0,0,0,0,0,0,1,0,0,206069.13,16226,20260509-0,363453.08,363453.08,363453.08,222295.13,0,20260509-0
09-MAY-2026,999V0017,41544,0,41544,3462,0,0,0,0,0,0,1,0,0,41544,3462,20260509-0,51656,51656,51656,45006,0,20260509-0
09-MAY-2026,999V0019,404232,0,404232,33686,0,0,0,0,0,0,1,0,0,404232,33686,20260509-0,867284.55,867284.55,867284.55,437918,0,20260509-0
09-MAY-2026,999V0033,539760,0,539760,44980,0,0,0,0,0,0,1,0,0,539760,44980,20260509-0,1248779.85,1248779.85,1248779.85,584740,0,20260509-0
09-MAY-2026,999V0034,737502,0,737502,61458.5,0,0,0,0,0,0,1,0,0,737502,61458.5,20260509-0,955627.37,955627.37,955627.37,798960.5,0,20260509-0
09-MAY-2026,999V0059,1011462,0,1011462,84288.5,0,0,0,0,0,0,1,0,0,1011462,84288.5,20260509-0,2059798.66,2059798.66,2059798.66,1095750.5,0,20260509-0
09-MAY-2026,999V0061,337350,0,337350,28112.5,0,0,0,0,0,0,1,0,0,337350,28112.5,20260509-0,697313.83,697313.83,697313.83,365462.5,0,20260509-0
09-MAY-2026,999V0065,370938,0,370938,30911.5,0,0,0,0,0,0,1,0,0,370938,30911.5,20260509-0,809357.74,809357.74,809357.74,401849.5,0,20260509-0
09-MAY-2026,999V0071,202410,0,202410,16867.5,0,0,0,0,0,0,1,0,0,202410,16867.5,20260509-0,519093.66,519093.66,519093.66,219277.5,0,20260509-0
09-MAY-2026,999V0078,235704,0,235704,19642,0,0,0,0,0,0,1,0,0,235704,19642,20260509-0,557894.99,557894.99,557894.99,255346,0,20260509-0
09-MAY-2026,999V0083,337350,0,337350,28112.5,0,0,0,0,0,0,1,0,0,337350,28112.5,20260509-0,686101.83,686101.83,686101.83,365462.5,0,20260509-0
09-MAY-2026,999V3736,103034.57,0,103034.57,8113,0,0,0,0,0,0,1,0,0,103034.57,8113,20260509-0,120719.43,120719.43,120719.43,111147.57,0,20260509-0
09-MAY-2026,999V5004,134940,0,134940,11245,0,0,0,0,0,0,1,0,0,134940,11245,20260509-0,324010.07,324010.07,324010.07,146185,0,20260509-0
09-MAY-2026,999V5007,84312,0,84312,7026,0,0,0,0,0,0,1,0,0,84312,7026,20260509-0,109395.89,109395.89,109395.89,91338,0,20260509-0
09-MAY-2026,A073,2044810.38,0,2044810.38,161721,0,0,0,0,0,0,1,0,0,2044810.38,161721,20260509-0,3964629.89,3964629.89,3964629.89,2206531.38,0,20260509-0
09-MAY-2026,B9990113,124632,0,124632,10386,0,0,0,0,0,0,1,0,0,124632,10386,20260509-0,315840.27,315840.27,315840.27,135018,0,20260509-0
09-MAY-2026,B9990249,16638595.95,0,16638595.95,1301614,0,0,0,0,0,0,1,0,0,16638595.95,1301614,20260509-0,24208437.27,24208437.27,24208437.27,17940209.95,0,20260509-0
09-MAY-2026,B9990343,201531.67,0,201531.67,16072,0,0,0,0,0,0,1,0,0,201531.67,16072,20260509-0,323346.82,323346.82,323346.82,217603.67,0,20260509-0
09-MAY-2026,B9990450,154987.07,0,154987.07,12433,0,0,0,0,0,0,1,0,0,154987.07,12433,20260509-0,223684.6,223684.6,223684.6,167420.07,0,20260509-0
09-MAY-2026,B9990455,17798692.8,0,17798692.8,1472128,0,0,0,0,0,0,1,0,0,17798692.8,1472128,20260509-0,23106921.72,23106921.72,23106921.72,19270820.8,0,20260509-0
09-MAY-2026,B9990504,388428,0,388428,99769.5,0,0,5778,0,0,0,1,0,0,388428,99769.5,20260509-0,563160.87,563160.87,563160.87,488197.5,0,20260509-0
09-MAY-2026,B9990593,3336780,0,3336780,278065,0,0,0,0,0,0,1,0,0,3336780,278065,20260509-0,4877682.95,4877682.95,4877682.95,3614845,0,20260509-0
09-MAY-2026,B9990594,600960,0,600960,50080,0,0,0,0,0,0,1,0,0,600960,50080,20260509-0,713306.47,713306.47,713306.47,651040,0,20260509-0
09-MAY-2026,B999A5013,269880,0,269880,22490,0,0,0,0,0,0,1,0,0,269880,22490,20260509-0,629103.11,629103.11,629103.11,292370,0,20260509-0
09-MAY-2026,B999A5020,134940,0,134940,11245,0,0,0,0,0,0,1,0,0,134940,11245,20260509-0,344847.13,344847.13,344847.13,146185,0,20260509-0
09-MAY-2026,B999A5088,222377.95,0,222377.95,30865,0,0,0,0,0,0,1,0,0,222377.95,30865,20260509-0,605857.06,605857.06,605857.06,253242.95,0,20260509-0
09-MAY-2026,B999A5097,0,0,0,0,0,0,0,0,0,0,1,0,0,0,0,20260509-0,646.76,646.76,646.76,0,0,20260509-0
09-MAY-2026,B999A5141,146229,0,146229,38159,0,0,0,0,0,0,1,0,0,146229,38159,20260509-0,276292.35,276292.35,276292.35,184388,0,20260509-0
09-MAY-2026,B999A5155,205020,0,205020,17085,0,0,0,0,0,0,1,0,0,205020,17085,20260509-0,360235.21,360235.21,360235.21,222105,0,20260509-0
09-MAY-2026,B999A5167,203640,0,203640,16970,0,0,0,0,0,0,1,0,0,203640,16970,20260509-0,281596.88,281596.88,281596.88,220610,0,20260509-0
09-MAY-2026,D005,67470,0,67470,5622.5,0,0,0,0,0,0,1,0,0,67470,5622.5,20260509-0,82126.41,82126.41,82126.41,73092.5,0,20260509-0
09-MAY-2026,JKW0217,21244290,0,21244290,1770357.5,0,0,0,0,0,0,1,0,0,21244290,1770357.5,20260509-0,26385158.66,26385158.66,26385158.66,23014647.5,0,20260509-0
09-MAY-2026,K001,6776938,0,6776938,734521.5,0,0,0,0,0,0,1,0,0,6776938,734521.5,20260509-0,9321027.97,9321027.97,9321027.97,7511459.5,0,20260509-0
09-MAY-2026,K003,60638,0,60638,6148.5,0,0,0,0,0,0,1,0,0,60638,6148.5,20260509-0,232063.49,232063.49,232063.49,66786.5,0,20260509-0
09-MAY-2026,MK015,25037399.35,0,25037399.35,1971459,0,0,0,0,0,0,1,0,0,25037399.35,1971459,20260509-0,41961975.08,41961975.08,41961975.08,27008858.35,0,20260509-0
09-MAY-2026,MU1042,3948154.14,0,3948154.14,347733,0,0,0,0,0,0,1,0,0,3948154.14,347733,20260509-0,5360152.16,5360152.16,5360152.16,4295887.14,0,20260509-0
09-MAY-2026,MU1050,2465748,0,2465748,205479,0,0,0,0,0,0,1,0,0,2465748,205479,20260509-0,3424102.95,3424102.95,3424102.95,2671227,0,20260509-0
09-MAY-2026,MU1204,144578.57,0,144578.57,11575,0,0,0,0,0,0,1,0,0,144578.57,11575,20260509-0,765479.05,765479.05,765479.05,156153.57,0,20260509-0
09-MAY-2026,MU208,24625261.09,0,24625261.09,1939007,0,0,0,0,0,0,1,0,0,24625261.09,1939007,20260509-0,40955273.37,40955273.37,40955273.37,26564268.09,0,20260509-0
09-MAY-2026,MU426,604595.17,0,604595.17,48216,0,0,0,0,0,0,1,0,0,604595.17,48216,20260509-0,1972415.75,1972415.75,1972415.75,652811.17,0,20260509-0
09-MAY-2026,MU470,7212419.57,0,7212419.57,567910,0,0,0,0,0,0,1,0,0,7212419.57,567910,20260509-0,14235699.62,14235699.62,14235699.62,7780329.57,0,20260509-0
09-MAY-2026,MU817,6000306.01,0,6000306.01,662317,0,0,0,0,0,0,1,0,0,6000306.01,662317,20260509-0,11536667.77,11536667.77,11536667.77,6662623.01,0,20260509-0
09-MAY-2026,P051,132996,0,132996,11083,0,0,0,0,0,0,1,0,0,132996,11083,20260509-0,546202.39,546202.39,546202.39,144079,0,20260509-0
09-MAY-2026,SVN004,2042541.67,0,2042541.67,161644,0,0,0,0,0,0,1,0,0,2042541.67,161644,20260509-0,4635659.96,4635659.96,4635659.96,2204185.67,0,20260509-0
