09-MAY-2026,00844,0,0,0,0,0,0,0,0,0,0,2,0,0,0,0,20260509-0,20000000,25000000,25000000,0,0,20260509-0
09-MAY-2026,18R505,753698.14,0,753698.14,61843,0,0,0,0,0,0,1,0,0,753698.14,61843,20260509-0,790668.4,790668.4,790668.4,815541.14,24872.74,20260509-0
09-MAY-2026,3550,79867.07,0,79867.07,6173,0,0,0,0,0,0,1,0,0,79867.07,6173,20260509-0,112306.47,112306.47,112306.47,86040.07,0,20260509-0
09-MAY-2026,43061,13996637.72,0,13996637.72,1161153,0,0,0,0,0,0,1,0,0,13996637.72,1161153,20260509-0,13735832.24,13735832.24,13735832.24,15157790.72,1421958.48,20260509-0
09-MAY-2026,43367,300480,0,300480,25040,0,0,0,0,0,0,1,0,0,300480,25040,20260509-0,336319.94,336319.94,336319.94,325520,0,20260509-0
09-MAY-2026,BKNS6274,901440,0,901440,75120,0,0,0,0,0,0,1,0,0,901440,75120,20260509-0,995304,995304,995304,976560,0,20260509-0
09-MAY-2026,BKNS8547,472290,0,472290,39357.5,0,0,0,0,0,0,1,0,0,472290,39357.5,20260509-0,626139,626139,626139,511647.5,0,20260509-0
09-MAY-2026,BPM2487,0,0,0,0,0,0,0,0,0,0,1,0,0,0,0,20260509-0,88.55,88.55,88.55,0,0,20260509-0
09-MAY-2026,BTDE6049,1010688,0,1010688,84224,0,0,0,0,0,0,1,0,0,1010688,84224,20260509-0,1154601.75,1154601.75,1154601.75,1094912,0,20260509-0
09-MAY-2026,BTDE8439,33588,0,33588,2799,0,0,0,0,0,0,1,0,0,33588,2799,20260509-0,88361.88,88361.88,88361.88,36387,0,20260509-0
09-MAY-2026,BTDE9831,880722,0,880722,78687,0,0,0,0,0,0,1,0,0,880722,78687,20260509-0,1008253.95,1008253.95,1008253.95,959409,0,20260509-0
09-MAY-2026,BTDE9895,873288,0,873288,72774,0,0,0,0,0,0,1,0,0,873288,72774,20260509-0,1041118,1041118,1041118,946062,0,20260509-0
09-MAY-2026,BWS9382,72522,0,72522,6043.5,0,0,0,0,0,0,1,0,0,72522,6043.5,20260509-0,87199.5,87199.5,87199.5,78565.5,0,20260509-0
09-MAY-2026,DTHS20464,1038271.88,0,1038271.88,80249,0,0,0,0,0,0,1,0,0,1038271.88,80249,20260509-0,1694520.99,1694520.99,1694520.99,1118520.88,0,20260509-0
09-MAY-2026,DTHS51359,415440,0,415440,34620,0,0,0,0,0,0,1,0,0,415440,34620,20260509-0,457600,457600,457600,450060,0,20260509-0
09-MAY-2026,DTHS7283,0,0,0,0,0,0,0,0,0,0,1,0,0,0,0,20260509-0,83956.39,83956.39,83956.39,0,0,20260509-0
09-MAY-2026,DTNI4927,34350,0,34350,2862.5,0,0,0,0,0,0,1,0,0,34350,2862.5,20260509-0,56620.51,56620.51,56620.51,37212.5,0,20260509-0
09-MAY-2026,DTNI52843,1126800,0,1126800,93900,0,0,0,0,0,0,1,0,0,1126800,93900,20260509-0,2635577.65,2635577.65,2635577.65,1220700,0,20260509-0
09-MAY-2026,DTNI94550,830880,0,830880,69240,0,0,0,0,0,0,1,0,0,830880,69240,20260509-0,915200,915200,915200,900120,0,20260509-0
09-MAY-2026,DTS09797,335880,0,335880,27990,0,0,0,0,0,0,1,0,0,335880,27990,20260509-0,801135,801135,801135,363870,0,20260509-0
09-MAY-2026,DTSM02990,26288,0,26288,3286,0,0,0,0,0,0,1,0,0,26288,3286,20260509-0,38790.8,38790.8,38790.8,29574,0,20260509-0
09-MAY-2026,GAM002,0,0,0,0,0,0,0,0,0,0,1,0,0,0,0,20260509-0,249804.58,249804.58,249804.58,0,0,20260509-0
09-MAY-2026,GAM056,274800,0,274800,22900,0,0,0,0,0,0,1,0,0,274800,22900,20260509-0,774505.07,774505.07,774505.07,297700,0,20260509-0
09-MAY-2026,GAM099,535914,0,535914,51139.5,0,0,46224,0,0,0,1,0,0,535914,51139.5,20260509-0,727143.82,727143.82,727143.82,587053.5,0,20260509-0
09-MAY-2026,GAPE4928,269880,0,269880,22490,0,0,0,0,0,0,1,0,0,269880,22490,20260509-0,754764.6,754764.6,754764.6,292370,0,20260509-0
09-MAY-2026,GBS0473,0,0,0,0,0,0,0,0,0,0,1,0,0,0,0,20260509-0,1099128.41,1099128.41,1099128.41,0,0,20260509-0
09-MAY-2026,GBS2391,394320,0,394320,49290,0,0,0,0,0,0,1,0,0,394320,49290,20260509-0,1931460.36,1931460.36,1931460.36,443610,0,20260509-0
09-MAY-2026,GBS3501,0,0,0,0,0,0,0,0,0,0,1,0,0,0,0,20260509-0,28852.44,28852.44,28852.44,0,0,20260509-0
09-MAY-2026,GBS5225,0,0,0,0,0,0,0,0,0,0,1,0,0,0,0,20260509-0,380557.17,380557.17,380557.17,0,0,20260509-0
09-MAY-2026,GBS7196,0,0,0,0,0,0,0,0,0,0,1,0,0,0,0,20260509-0,33116.62,33116.62,33116.62,0,0,20260509-0
09-MAY-2026,GBS9987,0,0,0,0,0,0,0,0,0,0,1,0,0,0,0,20260509-0,85286.05,85286.05,85286.05,0,0,20260509-0
09-MAY-2026,GO25491,0,0,0,0,0,0,0,0,0,0,1,0,0,0,0,20260509-0,56485.72,56485.72,56485.72,0,0,20260509-0
09-MAY-2026,GO27861,82008,0,82008,6834,0,0,0,0,0,0,1,0,0,82008,6834,20260509-0,89810,89810,89810,88842,0,20260509-0
09-MAY-2026,GO52716,958404.81,0,958404.81,74076,0,0,0,0,0,0,1,0,0,958404.81,74076,20260509-0,1444168.17,1444168.17,1444168.17,1032480.81,0,20260509-0
09-MAY-2026,GO750620,0,0,0,0,0,0,0,0,0,0,1,0,0,0,0,20260509-0,84081.49,84081.49,84081.49,0,0,20260509-0
09-MAY-2026,GRJ3733,0,0,0,0,0,0,0,0,0,0,1,0,0,0,0,20260509-0,49.88,49.88,49.88,0,0,20260509-0
09-MAY-2026,GRJ5471,605594.57,0,605594.57,52153,0,0,0,0,0,0,1,0,0,605594.57,52153,20260509-0,1034899.43,1034899.43,1034899.43,657747.57,0,20260509-0
09-MAY-2026,GW5318,33588,0,33588,2799,0,0,0,0,0,0,1,0,0,33588,2799,20260509-0,36985,36985,36985,36387,0,20260509-0
09-MAY-2026,HOE33001,180632.93,0,180632.93,14209,0,0,0,0,0,0,1,0,0,180632.93,14209,20260509-0,206183.47,206183.47,206183.47,194841.93,0,20260509-0
09-MAY-2026,HOS1650,1352160,0,1352160,112680,0,0,0,0,0,0,1,0,0,1352160,112680,20260509-0,1602508,1602508,1602508,1464840,0,20260509-0
09-MAY-2026,HOS5572,0,0,0,0,0,0,0,0,0,0,1,0,0,0,0,20260509-0,319519.74,319519.74,319519.74,0,0,20260509-0
09-MAY-2026,HSRE5339,309103.7,0,309103.7,24339,0,0,0,0,0,0,1,0,0,309103.7,24339,20260509-0,547104.02,547104.02,547104.02,333442.7,0,20260509-0
09-MAY-2026,HYDE2747,0,0,0,0,0,0,0,0,0,0,1,0,0,0,0,20260509-0,368656.1,368656.1,368656.1,0,0,20260509-0
09-MAY-2026,INHDP628,100086,0,100086,8340.5,0,0,0,0,0,0,1,0,0,100086,8340.5,20260509-0,222341.52,222341.52,222341.52,108426.5,0,20260509-0
09-MAY-2026,JD1127,67470,0,67470,5622.5,0,0,0,0,0,0,1,0,0,67470,5622.5,20260509-0,178021.28,178021.28,178021.28,73092.5,0,20260509-0
09-MAY-2026,JD1555,0,0,0,0,0,0,0,0,0,0,1,0,0,0,0,20260509-0,90148.02,90148.02,90148.02,0,0,20260509-0
09-MAY-2026,JDP234,0,0,0,0,0,0,0,0,0,0,1,0,0,0,0,20260509-0,39704.25,39704.25,39704.25,0,0,20260509-0
09-MAY-2026,JDQ029,367434,0,367434,30619.5,0,0,0,0,0,0,1,0,0,367434,30619.5,20260509-0,398554,398554,398554,398053.5,0,20260509-0
09-MAY-2026,JDQ030,1416870,0,1416870,118072.5,0,0,0,0,0,0,1,0,0,1416870,118072.5,20260509-0,1630639.37,1630639.37,1630639.37,1534942.5,0,20260509-0
09-MAY-2026,JLDS5898,0,0,0,0,0,0,0,0,0,0,1,0,0,0,0,20260509-0,30172,30172,30172,0,0,20260509-0
09-MAY-2026,K1819,239601.2,0,239601.2,18519,0,0,0,0,0,0,1,0,0,239601.2,18519,20260509-0,485398.74,485398.74,485398.74,258120.2,0,20260509-0
09-MAY-2026,K2440,301020,0,301020,25085,0,0,0,0,0,0,1,0,0,301020,25085,20260509-0,419142.24,419142.24,419142.24,326105,0,20260509-0
09-MAY-2026,K2721,913968,0,913968,76164,0,0,0,0,0,0,1,0,0,913968,76164,20260509-0,4704.25,4704.25,4704.25,990132,985427.75,20260509-0
09-MAY-2026,K2753,1003494,0,1003494,83624.5,0,0,0,0,0,0,1,0,0,1003494,83624.5,20260509-0,289705.82,289705.82,289705.82,1087118.5,797412.68,20260509-0
09-MAY-2026,K5124,0,0,0,0,0,0,0,0,0,0,1,0,0,0,0,20260509-0,2214.06,2214.06,2214.06,0,0,20260509-0
09-MAY-2026,K5203,1983505.86,0,1983505.86,164931,0,0,0,0,0,0,1,0,0,1983505.86,164931,20260509-0,4844632.36,4844632.36,4844632.36,2148436.86,0,20260509-0
09-MAY-2026,KBS287,33588,0,33588,2799,0,0,0,0,0,0,1,0,0,33588,2799,20260509-0,79665.86,79665.86,79665.86,36387,0,20260509-0
09-MAY-2026,KHK596,154459.07,0,154459.07,12389,0,0,0,0,0,0,1,0,0,154459.07,12389,20260509-0,183302.28,183302.28,183302.28,166848.07,0,20260509-0
09-MAY-2026,KJP03,663240,0,663240,55270,0,0,0,0,0,0,1,0,0,663240,55270,20260509-0,779508.53,779508.53,779508.53,718510,0,20260509-0
09-MAY-2026,KJP04,0,0,0,0,0,0,0,0,0,0,1,0,0,0,0,20260509-0,133993.76,133993.76,133993.76,0,0,20260509-0
09-MAY-2026,KK298,302292,0,302292,25191,0,0,0,0,0,0,1,0,0,302292,25191,20260509-0,366954.68,366954.68,366954.68,327483,0,20260509-0
09-MAY-2026,KMJ29,239601.2,0,239601.2,18519,0,0,0,0,0,0,1,0,0,239601.2,18519,20260509-0,99835.02,99835.02,99835.02,258120.2,158285.18,20260509-0
09-MAY-2026,KMJ396,79867.07,0,79867.07,6173,0,0,0,0,0,0,1,0,0,79867.07,6173,20260509-0,109944.23,109944.23,109944.23,86040.07,0,20260509-0
09-MAY-2026,KMJ57,0,0,0,0,0,0,0,0,0,0,1,0,0,0,0,20260509-0,114971.05,114971.05,114971.05,0,0,20260509-0
09-MAY-2026,KMJ756,134940,0,134940,11245,0,0,0,0,0,0,1,0,0,134940,11245,20260509-0,378451.88,378451.88,378451.88,146185,0,20260509-0
09-MAY-2026,KMJ757,699815.34,0,699815.34,55905,0,0,0,0,0,0,1,0,0,699815.34,55905,20260509-0,994621.81,994621.81,994621.81,755720.34,0,20260509-0
09-MAY-2026,KN646,72522,0,72522,6043.5,0,0,0,0,0,0,1,0,0,72522,6043.5,20260509-0,87199.5,87199.5,87199.5,78565.5,0,20260509-0
09-MAY-2026,KRH466,79867.07,0,79867.07,6173,0,0,0,0,0,0,1,0,0,79867.07,6173,20260509-0,112968.07,112968.07,112968.07,86040.07,0,20260509-0
09-MAY-2026,KSB3019,150240,0,150240,12520,0,0,0,0,0,0,1,0,0,150240,12520,20260509-0,242816.86,242816.86,242816.86,162760,0,20260509-0
09-MAY-2026,KSB6031,1352160,0,1352160,112680,0,0,0,0,0,0,1,0,0,1352160,112680,20260509-0,2422572.65,2422572.65,2422572.65,1464840,0,20260509-0
09-MAY-2026,KSB9705,976560,0,976560,81380,0,0,0,0,0,0,1,0,0,976560,81380,20260509-0,1835760.62,1835760.62,1835760.62,1057940,0,20260509-0
09-MAY-2026,KTE0235,1589922.33,0,1589922.33,128773,0,0,0,0,0,0,1,0,0,1589922.33,128773,20260509-0,1996881.73,1996881.73,1996881.73,1718695.33,0,20260509-0
09-MAY-2026,KTE0598,172704,0,172704,14392,0,0,17334,0,0,0,1,0,0,172704,14392,20260509-0,196595.86,196595.86,196595.86,187096,0,20260509-0
09-MAY-2026,KTE0802,986054.14,0,986054.14,81206,0,0,0,0,0,0,1,0,0,986054.14,81206,20260509-0,1290651.05,1290651.05,1290651.05,1067260.14,0,20260509-0
09-MAY-2026,KTE2285,239601.2,0,239601.2,18519,0,0,0,0,0,0,1,0,0,239601.2,18519,20260509-0,264088.18,264088.18,264088.18,258120.2,0,20260509-0
09-MAY-2026,KTE2290,290808,0,290808,24234,0,0,0,0,0,0,1,0,0,290808,24234,20260509-0,1777.31,1777.31,1777.31,315042,313264.69,20260509-0
09-MAY-2026,KTE2611,230107.07,0,230107.07,18693,0,0,0,0,0,0,1,0,0,230107.07,18693,20260509-0,247098,247098,247098,248800.07,1702.07,20260509-0
09-MAY-2026,KTE3433,79867.07,0,79867.07,6173,0,0,0,0,0,0,1,0,0,79867.07,6173,20260509-0,118728.5,118728.5,118728.5,86040.07,0,20260509-0
09-MAY-2026,KTE4237,0,0,0,0,0,0,0,0,0,0,1,0,0,0,0,20260509-0,17350.38,17350.38,17350.38,0,0,20260509-0
09-MAY-2026,KTE5390,774935.34,0,774935.34,62165,0,0,0,0,0,0,1,0,0,774935.34,62165,20260509-0,976607.17,976607.17,976607.17,837100.34,0,20260509-0
09-MAY-2026,KTE6612,0,0,0,0,0,0,0,0,0,0,1,0,0,0,0,20260509-0,52.27,52.27,52.27,0,0,20260509-0
09-MAY-2026,KTE7280,0,0,0,0,0,0,0,0,0,0,1,0,0,0,0,20260509-0,1091364.9,1091364.9,1091364.9,0,0,20260509-0
09-MAY-2026,KTE7607,0,0,0,0,0,0,0,0,0,0,1,0,0,0,0,20260509-0,1581525.04,1581525.04,1581525.04,0,0,20260509-0
09-MAY-2026,KTE8698,230107.07,0,230107.07,18693,0,0,0,0,0,0,1,0,0,230107.07,18693,20260509-0,431819.62,431819.62,431819.62,248800.07,0,20260509-0
09-MAY-2026,KTE8889,795903.61,0,795903.61,61982,0,0,0,0,0,0,1,0,0,795903.61,61982,20260509-0,1016712.59,1016712.59,1016712.59,857885.61,0,20260509-0
09-MAY-2026,KTE9491,1051680,0,1051680,87640,0,0,0,0,0,0,1,0,0,1051680,87640,20260509-0,1455684.21,1455684.21,1455684.21,1139320,0,20260509-0
09-MAY-2026,KTE9802,217416,0,217416,18118,0,0,0,0,0,0,1,0,0,217416,18118,20260509-0,344561.19,344561.19,344561.19,235534,0,20260509-0
09-MAY-2026,NG10191,983688,0,983688,81974,0,0,51498,0,0,0,1,0,0,983688,81974,20260509-0,1287756.73,1287756.73,1287756.73,1065662,0,20260509-0
09-MAY-2026,NG10239,41004,0,41004,3417,0,0,0,0,0,0,1,0,0,41004,3417,20260509-0,45115.4,45115.4,45115.4,44421,0,20260509-0
09-MAY-2026,NGAE3357,319410,0,319410,26617.5,0,0,0,0,0,0,1,0,0,319410,26617.5,20260509-0,437301.81,437301.81,437301.81,346027.5,0,20260509-0
09-MAY-2026,NGE8549,248184,0,248184,20682,0,0,0,0,0,0,1,0,0,248184,20682,20260509-0,594668.14,594668.14,594668.14,268866,0,20260509-0
09-MAY-2026,NGE9165,162955.07,0,162955.07,13097,0,0,0,0,0,0,1,0,0,162955.07,13097,20260509-0,192080.07,192080.07,192080.07,176052.07,0,20260509-0
09-MAY-2026,NKS125,66498,0,66498,5541.5,0,0,0,0,0,0,1,0,0,66498,5541.5,20260509-0,150519.25,150519.25,150519.25,72039.5,0,20260509-0
09-MAY-2026,NSE1726,170226,0,170226,14185.5,0,0,0,0,0,0,1,0,0,170226,14185.5,20260509-0,186758.5,186758.5,186758.5,184411.5,0,20260509-0
09-MAY-2026,PTR143,944286,0,944286,78690.5,0,0,0,0,0,0,1,0,0,944286,78690.5,20260509-0,1237703.13,1237703.13,1237703.13,1022976.5,0,20260509-0
09-MAY-2026,PTR183,742170,0,742170,61847.5,0,0,0,0,0,0,1,0,0,742170,61847.5,20260509-0,979933.96,979933.96,979933.96,804017.5,0,20260509-0
09-MAY-2026,PTR1834,404820,0,404820,33735,0,0,0,0,0,0,1,0,0,404820,33735,20260509-0,482317.95,482317.95,482317.95,438555,0,20260509-0
09-MAY-2026,PTR1835,742170,0,742170,61847.5,0,0,0,0,0,0,1,0,0,742170,61847.5,20260509-0,985254.45,985254.45,985254.45,804017.5,0,20260509-0
09-MAY-2026,PTR1836,674700,0,674700,56225,0,0,0,0,0,0,1,0,0,674700,56225,20260509-0,896414.11,896414.11,896414.11,730925,0,20260509-0
09-MAY-2026,PUSS5289,79867.07,0,79867.07,6173,0,0,0,0,0,0,1,0,0,79867.07,6173,20260509-0,107286.65,107286.65,107286.65,86040.07,0,20260509-0
09-MAY-2026,RT1046,590292.83,0,590292.83,46825,0,0,0,0,0,0,1,0,0,590292.83,46825,20260509-0,809049.88,809049.88,809049.88,637117.83,0,20260509-0
09-MAY-2026,RT1455,249264,0,249264,20772,0,0,0,0,0,0,1,0,0,249264,20772,20260509-0,340375.65,340375.65,340375.65,270036,0,20260509-0
09-MAY-2026,RT2238,67176,0,67176,5598,0,0,0,0,0,0,1,0,0,67176,5598,20260509-0,73970,73970,73970,72774,0,20260509-0
09-MAY-2026,RT2302,118338,0,118338,12021.5,0,0,0,0,0,0,1,0,0,118338,12021.5,20260509-0,165806.34,165806.34,165806.34,130359.5,0,20260509-0
09-MAY-2026,RT2462,0,0,0,0,0,0,0,0,0,0,1,0,0,0,0,20260509-0,26544.28,26544.28,26544.28,0,0,20260509-0
09-MAY-2026,RTE6435,139092,0,139092,11591,0,0,0,0,0,0,1,0,0,139092,11591,20260509-0,239560.12,239560.12,239560.12,150683,0,20260509-0
09-MAY-2026,RTE8918,288873.64,0,288873.64,23117,0,0,0,0,0,0,1,0,0,288873.64,23117,20260509-0,544612.34,544612.34,544612.34,311990.64,0,20260509-0
09-MAY-2026,RTE9677,1619680.22,0,1619680.22,129768,0,0,0,0,0,0,1,0,0,1619680.22,129768,20260509-0,2496237.16,2496237.16,2496237.16,1749448.22,0,20260509-0
09-MAY-2026,RTS0515,33588,0,33588,2799,0,0,0,0,0,0,1,0,0,33588,2799,20260509-0,40043,40043,40043,36387,0,20260509-0
09-MAY-2026,RTV1001,328032,0,328032,27336,0,0,0,0,0,0,1,0,0,328032,27336,20260509-0,477511.01,477511.01,477511.01,355368,0,20260509-0
09-MAY-2026,RTV1014,1416026.57,0,1416026.57,117529,0,0,0,0,0,0,1,0,0,1416026.57,117529,20260509-0,1642643.03,1642643.03,1642643.03,1533555.57,0,20260509-0
09-MAY-2026,YNS0901,1380642.41,0,1380642.41,112158,0,0,0,0,0,0,1,0,0,1380642.41,112158,20260509-0,2417643.65,2417643.65,2417643.65,1492800.41,0,20260509-0
09-MAY-2026,YNS7583,103034.57,0,103034.57,8113,0,0,0,0,0,0,1,0,0,103034.57,8113,20260509-0,226395.51,226395.51,226395.51,111147.57,0,20260509-0
