09-MAY-2026,00021,281365698.59,-4839750,276525948.59,23745363.5,0,0,554688,0,0,0,0,0
09-MAY-2026,00048,97696.13,0,97696.13,8036,0,0,0,0,0,0,0,0
09-MAY-2026,00184,0,0,0,0,0,0,0,0,0,0,0,0
09-MAY-2026,00203,0,0,0,0,0,0,0,0,0,0,0,0
09-MAY-2026,00320,0,0,0,0,0,0,0,0,0,0,0,0
09-MAY-2026,00487,0,0,0,0,0,0,0,0,0,0,0,0
09-MAY-2026,00636,0,0,0,0,0,0,0,0,0,0,0,0
09-MAY-2026,00655,0,0,0,0,0,0,0,0,0,0,0,0
09-MAY-2026,00657,0,0,0,0,0,0,0,0,0,0,0,0
09-MAY-2026,00743,0,0,0,0,0,0,0,0,0,0,0,0
09-MAY-2026,00784,0,0,0,0,0,0,0,0,0,0,0,0
09-MAY-2026,00834,0,0,0,0,0,0,0,0,0,0,0,0
09-MAY-2026,00888,0,0,0,0,0,0,0,0,0,0,0,0
09-MAY-2026,00922,0,0,0,0,0,0,0,0,0,0,0,0
09-MAY-2026,00967,8369027.26,0,8369027.26,768980.5,0,0,0,0,0,0,0,0
09-MAY-2026,01059,5109288.13,0,5109288.13,456338,0,0,0,0,0,0,0,0
09-MAY-2026,01089,1585125,0,1585125,131675,0,0,0,0,0,0,0,0
09-MAY-2026,01278,0,0,0,0,0,0,0,0,0,0,0,0
09-MAY-2026,01303,45034703.54,800,45035503.54,4145320,0,0,0,0,0,0,0,0
09-MAY-2026,01311,0,0,0,0,0,0,0,0,0,0,0,0
09-MAY-2026,NCDXCHI01,0,0,0,0,0,0,0,0,0,0,0,0
09-MAY-2026,NCDXJAI01,0,0,0,0,0,0,0,0,0,0,0,0
